"../../../Engine/Content/Functions/Engine_MaterialFunctions01/Opacity/CameraDepthFade.uasset" 0
"../../../Engine/Content/EngineMaterials/T_Default_Material_Grid_M.uasset" 1
"../../../Engine/Content/EngineMaterials/T_Default_Material_Grid_N.uasset" 2
"../../../Engine/Content/EngineMaterials/WorldGridMaterial.uasset" 3
"../../../Engine/Content/ArtTools/RenderToTexture/Meshes/S_1_Unit_Plane.uasset" 4
"../../../Engine/Content/EngineMaterials/DefaultMaterial.uasset" 5
"../../../Engine/Content/BasicShapes/Cone.uasset" 6
"../../../Engine/Content/BasicShapes/Cylinder.uasset" 7
"../../../Engine/Content/BasicShapes/Plane.uasset" 8
"../../../Engine/Content/EngineMaterials/DefaultPhysicalMaterial.uasset" 9
"../../../Engine/Content/BufferVisualization/AmbientOcclusion.uasset" 10
"../../../Engine/Content/BufferVisualization/BaseColor.uasset" 11
"../../../Engine/Content/BufferVisualization/CustomDepth.uasset" 12
"../../../Engine/Content/Functions/Engine_MaterialFunctions02/Utility/VectorLength.uasset" 13
"../../../Engine/Content/BufferVisualization/CustomDepthWorldUnits.uasset" 14
"../../../Engine/Content/Functions/Engine_MaterialFunctions02/Utility/BreakOutFloat2Components.uasset" 15
"../../../Engine/Content/Functions/Engine_MaterialFunctions01/Texturing/ScaleUVsByCenter.uasset" 16
"../../../Engine/Content/Functions/Engine_MaterialFunctions02/ScreenResolution.uasset" 17
"../../../Engine/Content/Functions/Engine_MaterialFunctions02/Texturing/ScreenAlignedUVs.uasset" 18
"../../../Engine/Content/Functions/Engine_MaterialFunctions02/Utility/MakeFloat2.uasset" 19
"../../../Engine/Content/Functions/Engine_MaterialFunctions02/Utility/MakeFloat3.uasset" 20
"../../../Engine/Content/EngineMaterials/MiniFont.uasset" 21
"../../../Engine/Content/BufferVisualization/CustomStencil.uasset" 22
"../../../Engine/Content/BufferVisualization/FinalImage.uasset" 23
"../../../Engine/Content/BufferVisualization/LightingModel.uasset" 24
"../../../Engine/Content/BufferVisualization/MaterialAO.uasset" 25
"../../../Engine/Content/BufferVisualization/Metallic.uasset" 26
"../../../Engine/Content/BufferVisualization/Opacity.uasset" 27
"../../../Engine/Content/BufferVisualization/PostTonemapHDRColor.uasset" 28
"../../../Engine/Content/BufferVisualization/PreTonemapHDRColor.uasset" 29
"../../../Engine/Content/BufferVisualization/Roughness.uasset" 30
"../../../Engine/Content/BufferVisualization/SceneColor.uasset" 31
"../../../Engine/Content/BufferVisualization/SceneDepth.uasset" 32
"../../../Engine/Content/BufferVisualization/SceneDepthWorldUnits.uasset" 33
"../../../Engine/Content/BufferVisualization/SeparateTranslucencyA.uasset" 34
"../../../Engine/Content/BufferVisualization/SeparateTranslucencyRGB.uasset" 35
"../../../Engine/Content/BufferVisualization/Specular.uasset" 36
"../../../Engine/Content/BufferVisualization/SubsurfaceColor.uasset" 37
"../../../Engine/Content/BufferVisualization/WorldNormal.uasset" 38
"../../../Engine/Content/EditorLandscapeResources/DataLayer.uasset" 39
"../../../Engine/Content/EditorLandscapeResources/DefaultAlphaTexture.uasset" 40
"../../../Engine/Content/EditorLandscapeResources/LandscapeGizmoHeight_Mat.uasset" 41
"../../../Engine/Content/EditorLandscapeResources/LandscapeGizmo_Mat.uasset" 42
"../../../Engine/Content/EditorLandscapeResources/LandscapeGizmo_Mat_Copied.uasset" 43
"../../../Engine/Content/EditorLandscapeResources/SplineEditorMeshMat.uasset" 44
"../../../Engine/Content/EditorLandscapeResources/SplineEditorMesh.uasset" 45
"../../../Engine/Content/EditorMaterials/Cross.uasset" 46
"../../../Engine/Content/EditorMaterials/Cross_Mat.uasset" 47
"../../../Engine/Content/EditorMaterials/GizmoMaterial.uasset" 48
"../../../Engine/Content/Functions/Engine_MaterialFunctions02/Utility/Sign.uasset" 49
"../../../Engine/Content/Functions/Engine_MaterialFunctions02/Utility/Round.uasset" 50
"../../../Engine/Content/Functions/Engine_MaterialFunctions02/ExampleContent/Textures/flipbook.uasset" 51
"../../../Engine/Content/Functions/Engine_MaterialFunctions02/Texturing/FlipBook.uasset" 52
"../../../Engine/Content/EditorResources/T_EditorHelp.uasset" 53
"../../../Engine/Content/EditorMaterials/HelpActorMaterial.uasset" 54
"../../../Engine/Content/EditorMaterials/CompositeARGBLayer.uasset" 55
"../../../Engine/Content/EditorMaterials/TilingAALineIntegral.uasset" 56
"../../../Engine/Content/EditorMaterials/TilingAALineBoxFiltered.uasset" 57
"../../../Engine/Content/Functions/Engine_MaterialFunctions03/Procedurals/ComputeFilterWidth.uasset" 58
"../../../Engine/Content/EditorMaterials/TilingAADots.uasset" 59
"../../../Engine/Content/EditorMaterials/Cascade/CASC_Cross.uasset" 60
"../../../Engine/Content/EditorMaterials/Cascade/CASC_None.uasset" 61
"../../../Engine/Content/Functions/Engine_MaterialFunctions03/Blends/Blend_Screen.uasset" 62
"../../../Engine/Content/EditorMaterials/TilingAAGrid.uasset" 63
"../../../Engine/Content/EditorMaterials/LevelGridMaterial.uasset" 64
"../../../Engine/Content/EditorMaterials/MakeCompositeARGBLayer.uasset" 65
"../../../Engine/Content/EditorResources/LevelGrid1DStripes.uasset" 66
"../../../Engine/Content/EditorMaterials/TextureGridCascaded1D.uasset" 67
"../../../Engine/Content/EditorMaterials/TextureGridCascaded2D.uasset" 68
"../../../Engine/Content/EditorMaterials/LevelGridMaterial2.uasset" 69
"../../../Engine/Content/EditorMaterials/MAT_Groups_Toggle.uasset" 70
"../../../Engine/Content/EditorMaterials/MAT_Groups_Visibility.uasset" 71
"../../../Engine/Content/EditorMaterials/PhAT_BoneSelectedMaterial.uasset" 72
"../../../Engine/Content/EditorMaterials/PhAT_ElemSelectedMaterial.uasset" 73
"../../../Engine/Content/EditorMaterials/PhAT_NoCollisionMaterial.uasset" 74
"../../../Engine/Content/EditorMaterials/PhAT_UnselectedMaterial.uasset" 75
"../../../Engine/Content/EditorMaterials/PreviewShadowIndicator.uasset" 76
"../../../Engine/Content/EditorMaterials/PreviewShadowIndicatorMaterial.uasset" 77
"../../../Engine/Content/EditorMaterials/TargetIcon.uasset" 78
"../../../Engine/Content/EditorMaterials/Tick.uasset" 79
"../../../Engine/Content/EditorMaterials/Tick_Mat.uasset" 80
"../../../Engine/Content/EditorMaterials/WidgetGridVertexColorMaterial.uasset" 81
"../../../Engine/Content/EditorMaterials/WidgetGridVertexColorMaterial_Ma.uasset" 82
"../../../Engine/Content/EditorMaterials/WidgetMaterial.uasset" 83
"../../../Engine/Content/EditorMaterials/WidgetMaterial_Current.uasset" 84
"../../../Engine/Content/EditorMaterials/WidgetMaterial_X.uasset" 85
"../../../Engine/Content/EditorMaterials/WidgetMaterial_Y.uasset" 86
"../../../Engine/Content/EditorMaterials/WidgetMaterial_Z.uasset" 87
"../../../Engine/Content/EditorMaterials/WidgetVertexColorMaterial.uasset" 88
"../../../Engine/Content/EditorMaterials/MatineeGroups/MAT_ColorTrack.uasset" 89
"../../../Engine/Content/EditorMaterials/MatineeGroups/MAT_Groups_Anim.uasset" 90
"../../../Engine/Content/EditorMaterials/MatineeGroups/MAT_Groups_AudioMaster.uasset" 91
"../../../Engine/Content/EditorMaterials/MatineeGroups/MAT_Groups_Director.uasset" 92
"../../../Engine/Content/EditorMaterials/MatineeGroups/MAT_Groups_Event.uasset" 93
"../../../Engine/Content/EditorMaterials/MatineeGroups/MAT_Groups_Fade.uasset" 94
"../../../Engine/Content/EditorMaterials/MatineeGroups/MAT_Groups_Float.uasset" 95
"../../../Engine/Content/EditorMaterials/MatineeGroups/MAT_Groups_Move.uasset" 96
"../../../Engine/Content/EditorMaterials/MatineeGroups/MAT_Groups_Slomo.uasset" 97
"../../../Engine/Content/EditorMaterials/MatineeGroups/MAT_Groups_Sound.uasset" 98
"../../../Engine/Content/EditorMaterials/MatineeGroups/MAT_Groups_Vector.uasset" 99
"../../../Engine/Content/EditorMaterials/ParticleSystems/PSysThumbnail_NoImage.uasset" 100
"../../../Engine/Content/EditorMaterials/ParticleSystems/PSysThumbnail_OOD.uasset" 101
"../../../Engine/Content/EngineMaterials/Grid.uasset" 102
"../../../Engine/Content/EditorMaterials/Thumbnails/FloorPlaneMaterial.uasset" 103
"../../../Engine/Content/EditorMeshes/EditorCube.uasset" 104
"../../../Engine/Content/EditorMeshes/EditorCylinder.uasset" 105
"../../../Engine/Content/EditorMeshes/EditorPlane.uasset" 106
"../../../Engine/Content/EditorMaterials/Thumbnails/SkySphereMaterial.uasset" 107
"../../../Engine/Content/EditorMeshes/EditorSkySphere.uasset" 108
"../../../Engine/Content/EditorMeshes/EditorSphere.uasset" 109
"../../../Engine/Content/EditorResources/MatineeCam_D.uasset" 110
"../../../Engine/Content/EditorMaterials/MatineeCam_mat.uasset" 111
"../../../Engine/Content/EditorMeshes/MatineeCam_SM.uasset" 112
"../../../Engine/Content/EditorMaterials/Camera/CineMat.uasset" 113
"../../../Engine/Content/EditorMaterials/Camera/MI_CineMat_CameraBody.uasset" 114
"../../../Engine/Content/EngineDebugMaterials/M_SimpleOpaque.uasset" 115
"../../../Engine/Content/EditorMaterials/Camera/MI_CineMat_CamViewFinder.uasset" 116
"../../../Engine/Content/EditorMeshes/Camera/SM_CineCam.uasset" 117
"../../../Engine/Content/EditorMaterials/Camera/MI_CineMat_Rig.uasset" 118
"../../../Engine/Content/EditorMeshes/Camera/SM_CraneRig_Arm.uasset" 119
"../../../Engine/Content/EditorMeshes/Camera/SM_CraneRig_Base.uasset" 120
"../../../Engine/Content/EditorMeshes/Camera/SM_CraneRig_Body.uasset" 121
"../../../Engine/Content/EditorMeshes/Camera/SM_CraneRig_Mount.uasset" 122
"../../../Engine/Content/EditorMeshes/Camera/SM_RailRig_Mount.uasset" 123
"../../../Engine/Content/EditorMeshes/Camera/SM_RailRig_Track.uasset" 124
"../../../Engine/Content/EditorMeshes/ColorCalibrator/M_ChromeBall.uasset" 125
"../../../Engine/Content/EditorMeshes/ColorCalibrator/M_ClearCoat.uasset" 126
"../../../Engine/Content/EditorMeshes/ColorCalibrator/M_ClearCoatBlack.uasset" 127
"../../../Engine/Content/EditorMeshes/ColorCalibrator/Color_checker.uasset" 128
"../../../Engine/Content/EditorMeshes/ColorCalibrator/M_ColorGrid.uasset" 129
"../../../Engine/Content/EditorMeshes/ColorCalibrator/M_GreyBall.uasset" 130
"../../../Engine/Content/EditorMeshes/ColorCalibrator/SM_ColorCalibrator.uasset" 131
"../../../Engine/Content/EditorResources/Bad.uasset" 132
"../../../Engine/Content/EditorResources/BSPVertex.uasset" 133
"../../../Engine/Content/EditorResources/MatInstActSprite.uasset" 134
"../../../Engine/Content/EditorResources/SceneManager.uasset" 135
"../../../Engine/Content/EditorResources/SmallFont.uasset" 136
"../../../Engine/Content/EditorResources/S_Actor.uasset" 137
"../../../Engine/Content/EditorResources/S_DecalActorIcon.uasset" 138
"../../../Engine/Content/EditorResources/S_Emitter.uasset" 139
"../../../Engine/Content/EditorResources/S_ExpoHeightFog.uasset" 140
"../../../Engine/Content/EditorResources/S_FTest.uasset" 141
"../../../Engine/Content/EditorResources/S_KBSJoint.uasset" 142
"../../../Engine/Content/EditorResources/S_KHinge.uasset" 143
"../../../Engine/Content/EditorResources/S_KPrismatic.uasset" 144
"../../../Engine/Content/EditorResources/S_LevelSequence.uasset" 145
"../../../Engine/Content/EditorResources/S_NavP.uasset" 146
"../../../Engine/Content/EditorResources/S_Note.uasset" 147
"../../../Engine/Content/EditorResources/S_Player.uasset" 148
"../../../Engine/Content/EditorResources/S_PortalActorIcon2.uasset" 149
"../../../Engine/Content/EditorResources/S_RadForce.uasset" 150
"../../../Engine/Content/EditorResources/S_ReflActorIcon.uasset" 151
"../../../Engine/Content/EditorResources/S_Terrain.uasset" 152
"../../../Engine/Content/EditorResources/S_TextRenderActorIcon.uasset" 153
"../../../Engine/Content/EditorResources/S_Thruster.uasset" 154
"../../../Engine/Content/EditorResources/S_Trigger.uasset" 155
"../../../Engine/Content/EditorResources/S_VectorFieldVol.uasset" 156
"../../../Engine/Content/EditorResources/S_WindDirectional.uasset" 157
"../../../Engine/Content/EditorResources/AI/S_NavLink.uasset" 158
"../../../Engine/Content/EditorResources/LightIcons/SkyLight.uasset" 159
"../../../Engine/Content/EditorResources/LightIcons/S_LightDirectional.uasset" 160
"../../../Engine/Content/EditorResources/LightIcons/S_LightDirectionalMove.uasset" 161
"../../../Engine/Content/EditorResources/LightIcons/S_LightError.uasset" 162
"../../../Engine/Content/EditorResources/LightIcons/S_LightPoint.uasset" 163
"../../../Engine/Content/EditorResources/LightIcons/S_LightPointMove.uasset" 164
"../../../Engine/Content/EditorResources/LightIcons/S_LightSpot.uasset" 165
"../../../Engine/Content/EditorResources/LightIcons/S_LightSpotMove.uasset" 166
"../../../Engine/Content/EditorResources/SequenceRecorder/Countdown.uasset" 167
"../../../Engine/Content/EditorResources/SequenceRecorder/RecordingIndicator.uasset" 168
"../../../Engine/Content/EditorResources/Spline/T_Loft_Spline.uasset" 169
"../../../Engine/Content/EditorSounds/Notifications/CompileFailed.uasset" 170
"../../../Engine/Content/EditorSounds/Notifications/CompileFailed_Cue.uasset" 171
"../../../Engine/Content/EditorSounds/Notifications/CompileSuccess.uasset" 172
"../../../Engine/Content/EditorSounds/Notifications/CompileStart_Cue.uasset" 173
"../../../Engine/Content/EditorSounds/Notifications/CompileSuccess_Cue.uasset" 174
"../../../Engine/Content/EngineDamageTypes/DmgTypeBP_Environmental.uasset" 175
"../../../Engine/Content/EngineDebugMaterials/HeatmapGradient.uasset" 176
"../../../Engine/Content/EngineDebugMaterials/BoneWeightMaterial.uasset" 177
"../../../Engine/Content/EngineDebugMaterials/ClothMaterial.uasset" 178
"../../../Engine/Content/EngineDebugMaterials/ClothMaterial_WF.uasset" 179
"../../../Engine/Content/EngineDebugMaterials/DebugEditorMaterial.uasset" 180
"../../../Engine/Content/EngineDebugMaterials/DebugMeshMaterial.uasset" 181
"../../../Engine/Content/EngineDebugMaterials/GeomMaterial.uasset" 182
"../../../Engine/Content/Functions/Engine_MaterialFunctions01/Shading/ConvertFromDiffSpec.uasset" 183
"../../../Engine/Content/EngineDebugMaterials/LevelColorationLitMaterial.uasset" 184
"../../../Engine/Content/EngineDebugMaterials/LevelColorationUnlitMaterial.uasset" 185
"../../../Engine/Content/EngineMaterials/DefaultWhiteGrid.uasset" 186
"../../../Engine/Content/EngineDebugMaterials/MAT_LevelColorationLitLightmapUV.uasset" 187
"../../../Engine/Content/EngineDebugMaterials/M_SimpleTranslucent.uasset" 188
"../../../Engine/Content/EngineDebugMaterials/ShadedLevelColorationLitMaterial.uasset" 189
"../../../Engine/Content/EngineDebugMaterials/ShadedLevelColorationUnlitMateri.uasset" 190
"../../../Engine/Content/EngineDebugMaterials/VertexColorMaterial.uasset" 191
"../../../Engine/Content/EngineDebugMaterials/VertexColorViewMode_AlphaAsColor.uasset" 192
"../../../Engine/Content/EngineDebugMaterials/VertexColorViewMode_BlueOnly.uasset" 193
"../../../Engine/Content/EngineDebugMaterials/VertexColorViewMode_ColorOnly.uasset" 194
"../../../Engine/Content/EngineDebugMaterials/VertexColorViewMode_GreenOnly.uasset" 195
"../../../Engine/Content/EngineDebugMaterials/VertexColorViewMode_RedOnly.uasset" 196
"../../../Engine/Content/EngineDebugMaterials/WireframeMaterial.uasset" 197
"../../../Engine/Content/EngineFonts/Faces/RobotoBold.uasset" 198
"../../../Engine/Content/EngineFonts/Faces/RobotoBoldItalic.uasset" 199
"../../../Engine/Content/EngineFonts/Faces/RobotoItalic.uasset" 200
"../../../Engine/Content/EngineFonts/Faces/RobotoLight.uasset" 201
"../../../Engine/Content/EngineFonts/Faces/RobotoRegular.uasset" 202
"../../../Engine/Content/EngineFonts/Roboto.uasset" 203
"../../../Engine/Content/EngineFonts/Faces/RobotoTiny.uasset" 204
"../../../Engine/Content/EngineFonts/RobotoTiny.uasset" 205
"../../../Engine/Content/EngineFonts/SmallFont.uasset" 206
"../../../Engine/Content/EngineFonts/TinyFont.uasset" 207
"../../../Engine/Content/EngineResources/WhiteSquareTexture.uasset" 208
"../../../Engine/Content/EngineMaterials/BlinkingCaret.uasset" 209
"../../../Engine/Content/EngineMaterials/DefaultBloomKernel.uasset" 210
"../../../Engine/Content/EngineMaterials/DefaultBokeh.uasset" 211
"../../../Engine/Content/EngineMaterials/DefaultDiffuse.uasset" 212
"../../../Engine/Content/EngineMaterials/DefaultDeferredDecalMaterial.uasset" 213
"../../../Engine/Content/EngineMaterials/DefaultLightFunctionMaterial.uasset" 214
"../../../Engine/Content/EngineMaterials/DefaultNormal.uasset" 215
"../../../Engine/Content/EngineMaterials/DefaultPostProcessMaterial.uasset" 216
"../../../Engine/Content/EngineFonts/RobotoDistanceField.uasset" 217
"../../../Engine/Content/EngineMaterials/DefaultTextMaterialOpaque.uasset" 218
"../../../Engine/Content/EngineMaterials/EditorBrushMaterial.uasset" 219
"../../../Engine/Content/EngineMaterials/Good64x64TilingNoiseHighFreq.uasset" 220
"../../../Engine/Content/EngineMaterials/Grid_N.uasset" 221
"../../../Engine/Content/EngineMaterials/HighResolutionScreenshotMaskFunction.uasset" 222
"../../../Engine/Content/EngineMaterials/HighResScreenshot.uasset" 223
"../../../Engine/Content/EngineMaterials/HighResScreenshotCaptureRegion.uasset" 224
"../../../Engine/Content/EngineMaterials/HighResScreenshotMask.uasset" 225
"../../../Engine/Content/EngineMaterials/LandscapeHolePhysicalMaterial.uasset" 226
"../../../Engine/Content/EngineMaterials/InvalidLightmapSettings.uasset" 227
"../../../Engine/Content/EngineMaterials/M_InvalidLightmapSettings.uasset" 228
"../../../Engine/Content/EngineMaterials/PaperDiffuse.uasset" 229
"../../../Engine/Content/EngineMaterials/PaperNormal.uasset" 230
"../../../Engine/Content/Functions/Engine_MaterialFunctions02/WorldPositionOffset/CameraOffset.uasset" 231
"../../../Engine/Content/EngineMaterials/PhAT_JointLimitMaterial.uasset" 232
"../../../Engine/Content/EngineMaterials/PhysMat_Rubber.uasset" 233
"../../../Engine/Content/EngineMaterials/PreintegratedSkinBRDF.uasset" 234
"../../../Engine/Content/EngineMaterials/RemoveSurfaceMaterial.uasset" 235
"../../../Engine/Content/EngineMaterials/WeightMapPlaceholderTexture.uasset" 236
"../../../Engine/Content/EngineMaterials/Widget3DPassThrough.uasset" 237
"../../../Engine/Content/EngineMaterials/Widget3DPassThrough_Masked.uasset" 238
"../../../Engine/Content/EngineMaterials/Widget3DPassThrough_Opaque.uasset" 239
"../../../Engine/Content/EngineMaterials/Widget3DPassThrough_Masked_OneSided.uasset" 240
"../../../Engine/Content/EngineMaterials/Widget3DPassThrough_Opaque_OneSided.uasset" 241
"../../../Engine/Content/EngineMaterials/Widget3DPassThrough_Translucent.uasset" 242
"../../../Engine/Content/EngineMaterials/Widget3DPassThrough_Translucent_OneSided.uasset" 243
"../../../Engine/Content/EngineMeshes/Cube.uasset" 244
"../../../Engine/Content/EngineMeshes/Cylinder.uasset" 245
"../../../Engine/Content/EngineMeshes/Sphere.uasset" 246
"../../../Engine/Content/EngineResources/DefaultTexture.uasset" 247
"../../../Engine/Content/EngineResources/DefaultTextureCube.uasset" 248
"../../../Engine/Content/EngineResources/GradientTexture0.uasset" 249
"../../../Engine/Content/EngineResources/StreamingPauseIcon.uasset" 250
"../../../Engine/Content/EngineResources/M_StreamingPause.uasset" 251
"../../../Engine/Content/EngineSounds/Master.uasset" 252
"../../../Engine/Content/Functions/Engine_MaterialFunctions01/Shading/PowerToRoughness.uasset" 253
"../../../Engine/Content/Maps/Templates/Thumbnails/Default.uasset" 254
"../../../Engine/Content/Maps/Templates/Thumbnails/VR-Basic.uasset" 255
"../../../Engine/Content/MapTemplates/Sky/DaylightAmbientCubemap.uasset" 256
"../../../Engine/Content/MobileResources/T_MobileControls_texture.uasset" 257
"../../../Engine/Content/MobileResources/T_MobileMenu2.uasset" 258
"../../../Engine/Content/MobileResources/HUD/AnalogHat.uasset" 259
"../../../Engine/Content/MobileResources/HUD/VirtualJoystick_Background.uasset" 260
"../../../Engine/Content/MobileResources/HUD/VirtualJoystick_Thumb.uasset" 261
"../../../Engine/Content/MobileResources/HUD/DefaultVirtualJoysticks.uasset" 262
"../../../Engine/Content/MobileResources/HUD/LeftVirtualJoystickOnly.uasset" 263
"../../../Engine/Content/MobileResources/HUD/MobileHUDButton1_off.uasset" 264
"../../../Engine/Content/MobileResources/HUD/MobileHUDButton1_on.uasset" 265
"../../../Engine/Content/MobileResources/HUD/MobileHUDButton2_off.uasset" 266
"../../../Engine/Content/MobileResources/HUD/MobileHUDButton2_on.uasset" 267
"../../../Engine/Content/MobileResources/HUD/MobileHUDButton3.uasset" 268
"../../../Engine/Content/MobileResources/HUD/MobileHUDButtonFire.uasset" 269
"../../../Engine/Content/MobileResources/HUD/MobileHUDDirectionPad.uasset" 270
"../../../Engine/Content/MobileResources/HUD/MobileHUDDirectionPad2.uasset" 271
"../../../Engine/Content/MobileResources/HUD/MobileHUDDirectionPad3.uasset" 272
"../../../Engine/Content/MobileResources/HUD/MobileHUDDirectionStick.uasset" 273
"../../../Engine/Content/MobileResources/HUD/T_Castle_ThumbstickInner.uasset" 274
"../../../Engine/Content/MobileResources/HUD/T_Castle_ThumbstickOutter.uasset" 275
"../../../Engine/Content/Tutorial/ContentIntroCurve.uasset" 276
"../../../Engine/Content/Tutorial/Basics/TutorialAssets/icon_tab_Levels_40x.uasset" 277
"../../../Engine/Content/Tutorial/BlueprintTutorials/TutorialAssets/BlueprintInterface_64x.uasset" 278
"../../../Engine/Content/Tutorial/BlueprintTutorials/TutorialAssets/BlueprintMacroLibrary_64x.uasset" 279
"../../../Engine/Content/Tutorial/BlueprintTutorials/TutorialAssets/Blueprint_64x.uasset" 280
"../../../Engine/Content/Tutorial/BlueprintTutorials/TutorialAssets/Tutorial_BP_Interface.uasset" 281
"../../../Engine/Content/Tutorial/Foliage/TutorialAssets/Foliage.uasset" 282
"../../../Engine/Content/Tutorial/Landscape/TutorialAssets/Landscape.uasset" 283
"../../../Engine/Content/Tutorial/Paper2D/TutorialAssets/Paper2DFlipbook_TutorialIcon.uasset" 284
"../../../Engine/Content/Tutorial/Paper2D/TutorialAssets/Paper2DSprite_TutorialIcon.uasset" 285
"../../../Engine/Content/Tutorial/SubEditors/TutorialAssets/icon_Editor_Preferences_General_40x.uasset" 286
"../../../Engine/Content/Tutorial/SubEditors/TutorialAssets/icon_ShowSkeletalMeshes_40x.uasset" 287
"../../../Engine/Content/Tutorial/SubEditors/TutorialAssets/TutorialMaterial.uasset" 288
"../../../Engine/Content/Tutorial/SubEditors/TutorialAssets/T_SmokeSubUV_8X8.uasset" 289
"../../../Engine/Content/Tutorial/SubEditors/TutorialAssets/T_soft_smoke.uasset" 290
"../../../Engine/Content/Tutorial/SubEditors/TutorialAssets/M_smoke_subUV_blackbody.uasset" 291
"../../../Engine/Content/Tutorial/SubEditors/TutorialAssets/TutorialParticleSystem.uasset" 292
"../../../Engine/Content/VREditor/Devices/Generic/GenericHMDMaterial.uasset" 293
"../../../Engine/Content/VREditor/Devices/Generic/GenericHMD.uasset" 294
"../../../Engine/Content/VREditor/FloatingText/LineMaterial.uasset" 295
"../../../Engine/Content/VREditor/FloatingText/JointSphere.uasset" 296
"../../../Engine/Content/VREditor/FloatingText/LineSegmentCylinder.uasset" 297
"../../../Engine/Content/VREditor/Fonts/VRText_RobotoLarge.uasset" 298
"../../../Engine/Content/VREditor/Fonts/VRTextMaterial.uasset" 299
"../../../Engine/Content/VREditor/Fonts/TranslucentVRTextMaterial.uasset" 300
"../../../Engine/Content/VREditor/LaserPointer/CursorPointer.uasset" 301
"../../../Engine/Content/VREditor/LaserPointer/VR_LaserPower_01.uasset" 302
"../../../Engine/Content/VREditor/TransformGizmo/TransformGizmoMaterial.uasset" 303
"../../../Engine/Content/VREditor/LaserPointer/HoverMaterial.uasset" 304
"../../../Engine/Content/VREditor/TransformGizmo/TranslucentTransformGizmoMaterial.uasset" 305
"../../../Engine/Content/VREditor/LaserPointer/TranslucentHoverMaterial.uasset" 306
"../../../Engine/Content/VREditor/LaserPointer/HoverMesh.uasset" 307
"../../../Engine/Content/VREditor/LaserPointer/LaserPointerMaterial.uasset" 308
"../../../Engine/Content/VREditor/LaserPointer/LaserPointerMaterialInst.uasset" 309
"../../../Engine/Content/VREditor/LaserPointer/TranslucentLaserPointerMaterialInst.uasset" 310
"../../../Engine/Content/VREditor/LaserPointer/LaserPointerMesh.uasset" 311
"../../../Engine/Content/VREditor/LaserPointer/LaserPointerMesh_End.uasset" 312
"../../../Engine/Content/VREditor/LaserPointer/LaserPointerMesh_Start.uasset" 313
"../../../Engine/Content/Functions/Engine_MaterialFunctions02/Utility/BreakOutFloat3Components.uasset" 314
"../../../Engine/Content/Functions/Engine_MaterialFunctions02/Math/Transform3x3Matrix.uasset" 315
"../../../Engine/Content/Functions/Engine_MaterialFunctions02/SplitComponents.uasset" 316
"../../../Engine/Content/VREditor/SnapGrid/SnapGridMaterial.uasset" 317
"../../../Engine/Content/VREditor/SnapGrid/SnapGridPlaneMesh.uasset" 318
"../../../Engine/Content/VREditor/Sounds/VR_teleport.uasset" 319
"../../../Engine/Content/VREditor/Sounds/UI/Click_on_Button_Cue.uasset" 320
"../../../Engine/Content/VREditor/Sounds/UI/Dockable_Window_Close.uasset" 321
"../../../Engine/Content/VREditor/Sounds/UI/Dockable_Window_Drop.uasset" 322
"../../../Engine/Content/VREditor/Sounds/UI/Dockable_Window_Open.uasset" 323
"../../../Engine/Content/VREditor/Sounds/UI/Dockable_Window_Pick_Up.uasset" 324
"../../../Engine/Content/VREditor/Sounds/UI/Drop_Item_From_ContentBrowser.uasset" 325
"../../../Engine/Content/VREditor/Sounds/UI/Floating_UI_Open-001.uasset" 326
"../../../Engine/Content/VREditor/Sounds/UI/Gizmo_Handle_Clicked.uasset" 327
"../../../Engine/Content/VREditor/Sounds/UI/Object_PickUp.uasset" 328
"../../../Engine/Content/VREditor/Sounds/UI/Object_Snaps_To_Another_Actor.uasset" 329
"../../../Engine/Content/VREditor/Sounds/UI/Object_Snaps_To_Grid.uasset" 330
"../../../Engine/Content/VREditor/Sounds/UI/Radial_Menu_FadeOut.uasset" 331
"../../../Engine/Content/VREditor/Sounds/UI/Scaling_Down.uasset" 332
"../../../Engine/Content/VREditor/Sounds/UI/Scaling_Up.uasset" 333
"../../../Engine/Content/VREditor/Sounds/UI/Selection_Changes.uasset" 334
"../../../Engine/Content/VREditor/Sounds/UI/Teleport_Mode_Entered.uasset" 335
"../../../Engine/Content/VREditor/Teleport/TeleportDirectionMaterial.uasset" 336
"../../../Engine/Content/VREditor/Teleport/TeleportDirectionMaterial_Inst.uasset" 337
"../../../Engine/Content/VREditor/Teleport/TeleportDirectionMesh.uasset" 338
"../../../Engine/Content/VREditor/TransformGizmo/BoundingBoxCorner.uasset" 339
"../../../Engine/Content/VREditor/TransformGizmo/BoundingBoxEdge.uasset" 340
"../../../Engine/Content/VREditor/TransformGizmo/PlaneTranslationHandle.uasset" 341
"../../../Engine/Content/VREditor/TransformGizmo/RotationHandleFull.uasset" 342
"../../../Engine/Content/VREditor/TransformGizmo/RotationHandleIndicator.uasset" 343
"../../../Engine/Content/VREditor/TransformGizmo/RotationHandleQuarter.uasset" 344
"../../../Engine/Content/VREditor/TransformGizmo/Main.uasset" 345
"../../../Engine/Content/VREditor/TransformGizmo/Xray.uasset" 346
"../../../Engine/Content/VREditor/TransformGizmo/SM_Dialog_Close.uasset" 347
"../../../Engine/Content/VREditor/TransformGizmo/SM_Dialog_Move.uasset" 348
"../../../Engine/Content/VREditor/TransformGizmo/SM_Sequencer_Key.uasset" 349
"../../../Engine/Content/VREditor/TransformGizmo/SM_Sequencer_Node.uasset" 350
"../../../Engine/Content/VREditor/TransformGizmo/StartRotationHandleIndicator.uasset" 351
"../../../Engine/Content/VREditor/TransformGizmo/TranslucentTransformGizmoMaterial_Inst.uasset" 352
"../../../Engine/Content/VREditor/TransformGizmo/TransformGizmoFreeRotation.uasset" 353
"../../../Engine/Content/VREditor/TransformGizmo/TransformGizmoMaterial_Inst.uasset" 354
"../../../Engine/Content/VREditor/TransformGizmo/TranslateArrowHandle.uasset" 355
"../../../Engine/Content/VREditor/TransformGizmo/UniformScaleHandle.uasset" 356
"../../../Engine/Content/VREditor/UI/KeyDiskMaterial.uasset" 357
"../../../Engine/Content/VREditor/UI/DiscMaterial.uasset" 358
"../../../Engine/Content/VREditor/UI/SM_Radial_Disk.uasset" 359
"../../../Engine/Content/Functions/Engine_MaterialFunctions01/Gradient/RadialGradient.uasset" 360
"../../../Engine/Content/VREditor/WorldMovementGrid/SimpleGrid.uasset" 361
"../../../Engine/Content/VREditor/WorldMovementGrid/GridMaterial.uasset" 362
"../../../Engine/Content/Functions/Engine_MaterialFunctions01/Density/ExponentialDensity.uasset" 363
"../../../Engine/Content/VREditor/WorldMovementGrid/GridPostProcess.uasset" 364
"../../../Engine/Content/EditorLandscapeResources/FlattenHeightMat.uasset" 365
"../../../Engine/Content/VREditor/WorldMovementGrid/PlaneMesh.uasset" 366
"../../../Engine/Plugins/2D/Paper2D/Content/PlaceholderTextures/DummySpriteTexture.uasset" 367
"../../../Engine/Plugins/2D/Paper2D/Content/DummySprite.uasset" 368
"../../../Engine/Plugins/2D/Paper2D/Content/DefaultPaperTerrainMaterial.uasset" 369
"../../../Engine/Plugins/2D/Paper2D/Content/DefaultSpriteMaterial.uasset" 370
"../../../Engine/Plugins/2D/Paper2D/Content/MaskedUnlitSpriteMaterial.uasset" 371
"../../../Engine/Plugins/2D/Paper2D/Content/OpaqueUnlitSpriteMaterial.uasset" 372
"../../../Engine/Plugins/Media/MediaCompositing/Content/DefaultMediaPlaneMaterial.uasset" 373
"../../../Engine/Content/Functions/Engine_MaterialFunctions02/Utility/MakeFloat4.uasset" 374
"../../../Engine/Plugins/Runtime/AppleARKit/Content/ARKitCameraMaterial.uasset" 375
"../../../Engine/Plugins/Runtime/Oculus/OculusVR/Content/Textures/GearVRController_AO.uasset" 376
"../../../Engine/Plugins/Runtime/Oculus/OculusVR/Content/Textures/GearVRController_Color.uasset" 377
"../../../Engine/Plugins/Runtime/Oculus/OculusVR/Content/Textures/GearVRController_Normal.uasset" 378
"../../../Engine/Plugins/Runtime/Oculus/OculusVR/Content/Materials/GearVRControllerMaterial.uasset" 379
"../../../Engine/Plugins/Runtime/Oculus/OculusVR/Content/Meshes/GearVrController.uasset" 380
"../../../Engine/Content/Maps/Entry.umap" 381
"../../../Engine/Content/EditorBlueprintResources/StandardMacros.uasset" 382
"../../../Engine/Content/EditorBlueprintResources/ActorMacros.uasset" 383
"../../../Engine/Content/BasicShapes/BasicShapeMaterial.uasset" 384
"../../../Engine/Content/BasicShapes/Sphere.uasset" 385
"../../../Illuminate/Content/Creations/Ability.uasset" 386
"../../../Illuminate/Content/Creations/Other/SpawnPoint.uasset" 387
"../../../Illuminate/Content/Creations/Other/DamageType_Cold.uasset" 388
"../../../Illuminate/Content/TwinStick/Meshes/BaseMaterial.uasset" 389
"../../../Illuminate/Content/TwinStick/Meshes/OrangeMaterial.uasset" 390
"../../../Illuminate/Content/TwinStick/Meshes/TwinStickProjectile.uasset" 391
"../../../Illuminate/Content/TwinStickBP/Blueprints/TwinStickProjectile.uasset" 392
"../../../Illuminate/Content/Creations/Widgets/DamageNumbers.uasset" 393
"../../../Illuminate/Content/TwinStick/Audio/TwinStickFire.uasset" 394
"../../../Illuminate/Content/TwinStick/Meshes/BlueMaterial.uasset" 395
"../../../Illuminate/Content/TwinStick/Meshes/TwinStickUFO.uasset" 396
"../../../Illuminate/Content/TwinStickBP/Blueprints/TwinStickPawn.uasset" 397
"../../../Illuminate/Content/Creations/Other/testTwinstickPawn.uasset" 398
"../../../Illuminate/Content/Creations/Other/DamageType_Physical.uasset" 399
"../../../Illuminate/Content/Creations/shots/Shot.uasset" 400
"../../../Engine/Content/EngineResources/Black.uasset" 401
"../../../Illuminate/Content/InfinityBladeEffects/Effects/Masters/M_Add_Sprite_Master_DepthFade.uasset" 402
"../../../Illuminate/Content/InfinityBladeEffects/Effects/FX_Textures/Gradient/T_starFlare_02.uasset" 403
"../../../Illuminate/Content/InfinityBladeEffects/Effects/FX_Materials/Gradient/M_Flare_02_INST.uasset" 404
"../../../Illuminate/Content/InfinityBladeEffects/Effects/FX_Textures/Gradient/T_SoftFallOff.uasset" 405
"../../../Illuminate/Content/InfinityBladeEffects/Effects/FX_Materials/Gradient/M_Flare_03_INST.uasset" 406
"../../../Illuminate/Content/InfinityBladeEffects/Effects/Masters/M_Add_Trail_2Sided_Pan_Emis_Master.uasset" 407
"../../../Illuminate/Content/InfinityBladeEffects/Effects/FX_Textures/Gradient/T_ChargeTrail.uasset" 408
"../../../Illuminate/Content/InfinityBladeEffects/Effects/FX_Textures/Gradient/T_ChargeTrail_02.uasset" 409
"../../../Illuminate/Content/InfinityBladeEffects/Effects/FX_Materials/Trails/M_TraceTrail_Base_Add_INST.uasset" 410
"../../../Illuminate/Content/InfinityBladeEffects/Effects/FX_Mobile/combat/P_Charge_Target_Beam_Fire.uasset" 411
"../../../Illuminate/Content/Creations/shots/Shotgun.uasset" 412
"../../../Illuminate/Content/Creations/shots/HeavyShotgun.uasset" 413
"../../../Illuminate/Content/Creations/shots/AutoShotgun.uasset" 414
"../../../Illuminate/Content/Creations/shots/BouncyBall.uasset" 415
"../../../Illuminate/Content/StarterContent/Textures/T_MacroVariation.uasset" 416
"../../../Illuminate/Content/StarterContent/Textures/T_Metal_Aluminum_D.uasset" 417
"../../../Illuminate/Content/StarterContent/Textures/T_Metal_Gold_N.uasset" 418
"../../../Illuminate/Content/Creations/Materials/IceBallTransparency.uasset" 419
"../../../Illuminate/Content/InfinityBladeEffects/Effects/FX_Textures/Gradient/T_starFlare_01.uasset" 420
"../../../Illuminate/Content/InfinityBladeEffects/Effects/FX_Materials/Gradient/M_Flare_01_INST.uasset" 421
"../../../Illuminate/Content/InfinityBladeEffects/Effects/Masters/M_Add_Sprite_Master.uasset" 422
"../../../Illuminate/Content/InfinityBladeEffects/Effects/FX_Textures/Gradient/T_GlowNoise_01.uasset" 423
"../../../Illuminate/Content/InfinityBladeEffects/Effects/FX_Materials/M_Shockwave_03_Add_INST.uasset" 424
"../../../Illuminate/Content/InfinityBladeEffects/Effects/Masters/M_Add_Sprite_SubUV_Master.uasset" 425
"../../../Illuminate/Content/InfinityBladeEffects/Effects/FX_Textures/Spark/T_Sparks_04_SubUV_1_4.uasset" 426
"../../../Illuminate/Content/InfinityBladeEffects/Effects/FX_Materials/Spark/M_Spark_04_SubUV_1_4_INST.uasset" 427
"../../../Illuminate/Content/InfinityBladeEffects/Effects/FX_Monsters/FX_Monster_Elemental/ICE/P_Beam_Impact_Ice.uasset" 428
"../../../Illuminate/Content/Creations/shots/secondaries/IceShard.uasset" 429
"../../../Illuminate/Content/InfinityBladeEffects/Effects/FX_Textures/Noise/T_Tile_Noise_Tendril_01.uasset" 430
"../../../Illuminate/Content/InfinityBladeEffects/Effects/FX_Materials/Mobile/M_Tile_Noise_Tendril_01.uasset" 431
"../../../Engine/Content/EngineMaterials/FlatNormal.uasset" 432
"../../../Illuminate/Content/InfinityBladeEffects/Effects/FX_Textures/Tile/T_Black_32.uasset" 433
"../../../Illuminate/Content/InfinityBladeEffects/Effects/Masters/M_Trans_Sprite_Master_Surface.uasset" 434
"../../../Illuminate/Content/InfinityBladeEffects/Effects/FX_Textures/Damage/T_cracks_01_N.uasset" 435
"../../../Illuminate/Content/InfinityBladeEffects/Effects/FX_Textures/Damage/T_cracksIcey_01.uasset" 436
"../../../Illuminate/Content/InfinityBladeEffects/Effects/FX_Materials/Damage/M_CrackedGround_Ice_01_INST.uasset" 437
"../../../Illuminate/Content/InfinityBladeEffects/Effects/FX_Textures/Gradient/FX_Glow_12alpha.uasset" 438
"../../../Illuminate/Content/InfinityBladeEffects/Effects/FX_Materials/Gradient/M_Flare_09_Inst.uasset" 439
"../../../Illuminate/Content/InfinityBladeEffects/Effects/Masters/M_Trans_Sprite_Master_DepthFade.uasset" 440
"../../../Illuminate/Content/InfinityBladeEffects/Effects/FX_Textures/Liquid/T_bloodTest_4X6.uasset" 441
"../../../Illuminate/Content/InfinityBladeEffects/Effects/FX_Materials/Liquid/M_Liquid_Spray_01_4X6_INST.uasset" 442
"../../../Illuminate/Content/InfinityBladeEffects/Effects/FX_Textures/Gradient/T_BlastWave.uasset" 443
"../../../Illuminate/Content/InfinityBladeEffects/Effects/FX_Materials/M_Shockwave_01_ADD_INST.uasset" 444
"../../../Illuminate/Content/InfinityBladeEffects/Effects/FX_Meshes/Skills/SM_FireBlastMesh.uasset" 445
"../../../Illuminate/Content/InfinityBladeEffects/Effects/FX_Skill_Aura/P_Aura_Ice_Shatter_01.uasset" 446
"../../../Illuminate/Content/StarterContent/Materials/M_Basic_Wall.uasset" 447
"../../../Illuminate/Content/StarterContent/Shapes/Shape_Cone.uasset" 448
"../../../Illuminate/Content/Creations/shots/Icicle.uasset" 449
"../../../Illuminate/Content/InfinityBladeEffects/Effects/FX_Textures/Fire/T_Fire_subUV_6X6.uasset" 450
"../../../Illuminate/Content/InfinityBladeEffects/Effects/FX_Materials/Fire/M_Fire_01_Add_6X6_INST.uasset" 451
"../../../Illuminate/Content/InfinityBladeEffects/Effects/Masters/M_Add_Trail_2Sided_Pan_Master.uasset" 452
"../../../Illuminate/Content/InfinityBladeEffects/Effects/FX_Textures/Fire/T_FireBlastTile.uasset" 453
"../../../Illuminate/Content/InfinityBladeEffects/Effects/FX_Materials/Fire/M_Fire_Sheet_01_INST.uasset" 454
"../../../Illuminate/Content/InfinityBladeEffects/Effects/FX_Textures/Gradient/T_starFlare_03.uasset" 455
"../../../Illuminate/Content/InfinityBladeEffects/Effects/FX_Materials/Gradient/M_Flare_04_INST.uasset" 456
"../../../Illuminate/Content/InfinityBladeEffects/Effects/FX_Textures/Spark/T_Sparks_03_SubUV_1_4.uasset" 457
"../../../Illuminate/Content/InfinityBladeEffects/Effects/FX_Materials/Spark/M_Spark_03_1_4_INST.uasset" 458
"../../../Illuminate/Content/InfinityBladeEffects/Effects/FX_Monsters/FX_Monster_Gruntling/Bomber/P_FireBombExplosion.uasset" 459
"../../../Illuminate/Content/Creations/shots/secondaries/ExplosionPoint.uasset" 460
"../../../Illuminate/Content/InfinityBladeEffects/Effects/FX_Textures/Gradient/T_Vertical_Glow.uasset" 461
"../../../Illuminate/Content/InfinityBladeEffects/Effects/FX_Materials/Gradient/M_Glow_Vertical_Trans_INST.uasset" 462
"../../../Illuminate/Content/InfinityBladeEffects/Effects/Masters/M_Add_Mesh_2Sided_Pan_Emis_Master.uasset" 463
"../../../Illuminate/Content/InfinityBladeEffects/Effects/FX_Textures/Gradient/T_AuraCircle_TileHoriz.uasset" 464
"../../../Illuminate/Content/InfinityBladeEffects/Effects/FX_Materials/Noise/M_AuraCircle_02_INST.uasset" 465
"../../../Illuminate/Content/InfinityBladeEffects/Effects/Masters/M_Add_Sprite_2Sided_Master.uasset" 466
"../../../Illuminate/Content/InfinityBladeEffects/Effects/FX_Textures/Gradient/T_SwipeTrail.uasset" 467
"../../../Illuminate/Content/InfinityBladeEffects/Effects/FX_Materials/Trails/M_Swipe_Mesh_Add_2Sided_01_INST.uasset" 468
"../../../Illuminate/Content/InfinityBladeEffects/Effects/FX_Meshes/Skills/SM_AuraCircle.uasset" 469
"../../../Illuminate/Content/InfinityBladeEffects/Effects/FX_Meshes/Skills/SM_SwipeTrail.uasset" 470
"../../../Illuminate/Content/Creations/shots/ExpAuraIce.uasset" 471
"../../../Illuminate/Content/Creations/shots/secondaries/IceStormMarker.uasset" 472
"../../../Illuminate/Content/Creations/shots/IceStorm.uasset" 473
"../../../Illuminate/Content/InfinityBladeEffects/Effects/FX_Textures/Fire/T_JaggedRockFirey_01_D.uasset" 474
"../../../Illuminate/Content/InfinityBladeEffects/Effects/FX_Textures/Fire/T_JaggedRockFirey_01_N.uasset" 475
"../../../Illuminate/Content/InfinityBladeEffects/Environments/Fire/Env_Fire_Terrain2/Textures/T_Fire_Lava_2.uasset" 476
"../../../Illuminate/Content/Creations/ModelsandTextures/FireballTexture.uasset" 477
"../../../Illuminate/Content/StarterContent/Textures/T_Fire_SubUV.uasset" 478
"../../../Illuminate/Content/StarterContent/Textures/T_Fire_Tiled_D.uasset" 479
"../../../Illuminate/Content/StarterContent/Particles/Materials/M_Fire_SubUV.uasset" 480
"../../../Illuminate/Content/StarterContent/Textures/T_Water_N.uasset" 481
"../../../Illuminate/Content/StarterContent/Particles/Materials/M_Heat_Distortion.uasset" 482
"../../../Illuminate/Content/StarterContent/Particles/Materials/M_Radial_Gradient.uasset" 483
"../../../Illuminate/Content/StarterContent/Textures/T_Smoke_SubUV.uasset" 484
"../../../Illuminate/Content/StarterContent/Textures/T_Smoke_Tiled_D.uasset" 485
"../../../Illuminate/Content/StarterContent/Particles/Materials/M_smoke_subUV.uasset" 486
"../../../Illuminate/Content/StarterContent/Particles/P_Fire.uasset" 487
"../../../Illuminate/Content/Creations/shots/FireBall.uasset" 488
"../../../Illuminate/Content/Creations/shots/secondaries/Meteor_secondary.uasset" 489
"../../../Illuminate/Content/InfinityBladeEffects/Effects/FX_Materials/Mobile/M_AuraCircle.uasset" 490
"../../../Illuminate/Content/InfinityBladeEffects/Effects/FX_Mobile/Fire/combat/P_AuraCircle_Fire_00.uasset" 491
"../../../Illuminate/Content/Creations/shots/secondaries/Meteor_Marker.uasset" 492
"../../../Engine/Content/MaterialTemplates/Textures/T_Noise01.uasset" 493
"../../../Illuminate/Content/Creations/ModelsandTextures/tornadoEffect.uasset" 494
"../../../Illuminate/Content/Creations/ModelsandTextures/tornadoMesh.uasset" 495
"../../../Illuminate/Content/Creations/shots/Tornado.uasset" 496
"../../../Illuminate/Content/InfinityBladeEffects/Effects/FX_Textures/Fire/T_CandleFlame.uasset" 497
"../../../Illuminate/Content/InfinityBladeEffects/Effects/FX_Materials/Fire/M_CandleFlame_01_INST.uasset" 498
"../../../Illuminate/Content/InfinityBladeEffects/Effects/FX_Ambient/Lighting/FX_CandleFlame.uasset" 499
"../../../Illuminate/Content/Creations/shots/secondaries/ChaosMarker.uasset" 500
"../../../Illuminate/Content/Creations/shots/Chaos.uasset" 501
"../../../Illuminate/Content/Creations/shots/Confuser.uasset" 502
"../../../Illuminate/Content/Creations/shots/Confusion.uasset" 503
"../../../Engine/Content/Functions/Engine_MaterialFunctions02/Utility/BlendAngleCorrectedNormals.uasset" 504
"../../../Illuminate/Content/StarterContent/Textures/T_Perlin_Noise_M.uasset" 505
"../../../Illuminate/Content/StarterContent/Textures/T_Water_M.uasset" 506
"../../../Illuminate/Content/StarterContent/Materials/M_Water_Ocean.uasset" 507
"../../../Illuminate/Content/InfinityBladeEffects/Effects/FX_Materials/Glyph/M_IBD_Icon_INST.uasset" 508
"../../../Illuminate/Content/InfinityBladeEffects/Effects/FX_Meshes/Skills/SM_BlastWave.uasset" 509
"../../../Illuminate/Content/InfinityBladeEffects/Effects/FX_Archive/P_AttackPower_Aura.uasset" 510
"../../../Illuminate/Content/Creations/shots/secondaries/Forker_secondary.uasset" 511
"../../../Illuminate/Content/StarterContent/Materials/M_Water_Lake.uasset" 512
"../../../Illuminate/Content/Creations/shots/Forker.uasset" 513
"../../../Illuminate/Content/Creations/shots/DoubleForker.uasset" 514
"../../../Illuminate/Content/Creations/shots/SMG.uasset" 515
"../../../Illuminate/Content/Creations/shots/DualSMG.uasset" 516
"../../../Illuminate/Content/InfinityBladeEffects/Effects/FX_Textures/Gradient/T_BlastHalf.uasset" 517
"../../../Illuminate/Content/InfinityBladeEffects/Effects/FX_Materials/Gradient/M_Flare_Vertical_01_INST.uasset" 518
"../../../Illuminate/Content/InfinityBladeEffects/Effects/Masters/M_Trans_MeshEmit_2Sided_Pan_Mask_Master.uasset" 519
"../../../Illuminate/Content/InfinityBladeEffects/Effects/FX_Materials/Noise/M_Tile_Noise_Tendril_01_In_INST_02.uasset" 520
"../../../Illuminate/Content/InfinityBladeEffects/Effects/FX_Textures/Smoke/T_SmokeBall_01_8_8.uasset" 521
"../../../Illuminate/Content/InfinityBladeEffects/Effects/FX_Materials/Smoke/M_Smoke_01_8X8_INST.uasset" 522
"../../../Illuminate/Content/InfinityBladeEffects/Effects/FX_Meshes/Skills/SM_AuraCircle_04_Twist.uasset" 523
"../../../Illuminate/Content/InfinityBladeEffects/Effects/FX_Meshes/Skills/SM_SwipeCircle_01.uasset" 524
"../../../Illuminate/Content/InfinityBladeEffects/Effects/FX_Meshes/Skills/SM_SwipeTrail_Set_01.uasset" 525
"../../../Illuminate/Content/InfinityBladeEffects/Effects/FX_Skill_Whirlwind/P_Whirlwind_Default_Area_01.uasset" 526
"../../../Illuminate/Content/Creations/shots/secondaries/DustDevil_Secondary.uasset" 527
"../../../Illuminate/Content/Creations/shots/DustDevil.uasset" 528
"../../../Illuminate/Content/Creations/shots/Meshes/Shard.uasset" 529
"../../../Illuminate/Content/Creations/shots/Ensnare.uasset" 530
"../../../Illuminate/Content/Creations/shots/ForkerMadness.uasset" 531
"../../../Illuminate/Content/Creations/shots/Homer.uasset" 532
"../../../Illuminate/Content/Creations/shots/Meteor.uasset" 533
"../../../Illuminate/Content/Creations/shots/MeteorStorm.uasset" 534
"../../../Illuminate/Content/InfinityBladeEffects/Environments/Fire/Env_Fire_Magma/Textures/T_Dungeon_Pipe_Lava_E.uasset" 535
"../../../Illuminate/Content/Creations/ModelsandTextures/perpendicularSecondaryTexture.uasset" 536
"../../../Illuminate/Content/StarterContent/Shapes/Shape_Torus.uasset" 537
"../../../Illuminate/Content/Creations/shots/secondaries/Perpendicular_Secondary.uasset" 538
"../../../Illuminate/Content/Creations/shots/Perpendicular.uasset" 539
"../../../Illuminate/Content/Creations/shots/Parallel.uasset" 540
"../../../Illuminate/Content/Creations/shots/Meshes/ShockWaveMesh.uasset" 541
"../../../Illuminate/Content/Creations/shots/Shockwave.uasset" 542
"../../../Illuminate/Content/InfinityBladeEffects/Effects/FX_Textures/Fire/T_FireTrail.uasset" 543
"../../../Illuminate/Content/Creations/ModelsandTextures/sunSecondaryTexture.uasset" 544
"../../../Illuminate/Content/Creations/shots/secondaries/Sun_Secondary.uasset" 545
"../../../Illuminate/Content/InfinityBladeEffects/Effects/FX_Textures/Fire/T_GroundBrokenFirey_D.uasset" 546
"../../../Illuminate/Content/InfinityBladeEffects/Effects/FX_Materials/Mobile/M_CrackedGroundFire.uasset" 547
"../../../Illuminate/Content/Creations/shots/Sun.uasset" 548
"../../../Illuminate/Content/Creations/shots/SuperBouncyBall.uasset" 549
"../../../Illuminate/Content/Creations/shots/Swap.uasset" 550
"../../../Illuminate/Content/InfinityBladeEffects/Effects/FX_Materials/Mobile/M_Dungeon_Pipe_FlowingLava_Cool.uasset" 551
"../../../Illuminate/Content/InfinityBladeEffects/Effects/FX_Textures/Gradient/T_Trail_Ice_01.uasset" 552
"../../../Illuminate/Content/InfinityBladeEffects/Effects/FX_Materials/Trails/M_Trail_Ice_01_INST.uasset" 553
"../../../Illuminate/Content/InfinityBladeEffects/Effects/FX_Monsters/FX_Monster_Ausar/P_AU_Sword_Proj_Trail_01.uasset" 554
"../../../Illuminate/Content/Creations/shots/Triple.uasset" 555
"../../../Illuminate/Content/Creations/Skills/Dash.uasset" 556
"../../../Illuminate/Content/Creations/Skills/Blink.uasset" 557
"../../../Illuminate/Content/Creations/Skills/Teleport.uasset" 558
"../../../Illuminate/Content/StarterContent/Textures/T_Brick_Clay_New_D.uasset" 559
"../../../Illuminate/Content/StarterContent/Textures/T_Brick_Clay_New_M.uasset" 560
"../../../Illuminate/Content/StarterContent/Textures/T_Brick_Clay_New_N.uasset" 561
"../../../Illuminate/Content/StarterContent/Textures/T_Detail_Rocky_N.uasset" 562
"../../../Illuminate/Content/StarterContent/Materials/M_Brick_Clay_New.uasset" 563
"../../../Engine/Content/BasicShapes/Cube.uasset" 564
"../../../Illuminate/Content/Geometry/Meshes/CubeMaterial.uasset" 565
"../../../Illuminate/Content/Geometry/Meshes/1M_Cube.uasset" 566
"../../../Illuminate/Content/Creations/Walls/Wall.uasset" 567
"../../../Illuminate/Content/Creations/Walls/Fort.uasset" 568
"../../../Illuminate/Content/Creations/Walls/Fortress.uasset" 569
"../../../Illuminate/Content/Creations/Widgets/WeaponSelect.uasset" 570
"../../../Illuminate/Content/Creations/Widgets/HostGameMenu.uasset" 571
"../../../Illuminate/Content/Creations/Widgets/MainMenuUI.uasset" 572
"../../../Illuminate/Content/Creations/Widgets/searchedGame.uasset" 573
"../../../Illuminate/Content/Creations/Widgets/SearchGames.uasset" 574
"../../../Illuminate/Content/Creations/GInstances/MainInstance.uasset" 575
"../../../Illuminate/Content/Creations/GInstances/playerInfo.uasset" 576
"../../../Illuminate/Content/Creations/Widgets/connectedPlayerInfo.uasset" 577
"../../../Illuminate/Content/Creations/Widgets/playerChatText.uasset" 578
"../../../Illuminate/Content/Creations/Widgets/MultiplayerLobbyWidget.uasset" 579
"../../../Illuminate/Content/Creations/Widgets/WeaponsandHP.uasset" 580
"../../../Illuminate/Content/Creations/GInstances/mainPC.uasset" 581
"../../../Illuminate/Content/Creations/GInstances/mainPlayerState.uasset" 582
"../../../Illuminate/Content/Creations/GInstances/MainGm.uasset" 583
"../../../Illuminate/Content/Creations/Maps/MainMenu_BuiltData.uasset" 584
"../../../Illuminate/Content/Creations/Maps/MainMenu.umap" 585
