Log file open, 02/26/19 18:28:00
LogWindows: Failed to load 'aqProf.dll' (GetLastError=126)
LogWindows: File 'aqProf.dll' does not exist
LogWindows: Failed to load 'VtuneApi.dll' (GetLastError=126)
LogWindows: File 'VtuneApi.dll' does not exist
LogWindows: Failed to load 'VtuneApi32e.dll' (GetLastError=126)
LogWindows: File 'VtuneApi32e.dll' does not exist
LogInit: Display: Running engine for game: Spectrum
LogPlatformFile: Not using cached read wrapper
LogInit: Display: RandInit(-60311580) SRandInit(-60311580).
LogInit: Read version file with build ID '3709383'
LogInit: Overriding engine version to CL 3794801, compatible CL 3709383
LogInit: Registered custom module enumerator with build ID '3709383'
LogTaskGraph: Started task graph with 5 named threads and 14 total threads with 3 sets of task threads.
LogStats: Stats thread started at 0.271561
LogD3D11RHI: Aftermath initialized
LogModuleManager: Display: Found up-to-date module file ../../../Engine/Plugins/2D/Paper2D/Binaries/Win64/UE4Editor-Paper2D.dll (API version 3709383).
LogModuleManager: Display: Found up-to-date module file ../../../Engine/Plugins/2D/Paper2D/Binaries/Win64/UE4Editor-Paper2DEditor.dll (API version 3709383).
LogModuleManager: Display: Found up-to-date module file ../../../Engine/Plugins/2D/Paper2D/Binaries/Win64/UE4Editor-PaperSpriteSheetImporter.dll (API version 3709383).
LogModuleManager: Display: Found up-to-date module file ../../../Engine/Plugins/2D/Paper2D/Binaries/Win64/UE4Editor-PaperTiledImporter.dll (API version 3709383).
LogModuleManager: Display: Found up-to-date module file ../../../Engine/Plugins/2D/Paper2D/Binaries/Win64/UE4Editor-SmartSnapping.dll (API version 3709383).
LogModuleManager: Display: Found up-to-date module file ../../../Engine/Plugins/Blendables/LightPropagationVolume/Binaries/Win64/UE4Editor-LightPropagationVolumeRuntime.dll (API version 3709383).
LogModuleManager: Display: Found up-to-date module file ../../../Engine/Plugins/Blendables/LightPropagationVolume/Binaries/Win64/UE4Editor-LightPropagationVolumeEditor.dll (API version 3709383).
LogModuleManager: Display: Found up-to-date module file ../../../Engine/Plugins/Developer/GitSourceControl/Binaries/Win64/UE4Editor-GitSourceControl.dll (API version 3709383).
LogModuleManager: Display: Found up-to-date module file ../../../Engine/Plugins/Developer/PerforceSourceControl/Binaries/Win64/UE4Editor-PerforceSourceControl.dll (API version 3709383).
LogModuleManager: Display: Found up-to-date module file ../../../Engine/Plugins/Developer/SubversionSourceControl/Binaries/Win64/UE4Editor-SubversionSourceControl.dll (API version 3709383).
LogModuleManager: Display: Found up-to-date module file ../../../Engine/Plugins/Developer/UObjectPlugin/Binaries/Win64/UE4Editor-UObjectPlugin.dll (API version 3709383).
LogModuleManager: Display: Found up-to-date module file ../../../Engine/Plugins/Developer/VisualStudioCodeSourceCodeAccess/Binaries/Win64/UE4Editor-VisualStudioCodeSourceCodeAccess.dll (API version 3709383).
LogModuleManager: Display: Found up-to-date module file ../../../Engine/Plugins/Developer/VisualStudioSourceCodeAccess/Binaries/Win64/UE4Editor-VisualStudioSourceCodeAccess.dll (API version 3709383).
LogModuleManager: Display: Found up-to-date module file ../../../Engine/Plugins/Editor/AssetManagerEditor/Binaries/Win64/UE4Editor-AssetManagerEditor.dll (API version 3709383).
LogModuleManager: Display: Found up-to-date module file ../../../Engine/Plugins/Editor/AudioCapture/Binaries/Win64/UE4Editor-AudioCapture.dll (API version 3709383).
LogModuleManager: Display: Found up-to-date module file ../../../Engine/Plugins/Editor/FacialAnimation/Binaries/Win64/UE4Editor-FacialAnimation.dll (API version 3709383).
LogModuleManager: Display: Found up-to-date module file ../../../Engine/Plugins/Editor/FacialAnimation/Binaries/Win64/UE4Editor-FacialAnimationEditor.dll (API version 3709383).
LogModuleManager: Display: Found up-to-date module file ../../../Engine/Plugins/Editor/GameplayTagsEditor/Binaries/Win64/UE4Editor-GameplayTagsEditor.dll (API version 3709383).
LogModuleManager: Display: Found up-to-date module file ../../../Engine/Plugins/Editor/MobileLauncherProfileWizard/Binaries/Win64/UE4Editor-MobileLauncherProfileWizard.dll (API version 3709383).
LogModuleManager: Display: Found up-to-date module file ../../../Engine/Plugins/Editor/PluginBrowser/Binaries/Win64/UE4Editor-PluginBrowser.dll (API version 3709383).
LogModuleManager: Display: Found up-to-date module file ../../../Engine/Plugins/Editor/SpeedTreeImporter/Binaries/Win64/UE4Editor-SpeedTreeImporter.dll (API version 3709383).
LogModuleManager: Display: Found up-to-date module file ../../../Engine/Plugins/Experimental/AlembicImporter/Binaries/Win64/UE4Editor-AlembicImporter.dll (API version 3709383).
LogModuleManager: Display: Found up-to-date module file ../../../Engine/Plugins/Experimental/AlembicImporter/Binaries/Win64/UE4Editor-AlembicLibrary.dll (API version 3709383).
LogModuleManager: Display: Found up-to-date module file ../../../Engine/Plugins/Experimental/CharacterAI/Binaries/Win64/UE4Editor-CharacterAI.dll (API version 3709383).
LogModuleManager: Display: Found up-to-date module file ../../../Engine/Plugins/Experimental/HTML5Networking/Binaries/Win64/UE4Editor-HTML5Networking.dll (API version 3709383).
LogModuleManager: Display: Found up-to-date module file ../../../Engine/Plugins/Media/AndroidMedia/Binaries/Win64/UE4Editor-AndroidMediaEditor.dll (API version 3709383).
LogModuleManager: Display: Found up-to-date module file ../../../Engine/Plugins/Media/AndroidMedia/Binaries/Win64/UE4Editor-AndroidMediaFactory.dll (API version 3709383).
LogModuleManager: Display: Found up-to-date module file ../../../Engine/Plugins/Media/AvfMedia/Binaries/Win64/UE4Editor-AvfMediaEditor.dll (API version 3709383).
LogModuleManager: Display: Found up-to-date module file ../../../Engine/Plugins/Media/AvfMedia/Binaries/Win64/UE4Editor-AvfMediaFactory.dll (API version 3709383).
LogModuleManager: Display: Found up-to-date module file ../../../Engine/Plugins/Media/AvfMedia/Binaries/Win64/UE4Editor-AvfMediaFactory.dll (API version 3709383).
LogModuleManager: Display: Found up-to-date module file ../../../Engine/Plugins/Media/ImgMedia/Binaries/Win64/UE4Editor-ImgMedia.dll (API version 3709383).
LogModuleManager: Display: Found up-to-date module file ../../../Engine/Plugins/Media/ImgMedia/Binaries/Win64/UE4Editor-ImgMediaEditor.dll (API version 3709383).
LogModuleManager: Display: Found up-to-date module file ../../../Engine/Plugins/Media/ImgMedia/Binaries/Win64/UE4Editor-ImgMediaFactory.dll (API version 3709383).
LogModuleManager: Display: Found up-to-date module file ../../../Engine/Plugins/Media/ImgMedia/Binaries/Win64/UE4Editor-ImgMediaFactory.dll (API version 3709383).
LogModuleManager: Display: Found up-to-date module file ../../../Engine/Plugins/Media/ImgMedia/Binaries/Win64/UE4Editor-OpenExrWrapper.dll (API version 3709383).
LogModuleManager: Display: Found up-to-date module file ../../../Engine/Plugins/Media/MediaCompositing/Binaries/Win64/UE4Editor-MediaCompositing.dll (API version 3709383).
LogModuleManager: Display: Found up-to-date module file ../../../Engine/Plugins/Media/MediaCompositing/Binaries/Win64/UE4Editor-MediaCompositingEditor.dll (API version 3709383).
LogModuleManager: Display: Found up-to-date module file ../../../Engine/Plugins/Media/MediaPlayerEditor/Binaries/Win64/UE4Editor-MediaPlayerEditor.dll (API version 3709383).
LogModuleManager: Display: Found up-to-date module file ../../../Engine/Plugins/Media/WmfMedia/Binaries/Win64/UE4Editor-WmfMedia.dll (API version 3709383).
LogModuleManager: Display: Found up-to-date module file ../../../Engine/Plugins/Media/WmfMedia/Binaries/Win64/UE4Editor-WmfMediaEditor.dll (API version 3709383).
LogModuleManager: Display: Found up-to-date module file ../../../Engine/Plugins/Media/WmfMedia/Binaries/Win64/UE4Editor-WmfMediaFactory.dll (API version 3709383).
LogModuleManager: Display: Found up-to-date module file ../../../Engine/Plugins/Media/WmfMedia/Binaries/Win64/UE4Editor-WmfMediaFactory.dll (API version 3709383).
LogModuleManager: Display: Found up-to-date module file ../../../Engine/Plugins/Messaging/TcpMessaging/Binaries/Win64/UE4Editor-TcpMessaging.dll (API version 3709383).
LogModuleManager: Display: Found up-to-date module file ../../../Engine/Plugins/Messaging/UdpMessaging/Binaries/Win64/UE4Editor-UdpMessaging.dll (API version 3709383).
LogModuleManager: Display: Found up-to-date module file ../../../Engine/Plugins/MovieScene/ActorSequence/Binaries/Win64/UE4Editor-ActorSequence.dll (API version 3709383).
LogModuleManager: Display: Found up-to-date module file ../../../Engine/Plugins/MovieScene/LevelSequenceEditor/Binaries/Win64/UE4Editor-LevelSequenceEditor.dll (API version 3709383).
LogModuleManager: Display: Found up-to-date module file ../../../Engine/Plugins/MovieScene/MatineeToLevelSequence/Binaries/Win64/UE4Editor-MatineeToLevelSequence.dll (API version 3709383).
LogModuleManager: Display: Found up-to-date module file ../../../Engine/Plugins/Online/OnlineSubsystem/Binaries/Win64/UE4Editor-OnlineSubsystem.dll (API version 3709383).
LogModuleManager: Display: Found up-to-date module file ../../../Engine/Plugins/Runtime/AndroidPermission/Binaries/Win64/UE4Editor-AndroidPermission.dll (API version 3709383).
LogModuleManager: Display: Found up-to-date module file ../../../Engine/Plugins/Online/OnlineSubsystemNull/Binaries/Win64/UE4Editor-OnlineSubsystemNull.dll (API version 3709383).
LogModuleManager: Display: Found up-to-date module file ../../../Engine/Plugins/Online/OnlineSubsystemUtils/Binaries/Win64/UE4Editor-OnlineSubsystemUtils.dll (API version 3709383).
LogModuleManager: Display: Found up-to-date module file ../../../Engine/Plugins/Online/OnlineSubsystemUtils/Binaries/Win64/UE4Editor-OnlineBlueprintSupport.dll (API version 3709383).
LogModuleManager: Display: Found up-to-date module file ../../../Engine/Plugins/Runtime/AndroidDeviceProfileSelector/Binaries/Win64/UE4Editor-AndroidDeviceProfileSelector.dll (API version 3709383).
LogModuleManager: Display: Found up-to-date module file ../../../Engine/Plugins/Runtime/AppleARKit/Binaries/Win64/UE4Editor-AppleARKit.dll (API version 3709383).
LogModuleManager: Display: Found up-to-date module file ../../../Engine/Plugins/Runtime/ArchVisCharacter/Binaries/Win64/UE4Editor-ArchVisCharacter.dll (API version 3709383).
LogModuleManager: Display: Found up-to-date module file ../../../Engine/Plugins/Runtime/CableComponent/Binaries/Win64/UE4Editor-CableComponent.dll (API version 3709383).
LogModuleManager: Display: Found up-to-date module file ../../../Engine/Plugins/Runtime/CustomMeshComponent/Binaries/Win64/UE4Editor-CustomMeshComponent.dll (API version 3709383).
LogModuleManager: Display: Found up-to-date module file ../../../Engine/Plugins/Runtime/ExampleDeviceProfileSelector/Binaries/Win64/UE4Editor-ExampleDeviceProfileSelector.dll (API version 3709383).
LogModuleManager: Display: Found up-to-date module file ../../../Engine/Plugins/Runtime/ImmediatePhysics/Binaries/Win64/UE4Editor-ImmediatePhysics.dll (API version 3709383).
LogModuleManager: Display: Found up-to-date module file ../../../Engine/Plugins/Runtime/ImmediatePhysics/Binaries/Win64/UE4Editor-ImmediatePhysicsEditor.dll (API version 3709383).
LogModuleManager: Display: Found up-to-date module file ../../../Engine/Plugins/Runtime/LocationServicesBPLibrary/Binaries/Win64/UE4Editor-LocationServicesBPLibrary.dll (API version 3709383).
LogModuleManager: Display: Found up-to-date module file ../../../Engine/Plugins/Runtime/MobilePatchingUtils/Binaries/Win64/UE4Editor-MobilePatchingUtils.dll (API version 3709383).
LogModuleManager: Display: Found up-to-date module file ../../../Engine/Plugins/Runtime/Oculus/OculusVR/Binaries/Win64/UE4Editor-OculusHMD.dll (API version 3709383).
LogModuleManager: Display: Found up-to-date module file ../../../Engine/Plugins/Runtime/Oculus/OculusVR/Binaries/Win64/UE4Editor-OculusInput.dll (API version 3709383).
LogModuleManager: Display: Found up-to-date module file ../../../Engine/Plugins/Runtime/Oculus/OculusVR/Binaries/Win64/UE4Editor-OculusEditor.dll (API version 3709383).
LogModuleManager: Display: Found up-to-date module file ../../../Engine/Plugins/Runtime/PhysXVehicles/Binaries/Win64/UE4Editor-PhysXVehicles.dll (API version 3709383).
LogModuleManager: Display: Found up-to-date module file ../../../Engine/Plugins/Runtime/PhysXVehicles/Binaries/Win64/UE4Editor-PhysXVehiclesEditor.dll (API version 3709383).
LogModuleManager: Display: Found up-to-date module file ../../../Engine/Plugins/Runtime/ProceduralMeshComponent/Binaries/Win64/UE4Editor-ProceduralMeshComponent.dll (API version 3709383).
LogModuleManager: Display: Found up-to-date module file ../../../Engine/Plugins/Runtime/ProceduralMeshComponent/Binaries/Win64/UE4Editor-ProceduralMeshComponentEditor.dll (API version 3709383).
LogModuleManager: Display: Found up-to-date module file ../../../Engine/Plugins/Runtime/RuntimePhysXCooking/Binaries/Win64/UE4Editor-RuntimePhysXCooking.dll (API version 3709383).
LogModuleManager: Display: Found up-to-date module file ../../../Engine/Plugins/Runtime/Steam/SteamVR/Binaries/Win64/UE4Editor-SteamVR.dll (API version 3709383).
LogModuleManager: Display: Found up-to-date module file ../../../Engine/Plugins/Runtime/Steam/SteamVR/Binaries/Win64/UE4Editor-SteamVRController.dll (API version 3709383).
LogModuleManager: Display: Found up-to-date module file ../../../Engine/Plugins/Runtime/WindowsMoviePlayer/Binaries/Win64/UE4Editor-WindowsMoviePlayer.dll (API version 3709383).
LogPluginManager: Mounting plugin Paper2D
LogPluginManager: Mounting plugin LightPropagationVolume
LogPluginManager: Mounting plugin CodeLiteSourceCodeAccess
LogPluginManager: Mounting plugin GitSourceControl
LogPluginManager: Mounting plugin KDevelopSourceCodeAccess
LogPluginManager: Mounting plugin NullSourceCodeAccess
LogPluginManager: Mounting plugin PerforceSourceControl
LogPluginManager: Mounting plugin SubversionSourceControl
LogPluginManager: Mounting plugin UObjectPlugin
LogPluginManager: Mounting plugin VisualStudioCodeSourceCodeAccess
LogPluginManager: Mounting plugin VisualStudioSourceCodeAccess
LogPluginManager: Mounting plugin XCodeSourceCodeAccess
LogPluginManager: Mounting plugin AssetManagerEditor
LogPluginManager: Mounting plugin AudioCapture
LogPluginManager: Mounting plugin FacialAnimation
LogPluginManager: Mounting plugin GameplayTagsEditor
LogPluginManager: Mounting plugin MobileLauncherProfileWizard
LogPluginManager: Mounting plugin PluginBrowser
LogPluginManager: Mounting plugin SpeedTreeImporter
LogPluginManager: Mounting plugin AlembicImporter
LogPluginManager: Mounting plugin CharacterAI
LogPluginManager: Mounting plugin HTML5Networking
LogPluginManager: Mounting plugin AndroidMedia
LogPluginManager: Mounting plugin AvfMedia
LogPluginManager: Mounting plugin ImgMedia
LogPluginManager: Mounting plugin MediaCompositing
LogPluginManager: Mounting plugin MediaPlayerEditor
LogPluginManager: Mounting plugin WmfMedia
LogPluginManager: Mounting plugin TcpMessaging
LogPluginManager: Mounting plugin UdpMessaging
LogPluginManager: Mounting plugin ActorSequence
LogPluginManager: Mounting plugin LevelSequenceEditor
LogPluginManager: Mounting plugin MatineeToLevelSequence
LogPluginManager: Mounting plugin OnlineSubsystemGooglePlay
LogPluginManager: Mounting plugin OnlineSubsystemIOS
LogPluginManager: Mounting plugin OnlineSubsystem
LogPluginManager: Mounting plugin OnlineSubsystemNull
LogPluginManager: Mounting plugin OnlineSubsystemUtils
LogPluginManager: Mounting plugin AndroidDeviceProfileSelector
LogPluginManager: Mounting plugin AndroidMoviePlayer
LogPluginManager: Mounting plugin AndroidPermission
LogPluginManager: Mounting plugin AppleARKit
LogPluginManager: Mounting plugin AppleMoviePlayer
LogPluginManager: Mounting plugin ArchVisCharacter
LogPluginManager: Mounting plugin CableComponent
LogPluginManager: Mounting plugin CustomMeshComponent
LogPluginManager: Mounting plugin ExampleDeviceProfileSelector
LogPluginManager: Mounting plugin GoogleCloudMessaging
LogPluginManager: Mounting plugin ImmediatePhysics
LogPluginManager: Mounting plugin IOSDeviceProfileSelector
LogPluginManager: Mounting plugin LinuxDeviceProfileSelector
LogPluginManager: Mounting plugin LocationServicesBPLibrary
LogPluginManager: Mounting plugin MobilePatchingUtils
LogPluginManager: Mounting plugin OculusVR
LogPluginManager: Plugin shader directory ../../../Engine/Plugins/Runtime/Oculus/OculusVR/Shaders found
LogPluginManager: Mapping shader source directory ../../../Engine/Plugins/Runtime/Oculus/OculusVR/Shaders to virtual directory /Plugin/OculusVR
LogPluginManager: Mounting plugin PhysXVehicles
LogPluginManager: Mounting plugin ProceduralMeshComponent
LogPluginManager: Mounting plugin RuntimePhysXCooking
LogPluginManager: Mounting plugin SteamVR
LogPluginManager: Mounting plugin WindowsMoviePlayer
LogInit: Using libcurl 7.47.1
LogInit:  - built for x86_64-pc-win32
LogInit:  - supports SSL with OpenSSL/1.0.2g
LogInit:  - supports HTTP deflate (compression) using libz 1.2.8
LogInit:  - other features:
LogInit:      CURL_VERSION_SSL
LogInit:      CURL_VERSION_LIBZ
LogInit:      CURL_VERSION_IPV6
LogInit:      CURL_VERSION_ASYNCHDNS
LogInit:      CURL_VERSION_LARGEFILE
LogInit:      CURL_VERSION_IDN
LogInit:  CurlRequestOptions (configurable via config and command line):
LogInit:  - bVerifyPeer = false  - Libcurl will NOT verify peer certificate
LogInit:  - bUseHttpProxy = false  - Libcurl will NOT use HTTP proxy
LogInit:  - bDontReuseConnections = false  - Libcurl will reuse connections
LogInit:  - CertBundlePath = nullptr  - Libcurl will use whatever was configured at build time.
LogModuleManager: Warning: No filename provided for module OnlineSubsystemSteam
LogModuleManager: Warning: ModuleManager: Unable to load module 'OnlineSubsystemSteam' because the file 'C:/Program Files/Epic Games/UE_4.18/Engine/Binaries/Win64/' was not found.
LogInit: WinSock: version 1.1 (2.2), MaxSocks=32767, MaxUdp=65467
LogInit: Build: ++UE4+Release-4.18-CL-3794801
LogInit: Engine Version: 4.18.2-3794801+++UE4+Release-4.18
LogInit: Compatible Engine Version: 4.18.0-3709383+++UE4+Release-4.18
LogInit: Net CL: 3709383
LogDevObjectVersion: Number of dev versions registered: 16
LogDevObjectVersion:   Dev-Blueprints (B0D832E4-1F89-4F0D-ACCF-7EB736FD4AA2): 10
LogDevObjectVersion:   Dev-Build (E1C64328-A22C-4D53-A36C-8E866417BD8C): 0
LogDevObjectVersion:   Dev-Core (375EC13C-06E4-48FB-B500-84F0262A717E): 2
LogDevObjectVersion:   Dev-Editor (E4B068ED-F494-42E9-A231-DA0B2E46BB41): 20
LogDevObjectVersion:   Dev-Framework (CFFC743F-43B0-4480-9391-14DF171D2073): 30
LogDevObjectVersion:   Dev-Mobile (B02B49B5-BB20-44E9-A304-32B752E40360): 0
LogDevObjectVersion:   Dev-Networking (A4E4105C-59A1-49B5-A7C5-40C4547EDFEE): 0
LogDevObjectVersion:   Dev-Online (39C831C9-5AE6-47DC-9A44-9C173E1C8E7C): 0
LogDevObjectVersion:   Dev-Physics (78F01B33-EBEA-4F98-B9B4-84EACCB95AA2): 0
LogDevObjectVersion:   Dev-Platform (6631380F-2D4D-43E0-8009-CF276956A95A): 0
LogDevObjectVersion:   Dev-Rendering (12F88B9F-8875-4AFC-A67C-D90C383ABD29): 20
LogDevObjectVersion:   Dev-Sequencer (7B5AE74C-D270-4C10-A958-57980B212A5A): 4
LogDevObjectVersion:   Dev-VR (D7296918-1DD6-4BDD-9DE2-64A83CC13884): 0
LogDevObjectVersion:   Dev-LoadTimes (C2A15278-BFE7-4AFE-6C17-90FF531DF755): 1
LogDevObjectVersion:   Private-Geometry (6EACA3D4-40EC-4CC1-B786-8BED09428FC5): 1
LogDevObjectVersion:   Dev-AnimPhys (29E575DD-E0A3-4627-9D10-D276232CDCEA): 12
LogInit: Compiled (64-bit): Dec  8 2017 02:04:53
LogInit: Compiled with Visual C++: 19.00.24215.01
LogInit: Build Configuration: Development
LogInit: Branch Name: ++UE4+Release-4.18
LogInit: Command line:  
LogInit: Base directory: C:/Program Files/Epic Games/UE_4.18/Engine/Binaries/Win64/
LogInit: Installed Engine Build: 1
LogInit: Presizing for max 8388607 objects, including 0 objects not considered by GC, pre-allocating 0 bytes for permanent pool.
LogInit: Object subsystem initialized
[2019.02.27-02.28.05:515][  0]LogInit: Selected Device Profile: [Windows]
[2019.02.27-02.28.05:515][  0]LogInit: Applying CVar settings loaded from the selected device profile: [Windows]
[2019.02.27-02.28.05:558][  0]LogInit: Computer: MSI
[2019.02.27-02.28.05:558][  0]LogInit: User: Alex
[2019.02.27-02.28.05:559][  0]LogInit: CPU Page size=4096, Cores=4
[2019.02.27-02.28.05:559][  0]LogInit: High frequency timer resolution =2.533214 MHz
[2019.02.27-02.28.05:559][  0]LogMemory: Memory total: Physical=15.9GB (16GB approx)
[2019.02.27-02.28.05:559][  0]LogMemory: Platform Memory Stats for Windows
[2019.02.27-02.28.05:559][  0]LogMemory: Process Physical Memory: 274.13 MB used, 274.13 MB peak
[2019.02.27-02.28.05:559][  0]LogMemory: Process Virtual Memory: 272.39 MB used, 272.39 MB peak
[2019.02.27-02.28.05:559][  0]LogMemory: Physical Memory: 9551.28 MB used,  6722.05 MB free, 16273.34 MB total
[2019.02.27-02.28.05:559][  0]LogMemory: Virtual Memory: 4785.55 MB used,  6722.05 MB free, 134217728.00 MB total
[2019.02.27-02.28.07:060][  0]LogInit: Using OS detected language (en-US).
[2019.02.27-02.28.07:060][  0]LogInit: Using OS detected locale (en-US).
[2019.02.27-02.28.07:065][  0]LogTextLocalizationManager: No specific localization for 'en-US' exists, so the 'en' localization will be used.
[2019.02.27-02.28.07:621][  0]LogInit: Setting process to per monitor DPI aware
[2019.02.27-02.28.08:190][  0]LogD3D11RHI: D3D11 adapters:
[2019.02.27-02.28.08:282][  0]LogD3D11RHI:    0. 'NVIDIA GeForce GTX 965M' (Feature Level 11_0)
[2019.02.27-02.28.08:282][  0]LogD3D11RHI:       2010/0/8136 MB DedicatedVideo/DedicatedSystem/SharedSystem, Outputs:1, VendorId:0x10de
[2019.02.27-02.28.08:291][  0]LogD3D11RHI:    1. 'Intel(R) HD Graphics 4600' (Feature Level 11_0)
[2019.02.27-02.28.08:291][  0]LogD3D11RHI:       112/0/2048 MB DedicatedVideo/DedicatedSystem/SharedSystem, Outputs:0, VendorId:0x8086
[2019.02.27-02.28.08:294][  0]LogD3D11RHI:    2. 'Microsoft Basic Render Driver' (Feature Level 11_0)
[2019.02.27-02.28.08:294][  0]LogD3D11RHI:       0/0/8136 MB DedicatedVideo/DedicatedSystem/SharedSystem, Outputs:0, VendorId:0x1414
[2019.02.27-02.28.08:294][  0]LogD3D11RHI: Chosen D3D11 Adapter: 0
[2019.02.27-02.28.08:329][  0]LogD3D11RHI: Creating new Direct3DDevice
[2019.02.27-02.28.08:329][  0]LogD3D11RHI:     GPU DeviceId: 0x13d9 (for the marketing name, search the web for "GPU Device Id")
[2019.02.27-02.28.08:329][  0]LogWindows: EnumDisplayDevices:
[2019.02.27-02.28.08:329][  0]LogWindows:    0. 'Intel(R) HD Graphics 4600' (P:1 D:1)
[2019.02.27-02.28.08:330][  0]LogWindows:    1. 'Intel(R) HD Graphics 4600' (P:0 D:0)
[2019.02.27-02.28.08:330][  0]LogWindows:    2. 'Intel(R) HD Graphics 4600' (P:0 D:0)
[2019.02.27-02.28.08:330][  0]LogWindows: DebugString: GetVideoDriverDetailsInvalid PrimaryIsNotTheChoosenAdapter GetVideoDriverDetailsInvalid PrimaryIsNotTheChoosenAdapter GetVideoDriverDetailsInvalid PrimaryIsNotTheChoosenAdapter FoundDriverCount:0 
[2019.02.27-02.28.08:330][  0]LogD3D11RHI:     Adapter Name: NVIDIA GeForce GTX 965M
[2019.02.27-02.28.08:330][  0]LogD3D11RHI:   Driver Version: Unknown (internal:Unknown, unified:Unknown)
[2019.02.27-02.28.08:330][  0]LogD3D11RHI:      Driver Date: Unknown
[2019.02.27-02.28.08:330][  0]LogRHI: Texture pool is 1407 MB (70% of 2010 MB)
[2019.02.27-02.28.08:384][  0]LogD3D11RHI: Async texture creation enabled
[2019.02.27-02.28.08:404][  0]LogD3D11RHI: GPU Timing Frequency: 1000.000000 (Debug: 2 2)
[2019.02.27-02.28.08:405][  0]LogShaderCompilers: Guid format shader working directory is -28 characters bigger than the processId version (../../../../../../Users/lockw/OneDrive/Documents/Unreal Projects/Spectrum/Intermediate/Shaders/WorkingDirectory/20608/).
[2019.02.27-02.28.08:405][  0]LogShaderCompilers: Cleaned the shader compiler working directory 'C:/Users/lockw/AppData/Local/Temp/UnrealShaderWorkingDir/88D2F8CB45FC6DFF2489E594DBA9C4FC/'.
[2019.02.27-02.28.08:405][  0]LogShaderCompilers: Display: Using Local Shader Compiler.
[2019.02.27-02.28.10:330][  0]LogTemp: Display: Loaded TP AllDesktopTargetPlatform
[2019.02.27-02.28.10:475][  0]LogTemp: Display: Loaded TP MacClientTargetPlatform
[2019.02.27-02.28.10:637][  0]LogTemp: Display: Loaded TP MacNoEditorTargetPlatform
[2019.02.27-02.28.10:803][  0]LogTemp: Display: Loaded TP MacServerTargetPlatform
[2019.02.27-02.28.10:949][  0]LogTemp: Display: Loaded TP MacTargetPlatform
[2019.02.27-02.28.11:092][  0]LogTemp: Display: Loaded TP WindowsClientTargetPlatform
[2019.02.27-02.28.11:255][  0]LogTemp: Display: Loaded TP WindowsNoEditorTargetPlatform
[2019.02.27-02.28.11:413][  0]LogTemp: Display: Loaded TP WindowsServerTargetPlatform
[2019.02.27-02.28.11:554][  0]LogTemp: Display: Loaded TP WindowsTargetPlatform
[2019.02.27-02.28.11:716][  0]LogTemp: Display: Loaded TP Android_ASTCTargetPlatform
[2019.02.27-02.28.11:867][  0]LogTemp: Display: Loaded TP Android_ATCTargetPlatform
[2019.02.27-02.28.12:034][  0]LogTemp: Display: Loaded TP Android_DXTTargetPlatform
[2019.02.27-02.28.12:179][  0]LogTemp: Display: Loaded TP Android_ETC1TargetPlatform
[2019.02.27-02.28.12:313][  0]LogTemp: Display: Loaded TP Android_ETC2TargetPlatform
[2019.02.27-02.28.12:611][  0]LogTemp: Display: Loaded TP Android_MultiTargetPlatform
[2019.02.27-02.28.12:611][  0]LogTemp: Display: Loaded TP Android_PVRTCTargetPlatform
[2019.02.27-02.28.12:762][  0]LogTemp: Display: Loaded TP AndroidTargetPlatform
[2019.02.27-02.28.12:892][  0]LogTemp: Display: Loaded TP HTML5TargetPlatform
[2019.02.27-02.28.13:109][  0]LogTemp: Display: Loaded TP IOSTargetPlatform
[2019.02.27-02.28.13:178][  0]LogTemp: Display: Loaded TP TVOSTargetPlatform
[2019.02.27-02.28.13:362][  0]LogTemp: Display: Loaded TP LinuxClientTargetPlatform
[2019.02.27-02.28.13:520][  0]LogTemp: Display: Loaded TP LinuxNoEditorTargetPlatform
[2019.02.27-02.28.13:682][  0]LogTemp: Display: Loaded TP LinuxServerTargetPlatform
[2019.02.27-02.28.13:851][  0]LogTemp: Display: Loaded TP LinuxTargetPlatform
[2019.02.27-02.28.13:851][  0]LogTargetPlatformManager: Display: Building Assets For Windows
[2019.02.27-02.28.15:427][  0]LogDerivedDataCache: Display: Max Cache Size: 512 MB
[2019.02.27-02.28.15:559][  0]LogDerivedDataCache: Loaded boot cache 0.13s 78MB C:/Users/lockw/AppData/Local/UnrealEngine/4.18/DerivedDataCache/Boot.ddc.
[2019.02.27-02.28.15:559][  0]LogDerivedDataCache: Display: Loaded Boot cache: C:/Users/lockw/AppData/Local/UnrealEngine/4.18/DerivedDataCache/Boot.ddc
[2019.02.27-02.28.15:559][  0]LogDerivedDataCache: FDerivedDataBackendGraph:  Pak pak cache file ../../../../../../Users/lockw/OneDrive/Documents/Unreal Projects/Spectrum/DerivedDataCache/DDC.ddp not found, will not use a pak cache.
[2019.02.27-02.28.15:559][  0]LogDerivedDataCache: Unable to find inner node Pak for hierarchical cache Hierarchy.
[2019.02.27-02.28.15:560][  0]LogDerivedDataCache: FDerivedDataBackendGraph:  CompressedPak pak cache file ../../../../../../Users/lockw/OneDrive/Documents/Unreal Projects/Spectrum/DerivedDataCache/Compressed.ddp not found, will not use a pak cache.
[2019.02.27-02.28.15:560][  0]LogDerivedDataCache: Unable to find inner node CompressedPak for hierarchical cache Hierarchy.
[2019.02.27-02.28.15:589][  0]LogDerivedDataCache: Display: Pak cache opened for reading ../../../Engine/DerivedDataCache/Compressed.ddp.
[2019.02.27-02.28.15:602][  0]LogDerivedDataCache: Using Local data cache path C:/Users/lockw/AppData/Local/UnrealEngine/Common/DerivedDataCache: Writable
[2019.02.27-02.28.15:618][  0]LogMaterial: Verifying Global Shaders for PCD3D_SM5
[2019.02.27-02.28.15:619][  0]LogSlate: Using Freetype 2.6.0
[2019.02.27-02.28.15:620][  0]LogSlate: SlateFontCache - WITH_FREETYPE: 1, WITH_HARFBUZZ: 1
[2019.02.27-02.28.15:620][  0]LogSlate: SlateFontCache - WITH_FREETYPE: 1, WITH_HARFBUZZ: 1
[2019.02.27-02.28.16:239][  0]LogInit: Selected Device Profile: [Windows]
[2019.02.27-02.28.17:129][  0]LogSimplygon: Simplygon DLL not present - disabling.
[2019.02.27-02.28.17:271][  0]LogMeshReduction: Using SimplygonSwarm for distributed automatic mesh merging
[2019.02.27-02.28.17:271][  0]LogMeshReduction: Using QuadricMeshReduction for automatic static mesh reduction
[2019.02.27-02.28.17:271][  0]LogMeshReduction: No automatic skeletal mesh reduction module available
[2019.02.27-02.28.17:271][  0]LogMeshReduction: No automatic mesh merging module available
[2019.02.27-02.28.17:271][  0]LogMeshMerging: No automatic mesh merging module available
[2019.02.27-02.28.17:332][  0]LogNetVersion: Spectrum , NetCL: 3709383, EngineNetVer: 2, GameNetVer: 0 (Checksum: 4014071454)
[2019.02.27-02.28.17:676][  0]LogAssetRegistry: FAssetRegistry took 0.0301 seconds to start up
[2019.02.27-02.28.18:799][  0]LogPackageLocalizationCache: Processed 7 localized package path(s) for 2 prioritized culture(s) in 0.171954 seconds
[2019.02.27-02.28.18:809][  0]LogUObjectArray: 35900 objects as part of root set at end of initial load.
[2019.02.27-02.28.18:809][  0]LogUObjectAllocator: 7372016 out of 0 bytes used by permanent object pool.
[2019.02.27-02.28.18:809][  0]LogUObjectArray: CloseDisregardForGC: 0/0 objects in disregard for GC pool
[2019.02.27-02.28.25:704][  0]LogTcpMessaging: Initializing TcpMessaging bridge
[2019.02.27-02.28.25:809][  0]LogUdpMessaging: Initializing bridge on interface 0.0.0.0:0 to multicast group 230.0.0.1:6666.
[2019.02.27-02.28.27:903][  0]LogMaterial: Uniform references updated for custom material expression Custom.
[2019.02.27-02.28.29:277][  0]SourceControl: Source control is disabled
[2019.02.27-02.28.29:277][  0]SourceControl: Source control is disabled
[2019.02.27-02.28.29:448][  0]SourceControl: Source control is disabled
[2019.02.27-02.28.29:614][  0]SourceControl: Source control is disabled
[2019.02.27-02.28.32:091][  0]LogAndroidPermission: UAndroidPermissionCallbackProxy::GetInstance
[2019.02.27-02.28.32:987][  0]LogOcInput: OculusInput pre-init called
[2019.02.27-02.28.33:887][  0]LogEngine: Initializing Engine...
[2019.02.27-02.28.33:892][  0]LogHMD: Failed to initialize OpenVR with code 110
[2019.02.27-02.28.34:246][  0]LogStats: UGameplayTagsManager::ConstructGameplayTagTree: Construct from data asset -  0.000 s
[2019.02.27-02.28.34:247][  0]LogStats: UGameplayTagsManager::ConstructGameplayTagTree: GameplayTagTreeChangedEvent.Broadcast -  0.000 s
[2019.02.27-02.28.34:677][  0]LogAIModule: Creating AISystem for world Untitled
[2019.02.27-02.28.34:722][  0]LogInit: XAudio2 using 'Speakers (Realtek High Definition Audio)' : 6 channels at 48 kHz using 32 bits per sample (channel mask 0x3f)
[2019.02.27-02.28.34:850][  0]LogInit: FAudioDevice initialized.
[2019.02.27-02.28.35:010][  0]LogDerivedDataCache: Saved boot cache 0.16s 78MB C:/Users/lockw/AppData/Local/UnrealEngine/4.18/DerivedDataCache/Boot.ddc.
[2019.02.27-02.28.35:020][  0]LogInit: Texture streaming: Enabled
[2019.02.27-02.28.35:376][  0]LogEngineSessionManager: EngineSessionManager initialized
[2019.02.27-02.28.35:787][  0]LogInit: Transaction tracking system initialized
[2019.02.27-02.28.36:890][  0]BlueprintLog: New page: Editor Load
[2019.02.27-02.28.40:003][  0]LocalizationService: Localization service is disabled
[2019.02.27-02.28.41:757][  0]LogLinker: Warning: Can't find file '/Game/TwinStickBP/TwinStickOverview'
[2019.02.27-02.28.41:757][  0]LogLinker: Warning: Can't find file '/Game/TwinStickBP/TwinStickOverview'
[2019.02.27-02.28.41:772][  0]LogUObjectGlobals: Warning: Failed to find object 'Class /Game/TwinStickBP/TwinStickOverview.TwinStickOverview_C'
[2019.02.27-02.28.42:478][  0]LogConsoleResponse: Display: 
[2019.02.27-02.28.42:974][  0]LogCook: Display: Max memory allowance for cook 16384mb min free memory 0mb
[2019.02.27-02.28.42:974][  0]LogCook: Display: Mobile HDR setting 1
[2019.02.27-02.28.42:974][  0]LogGameplayTags: Display: UGameplayTagsManager::DoneAddingNativeTags. DelegateIsBound: 0
[2019.02.27-02.28.44:173][  0]LogFileCache: Scanning file cache for directory 'C:/Users/lockw/OneDrive/Documents/Unreal Projects/Spectrum/Content/' took 0.04s
[2019.02.27-02.28.47:039][  0]SourceControl: Source control is disabled
[2019.02.27-02.28.47:205][  0]LogWindowsTextInputMethodSystem: Display: IME system now deactivated.
[2019.02.27-02.28.47:210][  0]LogSlate: Took 0.000498 seconds to synchronously load lazily loaded font '../../../Engine/Content/Slate/Fonts/Roboto-Regular.ttf' (155K)
[2019.02.27-02.28.56:520][  0]LogWindowsTextInputMethodSystem: Display: IME system now deactivated.
[2019.02.27-02.28.56:523][  0]LogWindowsTextInputMethodSystem: Display: IME system now deactivated.
[2019.02.27-02.28.59:164][  0]LogWindowsTextInputMethodSystem: Display: IME system now deactivated.
[2019.02.27-02.28.59:167][  0]LogWindowsTextInputMethodSystem: Display: IME system now deactivated.
[2019.02.27-02.28.59:231][  0]Cmd: MAP LOAD FILE="../../../../../../Users/lockw/OneDrive/Documents/Unreal Projects/Spectrum/Content/SideScrollerBP/Maps/SideScrollerExampleMap.umap" TEMPLATE=0 SHOWPROGRESS=1 FEATURELEVEL=3
[2019.02.27-02.28.59:363][  0]LogStats: Warning: MetaData mismatch. Did you assign a stat to two groups? New //STATGROUP_Threads//SplashScreenThread///Thread_523c_0///####STATCAT_Advanced#### old //STATGROUP_Threads//SplashScreenThread///Thread_4fe8_0///####STATCAT_Advanced####
[2019.02.27-02.29.00:483][  0]LogWindowsTextInputMethodSystem: Display: IME system now deactivated.
[2019.02.27-02.29.00:488][  0]LogWindowsTextInputMethodSystem: Display: IME system now deactivated.
[2019.02.27-02.29.00:521][  0]LightingResults: New page: Lighting Build
[2019.02.27-02.29.00:659][  0]MapCheck: New page: Map Check
[2019.02.27-02.29.00:659][  0]LightingResults: New page: Lighting Build
[2019.02.27-02.29.00:674][  0]LogAIModule: Creating AISystem for world Untitled
[2019.02.27-02.29.00:677][  0]LoadErrors: New page: New Map
[2019.02.27-02.29.00:870][  0]LogCollectionManager: Loaded 0 collections in 0.005780 seconds
[2019.02.27-02.29.01:085][  0]LogFileCache: Scanning file cache for directory 'C:/Users/lockw/OneDrive/Documents/Unreal Projects/Spectrum/Saved/Collections/' took 0.01s
[2019.02.27-02.29.01:085][  0]LogFileCache: Scanning file cache for directory 'C:/Users/lockw/OneDrive/Documents/Unreal Projects/Spectrum/Content/Developers/Alex/Collections/' took 0.01s
[2019.02.27-02.29.01:085][  0]LogFileCache: Scanning file cache for directory 'C:/Users/lockw/OneDrive/Documents/Unreal Projects/Spectrum/Content/Collections/' took 0.01s
[2019.02.27-02.29.01:085][  0]LogCollectionManager: Rebuilt the GUID cache for 0 collections in 0.000000 seconds
[2019.02.27-02.29.01:098][  0]LogContentBrowser: Native class hierarchy populated in 0.0123 seconds. Added 2363 classes and 519 folders.
[2019.02.27-02.29.01:333][  0]LogContentBrowser: Native class hierarchy updated for 'WidgetCarousel' in 0.0003 seconds. Added 0 classes and 0 folders.
[2019.02.27-02.29.01:448][  0]LogContentBrowser: Native class hierarchy updated for 'AddContentDialog' in 0.0003 seconds. Added 0 classes and 0 folders.
[2019.02.27-02.29.01:595][  0]LogContentBrowser: Native class hierarchy updated for 'SceneOutliner' in 0.0003 seconds. Added 1 classes and 2 folders.
[2019.02.27-02.29.02:611][  0]LogDirectoryWatcher: Warning: Failed to begin reading directory changes for ../../../../../../Users/lockw/OneDrive/Documents/Unreal Projects/Spectrum/Plugins/. Error: The system cannot find the file specified. (0x00000002)
[2019.02.27-02.29.02:621][  0]LogSlate: Took 0.000556 seconds to synchronously load lazily loaded font '../../../Engine/Content/Slate/Fonts/Roboto-Bold.ttf' (160K)
[2019.02.27-02.29.02:632][  0]LogSlate: Took 0.000465 seconds to synchronously load lazily loaded font '../../../Engine/Content/Editor/Slate/Fonts/FontAwesome.ttf' (139K)
[2019.02.27-02.29.02:880][  0]LogRenderer: Reallocating scene render targets to support 1208x592 Format 10 NumSamples 1 (Frame:1).
[2019.02.27-02.29.03:233][  0]LogContentBrowser: Native class hierarchy updated for 'HierarchicalLODOutliner' in 0.0003 seconds. Added 1 classes and 2 folders.
[2019.02.27-02.29.03:233][  0]LogLoad: (Engine Initialization) Total time: 65.30 seconds
[2019.02.27-02.29.03:233][  0]LogLoad: (Engine Initialization) Total Blueprint compile time: 0.00 seconds
[2019.02.27-02.29.03:233][  0]LogExternalProfiler: Found external profiler: VSPerf
[2019.02.27-02.29.03:233][  0]LogExternalProfiler: Using external profiler: VSPerf
[2019.02.27-02.29.03:273][  0]LogContentStreaming: Texture pool size now 1000 MB
[2019.02.27-02.29.03:331][  0]LogSlate: Took 0.000558 seconds to synchronously load lazily loaded font '../../../Engine/Content/Slate/Fonts/Roboto-Light.ttf' (159K)
[2019.02.27-02.29.03:492][  1]LogAssetRegistry: Asset discovery search completed in 45.8397 seconds
[2019.02.27-02.29.03:494][  1]LogCollectionManager: Rebuilt the object cache for 0 collections in 0.000000 seconds (found 0 objects)
[2019.02.27-02.29.03:494][  1]LogCollectionManager: Fixed up redirectors for 0 collections in 0.000057 seconds (updated 0 objects)
[2019.02.27-02.29.04:310][ 41]LogSlate: Took 0.000332 seconds to synchronously load lazily loaded font '../../../Engine/Content/Slate/Fonts/Roboto-Light.ttf' (159K)
[2019.02.27-02.29.12:346][476]LogAudioDerivedData: Display: Building compressed audio format OGG wave Wall_Jump_16bit...
[2019.02.27-02.29.41:302][979]LogSlate: Took 0.000313 seconds to synchronously load lazily loaded font '../../../Engine/Content/Slate/Fonts/Roboto-Light.ttf' (159K)
[2019.02.27-02.29.42:371][979]LogSlate: Took 0.000344 seconds to synchronously load lazily loaded font '../../../Engine/Content/Slate/Fonts/Roboto-Regular.ttf' (155K)
[2019.02.27-02.29.44:738][979]LogTexture: Display: Building textures: HQ_Lightmap0_1 (AutoDXT, 256X256)
[2019.02.27-02.29.44:738][979]LogTexture: Display: Building textures: LQ_Lightmap_0_1 (DXT1, 256X256)
[2019.02.27-02.29.45:100][979]LogMaterial: Missing cached shader map for material BlueMaterial, compiling. 
[2019.02.27-02.29.46:520][979]LogMaterial: Missing cached shader map for material JumpWallParticleMaterial, compiling. 
[2019.02.27-02.29.46:698][979]LogStaticMesh: Building static mesh Cube1...
[2019.02.27-02.29.46:806][979]LogStaticMesh: Built static mesh [0.11s] /Game/Experimentals/Imported/Cube1.Cube1
[2019.02.27-02.29.47:034][979]LogAudioDerivedData: Display: Building compressed audio format OGG wave Step_hard_a_4_16...
[2019.02.27-02.29.47:110][979]LogAudioDerivedData: Display: Building compressed audio format OGG wave Step_hard_a_3_16...
[2019.02.27-02.29.47:214][979]LogMaterial: Missing cached shader map for material M_Ground_Gravel, compiling. 
[2019.02.27-02.29.47:364][979]LogMaterial: Missing cached shader map for material M_Brick_Cut_Stone, compiling. 
[2019.02.27-02.29.47:470][979]LogMaterial: Missing cached shader map for material Material, compiling. 
[2019.02.27-02.29.47:567][979]LogMaterial: Missing cached shader map for material M_UE4Man_Body, compiling. 
[2019.02.27-02.29.47:995][979]LogMaterial: Missing cached shader map for material M_UE4Man_Body, compiling. 
[2019.02.27-02.29.48:396][979]LogAudioDerivedData: Display: Building compressed audio format OGG wave Loop_Main...
[2019.02.27-02.29.58:680][979]LogMaterial: Missing cached shader map for material M_Brick_Clay_Beveled, compiling. 
[2019.02.27-02.29.58:769][979]LogAIModule: Creating AISystem for world SpectrumFactoryMap
[2019.02.27-02.29.59:387][979]Cmd: MAP LOAD FILE="../../../../../../Users/lockw/OneDrive/Documents/Unreal Projects/Spectrum/Content/SideScrollerBP/Maps/SpectrumFactoryMap.umap" TEMPLATE=0 SHOWPROGRESS=1 FEATURELEVEL=3
[2019.02.27-02.29.59:388][979]LightingResults: New page: Lighting Build
[2019.02.27-02.29.59:392][979]LoadErrors: New page: Loading map: SpectrumFactoryMap.umap
[2019.02.27-02.29.59:392][979]MapCheck: New page: Map Check
[2019.02.27-02.29.59:392][979]LightingResults: New page: Lighting Build
[2019.02.27-02.29.59:940][979]LogEditorServer: Finished looking for orphan Actors (0.000 secs)
[2019.02.27-02.30.00:161][979]Cmd: MAP CHECKDEP NOCLEARLOG
[2019.02.27-02.30.00:446][979]MapCheck: Map check complete: 0 Error(s), 0 Warning(s), took 284.479ms to complete.
[2019.02.27-02.30.00:447][979]LogFileHelpers: Loading map 'SpectrumFactoryMap' took 1.062
[2019.02.27-02.32.44:543][ 69]LogDirectoryWatcher: A directory notification for '../../../Engine/Plugins/' was aborted.
[2019.02.27-02.32.44:808][ 69]LogWindowsTextInputMethodSystem: Display: IME system now deactivated.
[2019.02.27-02.32.45:144][ 70]Cmd: QUIT_EDITOR
[2019.02.27-02.32.45:207][ 70]LogExit: Preparing to exit.
[2019.02.27-02.32.45:999][ 70]LogDirectoryWatcher: A directory notification for 'C:/Users/lockw/OneDrive/Documents/Unreal Projects/Spectrum/Content/' was aborted.
[2019.02.27-02.32.46:037][ 70]LogExit: Editor shut down
[2019.02.27-02.32.46:041][ 70]LogExit: Transaction tracking system shut down
[2019.02.27-02.32.46:242][ 70]LogDirectoryWatcher: A directory notification for '../../../Engine/Content/' was aborted.
[2019.02.27-02.32.46:242][ 70]LogDirectoryWatcher: A directory notification for '../../../../../../Users/lockw/OneDrive/Documents/Unreal Projects/Spectrum/Content/' was aborted.
[2019.02.27-02.32.46:242][ 70]LogDirectoryWatcher: A directory notification for '../../../Engine/Plugins/2D/Paper2D/Content/' was aborted.
[2019.02.27-02.32.46:242][ 70]LogDirectoryWatcher: A directory notification for '../../../Engine/Plugins/Media/MediaCompositing/Content/' was aborted.
[2019.02.27-02.32.46:242][ 70]LogDirectoryWatcher: A directory notification for '../../../Engine/Plugins/Runtime/AppleARKit/Content/' was aborted.
[2019.02.27-02.32.46:242][ 70]LogDirectoryWatcher: A directory notification for '../../../Engine/Plugins/Runtime/Oculus/OculusVR/Content/' was aborted.
[2019.02.27-02.32.46:242][ 70]LogDirectoryWatcher: A directory notification for '../../../Engine/Plugins/Runtime/Steam/SteamVR/Content/' was aborted.
[2019.02.27-02.32.46:331][ 70]LogExit: Object subsystem successfully closed.
[2019.02.27-02.32.46:358][ 70]LogD3D11RHI: Shutdown
[2019.02.27-02.32.46:358][ 70]LogD3D11RHI: CleanupD3DDevice
[2019.02.27-02.32.46:360][ 70]LogD3D11RHI: ~FD3D11DynamicRHI
[2019.02.27-02.32.46:410][ 70]LogModuleManager: Shutting down and abandoning module HierarchicalLODOutliner (549)
[2019.02.27-02.32.46:410][ 70]LogModuleManager: Shutting down and abandoning module SceneOutliner (547)
[2019.02.27-02.32.46:410][ 70]LogModuleManager: Shutting down and abandoning module AddContentDialog (545)
[2019.02.27-02.32.46:410][ 70]LogDirectoryWatcher: A directory notification for 'C:/Program Files/Epic Games/UE_4.18/FeaturePacks/' was aborted.
[2019.02.27-02.32.46:412][ 70]LogModuleManager: Shutting down and abandoning module WidgetCarousel (544)
[2019.02.27-02.32.46:412][ 70]LogModuleManager: Shutting down and abandoning module EditorWidgets (541)
[2019.02.27-02.32.46:412][ 70]LogModuleManager: Shutting down and abandoning module CollectionManager (539)
[2019.02.27-02.32.46:412][ 70]LogDirectoryWatcher: A directory notification for 'C:/Users/lockw/OneDrive/Documents/Unreal Projects/Spectrum/Content/Collections/' was aborted.
[2019.02.27-02.32.46:412][ 70]LogDirectoryWatcher: A directory notification for 'C:/Users/lockw/OneDrive/Documents/Unreal Projects/Spectrum/Content/Developers/Alex/Collections/' was aborted.
[2019.02.27-02.32.46:413][ 70]LogDirectoryWatcher: A directory notification for 'C:/Users/lockw/OneDrive/Documents/Unreal Projects/Spectrum/Saved/Collections/' was aborted.
[2019.02.27-02.32.46:413][ 70]LogModuleManager: Shutting down and abandoning module StatsViewer (537)
[2019.02.27-02.32.46:413][ 70]LogModuleManager: Shutting down and abandoning module FoliageEdit (535)
[2019.02.27-02.32.46:413][ 70]LogModuleManager: Shutting down and abandoning module LandscapeEditor (533)
[2019.02.27-02.32.46:413][ 70]LogModuleManager: Shutting down and abandoning module MeshPaintMode (531)
[2019.02.27-02.32.46:413][ 70]LogModuleManager: Shutting down and abandoning module SceneDepthPickerMode (529)
[2019.02.27-02.32.46:413][ 70]LogModuleManager: Shutting down and abandoning module ActorPickerMode (527)
[2019.02.27-02.32.46:413][ 70]LogModuleManager: Shutting down and abandoning module GeometryMode (525)
[2019.02.27-02.32.46:413][ 70]LogModuleManager: Shutting down and abandoning module TextureAlignMode (523)
[2019.02.27-02.32.46:413][ 70]LogModuleManager: Shutting down and abandoning module BspMode (521)
[2019.02.27-02.32.46:413][ 70]LogModuleManager: Shutting down and abandoning module PIEPreviewDeviceProfileSelector (519)
[2019.02.27-02.32.46:413][ 70]LogModuleManager: Shutting down and abandoning module HardwareSurvey (517)
[2019.02.27-02.32.46:413][ 70]LogModuleManager: Shutting down and abandoning module SequenceRecorderSections (515)
[2019.02.27-02.32.46:413][ 70]LogModuleManager: Shutting down and abandoning module AutomationWorker (513)
[2019.02.27-02.32.46:413][ 70]LogModuleManager: Shutting down and abandoning module MatineeToLevelSequence (511)
[2019.02.27-02.32.46:413][ 70]LogModuleManager: Shutting down and abandoning module LevelSequenceEditor (509)
[2019.02.27-02.32.46:414][ 70]LogModuleManager: Shutting down and abandoning module PlacementMode (508)
[2019.02.27-02.32.46:414][ 70]LogModuleManager: Shutting down and abandoning module WmfMediaFactory (505)
[2019.02.27-02.32.46:414][ 70]LogModuleManager: Shutting down and abandoning module WmfMediaEditor (503)
[2019.02.27-02.32.46:414][ 70]LogModuleManager: Shutting down and abandoning module OpenExrWrapper (501)
[2019.02.27-02.32.46:414][ 70]LogModuleManager: Shutting down and abandoning module ImgMediaFactory (499)
[2019.02.27-02.32.46:414][ 70]LogModuleManager: Shutting down and abandoning module ImgMediaEditor (497)
[2019.02.27-02.32.46:414][ 70]LogModuleManager: Shutting down and abandoning module AvfMediaFactory (495)
[2019.02.27-02.32.46:414][ 70]LogModuleManager: Shutting down and abandoning module AvfMediaEditor (493)
[2019.02.27-02.32.46:414][ 70]LogModuleManager: Shutting down and abandoning module AndroidMediaFactory (491)
[2019.02.27-02.32.46:414][ 70]LogModuleManager: Shutting down and abandoning module AndroidMediaEditor (489)
[2019.02.27-02.32.46:414][ 70]LogModuleManager: Shutting down and abandoning module CharacterAI (487)
[2019.02.27-02.32.46:414][ 70]LogModuleManager: Shutting down and abandoning module AudioCapture (485)
[2019.02.27-02.32.46:414][ 70]LogModuleManager: Shutting down and abandoning module SequenceRecorder (484)
[2019.02.27-02.32.46:414][ 70]LogModuleManager: Shutting down and abandoning module SmartSnapping (481)
[2019.02.27-02.32.46:414][ 70]LogModuleManager: Shutting down and abandoning module SessionServices (479)
[2019.02.27-02.32.46:414][ 70]LogModuleManager: Shutting down and abandoning module ViewportSnapping (477)
[2019.02.27-02.32.46:414][ 70]LogModuleManager: Shutting down and abandoning module ViewportInteraction (475)
[2019.02.27-02.32.46:414][ 70]LogModuleManager: Shutting down and abandoning module ClothPainter (473)
[2019.02.27-02.32.46:414][ 70]LogModuleManager: Shutting down and abandoning module SkeletalMeshEditor (472)
[2019.02.27-02.32.46:414][ 70]LogModuleManager: Shutting down and abandoning module LogVisualizer (469)
[2019.02.27-02.32.46:414][ 70]LogModuleManager: Shutting down and abandoning module IntroTutorials (467)
[2019.02.27-02.32.46:414][ 70]LogModuleManager: Shutting down and abandoning module GameProjectGeneration (466)
[2019.02.27-02.32.46:414][ 70]LogModuleManager: Shutting down and abandoning module IOSPlatformEditor (463)
[2019.02.27-02.32.46:414][ 70]LogModuleManager: Shutting down and abandoning module HTML5PlatformEditor (461)
[2019.02.27-02.32.46:414][ 70]LogModuleManager: Shutting down and abandoning module AndroidPlatformEditor (459)
[2019.02.27-02.32.46:415][ 70]LogModuleManager: Shutting down and abandoning module AndroidDeviceDetection (458)
[2019.02.27-02.32.46:799][ 70]LogModuleManager: Shutting down and abandoning module WindowsPlatformEditor (455)
[2019.02.27-02.32.46:799][ 70]LogModuleManager: Shutting down and abandoning module IOSRuntimeSettings (453)
[2019.02.27-02.32.46:799][ 70]LogModuleManager: Shutting down and abandoning module AndroidRuntimeSettings (451)
[2019.02.27-02.32.46:799][ 70]LogModuleManager: Shutting down and abandoning module InputBindingEditor (449)
[2019.02.27-02.32.46:799][ 70]LogModuleManager: Shutting down and abandoning module MergeActors (447)
[2019.02.27-02.32.46:799][ 70]LogModuleManager: Shutting down and abandoning module SizeMap (445)
[2019.02.27-02.32.46:800][ 70]LogModuleManager: Shutting down and abandoning module TreeMap (443)
[2019.02.27-02.32.46:800][ 70]LogModuleManager: Shutting down and abandoning module ReferenceViewer (441)
[2019.02.27-02.32.46:800][ 70]LogModuleManager: Shutting down and abandoning module LocalizationDashboard (439)
[2019.02.27-02.32.46:800][ 70]LogModuleManager: Shutting down and abandoning module LocalizationService (438)
[2019.02.27-02.32.46:800][ 70]LogModuleManager: Shutting down and abandoning module HardwareTargeting (435)
[2019.02.27-02.32.46:800][ 70]LogModuleManager: Shutting down and abandoning module DeviceProfileEditor (433)
[2019.02.27-02.32.46:800][ 70]LogModuleManager: Shutting down and abandoning module UndoHistory (431)
[2019.02.27-02.32.46:800][ 70]LogModuleManager: Shutting down and abandoning module XmlParser (429)
[2019.02.27-02.32.46:800][ 70]LogModuleManager: Shutting down and abandoning module Blutility (427)
[2019.02.27-02.32.46:800][ 70]LogModuleManager: Shutting down and abandoning module ProjectSettingsViewer (425)
[2019.02.27-02.32.46:801][ 70]LogModuleManager: Shutting down and abandoning module ProjectTargetPlatformEditor (424)
[2019.02.27-02.32.46:801][ 70]LogModuleManager: Shutting down and abandoning module EditorSettingsViewer (421)
[2019.02.27-02.32.46:801][ 70]LogModuleManager: Shutting down and abandoning module SettingsEditor (419)
[2019.02.27-02.32.46:801][ 70]LogModuleManager: Shutting down and abandoning module ProjectLauncher (417)
[2019.02.27-02.32.46:801][ 70]LogModuleManager: Shutting down and abandoning module SessionFrontend (415)
[2019.02.27-02.32.46:801][ 70]LogModuleManager: Shutting down and abandoning module ProfilerClient (413)
[2019.02.27-02.32.46:802][ 70]LogModuleManager: Shutting down and abandoning module DeviceManager (411)
[2019.02.27-02.32.46:802][ 70]LogModuleManager: Shutting down and abandoning module TargetDeviceServices (410)
[2019.02.27-02.32.46:857][ 70]LogModuleManager: Shutting down and abandoning module AutomationController (407)
[2019.02.27-02.32.46:857][ 70]LogModuleManager: Shutting down and abandoning module AutomationWindow (405)
[2019.02.27-02.32.46:857][ 70]LogModuleManager: Shutting down and abandoning module Layers (403)
[2019.02.27-02.32.46:857][ 70]LogModuleManager: Shutting down and abandoning module ComponentVisualizers (401)
[2019.02.27-02.32.46:857][ 70]LogModuleManager: Shutting down and abandoning module DetailCustomizations (399)
[2019.02.27-02.32.46:857][ 70]LogModuleManager: Shutting down and abandoning module PackagesDialog (397)
[2019.02.27-02.32.46:857][ 70]LogModuleManager: Shutting down and abandoning module Persona (395)
[2019.02.27-02.32.46:857][ 70]LogModuleManager: Shutting down and abandoning module AdvancedPreviewScene (394)
[2019.02.27-02.32.46:857][ 70]LogModuleManager: Shutting down and abandoning module AnimGraph (392)
[2019.02.27-02.32.46:857][ 70]LogModuleManager: Shutting down and abandoning module Kismet (389)
[2019.02.27-02.32.46:858][ 70]LogModuleManager: Shutting down and abandoning module ClassViewer (387)
[2019.02.27-02.32.46:858][ 70]LogModuleManager: Shutting down and abandoning module Toolbox (385)
[2019.02.27-02.32.46:859][ 70]LogModuleManager: Shutting down and abandoning module ModuleUI (383)
[2019.02.27-02.32.46:859][ 70]LogModuleManager: Shutting down and abandoning module MovieSceneTools (381)
[2019.02.27-02.32.46:859][ 70]LogModuleManager: Shutting down and abandoning module OutputLog (379)
[2019.02.27-02.32.46:859][ 70]LogModuleManager: Shutting down and abandoning module GammaUI (377)
[2019.02.27-02.32.46:859][ 70]LogModuleManager: Shutting down and abandoning module Documentation (375)
[2019.02.27-02.32.46:859][ 70]LogModuleManager: Shutting down and abandoning module MovieSceneTracks (373)
[2019.02.27-02.32.46:859][ 70]LogModuleManager: Shutting down and abandoning module MovieScene (371)
[2019.02.27-02.32.46:859][ 70]LogModuleManager: Shutting down and abandoning module StreamingPauseRendering (369)
[2019.02.27-02.32.46:859][ 70]LogModuleManager: Shutting down and abandoning module LauncherPlatform (367)
[2019.02.27-02.32.46:859][ 70]LogModuleManager: Shutting down and abandoning module AnalyticsET (365)
[2019.02.27-02.32.46:859][ 70]LogModuleManager: Shutting down and abandoning module PortalServices (363)
[2019.02.27-02.32.46:859][ 70]LogModuleManager: Shutting down and abandoning module PortalRpc (361)
[2019.02.27-02.32.46:859][ 70]LogModuleManager: Shutting down and abandoning module MessagingRpc (359)
[2019.02.27-02.32.46:859][ 70]LogModuleManager: Shutting down and abandoning module AIModule (357)
[2019.02.27-02.32.46:859][ 70]LogModuleManager: Shutting down and abandoning module GameplayDebugger (356)
[2019.02.27-02.32.46:860][ 70]LogModuleManager: Shutting down and abandoning module AITestSuite (354)
[2019.02.27-02.32.46:860][ 70]LogModuleManager: Shutting down and abandoning module DesktopPlatform (351)
[2019.02.27-02.32.46:860][ 70]LogModuleManager: Shutting down and abandoning module ProfilerService (349)
[2019.02.27-02.32.46:866][ 70]LogModuleManager: Shutting down and abandoning module TaskGraph (347)
[2019.02.27-02.32.46:866][ 70]LogModuleManager: Shutting down and abandoning module SteamVRController (345)
[2019.02.27-02.32.46:866][ 70]LogModuleManager: Shutting down and abandoning module ProceduralMeshComponentEditor (343)
[2019.02.27-02.32.46:866][ 70]LogModuleManager: Shutting down and abandoning module ProceduralMeshComponent (341)
[2019.02.27-02.32.46:866][ 70]LogModuleManager: Shutting down and abandoning module OculusInput (339)
[2019.02.27-02.32.46:866][ 70]LogModuleManager: Shutting down and abandoning module MobilePatchingUtils (337)
[2019.02.27-02.32.46:866][ 70]LogModuleManager: Shutting down and abandoning module CustomMeshComponent (335)
[2019.02.27-02.32.46:866][ 70]LogModuleManager: Shutting down and abandoning module CableComponent (333)
[2019.02.27-02.32.46:866][ 70]LogModuleManager: Shutting down and abandoning module ArchVisCharacter (331)
[2019.02.27-02.32.46:866][ 70]LogModuleManager: Shutting down and abandoning module AndroidPermission (329)
[2019.02.27-02.32.46:866][ 70]LogModuleManager: Shutting down and abandoning module ActorSequence (327)
[2019.02.27-02.32.46:866][ 70]LogModuleManager: Shutting down and abandoning module MediaPlayerEditor (325)
[2019.02.27-02.32.46:867][ 70]LogModuleManager: Shutting down and abandoning module MediaCompositingEditor (323)
[2019.02.27-02.32.46:867][ 70]LogModuleManager: Shutting down and abandoning module MediaCompositing (321)
[2019.02.27-02.32.46:867][ 70]LogModuleManager: Shutting down and abandoning module HTML5Networking (319)
[2019.02.27-02.32.46:867][ 70]LogModuleManager: Shutting down and abandoning module AlembicImporter (317)
[2019.02.27-02.32.46:867][ 70]LogModuleManager: Shutting down and abandoning module AlembicLibrary (316)
[2019.02.27-02.32.46:867][ 70]LogModuleManager: Shutting down and abandoning module GeometryCache (315)
[2019.02.27-02.32.46:867][ 70]LogModuleManager: Shutting down and abandoning module GeometryCacheEd (314)
[2019.02.27-02.32.46:867][ 70]LogModuleManager: Shutting down and abandoning module SpeedTreeImporter (309)
[2019.02.27-02.32.46:867][ 70]LogModuleManager: Shutting down and abandoning module PluginBrowser (307)
[2019.02.27-02.32.46:867][ 70]LogModuleManager: Shutting down and abandoning module MobileLauncherProfileWizard (305)
[2019.02.27-02.32.46:867][ 70]LogModuleManager: Shutting down and abandoning module VisualStudioSourceCodeAccess (303)
[2019.02.27-02.32.46:868][ 70]LogModuleManager: Shutting down and abandoning module VisualStudioCodeSourceCodeAccess (301)
[2019.02.27-02.32.46:868][ 70]LogModuleManager: Shutting down and abandoning module UObjectPlugin (299)
[2019.02.27-02.32.46:868][ 70]LogModuleManager: Shutting down and abandoning module SubversionSourceControl (297)
[2019.02.27-02.32.46:868][ 70]LogModuleManager: Shutting down and abandoning module PerforceSourceControl (295)
[2019.02.27-02.32.46:868][ 70]LogModuleManager: Shutting down and abandoning module GitSourceControl (293)
[2019.02.27-02.32.46:868][ 70]LogModuleManager: Shutting down and abandoning module SourceControl (292)
[2019.02.27-02.32.46:868][ 70]LogModuleManager: Shutting down and abandoning module LightPropagationVolumeEditor (289)
[2019.02.27-02.32.46:868][ 70]LogModuleManager: Shutting down and abandoning module PaperTiledImporter (287)
[2019.02.27-02.32.46:868][ 70]LogModuleManager: Shutting down and abandoning module PaperSpriteSheetImporter (285)
[2019.02.27-02.32.46:868][ 70]LogModuleManager: Shutting down and abandoning module Paper2DEditor (283)
[2019.02.27-02.32.46:868][ 70]LogModuleManager: Shutting down and abandoning module MeshPaint (282)
[2019.02.27-02.32.46:868][ 70]LogModuleManager: Shutting down and abandoning module LevelEditor (280)
[2019.02.27-02.32.46:872][ 70]LogModuleManager: Shutting down and abandoning module PixelInspectorModule (279)
[2019.02.27-02.32.46:872][ 70]LogModuleManager: Shutting down and abandoning module MainFrame (277)
[2019.02.27-02.32.46:872][ 70]LogModuleManager: Shutting down and abandoning module HotReload (276)
[2019.02.27-02.32.46:873][ 70]LogModuleManager: Shutting down and abandoning module RuntimePhysXCooking (271)
[2019.02.27-02.32.46:873][ 70]LogModuleManager: Shutting down and abandoning module PhysXVehiclesEditor (269)
[2019.02.27-02.32.46:873][ 70]LogModuleManager: Shutting down and abandoning module PhysXVehicles (267)
[2019.02.27-02.32.46:873][ 70]LogModuleManager: Shutting down and abandoning module OculusEditor (265)
[2019.02.27-02.32.46:873][ 70]LogModuleManager: Shutting down and abandoning module LocationServicesBPLibrary (263)
[2019.02.27-02.32.46:873][ 70]LogModuleManager: Shutting down and abandoning module ImmediatePhysicsEditor (261)
[2019.02.27-02.32.46:873][ 70]LogModuleManager: Shutting down and abandoning module ImmediatePhysics (259)
[2019.02.27-02.32.46:873][ 70]LogModuleManager: Shutting down and abandoning module UdpMessaging (257)
[2019.02.27-02.32.46:974][ 70]LogModuleManager: Shutting down and abandoning module TcpMessaging (255)
[2019.02.27-02.32.47:074][ 70]LogModuleManager: Shutting down and abandoning module GameplayTagsEditor (253)
[2019.02.27-02.32.47:074][ 70]LogModuleManager: Shutting down and abandoning module FacialAnimationEditor (251)
[2019.02.27-02.32.47:074][ 70]LogModuleManager: Shutting down and abandoning module FacialAnimation (249)
[2019.02.27-02.32.47:074][ 70]LogModuleManager: Shutting down and abandoning module AssetManagerEditor (247)
[2019.02.27-02.32.47:074][ 70]LogModuleManager: Shutting down and abandoning module GraphEditor (246)
[2019.02.27-02.32.47:074][ 70]LogModuleManager: Shutting down and abandoning module ContentBrowser (244)
[2019.02.27-02.32.47:075][ 70]LogModuleManager: Shutting down and abandoning module LightPropagationVolumeRuntime (241)
[2019.02.27-02.32.47:075][ 70]LogModuleManager: Shutting down and abandoning module Paper2D (239)
[2019.02.27-02.32.47:075][ 70]LogModuleManager: Shutting down and abandoning module WindowsMoviePlayer (237)
[2019.02.27-02.32.47:075][ 70]LogModuleManager: Shutting down and abandoning module WmfMedia (235)
[2019.02.27-02.32.47:080][ 70]LogModuleManager: Shutting down and abandoning module ImgMedia (233)
[2019.02.27-02.32.47:080][ 70]LogModuleManager: Shutting down and abandoning module PacketHandler (231)
[2019.02.27-02.32.47:080][ 70]LogModuleManager: Shutting down and abandoning module ClothingSystemEditor (229)
[2019.02.27-02.32.47:080][ 70]LogModuleManager: Shutting down and abandoning module ClothingSystemRuntime (227)
[2019.02.27-02.32.47:080][ 70]LogModuleManager: Shutting down and abandoning module MediaAssets (225)
[2019.02.27-02.32.47:080][ 70]LogModuleManager: Shutting down and abandoning module Media (224)
[2019.02.27-02.32.47:086][ 70]LogModuleManager: Shutting down and abandoning module Overlay (221)
[2019.02.27-02.32.47:086][ 70]LogModuleManager: Shutting down and abandoning module OverlayEditor (220)
[2019.02.27-02.32.47:086][ 70]LogModuleManager: Shutting down and abandoning module VREditor (217)
[2019.02.27-02.32.47:086][ 70]LogModuleManager: Shutting down and abandoning module StringTableEditor (215)
[2019.02.27-02.32.47:086][ 70]LogModuleManager: Shutting down and abandoning module GameplayTasksEditor (213)
[2019.02.27-02.32.47:087][ 70]LogModuleManager: Shutting down and abandoning module BehaviorTreeEditor (211)
[2019.02.27-02.32.47:087][ 70]LogModuleManager: Shutting down and abandoning module FunctionalTesting (209)
[2019.02.27-02.32.47:087][ 70]LogModuleManager: Shutting down and abandoning module CollisionAnalyzer (207)
[2019.02.27-02.32.47:087][ 70]LogModuleManager: Shutting down and abandoning module WorkspaceMenuStructure (206)
[2019.02.27-02.32.47:087][ 70]LogModuleManager: Shutting down and abandoning module UMG (203)
[2019.02.27-02.32.47:087][ 70]LogModuleManager: Shutting down and abandoning module UMGEditor (202)
[2019.02.27-02.32.47:087][ 70]LogModuleManager: Shutting down and abandoning module Sequencer (201)
[2019.02.27-02.32.47:087][ 70]LogModuleManager: Shutting down and abandoning module MessageLog (198)
[2019.02.27-02.32.47:087][ 70]LogModuleManager: Shutting down and abandoning module SlateReflector (193)
[2019.02.27-02.32.47:087][ 70]LogModuleManager: Shutting down and abandoning module Slate (191)
[2019.02.27-02.32.47:087][ 70]LogModuleManager: Shutting down and abandoning module EditorStyle (189)
[2019.02.27-02.32.47:091][ 70]LogModuleManager: Shutting down and abandoning module MRMesh (187)
[2019.02.27-02.32.47:091][ 70]LogModuleManager: Shutting down and abandoning module SourceCodeAccess (185)
[2019.02.27-02.32.47:091][ 70]LogModuleManager: Shutting down and abandoning module HeadMountedDisplay (183)
[2019.02.27-02.32.47:091][ 70]LogModuleManager: Shutting down and abandoning module XAudio2 (181)
[2019.02.27-02.32.47:091][ 70]LogModuleManager: Shutting down and abandoning module Networking (179)
[2019.02.27-02.32.47:091][ 70]LogModuleManager: Shutting down and abandoning module Core (177)
[2019.02.27-02.32.47:091][ 70]LogModuleManager: Shutting down and abandoning module LevelSequence (173)
[2019.02.27-02.32.47:091][ 70]LogModuleManager: Shutting down and abandoning module DirectoryWatcher (171)
[2019.02.27-02.32.47:095][ 70]LogModuleManager: Shutting down and abandoning module KismetCompiler (169)
[2019.02.27-02.32.47:095][ 70]LogModuleManager: Shutting down and abandoning module MeshUtilities (167)
[2019.02.27-02.32.47:095][ 70]LogModuleManager: Shutting down and abandoning module MeshMergeUtilities (166)
[2019.02.27-02.32.47:095][ 70]LogModuleManager: Shutting down and abandoning module MeshReductionInterface (165)
[2019.02.27-02.32.47:095][ 70]LogModuleManager: Shutting down and abandoning module SimplygonSwarm (164)
[2019.02.27-02.32.47:095][ 70]LogModuleManager: Shutting down and abandoning module SimplygonMeshReduction (162)
[2019.02.27-02.32.47:095][ 70]LogModuleManager: Shutting down and abandoning module QuadricMeshReduction (160)
[2019.02.27-02.32.47:095][ 70]LogModuleManager: Shutting down and abandoning module MaterialBaking (156)
[2019.02.27-02.32.47:096][ 70]LogModuleManager: Shutting down and abandoning module DerivedDataCache (153)
[2019.02.27-02.32.47:167][ 70]LogDerivedDataCache: Shutdown
[2019.02.27-02.32.47:167][ 70]LogModuleManager: Shutting down and abandoning module TargetPlatform (151)
[2019.02.27-02.32.47:167][ 70]LogModuleManager: Shutting down and abandoning module VulkanShaderFormat (150)
[2019.02.27-02.32.47:167][ 70]LogModuleManager: Shutting down and abandoning module ShaderFormatVectorVM (148)
[2019.02.27-02.32.47:168][ 70]LogModuleManager: Shutting down and abandoning module ShaderFormatOpenGL (146)
[2019.02.27-02.32.47:168][ 70]LogModuleManager: Shutting down and abandoning module ShaderFormatD3D (144)
[2019.02.27-02.32.47:168][ 70]LogModuleManager: Shutting down and abandoning module MetalShaderFormat (142)
[2019.02.27-02.32.47:168][ 70]LogModuleManager: Shutting down and abandoning module TextureFormatUncompressed (140)
[2019.02.27-02.32.47:168][ 70]LogModuleManager: Shutting down and abandoning module TextureFormatPVR (138)
[2019.02.27-02.32.47:168][ 70]LogModuleManager: Shutting down and abandoning module TextureFormatDXT (136)
[2019.02.27-02.32.47:168][ 70]LogModuleManager: Shutting down and abandoning module TextureFormatIntelISPCTexComp (134)
[2019.02.27-02.32.47:168][ 70]LogModuleManager: Shutting down and abandoning module TextureFormatASTC (132)
[2019.02.27-02.32.47:168][ 70]LogModuleManager: Shutting down and abandoning module ImageWrapper (131)
[2019.02.27-02.32.47:168][ 70]LogModuleManager: Shutting down and abandoning module TextureFormatAndroid (128)
[2019.02.27-02.32.47:168][ 70]LogModuleManager: Shutting down and abandoning module AudioFormatOpus (126)
[2019.02.27-02.32.47:168][ 70]LogModuleManager: Shutting down and abandoning module AudioFormatOgg (124)
[2019.02.27-02.32.47:168][ 70]LogModuleManager: Shutting down and abandoning module AudioFormatADPCM (122)
[2019.02.27-02.32.47:168][ 70]LogModuleManager: Shutting down and abandoning module LinuxTargetPlatform (120)
[2019.02.27-02.32.47:168][ 70]LogModuleManager: Shutting down and abandoning module LinuxServerTargetPlatform (118)
[2019.02.27-02.32.47:168][ 70]LogModuleManager: Shutting down and abandoning module LinuxNoEditorTargetPlatform (116)
[2019.02.27-02.32.47:168][ 70]LogModuleManager: Shutting down and abandoning module LinuxClientTargetPlatform (114)
[2019.02.27-02.32.47:168][ 70]LogModuleManager: Shutting down and abandoning module TVOSTargetPlatform (112)
[2019.02.27-02.32.47:168][ 70]LogModuleManager: Shutting down and abandoning module Messaging (110)
[2019.02.27-02.32.47:168][ 70]LogModuleManager: Shutting down and abandoning module IOSTargetPlatform (108)
[2019.02.27-02.32.47:168][ 70]LogModuleManager: Shutting down and abandoning module HTML5TargetPlatform (106)
[2019.02.27-02.32.47:168][ 70]LogModuleManager: Shutting down and abandoning module AndroidTargetPlatform (104)
[2019.02.27-02.32.47:168][ 70]LogModuleManager: Shutting down and abandoning module Android_PVRTCTargetPlatform (102)
[2019.02.27-02.32.47:168][ 70]LogModuleManager: Shutting down and abandoning module Android_MultiTargetPlatform (100)
[2019.02.27-02.32.47:168][ 70]LogModuleManager: Shutting down and abandoning module Android_ETC2TargetPlatform (98)
[2019.02.27-02.32.47:168][ 70]LogModuleManager: Shutting down and abandoning module Android_ETC1TargetPlatform (96)
[2019.02.27-02.32.47:168][ 70]LogModuleManager: Shutting down and abandoning module Android_DXTTargetPlatform (94)
[2019.02.27-02.32.47:168][ 70]LogModuleManager: Shutting down and abandoning module Android_ATCTargetPlatform (92)
[2019.02.27-02.32.47:168][ 70]LogModuleManager: Shutting down and abandoning module Android_ASTCTargetPlatform (90)
[2019.02.27-02.32.47:168][ 70]LogModuleManager: Shutting down and abandoning module WindowsTargetPlatform (88)
[2019.02.27-02.32.47:168][ 70]LogModuleManager: Shutting down and abandoning module WindowsServerTargetPlatform (86)
[2019.02.27-02.32.47:168][ 70]LogModuleManager: Shutting down and abandoning module WindowsNoEditorTargetPlatform (84)
[2019.02.27-02.32.47:168][ 70]LogModuleManager: Shutting down and abandoning module WindowsClientTargetPlatform (82)
[2019.02.27-02.32.47:168][ 70]LogModuleManager: Shutting down and abandoning module MacTargetPlatform (80)
[2019.02.27-02.32.47:168][ 70]LogModuleManager: Shutting down and abandoning module MacServerTargetPlatform (78)
[2019.02.27-02.32.47:168][ 70]LogModuleManager: Shutting down and abandoning module MacNoEditorTargetPlatform (76)
[2019.02.27-02.32.47:168][ 70]LogModuleManager: Shutting down and abandoning module MacClientTargetPlatform (74)
[2019.02.27-02.32.47:168][ 70]LogModuleManager: Shutting down and abandoning module AllDesktopTargetPlatform (72)
[2019.02.27-02.32.47:169][ 70]LogModuleManager: Shutting down and abandoning module InputCore (69)
[2019.02.27-02.32.47:169][ 70]LogModuleManager: Shutting down and abandoning module Settings (67)
[2019.02.27-02.32.47:169][ 70]LogModuleManager: Shutting down and abandoning module PhysXCooking (65)
[2019.02.27-02.32.47:169][ 70]LogModuleManager: Shutting down and abandoning module SteamVR (63)
[2019.02.27-02.32.47:169][ 70]LogModuleManager: Shutting down and abandoning module OculusHMD (61)
[2019.02.27-02.32.47:169][ 70]LogModuleManager: Shutting down and abandoning module ExampleDeviceProfileSelector (59)
[2019.02.27-02.32.47:169][ 70]LogModuleManager: Shutting down and abandoning module AppleARKit (57)
[2019.02.27-02.32.47:169][ 70]LogModuleManager: Shutting down and abandoning module AugmentedReality (56)
[2019.02.27-02.32.47:169][ 70]LogModuleManager: Shutting down and abandoning module OnlineBlueprintSupport (53)
[2019.02.27-02.32.47:169][ 70]LogModuleManager: Shutting down and abandoning module OnlineSubsystem (49)
[2019.02.27-02.32.47:169][ 70]LogOnline: Display: OSS: FOnlineSubsystemNull::Shutdown()
[2019.02.27-02.32.47:169][ 70]LogOnline: Display: OSS: FOnlineAsyncTaskManager::Stop() ActiveTask:0000000000000000 Tasks[0/0]
[2019.02.27-02.32.47:169][ 70]LogOnline: Display: OSS: FOnlineAsyncTaskManager::Exit() started
[2019.02.27-02.32.47:170][ 70]LogOnline: Display: OSS: FOnlineAsyncTaskManager::Exit() finished
[2019.02.27-02.32.47:170][ 70]LogModuleManager: Shutting down and abandoning module XMPP (43)
[2019.02.27-02.32.47:170][ 70]LogModuleManager: Shutting down and abandoning module HTTP (41)
[2019.02.27-02.32.47:170][ 70]LogHttp: Display: Http module shutting down, but needs to wait on 1 outstanding Http requests:
[2019.02.27-02.32.47:170][ 70]LogHttp: Display: 	verb=[POST] url=[https://datarouter.ol.epicgames.com/datarouter/api/v1/public/data?SessionID=%7BBF23AE63-4DFC-AEA6-305B-9FB120E110A8%7D&AppID=UEEditor.Rocket.Release&AppVersion=4.18.2-3794801%2B%2B%2BUE4%2BRelease-4.18&UserID=e1c132fb4e517ca4b23e62b676153c42%7Cca1cf3a7f87946a6ac6be9dc4f608c5f%7C500511ff-5481-4efe-8d48-20748a11a0d6&AppEnvironment=datacollector-binary&UploadType=eteventstream] status=Processing
[2019.02.27-02.32.47:198][ 70]LogModuleManager: Shutting down and abandoning module SSL (40)
[2019.02.27-02.32.47:201][ 70]LogModuleManager: Shutting down and abandoning module AnimationModifiers (36)
[2019.02.27-02.32.47:201][ 70]LogModuleManager: Shutting down and abandoning module PropertyEditor (35)
[2019.02.27-02.32.47:201][ 70]LogModuleManager: Shutting down and abandoning module AudioEditor (32)
[2019.02.27-02.32.47:201][ 70]LogModuleManager: Shutting down and abandoning module TextureCompressor (30)
[2019.02.27-02.32.47:201][ 70]LogModuleManager: Shutting down and abandoning module ShaderCore (28)
[2019.02.27-02.32.47:201][ 70]LogModuleManager: Shutting down and abandoning module Landscape (26)
[2019.02.27-02.32.47:201][ 70]LogModuleManager: Shutting down and abandoning module SlateRHIRenderer (24)
[2019.02.27-02.32.47:202][ 70]LogModuleManager: Shutting down and abandoning module OpenGLDrv (22)
[2019.02.27-02.32.47:202][ 70]LogModuleManager: Shutting down and abandoning module D3D11RHI (20)
[2019.02.27-02.32.47:202][ 70]LogModuleManager: Shutting down and abandoning module AnimGraphRuntime (18)
[2019.02.27-02.32.47:202][ 70]LogModuleManager: Shutting down and abandoning module Renderer (16)
[2019.02.27-02.32.47:202][ 70]LogModuleManager: Shutting down and abandoning module Engine (14)
[2019.02.27-02.32.47:202][ 70]LogModuleManager: Shutting down and abandoning module CoreUObject (12)
[2019.02.27-02.32.47:202][ 70]LogModuleManager: Shutting down and abandoning module NetworkFile (10)
[2019.02.27-02.32.47:202][ 70]LogModuleManager: Shutting down and abandoning module CookedIterativeFile (8)
[2019.02.27-02.32.47:203][ 70]LogModuleManager: Shutting down and abandoning module StreamingFile (6)
[2019.02.27-02.32.47:203][ 70]LogModuleManager: Shutting down and abandoning module SandboxFile (4)
[2019.02.27-02.32.47:203][ 70]LogModuleManager: Shutting down and abandoning module PakFile (2)
[2019.02.27-02.32.47:207][ 70]LogExit: Exiting.
[2019.02.27-02.32.47:242][ 70]Log file closed, 02/26/19 18:32:47
