Log file open, 02/17/19 21:42:15
LogWindows: Failed to load 'aqProf.dll' (GetLastError=126)
LogWindows: File 'aqProf.dll' does not exist
LogWindows: Failed to load 'VSPerf140.dll' (GetLastError=126)
LogWindows: File 'VSPerf140.dll' does not exist
LogWindows: Failed to load 'VtuneApi.dll' (GetLastError=126)
LogWindows: File 'VtuneApi.dll' does not exist
LogWindows: Failed to load 'VtuneApi32e.dll' (GetLastError=126)
LogWindows: File 'VtuneApi32e.dll' does not exist
LogInit: Display: Running engine for game: GeoShot
LogPlatformFile: Not using cached read wrapper
LogInit: Display: RandInit(940137073) SRandInit(940137073).
LogInit: Read version file with build ID '3709383'
LogInit: Overriding engine version to CL 3794801, compatible CL 3709383
LogInit: Registered custom module enumerator with build ID '3709383'
LogInit: Warning: Passing commandline switches using / instead of - has been deprecated and will be removed in future versions of Unreal Engine.
LogTaskGraph: Started task graph with 5 named threads and 14 total threads with 3 sets of task threads.
LogStats: Stats thread started at 0.448435
LogPluginManager: Warning: Plugin 'AdvancedSessions' exists at '../../../../../../Users/lockw/OneDrive/Documents/Unreal Projects/GeoShot/Plugins/AdvancedSessions/AdvancedSessions/AdvancedSessions.uplugin' and '../../../../../../Users/lockw/OneDrive/Documents/Unreal Projects/GeoShot/Plugins/AdvancedSessions/AdvancedSessions.uplugin' - second location will be ignored
LogD3D11RHI: Aftermath initialized
LogInit: Warning: Passing commandline switches using / instead of - has been deprecated and will be removed in future versions of Unreal Engine.
LogModuleManager: Display: Found up-to-date module file ../../../Engine/Plugins/Online/OnlineSubsystemSteam/Binaries/Win64/UE4Editor-OnlineSubsystemSteam.dll (API version 3709383).
LogModuleManager: Display: Found up-to-date module file ../../../Engine/Plugins/Online/OnlineSubsystem/Binaries/Win64/UE4Editor-OnlineSubsystem.dll (API version 3709383).
LogModuleManager: Display: Found up-to-date module file ../../../Engine/Plugins/Online/OnlineSubsystemUtils/Binaries/Win64/UE4Editor-OnlineSubsystemUtils.dll (API version 3709383).
LogModuleManager: Display: Found up-to-date module file ../../../Engine/Plugins/Online/OnlineSubsystemUtils/Binaries/Win64/UE4Editor-OnlineBlueprintSupport.dll (API version 3709383).
LogModuleManager: Display: Found up-to-date module file ../../../Engine/Plugins/2D/Paper2D/Binaries/Win64/UE4Editor-Paper2D.dll (API version 3709383).
LogModuleManager: Display: Found up-to-date module file ../../../Engine/Plugins/2D/Paper2D/Binaries/Win64/UE4Editor-Paper2DEditor.dll (API version 3709383).
LogModuleManager: Display: Found up-to-date module file ../../../Engine/Plugins/2D/Paper2D/Binaries/Win64/UE4Editor-PaperSpriteSheetImporter.dll (API version 3709383).
LogModuleManager: Display: Found up-to-date module file ../../../Engine/Plugins/2D/Paper2D/Binaries/Win64/UE4Editor-PaperTiledImporter.dll (API version 3709383).
LogModuleManager: Display: Found up-to-date module file ../../../Engine/Plugins/2D/Paper2D/Binaries/Win64/UE4Editor-SmartSnapping.dll (API version 3709383).
LogModuleManager: Display: Found up-to-date module file ../../../Engine/Plugins/Blendables/LightPropagationVolume/Binaries/Win64/UE4Editor-LightPropagationVolumeRuntime.dll (API version 3709383).
LogModuleManager: Display: Found up-to-date module file ../../../Engine/Plugins/Blendables/LightPropagationVolume/Binaries/Win64/UE4Editor-LightPropagationVolumeEditor.dll (API version 3709383).
LogModuleManager: Display: Found up-to-date module file ../../../Engine/Plugins/Developer/GitSourceControl/Binaries/Win64/UE4Editor-GitSourceControl.dll (API version 3709383).
LogModuleManager: Display: Found up-to-date module file ../../../Engine/Plugins/Developer/PerforceSourceControl/Binaries/Win64/UE4Editor-PerforceSourceControl.dll (API version 3709383).
LogModuleManager: Display: Found up-to-date module file ../../../Engine/Plugins/Developer/SubversionSourceControl/Binaries/Win64/UE4Editor-SubversionSourceControl.dll (API version 3709383).
LogModuleManager: Display: Found up-to-date module file ../../../Engine/Plugins/Developer/UObjectPlugin/Binaries/Win64/UE4Editor-UObjectPlugin.dll (API version 3709383).
LogModuleManager: Display: Found up-to-date module file ../../../Engine/Plugins/Developer/VisualStudioCodeSourceCodeAccess/Binaries/Win64/UE4Editor-VisualStudioCodeSourceCodeAccess.dll (API version 3709383).
LogModuleManager: Display: Found up-to-date module file ../../../Engine/Plugins/Developer/VisualStudioSourceCodeAccess/Binaries/Win64/UE4Editor-VisualStudioSourceCodeAccess.dll (API version 3709383).
LogModuleManager: Display: Found up-to-date module file ../../../Engine/Plugins/Editor/AssetManagerEditor/Binaries/Win64/UE4Editor-AssetManagerEditor.dll (API version 3709383).
LogModuleManager: Display: Found up-to-date module file ../../../Engine/Plugins/Editor/AudioCapture/Binaries/Win64/UE4Editor-AudioCapture.dll (API version 3709383).
LogModuleManager: Display: Found up-to-date module file ../../../Engine/Plugins/Editor/FacialAnimation/Binaries/Win64/UE4Editor-FacialAnimation.dll (API version 3709383).
LogModuleManager: Display: Found up-to-date module file ../../../Engine/Plugins/Editor/FacialAnimation/Binaries/Win64/UE4Editor-FacialAnimationEditor.dll (API version 3709383).
LogModuleManager: Display: Found up-to-date module file ../../../Engine/Plugins/Editor/GameplayTagsEditor/Binaries/Win64/UE4Editor-GameplayTagsEditor.dll (API version 3709383).
LogModuleManager: Display: Found up-to-date module file ../../../Engine/Plugins/Editor/MobileLauncherProfileWizard/Binaries/Win64/UE4Editor-MobileLauncherProfileWizard.dll (API version 3709383).
LogModuleManager: Display: Found up-to-date module file ../../../Engine/Plugins/Editor/PluginBrowser/Binaries/Win64/UE4Editor-PluginBrowser.dll (API version 3709383).
LogModuleManager: Display: Found up-to-date module file ../../../Engine/Plugins/Editor/SpeedTreeImporter/Binaries/Win64/UE4Editor-SpeedTreeImporter.dll (API version 3709383).
LogModuleManager: Display: Found up-to-date module file ../../../Engine/Plugins/Experimental/AlembicImporter/Binaries/Win64/UE4Editor-AlembicImporter.dll (API version 3709383).
LogModuleManager: Display: Found up-to-date module file ../../../Engine/Plugins/Experimental/AlembicImporter/Binaries/Win64/UE4Editor-AlembicLibrary.dll (API version 3709383).
LogModuleManager: Display: Found up-to-date module file ../../../Engine/Plugins/Experimental/CharacterAI/Binaries/Win64/UE4Editor-CharacterAI.dll (API version 3709383).
LogModuleManager: Display: Found up-to-date module file ../../../Engine/Plugins/Experimental/HTML5Networking/Binaries/Win64/UE4Editor-HTML5Networking.dll (API version 3709383).
LogModuleManager: Display: Found up-to-date module file ../../../Engine/Plugins/Media/AndroidMedia/Binaries/Win64/UE4Editor-AndroidMediaEditor.dll (API version 3709383).
LogModuleManager: Display: Found up-to-date module file ../../../Engine/Plugins/Media/AndroidMedia/Binaries/Win64/UE4Editor-AndroidMediaFactory.dll (API version 3709383).
LogModuleManager: Display: Found up-to-date module file ../../../Engine/Plugins/Media/AvfMedia/Binaries/Win64/UE4Editor-AvfMediaEditor.dll (API version 3709383).
LogModuleManager: Display: Found up-to-date module file ../../../Engine/Plugins/Media/AvfMedia/Binaries/Win64/UE4Editor-AvfMediaFactory.dll (API version 3709383).
LogModuleManager: Display: Found up-to-date module file ../../../Engine/Plugins/Media/AvfMedia/Binaries/Win64/UE4Editor-AvfMediaFactory.dll (API version 3709383).
LogModuleManager: Display: Found up-to-date module file ../../../Engine/Plugins/Media/ImgMedia/Binaries/Win64/UE4Editor-ImgMedia.dll (API version 3709383).
LogModuleManager: Display: Found up-to-date module file ../../../Engine/Plugins/Media/ImgMedia/Binaries/Win64/UE4Editor-ImgMediaEditor.dll (API version 3709383).
LogModuleManager: Display: Found up-to-date module file ../../../Engine/Plugins/Media/ImgMedia/Binaries/Win64/UE4Editor-ImgMediaFactory.dll (API version 3709383).
LogModuleManager: Display: Found up-to-date module file ../../../Engine/Plugins/Media/ImgMedia/Binaries/Win64/UE4Editor-ImgMediaFactory.dll (API version 3709383).
LogModuleManager: Display: Found up-to-date module file ../../../Engine/Plugins/Media/ImgMedia/Binaries/Win64/UE4Editor-OpenExrWrapper.dll (API version 3709383).
LogModuleManager: Display: Found up-to-date module file ../../../Engine/Plugins/Media/MediaCompositing/Binaries/Win64/UE4Editor-MediaCompositing.dll (API version 3709383).
LogModuleManager: Display: Found up-to-date module file ../../../Engine/Plugins/Media/MediaCompositing/Binaries/Win64/UE4Editor-MediaCompositingEditor.dll (API version 3709383).
LogModuleManager: Display: Found up-to-date module file ../../../Engine/Plugins/Media/MediaPlayerEditor/Binaries/Win64/UE4Editor-MediaPlayerEditor.dll (API version 3709383).
LogModuleManager: Display: Found up-to-date module file ../../../Engine/Plugins/Media/WmfMedia/Binaries/Win64/UE4Editor-WmfMedia.dll (API version 3709383).
LogModuleManager: Display: Found up-to-date module file ../../../Engine/Plugins/Media/WmfMedia/Binaries/Win64/UE4Editor-WmfMediaEditor.dll (API version 3709383).
LogModuleManager: Display: Found up-to-date module file ../../../Engine/Plugins/Media/WmfMedia/Binaries/Win64/UE4Editor-WmfMediaFactory.dll (API version 3709383).
LogModuleManager: Display: Found up-to-date module file ../../../Engine/Plugins/Media/WmfMedia/Binaries/Win64/UE4Editor-WmfMediaFactory.dll (API version 3709383).
LogModuleManager: Display: Found up-to-date module file ../../../Engine/Plugins/Messaging/TcpMessaging/Binaries/Win64/UE4Editor-TcpMessaging.dll (API version 3709383).
LogModuleManager: Display: Found up-to-date module file ../../../Engine/Plugins/Messaging/UdpMessaging/Binaries/Win64/UE4Editor-UdpMessaging.dll (API version 3709383).
LogModuleManager: Display: Found up-to-date module file ../../../Engine/Plugins/MovieScene/ActorSequence/Binaries/Win64/UE4Editor-ActorSequence.dll (API version 3709383).
LogModuleManager: Display: Found up-to-date module file ../../../Engine/Plugins/MovieScene/LevelSequenceEditor/Binaries/Win64/UE4Editor-LevelSequenceEditor.dll (API version 3709383).
LogModuleManager: Display: Found up-to-date module file ../../../Engine/Plugins/MovieScene/MatineeToLevelSequence/Binaries/Win64/UE4Editor-MatineeToLevelSequence.dll (API version 3709383).
LogModuleManager: Display: Found up-to-date module file ../../../Engine/Plugins/Runtime/AndroidPermission/Binaries/Win64/UE4Editor-AndroidPermission.dll (API version 3709383).
LogModuleManager: Display: Found up-to-date module file ../../../Engine/Plugins/Online/OnlineSubsystemNull/Binaries/Win64/UE4Editor-OnlineSubsystemNull.dll (API version 3709383).
LogModuleManager: Display: Found up-to-date module file ../../../Engine/Plugins/Runtime/AndroidDeviceProfileSelector/Binaries/Win64/UE4Editor-AndroidDeviceProfileSelector.dll (API version 3709383).
LogModuleManager: Display: Found up-to-date module file ../../../Engine/Plugins/Runtime/AppleARKit/Binaries/Win64/UE4Editor-AppleARKit.dll (API version 3709383).
LogModuleManager: Display: Found up-to-date module file ../../../Engine/Plugins/Runtime/ArchVisCharacter/Binaries/Win64/UE4Editor-ArchVisCharacter.dll (API version 3709383).
LogModuleManager: Display: Found up-to-date module file ../../../Engine/Plugins/Runtime/CableComponent/Binaries/Win64/UE4Editor-CableComponent.dll (API version 3709383).
LogModuleManager: Display: Found up-to-date module file ../../../Engine/Plugins/Runtime/CustomMeshComponent/Binaries/Win64/UE4Editor-CustomMeshComponent.dll (API version 3709383).
LogModuleManager: Display: Found up-to-date module file ../../../Engine/Plugins/Runtime/ExampleDeviceProfileSelector/Binaries/Win64/UE4Editor-ExampleDeviceProfileSelector.dll (API version 3709383).
LogModuleManager: Display: Found up-to-date module file ../../../Engine/Plugins/Runtime/ImmediatePhysics/Binaries/Win64/UE4Editor-ImmediatePhysics.dll (API version 3709383).
LogModuleManager: Display: Found up-to-date module file ../../../Engine/Plugins/Runtime/ImmediatePhysics/Binaries/Win64/UE4Editor-ImmediatePhysicsEditor.dll (API version 3709383).
LogModuleManager: Display: Found up-to-date module file ../../../Engine/Plugins/Runtime/LocationServicesBPLibrary/Binaries/Win64/UE4Editor-LocationServicesBPLibrary.dll (API version 3709383).
LogModuleManager: Display: Found up-to-date module file ../../../Engine/Plugins/Runtime/MobilePatchingUtils/Binaries/Win64/UE4Editor-MobilePatchingUtils.dll (API version 3709383).
LogModuleManager: Display: Found up-to-date module file ../../../Engine/Plugins/Runtime/Oculus/OculusVR/Binaries/Win64/UE4Editor-OculusHMD.dll (API version 3709383).
LogModuleManager: Display: Found up-to-date module file ../../../Engine/Plugins/Runtime/Oculus/OculusVR/Binaries/Win64/UE4Editor-OculusInput.dll (API version 3709383).
LogModuleManager: Display: Found up-to-date module file ../../../Engine/Plugins/Runtime/Oculus/OculusVR/Binaries/Win64/UE4Editor-OculusEditor.dll (API version 3709383).
LogModuleManager: Display: Found up-to-date module file ../../../Engine/Plugins/Runtime/PhysXVehicles/Binaries/Win64/UE4Editor-PhysXVehicles.dll (API version 3709383).
LogModuleManager: Display: Found up-to-date module file ../../../Engine/Plugins/Runtime/PhysXVehicles/Binaries/Win64/UE4Editor-PhysXVehiclesEditor.dll (API version 3709383).
LogModuleManager: Display: Found up-to-date module file ../../../Engine/Plugins/Runtime/ProceduralMeshComponent/Binaries/Win64/UE4Editor-ProceduralMeshComponent.dll (API version 3709383).
LogModuleManager: Display: Found up-to-date module file ../../../Engine/Plugins/Runtime/ProceduralMeshComponent/Binaries/Win64/UE4Editor-ProceduralMeshComponentEditor.dll (API version 3709383).
LogModuleManager: Display: Found up-to-date module file ../../../Engine/Plugins/Runtime/RuntimePhysXCooking/Binaries/Win64/UE4Editor-RuntimePhysXCooking.dll (API version 3709383).
LogModuleManager: Display: Found up-to-date module file ../../../Engine/Plugins/Runtime/Steam/SteamVR/Binaries/Win64/UE4Editor-SteamVR.dll (API version 3709383).
LogModuleManager: Display: Found up-to-date module file ../../../Engine/Plugins/Runtime/Steam/SteamVR/Binaries/Win64/UE4Editor-SteamVRController.dll (API version 3709383).
LogModuleManager: Display: Found up-to-date module file ../../../Engine/Plugins/Runtime/WindowsMoviePlayer/Binaries/Win64/UE4Editor-WindowsMoviePlayer.dll (API version 3709383).
LogModuleManager: Display: Found up-to-date module file ../../../../../../Users/lockw/OneDrive/Documents/Unreal Projects/GeoShot/Plugins/AdvancedSessions/AdvancedSessions/Binaries/Win64/UE4Editor-AdvancedSessions.dll (API version 3709383).
LogModuleManager: Display: Found up-to-date module file ../../../../../../Users/lockw/OneDrive/Documents/Unreal Projects/GeoShot/Plugins/AdvancedSessions/AdvancedSteamSessions/Binaries/Win64/UE4Editor-AdvancedSteamSessions.dll (API version 3709383).
LogPluginManager: Mounting plugin Paper2D
LogPluginManager: Mounting plugin LightPropagationVolume
LogPluginManager: Mounting plugin CodeLiteSourceCodeAccess
LogPluginManager: Mounting plugin GitSourceControl
LogPluginManager: Mounting plugin KDevelopSourceCodeAccess
LogPluginManager: Mounting plugin NullSourceCodeAccess
LogPluginManager: Mounting plugin PerforceSourceControl
LogPluginManager: Mounting plugin SubversionSourceControl
LogPluginManager: Mounting plugin UObjectPlugin
LogPluginManager: Mounting plugin VisualStudioCodeSourceCodeAccess
LogPluginManager: Mounting plugin VisualStudioSourceCodeAccess
LogPluginManager: Mounting plugin XCodeSourceCodeAccess
LogPluginManager: Mounting plugin AssetManagerEditor
LogPluginManager: Mounting plugin AudioCapture
LogPluginManager: Mounting plugin FacialAnimation
LogPluginManager: Mounting plugin GameplayTagsEditor
LogPluginManager: Mounting plugin MobileLauncherProfileWizard
LogPluginManager: Mounting plugin PluginBrowser
LogPluginManager: Mounting plugin SpeedTreeImporter
LogPluginManager: Mounting plugin AlembicImporter
LogPluginManager: Mounting plugin CharacterAI
LogPluginManager: Mounting plugin HTML5Networking
LogPluginManager: Mounting plugin AndroidMedia
LogPluginManager: Mounting plugin AvfMedia
LogPluginManager: Mounting plugin ImgMedia
LogPluginManager: Mounting plugin MediaCompositing
LogPluginManager: Mounting plugin MediaPlayerEditor
LogPluginManager: Mounting plugin WmfMedia
LogPluginManager: Mounting plugin TcpMessaging
LogPluginManager: Mounting plugin UdpMessaging
LogPluginManager: Mounting plugin ActorSequence
LogPluginManager: Mounting plugin LevelSequenceEditor
LogPluginManager: Mounting plugin MatineeToLevelSequence
LogPluginManager: Mounting plugin OnlineSubsystemGooglePlay
LogPluginManager: Mounting plugin OnlineSubsystemIOS
LogPluginManager: Mounting plugin OnlineSubsystem
LogPluginManager: Mounting plugin OnlineSubsystemNull
LogPluginManager: Mounting plugin OnlineSubsystemSteam
LogPluginManager: Mounting plugin OnlineSubsystemUtils
LogPluginManager: Mounting plugin AndroidDeviceProfileSelector
LogPluginManager: Mounting plugin AndroidMoviePlayer
LogPluginManager: Mounting plugin AndroidPermission
LogPluginManager: Mounting plugin AppleARKit
LogPluginManager: Mounting plugin AppleMoviePlayer
LogPluginManager: Mounting plugin ArchVisCharacter
LogPluginManager: Mounting plugin CableComponent
LogPluginManager: Mounting plugin CustomMeshComponent
LogPluginManager: Mounting plugin ExampleDeviceProfileSelector
LogPluginManager: Mounting plugin GoogleCloudMessaging
LogPluginManager: Mounting plugin ImmediatePhysics
LogPluginManager: Mounting plugin IOSDeviceProfileSelector
LogPluginManager: Mounting plugin LinuxDeviceProfileSelector
LogPluginManager: Mounting plugin LocationServicesBPLibrary
LogPluginManager: Mounting plugin MobilePatchingUtils
LogPluginManager: Mounting plugin OculusVR
LogPluginManager: Plugin shader directory ../../../Engine/Plugins/Runtime/Oculus/OculusVR/Shaders found
LogPluginManager: Mapping shader source directory ../../../Engine/Plugins/Runtime/Oculus/OculusVR/Shaders to virtual directory /Plugin/OculusVR
LogPluginManager: Mounting plugin PhysXVehicles
LogPluginManager: Mounting plugin ProceduralMeshComponent
LogPluginManager: Mounting plugin RuntimePhysXCooking
LogPluginManager: Mounting plugin SteamVR
LogPluginManager: Mounting plugin WindowsMoviePlayer
LogPluginManager: Mounting plugin AdvancedSessions
LogPluginManager: Mounting plugin AdvancedSteamSessions
LogInit: Using libcurl 7.47.1
LogInit:  - built for x86_64-pc-win32
LogInit:  - supports SSL with OpenSSL/1.0.2g
LogInit:  - supports HTTP deflate (compression) using libz 1.2.8
LogInit:  - other features:
LogInit:      CURL_VERSION_SSL
LogInit:      CURL_VERSION_LIBZ
LogInit:      CURL_VERSION_IPV6
LogInit:      CURL_VERSION_ASYNCHDNS
LogInit:      CURL_VERSION_LARGEFILE
LogInit:      CURL_VERSION_IDN
LogInit:  CurlRequestOptions (configurable via config and command line):
LogInit:  - bVerifyPeer = false  - Libcurl will NOT verify peer certificate
LogInit:  - bUseHttpProxy = false  - Libcurl will NOT use HTTP proxy
LogInit:  - bDontReuseConnections = false  - Libcurl will reuse connections
LogInit:  - CertBundlePath = nullptr  - Libcurl will use whatever was configured at build time.
LogOnline: Display: STEAM: Loading Steam SDK 1.39
LogInit: WinSock: version 1.1 (2.2), MaxSocks=32767, MaxUdp=65467
LogInit: Build: ++UE4+Release-4.18-CL-3794801
LogInit: Engine Version: 4.18.2-3794801+++UE4+Release-4.18
LogInit: Compatible Engine Version: 4.18.0-3709383+++UE4+Release-4.18
LogInit: Net CL: 3709383
LogDevObjectVersion: Number of dev versions registered: 16
LogDevObjectVersion:   Dev-Blueprints (B0D832E4-1F89-4F0D-ACCF-7EB736FD4AA2): 10
LogDevObjectVersion:   Dev-Build (E1C64328-A22C-4D53-A36C-8E866417BD8C): 0
LogDevObjectVersion:   Dev-Core (375EC13C-06E4-48FB-B500-84F0262A717E): 2
LogDevObjectVersion:   Dev-Editor (E4B068ED-F494-42E9-A231-DA0B2E46BB41): 20
LogDevObjectVersion:   Dev-Framework (CFFC743F-43B0-4480-9391-14DF171D2073): 30
LogDevObjectVersion:   Dev-Mobile (B02B49B5-BB20-44E9-A304-32B752E40360): 0
LogDevObjectVersion:   Dev-Networking (A4E4105C-59A1-49B5-A7C5-40C4547EDFEE): 0
LogDevObjectVersion:   Dev-Online (39C831C9-5AE6-47DC-9A44-9C173E1C8E7C): 0
LogDevObjectVersion:   Dev-Physics (78F01B33-EBEA-4F98-B9B4-84EACCB95AA2): 0
LogDevObjectVersion:   Dev-Platform (6631380F-2D4D-43E0-8009-CF276956A95A): 0
LogDevObjectVersion:   Dev-Rendering (12F88B9F-8875-4AFC-A67C-D90C383ABD29): 20
LogDevObjectVersion:   Dev-Sequencer (7B5AE74C-D270-4C10-A958-57980B212A5A): 4
LogDevObjectVersion:   Dev-VR (D7296918-1DD6-4BDD-9DE2-64A83CC13884): 0
LogDevObjectVersion:   Dev-LoadTimes (C2A15278-BFE7-4AFE-6C17-90FF531DF755): 1
LogDevObjectVersion:   Private-Geometry (6EACA3D4-40EC-4CC1-B786-8BED09428FC5): 1
LogDevObjectVersion:   Dev-AnimPhys (29E575DD-E0A3-4627-9D10-D276232CDCEA): 12
LogInit: Compiled (64-bit): Dec  8 2017 02:04:53
LogInit: Compiled with Visual C++: 19.00.24215.01
LogInit: Build Configuration: Development
LogInit: Branch Name: ++UE4+Release-4.18
LogInit: Command line:  /Game/Creations/Maps/TestMap -game -PIEVIACONSOLE -ResX=1280 -ResY=720  -Multiprocess -messaging -SessionName="Play in Standalone Game" -windowed 
LogInit: Base directory: C:/Program Files/Epic Games/UE_4.18/Engine/Binaries/Win64/
LogInit: Installed Engine Build: 1
LogInit: Presizing for max 8388607 objects, including 0 objects not considered by GC, pre-allocating 0 bytes for permanent pool.
LogInit: Object subsystem initialized
[2019.02.18-05.42.28:277][  0]LogInit: Selected Device Profile: [Windows]
[2019.02.18-05.42.28:277][  0]LogInit: Applying CVar settings loaded from the selected device profile: [Windows]
[2019.02.18-05.42.28:285][  0]LogInit: Computer: MSI
[2019.02.18-05.42.28:285][  0]LogInit: User: Alex
[2019.02.18-05.42.28:285][  0]LogInit: CPU Page size=4096, Cores=4
[2019.02.18-05.42.28:285][  0]LogInit: High frequency timer resolution =2.533214 MHz
[2019.02.18-05.42.28:285][  0]LogMemory: Memory total: Physical=15.9GB (16GB approx)
[2019.02.18-05.42.28:285][  0]LogMemory: Platform Memory Stats for Windows
[2019.02.18-05.42.28:285][  0]LogMemory: Process Physical Memory: 303.11 MB used, 303.11 MB peak
[2019.02.18-05.42.28:285][  0]LogMemory: Process Virtual Memory: 287.43 MB used, 287.43 MB peak
[2019.02.18-05.42.28:285][  0]LogMemory: Physical Memory: 10310.98 MB used,  5962.35 MB free, 16273.34 MB total
[2019.02.18-05.42.28:285][  0]LogMemory: Virtual Memory: 4908.98 MB used,  5962.35 MB free, 134217728.00 MB total
[2019.02.18-05.42.30:279][  0]LogInit: Using OS detected language (en-US).
[2019.02.18-05.42.30:279][  0]LogInit: Using OS detected locale (en-US).
[2019.02.18-05.42.30:286][  0]LogTextLocalizationManager: No specific localization for 'en-US' exists, so the 'en' localization will be used.
[2019.02.18-05.42.31:208][  0]LogD3D11RHI: D3D11 adapters:
[2019.02.18-05.42.31:345][  0]LogD3D11RHI:    0. 'NVIDIA GeForce GTX 965M' (Feature Level 11_0)
[2019.02.18-05.42.31:345][  0]LogD3D11RHI:       2010/0/8136 MB DedicatedVideo/DedicatedSystem/SharedSystem, Outputs:1, VendorId:0x10de
[2019.02.18-05.42.31:361][  0]LogD3D11RHI:    1. 'Intel(R) HD Graphics 4600' (Feature Level 11_0)
[2019.02.18-05.42.31:361][  0]LogD3D11RHI:       112/0/2048 MB DedicatedVideo/DedicatedSystem/SharedSystem, Outputs:0, VendorId:0x8086
[2019.02.18-05.42.31:369][  0]LogD3D11RHI:    2. 'Microsoft Basic Render Driver' (Feature Level 11_0)
[2019.02.18-05.42.31:369][  0]LogD3D11RHI:       0/0/8136 MB DedicatedVideo/DedicatedSystem/SharedSystem, Outputs:0, VendorId:0x1414
[2019.02.18-05.42.31:369][  0]LogD3D11RHI: Chosen D3D11 Adapter: 0
[2019.02.18-05.42.31:430][  0]LogD3D11RHI: Creating new Direct3DDevice
[2019.02.18-05.42.31:431][  0]LogD3D11RHI:     GPU DeviceId: 0x13d9 (for the marketing name, search the web for "GPU Device Id")
[2019.02.18-05.42.31:431][  0]LogWindows: EnumDisplayDevices:
[2019.02.18-05.42.31:432][  0]LogWindows:    0. 'Intel(R) HD Graphics 4600' (P:1 D:1)
[2019.02.18-05.42.31:432][  0]LogWindows:    1. 'Intel(R) HD Graphics 4600' (P:0 D:0)
[2019.02.18-05.42.31:432][  0]LogWindows:    2. 'Intel(R) HD Graphics 4600' (P:0 D:0)
[2019.02.18-05.42.31:433][  0]LogWindows: DebugString: GetVideoDriverDetailsInvalid PrimaryIsNotTheChoosenAdapter GetVideoDriverDetailsInvalid PrimaryIsNotTheChoosenAdapter GetVideoDriverDetailsInvalid PrimaryIsNotTheChoosenAdapter FoundDriverCount:0 
[2019.02.18-05.42.31:433][  0]LogD3D11RHI:     Adapter Name: NVIDIA GeForce GTX 965M
[2019.02.18-05.42.31:433][  0]LogD3D11RHI:   Driver Version: Unknown (internal:Unknown, unified:Unknown)
[2019.02.18-05.42.31:433][  0]LogD3D11RHI:      Driver Date: Unknown
[2019.02.18-05.42.31:433][  0]LogRHI: Texture pool is 1407 MB (70% of 2010 MB)
[2019.02.18-05.42.31:537][  0]LogD3D11RHI: Async texture creation enabled
[2019.02.18-05.42.31:560][  0]LogD3D11RHI: GPU Timing Frequency: 1000.000000 (Debug: 2 2)
[2019.02.18-05.42.31:561][  0]LogShaderCompilers: Guid format shader working directory is -27 characters bigger than the processId version (../../../../../../Users/lockw/OneDrive/Documents/Unreal Projects/GeoShot/Intermediate/Shaders/WorkingDirectory/14796/).
[2019.02.18-05.42.31:562][  0]LogShaderCompilers: Cleaned the shader compiler working directory 'C:/Users/lockw/AppData/Local/Temp/UnrealShaderWorkingDir/FB423AAA4A08DFD1DE9F859992BEB283/'.
[2019.02.18-05.42.31:562][  0]LogShaderCompilers: Display: Using Local Shader Compiler.
[2019.02.18-05.42.34:044][  0]LogTemp: Display: Loaded TP WindowsClientTargetPlatform
[2019.02.18-05.42.34:232][  0]LogTemp: Display: Loaded TP WindowsNoEditorTargetPlatform
[2019.02.18-05.42.34:415][  0]LogTemp: Display: Loaded TP WindowsServerTargetPlatform
[2019.02.18-05.42.34:616][  0]LogTemp: Display: Loaded TP WindowsTargetPlatform
[2019.02.18-05.42.34:616][  0]LogTargetPlatformManager: Display: Building Assets For Windows
[2019.02.18-05.42.36:639][  0]LogDerivedDataCache: Display: Max Cache Size: 512 MB
[2019.02.18-05.42.36:816][  0]LogDerivedDataCache: Loaded boot cache 0.18s 78MB C:/Users/lockw/AppData/Local/UnrealEngine/4.18/DerivedDataCache/Boot.ddc.
[2019.02.18-05.42.36:816][  0]LogDerivedDataCache: Display: Loaded Boot cache: C:/Users/lockw/AppData/Local/UnrealEngine/4.18/DerivedDataCache/Boot.ddc
[2019.02.18-05.42.36:816][  0]LogDerivedDataCache: FDerivedDataBackendGraph:  Pak pak cache file ../../../../../../Users/lockw/OneDrive/Documents/Unreal Projects/GeoShot/DerivedDataCache/DDC.ddp not found, will not use a pak cache.
[2019.02.18-05.42.36:816][  0]LogDerivedDataCache: Unable to find inner node Pak for hierarchical cache Hierarchy.
[2019.02.18-05.42.36:816][  0]LogDerivedDataCache: FDerivedDataBackendGraph:  CompressedPak pak cache file ../../../../../../Users/lockw/OneDrive/Documents/Unreal Projects/GeoShot/DerivedDataCache/Compressed.ddp not found, will not use a pak cache.
[2019.02.18-05.42.36:816][  0]LogDerivedDataCache: Unable to find inner node CompressedPak for hierarchical cache Hierarchy.
[2019.02.18-05.42.36:847][  0]LogDerivedDataCache: Display: Pak cache opened for reading ../../../Engine/DerivedDataCache/Compressed.ddp.
[2019.02.18-05.42.36:861][  0]LogDerivedDataCache: Using Local data cache path C:/Users/lockw/AppData/Local/UnrealEngine/Common/DerivedDataCache: Writable
[2019.02.18-05.42.36:877][  0]LogMaterial: Verifying Global Shaders for PCD3D_SM5
[2019.02.18-05.42.36:891][  0]LogSlate: Using Freetype 2.6.0
[2019.02.18-05.42.36:892][  0]LogSlate: SlateFontCache - WITH_FREETYPE: 1, WITH_HARFBUZZ: 1
[2019.02.18-05.42.36:892][  0]LogSlate: SlateFontCache - WITH_FREETYPE: 1, WITH_HARFBUZZ: 1
[2019.02.18-05.42.37:949][  0]LogAssetRegistry: FAssetRegistry took 0.0079 seconds to start up
[2019.02.18-05.42.37:980][  0]LogPackageLocalizationCache: Processed 7 localized package path(s) for 2 prioritized culture(s) in 0.030869 seconds
[2019.02.18-05.42.38:198][  0]LogInit: Selected Device Profile: [Windows]
[2019.02.18-05.42.39:324][  0]LogSimplygon: Simplygon DLL not present - disabling.
[2019.02.18-05.42.39:494][  0]LogMeshReduction: Using SimplygonSwarm for distributed automatic mesh merging
[2019.02.18-05.42.39:494][  0]LogMeshReduction: Using QuadricMeshReduction for automatic static mesh reduction
[2019.02.18-05.42.39:494][  0]LogMeshReduction: No automatic skeletal mesh reduction module available
[2019.02.18-05.42.39:494][  0]LogMeshReduction: No automatic mesh merging module available
[2019.02.18-05.42.39:494][  0]LogMeshMerging: No automatic mesh merging module available
[2019.02.18-05.42.39:571][  0]LogNetVersion: GeoShot , NetCL: 3709383, EngineNetVer: 2, GameNetVer: 0 (Checksum: 1270197996)
[2019.02.18-05.42.40:100][  0]LogInit: Warning: Passing commandline switches using / instead of - has been deprecated and will be removed in future versions of Unreal Engine.
[2019.02.18-05.42.40:101][  0]LogInit: Warning: Passing commandline switches using / instead of - has been deprecated and will be removed in future versions of Unreal Engine.
[2019.02.18-05.42.40:101][  0]LogInit: Warning: Passing commandline switches using / instead of - has been deprecated and will be removed in future versions of Unreal Engine.
[2019.02.18-05.42.45:917][  0]LogMoviePlayer: Initializing movie player
[2019.02.18-05.42.47:377][  0]LogCollectionManager: Loaded 0 collections in 0.006259 seconds
[2019.02.18-05.42.47:508][  0]LogFileCache: Scanning file cache for directory 'C:/Users/lockw/OneDrive/Documents/Unreal Projects/GeoShot/Saved/Collections/' took 0.01s
[2019.02.18-05.42.47:508][  0]LogFileCache: Scanning file cache for directory 'C:/Users/lockw/OneDrive/Documents/Unreal Projects/GeoShot/Content/Developers/Alex/Collections/' took 0.01s
[2019.02.18-05.42.47:508][  0]LogFileCache: Scanning file cache for directory 'C:/Users/lockw/OneDrive/Documents/Unreal Projects/GeoShot/Content/Collections/' took 0.01s
[2019.02.18-05.42.47:508][  0]LogCollectionManager: Rebuilt the object cache for 0 collections in 0.000000 seconds (found 0 objects)
[2019.02.18-05.42.47:508][  0]LogCollectionManager: Fixed up redirectors for 0 collections in 0.000184 seconds (updated 0 objects)
[2019.02.18-05.42.48:343][  0]LogTcpMessaging: Initializing TcpMessaging bridge
[2019.02.18-05.42.48:496][  0]LogUdpMessaging: Initializing bridge on interface 0.0.0.0:0 to multicast group 230.0.0.1:6666.
[2019.02.18-05.42.51:131][  0]LogInit: Warning: Passing commandline switches using / instead of - has been deprecated and will be removed in future versions of Unreal Engine.
[2019.02.18-05.42.51:132][  0]SourceControl: Source control is disabled
[2019.02.18-05.42.51:132][  0]SourceControl: Source control is disabled
[2019.02.18-05.42.51:303][  0]SourceControl: Source control is disabled
[2019.02.18-05.42.52:549][  0]LogAndroidPermission: UAndroidPermissionCallbackProxy::GetInstance
[2019.02.18-05.42.53:381][  0]LogOcInput: OculusInput pre-init called
[2019.02.18-05.42.53:713][  0]LogUObjectArray: 39606 objects as part of root set at end of initial load.
[2019.02.18-05.42.53:713][  0]LogUObjectAllocator: 8683232 out of 0 bytes used by permanent object pool.
[2019.02.18-05.42.53:713][  0]LogUObjectArray: CloseDisregardForGC: 0/0 objects in disregard for GC pool
[2019.02.18-05.42.53:958][  0]LogEngine: Initializing Engine...
[2019.02.18-05.42.53:965][  0]LogHMD: Failed to initialize OpenVR with code 110
[2019.02.18-05.42.54:223][  0]LogStats: UGameplayTagsManager::ConstructGameplayTagTree: Construct from data asset -  0.000 s
[2019.02.18-05.42.54:223][  0]LogStats: UGameplayTagsManager::ConstructGameplayTagTree: GameplayTagTreeChangedEvent.Broadcast -  0.000 s
[2019.02.18-05.42.54:266][  0]LogInit: XAudio2 using 'Speakers (Realtek High Definition Audio)' : 6 channels at 48 kHz using 32 bits per sample (channel mask 0x3f)
[2019.02.18-05.42.54:378][  0]LogInit: FAudioDevice initialized.
[2019.02.18-05.42.54:431][  0]LogInit: Texture streaming: Enabled
[2019.02.18-05.42.54:513][  0]LogMaterial: Uniform references updated for custom material expression Custom.
[2019.02.18-05.42.56:169][  0]LogInit: Warning: Passing commandline switches using / instead of - has been deprecated and will be removed in future versions of Unreal Engine.
[2019.02.18-05.42.56:298][  0]LogInit: Display: Game Engine Initialized.
[2019.02.18-05.42.56:298][  0]LogGameplayTags: Display: UGameplayTagsManager::DoneAddingNativeTags. DelegateIsBound: 0
[2019.02.18-05.42.56:847][  0]LogInit: Display: Starting Game.
[2019.02.18-05.42.56:847][  0]LogNet: Browse: /Game/Creations/Maps/TestMap?Name=Player
[2019.02.18-05.42.56:852][  0]LogLoad: LoadMap: /Game/Creations/Maps/TestMap?Name=Player
[2019.02.18-05.42.58:580][  0]LogAIModule: Creating AISystem for world TestMap
[2019.02.18-05.42.58:580][  0]LogLoad: Game class is 'MainGm_C'
[2019.02.18-05.42.58:612][  0]LogWorld: Bringing World /Game/Creations/Maps/TestMap.TestMap up for play (max tick rate 0) at 2019.02.17-21.42.58
[2019.02.18-05.42.58:612][  0]LogWorld: Bringing up level for play took: 0.008105
[2019.02.18-05.42.58:718][  0]LogScript: Warning: Accessed None trying to read property MainMenuWidget
	TestMap_C /Game/Creations/Maps/TestMap.TestMap:PersistentLevel.TestMap_C_0
	Function /Game/Creations/Maps/TestMap.TestMap_C:ExecuteUbergraph_TestMap:0B30
[2019.02.18-05.42.58:718][  0]LogScript: Warning: Script call stack:
	Function /Game/Creations/Maps/TestMap.TestMap_C:ReceiveBeginPlay
	Function /Game/Creations/Maps/TestMap.TestMap_C:ExecuteUbergraph_TestMap

[2019.02.18-05.42.58:718][  0]LogLoad: Took 1.865966 seconds to LoadMap(/Game/Creations/Maps/TestMap)
[2019.02.18-05.42.59:257][  0]LogRenderer: Reallocating scene render targets to support 1280x720 Format 10 NumSamples 1 (Frame:1).
[2019.02.18-05.42.59:257][  0]LogLoad: (Engine Initialization) Total time: 46.74 seconds
[2019.02.18-05.42.59:257][  0]LogLoad: (Engine Initialization) Total Blueprint compile time: 0.00 seconds
[2019.02.18-05.42.59:257][  0]LogExternalProfiler: No external profilers were discovered.  External profiling features will not be available.
[2019.02.18-05.42.59:312][  0]LogContentStreaming: Texture pool size now 1000 MB
[2019.02.18-05.43.14:568][937]LogWindowsTextInputMethodSystem: Display: IME system now deactivated.
[2019.02.18-05.43.14:571][937]LogEngine: All Windows Closed
[2019.02.18-05.43.14:571][937]LogWindows: FPlatformMisc::RequestExit(0)
[2019.02.18-05.43.14:977][938]LogExit: Preparing to exit.
[2019.02.18-05.43.14:978][938]LogMoviePlayer: Shutting down movie player
[2019.02.18-05.43.15:575][938]LogExit: Game engine shut down
[2019.02.18-05.43.15:647][938]LogExit: Object subsystem successfully closed.
[2019.02.18-05.43.15:667][938]LogD3D11RHI: Shutdown
[2019.02.18-05.43.15:667][938]LogD3D11RHI: CleanupD3DDevice
[2019.02.18-05.43.15:694][938]LogD3D11RHI: ~FD3D11DynamicRHI
[2019.02.18-05.43.15:713][938]LogModuleManager: Shutting down and abandoning module SequenceRecorderSections (318)
[2019.02.18-05.43.15:713][938]LogModuleManager: Shutting down and abandoning module SequenceRecorder (316)
[2019.02.18-05.43.15:713][938]LogModuleManager: Shutting down and abandoning module AutomationController (314)
[2019.02.18-05.43.15:713][938]LogModuleManager: Shutting down and abandoning module AutomationWorker (312)
[2019.02.18-05.43.15:713][938]LogModuleManager: Shutting down and abandoning module AIModule (310)
[2019.02.18-05.43.15:713][938]LogModuleManager: Shutting down and abandoning module GameplayDebugger (309)
[2019.02.18-05.43.15:719][938]LogModuleManager: Shutting down and abandoning module AITestSuite (307)
[2019.02.18-05.43.15:719][938]LogModuleManager: Shutting down and abandoning module WmfMediaFactory (304)
[2019.02.18-05.43.15:719][938]LogModuleManager: Shutting down and abandoning module OpenExrWrapper (302)
[2019.02.18-05.43.15:719][938]LogModuleManager: Shutting down and abandoning module ImgMediaFactory (300)
[2019.02.18-05.43.15:719][938]LogModuleManager: Shutting down and abandoning module AvfMediaFactory (298)
[2019.02.18-05.43.15:719][938]LogModuleManager: Shutting down and abandoning module CharacterAI (296)
[2019.02.18-05.43.15:719][938]LogModuleManager: Shutting down and abandoning module SessionServices (294)
[2019.02.18-05.43.15:719][938]LogModuleManager: Shutting down and abandoning module MovieSceneCapture (292)
[2019.02.18-05.43.15:724][938]LogModuleManager: Shutting down and abandoning module MovieSceneTracks (290)
[2019.02.18-05.43.15:724][938]LogModuleManager: Shutting down and abandoning module MovieScene (288)
[2019.02.18-05.43.15:724][938]LogModuleManager: Shutting down and abandoning module GeometryCache (286)
[2019.02.18-05.43.15:724][938]LogModuleManager: Shutting down and abandoning module GeometryCacheEd (285)
[2019.02.18-05.43.15:724][938]LogModuleManager: Shutting down and abandoning module StreamingPauseRendering (282)
[2019.02.18-05.43.15:724][938]LogModuleManager: Shutting down and abandoning module PortalServices (280)
[2019.02.18-05.43.15:724][938]LogModuleManager: Shutting down and abandoning module PortalRpc (278)
[2019.02.18-05.43.15:724][938]LogModuleManager: Shutting down and abandoning module MessagingRpc (276)
[2019.02.18-05.43.15:724][938]LogModuleManager: Shutting down and abandoning module ProfilerService (274)
[2019.02.18-05.43.15:729][938]LogModuleManager: Shutting down and abandoning module TaskGraph (272)
[2019.02.18-05.43.15:729][938]LogModuleManager: Shutting down and abandoning module SteamVRController (270)
[2019.02.18-05.43.15:729][938]LogModuleManager: Shutting down and abandoning module ProceduralMeshComponent (268)
[2019.02.18-05.43.15:729][938]LogModuleManager: Shutting down and abandoning module OculusInput (266)
[2019.02.18-05.43.15:729][938]LogModuleManager: Shutting down and abandoning module MobilePatchingUtils (264)
[2019.02.18-05.43.15:729][938]LogModuleManager: Shutting down and abandoning module CustomMeshComponent (262)
[2019.02.18-05.43.15:729][938]LogModuleManager: Shutting down and abandoning module CableComponent (260)
[2019.02.18-05.43.15:729][938]LogModuleManager: Shutting down and abandoning module ArchVisCharacter (258)
[2019.02.18-05.43.15:729][938]LogModuleManager: Shutting down and abandoning module AndroidPermission (256)
[2019.02.18-05.43.15:729][938]LogModuleManager: Shutting down and abandoning module ActorSequence (252)
[2019.02.18-05.43.15:729][938]LogModuleManager: Shutting down and abandoning module MediaCompositing (250)
[2019.02.18-05.43.15:729][938]LogModuleManager: Shutting down and abandoning module HTML5Networking (248)
[2019.02.18-05.43.15:729][938]LogModuleManager: Shutting down and abandoning module VisualStudioSourceCodeAccess (246)
[2019.02.18-05.43.15:729][938]LogModuleManager: Shutting down and abandoning module HotReload (245)
[2019.02.18-05.43.15:729][938]LogDirectoryWatcher: A directory notification for 'C:/Users/lockw/OneDrive/Documents/Unreal Projects/GeoShot/Plugins/AdvancedSessions/AdvancedSessions/Binaries/Win64' was aborted.
[2019.02.18-05.43.15:730][938]LogDirectoryWatcher: A directory notification for 'C:/Users/lockw/OneDrive/Documents/Unreal Projects/GeoShot/Plugins/AdvancedSessions/AdvancedSteamSessions/Binaries/Win64' was aborted.
[2019.02.18-05.43.15:730][938]LogModuleManager: Shutting down and abandoning module VisualStudioCodeSourceCodeAccess (242)
[2019.02.18-05.43.15:730][938]LogModuleManager: Shutting down and abandoning module UObjectPlugin (240)
[2019.02.18-05.43.15:730][938]LogModuleManager: Shutting down and abandoning module SubversionSourceControl (238)
[2019.02.18-05.43.15:730][938]LogModuleManager: Shutting down and abandoning module PerforceSourceControl (236)
[2019.02.18-05.43.15:730][938]LogModuleManager: Shutting down and abandoning module SourceControl (235)
[2019.02.18-05.43.15:730][938]LogModuleManager: Shutting down and abandoning module AdvancedSteamSessions (232)
[2019.02.18-05.43.15:730][938]LogModuleManager: Shutting down and abandoning module AdvancedSessions (230)
[2019.02.18-05.43.15:730][938]LogModuleManager: Shutting down and abandoning module RuntimePhysXCooking (228)
[2019.02.18-05.43.15:730][938]LogModuleManager: Shutting down and abandoning module PhysXVehiclesEditor (226)
[2019.02.18-05.43.15:730][938]LogModuleManager: Shutting down and abandoning module PhysXVehicles (224)
[2019.02.18-05.43.15:730][938]LogModuleManager: Shutting down and abandoning module LocationServicesBPLibrary (222)
[2019.02.18-05.43.15:730][938]LogModuleManager: Shutting down and abandoning module ImmediatePhysicsEditor (220)
[2019.02.18-05.43.15:730][938]LogModuleManager: Shutting down and abandoning module ImmediatePhysics (218)
[2019.02.18-05.43.15:730][938]LogModuleManager: Shutting down and abandoning module UdpMessaging (216)
[2019.02.18-05.43.15:831][938]LogModuleManager: Shutting down and abandoning module TcpMessaging (214)
[2019.02.18-05.43.16:357][938]LogModuleManager: Shutting down and abandoning module GameplayTagsEditor (212)
[2019.02.18-05.43.16:357][938]LogModuleManager: Shutting down and abandoning module FacialAnimation (210)
[2019.02.18-05.43.16:357][938]LogModuleManager: Shutting down and abandoning module AssetManagerEditor (208)
[2019.02.18-05.43.16:357][938]LogModuleManager: Shutting down and abandoning module GraphEditor (207)
[2019.02.18-05.43.16:357][938]LogModuleManager: Shutting down and abandoning module ContentBrowser (205)
[2019.02.18-05.43.16:357][938]LogModuleManager: Shutting down and abandoning module CollectionManager (204)
[2019.02.18-05.43.16:357][938]LogDirectoryWatcher: A directory notification for 'C:/Users/lockw/OneDrive/Documents/Unreal Projects/GeoShot/Content/Collections/' was aborted.
[2019.02.18-05.43.16:358][938]LogDirectoryWatcher: A directory notification for 'C:/Users/lockw/OneDrive/Documents/Unreal Projects/GeoShot/Content/Developers/Alex/Collections/' was aborted.
[2019.02.18-05.43.16:358][938]LogDirectoryWatcher: A directory notification for 'C:/Users/lockw/OneDrive/Documents/Unreal Projects/GeoShot/Saved/Collections/' was aborted.
[2019.02.18-05.43.16:358][938]LogModuleManager: Shutting down and abandoning module DirectoryWatcher (203)
[2019.02.18-05.43.16:358][938]LogModuleManager: Shutting down and abandoning module LightPropagationVolumeRuntime (198)
[2019.02.18-05.43.16:358][938]LogModuleManager: Shutting down and abandoning module Paper2D (196)
[2019.02.18-05.43.16:358][938]LogModuleManager: Shutting down and abandoning module WindowsMoviePlayer (194)
[2019.02.18-05.43.16:358][938]LogModuleManager: Shutting down and abandoning module WmfMedia (192)
[2019.02.18-05.43.16:360][938]LogModuleManager: Shutting down and abandoning module ImgMedia (190)
[2019.02.18-05.43.16:360][938]LogModuleManager: Shutting down and abandoning module PacketHandler (188)
[2019.02.18-05.43.16:360][938]LogModuleManager: Shutting down and abandoning module ClothingSystemEditor (186)
[2019.02.18-05.43.16:360][938]LogModuleManager: Shutting down and abandoning module ClothingSystemRuntime (184)
[2019.02.18-05.43.16:360][938]LogModuleManager: Shutting down and abandoning module MediaAssets (182)
[2019.02.18-05.43.16:360][938]LogModuleManager: Shutting down and abandoning module Media (181)
[2019.02.18-05.43.16:366][938]LogModuleManager: Shutting down and abandoning module Overlay (178)
[2019.02.18-05.43.16:366][938]LogModuleManager: Shutting down and abandoning module OverlayEditor (177)
[2019.02.18-05.43.16:366][938]LogModuleManager: Shutting down and abandoning module VREditor (174)
[2019.02.18-05.43.16:366][938]LogModuleManager: Shutting down and abandoning module StringTableEditor (172)
[2019.02.18-05.43.16:366][938]LogModuleManager: Shutting down and abandoning module GameplayTasksEditor (170)
[2019.02.18-05.43.16:366][938]LogModuleManager: Shutting down and abandoning module BehaviorTreeEditor (168)
[2019.02.18-05.43.16:366][938]LogModuleManager: Shutting down and abandoning module FunctionalTesting (166)
[2019.02.18-05.43.16:366][938]LogModuleManager: Shutting down and abandoning module CollisionAnalyzer (164)
[2019.02.18-05.43.16:366][938]LogModuleManager: Shutting down and abandoning module WorkspaceMenuStructure (163)
[2019.02.18-05.43.16:366][938]LogModuleManager: Shutting down and abandoning module UMG (160)
[2019.02.18-05.43.16:367][938]LogModuleManager: Shutting down and abandoning module UMGEditor (159)
[2019.02.18-05.43.16:367][938]LogModuleManager: Shutting down and abandoning module Sequencer (158)
[2019.02.18-05.43.16:367][938]LogModuleManager: Shutting down and abandoning module MessageLog (155)
[2019.02.18-05.43.16:367][938]LogModuleManager: Shutting down and abandoning module SlateReflector (150)
[2019.02.18-05.43.16:367][938]LogModuleManager: Shutting down and abandoning module Slate (148)
[2019.02.18-05.43.16:367][938]LogModuleManager: Shutting down and abandoning module EditorStyle (146)
[2019.02.18-05.43.16:370][938]LogModuleManager: Shutting down and abandoning module MRMesh (144)
[2019.02.18-05.43.16:370][938]LogModuleManager: Shutting down and abandoning module Messaging (142)
[2019.02.18-05.43.16:370][938]LogModuleManager: Shutting down and abandoning module SourceCodeAccess (140)
[2019.02.18-05.43.16:370][938]LogModuleManager: Shutting down and abandoning module HeadMountedDisplay (138)
[2019.02.18-05.43.16:370][938]LogModuleManager: Shutting down and abandoning module XAudio2 (136)
[2019.02.18-05.43.16:370][938]LogModuleManager: Shutting down and abandoning module Networking (134)
[2019.02.18-05.43.16:370][938]LogModuleManager: Shutting down and abandoning module Core (132)
[2019.02.18-05.43.16:370][938]LogModuleManager: Shutting down and abandoning module LevelSequence (130)
[2019.02.18-05.43.16:370][938]LogModuleManager: Shutting down and abandoning module KismetCompiler (128)
[2019.02.18-05.43.16:370][938]LogModuleManager: Shutting down and abandoning module MeshUtilities (126)
[2019.02.18-05.43.16:370][938]LogModuleManager: Shutting down and abandoning module MeshMergeUtilities (125)
[2019.02.18-05.43.16:370][938]LogModuleManager: Shutting down and abandoning module MeshReductionInterface (124)
[2019.02.18-05.43.16:370][938]LogModuleManager: Shutting down and abandoning module SimplygonSwarm (123)
[2019.02.18-05.43.16:370][938]LogModuleManager: Shutting down and abandoning module SimplygonMeshReduction (121)
[2019.02.18-05.43.16:370][938]LogModuleManager: Shutting down and abandoning module QuadricMeshReduction (119)
[2019.02.18-05.43.16:370][938]LogModuleManager: Shutting down and abandoning module MaterialBaking (115)
[2019.02.18-05.43.16:370][938]LogModuleManager: Shutting down and abandoning module DerivedDataCache (110)
[2019.02.18-05.43.16:407][938]LogDerivedDataCache: Shutdown
[2019.02.18-05.43.16:407][938]LogModuleManager: Shutting down and abandoning module TargetPlatform (108)
[2019.02.18-05.43.16:407][938]LogModuleManager: Shutting down and abandoning module VulkanShaderFormat (107)
[2019.02.18-05.43.16:407][938]LogModuleManager: Shutting down and abandoning module ShaderFormatVectorVM (105)
[2019.02.18-05.43.16:407][938]LogModuleManager: Shutting down and abandoning module ShaderFormatOpenGL (103)
[2019.02.18-05.43.16:407][938]LogModuleManager: Shutting down and abandoning module ShaderFormatD3D (101)
[2019.02.18-05.43.16:407][938]LogModuleManager: Shutting down and abandoning module MetalShaderFormat (99)
[2019.02.18-05.43.16:407][938]LogModuleManager: Shutting down and abandoning module TextureFormatUncompressed (97)
[2019.02.18-05.43.16:407][938]LogModuleManager: Shutting down and abandoning module TextureFormatPVR (95)
[2019.02.18-05.43.16:407][938]LogModuleManager: Shutting down and abandoning module TextureFormatDXT (93)
[2019.02.18-05.43.16:407][938]LogModuleManager: Shutting down and abandoning module TextureFormatIntelISPCTexComp (91)
[2019.02.18-05.43.16:407][938]LogModuleManager: Shutting down and abandoning module TextureFormatASTC (89)
[2019.02.18-05.43.16:407][938]LogModuleManager: Shutting down and abandoning module ImageWrapper (88)
[2019.02.18-05.43.16:407][938]LogModuleManager: Shutting down and abandoning module TextureFormatAndroid (85)
[2019.02.18-05.43.16:407][938]LogModuleManager: Shutting down and abandoning module AudioFormatOpus (83)
[2019.02.18-05.43.16:407][938]LogModuleManager: Shutting down and abandoning module AudioFormatOgg (81)
[2019.02.18-05.43.16:407][938]LogModuleManager: Shutting down and abandoning module AudioFormatADPCM (79)
[2019.02.18-05.43.16:407][938]LogModuleManager: Shutting down and abandoning module WindowsTargetPlatform (77)
[2019.02.18-05.43.16:407][938]LogModuleManager: Shutting down and abandoning module WindowsServerTargetPlatform (75)
[2019.02.18-05.43.16:407][938]LogModuleManager: Shutting down and abandoning module WindowsNoEditorTargetPlatform (73)
[2019.02.18-05.43.16:407][938]LogModuleManager: Shutting down and abandoning module WindowsClientTargetPlatform (71)
[2019.02.18-05.43.16:407][938]LogModuleManager: Shutting down and abandoning module InputCore (68)
[2019.02.18-05.43.16:407][938]LogModuleManager: Shutting down and abandoning module Settings (66)
[2019.02.18-05.43.16:407][938]LogModuleManager: Shutting down and abandoning module PhysXCooking (64)
[2019.02.18-05.43.16:407][938]LogModuleManager: Shutting down and abandoning module SteamVR (62)
[2019.02.18-05.43.16:407][938]LogModuleManager: Shutting down and abandoning module OculusHMD (60)
[2019.02.18-05.43.16:407][938]LogModuleManager: Shutting down and abandoning module ExampleDeviceProfileSelector (58)
[2019.02.18-05.43.16:407][938]LogModuleManager: Shutting down and abandoning module AppleARKit (56)
[2019.02.18-05.43.16:407][938]LogModuleManager: Shutting down and abandoning module AugmentedReality (55)
[2019.02.18-05.43.16:407][938]LogModuleManager: Shutting down and abandoning module OnlineBlueprintSupport (52)
[2019.02.18-05.43.16:407][938]LogModuleManager: Shutting down and abandoning module OnlineSubsystem (48)
[2019.02.18-05.43.16:407][938]LogOnline: Display: STEAM: OnlineSubsystemSteam::Shutdown()
[2019.02.18-05.43.16:407][938]LogOnline: Display: OSS: FOnlineAsyncTaskManager::Stop() ActiveTask:0000000000000000 Tasks[0/0]
[2019.02.18-05.43.17:114][938]LogOnline: Display: OSS: FOnlineAsyncTaskManager::Exit() started
[2019.02.18-05.43.17:114][938]LogOnline: Display: OSS: FOnlineAsyncTaskManager::Exit() finished
[2019.02.18-05.43.17:114][938]LogOnline: Display: STEAM: OnlineSubsystemSteam::Shutdown()
[2019.02.18-05.43.17:115][938]LogModuleManager: Shutting down and abandoning module XMPP (43)
[2019.02.18-05.43.17:115][938]LogModuleManager: Shutting down and abandoning module HTTP (41)
[2019.02.18-05.43.17:138][938]LogModuleManager: Shutting down and abandoning module SSL (40)
[2019.02.18-05.43.17:140][938]LogModuleManager: Shutting down and abandoning module AnimationModifiers (36)
[2019.02.18-05.43.17:140][938]LogModuleManager: Shutting down and abandoning module PropertyEditor (35)
[2019.02.18-05.43.17:140][938]LogModuleManager: Shutting down and abandoning module AudioEditor (32)
[2019.02.18-05.43.17:140][938]LogModuleManager: Shutting down and abandoning module TextureCompressor (30)
[2019.02.18-05.43.17:140][938]LogModuleManager: Shutting down and abandoning module ShaderCore (28)
[2019.02.18-05.43.17:140][938]LogModuleManager: Shutting down and abandoning module Landscape (26)
[2019.02.18-05.43.17:140][938]LogModuleManager: Shutting down and abandoning module SlateRHIRenderer (24)
[2019.02.18-05.43.17:140][938]LogModuleManager: Shutting down and abandoning module OpenGLDrv (22)
[2019.02.18-05.43.17:140][938]LogModuleManager: Shutting down and abandoning module D3D11RHI (20)
[2019.02.18-05.43.17:140][938]LogModuleManager: Shutting down and abandoning module AnimGraphRuntime (18)
[2019.02.18-05.43.17:140][938]LogModuleManager: Shutting down and abandoning module Renderer (16)
[2019.02.18-05.43.17:140][938]LogModuleManager: Shutting down and abandoning module Engine (14)
[2019.02.18-05.43.17:140][938]LogModuleManager: Shutting down and abandoning module CoreUObject (12)
[2019.02.18-05.43.17:140][938]LogModuleManager: Shutting down and abandoning module NetworkFile (10)
[2019.02.18-05.43.17:140][938]LogModuleManager: Shutting down and abandoning module CookedIterativeFile (8)
[2019.02.18-05.43.17:140][938]LogModuleManager: Shutting down and abandoning module StreamingFile (6)
[2019.02.18-05.43.17:140][938]LogModuleManager: Shutting down and abandoning module SandboxFile (4)
[2019.02.18-05.43.17:140][938]LogModuleManager: Shutting down and abandoning module PakFile (2)
[2019.02.18-05.43.17:143][938]LogExit: Exiting.
[2019.02.18-05.43.17:144][938]Log file closed, 02/17/19 21:43:17
