Log file open, 04/21/19 21:30:29
LogWindows: Failed to load 'aqProf.dll' (GetLastError=126)
LogWindows: File 'aqProf.dll' does not exist
LogWindows: Failed to load 'VtuneApi.dll' (GetLastError=126)
LogWindows: File 'VtuneApi.dll' does not exist
LogWindows: Failed to load 'VtuneApi32e.dll' (GetLastError=126)
LogWindows: File 'VtuneApi32e.dll' does not exist
LogInit: Display: Running engine for game: Illuminate
LogPlatformFile: Not using cached read wrapper
LogInit: Display: RandInit(-1692629853) SRandInit(-1692629853).
LogInit: Read version file with build ID '3709383'
LogInit: Overriding engine version to CL 3794801, compatible CL 3709383
LogInit: Registered custom module enumerator with build ID '3709383'
LogTaskGraph: Started task graph with 5 named threads and 14 total threads with 3 sets of task threads.
LogStats: Stats thread started at 0.496308
LogPluginManager: Warning: Plugin 'AdvancedSessions' exists at '../../../../../../Users/lockw/OneDrive/Documents/Unreal Projects/Illuminate/Plugins/AdvancedSessions/AdvancedSessions.uplugin' and '../../../../../../Users/lockw/OneDrive/Documents/Unreal Projects/Illuminate/Plugins/AdvancedSessions.uplugin' - second location will be ignored
LogD3D11RHI: Aftermath initialized
LogModuleManager: Display: Found up-to-date module file ../../../Engine/Plugins/Online/OnlineSubsystemSteam/Binaries/Win64/UE4Editor-OnlineSubsystemSteam.dll (API version 3709383).
LogModuleManager: Display: Found up-to-date module file ../../../Engine/Plugins/Online/OnlineSubsystem/Binaries/Win64/UE4Editor-OnlineSubsystem.dll (API version 3709383).
LogModuleManager: Display: Found up-to-date module file ../../../Engine/Plugins/Online/OnlineSubsystemUtils/Binaries/Win64/UE4Editor-OnlineSubsystemUtils.dll (API version 3709383).
LogModuleManager: Display: Found up-to-date module file ../../../Engine/Plugins/Online/OnlineSubsystemUtils/Binaries/Win64/UE4Editor-OnlineBlueprintSupport.dll (API version 3709383).
LogModuleManager: Display: Found up-to-date module file ../../../Engine/Plugins/Online/OnlineFramework/Binaries/Win64/UE4Editor-Qos.dll (API version 3709383).
LogModuleManager: Display: Found up-to-date module file ../../../Engine/Plugins/Online/OnlineFramework/Binaries/Win64/UE4Editor-Party.dll (API version 3709383).
LogModuleManager: Display: Found up-to-date module file ../../../Engine/Plugins/Online/OnlineFramework/Binaries/Win64/UE4Editor-Lobby.dll (API version 3709383).
LogModuleManager: Display: Found up-to-date module file ../../../Engine/Plugins/Online/OnlineFramework/Binaries/Win64/UE4Editor-Hotfix.dll (API version 3709383).
LogModuleManager: Display: Found up-to-date module file ../../../Engine/Plugins/Online/OnlineFramework/Binaries/Win64/UE4Editor-Rejoin.dll (API version 3709383).
LogModuleManager: Display: Found up-to-date module file ../../../Engine/Plugins/Online/OnlineFramework/Binaries/Win64/UE4Editor-LoginFlow.dll (API version 3709383).
LogModuleManager: Display: Found up-to-date module file ../../../Engine/Plugins/2D/Paper2D/Binaries/Win64/UE4Editor-Paper2D.dll (API version 3709383).
LogModuleManager: Display: Found up-to-date module file ../../../Engine/Plugins/2D/Paper2D/Binaries/Win64/UE4Editor-Paper2DEditor.dll (API version 3709383).
LogModuleManager: Display: Found up-to-date module file ../../../Engine/Plugins/2D/Paper2D/Binaries/Win64/UE4Editor-PaperSpriteSheetImporter.dll (API version 3709383).
LogModuleManager: Display: Found up-to-date module file ../../../Engine/Plugins/2D/Paper2D/Binaries/Win64/UE4Editor-PaperTiledImporter.dll (API version 3709383).
LogModuleManager: Display: Found up-to-date module file ../../../Engine/Plugins/2D/Paper2D/Binaries/Win64/UE4Editor-SmartSnapping.dll (API version 3709383).
LogModuleManager: Display: Found up-to-date module file ../../../Engine/Plugins/Blendables/LightPropagationVolume/Binaries/Win64/UE4Editor-LightPropagationVolumeRuntime.dll (API version 3709383).
LogModuleManager: Display: Found up-to-date module file ../../../Engine/Plugins/Blendables/LightPropagationVolume/Binaries/Win64/UE4Editor-LightPropagationVolumeEditor.dll (API version 3709383).
LogModuleManager: Display: Found up-to-date module file ../../../Engine/Plugins/Developer/GitSourceControl/Binaries/Win64/UE4Editor-GitSourceControl.dll (API version 3709383).
LogModuleManager: Display: Found up-to-date module file ../../../Engine/Plugins/Developer/PerforceSourceControl/Binaries/Win64/UE4Editor-PerforceSourceControl.dll (API version 3709383).
LogModuleManager: Display: Found up-to-date module file ../../../Engine/Plugins/Developer/SubversionSourceControl/Binaries/Win64/UE4Editor-SubversionSourceControl.dll (API version 3709383).
LogModuleManager: Display: Found up-to-date module file ../../../Engine/Plugins/Developer/UObjectPlugin/Binaries/Win64/UE4Editor-UObjectPlugin.dll (API version 3709383).
LogModuleManager: Display: Found up-to-date module file ../../../Engine/Plugins/Developer/VisualStudioCodeSourceCodeAccess/Binaries/Win64/UE4Editor-VisualStudioCodeSourceCodeAccess.dll (API version 3709383).
LogModuleManager: Display: Found up-to-date module file ../../../Engine/Plugins/Developer/VisualStudioSourceCodeAccess/Binaries/Win64/UE4Editor-VisualStudioSourceCodeAccess.dll (API version 3709383).
LogModuleManager: Display: Found up-to-date module file ../../../Engine/Plugins/Editor/AssetManagerEditor/Binaries/Win64/UE4Editor-AssetManagerEditor.dll (API version 3709383).
LogModuleManager: Display: Found up-to-date module file ../../../Engine/Plugins/Editor/AudioCapture/Binaries/Win64/UE4Editor-AudioCapture.dll (API version 3709383).
LogModuleManager: Display: Found up-to-date module file ../../../Engine/Plugins/Editor/FacialAnimation/Binaries/Win64/UE4Editor-FacialAnimation.dll (API version 3709383).
LogModuleManager: Display: Found up-to-date module file ../../../Engine/Plugins/Editor/FacialAnimation/Binaries/Win64/UE4Editor-FacialAnimationEditor.dll (API version 3709383).
LogModuleManager: Display: Found up-to-date module file ../../../Engine/Plugins/Editor/GameplayTagsEditor/Binaries/Win64/UE4Editor-GameplayTagsEditor.dll (API version 3709383).
LogModuleManager: Display: Found up-to-date module file ../../../Engine/Plugins/Editor/MobileLauncherProfileWizard/Binaries/Win64/UE4Editor-MobileLauncherProfileWizard.dll (API version 3709383).
LogModuleManager: Display: Found up-to-date module file ../../../Engine/Plugins/Editor/PluginBrowser/Binaries/Win64/UE4Editor-PluginBrowser.dll (API version 3709383).
LogModuleManager: Display: Found up-to-date module file ../../../Engine/Plugins/Editor/SpeedTreeImporter/Binaries/Win64/UE4Editor-SpeedTreeImporter.dll (API version 3709383).
LogModuleManager: Display: Found up-to-date module file ../../../Engine/Plugins/Experimental/AlembicImporter/Binaries/Win64/UE4Editor-AlembicImporter.dll (API version 3709383).
LogModuleManager: Display: Found up-to-date module file ../../../Engine/Plugins/Experimental/AlembicImporter/Binaries/Win64/UE4Editor-AlembicLibrary.dll (API version 3709383).
LogModuleManager: Display: Found up-to-date module file ../../../Engine/Plugins/Experimental/CharacterAI/Binaries/Win64/UE4Editor-CharacterAI.dll (API version 3709383).
LogModuleManager: Display: Found up-to-date module file ../../../Engine/Plugins/Experimental/HTML5Networking/Binaries/Win64/UE4Editor-HTML5Networking.dll (API version 3709383).
LogModuleManager: Display: Found up-to-date module file ../../../Engine/Plugins/Media/AndroidMedia/Binaries/Win64/UE4Editor-AndroidMediaEditor.dll (API version 3709383).
LogModuleManager: Display: Found up-to-date module file ../../../Engine/Plugins/Media/AndroidMedia/Binaries/Win64/UE4Editor-AndroidMediaFactory.dll (API version 3709383).
LogModuleManager: Display: Found up-to-date module file ../../../Engine/Plugins/Media/AvfMedia/Binaries/Win64/UE4Editor-AvfMediaEditor.dll (API version 3709383).
LogModuleManager: Display: Found up-to-date module file ../../../Engine/Plugins/Media/AvfMedia/Binaries/Win64/UE4Editor-AvfMediaFactory.dll (API version 3709383).
LogModuleManager: Display: Found up-to-date module file ../../../Engine/Plugins/Media/AvfMedia/Binaries/Win64/UE4Editor-AvfMediaFactory.dll (API version 3709383).
LogModuleManager: Display: Found up-to-date module file ../../../Engine/Plugins/Media/ImgMedia/Binaries/Win64/UE4Editor-ImgMedia.dll (API version 3709383).
LogModuleManager: Display: Found up-to-date module file ../../../Engine/Plugins/Media/ImgMedia/Binaries/Win64/UE4Editor-ImgMediaEditor.dll (API version 3709383).
LogModuleManager: Display: Found up-to-date module file ../../../Engine/Plugins/Media/ImgMedia/Binaries/Win64/UE4Editor-ImgMediaFactory.dll (API version 3709383).
LogModuleManager: Display: Found up-to-date module file ../../../Engine/Plugins/Media/ImgMedia/Binaries/Win64/UE4Editor-ImgMediaFactory.dll (API version 3709383).
LogModuleManager: Display: Found up-to-date module file ../../../Engine/Plugins/Media/ImgMedia/Binaries/Win64/UE4Editor-OpenExrWrapper.dll (API version 3709383).
LogModuleManager: Display: Found up-to-date module file ../../../Engine/Plugins/Media/MediaCompositing/Binaries/Win64/UE4Editor-MediaCompositing.dll (API version 3709383).
LogModuleManager: Display: Found up-to-date module file ../../../Engine/Plugins/Media/MediaCompositing/Binaries/Win64/UE4Editor-MediaCompositingEditor.dll (API version 3709383).
LogModuleManager: Display: Found up-to-date module file ../../../Engine/Plugins/Media/MediaPlayerEditor/Binaries/Win64/UE4Editor-MediaPlayerEditor.dll (API version 3709383).
LogModuleManager: Display: Found up-to-date module file ../../../Engine/Plugins/Media/WmfMedia/Binaries/Win64/UE4Editor-WmfMedia.dll (API version 3709383).
LogModuleManager: Display: Found up-to-date module file ../../../Engine/Plugins/Media/WmfMedia/Binaries/Win64/UE4Editor-WmfMediaEditor.dll (API version 3709383).
LogModuleManager: Display: Found up-to-date module file ../../../Engine/Plugins/Media/WmfMedia/Binaries/Win64/UE4Editor-WmfMediaFactory.dll (API version 3709383).
LogModuleManager: Display: Found up-to-date module file ../../../Engine/Plugins/Media/WmfMedia/Binaries/Win64/UE4Editor-WmfMediaFactory.dll (API version 3709383).
LogModuleManager: Display: Found up-to-date module file ../../../Engine/Plugins/Messaging/TcpMessaging/Binaries/Win64/UE4Editor-TcpMessaging.dll (API version 3709383).
LogModuleManager: Display: Found up-to-date module file ../../../Engine/Plugins/Messaging/UdpMessaging/Binaries/Win64/UE4Editor-UdpMessaging.dll (API version 3709383).
LogModuleManager: Display: Found up-to-date module file ../../../Engine/Plugins/MovieScene/ActorSequence/Binaries/Win64/UE4Editor-ActorSequence.dll (API version 3709383).
LogModuleManager: Display: Found up-to-date module file ../../../Engine/Plugins/MovieScene/LevelSequenceEditor/Binaries/Win64/UE4Editor-LevelSequenceEditor.dll (API version 3709383).
LogModuleManager: Display: Found up-to-date module file ../../../Engine/Plugins/MovieScene/MatineeToLevelSequence/Binaries/Win64/UE4Editor-MatineeToLevelSequence.dll (API version 3709383).
LogModuleManager: Display: Found up-to-date module file ../../../Engine/Plugins/Runtime/AndroidPermission/Binaries/Win64/UE4Editor-AndroidPermission.dll (API version 3709383).
LogModuleManager: Display: Found up-to-date module file ../../../Engine/Plugins/Online/OnlineSubsystemNull/Binaries/Win64/UE4Editor-OnlineSubsystemNull.dll (API version 3709383).
LogModuleManager: Display: Found up-to-date module file ../../../Engine/Plugins/Runtime/AndroidDeviceProfileSelector/Binaries/Win64/UE4Editor-AndroidDeviceProfileSelector.dll (API version 3709383).
LogModuleManager: Display: Found up-to-date module file ../../../Engine/Plugins/Runtime/AppleARKit/Binaries/Win64/UE4Editor-AppleARKit.dll (API version 3709383).
LogModuleManager: Display: Found up-to-date module file ../../../Engine/Plugins/Runtime/ArchVisCharacter/Binaries/Win64/UE4Editor-ArchVisCharacter.dll (API version 3709383).
LogModuleManager: Display: Found up-to-date module file ../../../Engine/Plugins/Runtime/CableComponent/Binaries/Win64/UE4Editor-CableComponent.dll (API version 3709383).
LogModuleManager: Display: Found up-to-date module file ../../../Engine/Plugins/Runtime/CustomMeshComponent/Binaries/Win64/UE4Editor-CustomMeshComponent.dll (API version 3709383).
LogModuleManager: Display: Found up-to-date module file ../../../Engine/Plugins/Runtime/ExampleDeviceProfileSelector/Binaries/Win64/UE4Editor-ExampleDeviceProfileSelector.dll (API version 3709383).
LogModuleManager: Display: Found up-to-date module file ../../../Engine/Plugins/Runtime/ImmediatePhysics/Binaries/Win64/UE4Editor-ImmediatePhysics.dll (API version 3709383).
LogModuleManager: Display: Found up-to-date module file ../../../Engine/Plugins/Runtime/ImmediatePhysics/Binaries/Win64/UE4Editor-ImmediatePhysicsEditor.dll (API version 3709383).
LogModuleManager: Display: Found up-to-date module file ../../../Engine/Plugins/Runtime/LocationServicesBPLibrary/Binaries/Win64/UE4Editor-LocationServicesBPLibrary.dll (API version 3709383).
LogModuleManager: Display: Found up-to-date module file ../../../Engine/Plugins/Runtime/MobilePatchingUtils/Binaries/Win64/UE4Editor-MobilePatchingUtils.dll (API version 3709383).
LogModuleManager: Display: Found up-to-date module file ../../../Engine/Plugins/Runtime/Oculus/OculusVR/Binaries/Win64/UE4Editor-OculusHMD.dll (API version 3709383).
LogModuleManager: Display: Found up-to-date module file ../../../Engine/Plugins/Runtime/Oculus/OculusVR/Binaries/Win64/UE4Editor-OculusInput.dll (API version 3709383).
LogModuleManager: Display: Found up-to-date module file ../../../Engine/Plugins/Runtime/Oculus/OculusVR/Binaries/Win64/UE4Editor-OculusEditor.dll (API version 3709383).
LogModuleManager: Display: Found up-to-date module file ../../../Engine/Plugins/Runtime/PhysXVehicles/Binaries/Win64/UE4Editor-PhysXVehicles.dll (API version 3709383).
LogModuleManager: Display: Found up-to-date module file ../../../Engine/Plugins/Runtime/PhysXVehicles/Binaries/Win64/UE4Editor-PhysXVehiclesEditor.dll (API version 3709383).
LogModuleManager: Display: Found up-to-date module file ../../../Engine/Plugins/Runtime/ProceduralMeshComponent/Binaries/Win64/UE4Editor-ProceduralMeshComponent.dll (API version 3709383).
LogModuleManager: Display: Found up-to-date module file ../../../Engine/Plugins/Runtime/ProceduralMeshComponent/Binaries/Win64/UE4Editor-ProceduralMeshComponentEditor.dll (API version 3709383).
LogModuleManager: Display: Found up-to-date module file ../../../Engine/Plugins/Runtime/RuntimePhysXCooking/Binaries/Win64/UE4Editor-RuntimePhysXCooking.dll (API version 3709383).
LogModuleManager: Display: Found up-to-date module file ../../../Engine/Plugins/Runtime/Steam/SteamVR/Binaries/Win64/UE4Editor-SteamVR.dll (API version 3709383).
LogModuleManager: Display: Found up-to-date module file ../../../Engine/Plugins/Runtime/Steam/SteamVR/Binaries/Win64/UE4Editor-SteamVRController.dll (API version 3709383).
LogModuleManager: Display: Found up-to-date module file ../../../Engine/Plugins/Runtime/WindowsMoviePlayer/Binaries/Win64/UE4Editor-WindowsMoviePlayer.dll (API version 3709383).
LogModuleManager: Display: Found up-to-date module file ../../../../../../Users/lockw/OneDrive/Documents/Unreal Projects/Illuminate/Plugins/AdvancedSessions/Binaries/Win64/UE4Editor-AdvancedSessions.dll (API version 3709383).
LogModuleManager: Display: Found up-to-date module file ../../../../../../Users/lockw/OneDrive/Documents/Unreal Projects/Illuminate/Plugins/AdvancedSteamSessions/Binaries/Win64/UE4Editor-AdvancedSteamSessions.dll (API version 3709383).
LogPluginManager: Mounting plugin Paper2D
LogPluginManager: Mounting plugin LightPropagationVolume
LogPluginManager: Mounting plugin CodeLiteSourceCodeAccess
LogPluginManager: Mounting plugin GitSourceControl
LogPluginManager: Mounting plugin KDevelopSourceCodeAccess
LogPluginManager: Mounting plugin NullSourceCodeAccess
LogPluginManager: Mounting plugin PerforceSourceControl
LogPluginManager: Mounting plugin SubversionSourceControl
LogPluginManager: Mounting plugin UObjectPlugin
LogPluginManager: Mounting plugin VisualStudioCodeSourceCodeAccess
LogPluginManager: Mounting plugin VisualStudioSourceCodeAccess
LogPluginManager: Mounting plugin XCodeSourceCodeAccess
LogPluginManager: Mounting plugin AssetManagerEditor
LogPluginManager: Mounting plugin AudioCapture
LogPluginManager: Mounting plugin FacialAnimation
LogPluginManager: Mounting plugin GameplayTagsEditor
LogPluginManager: Mounting plugin MobileLauncherProfileWizard
LogPluginManager: Mounting plugin PluginBrowser
LogPluginManager: Mounting plugin SpeedTreeImporter
LogPluginManager: Mounting plugin AlembicImporter
LogPluginManager: Mounting plugin CharacterAI
LogPluginManager: Mounting plugin HTML5Networking
LogPluginManager: Mounting plugin AndroidMedia
LogPluginManager: Mounting plugin AvfMedia
LogPluginManager: Mounting plugin ImgMedia
LogPluginManager: Mounting plugin MediaCompositing
LogPluginManager: Mounting plugin MediaPlayerEditor
LogPluginManager: Mounting plugin WmfMedia
LogPluginManager: Mounting plugin TcpMessaging
LogPluginManager: Mounting plugin UdpMessaging
LogPluginManager: Mounting plugin ActorSequence
LogPluginManager: Mounting plugin LevelSequenceEditor
LogPluginManager: Mounting plugin MatineeToLevelSequence
LogPluginManager: Mounting plugin OnlineSubsystemGooglePlay
LogPluginManager: Mounting plugin OnlineSubsystemIOS
LogPluginManager: Mounting plugin OnlineFramework
LogPluginManager: Mounting plugin OnlineSubsystem
LogPluginManager: Mounting plugin OnlineSubsystemNull
LogPluginManager: Mounting plugin OnlineSubsystemSteam
LogPluginManager: Mounting plugin OnlineSubsystemUtils
LogPluginManager: Mounting plugin AndroidDeviceProfileSelector
LogPluginManager: Mounting plugin AndroidMoviePlayer
LogPluginManager: Mounting plugin AndroidPermission
LogPluginManager: Mounting plugin AppleARKit
LogPluginManager: Mounting plugin AppleMoviePlayer
LogPluginManager: Mounting plugin ArchVisCharacter
LogPluginManager: Mounting plugin CableComponent
LogPluginManager: Mounting plugin CustomMeshComponent
LogPluginManager: Mounting plugin ExampleDeviceProfileSelector
LogPluginManager: Mounting plugin GoogleCloudMessaging
LogPluginManager: Mounting plugin ImmediatePhysics
LogPluginManager: Mounting plugin IOSDeviceProfileSelector
LogPluginManager: Mounting plugin LinuxDeviceProfileSelector
LogPluginManager: Mounting plugin LocationServicesBPLibrary
LogPluginManager: Mounting plugin MobilePatchingUtils
LogPluginManager: Mounting plugin OculusVR
LogPluginManager: Plugin shader directory ../../../Engine/Plugins/Runtime/Oculus/OculusVR/Shaders found
LogPluginManager: Mapping shader source directory ../../../Engine/Plugins/Runtime/Oculus/OculusVR/Shaders to virtual directory /Plugin/OculusVR
LogPluginManager: Mounting plugin PhysXVehicles
LogPluginManager: Mounting plugin ProceduralMeshComponent
LogPluginManager: Mounting plugin RuntimePhysXCooking
LogPluginManager: Mounting plugin SteamVR
LogPluginManager: Mounting plugin WindowsMoviePlayer
LogPluginManager: Mounting plugin AdvancedSessions
LogPluginManager: Mounting plugin AdvancedSteamSessions
LogInit: Using libcurl 7.47.1
LogInit:  - built for x86_64-pc-win32
LogInit:  - supports SSL with OpenSSL/1.0.2g
LogInit:  - supports HTTP deflate (compression) using libz 1.2.8
LogInit:  - other features:
LogInit:      CURL_VERSION_SSL
LogInit:      CURL_VERSION_LIBZ
LogInit:      CURL_VERSION_IPV6
LogInit:      CURL_VERSION_ASYNCHDNS
LogInit:      CURL_VERSION_LARGEFILE
LogInit:      CURL_VERSION_IDN
LogInit:  CurlRequestOptions (configurable via config and command line):
LogInit:  - bVerifyPeer = false  - Libcurl will NOT verify peer certificate
LogInit:  - bUseHttpProxy = false  - Libcurl will NOT use HTTP proxy
LogInit:  - bDontReuseConnections = false  - Libcurl will reuse connections
LogInit:  - CertBundlePath = nullptr  - Libcurl will use whatever was configured at build time.
LogOnline: Display: STEAM: Loading Steam SDK 1.39
LogOnline: Warning: STEAM: Steam API disabled!
LogOnline: Display: STEAM: OnlineSubsystemSteam::Shutdown()
LogInit: WinSock: version 1.1 (2.2), MaxSocks=32767, MaxUdp=65467
LogInit: Build: ++UE4+Release-4.18-CL-3794801
LogInit: Engine Version: 4.18.2-3794801+++UE4+Release-4.18
LogInit: Compatible Engine Version: 4.18.0-3709383+++UE4+Release-4.18
LogInit: Net CL: 3709383
LogDevObjectVersion: Number of dev versions registered: 16
LogDevObjectVersion:   Dev-Blueprints (B0D832E4-1F89-4F0D-ACCF-7EB736FD4AA2): 10
LogDevObjectVersion:   Dev-Build (E1C64328-A22C-4D53-A36C-8E866417BD8C): 0
LogDevObjectVersion:   Dev-Core (375EC13C-06E4-48FB-B500-84F0262A717E): 2
LogDevObjectVersion:   Dev-Editor (E4B068ED-F494-42E9-A231-DA0B2E46BB41): 20
LogDevObjectVersion:   Dev-Framework (CFFC743F-43B0-4480-9391-14DF171D2073): 30
LogDevObjectVersion:   Dev-Mobile (B02B49B5-BB20-44E9-A304-32B752E40360): 0
LogDevObjectVersion:   Dev-Networking (A4E4105C-59A1-49B5-A7C5-40C4547EDFEE): 0
LogDevObjectVersion:   Dev-Online (39C831C9-5AE6-47DC-9A44-9C173E1C8E7C): 0
LogDevObjectVersion:   Dev-Physics (78F01B33-EBEA-4F98-B9B4-84EACCB95AA2): 0
LogDevObjectVersion:   Dev-Platform (6631380F-2D4D-43E0-8009-CF276956A95A): 0
LogDevObjectVersion:   Dev-Rendering (12F88B9F-8875-4AFC-A67C-D90C383ABD29): 20
LogDevObjectVersion:   Dev-Sequencer (7B5AE74C-D270-4C10-A958-57980B212A5A): 4
LogDevObjectVersion:   Dev-VR (D7296918-1DD6-4BDD-9DE2-64A83CC13884): 0
LogDevObjectVersion:   Dev-LoadTimes (C2A15278-BFE7-4AFE-6C17-90FF531DF755): 1
LogDevObjectVersion:   Private-Geometry (6EACA3D4-40EC-4CC1-B786-8BED09428FC5): 1
LogDevObjectVersion:   Dev-AnimPhys (29E575DD-E0A3-4627-9D10-D276232CDCEA): 12
LogInit: Compiled (64-bit): Dec  8 2017 02:04:53
LogInit: Compiled with Visual C++: 19.00.24215.01
LogInit: Build Configuration: Development
LogInit: Branch Name: ++UE4+Release-4.18
LogInit: Command line:  127.0.0.1:7777 -game -PIEVIACONSOLE -ResX=1904 -ResY=1041  -Multiprocess -messaging -SessionName="Play in Standalone Game" -windowed GameUserSettingsINI="C:/Users/lockw/OneDrive/Documents/Unreal Projects/Illuminate/Saved/Config/Windows/PIEGameUserSettings1.ini" -MultiprocessSaveConfig  -MultiprocessOSS WinX=8 WinY=30 SAVEWINPOS=1
LogInit: Base directory: C:/Program Files/Epic Games/UE_4.18/Engine/Binaries/Win64/
LogInit: Installed Engine Build: 1
LogInit: Presizing for max 8388607 objects, including 0 objects not considered by GC, pre-allocating 0 bytes for permanent pool.
LogInit: Object subsystem initialized
[2019.04.22-04.30.38:677][  0]LogInit: Selected Device Profile: [Windows]
[2019.04.22-04.30.38:677][  0]LogInit: Applying CVar settings loaded from the selected device profile: [Windows]
[2019.04.22-04.30.38:689][  0]LogInit: Computer: MSI
[2019.04.22-04.30.38:689][  0]LogInit: User: Alex
[2019.04.22-04.30.38:689][  0]LogInit: CPU Page size=4096, Cores=4
[2019.04.22-04.30.38:689][  0]LogInit: High frequency timer resolution =2.533207 MHz
[2019.04.22-04.30.38:689][  0]LogMemory: Memory total: Physical=15.9GB (16GB approx)
[2019.04.22-04.30.38:689][  0]LogMemory: Platform Memory Stats for Windows
[2019.04.22-04.30.38:689][  0]LogMemory: Process Physical Memory: 275.88 MB used, 275.88 MB peak
[2019.04.22-04.30.38:689][  0]LogMemory: Process Virtual Memory: 274.31 MB used, 274.31 MB peak
[2019.04.22-04.30.38:689][  0]LogMemory: Physical Memory: 11612.08 MB used,  4661.26 MB free, 16273.34 MB total
[2019.04.22-04.30.38:689][  0]LogMemory: Virtual Memory: 4788.92 MB used,  4661.26 MB free, 134217728.00 MB total
[2019.04.22-04.30.41:531][  0]LogInit: Using OS detected language (en-US).
[2019.04.22-04.30.41:531][  0]LogInit: Using OS detected locale (en-US).
[2019.04.22-04.30.41:543][  0]LogTextLocalizationManager: No specific localization for 'en-US' exists, so the 'en' localization will be used.
[2019.04.22-04.30.43:082][  0]LogD3D11RHI: D3D11 adapters:
[2019.04.22-04.30.43:227][  0]LogD3D11RHI:    0. 'NVIDIA GeForce GTX 965M' (Feature Level 11_0)
[2019.04.22-04.30.43:227][  0]LogD3D11RHI:       2010/0/8136 MB DedicatedVideo/DedicatedSystem/SharedSystem, Outputs:1, VendorId:0x10de
[2019.04.22-04.30.43:242][  0]LogD3D11RHI:    1. 'Intel(R) HD Graphics 4600' (Feature Level 11_0)
[2019.04.22-04.30.43:242][  0]LogD3D11RHI:       112/0/2048 MB DedicatedVideo/DedicatedSystem/SharedSystem, Outputs:0, VendorId:0x8086
[2019.04.22-04.30.43:247][  0]LogD3D11RHI:    2. 'Microsoft Basic Render Driver' (Feature Level 11_0)
[2019.04.22-04.30.43:247][  0]LogD3D11RHI:       0/0/8136 MB DedicatedVideo/DedicatedSystem/SharedSystem, Outputs:0, VendorId:0x1414
[2019.04.22-04.30.43:247][  0]LogD3D11RHI: Chosen D3D11 Adapter: 0
[2019.04.22-04.30.43:324][  0]LogD3D11RHI: Creating new Direct3DDevice
[2019.04.22-04.30.43:324][  0]LogD3D11RHI:     GPU DeviceId: 0x13d9 (for the marketing name, search the web for "GPU Device Id")
[2019.04.22-04.30.43:324][  0]LogWindows: EnumDisplayDevices:
[2019.04.22-04.30.43:325][  0]LogWindows:    0. 'Intel(R) HD Graphics 4600' (P:1 D:1)
[2019.04.22-04.30.43:325][  0]LogWindows:    1. 'Intel(R) HD Graphics 4600' (P:0 D:0)
[2019.04.22-04.30.43:326][  0]LogWindows:    2. 'Intel(R) HD Graphics 4600' (P:0 D:0)
[2019.04.22-04.30.43:327][  0]LogWindows: DebugString: GetVideoDriverDetailsInvalid PrimaryIsNotTheChoosenAdapter GetVideoDriverDetailsInvalid PrimaryIsNotTheChoosenAdapter GetVideoDriverDetailsInvalid PrimaryIsNotTheChoosenAdapter FoundDriverCount:0 
[2019.04.22-04.30.43:327][  0]LogD3D11RHI:     Adapter Name: NVIDIA GeForce GTX 965M
[2019.04.22-04.30.43:327][  0]LogD3D11RHI:   Driver Version: Unknown (internal:Unknown, unified:Unknown)
[2019.04.22-04.30.43:327][  0]LogD3D11RHI:      Driver Date: Unknown
[2019.04.22-04.30.43:327][  0]LogRHI: Texture pool is 1407 MB (70% of 2010 MB)
[2019.04.22-04.30.43:443][  0]LogD3D11RHI: Async texture creation enabled
[2019.04.22-04.30.43:471][  0]LogD3D11RHI: GPU Timing Frequency: 1000.000000 (Debug: 2 2)
[2019.04.22-04.30.43:473][  0]LogShaderCompilers: Guid format shader working directory is -28 characters bigger than the processId version (../../../../../../Users/lockw/OneDrive/Documents/Unreal Projects/Illuminate/Intermediate/Shaders/WorkingDirectory/464/).
[2019.04.22-04.30.43:473][  0]LogShaderCompilers: Cleaned the shader compiler working directory 'C:/Users/lockw/AppData/Local/Temp/UnrealShaderWorkingDir/B5867FEA40BB063C705F70AF7EA52AED/'.
[2019.04.22-04.30.43:473][  0]LogShaderCompilers: Display: Using Local Shader Compiler.
[2019.04.22-04.30.46:971][  0]LogTemp: Display: Loaded TP WindowsClientTargetPlatform
[2019.04.22-04.30.47:254][  0]LogTemp: Display: Loaded TP WindowsNoEditorTargetPlatform
[2019.04.22-04.30.47:510][  0]LogTemp: Display: Loaded TP WindowsServerTargetPlatform
[2019.04.22-04.30.47:790][  0]LogTemp: Display: Loaded TP WindowsTargetPlatform
[2019.04.22-04.30.47:790][  0]LogTargetPlatformManager: Display: Building Assets For Windows
[2019.04.22-04.30.50:550][  0]LogDerivedDataCache: Display: Max Cache Size: 512 MB
[2019.04.22-04.30.50:778][  0]LogDerivedDataCache: Loaded boot cache 0.23s 79MB C:/Users/lockw/AppData/Local/UnrealEngine/4.18/DerivedDataCache/Boot.ddc.
[2019.04.22-04.30.50:779][  0]LogDerivedDataCache: Display: Loaded Boot cache: C:/Users/lockw/AppData/Local/UnrealEngine/4.18/DerivedDataCache/Boot.ddc
[2019.04.22-04.30.50:779][  0]LogDerivedDataCache: FDerivedDataBackendGraph:  Pak pak cache file ../../../../../../Users/lockw/OneDrive/Documents/Unreal Projects/Illuminate/DerivedDataCache/DDC.ddp not found, will not use a pak cache.
[2019.04.22-04.30.50:779][  0]LogDerivedDataCache: Unable to find inner node Pak for hierarchical cache Hierarchy.
[2019.04.22-04.30.50:779][  0]LogDerivedDataCache: FDerivedDataBackendGraph:  CompressedPak pak cache file ../../../../../../Users/lockw/OneDrive/Documents/Unreal Projects/Illuminate/DerivedDataCache/Compressed.ddp not found, will not use a pak cache.
[2019.04.22-04.30.50:779][  0]LogDerivedDataCache: Unable to find inner node CompressedPak for hierarchical cache Hierarchy.
[2019.04.22-04.30.50:827][  0]LogDerivedDataCache: Display: Pak cache opened for reading ../../../Engine/DerivedDataCache/Compressed.ddp.
[2019.04.22-04.30.50:842][  0]LogDerivedDataCache: Using Local data cache path C:/Users/lockw/AppData/Local/UnrealEngine/Common/DerivedDataCache: Writable
[2019.04.22-04.30.50:871][  0]LogMaterial: Verifying Global Shaders for PCD3D_SM5
[2019.04.22-04.30.50:872][  0]LogSlate: Using Freetype 2.6.0
[2019.04.22-04.30.50:874][  0]LogSlate: SlateFontCache - WITH_FREETYPE: 1, WITH_HARFBUZZ: 1
[2019.04.22-04.30.50:874][  0]LogSlate: SlateFontCache - WITH_FREETYPE: 1, WITH_HARFBUZZ: 1
[2019.04.22-04.30.51:782][  0]LogAssetRegistry: FAssetRegistry took 0.0144 seconds to start up
[2019.04.22-04.30.51:824][  0]LogPackageLocalizationCache: Processed 7 localized package path(s) for 2 prioritized culture(s) in 0.041528 seconds
[2019.04.22-04.30.52:117][  0]LogInit: Selected Device Profile: [Windows]
[2019.04.22-04.30.53:779][  0]LogSimplygon: Simplygon DLL not present - disabling.
[2019.04.22-04.30.54:019][  0]LogMeshReduction: Using SimplygonSwarm for distributed automatic mesh merging
[2019.04.22-04.30.54:019][  0]LogMeshReduction: Using QuadricMeshReduction for automatic static mesh reduction
[2019.04.22-04.30.54:019][  0]LogMeshReduction: No automatic skeletal mesh reduction module available
[2019.04.22-04.30.54:019][  0]LogMeshReduction: No automatic mesh merging module available
[2019.04.22-04.30.54:019][  0]LogMeshMerging: No automatic mesh merging module available
[2019.04.22-04.30.54:144][  0]LogNetVersion: Illuminate , NetCL: 3709383, EngineNetVer: 2, GameNetVer: 0 (Checksum: 1556659199)
[2019.04.22-04.31.03:024][  0]LogMoviePlayer: Initializing movie player
[2019.04.22-04.31.04:626][  0]LogCollectionManager: Loaded 0 collections in 0.006814 seconds
[2019.04.22-04.31.04:771][  0]LogFileCache: Scanning file cache for directory 'C:/Users/lockw/OneDrive/Documents/Unreal Projects/Illuminate/Saved/Collections/' took 0.01s
[2019.04.22-04.31.04:771][  0]LogFileCache: Scanning file cache for directory 'C:/Users/lockw/OneDrive/Documents/Unreal Projects/Illuminate/Content/Developers/Alex/Collections/' took 0.01s
[2019.04.22-04.31.04:771][  0]LogFileCache: Scanning file cache for directory 'C:/Users/lockw/OneDrive/Documents/Unreal Projects/Illuminate/Content/Collections/' took 0.01s
[2019.04.22-04.31.04:771][  0]LogCollectionManager: Rebuilt the object cache for 0 collections in 0.000000 seconds (found 0 objects)
[2019.04.22-04.31.04:771][  0]LogCollectionManager: Fixed up redirectors for 0 collections in 0.000412 seconds (updated 0 objects)
[2019.04.22-04.31.05:809][  0]LogTcpMessaging: Initializing TcpMessaging bridge
[2019.04.22-04.31.05:974][  0]LogUdpMessaging: Initializing bridge on interface 0.0.0.0:0 to multicast group 230.0.0.1:6666.
[2019.04.22-04.31.09:197][  0]SourceControl: Source control is disabled
[2019.04.22-04.31.09:197][  0]SourceControl: Source control is disabled
[2019.04.22-04.31.09:503][  0]SourceControl: Source control is disabled
[2019.04.22-04.31.13:217][  0]LogAndroidPermission: UAndroidPermissionCallbackProxy::GetInstance
[2019.04.22-04.31.14:764][  0]LogOcInput: OculusInput pre-init called
[2019.04.22-04.31.15:544][  0]LogUObjectArray: 39813 objects as part of root set at end of initial load.
[2019.04.22-04.31.15:545][  0]LogUObjectAllocator: 8734536 out of 0 bytes used by permanent object pool.
[2019.04.22-04.31.15:545][  0]LogUObjectArray: CloseDisregardForGC: 0/0 objects in disregard for GC pool
[2019.04.22-04.31.16:049][  0]LogEngine: Initializing Engine...
[2019.04.22-04.31.16:054][  0]LogHMD: Failed to initialize OpenVR with code 110
[2019.04.22-04.31.16:508][  0]LogStats: UGameplayTagsManager::ConstructGameplayTagTree: Construct from data asset -  0.000 s
[2019.04.22-04.31.16:508][  0]LogStats: UGameplayTagsManager::ConstructGameplayTagTree: GameplayTagTreeChangedEvent.Broadcast -  0.000 s
[2019.04.22-04.31.16:580][  0]LogInit: XAudio2 using 'Speakers (Realtek High Definition Audio)' : 6 channels at 48 kHz using 32 bits per sample (channel mask 0x3f)
[2019.04.22-04.31.16:823][  0]LogInit: FAudioDevice initialized.
[2019.04.22-04.31.16:853][  0]LogInit: Texture streaming: Enabled
[2019.04.22-04.31.16:911][  0]LogMaterial: Uniform references updated for custom material expression Custom.
[2019.04.22-04.31.22:982][  0]LogInit: Display: Game Engine Initialized.
[2019.04.22-04.31.22:982][  0]LogGameplayTags: Display: UGameplayTagsManager::DoneAddingNativeTags. DelegateIsBound: 0
[2019.04.22-04.31.24:017][  0]LogInit: Display: Starting Game.
[2019.04.22-04.31.24:017][  0]LogNet: Browse: 127.0.0.1//Game/Creations/Maps/MainMenu?Name=Player
[2019.04.22-04.31.24:017][  0]LogOnline: Warning: STEAM: Steam API disabled!
[2019.04.22-04.31.24:017][  0]LogOnline: Display: STEAM: OnlineSubsystemSteam::Shutdown()
[2019.04.22-04.31.24:017][  0]LogTemp: Display: ParseSettings for GameNetDriver
[2019.04.22-04.31.24:017][  0]LogTemp: Display: ParseSettings for IpNetDriver_0
[2019.04.22-04.31.24:017][  0]LogTemp: Display: ParseSettings for PendingNetDriver
[2019.04.22-04.31.24:017][  0]LogInit: WinSock: Socket queue 32768 / 32768
[2019.04.22-04.31.24:021][  0]LogInit: WinSock: I am MSI (158.104.224.69:0)
[2019.04.22-04.31.24:022][  0]PacketHandlerLog: Loaded PacketHandler component: Engine.EngineHandlerComponentFactory (StatelessConnectHandlerComponent)
[2019.04.22-04.31.24:022][  0]LogNet: Game client on port 7777, rate 10000
[2019.04.22-04.31.24:921][  0]LogLoad: (Engine Initialization) Total time: 60.69 seconds
[2019.04.22-04.31.24:921][  0]LogLoad: (Engine Initialization) Total Blueprint compile time: 0.00 seconds
[2019.04.22-04.31.24:922][  0]LogExternalProfiler: Found external profiler: VSPerf
[2019.04.22-04.31.24:922][  0]LogExternalProfiler: Using external profiler: VSPerf
[2019.04.22-04.31.24:949][  0]LogContentStreaming: Texture pool size now 1000 MB
[2019.04.22-04.31.25:695][ 44]LogHandshake: SendChallengeResponse. Timestamp: 0.016130, Cookie: 040228201180186081200095236189238026084250173086166104076220
[2019.04.22-04.31.25:840][ 53]LogNetVersion: Illuminate 1.0.0.0, NetCL: 3709383, EngineNetVer: 2, GameNetVer: 0 (Checksum: 1067519852)
[2019.04.22-04.31.25:841][ 53]LogNet: UPendingNetGame::SendInitialJoin: Sending hello. [UNetConnection] RemoteAddr: 127.0.0.1:7777, Name: IpConnection_0, Driver: PendingNetDriver IpNetDriver_0, IsServer: NO, PC: NULL, Owner: NULL
[2019.04.22-04.31.25:915][ 56]LogNet: Welcomed by server (Level: /Game/Creations/Maps/MainMenu, Game: /Game/Creations/GInstances/MainGm.MainGm_C)
[2019.04.22-04.31.25:918][ 56]LogLoad: LoadMap: 127.0.0.1//Game/Creations/Maps/MainMenu?Name=Player?game=/Game/Creations/GInstances/MainGm.MainGm_C
[2019.04.22-04.31.26:736][ 56]LogAIModule: Creating AISystem for world MainMenu
[2019.04.22-04.31.26:736][ 56]LogTemp: Display: ParseSettings for GameNetDriver
[2019.04.22-04.31.26:739][ 56]LogWorld: Bringing World /Game/Creations/Maps/MainMenu.MainMenu up for play (max tick rate 0) at 2019.04.21-21.31.26
[2019.04.22-04.31.26:739][ 56]LogWorld: Bringing up level for play took: 0.000819
[2019.04.22-04.31.26:740][ 56]LogLoad: Took 0.821216 seconds to LoadMap(/Game/Creations/Maps/MainMenu)
[2019.04.22-04.31.27:041][ 57]LogRenderer: Reallocating scene render targets to support 1904x1044 Format 10 NumSamples 1 (Frame:1).
[2019.04.22-04.31.27:049][ 57]AdvancedSessionsLog: Warning: GetLocalPlayerNameFromController had a bad player state!
[2019.04.22-04.31.27:054][ 57]LogOnline: Warning: OSS: No game present to join for session (GameSession)
[2019.04.22-04.31.27:054][ 57]LogOnline: Warning: OSS: No game present to join for session (GameSession)
[2019.04.22-04.31.27:056][ 57]LogScript: Warning: Accessed None trying to read property CallFunc_K2_GetPawn_ReturnValue9
	mainPC_C /Game/Creations/Maps/MainMenu.MainMenu:PersistentLevel.mainPC_C_0
	Function /Game/Creations/GInstances/mainPC.mainPC_C:ExecuteUbergraph_mainPC:1F5E
[2019.04.22-04.31.27:056][ 57]LogScript: Warning: Script call stack:
	Function /Game/Creations/GInstances/mainPC.mainPC_C:ReceiveTick
	Function /Game/Creations/GInstances/mainPC.mainPC_C:ExecuteUbergraph_mainPC

[2019.04.22-04.31.27:087][ 58]LogScript: Warning: Accessed None trying to read property CallFunc_K2_GetPawn_ReturnValue9
	mainPC_C /Game/Creations/Maps/MainMenu.MainMenu:PersistentLevel.mainPC_C_0
	Function /Game/Creations/GInstances/mainPC.mainPC_C:ExecuteUbergraph_mainPC:1F5E
[2019.04.22-04.31.27:088][ 58]LogScript: Warning: Script call stack:
	Function /Game/Creations/GInstances/mainPC.mainPC_C:ReceiveTick
	Function /Game/Creations/GInstances/mainPC.mainPC_C:ExecuteUbergraph_mainPC

[2019.04.22-04.31.27:105][ 59]LogScript: Warning: Accessed None trying to read property CallFunc_K2_GetPawn_ReturnValue9
	mainPC_C /Game/Creations/Maps/MainMenu.MainMenu:PersistentLevel.mainPC_C_0
	Function /Game/Creations/GInstances/mainPC.mainPC_C:ExecuteUbergraph_mainPC:1F5E
[2019.04.22-04.31.27:106][ 59]LogScript: Warning: Script call stack:
	Function /Game/Creations/GInstances/mainPC.mainPC_C:ReceiveTick
	Function /Game/Creations/GInstances/mainPC.mainPC_C:ExecuteUbergraph_mainPC

[2019.04.22-04.31.27:122][ 60]LogScript: Warning: Accessed None trying to read property CallFunc_K2_GetPawn_ReturnValue9
	mainPC_C /Game/Creations/Maps/MainMenu.MainMenu:PersistentLevel.mainPC_C_0
	Function /Game/Creations/GInstances/mainPC.mainPC_C:ExecuteUbergraph_mainPC:1F5E
[2019.04.22-04.31.27:123][ 60]LogScript: Warning: Script call stack:
	Function /Game/Creations/GInstances/mainPC.mainPC_C:ReceiveTick
	Function /Game/Creations/GInstances/mainPC.mainPC_C:ExecuteUbergraph_mainPC

[2019.04.22-04.31.27:138][ 61]LogScript: Warning: Accessed None trying to read property CallFunc_K2_GetPawn_ReturnValue9
	mainPC_C /Game/Creations/Maps/MainMenu.MainMenu:PersistentLevel.mainPC_C_0
	Function /Game/Creations/GInstances/mainPC.mainPC_C:ExecuteUbergraph_mainPC:1F5E
[2019.04.22-04.31.27:140][ 61]LogScript: Warning: Script call stack:
	Function /Game/Creations/GInstances/mainPC.mainPC_C:ReceiveTick
	Function /Game/Creations/GInstances/mainPC.mainPC_C:ExecuteUbergraph_mainPC

[2019.04.22-04.31.27:154][ 62]LogScript: Warning: Accessed None trying to read property CallFunc_K2_GetPawn_ReturnValue9
	mainPC_C /Game/Creations/Maps/MainMenu.MainMenu:PersistentLevel.mainPC_C_0
	Function /Game/Creations/GInstances/mainPC.mainPC_C:ExecuteUbergraph_mainPC:1F5E
[2019.04.22-04.31.27:154][ 62]LogScript: Warning: Script call stack:
	Function /Game/Creations/GInstances/mainPC.mainPC_C:ReceiveTick
	Function /Game/Creations/GInstances/mainPC.mainPC_C:ExecuteUbergraph_mainPC

[2019.04.22-04.31.27:169][ 63]LogScript: Warning: Accessed None trying to read property CallFunc_K2_GetPawn_ReturnValue9
	mainPC_C /Game/Creations/Maps/MainMenu.MainMenu:PersistentLevel.mainPC_C_0
	Function /Game/Creations/GInstances/mainPC.mainPC_C:ExecuteUbergraph_mainPC:1F5E
[2019.04.22-04.31.27:170][ 63]LogScript: Warning: Script call stack:
	Function /Game/Creations/GInstances/mainPC.mainPC_C:ReceiveTick
	Function /Game/Creations/GInstances/mainPC.mainPC_C:ExecuteUbergraph_mainPC

[2019.04.22-04.31.27:186][ 64]LogScript: Warning: Accessed None trying to read property CallFunc_K2_GetPawn_ReturnValue9
	mainPC_C /Game/Creations/Maps/MainMenu.MainMenu:PersistentLevel.mainPC_C_0
	Function /Game/Creations/GInstances/mainPC.mainPC_C:ExecuteUbergraph_mainPC:1F5E
[2019.04.22-04.31.27:186][ 64]LogScript: Warning: Script call stack:
	Function /Game/Creations/GInstances/mainPC.mainPC_C:ReceiveTick
	Function /Game/Creations/GInstances/mainPC.mainPC_C:ExecuteUbergraph_mainPC

[2019.04.22-04.31.27:203][ 65]LogScript: Warning: Accessed None trying to read property CallFunc_K2_GetPawn_ReturnValue9
	mainPC_C /Game/Creations/Maps/MainMenu.MainMenu:PersistentLevel.mainPC_C_0
	Function /Game/Creations/GInstances/mainPC.mainPC_C:ExecuteUbergraph_mainPC:1F5E
[2019.04.22-04.31.27:203][ 65]LogScript: Warning: Script call stack:
	Function /Game/Creations/GInstances/mainPC.mainPC_C:ReceiveTick
	Function /Game/Creations/GInstances/mainPC.mainPC_C:ExecuteUbergraph_mainPC

[2019.04.22-04.31.27:218][ 66]LogScript: Warning: Accessed None trying to read property CallFunc_K2_GetPawn_ReturnValue9
	mainPC_C /Game/Creations/Maps/MainMenu.MainMenu:PersistentLevel.mainPC_C_0
	Function /Game/Creations/GInstances/mainPC.mainPC_C:ExecuteUbergraph_mainPC:1F5E
[2019.04.22-04.31.27:218][ 66]LogScript: Warning: Script call stack:
	Function /Game/Creations/GInstances/mainPC.mainPC_C:ReceiveTick
	Function /Game/Creations/GInstances/mainPC.mainPC_C:ExecuteUbergraph_mainPC

[2019.04.22-04.31.27:234][ 67]LogScript: Warning: Accessed None trying to read property CallFunc_K2_GetPawn_ReturnValue9
	mainPC_C /Game/Creations/Maps/MainMenu.MainMenu:PersistentLevel.mainPC_C_0
	Function /Game/Creations/GInstances/mainPC.mainPC_C:ExecuteUbergraph_mainPC:1F5E
[2019.04.22-04.31.27:234][ 67]LogScript: Warning: Script call stack:
	Function /Game/Creations/GInstances/mainPC.mainPC_C:ReceiveTick
	Function /Game/Creations/GInstances/mainPC.mainPC_C:ExecuteUbergraph_mainPC

[2019.04.22-04.31.27:258][ 68]LogScript: Warning: Accessed None trying to read property CallFunc_K2_GetPawn_ReturnValue9
	mainPC_C /Game/Creations/Maps/MainMenu.MainMenu:PersistentLevel.mainPC_C_0
	Function /Game/Creations/GInstances/mainPC.mainPC_C:ExecuteUbergraph_mainPC:1F5E
[2019.04.22-04.31.27:258][ 68]LogScript: Warning: Script call stack:
	Function /Game/Creations/GInstances/mainPC.mainPC_C:ReceiveTick
	Function /Game/Creations/GInstances/mainPC.mainPC_C:ExecuteUbergraph_mainPC

[2019.04.22-04.31.27:277][ 69]LogScript: Warning: Accessed None trying to read property CallFunc_K2_GetPawn_ReturnValue9
	mainPC_C /Game/Creations/Maps/MainMenu.MainMenu:PersistentLevel.mainPC_C_0
	Function /Game/Creations/GInstances/mainPC.mainPC_C:ExecuteUbergraph_mainPC:1F5E
[2019.04.22-04.31.27:277][ 69]LogScript: Warning: Script call stack:
	Function /Game/Creations/GInstances/mainPC.mainPC_C:ReceiveTick
	Function /Game/Creations/GInstances/mainPC.mainPC_C:ExecuteUbergraph_mainPC

[2019.04.22-04.31.27:295][ 70]LogScript: Warning: Accessed None trying to read property CallFunc_K2_GetPawn_ReturnValue9
	mainPC_C /Game/Creations/Maps/MainMenu.MainMenu:PersistentLevel.mainPC_C_0
	Function /Game/Creations/GInstances/mainPC.mainPC_C:ExecuteUbergraph_mainPC:1F5E
[2019.04.22-04.31.27:295][ 70]LogScript: Warning: Script call stack:
	Function /Game/Creations/GInstances/mainPC.mainPC_C:ReceiveTick
	Function /Game/Creations/GInstances/mainPC.mainPC_C:ExecuteUbergraph_mainPC

[2019.04.22-04.31.27:312][ 71]LogScript: Warning: Accessed None trying to read property CallFunc_K2_GetPawn_ReturnValue9
	mainPC_C /Game/Creations/Maps/MainMenu.MainMenu:PersistentLevel.mainPC_C_0
	Function /Game/Creations/GInstances/mainPC.mainPC_C:ExecuteUbergraph_mainPC:1F5E
[2019.04.22-04.31.27:313][ 71]LogScript: Warning: Script call stack:
	Function /Game/Creations/GInstances/mainPC.mainPC_C:ReceiveTick
	Function /Game/Creations/GInstances/mainPC.mainPC_C:ExecuteUbergraph_mainPC

[2019.04.22-04.31.27:328][ 72]LogScript: Warning: Accessed None trying to read property CallFunc_K2_GetPawn_ReturnValue9
	mainPC_C /Game/Creations/Maps/MainMenu.MainMenu:PersistentLevel.mainPC_C_0
	Function /Game/Creations/GInstances/mainPC.mainPC_C:ExecuteUbergraph_mainPC:1F5E
[2019.04.22-04.31.27:329][ 72]LogScript: Warning: Script call stack:
	Function /Game/Creations/GInstances/mainPC.mainPC_C:ReceiveTick
	Function /Game/Creations/GInstances/mainPC.mainPC_C:ExecuteUbergraph_mainPC

[2019.04.22-04.31.27:345][ 73]LogScript: Warning: Accessed None trying to read property CallFunc_K2_GetPawn_ReturnValue9
	mainPC_C /Game/Creations/Maps/MainMenu.MainMenu:PersistentLevel.mainPC_C_0
	Function /Game/Creations/GInstances/mainPC.mainPC_C:ExecuteUbergraph_mainPC:1F5E
[2019.04.22-04.31.27:345][ 73]LogScript: Warning: Script call stack:
	Function /Game/Creations/GInstances/mainPC.mainPC_C:ReceiveTick
	Function /Game/Creations/GInstances/mainPC.mainPC_C:ExecuteUbergraph_mainPC

[2019.04.22-04.33.00:875][628]LogSlate: Took 0.000711 seconds to synchronously load lazily loaded font '../../../Engine/Content/Slate/Fonts/Roboto-Regular.ttf' (155K)
[2019.04.22-04.33.02:162][708]LogOnline: Warning: OSS: Can't destroy a null online session (GameSession)
[2019.04.22-04.33.03:622][708]LogPackageName: SearchForPackageOnDisk took   1.455s to resolve MultiplayerLobby.umap.
[2019.04.22-04.33.04:986][708]LogPackageName: SearchForPackageOnDisk took   1.355s to resolve MultiplayerLobby.umap.
[2019.04.22-04.33.04:986][708]LogNet: Browse: /Game/Creations/Maps/MultiplayerLobby?listen
[2019.04.22-04.33.04:986][708]LogLoad: LoadMap: /Game/Creations/Maps/MultiplayerLobby?listen
[2019.04.22-04.33.04:987][708]LogNet: World NetDriver shutdown IpNetDriver_0 [GameNetDriver]
[2019.04.22-04.33.04:987][708]LogNet: DestroyNamedNetDriver IpNetDriver_0 [GameNetDriver]
[2019.04.22-04.33.04:987][708]LogNet: UNetConnection::Close: [UNetConnection] RemoteAddr: 127.0.0.1:7777, Name: IpConnection_0, Driver: GameNetDriver IpNetDriver_0, IsServer: NO, PC: mainPC_C_0, Owner: mainPC_C_0, Channels: 10, Time: 2019.04.22-04.33.04
[2019.04.22-04.33.04:989][708]LogNet: UChannel::Close: Sending CloseBunch. ChIndex == 0. Name: [UChannel] ChIndex: 0, Closing: 0 [UNetConnection] RemoteAddr: 127.0.0.1:7777, Name: IpConnection_0, Driver: GameNetDriver IpNetDriver_0, IsServer: NO, PC: mainPC_C_0, Owner: mainPC_C_0
[2019.04.22-04.33.04:990][708]LogExit: GameNetDriver IpNetDriver_0 shut down
[2019.04.22-04.33.05:206][708]LogAIModule: Creating AISystem for world MultiplayerLobby
[2019.04.22-04.33.05:207][708]LogLoad: Game class is 'MainGm_C'
[2019.04.22-04.33.05:208][708]LogOnline: Warning: STEAM: Steam API disabled!
[2019.04.22-04.33.05:208][708]LogOnline: Display: STEAM: OnlineSubsystemSteam::Shutdown()
[2019.04.22-04.33.05:210][708]LogTemp: Display: ParseSettings for GameNetDriver
[2019.04.22-04.33.05:211][708]LogTemp: Display: ParseSettings for IpNetDriver_1
[2019.04.22-04.33.05:211][708]LogTemp: Display: ParseSettings for GameNetDriver
[2019.04.22-04.33.05:212][708]LogInit: WinSock: Socket queue 131072 / 131072
[2019.04.22-04.33.05:214][708]PacketHandlerLog: Loaded PacketHandler component: Engine.EngineHandlerComponentFactory (StatelessConnectHandlerComponent)
[2019.04.22-04.33.05:214][708]LogNet: GameNetDriver IpNetDriver_1 IpNetDriver listening on port 7778
[2019.04.22-04.33.05:218][708]LogWorld: Bringing World /Game/Creations/Maps/MultiplayerLobby.MultiplayerLobby up for play (max tick rate 0) at 2019.04.21-21.33.05
[2019.04.22-04.33.05:218][708]LogWorld: Bringing up level for play took: 0.001890
[2019.04.22-04.33.05:219][708]LogLongPackageNames: Warning: URL: :7778//Game/Creations/Maps/MultiplayerLobby: Name may not contain the following characters: ':'
[2019.04.22-04.33.05:221][708]LogGameMode: FindPlayerStart: PATHS NOT DEFINED or NO PLAYERSTART with positive rating
[2019.04.22-04.33.05:234][708]LogLoad: Took 0.247001 seconds to LoadMap(/Game/Creations/Maps/MultiplayerLobby)
[2019.04.22-04.33.14:692][145]LogNet: NotifyAcceptingConnection accepted from: 158.104.224.69:58260
[2019.04.22-04.33.14:692][145]LogHandshake: SendConnectChallenge. Timestamp: 12.546171, Cookie: 159128036203190087113130172056121100199024030005251099168055
[2019.04.22-04.33.14:711][146]LogNet: NotifyAcceptingConnection accepted from: 158.104.224.69:58260
[2019.04.22-04.33.14:711][146]LogHandshake: SendChallengeAck. InCookie: 159128036203190087113130172056121100199024030005251099168055
[2019.04.22-04.33.14:711][146]LogNet: Server accepting post-challenge connection from: 158.104.224.69:58260
[2019.04.22-04.33.14:712][146]PacketHandlerLog: Loaded PacketHandler component: Engine.EngineHandlerComponentFactory (StatelessConnectHandlerComponent)
[2019.04.22-04.33.14:712][146]LogNet: NotifyAcceptedConnection: Name: MultiplayerLobby, TimeStamp: 04/21/19 21:33:14, [UNetConnection] RemoteAddr: 158.104.224.69:58260, Name: IpConnection_1, Driver: GameNetDriver IpNetDriver_1, IsServer: YES, PC: NULL, Owner: NULL
[2019.04.22-04.33.14:712][146]LogNet: AddClientConnection: Added client connection: [UNetConnection] RemoteAddr: 158.104.224.69:58260, Name: IpConnection_1, Driver: GameNetDriver IpNetDriver_1, IsServer: YES, PC: NULL, Owner: NULL
[2019.04.22-04.33.14:734][147]LogNet: NotifyAcceptingChannel Control 0 server World /Game/Creations/Maps/MultiplayerLobby.MultiplayerLobby: Accepted
[2019.04.22-04.33.14:734][147]LogNet: Remote platform little endian=1
[2019.04.22-04.33.14:735][147]LogNet: This platform little endian=1
[2019.04.22-04.33.14:753][148]LogNet: Login request: /Game/Creations/Maps/MainMenu?Name=MSI-87848DA84427B2C4E3B2389951754E36 userId: MSI-87848DA84427B2C4E3B2389951754E36
[2019.04.22-04.33.14:772][149]LogNet: Client netspeed is 10000
[2019.04.22-04.33.14:885][155]LogNet: Join request: /Game/Creations/Maps/MainMenu?Name=MSI-87848DA84427B2C4E3B2389951754E36?SplitscreenCount=1
[2019.04.22-04.33.14:888][155]LogGameMode: FindPlayerStart: PATHS NOT DEFINED or NO PLAYERSTART with positive rating
[2019.04.22-04.33.14:894][155]LogSpawn: Warning: SpawnActor failed because of collision at the spawn location [X=7.297 Y=58.685 Z=0.016] for [testTwinstickPawn_C]
[2019.04.22-04.33.14:894][155]LogGameMode: Warning: SpawnDefaultPawnAtTransform: Couldn't spawn Pawn of type testTwinstickPawn_C at Rotation: Pitch 0.000000 Yaw 0.000000 Roll 0.000000
Translation: 0.000000 0.000000 0.000000
Scale3D: 1.000000 1.000000 1.000000

[2019.04.22-04.33.14:895][155]LogNet: Join succeeded: MSI-87848DA84427B2C4
[2019.04.22-04.33.14:895][155]LogScript: Warning: Accessed None trying to read property CallFunc_K2_GetPawn_ReturnValue9
	mainPC_C /Game/Creations/Maps/MultiplayerLobby.MultiplayerLobby:PersistentLevel.mainPC_C_1
	Function /Game/Creations/GInstances/mainPC.mainPC_C:ExecuteUbergraph_mainPC:1F5E
[2019.04.22-04.33.14:895][155]LogScript: Warning: Script call stack:
	Function /Game/Creations/GInstances/mainPC.mainPC_C:ReceiveTick
	Function /Game/Creations/GInstances/mainPC.mainPC_C:ExecuteUbergraph_mainPC

[2019.04.22-04.33.14:903][156]LogScript: Warning: Accessed None trying to read property CallFunc_K2_GetPawn_ReturnValue9
	mainPC_C /Game/Creations/Maps/MultiplayerLobby.MultiplayerLobby:PersistentLevel.mainPC_C_1
	Function /Game/Creations/GInstances/mainPC.mainPC_C:ExecuteUbergraph_mainPC:1F5E
[2019.04.22-04.33.14:903][156]LogScript: Warning: Script call stack:
	Function /Game/Creations/GInstances/mainPC.mainPC_C:ReceiveTick
	Function /Game/Creations/GInstances/mainPC.mainPC_C:ExecuteUbergraph_mainPC

[2019.04.22-04.33.14:922][157]LogScript: Warning: Accessed None trying to read property CallFunc_K2_GetPawn_ReturnValue9
	mainPC_C /Game/Creations/Maps/MultiplayerLobby.MultiplayerLobby:PersistentLevel.mainPC_C_1
	Function /Game/Creations/GInstances/mainPC.mainPC_C:ExecuteUbergraph_mainPC:1F5E
[2019.04.22-04.33.14:922][157]LogScript: Warning: Script call stack:
	Function /Game/Creations/GInstances/mainPC.mainPC_C:ReceiveTick
	Function /Game/Creations/GInstances/mainPC.mainPC_C:ExecuteUbergraph_mainPC

[2019.04.22-04.33.14:958][158]LogScript: Warning: Accessed None trying to read property CallFunc_K2_GetPawn_ReturnValue9
	mainPC_C /Game/Creations/Maps/MultiplayerLobby.MultiplayerLobby:PersistentLevel.mainPC_C_1
	Function /Game/Creations/GInstances/mainPC.mainPC_C:ExecuteUbergraph_mainPC:1F5E
[2019.04.22-04.33.14:959][158]LogScript: Warning: Script call stack:
	Function /Game/Creations/GInstances/mainPC.mainPC_C:ReceiveTick
	Function /Game/Creations/GInstances/mainPC.mainPC_C:ExecuteUbergraph_mainPC

[2019.04.22-04.33.14:986][159]LogScript: Warning: Accessed None trying to read property CallFunc_K2_GetPawn_ReturnValue9
	mainPC_C /Game/Creations/Maps/MultiplayerLobby.MultiplayerLobby:PersistentLevel.mainPC_C_1
	Function /Game/Creations/GInstances/mainPC.mainPC_C:ExecuteUbergraph_mainPC:1F5E
[2019.04.22-04.33.14:986][159]LogScript: Warning: Script call stack:
	Function /Game/Creations/GInstances/mainPC.mainPC_C:ReceiveTick
	Function /Game/Creations/GInstances/mainPC.mainPC_C:ExecuteUbergraph_mainPC

[2019.04.22-04.33.15:012][160]LogScript: Warning: Accessed None trying to read property CallFunc_K2_GetPawn_ReturnValue9
	mainPC_C /Game/Creations/Maps/MultiplayerLobby.MultiplayerLobby:PersistentLevel.mainPC_C_1
	Function /Game/Creations/GInstances/mainPC.mainPC_C:ExecuteUbergraph_mainPC:1F5E
[2019.04.22-04.33.15:012][160]LogScript: Warning: Script call stack:
	Function /Game/Creations/GInstances/mainPC.mainPC_C:ReceiveTick
	Function /Game/Creations/GInstances/mainPC.mainPC_C:ExecuteUbergraph_mainPC

[2019.04.22-04.33.15:014][160]LogNetPackageMap: Warning: FNetGUIDCache::SupportsObject: MultiplayerLobbyWidget_C /Engine/Transient.GameEngine_0:MainInstance_C_0.MultiplayerLobbyWidget_C_0 NOT Supported.
[2019.04.22-04.33.15:030][161]LogScript: Warning: Accessed None trying to read property CallFunc_K2_GetPawn_ReturnValue9
	mainPC_C /Game/Creations/Maps/MultiplayerLobby.MultiplayerLobby:PersistentLevel.mainPC_C_1
	Function /Game/Creations/GInstances/mainPC.mainPC_C:ExecuteUbergraph_mainPC:1F5E
[2019.04.22-04.33.15:030][161]LogScript: Warning: Script call stack:
	Function /Game/Creations/GInstances/mainPC.mainPC_C:ReceiveTick
	Function /Game/Creations/GInstances/mainPC.mainPC_C:ExecuteUbergraph_mainPC

[2019.04.22-04.33.15:059][162]LogScript: Warning: Accessed None trying to read property CallFunc_K2_GetPawn_ReturnValue9
	mainPC_C /Game/Creations/Maps/MultiplayerLobby.MultiplayerLobby:PersistentLevel.mainPC_C_1
	Function /Game/Creations/GInstances/mainPC.mainPC_C:ExecuteUbergraph_mainPC:1F5E
[2019.04.22-04.33.15:059][162]LogScript: Warning: Script call stack:
	Function /Game/Creations/GInstances/mainPC.mainPC_C:ReceiveTick
	Function /Game/Creations/GInstances/mainPC.mainPC_C:ExecuteUbergraph_mainPC

[2019.04.22-04.33.15:080][163]LogScript: Warning: Accessed None trying to read property CallFunc_K2_GetPawn_ReturnValue9
	mainPC_C /Game/Creations/Maps/MultiplayerLobby.MultiplayerLobby:PersistentLevel.mainPC_C_1
	Function /Game/Creations/GInstances/mainPC.mainPC_C:ExecuteUbergraph_mainPC:1F5E
[2019.04.22-04.33.15:080][163]LogScript: Warning: Script call stack:
	Function /Game/Creations/GInstances/mainPC.mainPC_C:ReceiveTick
	Function /Game/Creations/GInstances/mainPC.mainPC_C:ExecuteUbergraph_mainPC

[2019.04.22-04.33.15:099][164]LogScript: Warning: Accessed None trying to read property CallFunc_K2_GetPawn_ReturnValue9
	mainPC_C /Game/Creations/Maps/MultiplayerLobby.MultiplayerLobby:PersistentLevel.mainPC_C_1
	Function /Game/Creations/GInstances/mainPC.mainPC_C:ExecuteUbergraph_mainPC:1F5E
[2019.04.22-04.33.15:099][164]LogScript: Warning: Script call stack:
	Function /Game/Creations/GInstances/mainPC.mainPC_C:ReceiveTick
	Function /Game/Creations/GInstances/mainPC.mainPC_C:ExecuteUbergraph_mainPC

[2019.04.22-04.33.15:119][165]LogScript: Warning: Accessed None trying to read property CallFunc_K2_GetPawn_ReturnValue9
	mainPC_C /Game/Creations/Maps/MultiplayerLobby.MultiplayerLobby:PersistentLevel.mainPC_C_1
	Function /Game/Creations/GInstances/mainPC.mainPC_C:ExecuteUbergraph_mainPC:1F5E
[2019.04.22-04.33.15:119][165]LogScript: Warning: Script call stack:
	Function /Game/Creations/GInstances/mainPC.mainPC_C:ReceiveTick
	Function /Game/Creations/GInstances/mainPC.mainPC_C:ExecuteUbergraph_mainPC

[2019.04.22-04.33.15:141][166]LogScript: Warning: Accessed None trying to read property CallFunc_K2_GetPawn_ReturnValue9
	mainPC_C /Game/Creations/Maps/MultiplayerLobby.MultiplayerLobby:PersistentLevel.mainPC_C_1
	Function /Game/Creations/GInstances/mainPC.mainPC_C:ExecuteUbergraph_mainPC:1F5E
[2019.04.22-04.33.15:141][166]LogScript: Warning: Script call stack:
	Function /Game/Creations/GInstances/mainPC.mainPC_C:ReceiveTick
	Function /Game/Creations/GInstances/mainPC.mainPC_C:ExecuteUbergraph_mainPC

[2019.04.22-04.33.15:166][167]LogScript: Warning: Accessed None trying to read property CallFunc_K2_GetPawn_ReturnValue9
	mainPC_C /Game/Creations/Maps/MultiplayerLobby.MultiplayerLobby:PersistentLevel.mainPC_C_1
	Function /Game/Creations/GInstances/mainPC.mainPC_C:ExecuteUbergraph_mainPC:1F5E
[2019.04.22-04.33.15:166][167]LogScript: Warning: Script call stack:
	Function /Game/Creations/GInstances/mainPC.mainPC_C:ReceiveTick
	Function /Game/Creations/GInstances/mainPC.mainPC_C:ExecuteUbergraph_mainPC

[2019.04.22-04.33.15:188][168]LogScript: Warning: Accessed None trying to read property CallFunc_K2_GetPawn_ReturnValue9
	mainPC_C /Game/Creations/Maps/MultiplayerLobby.MultiplayerLobby:PersistentLevel.mainPC_C_1
	Function /Game/Creations/GInstances/mainPC.mainPC_C:ExecuteUbergraph_mainPC:1F5E
[2019.04.22-04.33.15:189][168]LogScript: Warning: Script call stack:
	Function /Game/Creations/GInstances/mainPC.mainPC_C:ReceiveTick
	Function /Game/Creations/GInstances/mainPC.mainPC_C:ExecuteUbergraph_mainPC

[2019.04.22-04.33.15:208][169]LogScript: Warning: Accessed None trying to read property CallFunc_K2_GetPawn_ReturnValue9
	mainPC_C /Game/Creations/Maps/MultiplayerLobby.MultiplayerLobby:PersistentLevel.mainPC_C_1
	Function /Game/Creations/GInstances/mainPC.mainPC_C:ExecuteUbergraph_mainPC:1F5E
[2019.04.22-04.33.15:208][169]LogScript: Warning: Script call stack:
	Function /Game/Creations/GInstances/mainPC.mainPC_C:ReceiveTick
	Function /Game/Creations/GInstances/mainPC.mainPC_C:ExecuteUbergraph_mainPC

[2019.04.22-04.33.15:232][170]LogScript: Warning: Accessed None trying to read property CallFunc_K2_GetPawn_ReturnValue9
	mainPC_C /Game/Creations/Maps/MultiplayerLobby.MultiplayerLobby:PersistentLevel.mainPC_C_1
	Function /Game/Creations/GInstances/mainPC.mainPC_C:ExecuteUbergraph_mainPC:1F5E
[2019.04.22-04.33.15:232][170]LogScript: Warning: Script call stack:
	Function /Game/Creations/GInstances/mainPC.mainPC_C:ReceiveTick
	Function /Game/Creations/GInstances/mainPC.mainPC_C:ExecuteUbergraph_mainPC

[2019.04.22-04.33.15:251][171]LogScript: Warning: Accessed None trying to read property CallFunc_K2_GetPawn_ReturnValue9
	mainPC_C /Game/Creations/Maps/MultiplayerLobby.MultiplayerLobby:PersistentLevel.mainPC_C_1
	Function /Game/Creations/GInstances/mainPC.mainPC_C:ExecuteUbergraph_mainPC:1F5E
[2019.04.22-04.33.15:251][171]LogScript: Warning: Script call stack:
	Function /Game/Creations/GInstances/mainPC.mainPC_C:ReceiveTick
	Function /Game/Creations/GInstances/mainPC.mainPC_C:ExecuteUbergraph_mainPC

[2019.04.22-04.33.19:125][307]LogPackageName: SearchForPackageOnDisk took   1.159s to resolve TestMap.
[2019.04.22-04.33.19:138][307]LogGameMode: ProcessServerTravel: /Game/Creations/Maps/TestMap
[2019.04.22-04.33.19:138][307]LogWorld: SeamlessTravel to: /Game/Creations/Maps/TestMap
[2019.04.22-04.33.19:193][307]LogStats:     SeamlessTravel FlushLevelStreaming  -  0.001 s
[2019.04.22-04.33.19:193][307]LogAIModule: Creating AISystem for world Untitled
[2019.04.22-04.33.19:194][307]LogWorld: Bringing World /Temp/Untitled_1.Untitled up for play (max tick rate 0) at 2019.04.21-21.33.19
[2019.04.22-04.33.19:194][307]LogWorld: Bringing up level for play took: 0.000717
[2019.04.22-04.33.19:194][307]LogWorld: Sending NotifyLoadedWorld for LP: LocalPlayer_0 PC: mainPC_C_0
[2019.04.22-04.33.19:194][307]LogNet: Verbose: NotifyLoadedWorld Begin
[2019.04.22-04.33.19:195][307]LogNet: VeryVerbose: GetFunctionCallspace Server calling Server function: ServerNotifyLoadedWorld Local
[2019.04.22-04.33.19:195][307]LogNet: Verbose: NotifyLoadedWorld End
[2019.04.22-04.33.19:195][307]LogWorld: StartLoadingDestination to: /Game/Creations/Maps/TestMap
[2019.04.22-04.33.19:603][315]LogAIModule: Creating AISystem for world TestMap
[2019.04.22-04.33.19:604][315]LogLoad: Game class is 'MainGm_C'
[2019.04.22-04.33.19:606][315]LogStats:     SeamlessTravel FlushLevelStreaming  -  0.001 s
[2019.04.22-04.33.19:614][315]LogWorld: Bringing World /Game/Creations/Maps/TestMap.TestMap up for play (max tick rate 0) at 2019.04.21-21.33.19
[2019.04.22-04.33.19:615][315]LogWorld: Bringing up level for play took: 0.008488
[2019.04.22-04.33.19:615][315]LogWorld: Sending NotifyLoadedWorld for LP: LocalPlayer_0 PC: mainPC_C_0
[2019.04.22-04.33.19:615][315]LogNet: Verbose: NotifyLoadedWorld Begin
[2019.04.22-04.33.19:615][315]LogNet: VeryVerbose: GetFunctionCallspace Server calling Server function: ServerNotifyLoadedWorld Local
[2019.04.22-04.33.19:615][315]LogNet: Verbose: NotifyLoadedWorld End
[2019.04.22-04.33.19:615][315]LogWorld: ----SeamlessTravel finished in 0.48 seconds ------
[2019.04.22-04.33.47:413][228]PIE: Error: Only Local Player Controllers can be assigned to widgets. mainPC_C_3 is not a Local Player Controller.
[2019.04.22-04.33.47:413][228]LogScript: Warning: Accessed None trying to read property userInfo
	mainPC_C /Game/Creations/Maps/TestMap.TestMap:PersistentLevel.mainPC_C_3
	Function /Game/Creations/GInstances/mainPC.mainPC_C:ExecuteUbergraph_mainPC:1D30
[2019.04.22-04.33.47:413][228]LogScript: Warning: Script call stack:
	Function /Game/Creations/Other/testTwinstickPawn.testTwinstickPawn_C:ReceiveAnyDamage
	Function /Game/Creations/Other/testTwinstickPawn.testTwinstickPawn_C:ExecuteUbergraph_testTwinstickPawn
	Function /Game/Creations/GInstances/mainPC.mainPC_C:ServerTakeDamage
	Function /Game/Creations/GInstances/mainPC.mainPC_C:ExecuteUbergraph_mainPC
	Function /Game/Creations/GInstances/mainPC.mainPC_C:updateHUD
	Function /Game/Creations/GInstances/mainPC.mainPC_C:ExecuteUbergraph_mainPC

[2019.04.22-04.33.47:875][244]PIE: Error: Only Local Player Controllers can be assigned to widgets. mainPC_C_3 is not a Local Player Controller.
[2019.04.22-04.33.47:876][244]LogScript: Warning: Accessed None trying to read property userInfo
	mainPC_C /Game/Creations/Maps/TestMap.TestMap:PersistentLevel.mainPC_C_3
	Function /Game/Creations/GInstances/mainPC.mainPC_C:ExecuteUbergraph_mainPC:1D30
[2019.04.22-04.33.47:876][244]LogScript: Warning: Script call stack:
	Function /Game/Creations/Other/testTwinstickPawn.testTwinstickPawn_C:ReceiveAnyDamage
	Function /Game/Creations/Other/testTwinstickPawn.testTwinstickPawn_C:ExecuteUbergraph_testTwinstickPawn
	Function /Game/Creations/GInstances/mainPC.mainPC_C:ServerTakeDamage
	Function /Game/Creations/GInstances/mainPC.mainPC_C:ExecuteUbergraph_mainPC
	Function /Game/Creations/GInstances/mainPC.mainPC_C:updateHUD
	Function /Game/Creations/GInstances/mainPC.mainPC_C:ExecuteUbergraph_mainPC

[2019.04.22-04.34.10:174][682]LogScriptCore: Warning: Script Msg: Attempted to access index 3 from array 'WeaponsInUI' of length 3 in '/Game/Creations/Widgets/WeaponsandHP.WeaponsandHP_C'!
[2019.04.22-04.34.10:174][682]LogScript: Warning: Accessed None trying to read property CallFunc_Array_Get_Item
	WeaponsandHP_C /Engine/Transient.GameEngine_0:MainInstance_C_0.WeaponsandHP_C_0
	Function /Game/Creations/Widgets/WeaponsandHP.WeaponsandHP_C:ExecuteUbergraph_WeaponsandHP:021F
[2019.04.22-04.34.10:174][682]LogScript: Warning: Script call stack:
	Function /Game/Creations/GInstances/mainPC.mainPC_C:doneSelecting
	Function /Game/Creations/GInstances/mainPC.mainPC_C:ExecuteUbergraph_mainPC
	Function /Game/Creations/GInstances/mainPC.mainPC_C:serverDoneSelecting
	Function /Game/Creations/GInstances/mainPC.mainPC_C:ExecuteUbergraph_mainPC
	Function /Game/Creations/GInstances/mainPC.mainPC_C:updateClientDoneSelecting
	Function /Game/Creations/GInstances/mainPC.mainPC_C:ExecuteUbergraph_mainPC
	Function /Game/Creations/GInstances/mainPC.mainPC_C:updateHUD
	Function /Game/Creations/GInstances/mainPC.mainPC_C:ExecuteUbergraph_mainPC
	Function /Game/Creations/Widgets/WeaponsandHP.WeaponsandHP_C:updateVals
	Function /Game/Creations/Widgets/WeaponsandHP.WeaponsandHP_C:ExecuteUbergraph_WeaponsandHP

[2019.04.22-04.34.10:174][682]LogScriptCore: Warning: Script Msg: Attempted to access index 3 from array 'Weapon uses' of length 3 in '/Game/Creations/Widgets/WeaponsandHP.WeaponsandHP_C'!
[2019.04.22-04.34.10:174][682]LogScript: Warning: Accessed None trying to read Class from property CallFunc_Array_Get_Item3
	WeaponsandHP_C /Engine/Transient.GameEngine_0:MainInstance_C_0.WeaponsandHP_C_0
	Function /Game/Creations/Widgets/WeaponsandHP.WeaponsandHP_C:ExecuteUbergraph_WeaponsandHP:0305
[2019.04.22-04.34.10:175][682]LogScript: Warning: Script call stack:
	Function /Game/Creations/GInstances/mainPC.mainPC_C:doneSelecting
	Function /Game/Creations/GInstances/mainPC.mainPC_C:ExecuteUbergraph_mainPC
	Function /Game/Creations/GInstances/mainPC.mainPC_C:serverDoneSelecting
	Function /Game/Creations/GInstances/mainPC.mainPC_C:ExecuteUbergraph_mainPC
	Function /Game/Creations/GInstances/mainPC.mainPC_C:updateClientDoneSelecting
	Function /Game/Creations/GInstances/mainPC.mainPC_C:ExecuteUbergraph_mainPC
	Function /Game/Creations/GInstances/mainPC.mainPC_C:updateHUD
	Function /Game/Creations/GInstances/mainPC.mainPC_C:ExecuteUbergraph_mainPC
	Function /Game/Creations/Widgets/WeaponsandHP.WeaponsandHP_C:updateVals
	Function /Game/Creations/Widgets/WeaponsandHP.WeaponsandHP_C:ExecuteUbergraph_WeaponsandHP

[2019.04.22-04.34.10:175][682]LogScript: Warning: Accessed None trying to read property CallFunc_Array_Get_Item2
	WeaponsandHP_C /Engine/Transient.GameEngine_0:MainInstance_C_0.WeaponsandHP_C_0
	Function /Game/Creations/Widgets/WeaponsandHP.WeaponsandHP_C:ExecuteUbergraph_WeaponsandHP:0330
[2019.04.22-04.34.10:175][682]LogScript: Warning: Script call stack:
	Function /Game/Creations/GInstances/mainPC.mainPC_C:doneSelecting
	Function /Game/Creations/GInstances/mainPC.mainPC_C:ExecuteUbergraph_mainPC
	Function /Game/Creations/GInstances/mainPC.mainPC_C:serverDoneSelecting
	Function /Game/Creations/GInstances/mainPC.mainPC_C:ExecuteUbergraph_mainPC
	Function /Game/Creations/GInstances/mainPC.mainPC_C:updateClientDoneSelecting
	Function /Game/Creations/GInstances/mainPC.mainPC_C:ExecuteUbergraph_mainPC
	Function /Game/Creations/GInstances/mainPC.mainPC_C:updateHUD
	Function /Game/Creations/GInstances/mainPC.mainPC_C:ExecuteUbergraph_mainPC
	Function /Game/Creations/Widgets/WeaponsandHP.WeaponsandHP_C:updateVals
	Function /Game/Creations/Widgets/WeaponsandHP.WeaponsandHP_C:ExecuteUbergraph_WeaponsandHP

[2019.04.22-04.34.10:175][682]LogScriptCore: Warning: Script Msg: Attempted to access index 3 from array 'WeaponsInUI' of length 3 in '/Game/Creations/Widgets/WeaponsandHP.WeaponsandHP_C'!
[2019.04.22-04.34.10:175][682]LogScript: Warning: Accessed None trying to read property CallFunc_Array_Get_Item
	WeaponsandHP_C /Engine/Transient.GameEngine_0:MainInstance_C_0.WeaponsandHP_C_0
	Function /Game/Creations/Widgets/WeaponsandHP.WeaponsandHP_C:ExecuteUbergraph_WeaponsandHP:021F
[2019.04.22-04.34.10:175][682]LogScript: Warning: Script call stack:
	Function /Game/Creations/GInstances/mainPC.mainPC_C:doneSelecting
	Function /Game/Creations/GInstances/mainPC.mainPC_C:ExecuteUbergraph_mainPC
	Function /Game/Creations/GInstances/mainPC.mainPC_C:updateHUD
	Function /Game/Creations/GInstances/mainPC.mainPC_C:ExecuteUbergraph_mainPC
	Function /Game/Creations/Widgets/WeaponsandHP.WeaponsandHP_C:updateVals
	Function /Game/Creations/Widgets/WeaponsandHP.WeaponsandHP_C:ExecuteUbergraph_WeaponsandHP

[2019.04.22-04.34.10:175][682]LogScriptCore: Warning: Script Msg: Attempted to access index 3 from array 'Weapon uses' of length 3 in '/Game/Creations/Widgets/WeaponsandHP.WeaponsandHP_C'!
[2019.04.22-04.34.10:175][682]LogScript: Warning: Accessed None trying to read Class from property CallFunc_Array_Get_Item3
	WeaponsandHP_C /Engine/Transient.GameEngine_0:MainInstance_C_0.WeaponsandHP_C_0
	Function /Game/Creations/Widgets/WeaponsandHP.WeaponsandHP_C:ExecuteUbergraph_WeaponsandHP:0305
[2019.04.22-04.34.10:176][682]LogScript: Warning: Script call stack:
	Function /Game/Creations/GInstances/mainPC.mainPC_C:doneSelecting
	Function /Game/Creations/GInstances/mainPC.mainPC_C:ExecuteUbergraph_mainPC
	Function /Game/Creations/GInstances/mainPC.mainPC_C:updateHUD
	Function /Game/Creations/GInstances/mainPC.mainPC_C:ExecuteUbergraph_mainPC
	Function /Game/Creations/Widgets/WeaponsandHP.WeaponsandHP_C:updateVals
	Function /Game/Creations/Widgets/WeaponsandHP.WeaponsandHP_C:ExecuteUbergraph_WeaponsandHP

[2019.04.22-04.34.10:176][682]LogScript: Warning: Accessed None trying to read property CallFunc_Array_Get_Item2
	WeaponsandHP_C /Engine/Transient.GameEngine_0:MainInstance_C_0.WeaponsandHP_C_0
	Function /Game/Creations/Widgets/WeaponsandHP.WeaponsandHP_C:ExecuteUbergraph_WeaponsandHP:0330
[2019.04.22-04.34.10:176][682]LogScript: Warning: Script call stack:
	Function /Game/Creations/GInstances/mainPC.mainPC_C:doneSelecting
	Function /Game/Creations/GInstances/mainPC.mainPC_C:ExecuteUbergraph_mainPC
	Function /Game/Creations/GInstances/mainPC.mainPC_C:updateHUD
	Function /Game/Creations/GInstances/mainPC.mainPC_C:ExecuteUbergraph_mainPC
	Function /Game/Creations/Widgets/WeaponsandHP.WeaponsandHP_C:updateVals
	Function /Game/Creations/Widgets/WeaponsandHP.WeaponsandHP_C:ExecuteUbergraph_WeaponsandHP

[2019.04.22-04.34.30:715][224]LogScriptCore: Warning: Script Msg: Attempted to access index 3 from array 'WeaponsInUI' of length 3 in '/Game/Creations/Widgets/WeaponsandHP.WeaponsandHP_C'!
[2019.04.22-04.34.30:715][224]LogScript: Warning: Accessed None trying to read property CallFunc_Array_Get_Item
	WeaponsandHP_C /Engine/Transient.GameEngine_0:MainInstance_C_0.WeaponsandHP_C_0
	Function /Game/Creations/Widgets/WeaponsandHP.WeaponsandHP_C:ExecuteUbergraph_WeaponsandHP:021F
[2019.04.22-04.34.30:715][224]LogScript: Warning: Script call stack:
	Function /Game/Creations/Maps/TestMap.TestMap_C:ExecuteUbergraph_TestMap
	Function /Game/Creations/GInstances/mainPC.mainPC_C:AddWeaponSelectWidget
	Function /Game/Creations/GInstances/mainPC.mainPC_C:ExecuteUbergraph_mainPC
	Function /Game/Creations/GInstances/mainPC.mainPC_C:updateHUD
	Function /Game/Creations/GInstances/mainPC.mainPC_C:ExecuteUbergraph_mainPC
	Function /Game/Creations/Widgets/WeaponsandHP.WeaponsandHP_C:updateVals
	Function /Game/Creations/Widgets/WeaponsandHP.WeaponsandHP_C:ExecuteUbergraph_WeaponsandHP

[2019.04.22-04.34.30:715][224]LogScriptCore: Warning: Script Msg: Attempted to access index 3 from array 'Weapon uses' of length 3 in '/Game/Creations/Widgets/WeaponsandHP.WeaponsandHP_C'!
[2019.04.22-04.34.30:715][224]LogScript: Warning: Accessed None trying to read Class from property CallFunc_Array_Get_Item3
	WeaponsandHP_C /Engine/Transient.GameEngine_0:MainInstance_C_0.WeaponsandHP_C_0
	Function /Game/Creations/Widgets/WeaponsandHP.WeaponsandHP_C:ExecuteUbergraph_WeaponsandHP:0305
[2019.04.22-04.34.30:715][224]LogScript: Warning: Script call stack:
	Function /Game/Creations/Maps/TestMap.TestMap_C:ExecuteUbergraph_TestMap
	Function /Game/Creations/GInstances/mainPC.mainPC_C:AddWeaponSelectWidget
	Function /Game/Creations/GInstances/mainPC.mainPC_C:ExecuteUbergraph_mainPC
	Function /Game/Creations/GInstances/mainPC.mainPC_C:updateHUD
	Function /Game/Creations/GInstances/mainPC.mainPC_C:ExecuteUbergraph_mainPC
	Function /Game/Creations/Widgets/WeaponsandHP.WeaponsandHP_C:updateVals
	Function /Game/Creations/Widgets/WeaponsandHP.WeaponsandHP_C:ExecuteUbergraph_WeaponsandHP

[2019.04.22-04.34.30:715][224]LogScript: Warning: Accessed None trying to read property CallFunc_Array_Get_Item2
	WeaponsandHP_C /Engine/Transient.GameEngine_0:MainInstance_C_0.WeaponsandHP_C_0
	Function /Game/Creations/Widgets/WeaponsandHP.WeaponsandHP_C:ExecuteUbergraph_WeaponsandHP:0330
[2019.04.22-04.34.30:716][224]LogScript: Warning: Script call stack:
	Function /Game/Creations/Maps/TestMap.TestMap_C:ExecuteUbergraph_TestMap
	Function /Game/Creations/GInstances/mainPC.mainPC_C:AddWeaponSelectWidget
	Function /Game/Creations/GInstances/mainPC.mainPC_C:ExecuteUbergraph_mainPC
	Function /Game/Creations/GInstances/mainPC.mainPC_C:updateHUD
	Function /Game/Creations/GInstances/mainPC.mainPC_C:ExecuteUbergraph_mainPC
	Function /Game/Creations/Widgets/WeaponsandHP.WeaponsandHP_C:updateVals
	Function /Game/Creations/Widgets/WeaponsandHP.WeaponsandHP_C:ExecuteUbergraph_WeaponsandHP

[2019.04.22-04.34.36:830][341]LogAudio: Warning: Waited 38.791145ms for audio thread.
[2019.04.22-04.34.36:830][341]LogAudio: Warning: Waited 38.974312ms for audio thread.
[2019.04.22-04.34.40:720][430]LogScriptCore: Warning: Script Msg: Attempted to access index 3 from array 'WeaponsInUI' of length 3 in '/Game/Creations/Widgets/WeaponsandHP.WeaponsandHP_C'!
[2019.04.22-04.34.40:720][430]LogScript: Warning: Accessed None trying to read property CallFunc_Array_Get_Item
	WeaponsandHP_C /Engine/Transient.GameEngine_0:MainInstance_C_0.WeaponsandHP_C_0
	Function /Game/Creations/Widgets/WeaponsandHP.WeaponsandHP_C:ExecuteUbergraph_WeaponsandHP:021F
[2019.04.22-04.34.40:720][430]LogScript: Warning: Script call stack:
	Function /Game/Creations/Maps/TestMap.TestMap_C:unPause
	Function /Game/Creations/Maps/TestMap.TestMap_C:ExecuteUbergraph_TestMap
	Function /Game/Creations/GInstances/mainPC.mainPC_C:clientHUDUpdate
	Function /Game/Creations/GInstances/mainPC.mainPC_C:ExecuteUbergraph_mainPC
	Function /Game/Creations/GInstances/mainPC.mainPC_C:updateHUD
	Function /Game/Creations/GInstances/mainPC.mainPC_C:ExecuteUbergraph_mainPC
	Function /Game/Creations/Widgets/WeaponsandHP.WeaponsandHP_C:updateVals
	Function /Game/Creations/Widgets/WeaponsandHP.WeaponsandHP_C:ExecuteUbergraph_WeaponsandHP

[2019.04.22-04.34.40:720][430]LogScriptCore: Warning: Script Msg: Attempted to access index 3 from array 'Weapon uses' of length 3 in '/Game/Creations/Widgets/WeaponsandHP.WeaponsandHP_C'!
[2019.04.22-04.34.40:720][430]LogScript: Warning: Accessed None trying to read Class from property CallFunc_Array_Get_Item3
	WeaponsandHP_C /Engine/Transient.GameEngine_0:MainInstance_C_0.WeaponsandHP_C_0
	Function /Game/Creations/Widgets/WeaponsandHP.WeaponsandHP_C:ExecuteUbergraph_WeaponsandHP:0305
[2019.04.22-04.34.40:721][430]LogScript: Warning: Script call stack:
	Function /Game/Creations/Maps/TestMap.TestMap_C:unPause
	Function /Game/Creations/Maps/TestMap.TestMap_C:ExecuteUbergraph_TestMap
	Function /Game/Creations/GInstances/mainPC.mainPC_C:clientHUDUpdate
	Function /Game/Creations/GInstances/mainPC.mainPC_C:ExecuteUbergraph_mainPC
	Function /Game/Creations/GInstances/mainPC.mainPC_C:updateHUD
	Function /Game/Creations/GInstances/mainPC.mainPC_C:ExecuteUbergraph_mainPC
	Function /Game/Creations/Widgets/WeaponsandHP.WeaponsandHP_C:updateVals
	Function /Game/Creations/Widgets/WeaponsandHP.WeaponsandHP_C:ExecuteUbergraph_WeaponsandHP

[2019.04.22-04.34.40:721][430]LogScript: Warning: Accessed None trying to read property CallFunc_Array_Get_Item2
	WeaponsandHP_C /Engine/Transient.GameEngine_0:MainInstance_C_0.WeaponsandHP_C_0
	Function /Game/Creations/Widgets/WeaponsandHP.WeaponsandHP_C:ExecuteUbergraph_WeaponsandHP:0330
[2019.04.22-04.34.40:721][430]LogScript: Warning: Script call stack:
	Function /Game/Creations/Maps/TestMap.TestMap_C:unPause
	Function /Game/Creations/Maps/TestMap.TestMap_C:ExecuteUbergraph_TestMap
	Function /Game/Creations/GInstances/mainPC.mainPC_C:clientHUDUpdate
	Function /Game/Creations/GInstances/mainPC.mainPC_C:ExecuteUbergraph_mainPC
	Function /Game/Creations/GInstances/mainPC.mainPC_C:updateHUD
	Function /Game/Creations/GInstances/mainPC.mainPC_C:ExecuteUbergraph_mainPC
	Function /Game/Creations/Widgets/WeaponsandHP.WeaponsandHP_C:updateVals
	Function /Game/Creations/Widgets/WeaponsandHP.WeaponsandHP_C:ExecuteUbergraph_WeaponsandHP

[2019.04.22-04.35.29:894][694]LogWindowsTextInputMethodSystem: Display: IME system now deactivated.
[2019.04.22-04.35.29:906][694]LogEngine: All Windows Closed
[2019.04.22-04.35.29:906][694]LogWindows: FPlatformMisc::RequestExit(0)
[2019.04.22-04.35.29:944][695]LogNet: World NetDriver shutdown IpNetDriver_1 [GameNetDriver]
[2019.04.22-04.35.29:944][695]LogNet: DestroyNamedNetDriver IpNetDriver_1 [GameNetDriver]
[2019.04.22-04.35.29:945][695]LogNet: UNetConnection::Cleanup: Closing open connection. [UNetConnection] RemoteAddr: 158.104.224.69:58260, Name: IpConnection_1, Driver: GameNetDriver IpNetDriver_1, IsServer: YES, PC: mainPC_C_3, Owner: mainPC_C_3
[2019.04.22-04.35.29:945][695]LogNet: UNetConnection::Close: [UNetConnection] RemoteAddr: 158.104.224.69:58260, Name: IpConnection_1, Driver: GameNetDriver IpNetDriver_1, IsServer: YES, PC: mainPC_C_3, Owner: mainPC_C_3, Channels: 13, Time: 2019.04.22-04.35.29
[2019.04.22-04.35.29:945][695]LogNet: UChannel::Close: Sending CloseBunch. ChIndex == 0. Name: [UChannel] ChIndex: 0, Closing: 0 [UNetConnection] RemoteAddr: 158.104.224.69:58260, Name: IpConnection_1, Driver: GameNetDriver IpNetDriver_1, IsServer: YES, PC: mainPC_C_3, Owner: mainPC_C_3
[2019.04.22-04.35.29:945][695]LogExit: GameNetDriver IpNetDriver_1 shut down
[2019.04.22-04.35.30:414][695]LogExit: Preparing to exit.
[2019.04.22-04.35.30:414][695]LogMoviePlayer: Shutting down movie player
[2019.04.22-04.35.31:352][695]LogExit: Game engine shut down
[2019.04.22-04.35.31:560][695]LogExit: Object subsystem successfully closed.
[2019.04.22-04.35.31:693][695]LogD3D11RHI: Shutdown
[2019.04.22-04.35.31:693][695]LogD3D11RHI: CleanupD3DDevice
[2019.04.22-04.35.31:698][695]LogD3D11RHI: ~FD3D11DynamicRHI
[2019.04.22-04.35.31:749][695]LogModuleManager: Shutting down and abandoning module Voice (334)
[2019.04.22-04.35.31:749][695]LogModuleManager: Shutting down and abandoning module AIModule (330)
[2019.04.22-04.35.31:749][695]LogModuleManager: Shutting down and abandoning module GameplayDebugger (329)
[2019.04.22-04.35.31:749][695]LogModuleManager: Shutting down and abandoning module AITestSuite (327)
[2019.04.22-04.35.31:749][695]LogModuleManager: Shutting down and abandoning module SequenceRecorderSections (324)
[2019.04.22-04.35.31:749][695]LogModuleManager: Shutting down and abandoning module SequenceRecorder (322)
[2019.04.22-04.35.31:749][695]LogModuleManager: Shutting down and abandoning module AutomationController (320)
[2019.04.22-04.35.31:749][695]LogModuleManager: Shutting down and abandoning module AutomationWorker (318)
[2019.04.22-04.35.31:749][695]LogModuleManager: Shutting down and abandoning module WmfMediaFactory (316)
[2019.04.22-04.35.31:749][695]LogModuleManager: Shutting down and abandoning module OpenExrWrapper (314)
[2019.04.22-04.35.31:749][695]LogModuleManager: Shutting down and abandoning module ImgMediaFactory (312)
[2019.04.22-04.35.31:749][695]LogModuleManager: Shutting down and abandoning module AvfMediaFactory (310)
[2019.04.22-04.35.31:749][695]LogModuleManager: Shutting down and abandoning module CharacterAI (308)
[2019.04.22-04.35.31:749][695]LogModuleManager: Shutting down and abandoning module SessionServices (306)
[2019.04.22-04.35.31:749][695]LogModuleManager: Shutting down and abandoning module MovieSceneCapture (304)
[2019.04.22-04.35.31:749][695]LogModuleManager: Shutting down and abandoning module MovieSceneTracks (302)
[2019.04.22-04.35.31:749][695]LogModuleManager: Shutting down and abandoning module MovieScene (300)
[2019.04.22-04.35.31:749][695]LogModuleManager: Shutting down and abandoning module GeometryCache (298)
[2019.04.22-04.35.31:749][695]LogModuleManager: Shutting down and abandoning module GeometryCacheEd (297)
[2019.04.22-04.35.31:749][695]LogModuleManager: Shutting down and abandoning module StreamingPauseRendering (294)
[2019.04.22-04.35.31:749][695]LogModuleManager: Shutting down and abandoning module PortalServices (292)
[2019.04.22-04.35.31:749][695]LogModuleManager: Shutting down and abandoning module PortalRpc (290)
[2019.04.22-04.35.31:750][695]LogModuleManager: Shutting down and abandoning module MessagingRpc (288)
[2019.04.22-04.35.31:750][695]LogModuleManager: Shutting down and abandoning module ProfilerService (286)
[2019.04.22-04.35.31:904][695]LogModuleManager: Shutting down and abandoning module TaskGraph (284)
[2019.04.22-04.35.31:905][695]LogModuleManager: Shutting down and abandoning module SteamVRController (282)
[2019.04.22-04.35.31:906][695]LogModuleManager: Shutting down and abandoning module ProceduralMeshComponent (280)
[2019.04.22-04.35.31:907][695]LogModuleManager: Shutting down and abandoning module OculusInput (278)
[2019.04.22-04.35.31:908][695]LogModuleManager: Shutting down and abandoning module MobilePatchingUtils (276)
[2019.04.22-04.35.31:908][695]LogModuleManager: Shutting down and abandoning module CustomMeshComponent (274)
[2019.04.22-04.35.31:908][695]LogModuleManager: Shutting down and abandoning module CableComponent (272)
[2019.04.22-04.35.31:908][695]LogModuleManager: Shutting down and abandoning module ArchVisCharacter (270)
[2019.04.22-04.35.31:909][695]LogModuleManager: Shutting down and abandoning module AndroidPermission (268)
[2019.04.22-04.35.31:909][695]LogModuleManager: Shutting down and abandoning module LoginFlow (266)
[2019.04.22-04.35.31:909][695]LogModuleManager: Shutting down and abandoning module Rejoin (264)
[2019.04.22-04.35.31:909][695]LogModuleManager: Shutting down and abandoning module Hotfix (262)
[2019.04.22-04.35.31:910][695]LogModuleManager: Shutting down and abandoning module Lobby (260)
[2019.04.22-04.35.31:910][695]LogModuleManager: Shutting down and abandoning module Party (258)
[2019.04.22-04.35.31:910][695]LogModuleManager: Shutting down and abandoning module Qos (256)
[2019.04.22-04.35.31:910][695]LogModuleManager: Shutting down and abandoning module ActorSequence (254)
[2019.04.22-04.35.31:911][695]LogModuleManager: Shutting down and abandoning module MediaCompositing (252)
[2019.04.22-04.35.31:911][695]LogModuleManager: Shutting down and abandoning module HTML5Networking (250)
[2019.04.22-04.35.31:911][695]LogModuleManager: Shutting down and abandoning module VisualStudioSourceCodeAccess (248)
[2019.04.22-04.35.31:912][695]LogModuleManager: Shutting down and abandoning module HotReload (247)
[2019.04.22-04.35.31:914][695]LogDirectoryWatcher: A directory notification for 'C:/Users/lockw/OneDrive/Documents/Unreal Projects/Illuminate/Binaries/Win64' was aborted.
[2019.04.22-04.35.31:916][695]LogDirectoryWatcher: A directory notification for 'C:/Users/lockw/OneDrive/Documents/Unreal Projects/Illuminate/Plugins/AdvancedSessions/Binaries/Win64' was aborted.
[2019.04.22-04.35.31:917][695]LogDirectoryWatcher: A directory notification for 'C:/Users/lockw/OneDrive/Documents/Unreal Projects/Illuminate/Plugins/AdvancedSteamSessions/Binaries/Win64' was aborted.
[2019.04.22-04.35.31:920][695]LogModuleManager: Shutting down and abandoning module VisualStudioCodeSourceCodeAccess (244)
[2019.04.22-04.35.31:921][695]LogModuleManager: Shutting down and abandoning module UObjectPlugin (242)
[2019.04.22-04.35.31:921][695]LogModuleManager: Shutting down and abandoning module SubversionSourceControl (240)
[2019.04.22-04.35.31:922][695]LogModuleManager: Shutting down and abandoning module PerforceSourceControl (238)
[2019.04.22-04.35.31:923][695]LogModuleManager: Shutting down and abandoning module SourceControl (237)
[2019.04.22-04.35.31:924][695]LogModuleManager: Shutting down and abandoning module AdvancedSteamSessions (234)
[2019.04.22-04.35.31:925][695]LogModuleManager: Shutting down and abandoning module AdvancedSessions (232)
[2019.04.22-04.35.31:925][695]LogModuleManager: Shutting down and abandoning module RuntimePhysXCooking (230)
[2019.04.22-04.35.31:925][695]LogModuleManager: Shutting down and abandoning module PhysXVehiclesEditor (228)
[2019.04.22-04.35.31:926][695]LogModuleManager: Shutting down and abandoning module PhysXVehicles (226)
[2019.04.22-04.35.31:926][695]LogModuleManager: Shutting down and abandoning module LocationServicesBPLibrary (224)
[2019.04.22-04.35.31:927][695]LogModuleManager: Shutting down and abandoning module ImmediatePhysicsEditor (222)
[2019.04.22-04.35.31:927][695]LogModuleManager: Shutting down and abandoning module ImmediatePhysics (220)
[2019.04.22-04.35.31:928][695]LogModuleManager: Shutting down and abandoning module UdpMessaging (218)
[2019.04.22-04.35.32:029][695]LogModuleManager: Shutting down and abandoning module TcpMessaging (216)
[2019.04.22-04.35.32:130][695]LogModuleManager: Shutting down and abandoning module GameplayTagsEditor (214)
[2019.04.22-04.35.32:130][695]LogModuleManager: Shutting down and abandoning module FacialAnimation (212)
[2019.04.22-04.35.32:130][695]LogModuleManager: Shutting down and abandoning module AssetManagerEditor (210)
[2019.04.22-04.35.32:130][695]LogModuleManager: Shutting down and abandoning module GraphEditor (209)
[2019.04.22-04.35.32:131][695]LogModuleManager: Shutting down and abandoning module ContentBrowser (207)
[2019.04.22-04.35.32:131][695]LogModuleManager: Shutting down and abandoning module CollectionManager (206)
[2019.04.22-04.35.32:131][695]LogDirectoryWatcher: A directory notification for 'C:/Users/lockw/OneDrive/Documents/Unreal Projects/Illuminate/Content/Collections/' was aborted.
[2019.04.22-04.35.32:131][695]LogDirectoryWatcher: A directory notification for 'C:/Users/lockw/OneDrive/Documents/Unreal Projects/Illuminate/Content/Developers/Alex/Collections/' was aborted.
[2019.04.22-04.35.32:131][695]LogDirectoryWatcher: A directory notification for 'C:/Users/lockw/OneDrive/Documents/Unreal Projects/Illuminate/Saved/Collections/' was aborted.
[2019.04.22-04.35.32:132][695]LogModuleManager: Shutting down and abandoning module DirectoryWatcher (205)
[2019.04.22-04.35.32:133][695]LogModuleManager: Shutting down and abandoning module LightPropagationVolumeRuntime (200)
[2019.04.22-04.35.32:133][695]LogModuleManager: Shutting down and abandoning module Paper2D (198)
[2019.04.22-04.35.32:133][695]LogModuleManager: Shutting down and abandoning module WindowsMoviePlayer (196)
[2019.04.22-04.35.32:133][695]LogModuleManager: Shutting down and abandoning module WmfMedia (194)
[2019.04.22-04.35.32:140][695]LogModuleManager: Shutting down and abandoning module ImgMedia (192)
[2019.04.22-04.35.32:140][695]LogModuleManager: Shutting down and abandoning module PacketHandler (190)
[2019.04.22-04.35.32:140][695]LogModuleManager: Shutting down and abandoning module ClothingSystemEditor (188)
[2019.04.22-04.35.32:140][695]LogModuleManager: Shutting down and abandoning module ClothingSystemRuntime (186)
[2019.04.22-04.35.32:140][695]LogModuleManager: Shutting down and abandoning module MediaAssets (184)
[2019.04.22-04.35.32:140][695]LogModuleManager: Shutting down and abandoning module Media (183)
[2019.04.22-04.35.32:147][695]LogModuleManager: Shutting down and abandoning module Overlay (180)
[2019.04.22-04.35.32:147][695]LogModuleManager: Shutting down and abandoning module OverlayEditor (179)
[2019.04.22-04.35.32:147][695]LogModuleManager: Shutting down and abandoning module VREditor (176)
[2019.04.22-04.35.32:147][695]LogModuleManager: Shutting down and abandoning module StringTableEditor (174)
[2019.04.22-04.35.32:147][695]LogModuleManager: Shutting down and abandoning module GameplayTasksEditor (172)
[2019.04.22-04.35.32:147][695]LogModuleManager: Shutting down and abandoning module BehaviorTreeEditor (170)
[2019.04.22-04.35.32:147][695]LogModuleManager: Shutting down and abandoning module FunctionalTesting (168)
[2019.04.22-04.35.32:148][695]LogModuleManager: Shutting down and abandoning module CollisionAnalyzer (166)
[2019.04.22-04.35.32:148][695]LogModuleManager: Shutting down and abandoning module WorkspaceMenuStructure (165)
[2019.04.22-04.35.32:148][695]LogModuleManager: Shutting down and abandoning module UMG (162)
[2019.04.22-04.35.32:148][695]LogModuleManager: Shutting down and abandoning module UMGEditor (161)
[2019.04.22-04.35.32:148][695]LogModuleManager: Shutting down and abandoning module Sequencer (160)
[2019.04.22-04.35.32:148][695]LogModuleManager: Shutting down and abandoning module MessageLog (157)
[2019.04.22-04.35.32:149][695]LogModuleManager: Shutting down and abandoning module SlateReflector (152)
[2019.04.22-04.35.32:149][695]LogModuleManager: Shutting down and abandoning module Slate (150)
[2019.04.22-04.35.32:149][695]LogModuleManager: Shutting down and abandoning module EditorStyle (148)
[2019.04.22-04.35.32:158][695]LogModuleManager: Shutting down and abandoning module MRMesh (146)
[2019.04.22-04.35.32:158][695]LogModuleManager: Shutting down and abandoning module Messaging (144)
[2019.04.22-04.35.32:158][695]LogModuleManager: Shutting down and abandoning module SourceCodeAccess (142)
[2019.04.22-04.35.32:158][695]LogModuleManager: Shutting down and abandoning module HeadMountedDisplay (140)
[2019.04.22-04.35.32:158][695]LogModuleManager: Shutting down and abandoning module XAudio2 (138)
[2019.04.22-04.35.32:158][695]LogModuleManager: Shutting down and abandoning module Networking (136)
[2019.04.22-04.35.32:158][695]LogModuleManager: Shutting down and abandoning module Core (134)
[2019.04.22-04.35.32:158][695]LogModuleManager: Shutting down and abandoning module LevelSequence (132)
[2019.04.22-04.35.32:158][695]LogModuleManager: Shutting down and abandoning module KismetCompiler (130)
[2019.04.22-04.35.32:158][695]LogModuleManager: Shutting down and abandoning module MeshUtilities (128)
[2019.04.22-04.35.32:158][695]LogModuleManager: Shutting down and abandoning module MeshMergeUtilities (127)
[2019.04.22-04.35.32:159][695]LogModuleManager: Shutting down and abandoning module MeshReductionInterface (126)
[2019.04.22-04.35.32:159][695]LogModuleManager: Shutting down and abandoning module SimplygonSwarm (125)
[2019.04.22-04.35.32:159][695]LogModuleManager: Shutting down and abandoning module SimplygonMeshReduction (123)
[2019.04.22-04.35.32:159][695]LogModuleManager: Shutting down and abandoning module QuadricMeshReduction (121)
[2019.04.22-04.35.32:159][695]LogModuleManager: Shutting down and abandoning module MaterialBaking (117)
[2019.04.22-04.35.32:159][695]LogModuleManager: Shutting down and abandoning module DerivedDataCache (112)
[2019.04.22-04.35.32:185][695]LogDerivedDataCache: Shutdown
[2019.04.22-04.35.32:185][695]LogModuleManager: Shutting down and abandoning module TargetPlatform (110)
[2019.04.22-04.35.32:185][695]LogModuleManager: Shutting down and abandoning module VulkanShaderFormat (109)
[2019.04.22-04.35.32:185][695]LogModuleManager: Shutting down and abandoning module ShaderFormatVectorVM (107)
[2019.04.22-04.35.32:185][695]LogModuleManager: Shutting down and abandoning module ShaderFormatOpenGL (105)
[2019.04.22-04.35.32:185][695]LogModuleManager: Shutting down and abandoning module ShaderFormatD3D (103)
[2019.04.22-04.35.32:185][695]LogModuleManager: Shutting down and abandoning module MetalShaderFormat (101)
[2019.04.22-04.35.32:185][695]LogModuleManager: Shutting down and abandoning module TextureFormatUncompressed (99)
[2019.04.22-04.35.32:185][695]LogModuleManager: Shutting down and abandoning module TextureFormatPVR (97)
[2019.04.22-04.35.32:186][695]LogModuleManager: Shutting down and abandoning module TextureFormatDXT (95)
[2019.04.22-04.35.32:186][695]LogModuleManager: Shutting down and abandoning module TextureFormatIntelISPCTexComp (93)
[2019.04.22-04.35.32:187][695]LogModuleManager: Shutting down and abandoning module TextureFormatASTC (91)
[2019.04.22-04.35.32:187][695]LogModuleManager: Shutting down and abandoning module ImageWrapper (90)
[2019.04.22-04.35.32:187][695]LogModuleManager: Shutting down and abandoning module TextureFormatAndroid (87)
[2019.04.22-04.35.32:187][695]LogModuleManager: Shutting down and abandoning module AudioFormatOpus (85)
[2019.04.22-04.35.32:187][695]LogModuleManager: Shutting down and abandoning module AudioFormatOgg (83)
[2019.04.22-04.35.32:187][695]LogModuleManager: Shutting down and abandoning module AudioFormatADPCM (81)
[2019.04.22-04.35.32:187][695]LogModuleManager: Shutting down and abandoning module WindowsTargetPlatform (79)
[2019.04.22-04.35.32:187][695]LogModuleManager: Shutting down and abandoning module WindowsServerTargetPlatform (77)
[2019.04.22-04.35.32:187][695]LogModuleManager: Shutting down and abandoning module WindowsNoEditorTargetPlatform (75)
[2019.04.22-04.35.32:187][695]LogModuleManager: Shutting down and abandoning module WindowsClientTargetPlatform (73)
[2019.04.22-04.35.32:187][695]LogModuleManager: Shutting down and abandoning module InputCore (70)
[2019.04.22-04.35.32:187][695]LogModuleManager: Shutting down and abandoning module Settings (68)
[2019.04.22-04.35.32:187][695]LogModuleManager: Shutting down and abandoning module PhysXCooking (66)
[2019.04.22-04.35.32:187][695]LogModuleManager: Shutting down and abandoning module SteamVR (64)
[2019.04.22-04.35.32:187][695]LogModuleManager: Shutting down and abandoning module OculusHMD (62)
[2019.04.22-04.35.32:188][695]LogModuleManager: Shutting down and abandoning module ExampleDeviceProfileSelector (60)
[2019.04.22-04.35.32:188][695]LogModuleManager: Shutting down and abandoning module AppleARKit (58)
[2019.04.22-04.35.32:188][695]LogModuleManager: Shutting down and abandoning module AugmentedReality (57)
[2019.04.22-04.35.32:188][695]LogModuleManager: Shutting down and abandoning module OnlineBlueprintSupport (54)
[2019.04.22-04.35.32:188][695]LogModuleManager: Shutting down and abandoning module OnlineSubsystem (50)
[2019.04.22-04.35.32:188][695]LogOnline: Display: OSS: FOnlineSubsystemNull::Shutdown()
[2019.04.22-04.35.32:188][695]LogOnline: Display: OSS: FOnlineAsyncTaskManager::Stop() ActiveTask:0000000000000000 Tasks[0/0]
[2019.04.22-04.35.32:190][695]LogOnline: Display: OSS: FOnlineAsyncTaskManager::Exit() started
[2019.04.22-04.35.32:190][695]LogOnline: Display: OSS: FOnlineAsyncTaskManager::Exit() finished
[2019.04.22-04.35.32:190][695]LogModuleManager: Shutting down and abandoning module XMPP (43)
[2019.04.22-04.35.32:190][695]LogModuleManager: Shutting down and abandoning module HTTP (41)
[2019.04.22-04.35.32:213][695]LogModuleManager: Shutting down and abandoning module SSL (40)
[2019.04.22-04.35.32:216][695]LogModuleManager: Shutting down and abandoning module AnimationModifiers (36)
[2019.04.22-04.35.32:216][695]LogModuleManager: Shutting down and abandoning module PropertyEditor (35)
[2019.04.22-04.35.32:217][695]LogModuleManager: Shutting down and abandoning module AudioEditor (32)
[2019.04.22-04.35.32:217][695]LogModuleManager: Shutting down and abandoning module TextureCompressor (30)
[2019.04.22-04.35.32:218][695]LogModuleManager: Shutting down and abandoning module ShaderCore (28)
[2019.04.22-04.35.32:218][695]LogModuleManager: Shutting down and abandoning module Landscape (26)
[2019.04.22-04.35.32:218][695]LogModuleManager: Shutting down and abandoning module SlateRHIRenderer (24)
[2019.04.22-04.35.32:219][695]LogModuleManager: Shutting down and abandoning module OpenGLDrv (22)
[2019.04.22-04.35.32:219][695]LogModuleManager: Shutting down and abandoning module D3D11RHI (20)
[2019.04.22-04.35.32:219][695]LogModuleManager: Shutting down and abandoning module AnimGraphRuntime (18)
[2019.04.22-04.35.32:219][695]LogModuleManager: Shutting down and abandoning module Renderer (16)
[2019.04.22-04.35.32:219][695]LogModuleManager: Shutting down and abandoning module Engine (14)
[2019.04.22-04.35.32:219][695]LogModuleManager: Shutting down and abandoning module CoreUObject (12)
[2019.04.22-04.35.32:219][695]LogModuleManager: Shutting down and abandoning module NetworkFile (10)
[2019.04.22-04.35.32:219][695]LogModuleManager: Shutting down and abandoning module CookedIterativeFile (8)
[2019.04.22-04.35.32:219][695]LogModuleManager: Shutting down and abandoning module StreamingFile (6)
[2019.04.22-04.35.32:219][695]LogModuleManager: Shutting down and abandoning module SandboxFile (4)
[2019.04.22-04.35.32:220][695]LogModuleManager: Shutting down and abandoning module PakFile (2)
[2019.04.22-04.35.32:227][695]LogExit: Exiting.
[2019.04.22-04.35.32:664][695]Log file closed, 04/21/19 21:35:32
