Log file open, 04/21/19 21:22:20
LogWindows: Failed to load 'aqProf.dll' (GetLastError=126)
LogWindows: File 'aqProf.dll' does not exist
LogWindows: Failed to load 'VtuneApi.dll' (GetLastError=126)
LogWindows: File 'VtuneApi.dll' does not exist
LogWindows: Failed to load 'VtuneApi32e.dll' (GetLastError=126)
LogWindows: File 'VtuneApi32e.dll' does not exist
LogInit: Display: Running engine for game: Illuminate
LogPlatformFile: Not using cached read wrapper
LogInit: Display: RandInit(1367344121) SRandInit(1367344121).
LogInit: Read version file with build ID '3709383'
LogInit: Overriding engine version to CL 3794801, compatible CL 3709383
LogInit: Registered custom module enumerator with build ID '3709383'
LogInit: Warning: Passing commandline switches using / instead of - has been deprecated and will be removed in future versions of Unreal Engine.
LogTaskGraph: Started task graph with 5 named threads and 14 total threads with 3 sets of task threads.
LogStats: Stats thread started at 0.541108
LogPluginManager: Warning: Plugin 'AdvancedSessions' exists at '../../../../../../Users/lockw/OneDrive/Documents/Unreal Projects/Illuminate/Plugins/AdvancedSessions/AdvancedSessions.uplugin' and '../../../../../../Users/lockw/OneDrive/Documents/Unreal Projects/Illuminate/Plugins/AdvancedSessions.uplugin' - second location will be ignored
LogD3D11RHI: Aftermath initialized
LogInit: Warning: Passing commandline switches using / instead of - has been deprecated and will be removed in future versions of Unreal Engine.
LogModuleManager: Display: Found up-to-date module file ../../../Engine/Plugins/Online/OnlineSubsystemSteam/Binaries/Win64/UE4Editor-OnlineSubsystemSteam.dll (API version 3709383).
LogModuleManager: Display: Found up-to-date module file ../../../Engine/Plugins/Online/OnlineSubsystem/Binaries/Win64/UE4Editor-OnlineSubsystem.dll (API version 3709383).
LogModuleManager: Display: Found up-to-date module file ../../../Engine/Plugins/Online/OnlineSubsystemUtils/Binaries/Win64/UE4Editor-OnlineSubsystemUtils.dll (API version 3709383).
LogModuleManager: Display: Found up-to-date module file ../../../Engine/Plugins/Online/OnlineSubsystemUtils/Binaries/Win64/UE4Editor-OnlineBlueprintSupport.dll (API version 3709383).
LogModuleManager: Display: Found up-to-date module file ../../../Engine/Plugins/Online/OnlineFramework/Binaries/Win64/UE4Editor-Qos.dll (API version 3709383).
LogModuleManager: Display: Found up-to-date module file ../../../Engine/Plugins/Online/OnlineFramework/Binaries/Win64/UE4Editor-Party.dll (API version 3709383).
LogModuleManager: Display: Found up-to-date module file ../../../Engine/Plugins/Online/OnlineFramework/Binaries/Win64/UE4Editor-Lobby.dll (API version 3709383).
LogModuleManager: Display: Found up-to-date module file ../../../Engine/Plugins/Online/OnlineFramework/Binaries/Win64/UE4Editor-Hotfix.dll (API version 3709383).
LogModuleManager: Display: Found up-to-date module file ../../../Engine/Plugins/Online/OnlineFramework/Binaries/Win64/UE4Editor-Rejoin.dll (API version 3709383).
LogModuleManager: Display: Found up-to-date module file ../../../Engine/Plugins/Online/OnlineFramework/Binaries/Win64/UE4Editor-LoginFlow.dll (API version 3709383).
LogModuleManager: Display: Found up-to-date module file ../../../Engine/Plugins/2D/Paper2D/Binaries/Win64/UE4Editor-Paper2D.dll (API version 3709383).
LogModuleManager: Display: Found up-to-date module file ../../../Engine/Plugins/2D/Paper2D/Binaries/Win64/UE4Editor-Paper2DEditor.dll (API version 3709383).
LogModuleManager: Display: Found up-to-date module file ../../../Engine/Plugins/2D/Paper2D/Binaries/Win64/UE4Editor-PaperSpriteSheetImporter.dll (API version 3709383).
LogModuleManager: Display: Found up-to-date module file ../../../Engine/Plugins/2D/Paper2D/Binaries/Win64/UE4Editor-PaperTiledImporter.dll (API version 3709383).
LogModuleManager: Display: Found up-to-date module file ../../../Engine/Plugins/2D/Paper2D/Binaries/Win64/UE4Editor-SmartSnapping.dll (API version 3709383).
LogModuleManager: Display: Found up-to-date module file ../../../Engine/Plugins/Blendables/LightPropagationVolume/Binaries/Win64/UE4Editor-LightPropagationVolumeRuntime.dll (API version 3709383).
LogModuleManager: Display: Found up-to-date module file ../../../Engine/Plugins/Blendables/LightPropagationVolume/Binaries/Win64/UE4Editor-LightPropagationVolumeEditor.dll (API version 3709383).
LogModuleManager: Display: Found up-to-date module file ../../../Engine/Plugins/Developer/GitSourceControl/Binaries/Win64/UE4Editor-GitSourceControl.dll (API version 3709383).
LogModuleManager: Display: Found up-to-date module file ../../../Engine/Plugins/Developer/PerforceSourceControl/Binaries/Win64/UE4Editor-PerforceSourceControl.dll (API version 3709383).
LogModuleManager: Display: Found up-to-date module file ../../../Engine/Plugins/Developer/SubversionSourceControl/Binaries/Win64/UE4Editor-SubversionSourceControl.dll (API version 3709383).
LogModuleManager: Display: Found up-to-date module file ../../../Engine/Plugins/Developer/UObjectPlugin/Binaries/Win64/UE4Editor-UObjectPlugin.dll (API version 3709383).
LogModuleManager: Display: Found up-to-date module file ../../../Engine/Plugins/Developer/VisualStudioCodeSourceCodeAccess/Binaries/Win64/UE4Editor-VisualStudioCodeSourceCodeAccess.dll (API version 3709383).
LogModuleManager: Display: Found up-to-date module file ../../../Engine/Plugins/Developer/VisualStudioSourceCodeAccess/Binaries/Win64/UE4Editor-VisualStudioSourceCodeAccess.dll (API version 3709383).
LogModuleManager: Display: Found up-to-date module file ../../../Engine/Plugins/Editor/AssetManagerEditor/Binaries/Win64/UE4Editor-AssetManagerEditor.dll (API version 3709383).
LogModuleManager: Display: Found up-to-date module file ../../../Engine/Plugins/Editor/AudioCapture/Binaries/Win64/UE4Editor-AudioCapture.dll (API version 3709383).
LogModuleManager: Display: Found up-to-date module file ../../../Engine/Plugins/Editor/FacialAnimation/Binaries/Win64/UE4Editor-FacialAnimation.dll (API version 3709383).
LogModuleManager: Display: Found up-to-date module file ../../../Engine/Plugins/Editor/FacialAnimation/Binaries/Win64/UE4Editor-FacialAnimationEditor.dll (API version 3709383).
LogModuleManager: Display: Found up-to-date module file ../../../Engine/Plugins/Editor/GameplayTagsEditor/Binaries/Win64/UE4Editor-GameplayTagsEditor.dll (API version 3709383).
LogModuleManager: Display: Found up-to-date module file ../../../Engine/Plugins/Editor/MobileLauncherProfileWizard/Binaries/Win64/UE4Editor-MobileLauncherProfileWizard.dll (API version 3709383).
LogModuleManager: Display: Found up-to-date module file ../../../Engine/Plugins/Editor/PluginBrowser/Binaries/Win64/UE4Editor-PluginBrowser.dll (API version 3709383).
LogModuleManager: Display: Found up-to-date module file ../../../Engine/Plugins/Editor/SpeedTreeImporter/Binaries/Win64/UE4Editor-SpeedTreeImporter.dll (API version 3709383).
LogModuleManager: Display: Found up-to-date module file ../../../Engine/Plugins/Experimental/AlembicImporter/Binaries/Win64/UE4Editor-AlembicImporter.dll (API version 3709383).
LogModuleManager: Display: Found up-to-date module file ../../../Engine/Plugins/Experimental/AlembicImporter/Binaries/Win64/UE4Editor-AlembicLibrary.dll (API version 3709383).
LogModuleManager: Display: Found up-to-date module file ../../../Engine/Plugins/Experimental/CharacterAI/Binaries/Win64/UE4Editor-CharacterAI.dll (API version 3709383).
LogModuleManager: Display: Found up-to-date module file ../../../Engine/Plugins/Experimental/HTML5Networking/Binaries/Win64/UE4Editor-HTML5Networking.dll (API version 3709383).
LogModuleManager: Display: Found up-to-date module file ../../../Engine/Plugins/Media/AndroidMedia/Binaries/Win64/UE4Editor-AndroidMediaEditor.dll (API version 3709383).
LogModuleManager: Display: Found up-to-date module file ../../../Engine/Plugins/Media/AndroidMedia/Binaries/Win64/UE4Editor-AndroidMediaFactory.dll (API version 3709383).
LogModuleManager: Display: Found up-to-date module file ../../../Engine/Plugins/Media/AvfMedia/Binaries/Win64/UE4Editor-AvfMediaEditor.dll (API version 3709383).
LogModuleManager: Display: Found up-to-date module file ../../../Engine/Plugins/Media/AvfMedia/Binaries/Win64/UE4Editor-AvfMediaFactory.dll (API version 3709383).
LogModuleManager: Display: Found up-to-date module file ../../../Engine/Plugins/Media/AvfMedia/Binaries/Win64/UE4Editor-AvfMediaFactory.dll (API version 3709383).
LogModuleManager: Display: Found up-to-date module file ../../../Engine/Plugins/Media/ImgMedia/Binaries/Win64/UE4Editor-ImgMedia.dll (API version 3709383).
LogModuleManager: Display: Found up-to-date module file ../../../Engine/Plugins/Media/ImgMedia/Binaries/Win64/UE4Editor-ImgMediaEditor.dll (API version 3709383).
LogModuleManager: Display: Found up-to-date module file ../../../Engine/Plugins/Media/ImgMedia/Binaries/Win64/UE4Editor-ImgMediaFactory.dll (API version 3709383).
LogModuleManager: Display: Found up-to-date module file ../../../Engine/Plugins/Media/ImgMedia/Binaries/Win64/UE4Editor-ImgMediaFactory.dll (API version 3709383).
LogModuleManager: Display: Found up-to-date module file ../../../Engine/Plugins/Media/ImgMedia/Binaries/Win64/UE4Editor-OpenExrWrapper.dll (API version 3709383).
LogModuleManager: Display: Found up-to-date module file ../../../Engine/Plugins/Media/MediaCompositing/Binaries/Win64/UE4Editor-MediaCompositing.dll (API version 3709383).
LogModuleManager: Display: Found up-to-date module file ../../../Engine/Plugins/Media/MediaCompositing/Binaries/Win64/UE4Editor-MediaCompositingEditor.dll (API version 3709383).
LogModuleManager: Display: Found up-to-date module file ../../../Engine/Plugins/Media/MediaPlayerEditor/Binaries/Win64/UE4Editor-MediaPlayerEditor.dll (API version 3709383).
LogModuleManager: Display: Found up-to-date module file ../../../Engine/Plugins/Media/WmfMedia/Binaries/Win64/UE4Editor-WmfMedia.dll (API version 3709383).
LogModuleManager: Display: Found up-to-date module file ../../../Engine/Plugins/Media/WmfMedia/Binaries/Win64/UE4Editor-WmfMediaEditor.dll (API version 3709383).
LogModuleManager: Display: Found up-to-date module file ../../../Engine/Plugins/Media/WmfMedia/Binaries/Win64/UE4Editor-WmfMediaFactory.dll (API version 3709383).
LogModuleManager: Display: Found up-to-date module file ../../../Engine/Plugins/Media/WmfMedia/Binaries/Win64/UE4Editor-WmfMediaFactory.dll (API version 3709383).
LogModuleManager: Display: Found up-to-date module file ../../../Engine/Plugins/Messaging/TcpMessaging/Binaries/Win64/UE4Editor-TcpMessaging.dll (API version 3709383).
LogModuleManager: Display: Found up-to-date module file ../../../Engine/Plugins/Messaging/UdpMessaging/Binaries/Win64/UE4Editor-UdpMessaging.dll (API version 3709383).
LogModuleManager: Display: Found up-to-date module file ../../../Engine/Plugins/MovieScene/ActorSequence/Binaries/Win64/UE4Editor-ActorSequence.dll (API version 3709383).
LogModuleManager: Display: Found up-to-date module file ../../../Engine/Plugins/MovieScene/LevelSequenceEditor/Binaries/Win64/UE4Editor-LevelSequenceEditor.dll (API version 3709383).
LogModuleManager: Display: Found up-to-date module file ../../../Engine/Plugins/MovieScene/MatineeToLevelSequence/Binaries/Win64/UE4Editor-MatineeToLevelSequence.dll (API version 3709383).
LogModuleManager: Display: Found up-to-date module file ../../../Engine/Plugins/Runtime/AndroidPermission/Binaries/Win64/UE4Editor-AndroidPermission.dll (API version 3709383).
LogModuleManager: Display: Found up-to-date module file ../../../Engine/Plugins/Online/OnlineSubsystemNull/Binaries/Win64/UE4Editor-OnlineSubsystemNull.dll (API version 3709383).
LogModuleManager: Display: Found up-to-date module file ../../../Engine/Plugins/Runtime/AndroidDeviceProfileSelector/Binaries/Win64/UE4Editor-AndroidDeviceProfileSelector.dll (API version 3709383).
LogModuleManager: Display: Found up-to-date module file ../../../Engine/Plugins/Runtime/AppleARKit/Binaries/Win64/UE4Editor-AppleARKit.dll (API version 3709383).
LogModuleManager: Display: Found up-to-date module file ../../../Engine/Plugins/Runtime/ArchVisCharacter/Binaries/Win64/UE4Editor-ArchVisCharacter.dll (API version 3709383).
LogModuleManager: Display: Found up-to-date module file ../../../Engine/Plugins/Runtime/CableComponent/Binaries/Win64/UE4Editor-CableComponent.dll (API version 3709383).
LogModuleManager: Display: Found up-to-date module file ../../../Engine/Plugins/Runtime/CustomMeshComponent/Binaries/Win64/UE4Editor-CustomMeshComponent.dll (API version 3709383).
LogModuleManager: Display: Found up-to-date module file ../../../Engine/Plugins/Runtime/ExampleDeviceProfileSelector/Binaries/Win64/UE4Editor-ExampleDeviceProfileSelector.dll (API version 3709383).
LogModuleManager: Display: Found up-to-date module file ../../../Engine/Plugins/Runtime/ImmediatePhysics/Binaries/Win64/UE4Editor-ImmediatePhysics.dll (API version 3709383).
LogModuleManager: Display: Found up-to-date module file ../../../Engine/Plugins/Runtime/ImmediatePhysics/Binaries/Win64/UE4Editor-ImmediatePhysicsEditor.dll (API version 3709383).
LogModuleManager: Display: Found up-to-date module file ../../../Engine/Plugins/Runtime/LocationServicesBPLibrary/Binaries/Win64/UE4Editor-LocationServicesBPLibrary.dll (API version 3709383).
LogModuleManager: Display: Found up-to-date module file ../../../Engine/Plugins/Runtime/MobilePatchingUtils/Binaries/Win64/UE4Editor-MobilePatchingUtils.dll (API version 3709383).
LogModuleManager: Display: Found up-to-date module file ../../../Engine/Plugins/Runtime/Oculus/OculusVR/Binaries/Win64/UE4Editor-OculusHMD.dll (API version 3709383).
LogModuleManager: Display: Found up-to-date module file ../../../Engine/Plugins/Runtime/Oculus/OculusVR/Binaries/Win64/UE4Editor-OculusInput.dll (API version 3709383).
LogModuleManager: Display: Found up-to-date module file ../../../Engine/Plugins/Runtime/Oculus/OculusVR/Binaries/Win64/UE4Editor-OculusEditor.dll (API version 3709383).
LogModuleManager: Display: Found up-to-date module file ../../../Engine/Plugins/Runtime/PhysXVehicles/Binaries/Win64/UE4Editor-PhysXVehicles.dll (API version 3709383).
LogModuleManager: Display: Found up-to-date module file ../../../Engine/Plugins/Runtime/PhysXVehicles/Binaries/Win64/UE4Editor-PhysXVehiclesEditor.dll (API version 3709383).
LogModuleManager: Display: Found up-to-date module file ../../../Engine/Plugins/Runtime/ProceduralMeshComponent/Binaries/Win64/UE4Editor-ProceduralMeshComponent.dll (API version 3709383).
LogModuleManager: Display: Found up-to-date module file ../../../Engine/Plugins/Runtime/ProceduralMeshComponent/Binaries/Win64/UE4Editor-ProceduralMeshComponentEditor.dll (API version 3709383).
LogModuleManager: Display: Found up-to-date module file ../../../Engine/Plugins/Runtime/RuntimePhysXCooking/Binaries/Win64/UE4Editor-RuntimePhysXCooking.dll (API version 3709383).
LogModuleManager: Display: Found up-to-date module file ../../../Engine/Plugins/Runtime/Steam/SteamVR/Binaries/Win64/UE4Editor-SteamVR.dll (API version 3709383).
LogModuleManager: Display: Found up-to-date module file ../../../Engine/Plugins/Runtime/Steam/SteamVR/Binaries/Win64/UE4Editor-SteamVRController.dll (API version 3709383).
LogModuleManager: Display: Found up-to-date module file ../../../Engine/Plugins/Runtime/WindowsMoviePlayer/Binaries/Win64/UE4Editor-WindowsMoviePlayer.dll (API version 3709383).
LogModuleManager: Display: Found up-to-date module file ../../../../../../Users/lockw/OneDrive/Documents/Unreal Projects/Illuminate/Plugins/AdvancedSessions/Binaries/Win64/UE4Editor-AdvancedSessions.dll (API version 3709383).
LogModuleManager: Display: Found up-to-date module file ../../../../../../Users/lockw/OneDrive/Documents/Unreal Projects/Illuminate/Plugins/AdvancedSteamSessions/Binaries/Win64/UE4Editor-AdvancedSteamSessions.dll (API version 3709383).
LogPluginManager: Mounting plugin Paper2D
LogPluginManager: Mounting plugin LightPropagationVolume
LogPluginManager: Mounting plugin CodeLiteSourceCodeAccess
LogPluginManager: Mounting plugin GitSourceControl
LogPluginManager: Mounting plugin KDevelopSourceCodeAccess
LogPluginManager: Mounting plugin NullSourceCodeAccess
LogPluginManager: Mounting plugin PerforceSourceControl
LogPluginManager: Mounting plugin SubversionSourceControl
LogPluginManager: Mounting plugin UObjectPlugin
LogPluginManager: Mounting plugin VisualStudioCodeSourceCodeAccess
LogPluginManager: Mounting plugin VisualStudioSourceCodeAccess
LogPluginManager: Mounting plugin XCodeSourceCodeAccess
LogPluginManager: Mounting plugin AssetManagerEditor
LogPluginManager: Mounting plugin AudioCapture
LogPluginManager: Mounting plugin FacialAnimation
LogPluginManager: Mounting plugin GameplayTagsEditor
LogPluginManager: Mounting plugin MobileLauncherProfileWizard
LogPluginManager: Mounting plugin PluginBrowser
LogPluginManager: Mounting plugin SpeedTreeImporter
LogPluginManager: Mounting plugin AlembicImporter
LogPluginManager: Mounting plugin CharacterAI
LogPluginManager: Mounting plugin HTML5Networking
LogPluginManager: Mounting plugin AndroidMedia
LogPluginManager: Mounting plugin AvfMedia
LogPluginManager: Mounting plugin ImgMedia
LogPluginManager: Mounting plugin MediaCompositing
LogPluginManager: Mounting plugin MediaPlayerEditor
LogPluginManager: Mounting plugin WmfMedia
LogPluginManager: Mounting plugin TcpMessaging
LogPluginManager: Mounting plugin UdpMessaging
LogPluginManager: Mounting plugin ActorSequence
LogPluginManager: Mounting plugin LevelSequenceEditor
LogPluginManager: Mounting plugin MatineeToLevelSequence
LogPluginManager: Mounting plugin OnlineSubsystemGooglePlay
LogPluginManager: Mounting plugin OnlineSubsystemIOS
LogPluginManager: Mounting plugin OnlineFramework
LogPluginManager: Mounting plugin OnlineSubsystem
LogPluginManager: Mounting plugin OnlineSubsystemNull
LogPluginManager: Mounting plugin OnlineSubsystemSteam
LogPluginManager: Mounting plugin OnlineSubsystemUtils
LogPluginManager: Mounting plugin AndroidDeviceProfileSelector
LogPluginManager: Mounting plugin AndroidMoviePlayer
LogPluginManager: Mounting plugin AndroidPermission
LogPluginManager: Mounting plugin AppleARKit
LogPluginManager: Mounting plugin AppleMoviePlayer
LogPluginManager: Mounting plugin ArchVisCharacter
LogPluginManager: Mounting plugin CableComponent
LogPluginManager: Mounting plugin CustomMeshComponent
LogPluginManager: Mounting plugin ExampleDeviceProfileSelector
LogPluginManager: Mounting plugin GoogleCloudMessaging
LogPluginManager: Mounting plugin ImmediatePhysics
LogPluginManager: Mounting plugin IOSDeviceProfileSelector
LogPluginManager: Mounting plugin LinuxDeviceProfileSelector
LogPluginManager: Mounting plugin LocationServicesBPLibrary
LogPluginManager: Mounting plugin MobilePatchingUtils
LogPluginManager: Mounting plugin OculusVR
LogPluginManager: Plugin shader directory ../../../Engine/Plugins/Runtime/Oculus/OculusVR/Shaders found
LogPluginManager: Mapping shader source directory ../../../Engine/Plugins/Runtime/Oculus/OculusVR/Shaders to virtual directory /Plugin/OculusVR
LogPluginManager: Mounting plugin PhysXVehicles
LogPluginManager: Mounting plugin ProceduralMeshComponent
LogPluginManager: Mounting plugin RuntimePhysXCooking
LogPluginManager: Mounting plugin SteamVR
LogPluginManager: Mounting plugin WindowsMoviePlayer
LogPluginManager: Mounting plugin AdvancedSessions
LogPluginManager: Mounting plugin AdvancedSteamSessions
LogInit: Using libcurl 7.47.1
LogInit:  - built for x86_64-pc-win32
LogInit:  - supports SSL with OpenSSL/1.0.2g
LogInit:  - supports HTTP deflate (compression) using libz 1.2.8
LogInit:  - other features:
LogInit:      CURL_VERSION_SSL
LogInit:      CURL_VERSION_LIBZ
LogInit:      CURL_VERSION_IPV6
LogInit:      CURL_VERSION_ASYNCHDNS
LogInit:      CURL_VERSION_LARGEFILE
LogInit:      CURL_VERSION_IDN
LogInit:  CurlRequestOptions (configurable via config and command line):
LogInit:  - bVerifyPeer = false  - Libcurl will NOT verify peer certificate
LogInit:  - bUseHttpProxy = false  - Libcurl will NOT use HTTP proxy
LogInit:  - bDontReuseConnections = false  - Libcurl will reuse connections
LogInit:  - CertBundlePath = nullptr  - Libcurl will use whatever was configured at build time.
LogOnline: Display: STEAM: Loading Steam SDK 1.39
LogOnline: Warning: STEAM: Steam API disabled!
LogOnline: Display: STEAM: OnlineSubsystemSteam::Shutdown()
LogInit: WinSock: version 1.1 (2.2), MaxSocks=32767, MaxUdp=65467
LogInit: Build: ++UE4+Release-4.18-CL-3794801
LogInit: Engine Version: 4.18.2-3794801+++UE4+Release-4.18
LogInit: Compatible Engine Version: 4.18.0-3709383+++UE4+Release-4.18
LogInit: Net CL: 3709383
LogDevObjectVersion: Number of dev versions registered: 16
LogDevObjectVersion:   Dev-Blueprints (B0D832E4-1F89-4F0D-ACCF-7EB736FD4AA2): 10
LogDevObjectVersion:   Dev-Build (E1C64328-A22C-4D53-A36C-8E866417BD8C): 0
LogDevObjectVersion:   Dev-Core (375EC13C-06E4-48FB-B500-84F0262A717E): 2
LogDevObjectVersion:   Dev-Editor (E4B068ED-F494-42E9-A231-DA0B2E46BB41): 20
LogDevObjectVersion:   Dev-Framework (CFFC743F-43B0-4480-9391-14DF171D2073): 30
LogDevObjectVersion:   Dev-Mobile (B02B49B5-BB20-44E9-A304-32B752E40360): 0
LogDevObjectVersion:   Dev-Networking (A4E4105C-59A1-49B5-A7C5-40C4547EDFEE): 0
LogDevObjectVersion:   Dev-Online (39C831C9-5AE6-47DC-9A44-9C173E1C8E7C): 0
LogDevObjectVersion:   Dev-Physics (78F01B33-EBEA-4F98-B9B4-84EACCB95AA2): 0
LogDevObjectVersion:   Dev-Platform (6631380F-2D4D-43E0-8009-CF276956A95A): 0
LogDevObjectVersion:   Dev-Rendering (12F88B9F-8875-4AFC-A67C-D90C383ABD29): 20
LogDevObjectVersion:   Dev-Sequencer (7B5AE74C-D270-4C10-A958-57980B212A5A): 4
LogDevObjectVersion:   Dev-VR (D7296918-1DD6-4BDD-9DE2-64A83CC13884): 0
LogDevObjectVersion:   Dev-LoadTimes (C2A15278-BFE7-4AFE-6C17-90FF531DF755): 1
LogDevObjectVersion:   Private-Geometry (6EACA3D4-40EC-4CC1-B786-8BED09428FC5): 1
LogDevObjectVersion:   Dev-AnimPhys (29E575DD-E0A3-4627-9D10-D276232CDCEA): 12
LogInit: Compiled (64-bit): Dec  8 2017 02:04:53
LogInit: Compiled with Visual C++: 19.00.24215.01
LogInit: Build Configuration: Development
LogInit: Branch Name: ++UE4+Release-4.18
LogInit: Command line:  /Game/Creations/Maps/MainMenu?Listen -game -PIEVIACONSOLE -ResX=1904 -ResY=1041  -Multiprocess -messaging -SessionName="Play in Standalone Game" -port=7777 -windowed GameUserSettingsINI="C:/Users/lockw/OneDrive/Documents/Unreal Projects/Illuminate/Saved/Config/Windows/PIEGameUserSettings0.ini" -MultiprocessSaveConfig  -MultiprocessOSS WinX=5 WinY=5 SAVEWINPOS=1
LogInit: Base directory: C:/Program Files/Epic Games/UE_4.18/Engine/Binaries/Win64/
LogInit: Installed Engine Build: 1
LogInit: Presizing for max 8388607 objects, including 0 objects not considered by GC, pre-allocating 0 bytes for permanent pool.
LogInit: Object subsystem initialized
[2019.04.22-04.22.27:152][  0]LogInit: Selected Device Profile: [Windows]
[2019.04.22-04.22.27:152][  0]LogInit: Applying CVar settings loaded from the selected device profile: [Windows]
[2019.04.22-04.22.27:161][  0]LogInit: Computer: MSI
[2019.04.22-04.22.27:161][  0]LogInit: User: Alex
[2019.04.22-04.22.27:161][  0]LogInit: CPU Page size=4096, Cores=4
[2019.04.22-04.22.27:161][  0]LogInit: High frequency timer resolution =2.533207 MHz
[2019.04.22-04.22.27:161][  0]LogMemory: Memory total: Physical=15.9GB (16GB approx)
[2019.04.22-04.22.27:161][  0]LogMemory: Platform Memory Stats for Windows
[2019.04.22-04.22.27:161][  0]LogMemory: Process Physical Memory: 276.00 MB used, 276.00 MB peak
[2019.04.22-04.22.27:161][  0]LogMemory: Process Virtual Memory: 274.46 MB used, 274.46 MB peak
[2019.04.22-04.22.27:161][  0]LogMemory: Physical Memory: 11788.45 MB used,  4484.88 MB free, 16273.34 MB total
[2019.04.22-04.22.27:161][  0]LogMemory: Virtual Memory: 4788.92 MB used,  4484.88 MB free, 134217728.00 MB total
[2019.04.22-04.22.29:494][  0]LogInit: Using OS detected language (en-US).
[2019.04.22-04.22.29:494][  0]LogInit: Using OS detected locale (en-US).
[2019.04.22-04.22.29:503][  0]LogTextLocalizationManager: No specific localization for 'en-US' exists, so the 'en' localization will be used.
[2019.04.22-04.22.30:567][  0]LogD3D11RHI: D3D11 adapters:
[2019.04.22-04.22.30:680][  0]LogD3D11RHI:    0. 'NVIDIA GeForce GTX 965M' (Feature Level 11_0)
[2019.04.22-04.22.30:680][  0]LogD3D11RHI:       2010/0/8136 MB DedicatedVideo/DedicatedSystem/SharedSystem, Outputs:1, VendorId:0x10de
[2019.04.22-04.22.30:692][  0]LogD3D11RHI:    1. 'Intel(R) HD Graphics 4600' (Feature Level 11_0)
[2019.04.22-04.22.30:692][  0]LogD3D11RHI:       112/0/2048 MB DedicatedVideo/DedicatedSystem/SharedSystem, Outputs:0, VendorId:0x8086
[2019.04.22-04.22.30:697][  0]LogD3D11RHI:    2. 'Microsoft Basic Render Driver' (Feature Level 11_0)
[2019.04.22-04.22.30:697][  0]LogD3D11RHI:       0/0/8136 MB DedicatedVideo/DedicatedSystem/SharedSystem, Outputs:0, VendorId:0x1414
[2019.04.22-04.22.30:697][  0]LogD3D11RHI: Chosen D3D11 Adapter: 0
[2019.04.22-04.22.30:760][  0]LogD3D11RHI: Creating new Direct3DDevice
[2019.04.22-04.22.30:760][  0]LogD3D11RHI:     GPU DeviceId: 0x13d9 (for the marketing name, search the web for "GPU Device Id")
[2019.04.22-04.22.30:760][  0]LogWindows: EnumDisplayDevices:
[2019.04.22-04.22.30:760][  0]LogWindows:    0. 'Intel(R) HD Graphics 4600' (P:1 D:1)
[2019.04.22-04.22.30:761][  0]LogWindows:    1. 'Intel(R) HD Graphics 4600' (P:0 D:0)
[2019.04.22-04.22.30:761][  0]LogWindows:    2. 'Intel(R) HD Graphics 4600' (P:0 D:0)
[2019.04.22-04.22.30:762][  0]LogWindows: DebugString: GetVideoDriverDetailsInvalid PrimaryIsNotTheChoosenAdapter GetVideoDriverDetailsInvalid PrimaryIsNotTheChoosenAdapter GetVideoDriverDetailsInvalid PrimaryIsNotTheChoosenAdapter FoundDriverCount:0 
[2019.04.22-04.22.30:762][  0]LogD3D11RHI:     Adapter Name: NVIDIA GeForce GTX 965M
[2019.04.22-04.22.30:762][  0]LogD3D11RHI:   Driver Version: Unknown (internal:Unknown, unified:Unknown)
[2019.04.22-04.22.30:762][  0]LogD3D11RHI:      Driver Date: Unknown
[2019.04.22-04.22.30:762][  0]LogRHI: Texture pool is 1407 MB (70% of 2010 MB)
[2019.04.22-04.22.30:848][  0]LogD3D11RHI: Async texture creation enabled
[2019.04.22-04.22.30:874][  0]LogD3D11RHI: GPU Timing Frequency: 1000.000000 (Debug: 2 2)
[2019.04.22-04.22.30:876][  0]LogShaderCompilers: Guid format shader working directory is -30 characters bigger than the processId version (../../../../../../Users/lockw/OneDrive/Documents/Unreal Projects/Illuminate/Intermediate/Shaders/WorkingDirectory/12608/).
[2019.04.22-04.22.30:876][  0]LogShaderCompilers: Cleaned the shader compiler working directory 'C:/Users/lockw/AppData/Local/Temp/UnrealShaderWorkingDir/2B882063478A1A3BD4D767B8463F49A3/'.
[2019.04.22-04.22.30:876][  0]LogShaderCompilers: Display: Using Local Shader Compiler.
[2019.04.22-04.22.33:583][  0]LogTemp: Display: Loaded TP WindowsClientTargetPlatform
[2019.04.22-04.22.33:806][  0]LogTemp: Display: Loaded TP WindowsNoEditorTargetPlatform
[2019.04.22-04.22.34:029][  0]LogTemp: Display: Loaded TP WindowsServerTargetPlatform
[2019.04.22-04.22.34:250][  0]LogTemp: Display: Loaded TP WindowsTargetPlatform
[2019.04.22-04.22.34:250][  0]LogTargetPlatformManager: Display: Building Assets For Windows
[2019.04.22-04.22.36:545][  0]LogDerivedDataCache: Display: Max Cache Size: 512 MB
[2019.04.22-04.22.36:725][  0]LogDerivedDataCache: Loaded boot cache 0.18s 79MB C:/Users/lockw/AppData/Local/UnrealEngine/4.18/DerivedDataCache/Boot.ddc.
[2019.04.22-04.22.36:725][  0]LogDerivedDataCache: Display: Loaded Boot cache: C:/Users/lockw/AppData/Local/UnrealEngine/4.18/DerivedDataCache/Boot.ddc
[2019.04.22-04.22.36:725][  0]LogDerivedDataCache: FDerivedDataBackendGraph:  Pak pak cache file ../../../../../../Users/lockw/OneDrive/Documents/Unreal Projects/Illuminate/DerivedDataCache/DDC.ddp not found, will not use a pak cache.
[2019.04.22-04.22.36:725][  0]LogDerivedDataCache: Unable to find inner node Pak for hierarchical cache Hierarchy.
[2019.04.22-04.22.36:725][  0]LogDerivedDataCache: FDerivedDataBackendGraph:  CompressedPak pak cache file ../../../../../../Users/lockw/OneDrive/Documents/Unreal Projects/Illuminate/DerivedDataCache/Compressed.ddp not found, will not use a pak cache.
[2019.04.22-04.22.36:726][  0]LogDerivedDataCache: Unable to find inner node CompressedPak for hierarchical cache Hierarchy.
[2019.04.22-04.22.36:761][  0]LogDerivedDataCache: Display: Pak cache opened for reading ../../../Engine/DerivedDataCache/Compressed.ddp.
[2019.04.22-04.22.36:775][  0]LogDerivedDataCache: Using Local data cache path C:/Users/lockw/AppData/Local/UnrealEngine/Common/DerivedDataCache: Writable
[2019.04.22-04.22.36:795][  0]LogMaterial: Verifying Global Shaders for PCD3D_SM5
[2019.04.22-04.22.36:796][  0]LogSlate: Using Freetype 2.6.0
[2019.04.22-04.22.36:797][  0]LogSlate: SlateFontCache - WITH_FREETYPE: 1, WITH_HARFBUZZ: 1
[2019.04.22-04.22.36:797][  0]LogSlate: SlateFontCache - WITH_FREETYPE: 1, WITH_HARFBUZZ: 1
[2019.04.22-04.22.37:561][  0]LogAssetRegistry: FAssetRegistry took 0.0115 seconds to start up
[2019.04.22-04.22.37:588][  0]LogPackageLocalizationCache: Processed 7 localized package path(s) for 2 prioritized culture(s) in 0.027690 seconds
[2019.04.22-04.22.37:841][  0]LogInit: Selected Device Profile: [Windows]
[2019.04.22-04.22.39:171][  0]LogSimplygon: Simplygon DLL not present - disabling.
[2019.04.22-04.22.39:388][  0]LogMeshReduction: Using SimplygonSwarm for distributed automatic mesh merging
[2019.04.22-04.22.39:388][  0]LogMeshReduction: Using QuadricMeshReduction for automatic static mesh reduction
[2019.04.22-04.22.39:388][  0]LogMeshReduction: No automatic skeletal mesh reduction module available
[2019.04.22-04.22.39:388][  0]LogMeshReduction: No automatic mesh merging module available
[2019.04.22-04.22.39:388][  0]LogMeshMerging: No automatic mesh merging module available
[2019.04.22-04.22.39:479][  0]LogNetVersion: Illuminate , NetCL: 3709383, EngineNetVer: 2, GameNetVer: 0 (Checksum: 1556659199)
[2019.04.22-04.22.40:067][  0]LogInit: Warning: Passing commandline switches using / instead of - has been deprecated and will be removed in future versions of Unreal Engine.
[2019.04.22-04.22.40:067][  0]LogInit: Warning: Passing commandline switches using / instead of - has been deprecated and will be removed in future versions of Unreal Engine.
[2019.04.22-04.22.40:068][  0]LogInit: Warning: Passing commandline switches using / instead of - has been deprecated and will be removed in future versions of Unreal Engine.
[2019.04.22-04.22.46:946][  0]LogMoviePlayer: Initializing movie player
[2019.04.22-04.22.48:376][  0]LogCollectionManager: Loaded 0 collections in 0.007742 seconds
[2019.04.22-04.22.48:490][  0]LogFileCache: Scanning file cache for directory 'C:/Users/lockw/OneDrive/Documents/Unreal Projects/Illuminate/Saved/Collections/' took 0.01s
[2019.04.22-04.22.48:490][  0]LogFileCache: Scanning file cache for directory 'C:/Users/lockw/OneDrive/Documents/Unreal Projects/Illuminate/Content/Developers/Alex/Collections/' took 0.01s
[2019.04.22-04.22.48:490][  0]LogFileCache: Scanning file cache for directory 'C:/Users/lockw/OneDrive/Documents/Unreal Projects/Illuminate/Content/Collections/' took 0.01s
[2019.04.22-04.22.48:490][  0]LogCollectionManager: Rebuilt the object cache for 0 collections in 0.000000 seconds (found 0 objects)
[2019.04.22-04.22.48:490][  0]LogCollectionManager: Fixed up redirectors for 0 collections in 0.000141 seconds (updated 0 objects)
[2019.04.22-04.22.49:405][  0]LogTcpMessaging: Initializing TcpMessaging bridge
[2019.04.22-04.22.49:557][  0]LogUdpMessaging: Initializing bridge on interface 0.0.0.0:0 to multicast group 230.0.0.1:6666.
[2019.04.22-04.22.52:183][  0]LogInit: Warning: Passing commandline switches using / instead of - has been deprecated and will be removed in future versions of Unreal Engine.
[2019.04.22-04.22.52:186][  0]SourceControl: Source control is disabled
[2019.04.22-04.22.52:186][  0]SourceControl: Source control is disabled
[2019.04.22-04.22.52:485][  0]SourceControl: Source control is disabled
[2019.04.22-04.22.55:663][  0]LogAndroidPermission: UAndroidPermissionCallbackProxy::GetInstance
[2019.04.22-04.22.56:912][  0]LogOcInput: OculusInput pre-init called
[2019.04.22-04.22.57:449][  0]LogUObjectArray: 39813 objects as part of root set at end of initial load.
[2019.04.22-04.22.57:449][  0]LogUObjectAllocator: 8734536 out of 0 bytes used by permanent object pool.
[2019.04.22-04.22.57:449][  0]LogUObjectArray: CloseDisregardForGC: 0/0 objects in disregard for GC pool
[2019.04.22-04.22.57:815][  0]LogEngine: Initializing Engine...
[2019.04.22-04.22.57:820][  0]LogHMD: Failed to initialize OpenVR with code 110
[2019.04.22-04.22.58:226][  0]LogStats: UGameplayTagsManager::ConstructGameplayTagTree: Construct from data asset -  0.000 s
[2019.04.22-04.22.58:226][  0]LogStats: UGameplayTagsManager::ConstructGameplayTagTree: GameplayTagTreeChangedEvent.Broadcast -  0.000 s
[2019.04.22-04.22.58:291][  0]LogInit: XAudio2 using 'Speakers (Realtek High Definition Audio)' : 6 channels at 48 kHz using 32 bits per sample (channel mask 0x3f)
[2019.04.22-04.22.58:504][  0]LogInit: FAudioDevice initialized.
[2019.04.22-04.22.58:557][  0]LogInit: Texture streaming: Enabled
[2019.04.22-04.22.58:600][  0]LogMaterial: Uniform references updated for custom material expression Custom.
[2019.04.22-04.23.03:961][  0]LogInit: Warning: Passing commandline switches using / instead of - has been deprecated and will be removed in future versions of Unreal Engine.
[2019.04.22-04.23.04:184][  0]LogInit: Display: Game Engine Initialized.
[2019.04.22-04.23.04:185][  0]LogGameplayTags: Display: UGameplayTagsManager::DoneAddingNativeTags. DelegateIsBound: 0
[2019.04.22-04.23.05:011][  0]LogInit: Display: Starting Game.
[2019.04.22-04.23.05:011][  0]LogNet: Browse: /Game/Creations/Maps/MainMenu?Name=Player?Listen
[2019.04.22-04.23.05:011][  0]LogLoad: LoadMap: /Game/Creations/Maps/MainMenu?Name=Player?Listen
[2019.04.22-04.23.05:688][  0]LogAIModule: Creating AISystem for world MainMenu
[2019.04.22-04.23.05:689][  0]LogLoad: Game class is 'MainGm_C'
[2019.04.22-04.23.05:689][  0]LogOnline: Warning: STEAM: Steam API disabled!
[2019.04.22-04.23.05:689][  0]LogOnline: Display: STEAM: OnlineSubsystemSteam::Shutdown()
[2019.04.22-04.23.05:690][  0]LogTemp: Display: ParseSettings for GameNetDriver
[2019.04.22-04.23.05:690][  0]LogTemp: Display: ParseSettings for IpNetDriver_0
[2019.04.22-04.23.05:690][  0]LogTemp: Display: ParseSettings for GameNetDriver
[2019.04.22-04.23.05:691][  0]LogInit: WinSock: Socket queue 131072 / 131072
[2019.04.22-04.23.05:694][  0]LogInit: WinSock: I am MSI (158.104.224.69:0)
[2019.04.22-04.23.05:694][  0]PacketHandlerLog: Loaded PacketHandler component: Engine.EngineHandlerComponentFactory (StatelessConnectHandlerComponent)
[2019.04.22-04.23.05:695][  0]LogNet: GameNetDriver IpNetDriver_0 IpNetDriver listening on port 7777
[2019.04.22-04.23.05:696][  0]LogWorld: Bringing World /Game/Creations/Maps/MainMenu.MainMenu up for play (max tick rate 0) at 2019.04.21-21.23.05
[2019.04.22-04.23.05:697][  0]LogOnline: Warning: OSS: AutoLogin missing AUTH_LOGIN=<login id>.
[2019.04.22-04.23.05:697][  0]LogWorld: Bringing up level for play took: 0.001350
[2019.04.22-04.23.05:697][  0]LogOnline: Warning: OSS: No game present to join for session (GameSession)
[2019.04.22-04.23.05:698][  0]LogGameMode: FindPlayerStart: PATHS NOT DEFINED or NO PLAYERSTART with positive rating
[2019.04.22-04.23.05:791][  0]LogLoad: Took 0.779918 seconds to LoadMap(/Game/Creations/Maps/MainMenu)
[2019.04.22-04.23.06:605][  0]LogRenderer: Reallocating scene render targets to support 1904x1044 Format 10 NumSamples 1 (Frame:1).
[2019.04.22-04.23.06:605][  0]LogLoad: (Engine Initialization) Total time: 49.90 seconds
[2019.04.22-04.23.06:605][  0]LogLoad: (Engine Initialization) Total Blueprint compile time: 0.00 seconds
[2019.04.22-04.23.06:605][  0]LogExternalProfiler: Found external profiler: VSPerf
[2019.04.22-04.23.06:605][  0]LogExternalProfiler: Using external profiler: VSPerf
[2019.04.22-04.23.06:624][  0]LogNet: NotifyAcceptingConnection accepted from: 127.0.0.1:49542
[2019.04.22-04.23.06:624][  0]LogHandshake: SendConnectChallenge. Timestamp: 0.016129, Cookie: 023145005143253240245204235243021050042184128214221126214163
[2019.04.22-04.23.06:751][  0]LogContentStreaming: Texture pool size now 1000 MB
[2019.04.22-04.23.06:776][  1]LogNet: NotifyAcceptingConnection accepted from: 127.0.0.1:49542
[2019.04.22-04.23.06:776][  1]LogHandshake: SendChallengeAck. InCookie: 023145005143253240245204235243021050042184128214221126214163
[2019.04.22-04.23.06:776][  1]LogNet: Server accepting post-challenge connection from: 127.0.0.1:49542
[2019.04.22-04.23.06:777][  1]PacketHandlerLog: Loaded PacketHandler component: Engine.EngineHandlerComponentFactory (StatelessConnectHandlerComponent)
[2019.04.22-04.23.06:777][  1]LogNet: NotifyAcceptedConnection: Name: MainMenu, TimeStamp: 04/21/19 21:23:06, [UNetConnection] RemoteAddr: 127.0.0.1:49542, Name: IpConnection_0, Driver: GameNetDriver IpNetDriver_0, IsServer: YES, PC: NULL, Owner: NULL
[2019.04.22-04.23.06:777][  1]LogNet: AddClientConnection: Added client connection: [UNetConnection] RemoteAddr: 127.0.0.1:49542, Name: IpConnection_0, Driver: GameNetDriver IpNetDriver_0, IsServer: YES, PC: NULL, Owner: NULL
[2019.04.22-04.23.06:792][  2]LogNet: NotifyAcceptingChannel Control 0 server World /Game/Creations/Maps/MainMenu.MainMenu: Accepted
[2019.04.22-04.23.06:793][  2]LogNet: Remote platform little endian=1
[2019.04.22-04.23.06:793][  2]LogNet: This platform little endian=1
[2019.04.22-04.23.06:793][  2]LogNetVersion: Illuminate 1.0.0.0, NetCL: 3709383, EngineNetVer: 2, GameNetVer: 0 (Checksum: 1067519852)
[2019.04.22-04.23.06:841][  3]LogNet: Login request: /Game/Creations/Maps/MainMenu?Name=MSI-129BA9B0459B9AB05B4B76B54F5224FA userId: MSI-129BA9B0459B9AB05B4B76B54F5224FA
[2019.04.22-04.23.06:858][  4]LogNet: Client netspeed is 10000
[2019.04.22-04.23.07:601][ 50]LogNet: Join request: /Game/Creations/Maps/MainMenu?Name=MSI-129BA9B0459B9AB05B4B76B54F5224FA?SplitscreenCount=1
[2019.04.22-04.23.07:602][ 50]LogOnline: Warning: OSS: No game present to join for session (GameSession)
[2019.04.22-04.23.07:602][ 50]LogGameMode: FindPlayerStart: PATHS NOT DEFINED or NO PLAYERSTART with positive rating
[2019.04.22-04.23.07:605][ 50]LogSpawn: Warning: SpawnActor failed because of collision at the spawn location [X=7.297 Y=58.685 Z=0.016] for [testTwinstickPawn_C]
[2019.04.22-04.23.07:606][ 50]LogGameMode: Warning: SpawnDefaultPawnAtTransform: Couldn't spawn Pawn of type testTwinstickPawn_C at Rotation: Pitch 0.000000 Yaw 0.000000 Roll 0.000000
Translation: 0.000000 0.000000 0.000000
Scale3D: 1.000000 1.000000 1.000000

[2019.04.22-04.23.07:606][ 50]LogNet: Join succeeded: MSI-129BA9B0459B9AB0
[2019.04.22-04.23.07:606][ 50]LogScript: Warning: Accessed None trying to read property CallFunc_K2_GetPawn_ReturnValue9
	mainPC_C /Game/Creations/Maps/MainMenu.MainMenu:PersistentLevel.mainPC_C_1
	Function /Game/Creations/GInstances/mainPC.mainPC_C:ExecuteUbergraph_mainPC:1F5E
[2019.04.22-04.23.07:606][ 50]LogScript: Warning: Script call stack:
	Function /Game/Creations/GInstances/mainPC.mainPC_C:ReceiveTick
	Function /Game/Creations/GInstances/mainPC.mainPC_C:ExecuteUbergraph_mainPC

[2019.04.22-04.23.07:617][ 51]LogScript: Warning: Accessed None trying to read property CallFunc_K2_GetPawn_ReturnValue9
	mainPC_C /Game/Creations/Maps/MainMenu.MainMenu:PersistentLevel.mainPC_C_1
	Function /Game/Creations/GInstances/mainPC.mainPC_C:ExecuteUbergraph_mainPC:1F5E
[2019.04.22-04.23.07:617][ 51]LogScript: Warning: Script call stack:
	Function /Game/Creations/GInstances/mainPC.mainPC_C:ReceiveTick
	Function /Game/Creations/GInstances/mainPC.mainPC_C:ExecuteUbergraph_mainPC

[2019.04.22-04.23.07:633][ 52]LogScript: Warning: Accessed None trying to read property CallFunc_K2_GetPawn_ReturnValue9
	mainPC_C /Game/Creations/Maps/MainMenu.MainMenu:PersistentLevel.mainPC_C_1
	Function /Game/Creations/GInstances/mainPC.mainPC_C:ExecuteUbergraph_mainPC:1F5E
[2019.04.22-04.23.07:634][ 52]LogScript: Warning: Script call stack:
	Function /Game/Creations/GInstances/mainPC.mainPC_C:ReceiveTick
	Function /Game/Creations/GInstances/mainPC.mainPC_C:ExecuteUbergraph_mainPC

[2019.04.22-04.23.07:651][ 53]LogScript: Warning: Accessed None trying to read property CallFunc_K2_GetPawn_ReturnValue9
	mainPC_C /Game/Creations/Maps/MainMenu.MainMenu:PersistentLevel.mainPC_C_1
	Function /Game/Creations/GInstances/mainPC.mainPC_C:ExecuteUbergraph_mainPC:1F5E
[2019.04.22-04.23.07:651][ 53]LogScript: Warning: Script call stack:
	Function /Game/Creations/GInstances/mainPC.mainPC_C:ReceiveTick
	Function /Game/Creations/GInstances/mainPC.mainPC_C:ExecuteUbergraph_mainPC

[2019.04.22-04.23.07:665][ 54]LogScript: Warning: Accessed None trying to read property CallFunc_K2_GetPawn_ReturnValue9
	mainPC_C /Game/Creations/Maps/MainMenu.MainMenu:PersistentLevel.mainPC_C_1
	Function /Game/Creations/GInstances/mainPC.mainPC_C:ExecuteUbergraph_mainPC:1F5E
[2019.04.22-04.23.07:666][ 54]LogScript: Warning: Script call stack:
	Function /Game/Creations/GInstances/mainPC.mainPC_C:ReceiveTick
	Function /Game/Creations/GInstances/mainPC.mainPC_C:ExecuteUbergraph_mainPC

[2019.04.22-04.23.07:682][ 55]LogScript: Warning: Accessed None trying to read property CallFunc_K2_GetPawn_ReturnValue9
	mainPC_C /Game/Creations/Maps/MainMenu.MainMenu:PersistentLevel.mainPC_C_1
	Function /Game/Creations/GInstances/mainPC.mainPC_C:ExecuteUbergraph_mainPC:1F5E
[2019.04.22-04.23.07:682][ 55]LogScript: Warning: Script call stack:
	Function /Game/Creations/GInstances/mainPC.mainPC_C:ReceiveTick
	Function /Game/Creations/GInstances/mainPC.mainPC_C:ExecuteUbergraph_mainPC

[2019.04.22-04.23.07:698][ 56]LogScript: Warning: Accessed None trying to read property CallFunc_K2_GetPawn_ReturnValue9
	mainPC_C /Game/Creations/Maps/MainMenu.MainMenu:PersistentLevel.mainPC_C_1
	Function /Game/Creations/GInstances/mainPC.mainPC_C:ExecuteUbergraph_mainPC:1F5E
[2019.04.22-04.23.07:698][ 56]LogScript: Warning: Script call stack:
	Function /Game/Creations/GInstances/mainPC.mainPC_C:ReceiveTick
	Function /Game/Creations/GInstances/mainPC.mainPC_C:ExecuteUbergraph_mainPC

[2019.04.22-04.23.07:714][ 57]LogScript: Warning: Accessed None trying to read property CallFunc_K2_GetPawn_ReturnValue9
	mainPC_C /Game/Creations/Maps/MainMenu.MainMenu:PersistentLevel.mainPC_C_1
	Function /Game/Creations/GInstances/mainPC.mainPC_C:ExecuteUbergraph_mainPC:1F5E
[2019.04.22-04.23.07:715][ 57]LogScript: Warning: Script call stack:
	Function /Game/Creations/GInstances/mainPC.mainPC_C:ReceiveTick
	Function /Game/Creations/GInstances/mainPC.mainPC_C:ExecuteUbergraph_mainPC

[2019.04.22-04.23.07:730][ 58]LogScript: Warning: Accessed None trying to read property CallFunc_K2_GetPawn_ReturnValue9
	mainPC_C /Game/Creations/Maps/MainMenu.MainMenu:PersistentLevel.mainPC_C_1
	Function /Game/Creations/GInstances/mainPC.mainPC_C:ExecuteUbergraph_mainPC:1F5E
[2019.04.22-04.23.07:730][ 58]LogScript: Warning: Script call stack:
	Function /Game/Creations/GInstances/mainPC.mainPC_C:ReceiveTick
	Function /Game/Creations/GInstances/mainPC.mainPC_C:ExecuteUbergraph_mainPC

[2019.04.22-04.23.07:746][ 59]LogScript: Warning: Accessed None trying to read property CallFunc_K2_GetPawn_ReturnValue9
	mainPC_C /Game/Creations/Maps/MainMenu.MainMenu:PersistentLevel.mainPC_C_1
	Function /Game/Creations/GInstances/mainPC.mainPC_C:ExecuteUbergraph_mainPC:1F5E
[2019.04.22-04.23.07:746][ 59]LogScript: Warning: Script call stack:
	Function /Game/Creations/GInstances/mainPC.mainPC_C:ReceiveTick
	Function /Game/Creations/GInstances/mainPC.mainPC_C:ExecuteUbergraph_mainPC

[2019.04.22-04.23.07:763][ 60]LogScript: Warning: Accessed None trying to read property CallFunc_K2_GetPawn_ReturnValue9
	mainPC_C /Game/Creations/Maps/MainMenu.MainMenu:PersistentLevel.mainPC_C_1
	Function /Game/Creations/GInstances/mainPC.mainPC_C:ExecuteUbergraph_mainPC:1F5E
[2019.04.22-04.23.07:763][ 60]LogScript: Warning: Script call stack:
	Function /Game/Creations/GInstances/mainPC.mainPC_C:ReceiveTick
	Function /Game/Creations/GInstances/mainPC.mainPC_C:ExecuteUbergraph_mainPC

[2019.04.22-04.23.07:780][ 61]LogScript: Warning: Accessed None trying to read property CallFunc_K2_GetPawn_ReturnValue9
	mainPC_C /Game/Creations/Maps/MainMenu.MainMenu:PersistentLevel.mainPC_C_1
	Function /Game/Creations/GInstances/mainPC.mainPC_C:ExecuteUbergraph_mainPC:1F5E
[2019.04.22-04.23.07:780][ 61]LogScript: Warning: Script call stack:
	Function /Game/Creations/GInstances/mainPC.mainPC_C:ReceiveTick
	Function /Game/Creations/GInstances/mainPC.mainPC_C:ExecuteUbergraph_mainPC

[2019.04.22-04.23.07:795][ 62]LogScript: Warning: Accessed None trying to read property CallFunc_K2_GetPawn_ReturnValue9
	mainPC_C /Game/Creations/Maps/MainMenu.MainMenu:PersistentLevel.mainPC_C_1
	Function /Game/Creations/GInstances/mainPC.mainPC_C:ExecuteUbergraph_mainPC:1F5E
[2019.04.22-04.23.07:795][ 62]LogScript: Warning: Script call stack:
	Function /Game/Creations/GInstances/mainPC.mainPC_C:ReceiveTick
	Function /Game/Creations/GInstances/mainPC.mainPC_C:ExecuteUbergraph_mainPC

[2019.04.22-04.23.07:811][ 63]LogScript: Warning: Accessed None trying to read property CallFunc_K2_GetPawn_ReturnValue9
	mainPC_C /Game/Creations/Maps/MainMenu.MainMenu:PersistentLevel.mainPC_C_1
	Function /Game/Creations/GInstances/mainPC.mainPC_C:ExecuteUbergraph_mainPC:1F5E
[2019.04.22-04.23.07:811][ 63]LogScript: Warning: Script call stack:
	Function /Game/Creations/GInstances/mainPC.mainPC_C:ReceiveTick
	Function /Game/Creations/GInstances/mainPC.mainPC_C:ExecuteUbergraph_mainPC

[2019.04.22-04.23.07:827][ 64]LogScript: Warning: Accessed None trying to read property CallFunc_K2_GetPawn_ReturnValue9
	mainPC_C /Game/Creations/Maps/MainMenu.MainMenu:PersistentLevel.mainPC_C_1
	Function /Game/Creations/GInstances/mainPC.mainPC_C:ExecuteUbergraph_mainPC:1F5E
[2019.04.22-04.23.07:827][ 64]LogScript: Warning: Script call stack:
	Function /Game/Creations/GInstances/mainPC.mainPC_C:ReceiveTick
	Function /Game/Creations/GInstances/mainPC.mainPC_C:ExecuteUbergraph_mainPC

[2019.04.22-04.23.07:843][ 65]LogScript: Warning: Accessed None trying to read property CallFunc_K2_GetPawn_ReturnValue9
	mainPC_C /Game/Creations/Maps/MainMenu.MainMenu:PersistentLevel.mainPC_C_1
	Function /Game/Creations/GInstances/mainPC.mainPC_C:ExecuteUbergraph_mainPC:1F5E
[2019.04.22-04.23.07:843][ 65]LogScript: Warning: Script call stack:
	Function /Game/Creations/GInstances/mainPC.mainPC_C:ReceiveTick
	Function /Game/Creations/GInstances/mainPC.mainPC_C:ExecuteUbergraph_mainPC

[2019.04.22-04.23.07:859][ 66]LogScript: Warning: Accessed None trying to read property CallFunc_K2_GetPawn_ReturnValue9
	mainPC_C /Game/Creations/Maps/MainMenu.MainMenu:PersistentLevel.mainPC_C_1
	Function /Game/Creations/GInstances/mainPC.mainPC_C:ExecuteUbergraph_mainPC:1F5E
[2019.04.22-04.23.07:859][ 66]LogScript: Warning: Script call stack:
	Function /Game/Creations/GInstances/mainPC.mainPC_C:ReceiveTick
	Function /Game/Creations/GInstances/mainPC.mainPC_C:ExecuteUbergraph_mainPC

[2019.04.22-04.24.41:319][634]LogNet: UChannel::ReceivedSequencedBunch: Bunch.bClose == true. ChIndex == 0. Calling ConditionalCleanUp.
[2019.04.22-04.24.41:320][634]LogNet: UChannel::CleanUp: ChIndex == 0. Closing connection. [UChannel] ChIndex: 0, Closing: 0 [UNetConnection] RemoteAddr: 127.0.0.1:49542, Name: IpConnection_0, Driver: GameNetDriver IpNetDriver_0, IsServer: YES, PC: mainPC_C_1, Owner: mainPC_C_1
[2019.04.22-04.24.41:320][634]LogNet: UNetConnection::Close: [UNetConnection] RemoteAddr: 127.0.0.1:49542, Name: IpConnection_0, Driver: GameNetDriver IpNetDriver_0, IsServer: YES, PC: mainPC_C_1, Owner: mainPC_C_1, Channels: 10, Time: 2019.04.22-04.24.41
[2019.04.22-04.24.41:320][634]LogNet: UChannel::Close: Sending CloseBunch. ChIndex == 0. Name: [UChannel] ChIndex: 0, Closing: 0 [UNetConnection] RemoteAddr: 127.0.0.1:49542, Name: IpConnection_0, Driver: GameNetDriver IpNetDriver_0, IsServer: YES, PC: mainPC_C_1, Owner: mainPC_C_1
[2019.04.22-04.24.41:321][634]LogOnline: Warning: OSS: No game present to leave for session (GameSession)
[2019.04.22-04.24.45:840][915]LogScriptCore: Script Msg: Found a session. Ping is 581
[2019.04.22-04.24.45:840][915]LogScriptCore: Script Msg: Found a session. Ping is 581
[2019.04.22-04.24.45:841][915]LogScriptCore: Script Msg: Found a session. Ping is 679
[2019.04.22-04.24.45:841][915]LogScriptCore: Script Msg: Found a session. Ping is 679
[2019.04.22-04.24.47:582][ 22]LogOnline: Warning: OSS: Can't destroy a null online session (GameSession)
[2019.04.22-04.24.47:583][ 22]LogBlueprintUserMessages: [MainInstance_C_0] successfully joined game
[2019.04.22-04.24.47:583][ 22]LogNet: Browse: 158.104.224.69:7778//Game/Creations/Maps/MainMenu
[2019.04.22-04.24.47:583][ 22]LogNet: World NetDriver shutdown IpNetDriver_0 [GameNetDriver]
[2019.04.22-04.24.47:583][ 22]LogNet: DestroyNamedNetDriver IpNetDriver_0 [GameNetDriver]
[2019.04.22-04.24.47:584][ 22]LogExit: GameNetDriver IpNetDriver_0 shut down
[2019.04.22-04.24.47:584][ 22]LogOnline: Warning: STEAM: Steam API disabled!
[2019.04.22-04.24.47:584][ 22]LogOnline: Display: STEAM: OnlineSubsystemSteam::Shutdown()
[2019.04.22-04.24.47:585][ 22]LogTemp: Display: ParseSettings for GameNetDriver
[2019.04.22-04.24.47:585][ 22]LogTemp: Display: ParseSettings for IpNetDriver_1
[2019.04.22-04.24.47:585][ 22]LogTemp: Display: ParseSettings for PendingNetDriver
[2019.04.22-04.24.47:586][ 22]LogInit: WinSock: Socket queue 32768 / 32768
[2019.04.22-04.24.47:588][ 22]PacketHandlerLog: Loaded PacketHandler component: Engine.EngineHandlerComponentFactory (StatelessConnectHandlerComponent)
[2019.04.22-04.24.47:588][ 22]LogNet: Game client on port 7778, rate 10000
[2019.04.22-04.24.47:591][ 22]LogWorld: Warning: SetActiveLevelCollection attempted to use an out of date NetDriver: GameNetDriver
[2019.04.22-04.24.47:600][ 23]LogHandshake: SendChallengeResponse. Timestamp: 8.681459, Cookie: 211188055203040091078172211189147228101120167204166148043003
[2019.04.22-04.24.47:601][ 23]LogWorld: Warning: SetActiveLevelCollection attempted to use an out of date NetDriver: GameNetDriver
[2019.04.22-04.24.47:618][ 24]LogWorld: Warning: SetActiveLevelCollection attempted to use an out of date NetDriver: GameNetDriver
[2019.04.22-04.24.47:632][ 25]LogNet: UPendingNetGame::SendInitialJoin: Sending hello. [UNetConnection] RemoteAddr: 158.104.224.69:7778, Name: IpConnection_1, Driver: PendingNetDriver IpNetDriver_1, IsServer: NO, PC: NULL, Owner: NULL
[2019.04.22-04.24.47:633][ 25]LogWorld: Warning: SetActiveLevelCollection attempted to use an out of date NetDriver: GameNetDriver
[2019.04.22-04.24.47:651][ 26]LogWorld: Warning: SetActiveLevelCollection attempted to use an out of date NetDriver: GameNetDriver
[2019.04.22-04.24.47:665][ 27]LogNet: Welcomed by server (Level: /Game/Creations/Maps/MultiplayerLobby, Game: /Game/Creations/GInstances/MainGm.MainGm_C)
[2019.04.22-04.24.47:667][ 27]LogLoad: LoadMap: 158.104.224.69:7778//Game/Creations/Maps/MultiplayerLobby?game=/Game/Creations/GInstances/MainGm.MainGm_C
[2019.04.22-04.24.47:736][ 27]LogAIModule: Creating AISystem for world MultiplayerLobby
[2019.04.22-04.24.47:737][ 27]LogTemp: Display: ParseSettings for GameNetDriver
[2019.04.22-04.24.47:739][ 27]LogWorld: Bringing World /Game/Creations/Maps/MultiplayerLobby.MultiplayerLobby up for play (max tick rate 0) at 2019.04.21-21.24.47
[2019.04.22-04.24.47:740][ 27]LogWorld: Bringing up level for play took: 0.001403
[2019.04.22-04.24.47:741][ 27]LogLoad: Took 0.074397 seconds to LoadMap(/Game/Creations/Maps/MultiplayerLobby)
[2019.04.22-04.24.47:774][ 29]LogScript: Warning: Accessed None trying to read property CallFunc_K2_GetPawn_ReturnValue9
	mainPC_C /Game/Creations/Maps/MultiplayerLobby.MultiplayerLobby:PersistentLevel.mainPC_C_0
	Function /Game/Creations/GInstances/mainPC.mainPC_C:ExecuteUbergraph_mainPC:1F5E
[2019.04.22-04.24.47:774][ 29]LogScript: Warning: Script call stack:
	Function /Game/Creations/GInstances/mainPC.mainPC_C:ReceiveTick
	Function /Game/Creations/GInstances/mainPC.mainPC_C:ExecuteUbergraph_mainPC

[2019.04.22-04.24.47:808][ 30]LogScript: Warning: Accessed None trying to read property CallFunc_K2_GetPawn_ReturnValue9
	mainPC_C /Game/Creations/Maps/MultiplayerLobby.MultiplayerLobby:PersistentLevel.mainPC_C_0
	Function /Game/Creations/GInstances/mainPC.mainPC_C:ExecuteUbergraph_mainPC:1F5E
[2019.04.22-04.24.47:808][ 30]LogScript: Warning: Script call stack:
	Function /Game/Creations/GInstances/mainPC.mainPC_C:ReceiveTick
	Function /Game/Creations/GInstances/mainPC.mainPC_C:ExecuteUbergraph_mainPC

[2019.04.22-04.24.47:819][ 31]LogScript: Warning: Accessed None trying to read property CallFunc_K2_GetPawn_ReturnValue9
	mainPC_C /Game/Creations/Maps/MultiplayerLobby.MultiplayerLobby:PersistentLevel.mainPC_C_0
	Function /Game/Creations/GInstances/mainPC.mainPC_C:ExecuteUbergraph_mainPC:1F5E
[2019.04.22-04.24.47:820][ 31]LogScript: Warning: Script call stack:
	Function /Game/Creations/GInstances/mainPC.mainPC_C:ReceiveTick
	Function /Game/Creations/GInstances/mainPC.mainPC_C:ExecuteUbergraph_mainPC

[2019.04.22-04.24.47:836][ 32]LogScript: Warning: Accessed None trying to read property CallFunc_K2_GetPawn_ReturnValue9
	mainPC_C /Game/Creations/Maps/MultiplayerLobby.MultiplayerLobby:PersistentLevel.mainPC_C_0
	Function /Game/Creations/GInstances/mainPC.mainPC_C:ExecuteUbergraph_mainPC:1F5E
[2019.04.22-04.24.47:836][ 32]LogScript: Warning: Script call stack:
	Function /Game/Creations/GInstances/mainPC.mainPC_C:ReceiveTick
	Function /Game/Creations/GInstances/mainPC.mainPC_C:ExecuteUbergraph_mainPC

[2019.04.22-04.24.47:852][ 33]LogScript: Warning: Accessed None trying to read property CallFunc_K2_GetPawn_ReturnValue9
	mainPC_C /Game/Creations/Maps/MultiplayerLobby.MultiplayerLobby:PersistentLevel.mainPC_C_0
	Function /Game/Creations/GInstances/mainPC.mainPC_C:ExecuteUbergraph_mainPC:1F5E
[2019.04.22-04.24.47:852][ 33]LogScript: Warning: Script call stack:
	Function /Game/Creations/GInstances/mainPC.mainPC_C:ReceiveTick
	Function /Game/Creations/GInstances/mainPC.mainPC_C:ExecuteUbergraph_mainPC

[2019.04.22-04.24.47:868][ 34]AdvancedSessionsLog: Warning: GetLocalPlayerNameFromController had a bad player state!
[2019.04.22-04.24.47:868][ 34]AdvancedSessionsLog: Warning: GetLocalPlayerNameFromController had a bad player state!
[2019.04.22-04.24.47:872][ 34]LogNet: Warning: UIpNetDriver::ProcessRemoteFunction: No owning connection for actor MultiplayerLobby_C_1. Function updatePlayerWidgets will not be processed.
[2019.04.22-04.24.47:872][ 34]LogScript: Warning: Accessed None trying to read property CallFunc_K2_GetPawn_ReturnValue9
	mainPC_C /Game/Creations/Maps/MultiplayerLobby.MultiplayerLobby:PersistentLevel.mainPC_C_0
	Function /Game/Creations/GInstances/mainPC.mainPC_C:ExecuteUbergraph_mainPC:1F5E
[2019.04.22-04.24.47:872][ 34]LogScript: Warning: Script call stack:
	Function /Game/Creations/GInstances/mainPC.mainPC_C:ReceiveTick
	Function /Game/Creations/GInstances/mainPC.mainPC_C:ExecuteUbergraph_mainPC

[2019.04.22-04.24.47:875][ 34]LogSlate: Took 0.000829 seconds to synchronously load lazily loaded font '../../../Engine/Content/Slate/Fonts/Roboto-Regular.ttf' (155K)
[2019.04.22-04.24.47:884][ 35]LogScript: Warning: Accessed None trying to read property CallFunc_K2_GetPawn_ReturnValue9
	mainPC_C /Game/Creations/Maps/MultiplayerLobby.MultiplayerLobby:PersistentLevel.mainPC_C_0
	Function /Game/Creations/GInstances/mainPC.mainPC_C:ExecuteUbergraph_mainPC:1F5E
[2019.04.22-04.24.47:884][ 35]LogScript: Warning: Script call stack:
	Function /Game/Creations/GInstances/mainPC.mainPC_C:ReceiveTick
	Function /Game/Creations/GInstances/mainPC.mainPC_C:ExecuteUbergraph_mainPC

[2019.04.22-04.24.47:901][ 36]LogScript: Warning: Accessed None trying to read property CallFunc_K2_GetPawn_ReturnValue9
	mainPC_C /Game/Creations/Maps/MultiplayerLobby.MultiplayerLobby:PersistentLevel.mainPC_C_0
	Function /Game/Creations/GInstances/mainPC.mainPC_C:ExecuteUbergraph_mainPC:1F5E
[2019.04.22-04.24.47:901][ 36]LogScript: Warning: Script call stack:
	Function /Game/Creations/GInstances/mainPC.mainPC_C:ReceiveTick
	Function /Game/Creations/GInstances/mainPC.mainPC_C:ExecuteUbergraph_mainPC

[2019.04.22-04.24.47:916][ 37]LogScript: Warning: Accessed None trying to read property CallFunc_K2_GetPawn_ReturnValue9
	mainPC_C /Game/Creations/Maps/MultiplayerLobby.MultiplayerLobby:PersistentLevel.mainPC_C_0
	Function /Game/Creations/GInstances/mainPC.mainPC_C:ExecuteUbergraph_mainPC:1F5E
[2019.04.22-04.24.47:916][ 37]LogScript: Warning: Script call stack:
	Function /Game/Creations/GInstances/mainPC.mainPC_C:ReceiveTick
	Function /Game/Creations/GInstances/mainPC.mainPC_C:ExecuteUbergraph_mainPC

[2019.04.22-04.24.47:932][ 38]LogScript: Warning: Accessed None trying to read property CallFunc_K2_GetPawn_ReturnValue9
	mainPC_C /Game/Creations/Maps/MultiplayerLobby.MultiplayerLobby:PersistentLevel.mainPC_C_0
	Function /Game/Creations/GInstances/mainPC.mainPC_C:ExecuteUbergraph_mainPC:1F5E
[2019.04.22-04.24.47:933][ 38]LogScript: Warning: Script call stack:
	Function /Game/Creations/GInstances/mainPC.mainPC_C:ReceiveTick
	Function /Game/Creations/GInstances/mainPC.mainPC_C:ExecuteUbergraph_mainPC

[2019.04.22-04.24.47:949][ 39]LogScript: Warning: Accessed None trying to read property CallFunc_K2_GetPawn_ReturnValue9
	mainPC_C /Game/Creations/Maps/MultiplayerLobby.MultiplayerLobby:PersistentLevel.mainPC_C_0
	Function /Game/Creations/GInstances/mainPC.mainPC_C:ExecuteUbergraph_mainPC:1F5E
[2019.04.22-04.24.47:949][ 39]LogScript: Warning: Script call stack:
	Function /Game/Creations/GInstances/mainPC.mainPC_C:ReceiveTick
	Function /Game/Creations/GInstances/mainPC.mainPC_C:ExecuteUbergraph_mainPC

[2019.04.22-04.24.47:964][ 40]LogScript: Warning: Accessed None trying to read property CallFunc_K2_GetPawn_ReturnValue9
	mainPC_C /Game/Creations/Maps/MultiplayerLobby.MultiplayerLobby:PersistentLevel.mainPC_C_0
	Function /Game/Creations/GInstances/mainPC.mainPC_C:ExecuteUbergraph_mainPC:1F5E
[2019.04.22-04.24.47:964][ 40]LogScript: Warning: Script call stack:
	Function /Game/Creations/GInstances/mainPC.mainPC_C:ReceiveTick
	Function /Game/Creations/GInstances/mainPC.mainPC_C:ExecuteUbergraph_mainPC

[2019.04.22-04.24.47:980][ 41]LogScript: Warning: Accessed None trying to read property CallFunc_K2_GetPawn_ReturnValue9
	mainPC_C /Game/Creations/Maps/MultiplayerLobby.MultiplayerLobby:PersistentLevel.mainPC_C_0
	Function /Game/Creations/GInstances/mainPC.mainPC_C:ExecuteUbergraph_mainPC:1F5E
[2019.04.22-04.24.47:981][ 41]LogScript: Warning: Script call stack:
	Function /Game/Creations/GInstances/mainPC.mainPC_C:ReceiveTick
	Function /Game/Creations/GInstances/mainPC.mainPC_C:ExecuteUbergraph_mainPC

[2019.04.22-04.24.47:997][ 42]LogScript: Warning: Accessed None trying to read property CallFunc_K2_GetPawn_ReturnValue9
	mainPC_C /Game/Creations/Maps/MultiplayerLobby.MultiplayerLobby:PersistentLevel.mainPC_C_0
	Function /Game/Creations/GInstances/mainPC.mainPC_C:ExecuteUbergraph_mainPC:1F5E
[2019.04.22-04.24.47:997][ 42]LogScript: Warning: Script call stack:
	Function /Game/Creations/GInstances/mainPC.mainPC_C:ReceiveTick
	Function /Game/Creations/GInstances/mainPC.mainPC_C:ExecuteUbergraph_mainPC

[2019.04.22-04.24.48:014][ 43]LogScript: Warning: Accessed None trying to read property CallFunc_K2_GetPawn_ReturnValue9
	mainPC_C /Game/Creations/Maps/MultiplayerLobby.MultiplayerLobby:PersistentLevel.mainPC_C_0
	Function /Game/Creations/GInstances/mainPC.mainPC_C:ExecuteUbergraph_mainPC:1F5E
[2019.04.22-04.24.48:014][ 43]LogScript: Warning: Script call stack:
	Function /Game/Creations/GInstances/mainPC.mainPC_C:ReceiveTick
	Function /Game/Creations/GInstances/mainPC.mainPC_C:ExecuteUbergraph_mainPC

[2019.04.22-04.24.48:029][ 44]LogScript: Warning: Accessed None trying to read property CallFunc_K2_GetPawn_ReturnValue9
	mainPC_C /Game/Creations/Maps/MultiplayerLobby.MultiplayerLobby:PersistentLevel.mainPC_C_0
	Function /Game/Creations/GInstances/mainPC.mainPC_C:ExecuteUbergraph_mainPC:1F5E
[2019.04.22-04.24.48:029][ 44]LogScript: Warning: Script call stack:
	Function /Game/Creations/GInstances/mainPC.mainPC_C:ReceiveTick
	Function /Game/Creations/GInstances/mainPC.mainPC_C:ExecuteUbergraph_mainPC

[2019.04.22-04.24.48:048][ 45]LogScript: Warning: Accessed None trying to read property CallFunc_K2_GetPawn_ReturnValue9
	mainPC_C /Game/Creations/Maps/MultiplayerLobby.MultiplayerLobby:PersistentLevel.mainPC_C_0
	Function /Game/Creations/GInstances/mainPC.mainPC_C:ExecuteUbergraph_mainPC:1F5E
[2019.04.22-04.24.48:048][ 45]LogScript: Warning: Script call stack:
	Function /Game/Creations/GInstances/mainPC.mainPC_C:ReceiveTick
	Function /Game/Creations/GInstances/mainPC.mainPC_C:ExecuteUbergraph_mainPC

[2019.04.22-04.24.48:868][ 95]LogNet: Warning: UIpNetDriver::ProcessRemoteFunction: No owning connection for actor MultiplayerLobby_C_1. Function updatePlayerWidgets will not be processed.
[2019.04.22-04.24.49:882][142]LogNet: Warning: UIpNetDriver::ProcessRemoteFunction: No owning connection for actor MultiplayerLobby_C_1. Function updatePlayerWidgets will not be processed.
[2019.04.22-04.24.50:881][202]LogNet: Warning: UIpNetDriver::ProcessRemoteFunction: No owning connection for actor MultiplayerLobby_C_1. Function updatePlayerWidgets will not be processed.
[2019.04.22-04.24.51:026][211]LogWorld: SeamlessTravel to: /Game/Creations/Maps/TestMap
[2019.04.22-04.24.51:081][212]LogStats:     SeamlessTravel FlushLevelStreaming  -  0.001 s
[2019.04.22-04.24.51:081][212]LogWorld: Bringing World /Temp/Untitled_1.Untitled up for play (max tick rate 0) at 2019.04.21-21.24.51
[2019.04.22-04.24.51:082][212]LogWorld: Bringing up level for play took: 0.000556
[2019.04.22-04.24.51:082][212]LogWorld: Sending NotifyLoadedWorld for LP: LocalPlayer_0 PC: mainPC_C_0
[2019.04.22-04.24.51:082][212]LogNet: Verbose: NotifyLoadedWorld Begin
[2019.04.22-04.24.51:082][212]LogNet: VeryVerbose: GetFunctionCallspace RemoteRole Remote ServerNotifyLoadedWorld
[2019.04.22-04.24.51:082][212]LogNetTraffic:       Sent RPC: mainPC_C_0::ServerNotifyLoadedWorld [28.4 bytes]
[2019.04.22-04.24.51:082][212]LogNetTraffic: VeryVerbose: Sending: FOutBunch: Channel[2] ChSequence: 825 NumBits: 227 PacketId: 0 bOpen: 0 bClose: 0 bDormant: 0 bIsReplicationPaused: 0 bReliable: 1 bPartial: 0//0//0 bHasPackageMapExports: 0 
[2019.04.22-04.24.51:082][212]LogNetTraffic: Verbose: UNetConnection::SendRawBunch. ChIndex: 2. Bits: 227. PacketId: 3006
[2019.04.22-04.24.51:082][212]LogNet: Verbose: NotifyLoadedWorld End
[2019.04.22-04.24.51:082][212]LogWorld: StartLoadingDestination to: /Game/Creations/Maps/TestMap
[2019.04.22-04.24.51:481][219]LogStats:     SeamlessTravel FlushLevelStreaming  -  0.003 s
[2019.04.22-04.24.51:488][219]LogWorld: Bringing World /Game/Creations/Maps/TestMap.TestMap up for play (max tick rate 0) at 2019.04.21-21.24.51
[2019.04.22-04.24.51:488][219]LogWorld: Bringing up level for play took: 0.007414
[2019.04.22-04.24.51:489][219]LogWorld: Sending NotifyLoadedWorld for LP: LocalPlayer_0 PC: mainPC_C_0
[2019.04.22-04.24.51:489][219]LogNet: Verbose: NotifyLoadedWorld Begin
[2019.04.22-04.24.51:489][219]LogNet: VeryVerbose: GetFunctionCallspace RemoteRole Remote ServerNotifyLoadedWorld
[2019.04.22-04.24.51:489][219]LogNetTraffic:       Sent RPC: mainPC_C_0::ServerNotifyLoadedWorld [42.4 bytes]
[2019.04.22-04.24.51:490][219]LogNetTraffic: VeryVerbose: Sending: FOutBunch: Channel[2] ChSequence: 826 NumBits: 339 PacketId: 0 bOpen: 0 bClose: 0 bDormant: 0 bIsReplicationPaused: 0 bReliable: 1 bPartial: 0//0//0 bHasPackageMapExports: 0 
[2019.04.22-04.24.51:490][219]LogNetTraffic: Verbose: UNetConnection::SendRawBunch. ChIndex: 2. Bits: 339. PacketId: 3011
[2019.04.22-04.24.51:490][219]LogNet: Verbose: NotifyLoadedWorld End
[2019.04.22-04.24.51:490][219]LogWorld: ----SeamlessTravel finished in 0.46 seconds ------
[2019.04.22-04.25.01:694][419]LogNet: Warning: UIpNetDriver::ProcessRemoteFunction: No owning connection for actor TestMap_C_0. Function TestSelectAbilities will not be processed.
[2019.04.22-04.25.15:947][920]LogPhysics: Warning: PopulatePhysXGeometryAndTransform(Convex): ConvexElem has invalid transform
[2019.04.22-04.25.15:957][920]LogPhysics: Warning: ForeachShape(Convex): [/Game/StarterContent/Shapes/Shape_Cone.Shape_Cone] ScaledElem[0] invalid
[2019.04.22-04.25.16:437][937]LogSpawn: Warning: SpawnActor failed because of collision at the spawn location [X=93.644 Y=-1660.286 Z=200.000] for [IceShard_C]
[2019.04.22-04.25.16:438][937]LogSpawn: Warning: SpawnActor failed because of collision at the spawn location [X=93.644 Y=-1660.286 Z=200.000] for [IceShard_C]
[2019.04.22-04.25.16:440][937]LogSpawn: Warning: SpawnActor failed because of collision at the spawn location [X=93.644 Y=-1660.286 Z=200.000] for [IceShard_C]
[2019.04.22-04.25.16:441][937]LogSpawn: Warning: SpawnActor failed because of collision at the spawn location [X=93.644 Y=-1660.286 Z=200.000] for [IceShard_C]
[2019.04.22-04.25.16:442][937]LogSpawn: Warning: SpawnActor failed because of collision at the spawn location [X=93.644 Y=-1660.286 Z=200.000] for [IceShard_C]
[2019.04.22-04.25.16:444][937]LogSpawn: Warning: SpawnActor failed because of collision at the spawn location [X=93.644 Y=-1660.286 Z=200.000] for [IceShard_C]
[2019.04.22-04.25.16:445][937]LogSpawn: Warning: SpawnActor failed because of collision at the spawn location [X=93.644 Y=-1660.286 Z=200.000] for [IceShard_C]
[2019.04.22-04.25.16:450][937]LogSpawn: Warning: SpawnActor failed because of collision at the spawn location [X=93.644 Y=-1660.286 Z=200.000] for [IceShard_C]
[2019.04.22-04.25.16:453][937]LogSpawn: Warning: SpawnActor failed because of collision at the spawn location [X=93.644 Y=-1660.286 Z=200.000] for [IceShard_C]
[2019.04.22-04.25.47:786][726]LogPackageName: SearchForPackageOnDisk took   1.178s to resolve MainMenu.umap.
[2019.04.22-04.25.48:998][726]LogPackageName: SearchForPackageOnDisk took   1.207s to resolve MainMenu.umap.
[2019.04.22-04.25.48:998][726]LogNet: Browse: /Game/Creations/Maps/MainMenu
[2019.04.22-04.25.48:998][726]LogLoad: LoadMap: /Game/Creations/Maps/MainMenu
[2019.04.22-04.25.48:998][726]LogNet: World NetDriver shutdown IpNetDriver_1 [GameNetDriver]
[2019.04.22-04.25.48:998][726]LogNet: DestroyNamedNetDriver IpNetDriver_1 [GameNetDriver]
[2019.04.22-04.25.48:998][726]LogNet: UNetConnection::Close: [UNetConnection] RemoteAddr: 158.104.224.69:7778, Name: IpConnection_1, Driver: GameNetDriver IpNetDriver_1, IsServer: NO, PC: mainPC_C_1, Owner: mainPC_C_1, Channels: 12, Time: 2019.04.22-04.25.48
[2019.04.22-04.25.48:999][726]LogNet: UChannel::Close: Sending CloseBunch. ChIndex == 0. Name: [UChannel] ChIndex: 0, Closing: 0 [UNetConnection] RemoteAddr: 158.104.224.69:7778, Name: IpConnection_1, Driver: GameNetDriver IpNetDriver_1, IsServer: NO, PC: mainPC_C_1, Owner: mainPC_C_1
[2019.04.22-04.25.48:999][726]LogExit: GameNetDriver IpNetDriver_1 shut down
[2019.04.22-04.25.49:062][726]LogAIModule: Creating AISystem for world MainMenu
[2019.04.22-04.25.49:063][726]LogLoad: Game class is 'MainGm_C'
[2019.04.22-04.25.49:065][726]LogWorld: Bringing World /Game/Creations/Maps/MainMenu.MainMenu up for play (max tick rate 0) at 2019.04.21-21.25.49
[2019.04.22-04.25.49:066][726]LogWorld: Bringing up level for play took: 0.001610
[2019.04.22-04.25.49:067][726]LogGameMode: FindPlayerStart: PATHS NOT DEFINED or NO PLAYERSTART with positive rating
[2019.04.22-04.25.49:074][726]LogLoad: Took 0.076351 seconds to LoadMap(/Game/Creations/Maps/MainMenu)
[2019.04.22-04.27.04:383][753]LogAudio: Warning: Waited 36.562744ms for audio thread.
[2019.04.22-04.27.04:409][753]LogAudio: Warning: Waited 63.093937ms for audio thread.
[2019.04.22-04.27.12:698][192]LogAudio: Warning: Waited 44.728283ms for audio thread.
[2019.04.22-04.27.15:684][350]LogAudio: Warning: Waited 52.082993ms for audio thread.
[2019.04.22-04.27.17:312][436]LogAudio: Warning: Waited 37.291859ms for audio thread.
[2019.04.22-04.27.18:161][480]LogAudio: Warning: Waited 40.014099ms for audio thread.
[2019.04.22-04.27.18:161][480]LogAudio: Warning: Waited 40.212666ms for audio thread.
[2019.04.22-04.27.20:195][576]LogAudio: Warning: Waited 36.581692ms for audio thread.
[2019.04.22-04.27.20:198][576]LogAudio: Warning: Waited 40.360302ms for audio thread.
[2019.04.22-04.27.35:331][370]LogAudio: Warning: Waited 38.817196ms for audio thread.
[2019.04.22-04.28.14:720][460]LogAudio: Warning: Waited 39.252220ms for audio thread.
[2019.04.22-04.28.33:972][497]LogAudio: Warning: Waited 45.925976ms for audio thread.
[2019.04.22-04.28.34:361][514]LogAudio: Warning: Waited 52.845661ms for audio thread.
[2019.04.22-04.28.35:119][550]LogAudio: Warning: Waited 44.818680ms for audio thread.
[2019.04.22-04.28.35:121][550]LogAudio: Warning: Waited 46.917995ms for audio thread.
[2019.04.22-04.28.39:525][764]LogAudio: Warning: Waited 39.666321ms for audio thread.
[2019.04.22-04.28.39:525][764]LogAudio: Warning: Waited 39.905937ms for audio thread.
[2019.04.22-04.28.40:424][808]LogAudio: Warning: Waited 49.333908ms for audio thread.
[2019.04.22-04.28.40:436][808]LogAudio: Warning: Waited 61.070019ms for audio thread.
[2019.04.22-04.28.51:623][397]LogAudio: Warning: Waited 45.300285ms for audio thread.
[2019.04.22-04.28.51:634][397]LogAudio: Warning: Waited 56.319519ms for audio thread.
[2019.04.22-04.28.52:858][459]LogAudio: Warning: Waited 41.782612ms for audio thread.
[2019.04.22-04.28.52:876][459]LogAudio: Warning: Waited 59.880222ms for audio thread.
[2019.04.22-04.28.52:921][460]LogAudio: Warning: Waited 36.649197ms for audio thread.
[2019.04.22-04.28.52:929][460]LogAudio: Warning: Waited 44.486298ms for audio thread.
[2019.04.22-04.29.03:347][  2]LogAudio: Warning: Waited 53.653728ms for audio thread.
[2019.04.22-04.29.03:364][  2]LogAudio: Warning: Waited 69.962311ms for audio thread.
[2019.04.22-04.29.03:421][  3]LogAudio: Warning: Waited 41.828007ms for audio thread.
[2019.04.22-04.29.03:421][  3]LogAudio: Warning: Waited 42.058151ms for audio thread.
[2019.04.22-04.29.18:155][763]LogAudio: Warning: Waited 38.351387ms for audio thread.
[2019.04.22-04.29.18:193][763]LogAudio: Warning: Waited 76.545654ms for audio thread.
[2019.04.22-04.29.18:219][763]LogAudio: Warning: Waited 102.956451ms for audio thread.
[2019.04.22-04.29.21:666][940]LogAudio: Warning: Waited 39.299988ms for audio thread.
[2019.04.22-04.29.22:654][993]LogAudio: Warning: Waited 43.911926ms for audio thread.
[2019.04.22-04.29.52:033][545]LogAudio: Warning: Waited 40.077263ms for audio thread.
[2019.04.22-04.29.53:801][625]LogAudio: Warning: Waited 44.872765ms for audio thread.
[2019.04.22-04.29.53:801][625]LogAudio: Warning: Waited 45.017639ms for audio thread.
[2019.04.22-04.29.53:973][631]LogAudio: Warning: Waited 40.252136ms for audio thread.
[2019.04.22-04.29.53:974][631]LogAudio: Warning: Waited 40.745586ms for audio thread.
[2019.04.22-04.30.14:195][684]LogAudio: Warning: Waited 42.009201ms for audio thread.
