Log file open, 04/13/19 14:46:16
LogWindows: Failed to load 'aqProf.dll' (GetLastError=126)
LogWindows: File 'aqProf.dll' does not exist
LogWindows: Failed to load 'VtuneApi.dll' (GetLastError=126)
LogWindows: File 'VtuneApi.dll' does not exist
LogWindows: Failed to load 'VtuneApi32e.dll' (GetLastError=126)
LogWindows: File 'VtuneApi32e.dll' does not exist
LogInit: Display: Running engine for game: Illuminate
LogPlatformFile: Not using cached read wrapper
LogInit: Display: RandInit(-1625206525) SRandInit(-1625206525).
LogInit: Read version file with build ID '3709383'
LogInit: Overriding engine version to CL 3794801, compatible CL 3709383
LogInit: Registered custom module enumerator with build ID '3709383'
LogTaskGraph: Started task graph with 5 named threads and 14 total threads with 3 sets of task threads.
LogStats: Stats thread started at 1.241666
LogPluginManager: Warning: Plugin 'AdvancedSessions' exists at '../../../../../../Users/lockw/OneDrive/Documents/Unreal Projects/Illuminate/Plugins/AdvancedSessions/AdvancedSessions.uplugin' and '../../../../../../Users/lockw/OneDrive/Documents/Unreal Projects/Illuminate/Plugins/AdvancedSessions.uplugin' - second location will be ignored
LogD3D11RHI: Aftermath initialized
LogModuleManager: Display: Found up-to-date module file ../../../Engine/Plugins/Online/OnlineSubsystemSteam/Binaries/Win64/UE4Editor-OnlineSubsystemSteam.dll (API version 3709383).
LogModuleManager: Display: Found up-to-date module file ../../../Engine/Plugins/Online/OnlineSubsystem/Binaries/Win64/UE4Editor-OnlineSubsystem.dll (API version 3709383).
LogModuleManager: Display: Found up-to-date module file ../../../Engine/Plugins/Online/OnlineSubsystemUtils/Binaries/Win64/UE4Editor-OnlineSubsystemUtils.dll (API version 3709383).
LogModuleManager: Display: Found up-to-date module file ../../../Engine/Plugins/Online/OnlineSubsystemUtils/Binaries/Win64/UE4Editor-OnlineBlueprintSupport.dll (API version 3709383).
LogModuleManager: Display: Found up-to-date module file ../../../Engine/Plugins/Online/OnlineFramework/Binaries/Win64/UE4Editor-Qos.dll (API version 3709383).
LogModuleManager: Display: Found up-to-date module file ../../../Engine/Plugins/Online/OnlineFramework/Binaries/Win64/UE4Editor-Party.dll (API version 3709383).
LogModuleManager: Display: Found up-to-date module file ../../../Engine/Plugins/Online/OnlineFramework/Binaries/Win64/UE4Editor-Lobby.dll (API version 3709383).
LogModuleManager: Display: Found up-to-date module file ../../../Engine/Plugins/Online/OnlineFramework/Binaries/Win64/UE4Editor-Hotfix.dll (API version 3709383).
LogModuleManager: Display: Found up-to-date module file ../../../Engine/Plugins/Online/OnlineFramework/Binaries/Win64/UE4Editor-Rejoin.dll (API version 3709383).
LogModuleManager: Display: Found up-to-date module file ../../../Engine/Plugins/Online/OnlineFramework/Binaries/Win64/UE4Editor-LoginFlow.dll (API version 3709383).
LogModuleManager: Display: Found up-to-date module file ../../../Engine/Plugins/2D/Paper2D/Binaries/Win64/UE4Editor-Paper2D.dll (API version 3709383).
LogModuleManager: Display: Found up-to-date module file ../../../Engine/Plugins/2D/Paper2D/Binaries/Win64/UE4Editor-Paper2DEditor.dll (API version 3709383).
LogModuleManager: Display: Found up-to-date module file ../../../Engine/Plugins/2D/Paper2D/Binaries/Win64/UE4Editor-PaperSpriteSheetImporter.dll (API version 3709383).
LogModuleManager: Display: Found up-to-date module file ../../../Engine/Plugins/2D/Paper2D/Binaries/Win64/UE4Editor-PaperTiledImporter.dll (API version 3709383).
LogModuleManager: Display: Found up-to-date module file ../../../Engine/Plugins/2D/Paper2D/Binaries/Win64/UE4Editor-SmartSnapping.dll (API version 3709383).
LogModuleManager: Display: Found up-to-date module file ../../../Engine/Plugins/Blendables/LightPropagationVolume/Binaries/Win64/UE4Editor-LightPropagationVolumeRuntime.dll (API version 3709383).
LogModuleManager: Display: Found up-to-date module file ../../../Engine/Plugins/Blendables/LightPropagationVolume/Binaries/Win64/UE4Editor-LightPropagationVolumeEditor.dll (API version 3709383).
LogModuleManager: Display: Found up-to-date module file ../../../Engine/Plugins/Developer/GitSourceControl/Binaries/Win64/UE4Editor-GitSourceControl.dll (API version 3709383).
LogModuleManager: Display: Found up-to-date module file ../../../Engine/Plugins/Developer/PerforceSourceControl/Binaries/Win64/UE4Editor-PerforceSourceControl.dll (API version 3709383).
LogModuleManager: Display: Found up-to-date module file ../../../Engine/Plugins/Developer/SubversionSourceControl/Binaries/Win64/UE4Editor-SubversionSourceControl.dll (API version 3709383).
LogModuleManager: Display: Found up-to-date module file ../../../Engine/Plugins/Developer/UObjectPlugin/Binaries/Win64/UE4Editor-UObjectPlugin.dll (API version 3709383).
LogModuleManager: Display: Found up-to-date module file ../../../Engine/Plugins/Developer/VisualStudioCodeSourceCodeAccess/Binaries/Win64/UE4Editor-VisualStudioCodeSourceCodeAccess.dll (API version 3709383).
LogModuleManager: Display: Found up-to-date module file ../../../Engine/Plugins/Developer/VisualStudioSourceCodeAccess/Binaries/Win64/UE4Editor-VisualStudioSourceCodeAccess.dll (API version 3709383).
LogModuleManager: Display: Found up-to-date module file ../../../Engine/Plugins/Editor/AssetManagerEditor/Binaries/Win64/UE4Editor-AssetManagerEditor.dll (API version 3709383).
LogModuleManager: Display: Found up-to-date module file ../../../Engine/Plugins/Editor/AudioCapture/Binaries/Win64/UE4Editor-AudioCapture.dll (API version 3709383).
LogModuleManager: Display: Found up-to-date module file ../../../Engine/Plugins/Editor/FacialAnimation/Binaries/Win64/UE4Editor-FacialAnimation.dll (API version 3709383).
LogModuleManager: Display: Found up-to-date module file ../../../Engine/Plugins/Editor/FacialAnimation/Binaries/Win64/UE4Editor-FacialAnimationEditor.dll (API version 3709383).
LogModuleManager: Display: Found up-to-date module file ../../../Engine/Plugins/Editor/GameplayTagsEditor/Binaries/Win64/UE4Editor-GameplayTagsEditor.dll (API version 3709383).
LogModuleManager: Display: Found up-to-date module file ../../../Engine/Plugins/Editor/MobileLauncherProfileWizard/Binaries/Win64/UE4Editor-MobileLauncherProfileWizard.dll (API version 3709383).
LogModuleManager: Display: Found up-to-date module file ../../../Engine/Plugins/Editor/PluginBrowser/Binaries/Win64/UE4Editor-PluginBrowser.dll (API version 3709383).
LogModuleManager: Display: Found up-to-date module file ../../../Engine/Plugins/Editor/SpeedTreeImporter/Binaries/Win64/UE4Editor-SpeedTreeImporter.dll (API version 3709383).
LogModuleManager: Display: Found up-to-date module file ../../../Engine/Plugins/Experimental/AlembicImporter/Binaries/Win64/UE4Editor-AlembicImporter.dll (API version 3709383).
LogModuleManager: Display: Found up-to-date module file ../../../Engine/Plugins/Experimental/AlembicImporter/Binaries/Win64/UE4Editor-AlembicLibrary.dll (API version 3709383).
LogModuleManager: Display: Found up-to-date module file ../../../Engine/Plugins/Experimental/CharacterAI/Binaries/Win64/UE4Editor-CharacterAI.dll (API version 3709383).
LogModuleManager: Display: Found up-to-date module file ../../../Engine/Plugins/Experimental/HTML5Networking/Binaries/Win64/UE4Editor-HTML5Networking.dll (API version 3709383).
LogModuleManager: Display: Found up-to-date module file ../../../Engine/Plugins/Media/AndroidMedia/Binaries/Win64/UE4Editor-AndroidMediaEditor.dll (API version 3709383).
LogModuleManager: Display: Found up-to-date module file ../../../Engine/Plugins/Media/AndroidMedia/Binaries/Win64/UE4Editor-AndroidMediaFactory.dll (API version 3709383).
LogModuleManager: Display: Found up-to-date module file ../../../Engine/Plugins/Media/AvfMedia/Binaries/Win64/UE4Editor-AvfMediaEditor.dll (API version 3709383).
LogModuleManager: Display: Found up-to-date module file ../../../Engine/Plugins/Media/AvfMedia/Binaries/Win64/UE4Editor-AvfMediaFactory.dll (API version 3709383).
LogModuleManager: Display: Found up-to-date module file ../../../Engine/Plugins/Media/AvfMedia/Binaries/Win64/UE4Editor-AvfMediaFactory.dll (API version 3709383).
LogModuleManager: Display: Found up-to-date module file ../../../Engine/Plugins/Media/ImgMedia/Binaries/Win64/UE4Editor-ImgMedia.dll (API version 3709383).
LogModuleManager: Display: Found up-to-date module file ../../../Engine/Plugins/Media/ImgMedia/Binaries/Win64/UE4Editor-ImgMediaEditor.dll (API version 3709383).
LogModuleManager: Display: Found up-to-date module file ../../../Engine/Plugins/Media/ImgMedia/Binaries/Win64/UE4Editor-ImgMediaFactory.dll (API version 3709383).
LogModuleManager: Display: Found up-to-date module file ../../../Engine/Plugins/Media/ImgMedia/Binaries/Win64/UE4Editor-ImgMediaFactory.dll (API version 3709383).
LogModuleManager: Display: Found up-to-date module file ../../../Engine/Plugins/Media/ImgMedia/Binaries/Win64/UE4Editor-OpenExrWrapper.dll (API version 3709383).
LogModuleManager: Display: Found up-to-date module file ../../../Engine/Plugins/Media/MediaCompositing/Binaries/Win64/UE4Editor-MediaCompositing.dll (API version 3709383).
LogModuleManager: Display: Found up-to-date module file ../../../Engine/Plugins/Media/MediaCompositing/Binaries/Win64/UE4Editor-MediaCompositingEditor.dll (API version 3709383).
LogModuleManager: Display: Found up-to-date module file ../../../Engine/Plugins/Media/MediaPlayerEditor/Binaries/Win64/UE4Editor-MediaPlayerEditor.dll (API version 3709383).
LogModuleManager: Display: Found up-to-date module file ../../../Engine/Plugins/Media/WmfMedia/Binaries/Win64/UE4Editor-WmfMedia.dll (API version 3709383).
LogModuleManager: Display: Found up-to-date module file ../../../Engine/Plugins/Media/WmfMedia/Binaries/Win64/UE4Editor-WmfMediaEditor.dll (API version 3709383).
LogModuleManager: Display: Found up-to-date module file ../../../Engine/Plugins/Media/WmfMedia/Binaries/Win64/UE4Editor-WmfMediaFactory.dll (API version 3709383).
LogModuleManager: Display: Found up-to-date module file ../../../Engine/Plugins/Media/WmfMedia/Binaries/Win64/UE4Editor-WmfMediaFactory.dll (API version 3709383).
LogModuleManager: Display: Found up-to-date module file ../../../Engine/Plugins/Messaging/TcpMessaging/Binaries/Win64/UE4Editor-TcpMessaging.dll (API version 3709383).
LogModuleManager: Display: Found up-to-date module file ../../../Engine/Plugins/Messaging/UdpMessaging/Binaries/Win64/UE4Editor-UdpMessaging.dll (API version 3709383).
LogModuleManager: Display: Found up-to-date module file ../../../Engine/Plugins/MovieScene/ActorSequence/Binaries/Win64/UE4Editor-ActorSequence.dll (API version 3709383).
LogModuleManager: Display: Found up-to-date module file ../../../Engine/Plugins/MovieScene/LevelSequenceEditor/Binaries/Win64/UE4Editor-LevelSequenceEditor.dll (API version 3709383).
LogModuleManager: Display: Found up-to-date module file ../../../Engine/Plugins/MovieScene/MatineeToLevelSequence/Binaries/Win64/UE4Editor-MatineeToLevelSequence.dll (API version 3709383).
LogModuleManager: Display: Found up-to-date module file ../../../Engine/Plugins/Runtime/AndroidPermission/Binaries/Win64/UE4Editor-AndroidPermission.dll (API version 3709383).
LogModuleManager: Display: Found up-to-date module file ../../../Engine/Plugins/Online/OnlineSubsystemNull/Binaries/Win64/UE4Editor-OnlineSubsystemNull.dll (API version 3709383).
LogModuleManager: Display: Found up-to-date module file ../../../Engine/Plugins/Runtime/AndroidDeviceProfileSelector/Binaries/Win64/UE4Editor-AndroidDeviceProfileSelector.dll (API version 3709383).
LogModuleManager: Display: Found up-to-date module file ../../../Engine/Plugins/Runtime/AppleARKit/Binaries/Win64/UE4Editor-AppleARKit.dll (API version 3709383).
LogModuleManager: Display: Found up-to-date module file ../../../Engine/Plugins/Runtime/ArchVisCharacter/Binaries/Win64/UE4Editor-ArchVisCharacter.dll (API version 3709383).
LogModuleManager: Display: Found up-to-date module file ../../../Engine/Plugins/Runtime/CableComponent/Binaries/Win64/UE4Editor-CableComponent.dll (API version 3709383).
LogModuleManager: Display: Found up-to-date module file ../../../Engine/Plugins/Runtime/CustomMeshComponent/Binaries/Win64/UE4Editor-CustomMeshComponent.dll (API version 3709383).
LogModuleManager: Display: Found up-to-date module file ../../../Engine/Plugins/Runtime/ExampleDeviceProfileSelector/Binaries/Win64/UE4Editor-ExampleDeviceProfileSelector.dll (API version 3709383).
LogModuleManager: Display: Found up-to-date module file ../../../Engine/Plugins/Runtime/ImmediatePhysics/Binaries/Win64/UE4Editor-ImmediatePhysics.dll (API version 3709383).
LogModuleManager: Display: Found up-to-date module file ../../../Engine/Plugins/Runtime/ImmediatePhysics/Binaries/Win64/UE4Editor-ImmediatePhysicsEditor.dll (API version 3709383).
LogModuleManager: Display: Found up-to-date module file ../../../Engine/Plugins/Runtime/LocationServicesBPLibrary/Binaries/Win64/UE4Editor-LocationServicesBPLibrary.dll (API version 3709383).
LogModuleManager: Display: Found up-to-date module file ../../../Engine/Plugins/Runtime/MobilePatchingUtils/Binaries/Win64/UE4Editor-MobilePatchingUtils.dll (API version 3709383).
LogModuleManager: Display: Found up-to-date module file ../../../Engine/Plugins/Runtime/Oculus/OculusVR/Binaries/Win64/UE4Editor-OculusHMD.dll (API version 3709383).
LogModuleManager: Display: Found up-to-date module file ../../../Engine/Plugins/Runtime/Oculus/OculusVR/Binaries/Win64/UE4Editor-OculusInput.dll (API version 3709383).
LogModuleManager: Display: Found up-to-date module file ../../../Engine/Plugins/Runtime/Oculus/OculusVR/Binaries/Win64/UE4Editor-OculusEditor.dll (API version 3709383).
LogModuleManager: Display: Found up-to-date module file ../../../Engine/Plugins/Runtime/PhysXVehicles/Binaries/Win64/UE4Editor-PhysXVehicles.dll (API version 3709383).
LogModuleManager: Display: Found up-to-date module file ../../../Engine/Plugins/Runtime/PhysXVehicles/Binaries/Win64/UE4Editor-PhysXVehiclesEditor.dll (API version 3709383).
LogModuleManager: Display: Found up-to-date module file ../../../Engine/Plugins/Runtime/ProceduralMeshComponent/Binaries/Win64/UE4Editor-ProceduralMeshComponent.dll (API version 3709383).
LogModuleManager: Display: Found up-to-date module file ../../../Engine/Plugins/Runtime/ProceduralMeshComponent/Binaries/Win64/UE4Editor-ProceduralMeshComponentEditor.dll (API version 3709383).
LogModuleManager: Display: Found up-to-date module file ../../../Engine/Plugins/Runtime/RuntimePhysXCooking/Binaries/Win64/UE4Editor-RuntimePhysXCooking.dll (API version 3709383).
LogModuleManager: Display: Found up-to-date module file ../../../Engine/Plugins/Runtime/Steam/SteamVR/Binaries/Win64/UE4Editor-SteamVR.dll (API version 3709383).
LogModuleManager: Display: Found up-to-date module file ../../../Engine/Plugins/Runtime/Steam/SteamVR/Binaries/Win64/UE4Editor-SteamVRController.dll (API version 3709383).
LogModuleManager: Display: Found up-to-date module file ../../../Engine/Plugins/Runtime/WindowsMoviePlayer/Binaries/Win64/UE4Editor-WindowsMoviePlayer.dll (API version 3709383).
LogModuleManager: Display: Found up-to-date module file ../../../../../../Users/lockw/OneDrive/Documents/Unreal Projects/Illuminate/Plugins/AdvancedSessions/Binaries/Win64/UE4Editor-AdvancedSessions.dll (API version 3709383).
LogModuleManager: Display: Found up-to-date module file ../../../../../../Users/lockw/OneDrive/Documents/Unreal Projects/Illuminate/Plugins/AdvancedSteamSessions/Binaries/Win64/UE4Editor-AdvancedSteamSessions.dll (API version 3709383).
LogPluginManager: Mounting plugin Paper2D
LogPluginManager: Mounting plugin LightPropagationVolume
LogPluginManager: Mounting plugin CodeLiteSourceCodeAccess
LogPluginManager: Mounting plugin GitSourceControl
LogPluginManager: Mounting plugin KDevelopSourceCodeAccess
LogPluginManager: Mounting plugin NullSourceCodeAccess
LogPluginManager: Mounting plugin PerforceSourceControl
LogPluginManager: Mounting plugin SubversionSourceControl
LogPluginManager: Mounting plugin UObjectPlugin
LogPluginManager: Mounting plugin VisualStudioCodeSourceCodeAccess
LogPluginManager: Mounting plugin VisualStudioSourceCodeAccess
LogPluginManager: Mounting plugin XCodeSourceCodeAccess
LogPluginManager: Mounting plugin AssetManagerEditor
LogPluginManager: Mounting plugin AudioCapture
LogPluginManager: Mounting plugin FacialAnimation
LogPluginManager: Mounting plugin GameplayTagsEditor
LogPluginManager: Mounting plugin MobileLauncherProfileWizard
LogPluginManager: Mounting plugin PluginBrowser
LogPluginManager: Mounting plugin SpeedTreeImporter
LogPluginManager: Mounting plugin AlembicImporter
LogPluginManager: Mounting plugin CharacterAI
LogPluginManager: Mounting plugin HTML5Networking
LogPluginManager: Mounting plugin AndroidMedia
LogPluginManager: Mounting plugin AvfMedia
LogPluginManager: Mounting plugin ImgMedia
LogPluginManager: Mounting plugin MediaCompositing
LogPluginManager: Mounting plugin MediaPlayerEditor
LogPluginManager: Mounting plugin WmfMedia
LogPluginManager: Mounting plugin TcpMessaging
LogPluginManager: Mounting plugin UdpMessaging
LogPluginManager: Mounting plugin ActorSequence
LogPluginManager: Mounting plugin LevelSequenceEditor
LogPluginManager: Mounting plugin MatineeToLevelSequence
LogPluginManager: Mounting plugin OnlineSubsystemGooglePlay
LogPluginManager: Mounting plugin OnlineSubsystemIOS
LogPluginManager: Mounting plugin OnlineFramework
LogPluginManager: Mounting plugin OnlineSubsystem
LogPluginManager: Mounting plugin OnlineSubsystemNull
LogPluginManager: Mounting plugin OnlineSubsystemSteam
LogPluginManager: Mounting plugin OnlineSubsystemUtils
LogPluginManager: Mounting plugin AndroidDeviceProfileSelector
LogPluginManager: Mounting plugin AndroidMoviePlayer
LogPluginManager: Mounting plugin AndroidPermission
LogPluginManager: Mounting plugin AppleARKit
LogPluginManager: Mounting plugin AppleMoviePlayer
LogPluginManager: Mounting plugin ArchVisCharacter
LogPluginManager: Mounting plugin CableComponent
LogPluginManager: Mounting plugin CustomMeshComponent
LogPluginManager: Mounting plugin ExampleDeviceProfileSelector
LogPluginManager: Mounting plugin GoogleCloudMessaging
LogPluginManager: Mounting plugin ImmediatePhysics
LogPluginManager: Mounting plugin IOSDeviceProfileSelector
LogPluginManager: Mounting plugin LinuxDeviceProfileSelector
LogPluginManager: Mounting plugin LocationServicesBPLibrary
LogPluginManager: Mounting plugin MobilePatchingUtils
LogPluginManager: Mounting plugin OculusVR
LogPluginManager: Plugin shader directory ../../../Engine/Plugins/Runtime/Oculus/OculusVR/Shaders found
LogPluginManager: Mapping shader source directory ../../../Engine/Plugins/Runtime/Oculus/OculusVR/Shaders to virtual directory /Plugin/OculusVR
LogPluginManager: Mounting plugin PhysXVehicles
LogPluginManager: Mounting plugin ProceduralMeshComponent
LogPluginManager: Mounting plugin RuntimePhysXCooking
LogPluginManager: Mounting plugin SteamVR
LogPluginManager: Mounting plugin WindowsMoviePlayer
LogPluginManager: Mounting plugin AdvancedSessions
LogPluginManager: Mounting plugin AdvancedSteamSessions
LogInit: Using libcurl 7.47.1
LogInit:  - built for x86_64-pc-win32
LogInit:  - supports SSL with OpenSSL/1.0.2g
LogInit:  - supports HTTP deflate (compression) using libz 1.2.8
LogInit:  - other features:
LogInit:      CURL_VERSION_SSL
LogInit:      CURL_VERSION_LIBZ
LogInit:      CURL_VERSION_IPV6
LogInit:      CURL_VERSION_ASYNCHDNS
LogInit:      CURL_VERSION_LARGEFILE
LogInit:      CURL_VERSION_IDN
LogInit:  CurlRequestOptions (configurable via config and command line):
LogInit:  - bVerifyPeer = false  - Libcurl will NOT verify peer certificate
LogInit:  - bUseHttpProxy = false  - Libcurl will NOT use HTTP proxy
LogInit:  - bDontReuseConnections = false  - Libcurl will reuse connections
LogInit:  - CertBundlePath = nullptr  - Libcurl will use whatever was configured at build time.
LogOnline: Display: STEAM: Loading Steam SDK 1.39
LogOnline: Warning: STEAM: Steam API disabled!
LogOnline: Display: STEAM: OnlineSubsystemSteam::Shutdown()
LogInit: WinSock: version 1.1 (2.2), MaxSocks=32767, MaxUdp=65467
LogInit: Build: ++UE4+Release-4.18-CL-3794801
LogInit: Engine Version: 4.18.2-3794801+++UE4+Release-4.18
LogInit: Compatible Engine Version: 4.18.0-3709383+++UE4+Release-4.18
LogInit: Net CL: 3709383
LogDevObjectVersion: Number of dev versions registered: 16
LogDevObjectVersion:   Dev-Blueprints (B0D832E4-1F89-4F0D-ACCF-7EB736FD4AA2): 10
LogDevObjectVersion:   Dev-Build (E1C64328-A22C-4D53-A36C-8E866417BD8C): 0
LogDevObjectVersion:   Dev-Core (375EC13C-06E4-48FB-B500-84F0262A717E): 2
LogDevObjectVersion:   Dev-Editor (E4B068ED-F494-42E9-A231-DA0B2E46BB41): 20
LogDevObjectVersion:   Dev-Framework (CFFC743F-43B0-4480-9391-14DF171D2073): 30
LogDevObjectVersion:   Dev-Mobile (B02B49B5-BB20-44E9-A304-32B752E40360): 0
LogDevObjectVersion:   Dev-Networking (A4E4105C-59A1-49B5-A7C5-40C4547EDFEE): 0
LogDevObjectVersion:   Dev-Online (39C831C9-5AE6-47DC-9A44-9C173E1C8E7C): 0
LogDevObjectVersion:   Dev-Physics (78F01B33-EBEA-4F98-B9B4-84EACCB95AA2): 0
LogDevObjectVersion:   Dev-Platform (6631380F-2D4D-43E0-8009-CF276956A95A): 0
LogDevObjectVersion:   Dev-Rendering (12F88B9F-8875-4AFC-A67C-D90C383ABD29): 20
LogDevObjectVersion:   Dev-Sequencer (7B5AE74C-D270-4C10-A958-57980B212A5A): 4
LogDevObjectVersion:   Dev-VR (D7296918-1DD6-4BDD-9DE2-64A83CC13884): 0
LogDevObjectVersion:   Dev-LoadTimes (C2A15278-BFE7-4AFE-6C17-90FF531DF755): 1
LogDevObjectVersion:   Private-Geometry (6EACA3D4-40EC-4CC1-B786-8BED09428FC5): 1
LogDevObjectVersion:   Dev-AnimPhys (29E575DD-E0A3-4627-9D10-D276232CDCEA): 12
LogInit: Compiled (64-bit): Dec  8 2017 02:04:53
LogInit: Compiled with Visual C++: 19.00.24215.01
LogInit: Build Configuration: Development
LogInit: Branch Name: ++UE4+Release-4.18
LogInit: Command line:  
LogInit: Base directory: C:/Program Files/Epic Games/UE_4.18/Engine/Binaries/Win64/
LogInit: Installed Engine Build: 1
LogInit: Presizing for max 8388607 objects, including 0 objects not considered by GC, pre-allocating 0 bytes for permanent pool.
LogInit: Object subsystem initialized
[2019.04.13-21.46.25:038][  0]LogInit: Selected Device Profile: [Windows]
[2019.04.13-21.46.25:038][  0]LogInit: Applying CVar settings loaded from the selected device profile: [Windows]
[2019.04.13-21.46.25:185][  0]LogInit: Computer: MSI
[2019.04.13-21.46.25:185][  0]LogInit: User: Alex
[2019.04.13-21.46.25:185][  0]LogInit: CPU Page size=4096, Cores=4
[2019.04.13-21.46.25:185][  0]LogInit: High frequency timer resolution =2.533207 MHz
[2019.04.13-21.46.25:185][  0]LogMemory: Memory total: Physical=15.9GB (16GB approx)
[2019.04.13-21.46.25:185][  0]LogMemory: Platform Memory Stats for Windows
[2019.04.13-21.46.25:185][  0]LogMemory: Process Physical Memory: 275.49 MB used, 275.49 MB peak
[2019.04.13-21.46.25:185][  0]LogMemory: Process Virtual Memory: 274.19 MB used, 274.19 MB peak
[2019.04.13-21.46.25:185][  0]LogMemory: Physical Memory: 8807.33 MB used,  7466.00 MB free, 16273.34 MB total
[2019.04.13-21.46.25:185][  0]LogMemory: Virtual Memory: 4788.92 MB used,  7466.00 MB free, 134217728.00 MB total
[2019.04.13-21.46.27:928][  0]LogInit: Using OS detected language (en-US).
[2019.04.13-21.46.27:928][  0]LogInit: Using OS detected locale (en-US).
[2019.04.13-21.46.28:179][  0]LogTextLocalizationManager: No specific localization for 'en-US' exists, so the 'en' localization will be used.
[2019.04.13-21.46.30:702][  0]LogInit: Setting process to per monitor DPI aware
[2019.04.13-21.46.45:924][  0]LogD3D11RHI: D3D11 adapters:
[2019.04.13-21.46.46:014][  0]LogD3D11RHI:    0. 'NVIDIA GeForce GTX 965M' (Feature Level 11_0)
[2019.04.13-21.46.46:014][  0]LogD3D11RHI:       2010/0/8136 MB DedicatedVideo/DedicatedSystem/SharedSystem, Outputs:1, VendorId:0x10de
[2019.04.13-21.46.46:072][  0]LogD3D11RHI:    1. 'Intel(R) HD Graphics 4600' (Feature Level 11_0)
[2019.04.13-21.46.46:072][  0]LogD3D11RHI:       112/0/2048 MB DedicatedVideo/DedicatedSystem/SharedSystem, Outputs:0, VendorId:0x8086
[2019.04.13-21.46.46:076][  0]LogD3D11RHI:    2. 'Microsoft Basic Render Driver' (Feature Level 11_0)
[2019.04.13-21.46.46:076][  0]LogD3D11RHI:       0/0/8136 MB DedicatedVideo/DedicatedSystem/SharedSystem, Outputs:0, VendorId:0x1414
[2019.04.13-21.46.46:076][  0]LogD3D11RHI: Chosen D3D11 Adapter: 0
[2019.04.13-21.46.46:113][  0]LogD3D11RHI: Creating new Direct3DDevice
[2019.04.13-21.46.46:123][  0]LogD3D11RHI:     GPU DeviceId: 0x13d9 (for the marketing name, search the web for "GPU Device Id")
[2019.04.13-21.46.46:123][  0]LogWindows: EnumDisplayDevices:
[2019.04.13-21.46.46:123][  0]LogWindows:    0. 'Intel(R) HD Graphics 4600' (P:1 D:1)
[2019.04.13-21.46.46:124][  0]LogWindows:    1. 'Intel(R) HD Graphics 4600' (P:0 D:0)
[2019.04.13-21.46.46:124][  0]LogWindows:    2. 'Intel(R) HD Graphics 4600' (P:0 D:0)
[2019.04.13-21.46.46:124][  0]LogWindows: DebugString: GetVideoDriverDetailsInvalid PrimaryIsNotTheChoosenAdapter GetVideoDriverDetailsInvalid PrimaryIsNotTheChoosenAdapter GetVideoDriverDetailsInvalid PrimaryIsNotTheChoosenAdapter FoundDriverCount:0 
[2019.04.13-21.46.46:125][  0]LogD3D11RHI:     Adapter Name: NVIDIA GeForce GTX 965M
[2019.04.13-21.46.46:125][  0]LogD3D11RHI:   Driver Version: Unknown (internal:Unknown, unified:Unknown)
[2019.04.13-21.46.46:125][  0]LogD3D11RHI:      Driver Date: Unknown
[2019.04.13-21.46.46:125][  0]LogRHI: Texture pool is 1407 MB (70% of 2010 MB)
[2019.04.13-21.46.46:322][  0]LogD3D11RHI: Async texture creation enabled
[2019.04.13-21.46.46:463][  0]LogD3D11RHI: GPU Timing Frequency: 1000.000000 (Debug: 2 2)
[2019.04.13-21.46.46:508][  0]LogShaderCompilers: Guid format shader working directory is -30 characters bigger than the processId version (../../../../../../Users/lockw/OneDrive/Documents/Unreal Projects/Illuminate/Intermediate/Shaders/WorkingDirectory/13264/).
[2019.04.13-21.46.46:509][  0]LogShaderCompilers: Cleaned the shader compiler working directory 'C:/Users/lockw/AppData/Local/Temp/UnrealShaderWorkingDir/947D003D449CF3E0FD26C89025B74B31/'.
[2019.04.13-21.46.46:509][  0]LogShaderCompilers: Display: Using Local Shader Compiler.
[2019.04.13-21.46.57:301][  0]LogTemp: Display: Loaded TP AllDesktopTargetPlatform
[2019.04.13-21.46.57:450][  0]LogTemp: Display: Loaded TP MacClientTargetPlatform
[2019.04.13-21.46.57:600][  0]LogTemp: Display: Loaded TP MacNoEditorTargetPlatform
[2019.04.13-21.46.57:741][  0]LogTemp: Display: Loaded TP MacServerTargetPlatform
[2019.04.13-21.46.57:962][  0]LogTemp: Display: Loaded TP MacTargetPlatform
[2019.04.13-21.46.58:128][  0]LogTemp: Display: Loaded TP WindowsClientTargetPlatform
[2019.04.13-21.46.58:276][  0]LogTemp: Display: Loaded TP WindowsNoEditorTargetPlatform
[2019.04.13-21.46.58:424][  0]LogTemp: Display: Loaded TP WindowsServerTargetPlatform
[2019.04.13-21.46.58:709][  0]LogTemp: Display: Loaded TP WindowsTargetPlatform
[2019.04.13-21.46.58:899][  0]LogTemp: Display: Loaded TP Android_ASTCTargetPlatform
[2019.04.13-21.46.59:065][  0]LogTemp: Display: Loaded TP Android_ATCTargetPlatform
[2019.04.13-21.46.59:211][  0]LogTemp: Display: Loaded TP Android_DXTTargetPlatform
[2019.04.13-21.46.59:358][  0]LogTemp: Display: Loaded TP Android_ETC1TargetPlatform
[2019.04.13-21.46.59:537][  0]LogTemp: Display: Loaded TP Android_ETC2TargetPlatform
[2019.04.13-21.46.59:863][  0]LogTemp: Display: Loaded TP Android_MultiTargetPlatform
[2019.04.13-21.46.59:863][  0]LogTemp: Display: Loaded TP Android_PVRTCTargetPlatform
[2019.04.13-21.47.00:179][  0]LogTemp: Display: Loaded TP AndroidTargetPlatform
[2019.04.13-21.47.00:319][  0]LogTemp: Display: Loaded TP HTML5TargetPlatform
[2019.04.13-21.47.00:656][  0]LogTemp: Display: Loaded TP IOSTargetPlatform
[2019.04.13-21.47.00:751][  0]LogTemp: Display: Loaded TP TVOSTargetPlatform
[2019.04.13-21.47.00:985][  0]LogTemp: Display: Loaded TP LinuxClientTargetPlatform
[2019.04.13-21.47.01:120][  0]LogTemp: Display: Loaded TP LinuxNoEditorTargetPlatform
[2019.04.13-21.47.01:263][  0]LogTemp: Display: Loaded TP LinuxServerTargetPlatform
[2019.04.13-21.47.01:433][  0]LogTemp: Display: Loaded TP LinuxTargetPlatform
[2019.04.13-21.47.01:433][  0]LogTargetPlatformManager: Display: Building Assets For Windows
[2019.04.13-21.47.04:618][  0]LogDerivedDataCache: Display: Max Cache Size: 512 MB
[2019.04.13-21.47.09:937][  0]LogDerivedDataCache: Loaded boot cache 5.30s 78MB C:/Users/lockw/AppData/Local/UnrealEngine/4.18/DerivedDataCache/Boot.ddc.
[2019.04.13-21.47.09:937][  0]LogDerivedDataCache: Display: Loaded Boot cache: C:/Users/lockw/AppData/Local/UnrealEngine/4.18/DerivedDataCache/Boot.ddc
[2019.04.13-21.47.09:937][  0]LogDerivedDataCache: FDerivedDataBackendGraph:  Pak pak cache file ../../../../../../Users/lockw/OneDrive/Documents/Unreal Projects/Illuminate/DerivedDataCache/DDC.ddp not found, will not use a pak cache.
[2019.04.13-21.47.09:937][  0]LogDerivedDataCache: Unable to find inner node Pak for hierarchical cache Hierarchy.
[2019.04.13-21.47.09:937][  0]LogDerivedDataCache: FDerivedDataBackendGraph:  CompressedPak pak cache file ../../../../../../Users/lockw/OneDrive/Documents/Unreal Projects/Illuminate/DerivedDataCache/Compressed.ddp not found, will not use a pak cache.
[2019.04.13-21.47.09:937][  0]LogDerivedDataCache: Unable to find inner node CompressedPak for hierarchical cache Hierarchy.
[2019.04.13-21.47.10:002][  0]LogDerivedDataCache: Display: Pak cache opened for reading ../../../Engine/DerivedDataCache/Compressed.ddp.
[2019.04.13-21.47.10:015][  0]LogDerivedDataCache: Using Local data cache path C:/Users/lockw/AppData/Local/UnrealEngine/Common/DerivedDataCache: Writable
[2019.04.13-21.47.10:030][  0]LogMaterial: Verifying Global Shaders for PCD3D_SM5
[2019.04.13-21.47.10:030][  0]LogSlate: Using Freetype 2.6.0
[2019.04.13-21.47.10:060][  0]LogSlate: SlateFontCache - WITH_FREETYPE: 1, WITH_HARFBUZZ: 1
[2019.04.13-21.47.10:060][  0]LogSlate: SlateFontCache - WITH_FREETYPE: 1, WITH_HARFBUZZ: 1
[2019.04.13-21.47.21:738][  0]LogInit: Selected Device Profile: [Windows]
[2019.04.13-21.47.24:456][  0]LogSimplygon: Simplygon DLL not present - disabling.
[2019.04.13-21.47.24:593][  0]LogMeshReduction: Using SimplygonSwarm for distributed automatic mesh merging
[2019.04.13-21.47.24:605][  0]LogMeshReduction: Using QuadricMeshReduction for automatic static mesh reduction
[2019.04.13-21.47.24:605][  0]LogMeshReduction: No automatic skeletal mesh reduction module available
[2019.04.13-21.47.24:605][  0]LogMeshReduction: No automatic mesh merging module available
[2019.04.13-21.47.24:605][  0]LogMeshMerging: No automatic mesh merging module available
[2019.04.13-21.47.24:844][  0]LogNetVersion: Illuminate , NetCL: 3709383, EngineNetVer: 2, GameNetVer: 0 (Checksum: 1556659199)
[2019.04.13-21.47.27:291][  0]LogAssetRegistry: FAssetRegistry took 0.0431 seconds to start up
[2019.04.13-21.47.33:498][  0]LogPackageLocalizationCache: Processed 7 localized package path(s) for 2 prioritized culture(s) in 0.103908 seconds
[2019.04.13-21.47.33:507][  0]LogUObjectArray: 35907 objects as part of root set at end of initial load.
[2019.04.13-21.47.33:507][  0]LogUObjectAllocator: 7585960 out of 0 bytes used by permanent object pool.
[2019.04.13-21.47.33:507][  0]LogUObjectArray: CloseDisregardForGC: 0/0 objects in disregard for GC pool
[2019.04.13-21.48.28:515][  0]LogTcpMessaging: Initializing TcpMessaging bridge
[2019.04.13-21.48.28:616][  0]LogUdpMessaging: Initializing bridge on interface 0.0.0.0:0 to multicast group 230.0.0.1:6666.
[2019.04.13-21.48.32:380][  0]LogMaterial: Uniform references updated for custom material expression Custom.
[2019.04.13-21.48.34:291][  0]SourceControl: Source control is disabled
[2019.04.13-21.48.44:054][  0]LogAndroidPermission: UAndroidPermissionCallbackProxy::GetInstance
[2019.04.13-21.48.44:979][  0]LogOcInput: OculusInput pre-init called
[2019.04.13-21.48.46:053][  0]LogEngine: Initializing Engine...
[2019.04.13-21.48.46:127][  0]LogHMD: Failed to initialize OpenVR with code 110
[2019.04.13-21.48.47:712][  0]LogStats: UGameplayTagsManager::ConstructGameplayTagTree: Construct from data asset -  0.000 s
[2019.04.13-21.48.47:712][  0]LogStats: UGameplayTagsManager::ConstructGameplayTagTree: GameplayTagTreeChangedEvent.Broadcast -  0.000 s
[2019.04.13-21.48.48:191][  0]LogAIModule: Creating AISystem for world Untitled
[2019.04.13-21.48.48:221][  0]LogInit: XAudio2 using 'Speakers (Realtek High Definition Audio)' : 6 channels at 48 kHz using 32 bits per sample (channel mask 0x3f)
[2019.04.13-21.48.48:324][  0]LogInit: FAudioDevice initialized.
[2019.04.13-21.48.49:845][  0]LogDerivedDataCache: Saved boot cache 1.52s 78MB C:/Users/lockw/AppData/Local/UnrealEngine/4.18/DerivedDataCache/Boot.ddc.
[2019.04.13-21.48.49:870][  0]LogInit: Texture streaming: Enabled
[2019.04.13-21.48.50:559][  0]LogEngineSessionManager: EngineSessionManager initialized
[2019.04.13-21.48.51:419][  0]LogInit: Transaction tracking system initialized
[2019.04.13-21.48.54:206][  0]BlueprintLog: New page: Editor Load
[2019.04.13-21.48.58:644][  0]LocalizationService: Localization service is disabled
[2019.04.13-21.49.02:168][  0]LogConsoleResponse: Display: 
[2019.04.13-21.49.04:841][  0]LogCook: Display: Max memory allowance for cook 16384mb min free memory 0mb
[2019.04.13-21.49.04:841][  0]LogCook: Display: Mobile HDR setting 1
[2019.04.13-21.49.04:861][  0]LogGameplayTags: Display: UGameplayTagsManager::DoneAddingNativeTags. DelegateIsBound: 0
[2019.04.13-21.49.05:526][  0]LogFileCache: Scanning file cache for directory 'C:/Users/lockw/OneDrive/Documents/Unreal Projects/Illuminate/Content/' took 0.12s
[2019.04.13-21.49.10:589][  0]Cmd: MAP LOAD FILE="../../../../../../Users/lockw/OneDrive/Documents/Unreal Projects/Illuminate/Content/Creations/Maps/MainMenu.umap" TEMPLATE=0 SHOWPROGRESS=1 FEATURELEVEL=3
[2019.04.13-21.49.10:664][  0]LightingResults: New page: Lighting Build
[2019.04.13-21.49.10:813][  0]MapCheck: New page: Map Check
[2019.04.13-21.49.10:813][  0]LightingResults: New page: Lighting Build
[2019.04.13-21.49.31:732][  0]LogAIModule: Creating AISystem for world MainMenu
[2019.04.13-21.49.31:769][  0]LogEditorServer: Finished looking for orphan Actors (0.000 secs)
[2019.04.13-21.49.31:796][  0]Cmd: MAP CHECKDEP NOCLEARLOG
[2019.04.13-21.49.31:973][  0]MapCheck: Map check complete: 0 Error(s), 0 Warning(s), took 176.887ms to complete.
[2019.04.13-21.49.31:973][  0]LogFileHelpers: Loading map 'MainMenu' took 21.384
[2019.04.13-21.49.33:446][  0]LogCollectionManager: Loaded 0 collections in 0.005036 seconds
[2019.04.13-21.49.33:708][  0]LogFileCache: Scanning file cache for directory 'C:/Users/lockw/OneDrive/Documents/Unreal Projects/Illuminate/Saved/Collections/' took 0.01s
[2019.04.13-21.49.33:708][  0]LogFileCache: Scanning file cache for directory 'C:/Users/lockw/OneDrive/Documents/Unreal Projects/Illuminate/Content/Developers/Alex/Collections/' took 0.01s
[2019.04.13-21.49.33:708][  0]LogFileCache: Scanning file cache for directory 'C:/Users/lockw/OneDrive/Documents/Unreal Projects/Illuminate/Content/Collections/' took 0.01s
[2019.04.13-21.49.33:709][  0]LogCollectionManager: Rebuilt the GUID cache for 0 collections in 0.000000 seconds
[2019.04.13-21.49.33:738][  0]LogContentBrowser: Native class hierarchy populated in 0.0289 seconds. Added 2403 classes and 540 folders.
[2019.04.13-21.49.34:080][  0]LogContentBrowser: Native class hierarchy updated for 'WidgetCarousel' in 0.0009 seconds. Added 0 classes and 0 folders.
[2019.04.13-21.49.37:166][  0]LogContentBrowser: Native class hierarchy updated for 'AddContentDialog' in 0.0003 seconds. Added 0 classes and 0 folders.
[2019.04.13-21.49.37:537][  0]LogSlate: Took 0.054838 seconds to synchronously load lazily loaded font '../../../Engine/Content/Slate/Fonts/Roboto-Regular.ttf' (155K)
[2019.04.13-21.49.37:564][  0]LogSlate: Took 0.025933 seconds to synchronously load lazily loaded font '../../../Engine/Content/Slate/Fonts/Roboto-Bold.ttf' (160K)
[2019.04.13-21.49.37:615][  0]LogSlate: Took 0.045700 seconds to synchronously load lazily loaded font '../../../Engine/Content/Editor/Slate/Fonts/FontAwesome.ttf' (139K)
[2019.04.13-21.49.38:172][  0]LogRenderer: Reallocating scene render targets to support 1180x592 Format 10 NumSamples 1 (Frame:1).
[2019.04.13-21.49.39:321][  0]LogContentBrowser: Native class hierarchy updated for 'HierarchicalLODOutliner' in 0.0004 seconds. Added 1 classes and 2 folders.
[2019.04.13-21.49.39:321][  0]LogLoad: (Engine Initialization) Total time: 211.04 seconds
[2019.04.13-21.49.39:321][  0]LogLoad: (Engine Initialization) Total Blueprint compile time: 0.00 seconds
[2019.04.13-21.49.39:321][  0]LogExternalProfiler: Found external profiler: VSPerf
[2019.04.13-21.49.39:321][  0]LogExternalProfiler: Using external profiler: VSPerf
[2019.04.13-21.49.39:787][  0]SourceControl: On branch master
[2019.04.13-21.49.39:787][  0]SourceControl: Changes not staged for commit:
[2019.04.13-21.49.39:787][  0]SourceControl:   (use "git add/rm <file>..." to update what will be committed)
[2019.04.13-21.49.39:787][  0]SourceControl:   (use "git checkout -- <file>..." to discard changes in working directory)
[2019.04.13-21.49.39:787][  0]SourceControl: 	modified:   Illuminate/Saved/Autosaves/PackageRestoreData.json
[2019.04.13-21.49.39:787][  0]SourceControl: 	deleted:    Illuminate/Saved/Config/CrashReportClient/UE4CC-Windows-04400C9243FBEC0D000C0DAC301B9C01/CrashReportClient.ini
[2019.04.13-21.49.39:787][  0]SourceControl: 	deleted:    Illuminate/Saved/Config/CrashReportClient/UE4CC-Windows-1AAA755A4D5D676E09B7F09C8BB8D918/CrashReportClient.ini
[2019.04.13-21.49.39:787][  0]SourceControl: 	deleted:    Illuminate/Saved/Config/CrashReportClient/UE4CC-Windows-1F51494C43A58F8BE5DE7FBB99D67F49/CrashReportClient.ini
[2019.04.13-21.49.39:787][  0]SourceControl: 	deleted:    Illuminate/Saved/Config/CrashReportClient/UE4CC-Windows-2C49C1CA4C36CDD0D7207A8298E22D91/CrashReportClient.ini
[2019.04.13-21.49.39:788][  0]SourceControl: 	deleted:    Illuminate/Saved/Config/CrashReportClient/UE4CC-Windows-4060B53C45B8E439A6157C8D29F81908/CrashReportClient.ini
[2019.04.13-21.49.39:788][  0]SourceControl: 	deleted:    Illuminate/Saved/Config/CrashReportClient/UE4CC-Windows-4521518A410ADBF5A3705C8A3E6FAE0E/CrashReportClient.ini
[2019.04.13-21.49.39:788][  0]SourceControl: 	deleted:    Illuminate/Saved/Config/CrashReportClient/UE4CC-Windows-7C3C0137455991CCF75BBB9242526A12/CrashReportClient.ini
[2019.04.13-21.49.39:788][  0]SourceControl: 	deleted:    Illuminate/Saved/Config/CrashReportClient/UE4CC-Windows-910E19294422D17BCD0995AA1B2060C4/CrashReportClient.ini
[2019.04.13-21.49.39:788][  0]SourceControl: 	deleted:    Illuminate/Saved/Config/CrashReportClient/UE4CC-Windows-B10B04AE4301343605EBE3B37A274AF8/CrashReportClient.ini
[2019.04.13-21.49.39:788][  0]SourceControl: 	deleted:    Illuminate/Saved/Config/CrashReportClient/UE4CC-Windows-C0E3D04B4AD292EBF8086887E214916A/CrashReportClient.ini
[2019.04.13-21.49.39:788][  0]SourceControl: 	deleted:    Illuminate/Saved/Config/CrashReportClient/UE4CC-Windows-C735E7144ABEE32E1AA13D92A3D1CDD8/CrashReportClient.ini
[2019.04.13-21.49.39:788][  0]SourceControl: 	deleted:    Illuminate/Saved/Config/CrashReportClient/UE4CC-Windows-D4E6E49B4A4A4B1CC5353BBDAC352ECE/CrashReportClient.ini
[2019.04.13-21.49.39:788][  0]SourceControl: 	deleted:    Illuminate/Saved/Config/CrashReportClient/UE4CC-Windows-E28A152543ADDED33B64E8B3D64A002F/CrashReportClient.ini
[2019.04.13-21.49.39:788][  0]SourceControl: 	modified:   Illuminate/Saved/Config/Windows/Editor.ini
[2019.04.13-21.49.39:788][  0]SourceControl: 	modified:   Illuminate/Saved/Config/Windows/EditorPerProjectUserSettings.ini
[2019.04.13-21.49.39:788][  0]SourceControl: 	modified:   Illuminate/Saved/Config/Windows/Engine.ini
[2019.04.13-21.49.39:788][  0]SourceControl: 	deleted:    Illuminate/Saved/Logs/Illuminate-backup-2019.04.06-21.39.19.log
[2019.04.13-21.49.39:788][  0]SourceControl: 	deleted:    Illuminate/Saved/Logs/Illuminate-backup-2019.04.06-22.59.10.log
[2019.04.13-21.49.39:788][  0]SourceControl: 	deleted:    Illuminate/Saved/Logs/Illuminate-backup-2019.04.07-17.17.34.log
[2019.04.13-21.49.39:788][  0]SourceControl: 	modified:   Illuminate/Saved/Logs/Illuminate.log
[2019.04.13-21.49.39:788][  0]SourceControl: Untracked files:
[2019.04.13-21.49.39:788][  0]SourceControl:   (use "git add <file>..." to include in what will be committed)
[2019.04.13-21.49.39:788][  0]SourceControl: 	Illuminate/Saved/Config/CrashReportClient/UE4CC-Windows-318BEE9349BFE2263D2497A41053B1BD/
[2019.04.13-21.49.39:788][  0]SourceControl: 	Illuminate/Saved/Config/CrashReportClient/UE4CC-Windows-AD23F3B448227E66E6D423AD3E0CE805/
[2019.04.13-21.49.39:788][  0]SourceControl: 	Illuminate/Saved/Logs/Illuminate-backup-2019.04.12-16.49.04.log
[2019.04.13-21.49.39:788][  0]SourceControl: 	Illuminate/Saved/Logs/Illuminate-backup-2019.04.13-14.46.15.log
[2019.04.13-21.49.39:788][  0]SourceControl: no changes added to commit (use "git add" and/or "git commit -a")
[2019.04.13-21.49.39:788][  0]LogContentStreaming: Texture pool size now 1000 MB
[2019.04.13-21.49.40:158][  1]LogSlate: Took 0.038999 seconds to synchronously load lazily loaded font '../../../Engine/Content/Slate/Fonts/Roboto-Light.ttf' (159K)
[2019.04.13-21.49.40:746][  3]LogAssetRegistry: Asset discovery search completed in 133.4765 seconds
[2019.04.13-21.49.40:751][  3]LogCollectionManager: Rebuilt the object cache for 0 collections in 0.000001 seconds (found 0 objects)
[2019.04.13-21.49.40:751][  3]LogCollectionManager: Fixed up redirectors for 0 collections in 0.000140 seconds (updated 0 objects)
[2019.04.13-21.58.04:600][686]Cmd: QUIT_EDITOR
[2019.04.13-21.58.04:800][686]LogExit: Preparing to exit.
[2019.04.13-21.58.05:941][686]LogDirectoryWatcher: A directory notification for 'C:/Users/lockw/OneDrive/Documents/Unreal Projects/Illuminate/Content/' was aborted.
[2019.04.13-21.58.05:992][686]LogExit: Editor shut down
[2019.04.13-21.58.06:008][686]LogExit: Transaction tracking system shut down
[2019.04.13-21.58.06:251][686]LogDirectoryWatcher: A directory notification for '../../../Engine/Content/' was aborted.
[2019.04.13-21.58.06:252][686]LogDirectoryWatcher: A directory notification for '../../../../../../Users/lockw/OneDrive/Documents/Unreal Projects/Illuminate/Content/' was aborted.
[2019.04.13-21.58.06:252][686]LogDirectoryWatcher: A directory notification for '../../../Engine/Plugins/2D/Paper2D/Content/' was aborted.
[2019.04.13-21.58.06:252][686]LogDirectoryWatcher: A directory notification for '../../../Engine/Plugins/Media/MediaCompositing/Content/' was aborted.
[2019.04.13-21.58.06:252][686]LogDirectoryWatcher: A directory notification for '../../../Engine/Plugins/Runtime/AppleARKit/Content/' was aborted.
[2019.04.13-21.58.06:252][686]LogDirectoryWatcher: A directory notification for '../../../Engine/Plugins/Runtime/Oculus/OculusVR/Content/' was aborted.
[2019.04.13-21.58.06:252][686]LogDirectoryWatcher: A directory notification for '../../../Engine/Plugins/Runtime/Steam/SteamVR/Content/' was aborted.
[2019.04.13-21.58.06:733][686]LogExit: Object subsystem successfully closed.
[2019.04.13-21.58.06:844][686]LogD3D11RHI: Shutdown
[2019.04.13-21.58.06:883][686]LogD3D11RHI: CleanupD3DDevice
[2019.04.13-21.58.06:887][686]LogD3D11RHI: ~FD3D11DynamicRHI
[2019.04.13-21.58.07:566][686]LogModuleManager: Shutting down and abandoning module HierarchicalLODOutliner (564)
[2019.04.13-21.58.07:566][686]LogModuleManager: Shutting down and abandoning module AddContentDialog (562)
[2019.04.13-21.58.07:577][686]LogDirectoryWatcher: A directory notification for 'C:/Program Files/Epic Games/UE_4.18/FeaturePacks/' was aborted.
[2019.04.13-21.58.07:580][686]LogModuleManager: Shutting down and abandoning module WidgetCarousel (561)
[2019.04.13-21.58.07:580][686]LogModuleManager: Shutting down and abandoning module EditorWidgets (558)
[2019.04.13-21.58.07:580][686]LogModuleManager: Shutting down and abandoning module CollectionManager (556)
[2019.04.13-21.58.07:580][686]LogDirectoryWatcher: A directory notification for 'C:/Users/lockw/OneDrive/Documents/Unreal Projects/Illuminate/Content/Collections/' was aborted.
[2019.04.13-21.58.07:580][686]LogDirectoryWatcher: A directory notification for 'C:/Users/lockw/OneDrive/Documents/Unreal Projects/Illuminate/Content/Developers/Alex/Collections/' was aborted.
[2019.04.13-21.58.07:580][686]LogDirectoryWatcher: A directory notification for 'C:/Users/lockw/OneDrive/Documents/Unreal Projects/Illuminate/Saved/Collections/' was aborted.
[2019.04.13-21.58.07:581][686]LogModuleManager: Shutting down and abandoning module StatsViewer (554)
[2019.04.13-21.58.07:599][686]LogModuleManager: Shutting down and abandoning module FoliageEdit (552)
[2019.04.13-21.58.07:599][686]LogModuleManager: Shutting down and abandoning module LandscapeEditor (550)
[2019.04.13-21.58.07:606][686]LogModuleManager: Shutting down and abandoning module MeshPaintMode (548)
[2019.04.13-21.58.07:606][686]LogModuleManager: Shutting down and abandoning module SceneDepthPickerMode (546)
[2019.04.13-21.58.07:606][686]LogModuleManager: Shutting down and abandoning module ActorPickerMode (544)
[2019.04.13-21.58.07:606][686]LogModuleManager: Shutting down and abandoning module GeometryMode (542)
[2019.04.13-21.58.07:606][686]LogModuleManager: Shutting down and abandoning module TextureAlignMode (540)
[2019.04.13-21.58.07:606][686]LogModuleManager: Shutting down and abandoning module BspMode (538)
[2019.04.13-21.58.07:606][686]LogModuleManager: Shutting down and abandoning module PIEPreviewDeviceProfileSelector (536)
[2019.04.13-21.58.07:606][686]LogModuleManager: Shutting down and abandoning module HardwareSurvey (534)
[2019.04.13-21.58.07:606][686]LogModuleManager: Shutting down and abandoning module SequenceRecorderSections (532)
[2019.04.13-21.58.07:613][686]LogModuleManager: Shutting down and abandoning module AutomationWorker (530)
[2019.04.13-21.58.07:613][686]LogModuleManager: Shutting down and abandoning module MatineeToLevelSequence (528)
[2019.04.13-21.58.07:624][686]LogModuleManager: Shutting down and abandoning module LevelSequenceEditor (526)
[2019.04.13-21.58.07:632][686]LogModuleManager: Shutting down and abandoning module PlacementMode (525)
[2019.04.13-21.58.07:632][686]LogModuleManager: Shutting down and abandoning module WmfMediaFactory (522)
[2019.04.13-21.58.07:632][686]LogModuleManager: Shutting down and abandoning module WmfMediaEditor (520)
[2019.04.13-21.58.07:632][686]LogModuleManager: Shutting down and abandoning module OpenExrWrapper (518)
[2019.04.13-21.58.07:632][686]LogModuleManager: Shutting down and abandoning module ImgMediaFactory (516)
[2019.04.13-21.58.07:632][686]LogModuleManager: Shutting down and abandoning module ImgMediaEditor (514)
[2019.04.13-21.58.07:632][686]LogModuleManager: Shutting down and abandoning module AvfMediaFactory (512)
[2019.04.13-21.58.07:632][686]LogModuleManager: Shutting down and abandoning module AvfMediaEditor (510)
[2019.04.13-21.58.07:632][686]LogModuleManager: Shutting down and abandoning module AndroidMediaFactory (508)
[2019.04.13-21.58.07:632][686]LogModuleManager: Shutting down and abandoning module AndroidMediaEditor (506)
[2019.04.13-21.58.07:632][686]LogModuleManager: Shutting down and abandoning module CharacterAI (504)
[2019.04.13-21.58.07:632][686]LogModuleManager: Shutting down and abandoning module AudioCapture (502)
[2019.04.13-21.58.07:632][686]LogModuleManager: Shutting down and abandoning module SequenceRecorder (501)
[2019.04.13-21.58.07:644][686]LogModuleManager: Shutting down and abandoning module SmartSnapping (498)
[2019.04.13-21.58.07:644][686]LogModuleManager: Shutting down and abandoning module SessionServices (496)
[2019.04.13-21.58.07:644][686]LogModuleManager: Shutting down and abandoning module ViewportSnapping (494)
[2019.04.13-21.58.07:644][686]LogModuleManager: Shutting down and abandoning module ViewportInteraction (492)
[2019.04.13-21.58.07:644][686]LogModuleManager: Shutting down and abandoning module ClothPainter (490)
[2019.04.13-21.58.07:644][686]LogModuleManager: Shutting down and abandoning module SkeletalMeshEditor (489)
[2019.04.13-21.58.07:657][686]LogModuleManager: Shutting down and abandoning module LogVisualizer (486)
[2019.04.13-21.58.07:672][686]LogModuleManager: Shutting down and abandoning module IntroTutorials (484)
[2019.04.13-21.58.07:677][686]LogModuleManager: Shutting down and abandoning module GameProjectGeneration (483)
[2019.04.13-21.58.07:701][686]LogModuleManager: Shutting down and abandoning module IOSPlatformEditor (480)
[2019.04.13-21.58.07:701][686]LogModuleManager: Shutting down and abandoning module HTML5PlatformEditor (478)
[2019.04.13-21.58.07:701][686]LogModuleManager: Shutting down and abandoning module AndroidPlatformEditor (476)
[2019.04.13-21.58.07:701][686]LogModuleManager: Shutting down and abandoning module AndroidDeviceDetection (475)
[2019.04.13-21.58.08:521][686]LogModuleManager: Shutting down and abandoning module WindowsPlatformEditor (472)
[2019.04.13-21.58.08:521][686]LogModuleManager: Shutting down and abandoning module IOSRuntimeSettings (470)
[2019.04.13-21.58.08:521][686]LogModuleManager: Shutting down and abandoning module AndroidRuntimeSettings (468)
[2019.04.13-21.58.08:521][686]LogModuleManager: Shutting down and abandoning module InputBindingEditor (466)
[2019.04.13-21.58.08:535][686]LogModuleManager: Shutting down and abandoning module MergeActors (464)
[2019.04.13-21.58.08:585][686]LogModuleManager: Shutting down and abandoning module SizeMap (462)
[2019.04.13-21.58.08:585][686]LogModuleManager: Shutting down and abandoning module TreeMap (460)
[2019.04.13-21.58.08:593][686]LogModuleManager: Shutting down and abandoning module ReferenceViewer (458)
[2019.04.13-21.58.08:593][686]LogModuleManager: Shutting down and abandoning module LocalizationDashboard (456)
[2019.04.13-21.58.08:647][686]LogModuleManager: Shutting down and abandoning module LocalizationService (455)
[2019.04.13-21.58.08:657][686]LogModuleManager: Shutting down and abandoning module HardwareTargeting (452)
[2019.04.13-21.58.08:657][686]LogModuleManager: Shutting down and abandoning module DeviceProfileEditor (450)
[2019.04.13-21.58.08:657][686]LogModuleManager: Shutting down and abandoning module UndoHistory (448)
[2019.04.13-21.58.08:657][686]LogModuleManager: Shutting down and abandoning module XmlParser (446)
[2019.04.13-21.58.08:677][686]LogModuleManager: Shutting down and abandoning module Blutility (444)
[2019.04.13-21.58.08:678][686]LogModuleManager: Shutting down and abandoning module ProjectSettingsViewer (442)
[2019.04.13-21.58.08:678][686]LogModuleManager: Shutting down and abandoning module ProjectTargetPlatformEditor (441)
[2019.04.13-21.58.08:678][686]LogModuleManager: Shutting down and abandoning module EditorSettingsViewer (438)
[2019.04.13-21.58.08:678][686]LogModuleManager: Shutting down and abandoning module SettingsEditor (436)
[2019.04.13-21.58.08:678][686]LogModuleManager: Shutting down and abandoning module ProjectLauncher (434)
[2019.04.13-21.58.08:694][686]LogModuleManager: Shutting down and abandoning module SessionFrontend (432)
[2019.04.13-21.58.08:731][686]LogModuleManager: Shutting down and abandoning module ProfilerClient (430)
[2019.04.13-21.58.08:761][686]LogModuleManager: Shutting down and abandoning module DeviceManager (428)
[2019.04.13-21.58.08:789][686]LogModuleManager: Shutting down and abandoning module TargetDeviceServices (427)
[2019.04.13-21.58.08:844][686]LogModuleManager: Shutting down and abandoning module AutomationController (424)
[2019.04.13-21.58.08:844][686]LogModuleManager: Shutting down and abandoning module AutomationWindow (422)
[2019.04.13-21.58.08:913][686]LogModuleManager: Shutting down and abandoning module Layers (420)
[2019.04.13-21.58.08:969][686]LogModuleManager: Shutting down and abandoning module ComponentVisualizers (418)
[2019.04.13-21.58.08:969][686]LogModuleManager: Shutting down and abandoning module DetailCustomizations (416)
[2019.04.13-21.58.08:969][686]LogModuleManager: Shutting down and abandoning module PackagesDialog (414)
[2019.04.13-21.58.08:969][686]LogModuleManager: Shutting down and abandoning module Persona (412)
[2019.04.13-21.58.09:086][686]LogModuleManager: Shutting down and abandoning module AdvancedPreviewScene (411)
[2019.04.13-21.58.09:086][686]LogModuleManager: Shutting down and abandoning module AnimGraph (409)
[2019.04.13-21.58.09:086][686]LogModuleManager: Shutting down and abandoning module Kismet (406)
[2019.04.13-21.58.09:090][686]LogModuleManager: Shutting down and abandoning module ClassViewer (404)
[2019.04.13-21.58.09:090][686]LogModuleManager: Shutting down and abandoning module Toolbox (402)
[2019.04.13-21.58.09:090][686]LogModuleManager: Shutting down and abandoning module ModuleUI (400)
[2019.04.13-21.58.09:106][686]LogModuleManager: Shutting down and abandoning module MovieSceneTools (398)
[2019.04.13-21.58.09:106][686]LogModuleManager: Shutting down and abandoning module OutputLog (396)
[2019.04.13-21.58.09:174][686]LogModuleManager: Shutting down and abandoning module GammaUI (394)
[2019.04.13-21.58.09:181][686]LogModuleManager: Shutting down and abandoning module Documentation (392)
[2019.04.13-21.58.09:181][686]LogModuleManager: Shutting down and abandoning module MovieSceneTracks (390)
[2019.04.13-21.58.09:181][686]LogModuleManager: Shutting down and abandoning module MovieScene (388)
[2019.04.13-21.58.09:181][686]LogModuleManager: Shutting down and abandoning module StreamingPauseRendering (386)
[2019.04.13-21.58.09:181][686]LogModuleManager: Shutting down and abandoning module LauncherPlatform (384)
[2019.04.13-21.58.09:182][686]LogModuleManager: Shutting down and abandoning module AnalyticsET (382)
[2019.04.13-21.58.09:182][686]LogModuleManager: Shutting down and abandoning module PortalServices (380)
[2019.04.13-21.58.09:182][686]LogModuleManager: Shutting down and abandoning module PortalRpc (378)
[2019.04.13-21.58.09:182][686]LogModuleManager: Shutting down and abandoning module MessagingRpc (376)
[2019.04.13-21.58.09:182][686]LogModuleManager: Shutting down and abandoning module AIModule (374)
[2019.04.13-21.58.09:182][686]LogModuleManager: Shutting down and abandoning module GameplayDebugger (373)
[2019.04.13-21.58.09:213][686]LogModuleManager: Shutting down and abandoning module AITestSuite (371)
[2019.04.13-21.58.09:213][686]LogModuleManager: Shutting down and abandoning module DesktopPlatform (368)
[2019.04.13-21.58.09:213][686]LogModuleManager: Shutting down and abandoning module ProfilerService (366)
[2019.04.13-21.58.09:423][686]LogModuleManager: Shutting down and abandoning module TaskGraph (364)
[2019.04.13-21.58.09:423][686]LogModuleManager: Shutting down and abandoning module SteamVRController (362)
[2019.04.13-21.58.09:423][686]LogModuleManager: Shutting down and abandoning module ProceduralMeshComponentEditor (360)
[2019.04.13-21.58.09:423][686]LogModuleManager: Shutting down and abandoning module ProceduralMeshComponent (358)
[2019.04.13-21.58.09:427][686]LogModuleManager: Shutting down and abandoning module OculusInput (356)
[2019.04.13-21.58.09:434][686]LogModuleManager: Shutting down and abandoning module MobilePatchingUtils (354)
[2019.04.13-21.58.09:434][686]LogModuleManager: Shutting down and abandoning module CustomMeshComponent (352)
[2019.04.13-21.58.09:434][686]LogModuleManager: Shutting down and abandoning module CableComponent (350)
[2019.04.13-21.58.09:434][686]LogModuleManager: Shutting down and abandoning module ArchVisCharacter (348)
[2019.04.13-21.58.09:434][686]LogModuleManager: Shutting down and abandoning module AndroidPermission (346)
[2019.04.13-21.58.09:434][686]LogModuleManager: Shutting down and abandoning module LoginFlow (344)
[2019.04.13-21.58.09:441][686]LogModuleManager: Shutting down and abandoning module Rejoin (342)
[2019.04.13-21.58.09:441][686]LogModuleManager: Shutting down and abandoning module Hotfix (340)
[2019.04.13-21.58.09:448][686]LogModuleManager: Shutting down and abandoning module Lobby (338)
[2019.04.13-21.58.09:448][686]LogModuleManager: Shutting down and abandoning module Party (336)
[2019.04.13-21.58.09:448][686]LogModuleManager: Shutting down and abandoning module Qos (334)
[2019.04.13-21.58.09:448][686]LogModuleManager: Shutting down and abandoning module ActorSequence (332)
[2019.04.13-21.58.09:448][686]LogModuleManager: Shutting down and abandoning module MediaPlayerEditor (330)
[2019.04.13-21.58.09:448][686]LogModuleManager: Shutting down and abandoning module MediaCompositingEditor (328)
[2019.04.13-21.58.09:448][686]LogModuleManager: Shutting down and abandoning module MediaCompositing (326)
[2019.04.13-21.58.09:448][686]LogModuleManager: Shutting down and abandoning module HTML5Networking (324)
[2019.04.13-21.58.09:448][686]LogModuleManager: Shutting down and abandoning module AlembicImporter (322)
[2019.04.13-21.58.09:457][686]LogModuleManager: Shutting down and abandoning module AlembicLibrary (321)
[2019.04.13-21.58.09:457][686]LogModuleManager: Shutting down and abandoning module GeometryCache (320)
[2019.04.13-21.58.09:468][686]LogModuleManager: Shutting down and abandoning module GeometryCacheEd (319)
[2019.04.13-21.58.09:468][686]LogModuleManager: Shutting down and abandoning module SpeedTreeImporter (314)
[2019.04.13-21.58.09:468][686]LogModuleManager: Shutting down and abandoning module PluginBrowser (312)
[2019.04.13-21.58.09:517][686]LogModuleManager: Shutting down and abandoning module MobileLauncherProfileWizard (310)
[2019.04.13-21.58.09:573][686]LogModuleManager: Shutting down and abandoning module VisualStudioSourceCodeAccess (308)
[2019.04.13-21.58.09:573][686]LogModuleManager: Shutting down and abandoning module VisualStudioCodeSourceCodeAccess (306)
[2019.04.13-21.58.09:573][686]LogModuleManager: Shutting down and abandoning module UObjectPlugin (304)
[2019.04.13-21.58.09:573][686]LogModuleManager: Shutting down and abandoning module SubversionSourceControl (302)
[2019.04.13-21.58.09:592][686]LogModuleManager: Shutting down and abandoning module PerforceSourceControl (300)
[2019.04.13-21.58.09:593][686]LogModuleManager: Shutting down and abandoning module GitSourceControl (298)
[2019.04.13-21.58.09:593][686]LogModuleManager: Shutting down and abandoning module SourceControl (297)
[2019.04.13-21.58.09:593][686]LogModuleManager: Shutting down and abandoning module LightPropagationVolumeEditor (294)
[2019.04.13-21.58.09:593][686]LogModuleManager: Shutting down and abandoning module PaperTiledImporter (292)
[2019.04.13-21.58.09:593][686]LogModuleManager: Shutting down and abandoning module PaperSpriteSheetImporter (290)
[2019.04.13-21.58.09:593][686]LogModuleManager: Shutting down and abandoning module Paper2DEditor (288)
[2019.04.13-21.58.09:593][686]LogModuleManager: Shutting down and abandoning module MeshPaint (287)
[2019.04.13-21.58.09:604][686]LogModuleManager: Shutting down and abandoning module LevelEditor (285)
[2019.04.13-21.58.09:605][686]LogModuleManager: Shutting down and abandoning module PixelInspectorModule (284)
[2019.04.13-21.58.09:618][686]LogModuleManager: Shutting down and abandoning module MainFrame (282)
[2019.04.13-21.58.09:618][686]LogModuleManager: Shutting down and abandoning module HotReload (281)
[2019.04.13-21.58.09:618][686]LogDirectoryWatcher: A directory notification for 'C:/Users/lockw/OneDrive/Documents/Unreal Projects/Illuminate/Binaries/Win64' was aborted.
[2019.04.13-21.58.09:618][686]LogDirectoryWatcher: A directory notification for 'C:/Users/lockw/OneDrive/Documents/Unreal Projects/Illuminate/Plugins/AdvancedSessions/Binaries/Win64' was aborted.
[2019.04.13-21.58.09:618][686]LogDirectoryWatcher: A directory notification for 'C:/Users/lockw/OneDrive/Documents/Unreal Projects/Illuminate/Plugins/AdvancedSteamSessions/Binaries/Win64' was aborted.
[2019.04.13-21.58.09:619][686]LogModuleManager: Shutting down and abandoning module AdvancedSteamSessions (276)
[2019.04.13-21.58.09:619][686]LogModuleManager: Shutting down and abandoning module AdvancedSessions (274)
[2019.04.13-21.58.09:619][686]LogModuleManager: Shutting down and abandoning module RuntimePhysXCooking (272)
[2019.04.13-21.58.09:619][686]LogModuleManager: Shutting down and abandoning module PhysXVehiclesEditor (270)
[2019.04.13-21.58.09:619][686]LogModuleManager: Shutting down and abandoning module PhysXVehicles (268)
[2019.04.13-21.58.09:619][686]LogModuleManager: Shutting down and abandoning module OculusEditor (266)
[2019.04.13-21.58.09:619][686]LogModuleManager: Shutting down and abandoning module LocationServicesBPLibrary (264)
[2019.04.13-21.58.09:619][686]LogModuleManager: Shutting down and abandoning module ImmediatePhysicsEditor (262)
[2019.04.13-21.58.09:619][686]LogModuleManager: Shutting down and abandoning module ImmediatePhysics (260)
[2019.04.13-21.58.09:650][686]LogModuleManager: Shutting down and abandoning module UdpMessaging (258)
[2019.04.13-21.58.09:751][686]LogModuleManager: Shutting down and abandoning module TcpMessaging (256)
[2019.04.13-21.58.09:852][686]LogModuleManager: Shutting down and abandoning module GameplayTagsEditor (254)
[2019.04.13-21.58.09:852][686]LogModuleManager: Shutting down and abandoning module FacialAnimationEditor (252)
[2019.04.13-21.58.09:852][686]LogModuleManager: Shutting down and abandoning module FacialAnimation (250)
[2019.04.13-21.58.09:852][686]LogModuleManager: Shutting down and abandoning module AssetManagerEditor (248)
[2019.04.13-21.58.09:852][686]LogModuleManager: Shutting down and abandoning module GraphEditor (247)
[2019.04.13-21.58.09:852][686]LogModuleManager: Shutting down and abandoning module ContentBrowser (245)
[2019.04.13-21.58.09:853][686]LogModuleManager: Shutting down and abandoning module LightPropagationVolumeRuntime (242)
[2019.04.13-21.58.09:853][686]LogModuleManager: Shutting down and abandoning module Paper2D (240)
[2019.04.13-21.58.09:853][686]LogModuleManager: Shutting down and abandoning module WindowsMoviePlayer (238)
[2019.04.13-21.58.09:878][686]LogModuleManager: Shutting down and abandoning module WmfMedia (236)
[2019.04.13-21.58.09:911][686]LogModuleManager: Shutting down and abandoning module ImgMedia (234)
[2019.04.13-21.58.09:911][686]LogModuleManager: Shutting down and abandoning module PacketHandler (232)
[2019.04.13-21.58.09:911][686]LogModuleManager: Shutting down and abandoning module ClothingSystemEditor (230)
[2019.04.13-21.58.09:911][686]LogModuleManager: Shutting down and abandoning module ClothingSystemRuntime (228)
[2019.04.13-21.58.09:911][686]LogModuleManager: Shutting down and abandoning module MediaAssets (226)
[2019.04.13-21.58.09:911][686]LogModuleManager: Shutting down and abandoning module Media (225)
[2019.04.13-21.58.09:917][686]LogModuleManager: Shutting down and abandoning module Overlay (222)
[2019.04.13-21.58.09:918][686]LogModuleManager: Shutting down and abandoning module OverlayEditor (221)
[2019.04.13-21.58.09:918][686]LogModuleManager: Shutting down and abandoning module VREditor (218)
[2019.04.13-21.58.09:918][686]LogModuleManager: Shutting down and abandoning module StringTableEditor (216)
[2019.04.13-21.58.09:918][686]LogModuleManager: Shutting down and abandoning module GameplayTasksEditor (214)
[2019.04.13-21.58.09:918][686]LogModuleManager: Shutting down and abandoning module BehaviorTreeEditor (212)
[2019.04.13-21.58.09:918][686]LogModuleManager: Shutting down and abandoning module FunctionalTesting (210)
[2019.04.13-21.58.09:923][686]LogModuleManager: Shutting down and abandoning module CollisionAnalyzer (208)
[2019.04.13-21.58.09:923][686]LogModuleManager: Shutting down and abandoning module WorkspaceMenuStructure (207)
[2019.04.13-21.58.09:923][686]LogModuleManager: Shutting down and abandoning module UMG (204)
[2019.04.13-21.58.09:924][686]LogModuleManager: Shutting down and abandoning module UMGEditor (203)
[2019.04.13-21.58.09:924][686]LogModuleManager: Shutting down and abandoning module Sequencer (202)
[2019.04.13-21.58.09:924][686]LogModuleManager: Shutting down and abandoning module MessageLog (199)
[2019.04.13-21.58.09:924][686]LogModuleManager: Shutting down and abandoning module SlateReflector (194)
[2019.04.13-21.58.10:045][686]LogModuleManager: Shutting down and abandoning module Slate (192)
[2019.04.13-21.58.10:045][686]LogModuleManager: Shutting down and abandoning module EditorStyle (190)
[2019.04.13-21.58.10:051][686]LogModuleManager: Shutting down and abandoning module MRMesh (188)
[2019.04.13-21.58.10:051][686]LogModuleManager: Shutting down and abandoning module SourceCodeAccess (186)
[2019.04.13-21.58.10:051][686]LogModuleManager: Shutting down and abandoning module HeadMountedDisplay (184)
[2019.04.13-21.58.10:051][686]LogModuleManager: Shutting down and abandoning module XAudio2 (182)
[2019.04.13-21.58.10:051][686]LogModuleManager: Shutting down and abandoning module Networking (180)
[2019.04.13-21.58.10:051][686]LogModuleManager: Shutting down and abandoning module Core (178)
[2019.04.13-21.58.10:051][686]LogModuleManager: Shutting down and abandoning module LevelSequence (174)
[2019.04.13-21.58.10:063][686]LogModuleManager: Shutting down and abandoning module DirectoryWatcher (172)
[2019.04.13-21.58.10:067][686]LogModuleManager: Shutting down and abandoning module KismetCompiler (170)
[2019.04.13-21.58.10:067][686]LogModuleManager: Shutting down and abandoning module MeshUtilities (168)
[2019.04.13-21.58.10:158][686]LogModuleManager: Shutting down and abandoning module MeshMergeUtilities (167)
[2019.04.13-21.58.10:159][686]LogModuleManager: Shutting down and abandoning module MeshReductionInterface (166)
[2019.04.13-21.58.10:159][686]LogModuleManager: Shutting down and abandoning module SimplygonSwarm (165)
[2019.04.13-21.58.10:159][686]LogModuleManager: Shutting down and abandoning module SimplygonMeshReduction (163)
[2019.04.13-21.58.10:159][686]LogModuleManager: Shutting down and abandoning module QuadricMeshReduction (161)
[2019.04.13-21.58.10:171][686]LogModuleManager: Shutting down and abandoning module MaterialBaking (157)
[2019.04.13-21.58.10:235][686]LogModuleManager: Shutting down and abandoning module DerivedDataCache (154)
[2019.04.13-21.58.10:371][686]LogDerivedDataCache: Shutdown
[2019.04.13-21.58.10:371][686]LogModuleManager: Shutting down and abandoning module TargetPlatform (152)
[2019.04.13-21.58.10:371][686]LogModuleManager: Shutting down and abandoning module VulkanShaderFormat (151)
[2019.04.13-21.58.10:383][686]LogModuleManager: Shutting down and abandoning module ShaderFormatVectorVM (149)
[2019.04.13-21.58.10:410][686]LogModuleManager: Shutting down and abandoning module ShaderFormatOpenGL (147)
[2019.04.13-21.58.10:445][686]LogModuleManager: Shutting down and abandoning module ShaderFormatD3D (145)
[2019.04.13-21.58.10:470][686]LogModuleManager: Shutting down and abandoning module MetalShaderFormat (143)
[2019.04.13-21.58.10:553][686]LogModuleManager: Shutting down and abandoning module TextureFormatUncompressed (141)
[2019.04.13-21.58.10:554][686]LogModuleManager: Shutting down and abandoning module TextureFormatPVR (139)
[2019.04.13-21.58.10:554][686]LogModuleManager: Shutting down and abandoning module TextureFormatDXT (137)
[2019.04.13-21.58.10:584][686]LogModuleManager: Shutting down and abandoning module TextureFormatIntelISPCTexComp (135)
[2019.04.13-21.58.10:591][686]LogModuleManager: Shutting down and abandoning module TextureFormatASTC (133)
[2019.04.13-21.58.10:591][686]LogModuleManager: Shutting down and abandoning module ImageWrapper (132)
[2019.04.13-21.58.10:591][686]LogModuleManager: Shutting down and abandoning module TextureFormatAndroid (129)
[2019.04.13-21.58.10:591][686]LogModuleManager: Shutting down and abandoning module AudioFormatOpus (127)
[2019.04.13-21.58.10:591][686]LogModuleManager: Shutting down and abandoning module AudioFormatOgg (125)
[2019.04.13-21.58.10:591][686]LogModuleManager: Shutting down and abandoning module AudioFormatADPCM (123)
[2019.04.13-21.58.10:591][686]LogModuleManager: Shutting down and abandoning module LinuxTargetPlatform (121)
[2019.04.13-21.58.10:591][686]LogModuleManager: Shutting down and abandoning module LinuxServerTargetPlatform (119)
[2019.04.13-21.58.10:591][686]LogModuleManager: Shutting down and abandoning module LinuxNoEditorTargetPlatform (117)
[2019.04.13-21.58.10:591][686]LogModuleManager: Shutting down and abandoning module LinuxClientTargetPlatform (115)
[2019.04.13-21.58.10:591][686]LogModuleManager: Shutting down and abandoning module TVOSTargetPlatform (113)
[2019.04.13-21.58.10:591][686]LogModuleManager: Shutting down and abandoning module Messaging (111)
[2019.04.13-21.58.10:591][686]LogModuleManager: Shutting down and abandoning module IOSTargetPlatform (109)
[2019.04.13-21.58.10:591][686]LogModuleManager: Shutting down and abandoning module HTML5TargetPlatform (107)
[2019.04.13-21.58.10:591][686]LogModuleManager: Shutting down and abandoning module AndroidTargetPlatform (105)
[2019.04.13-21.58.10:591][686]LogModuleManager: Shutting down and abandoning module Android_PVRTCTargetPlatform (103)
[2019.04.13-21.58.10:592][686]LogModuleManager: Shutting down and abandoning module Android_MultiTargetPlatform (101)
[2019.04.13-21.58.10:592][686]LogModuleManager: Shutting down and abandoning module Android_ETC2TargetPlatform (99)
[2019.04.13-21.58.10:592][686]LogModuleManager: Shutting down and abandoning module Android_ETC1TargetPlatform (97)
[2019.04.13-21.58.10:592][686]LogModuleManager: Shutting down and abandoning module Android_DXTTargetPlatform (95)
[2019.04.13-21.58.10:592][686]LogModuleManager: Shutting down and abandoning module Android_ATCTargetPlatform (93)
[2019.04.13-21.58.10:592][686]LogModuleManager: Shutting down and abandoning module Android_ASTCTargetPlatform (91)
[2019.04.13-21.58.10:592][686]LogModuleManager: Shutting down and abandoning module WindowsTargetPlatform (89)
[2019.04.13-21.58.10:592][686]LogModuleManager: Shutting down and abandoning module WindowsServerTargetPlatform (87)
[2019.04.13-21.58.10:592][686]LogModuleManager: Shutting down and abandoning module WindowsNoEditorTargetPlatform (85)
[2019.04.13-21.58.10:592][686]LogModuleManager: Shutting down and abandoning module WindowsClientTargetPlatform (83)
[2019.04.13-21.58.10:592][686]LogModuleManager: Shutting down and abandoning module MacTargetPlatform (81)
[2019.04.13-21.58.10:592][686]LogModuleManager: Shutting down and abandoning module MacServerTargetPlatform (79)
[2019.04.13-21.58.10:592][686]LogModuleManager: Shutting down and abandoning module MacNoEditorTargetPlatform (77)
[2019.04.13-21.58.10:592][686]LogModuleManager: Shutting down and abandoning module MacClientTargetPlatform (75)
[2019.04.13-21.58.10:592][686]LogModuleManager: Shutting down and abandoning module AllDesktopTargetPlatform (73)
[2019.04.13-21.58.10:592][686]LogModuleManager: Shutting down and abandoning module InputCore (70)
[2019.04.13-21.58.10:592][686]LogModuleManager: Shutting down and abandoning module Settings (68)
[2019.04.13-21.58.10:592][686]LogModuleManager: Shutting down and abandoning module PhysXCooking (66)
[2019.04.13-21.58.10:592][686]LogModuleManager: Shutting down and abandoning module SteamVR (64)
[2019.04.13-21.58.10:592][686]LogModuleManager: Shutting down and abandoning module OculusHMD (62)
[2019.04.13-21.58.10:592][686]LogModuleManager: Shutting down and abandoning module ExampleDeviceProfileSelector (60)
[2019.04.13-21.58.10:592][686]LogModuleManager: Shutting down and abandoning module AppleARKit (58)
[2019.04.13-21.58.10:592][686]LogModuleManager: Shutting down and abandoning module AugmentedReality (57)
[2019.04.13-21.58.10:592][686]LogModuleManager: Shutting down and abandoning module OnlineBlueprintSupport (54)
[2019.04.13-21.58.10:592][686]LogModuleManager: Shutting down and abandoning module OnlineSubsystem (50)
[2019.04.13-21.58.10:592][686]LogOnline: Display: OSS: FOnlineSubsystemNull::Shutdown()
[2019.04.13-21.58.10:592][686]LogOnline: Display: OSS: FOnlineAsyncTaskManager::Stop() ActiveTask:0000000000000000 Tasks[0/0]
[2019.04.13-21.58.10:606][686]LogOnline: Display: OSS: FOnlineAsyncTaskManager::Exit() started
[2019.04.13-21.58.10:606][686]LogOnline: Display: OSS: FOnlineAsyncTaskManager::Exit() finished
[2019.04.13-21.58.10:606][686]LogModuleManager: Shutting down and abandoning module XMPP (43)
[2019.04.13-21.58.10:607][686]LogModuleManager: Shutting down and abandoning module HTTP (41)
[2019.04.13-21.58.10:607][686]LogHttp: Display: Http module shutting down, but needs to wait on 1 outstanding Http requests:
[2019.04.13-21.58.10:607][686]LogHttp: Display: 	verb=[POST] url=[https://datarouter.ol.epicgames.com/datarouter/api/v1/public/data?SessionID=%7B0EB87004-4965-A98E-56B7-718ABC82F8B9%7D&AppID=UEEditor.Rocket.Release&AppVersion=4.18.2-3794801%2B%2B%2BUE4%2BRelease-4.18&UserID=e1c132fb4e517ca4b23e62b676153c42%7Cca1cf3a7f87946a6ac6be9dc4f608c5f%7C500511ff-5481-4efe-8d48-20748a11a0d6&AppEnvironment=datacollector-binary&UploadType=eteventstream] status=Processing
[2019.04.13-21.58.10:635][686]LogModuleManager: Shutting down and abandoning module SSL (40)
[2019.04.13-21.58.10:637][686]LogModuleManager: Shutting down and abandoning module AnimationModifiers (36)
[2019.04.13-21.58.10:637][686]LogModuleManager: Shutting down and abandoning module PropertyEditor (35)
[2019.04.13-21.58.10:637][686]LogModuleManager: Shutting down and abandoning module AudioEditor (32)
[2019.04.13-21.58.10:637][686]LogModuleManager: Shutting down and abandoning module TextureCompressor (30)
[2019.04.13-21.58.10:669][686]LogModuleManager: Shutting down and abandoning module ShaderCore (28)
[2019.04.13-21.58.10:669][686]LogModuleManager: Shutting down and abandoning module Landscape (26)
[2019.04.13-21.58.10:669][686]LogModuleManager: Shutting down and abandoning module SlateRHIRenderer (24)
[2019.04.13-21.58.10:671][686]LogModuleManager: Shutting down and abandoning module OpenGLDrv (22)
[2019.04.13-21.58.10:704][686]LogModuleManager: Shutting down and abandoning module D3D11RHI (20)
[2019.04.13-21.58.10:704][686]LogModuleManager: Shutting down and abandoning module AnimGraphRuntime (18)
[2019.04.13-21.58.10:704][686]LogModuleManager: Shutting down and abandoning module Renderer (16)
[2019.04.13-21.58.10:704][686]LogModuleManager: Shutting down and abandoning module Engine (14)
[2019.04.13-21.58.10:704][686]LogModuleManager: Shutting down and abandoning module CoreUObject (12)
[2019.04.13-21.58.10:704][686]LogModuleManager: Shutting down and abandoning module NetworkFile (10)
[2019.04.13-21.58.10:704][686]LogModuleManager: Shutting down and abandoning module CookedIterativeFile (8)
[2019.04.13-21.58.10:704][686]LogModuleManager: Shutting down and abandoning module StreamingFile (6)
[2019.04.13-21.58.10:715][686]LogModuleManager: Shutting down and abandoning module SandboxFile (4)
[2019.04.13-21.58.10:724][686]LogModuleManager: Shutting down and abandoning module PakFile (2)
[2019.04.13-21.58.10:730][686]LogExit: Exiting.
[2019.04.13-21.58.10:773][686]Log file closed, 04/13/19 14:58:10
