Log file open, 04/01/19 22:48:03
LogWindows: Failed to load 'aqProf.dll' (GetLastError=126)
LogWindows: File 'aqProf.dll' does not exist
LogWindows: Failed to load 'VtuneApi.dll' (GetLastError=126)
LogWindows: File 'VtuneApi.dll' does not exist
LogWindows: Failed to load 'VtuneApi32e.dll' (GetLastError=126)
LogWindows: File 'VtuneApi32e.dll' does not exist
LogInit: Display: Running engine for game: Illuminate
LogPlatformFile: Not using cached read wrapper
LogInit: Display: RandInit(1481356493) SRandInit(1481356493).
LogInit: Read version file with build ID '3709383'
LogInit: Overriding engine version to CL 3794801, compatible CL 3709383
LogInit: Registered custom module enumerator with build ID '3709383'
LogTaskGraph: Started task graph with 5 named threads and 14 total threads with 3 sets of task threads.
LogStats: Stats thread started at 0.259569
LogPluginManager: Warning: Plugin 'AdvancedSessions' exists at '../../../../../../Users/lockw/OneDrive/Documents/Unreal Projects/Illuminate/Plugins/AdvancedSessions/AdvancedSessions.uplugin' and '../../../../../../Users/lockw/OneDrive/Documents/Unreal Projects/Illuminate/Plugins/AdvancedSessions.uplugin' - second location will be ignored
LogD3D11RHI: Aftermath initialized
LogModuleManager: Display: Found up-to-date module file ../../../Engine/Plugins/Online/OnlineSubsystemSteam/Binaries/Win64/UE4Editor-OnlineSubsystemSteam.dll (API version 3709383).
LogModuleManager: Display: Found up-to-date module file ../../../Engine/Plugins/Online/OnlineSubsystem/Binaries/Win64/UE4Editor-OnlineSubsystem.dll (API version 3709383).
LogModuleManager: Display: Found up-to-date module file ../../../Engine/Plugins/Online/OnlineSubsystemUtils/Binaries/Win64/UE4Editor-OnlineSubsystemUtils.dll (API version 3709383).
LogModuleManager: Display: Found up-to-date module file ../../../Engine/Plugins/Online/OnlineSubsystemUtils/Binaries/Win64/UE4Editor-OnlineBlueprintSupport.dll (API version 3709383).
LogModuleManager: Display: Found up-to-date module file ../../../Engine/Plugins/Online/OnlineFramework/Binaries/Win64/UE4Editor-Qos.dll (API version 3709383).
LogModuleManager: Display: Found up-to-date module file ../../../Engine/Plugins/Online/OnlineFramework/Binaries/Win64/UE4Editor-Party.dll (API version 3709383).
LogModuleManager: Display: Found up-to-date module file ../../../Engine/Plugins/Online/OnlineFramework/Binaries/Win64/UE4Editor-Lobby.dll (API version 3709383).
LogModuleManager: Display: Found up-to-date module file ../../../Engine/Plugins/Online/OnlineFramework/Binaries/Win64/UE4Editor-Hotfix.dll (API version 3709383).
LogModuleManager: Display: Found up-to-date module file ../../../Engine/Plugins/Online/OnlineFramework/Binaries/Win64/UE4Editor-Rejoin.dll (API version 3709383).
LogModuleManager: Display: Found up-to-date module file ../../../Engine/Plugins/Online/OnlineFramework/Binaries/Win64/UE4Editor-LoginFlow.dll (API version 3709383).
LogModuleManager: Display: Found up-to-date module file ../../../Engine/Plugins/2D/Paper2D/Binaries/Win64/UE4Editor-Paper2D.dll (API version 3709383).
LogModuleManager: Display: Found up-to-date module file ../../../Engine/Plugins/2D/Paper2D/Binaries/Win64/UE4Editor-Paper2DEditor.dll (API version 3709383).
LogModuleManager: Display: Found up-to-date module file ../../../Engine/Plugins/2D/Paper2D/Binaries/Win64/UE4Editor-PaperSpriteSheetImporter.dll (API version 3709383).
LogModuleManager: Display: Found up-to-date module file ../../../Engine/Plugins/2D/Paper2D/Binaries/Win64/UE4Editor-PaperTiledImporter.dll (API version 3709383).
LogModuleManager: Display: Found up-to-date module file ../../../Engine/Plugins/2D/Paper2D/Binaries/Win64/UE4Editor-SmartSnapping.dll (API version 3709383).
LogModuleManager: Display: Found up-to-date module file ../../../Engine/Plugins/Blendables/LightPropagationVolume/Binaries/Win64/UE4Editor-LightPropagationVolumeRuntime.dll (API version 3709383).
LogModuleManager: Display: Found up-to-date module file ../../../Engine/Plugins/Blendables/LightPropagationVolume/Binaries/Win64/UE4Editor-LightPropagationVolumeEditor.dll (API version 3709383).
LogModuleManager: Display: Found up-to-date module file ../../../Engine/Plugins/Developer/GitSourceControl/Binaries/Win64/UE4Editor-GitSourceControl.dll (API version 3709383).
LogModuleManager: Display: Found up-to-date module file ../../../Engine/Plugins/Developer/PerforceSourceControl/Binaries/Win64/UE4Editor-PerforceSourceControl.dll (API version 3709383).
LogModuleManager: Display: Found up-to-date module file ../../../Engine/Plugins/Developer/SubversionSourceControl/Binaries/Win64/UE4Editor-SubversionSourceControl.dll (API version 3709383).
LogModuleManager: Display: Found up-to-date module file ../../../Engine/Plugins/Developer/UObjectPlugin/Binaries/Win64/UE4Editor-UObjectPlugin.dll (API version 3709383).
LogModuleManager: Display: Found up-to-date module file ../../../Engine/Plugins/Developer/VisualStudioCodeSourceCodeAccess/Binaries/Win64/UE4Editor-VisualStudioCodeSourceCodeAccess.dll (API version 3709383).
LogModuleManager: Display: Found up-to-date module file ../../../Engine/Plugins/Developer/VisualStudioSourceCodeAccess/Binaries/Win64/UE4Editor-VisualStudioSourceCodeAccess.dll (API version 3709383).
LogModuleManager: Display: Found up-to-date module file ../../../Engine/Plugins/Editor/AssetManagerEditor/Binaries/Win64/UE4Editor-AssetManagerEditor.dll (API version 3709383).
LogModuleManager: Display: Found up-to-date module file ../../../Engine/Plugins/Editor/AudioCapture/Binaries/Win64/UE4Editor-AudioCapture.dll (API version 3709383).
LogModuleManager: Display: Found up-to-date module file ../../../Engine/Plugins/Editor/FacialAnimation/Binaries/Win64/UE4Editor-FacialAnimation.dll (API version 3709383).
LogModuleManager: Display: Found up-to-date module file ../../../Engine/Plugins/Editor/FacialAnimation/Binaries/Win64/UE4Editor-FacialAnimationEditor.dll (API version 3709383).
LogModuleManager: Display: Found up-to-date module file ../../../Engine/Plugins/Editor/GameplayTagsEditor/Binaries/Win64/UE4Editor-GameplayTagsEditor.dll (API version 3709383).
LogModuleManager: Display: Found up-to-date module file ../../../Engine/Plugins/Editor/MobileLauncherProfileWizard/Binaries/Win64/UE4Editor-MobileLauncherProfileWizard.dll (API version 3709383).
LogModuleManager: Display: Found up-to-date module file ../../../Engine/Plugins/Editor/PluginBrowser/Binaries/Win64/UE4Editor-PluginBrowser.dll (API version 3709383).
LogModuleManager: Display: Found up-to-date module file ../../../Engine/Plugins/Editor/SpeedTreeImporter/Binaries/Win64/UE4Editor-SpeedTreeImporter.dll (API version 3709383).
LogModuleManager: Display: Found up-to-date module file ../../../Engine/Plugins/Experimental/AlembicImporter/Binaries/Win64/UE4Editor-AlembicImporter.dll (API version 3709383).
LogModuleManager: Display: Found up-to-date module file ../../../Engine/Plugins/Experimental/AlembicImporter/Binaries/Win64/UE4Editor-AlembicLibrary.dll (API version 3709383).
LogModuleManager: Display: Found up-to-date module file ../../../Engine/Plugins/Experimental/CharacterAI/Binaries/Win64/UE4Editor-CharacterAI.dll (API version 3709383).
LogModuleManager: Display: Found up-to-date module file ../../../Engine/Plugins/Experimental/HTML5Networking/Binaries/Win64/UE4Editor-HTML5Networking.dll (API version 3709383).
LogModuleManager: Display: Found up-to-date module file ../../../Engine/Plugins/Media/AndroidMedia/Binaries/Win64/UE4Editor-AndroidMediaEditor.dll (API version 3709383).
LogModuleManager: Display: Found up-to-date module file ../../../Engine/Plugins/Media/AndroidMedia/Binaries/Win64/UE4Editor-AndroidMediaFactory.dll (API version 3709383).
LogModuleManager: Display: Found up-to-date module file ../../../Engine/Plugins/Media/AvfMedia/Binaries/Win64/UE4Editor-AvfMediaEditor.dll (API version 3709383).
LogModuleManager: Display: Found up-to-date module file ../../../Engine/Plugins/Media/AvfMedia/Binaries/Win64/UE4Editor-AvfMediaFactory.dll (API version 3709383).
LogModuleManager: Display: Found up-to-date module file ../../../Engine/Plugins/Media/AvfMedia/Binaries/Win64/UE4Editor-AvfMediaFactory.dll (API version 3709383).
LogModuleManager: Display: Found up-to-date module file ../../../Engine/Plugins/Media/ImgMedia/Binaries/Win64/UE4Editor-ImgMedia.dll (API version 3709383).
LogModuleManager: Display: Found up-to-date module file ../../../Engine/Plugins/Media/ImgMedia/Binaries/Win64/UE4Editor-ImgMediaEditor.dll (API version 3709383).
LogModuleManager: Display: Found up-to-date module file ../../../Engine/Plugins/Media/ImgMedia/Binaries/Win64/UE4Editor-ImgMediaFactory.dll (API version 3709383).
LogModuleManager: Display: Found up-to-date module file ../../../Engine/Plugins/Media/ImgMedia/Binaries/Win64/UE4Editor-ImgMediaFactory.dll (API version 3709383).
LogModuleManager: Display: Found up-to-date module file ../../../Engine/Plugins/Media/ImgMedia/Binaries/Win64/UE4Editor-OpenExrWrapper.dll (API version 3709383).
LogModuleManager: Display: Found up-to-date module file ../../../Engine/Plugins/Media/MediaCompositing/Binaries/Win64/UE4Editor-MediaCompositing.dll (API version 3709383).
LogModuleManager: Display: Found up-to-date module file ../../../Engine/Plugins/Media/MediaCompositing/Binaries/Win64/UE4Editor-MediaCompositingEditor.dll (API version 3709383).
LogModuleManager: Display: Found up-to-date module file ../../../Engine/Plugins/Media/MediaPlayerEditor/Binaries/Win64/UE4Editor-MediaPlayerEditor.dll (API version 3709383).
LogModuleManager: Display: Found up-to-date module file ../../../Engine/Plugins/Media/WmfMedia/Binaries/Win64/UE4Editor-WmfMedia.dll (API version 3709383).
LogModuleManager: Display: Found up-to-date module file ../../../Engine/Plugins/Media/WmfMedia/Binaries/Win64/UE4Editor-WmfMediaEditor.dll (API version 3709383).
LogModuleManager: Display: Found up-to-date module file ../../../Engine/Plugins/Media/WmfMedia/Binaries/Win64/UE4Editor-WmfMediaFactory.dll (API version 3709383).
LogModuleManager: Display: Found up-to-date module file ../../../Engine/Plugins/Media/WmfMedia/Binaries/Win64/UE4Editor-WmfMediaFactory.dll (API version 3709383).
LogModuleManager: Display: Found up-to-date module file ../../../Engine/Plugins/Messaging/TcpMessaging/Binaries/Win64/UE4Editor-TcpMessaging.dll (API version 3709383).
LogModuleManager: Display: Found up-to-date module file ../../../Engine/Plugins/Messaging/UdpMessaging/Binaries/Win64/UE4Editor-UdpMessaging.dll (API version 3709383).
LogModuleManager: Display: Found up-to-date module file ../../../Engine/Plugins/MovieScene/ActorSequence/Binaries/Win64/UE4Editor-ActorSequence.dll (API version 3709383).
LogModuleManager: Display: Found up-to-date module file ../../../Engine/Plugins/MovieScene/LevelSequenceEditor/Binaries/Win64/UE4Editor-LevelSequenceEditor.dll (API version 3709383).
LogModuleManager: Display: Found up-to-date module file ../../../Engine/Plugins/MovieScene/MatineeToLevelSequence/Binaries/Win64/UE4Editor-MatineeToLevelSequence.dll (API version 3709383).
LogModuleManager: Display: Found up-to-date module file ../../../Engine/Plugins/Runtime/AndroidPermission/Binaries/Win64/UE4Editor-AndroidPermission.dll (API version 3709383).
LogModuleManager: Display: Found up-to-date module file ../../../Engine/Plugins/Online/OnlineSubsystemNull/Binaries/Win64/UE4Editor-OnlineSubsystemNull.dll (API version 3709383).
LogModuleManager: Display: Found up-to-date module file ../../../Engine/Plugins/Runtime/AndroidDeviceProfileSelector/Binaries/Win64/UE4Editor-AndroidDeviceProfileSelector.dll (API version 3709383).
LogModuleManager: Display: Found up-to-date module file ../../../Engine/Plugins/Runtime/AppleARKit/Binaries/Win64/UE4Editor-AppleARKit.dll (API version 3709383).
LogModuleManager: Display: Found up-to-date module file ../../../Engine/Plugins/Runtime/ArchVisCharacter/Binaries/Win64/UE4Editor-ArchVisCharacter.dll (API version 3709383).
LogModuleManager: Display: Found up-to-date module file ../../../Engine/Plugins/Runtime/CableComponent/Binaries/Win64/UE4Editor-CableComponent.dll (API version 3709383).
LogModuleManager: Display: Found up-to-date module file ../../../Engine/Plugins/Runtime/CustomMeshComponent/Binaries/Win64/UE4Editor-CustomMeshComponent.dll (API version 3709383).
LogModuleManager: Display: Found up-to-date module file ../../../Engine/Plugins/Runtime/ExampleDeviceProfileSelector/Binaries/Win64/UE4Editor-ExampleDeviceProfileSelector.dll (API version 3709383).
LogModuleManager: Display: Found up-to-date module file ../../../Engine/Plugins/Runtime/ImmediatePhysics/Binaries/Win64/UE4Editor-ImmediatePhysics.dll (API version 3709383).
LogModuleManager: Display: Found up-to-date module file ../../../Engine/Plugins/Runtime/ImmediatePhysics/Binaries/Win64/UE4Editor-ImmediatePhysicsEditor.dll (API version 3709383).
LogModuleManager: Display: Found up-to-date module file ../../../Engine/Plugins/Runtime/LocationServicesBPLibrary/Binaries/Win64/UE4Editor-LocationServicesBPLibrary.dll (API version 3709383).
LogModuleManager: Display: Found up-to-date module file ../../../Engine/Plugins/Runtime/MobilePatchingUtils/Binaries/Win64/UE4Editor-MobilePatchingUtils.dll (API version 3709383).
LogModuleManager: Display: Found up-to-date module file ../../../Engine/Plugins/Runtime/Oculus/OculusVR/Binaries/Win64/UE4Editor-OculusHMD.dll (API version 3709383).
LogModuleManager: Display: Found up-to-date module file ../../../Engine/Plugins/Runtime/Oculus/OculusVR/Binaries/Win64/UE4Editor-OculusInput.dll (API version 3709383).
LogModuleManager: Display: Found up-to-date module file ../../../Engine/Plugins/Runtime/Oculus/OculusVR/Binaries/Win64/UE4Editor-OculusEditor.dll (API version 3709383).
LogModuleManager: Display: Found up-to-date module file ../../../Engine/Plugins/Runtime/PhysXVehicles/Binaries/Win64/UE4Editor-PhysXVehicles.dll (API version 3709383).
LogModuleManager: Display: Found up-to-date module file ../../../Engine/Plugins/Runtime/PhysXVehicles/Binaries/Win64/UE4Editor-PhysXVehiclesEditor.dll (API version 3709383).
LogModuleManager: Display: Found up-to-date module file ../../../Engine/Plugins/Runtime/ProceduralMeshComponent/Binaries/Win64/UE4Editor-ProceduralMeshComponent.dll (API version 3709383).
LogModuleManager: Display: Found up-to-date module file ../../../Engine/Plugins/Runtime/ProceduralMeshComponent/Binaries/Win64/UE4Editor-ProceduralMeshComponentEditor.dll (API version 3709383).
LogModuleManager: Display: Found up-to-date module file ../../../Engine/Plugins/Runtime/RuntimePhysXCooking/Binaries/Win64/UE4Editor-RuntimePhysXCooking.dll (API version 3709383).
LogModuleManager: Display: Found up-to-date module file ../../../Engine/Plugins/Runtime/Steam/SteamVR/Binaries/Win64/UE4Editor-SteamVR.dll (API version 3709383).
LogModuleManager: Display: Found up-to-date module file ../../../Engine/Plugins/Runtime/Steam/SteamVR/Binaries/Win64/UE4Editor-SteamVRController.dll (API version 3709383).
LogModuleManager: Display: Found up-to-date module file ../../../Engine/Plugins/Runtime/WindowsMoviePlayer/Binaries/Win64/UE4Editor-WindowsMoviePlayer.dll (API version 3709383).
LogModuleManager: Display: Found up-to-date module file ../../../../../../Users/lockw/OneDrive/Documents/Unreal Projects/Illuminate/Plugins/AdvancedSessions/Binaries/Win64/UE4Editor-AdvancedSessions.dll (API version 3709383).
LogModuleManager: Display: Found up-to-date module file ../../../../../../Users/lockw/OneDrive/Documents/Unreal Projects/Illuminate/Plugins/AdvancedSteamSessions/Binaries/Win64/UE4Editor-AdvancedSteamSessions.dll (API version 3709383).
LogPluginManager: Mounting plugin Paper2D
LogPluginManager: Mounting plugin LightPropagationVolume
LogPluginManager: Mounting plugin CodeLiteSourceCodeAccess
LogPluginManager: Mounting plugin GitSourceControl
LogPluginManager: Mounting plugin KDevelopSourceCodeAccess
LogPluginManager: Mounting plugin NullSourceCodeAccess
LogPluginManager: Mounting plugin PerforceSourceControl
LogPluginManager: Mounting plugin SubversionSourceControl
LogPluginManager: Mounting plugin UObjectPlugin
LogPluginManager: Mounting plugin VisualStudioCodeSourceCodeAccess
LogPluginManager: Mounting plugin VisualStudioSourceCodeAccess
LogPluginManager: Mounting plugin XCodeSourceCodeAccess
LogPluginManager: Mounting plugin AssetManagerEditor
LogPluginManager: Mounting plugin AudioCapture
LogPluginManager: Mounting plugin FacialAnimation
LogPluginManager: Mounting plugin GameplayTagsEditor
LogPluginManager: Mounting plugin MobileLauncherProfileWizard
LogPluginManager: Mounting plugin PluginBrowser
LogPluginManager: Mounting plugin SpeedTreeImporter
LogPluginManager: Mounting plugin AlembicImporter
LogPluginManager: Mounting plugin CharacterAI
LogPluginManager: Mounting plugin HTML5Networking
LogPluginManager: Mounting plugin AndroidMedia
LogPluginManager: Mounting plugin AvfMedia
LogPluginManager: Mounting plugin ImgMedia
LogPluginManager: Mounting plugin MediaCompositing
LogPluginManager: Mounting plugin MediaPlayerEditor
LogPluginManager: Mounting plugin WmfMedia
LogPluginManager: Mounting plugin TcpMessaging
LogPluginManager: Mounting plugin UdpMessaging
LogPluginManager: Mounting plugin ActorSequence
LogPluginManager: Mounting plugin LevelSequenceEditor
LogPluginManager: Mounting plugin MatineeToLevelSequence
LogPluginManager: Mounting plugin OnlineSubsystemGooglePlay
LogPluginManager: Mounting plugin OnlineSubsystemIOS
LogPluginManager: Mounting plugin OnlineFramework
LogPluginManager: Mounting plugin OnlineSubsystem
LogPluginManager: Mounting plugin OnlineSubsystemNull
LogPluginManager: Mounting plugin OnlineSubsystemSteam
LogPluginManager: Mounting plugin OnlineSubsystemUtils
LogPluginManager: Mounting plugin AndroidDeviceProfileSelector
LogPluginManager: Mounting plugin AndroidMoviePlayer
LogPluginManager: Mounting plugin AndroidPermission
LogPluginManager: Mounting plugin AppleARKit
LogPluginManager: Mounting plugin AppleMoviePlayer
LogPluginManager: Mounting plugin ArchVisCharacter
LogPluginManager: Mounting plugin CableComponent
LogPluginManager: Mounting plugin CustomMeshComponent
LogPluginManager: Mounting plugin ExampleDeviceProfileSelector
LogPluginManager: Mounting plugin GoogleCloudMessaging
LogPluginManager: Mounting plugin ImmediatePhysics
LogPluginManager: Mounting plugin IOSDeviceProfileSelector
LogPluginManager: Mounting plugin LinuxDeviceProfileSelector
LogPluginManager: Mounting plugin LocationServicesBPLibrary
LogPluginManager: Mounting plugin MobilePatchingUtils
LogPluginManager: Mounting plugin OculusVR
LogPluginManager: Plugin shader directory ../../../Engine/Plugins/Runtime/Oculus/OculusVR/Shaders found
LogPluginManager: Mapping shader source directory ../../../Engine/Plugins/Runtime/Oculus/OculusVR/Shaders to virtual directory /Plugin/OculusVR
LogPluginManager: Mounting plugin PhysXVehicles
LogPluginManager: Mounting plugin ProceduralMeshComponent
LogPluginManager: Mounting plugin RuntimePhysXCooking
LogPluginManager: Mounting plugin SteamVR
LogPluginManager: Mounting plugin WindowsMoviePlayer
LogPluginManager: Mounting plugin AdvancedSessions
LogPluginManager: Mounting plugin AdvancedSteamSessions
LogInit: Using libcurl 7.47.1
LogInit:  - built for x86_64-pc-win32
LogInit:  - supports SSL with OpenSSL/1.0.2g
LogInit:  - supports HTTP deflate (compression) using libz 1.2.8
LogInit:  - other features:
LogInit:      CURL_VERSION_SSL
LogInit:      CURL_VERSION_LIBZ
LogInit:      CURL_VERSION_IPV6
LogInit:      CURL_VERSION_ASYNCHDNS
LogInit:      CURL_VERSION_LARGEFILE
LogInit:      CURL_VERSION_IDN
LogInit:  CurlRequestOptions (configurable via config and command line):
LogInit:  - bVerifyPeer = false  - Libcurl will NOT verify peer certificate
LogInit:  - bUseHttpProxy = false  - Libcurl will NOT use HTTP proxy
LogInit:  - bDontReuseConnections = false  - Libcurl will reuse connections
LogInit:  - CertBundlePath = nullptr  - Libcurl will use whatever was configured at build time.
LogOnline: Display: STEAM: Loading Steam SDK 1.39
LogOnline: Warning: STEAM: Steam API disabled!
LogOnline: Display: STEAM: OnlineSubsystemSteam::Shutdown()
LogInit: WinSock: version 1.1 (2.2), MaxSocks=32767, MaxUdp=65467
LogInit: Build: ++UE4+Release-4.18-CL-3794801
LogInit: Engine Version: 4.18.2-3794801+++UE4+Release-4.18
LogInit: Compatible Engine Version: 4.18.0-3709383+++UE4+Release-4.18
LogInit: Net CL: 3709383
LogDevObjectVersion: Number of dev versions registered: 16
LogDevObjectVersion:   Dev-Blueprints (B0D832E4-1F89-4F0D-ACCF-7EB736FD4AA2): 10
LogDevObjectVersion:   Dev-Build (E1C64328-A22C-4D53-A36C-8E866417BD8C): 0
LogDevObjectVersion:   Dev-Core (375EC13C-06E4-48FB-B500-84F0262A717E): 2
LogDevObjectVersion:   Dev-Editor (E4B068ED-F494-42E9-A231-DA0B2E46BB41): 20
LogDevObjectVersion:   Dev-Framework (CFFC743F-43B0-4480-9391-14DF171D2073): 30
LogDevObjectVersion:   Dev-Mobile (B02B49B5-BB20-44E9-A304-32B752E40360): 0
LogDevObjectVersion:   Dev-Networking (A4E4105C-59A1-49B5-A7C5-40C4547EDFEE): 0
LogDevObjectVersion:   Dev-Online (39C831C9-5AE6-47DC-9A44-9C173E1C8E7C): 0
LogDevObjectVersion:   Dev-Physics (78F01B33-EBEA-4F98-B9B4-84EACCB95AA2): 0
LogDevObjectVersion:   Dev-Platform (6631380F-2D4D-43E0-8009-CF276956A95A): 0
LogDevObjectVersion:   Dev-Rendering (12F88B9F-8875-4AFC-A67C-D90C383ABD29): 20
LogDevObjectVersion:   Dev-Sequencer (7B5AE74C-D270-4C10-A958-57980B212A5A): 4
LogDevObjectVersion:   Dev-VR (D7296918-1DD6-4BDD-9DE2-64A83CC13884): 0
LogDevObjectVersion:   Dev-LoadTimes (C2A15278-BFE7-4AFE-6C17-90FF531DF755): 1
LogDevObjectVersion:   Private-Geometry (6EACA3D4-40EC-4CC1-B786-8BED09428FC5): 1
LogDevObjectVersion:   Dev-AnimPhys (29E575DD-E0A3-4627-9D10-D276232CDCEA): 12
LogInit: Compiled (64-bit): Dec  8 2017 02:04:53
LogInit: Compiled with Visual C++: 19.00.24215.01
LogInit: Build Configuration: Development
LogInit: Branch Name: ++UE4+Release-4.18
LogInit: Command line:  
LogInit: Base directory: C:/Program Files/Epic Games/UE_4.18/Engine/Binaries/Win64/
LogInit: Installed Engine Build: 1
LogInit: Presizing for max 8388607 objects, including 0 objects not considered by GC, pre-allocating 0 bytes for permanent pool.
LogInit: Object subsystem initialized
[2019.04.02-05.48.09:070][  0]LogInit: Selected Device Profile: [Windows]
[2019.04.02-05.48.09:070][  0]LogInit: Applying CVar settings loaded from the selected device profile: [Windows]
[2019.04.02-05.48.09:099][  0]LogInit: Computer: MSI
[2019.04.02-05.48.09:099][  0]LogInit: User: Alex
[2019.04.02-05.48.09:099][  0]LogInit: CPU Page size=4096, Cores=4
[2019.04.02-05.48.09:099][  0]LogInit: High frequency timer resolution =2.533210 MHz
[2019.04.02-05.48.09:099][  0]LogMemory: Memory total: Physical=15.9GB (16GB approx)
[2019.04.02-05.48.09:099][  0]LogMemory: Platform Memory Stats for Windows
[2019.04.02-05.48.09:099][  0]LogMemory: Process Physical Memory: 276.20 MB used, 276.20 MB peak
[2019.04.02-05.48.09:099][  0]LogMemory: Process Virtual Memory: 277.35 MB used, 277.35 MB peak
[2019.04.02-05.48.09:099][  0]LogMemory: Physical Memory: 7616.14 MB used,  8657.20 MB free, 16273.34 MB total
[2019.04.02-05.48.09:099][  0]LogMemory: Virtual Memory: 4791.99 MB used,  8657.20 MB free, 134217728.00 MB total
[2019.04.02-05.48.10:587][  0]LogInit: Using OS detected language (en-US).
[2019.04.02-05.48.10:587][  0]LogInit: Using OS detected locale (en-US).
[2019.04.02-05.48.11:197][  0]LogTextLocalizationManager: No specific localization for 'en-US' exists, so the 'en' localization will be used.
[2019.04.02-05.48.12:873][  0]LogInit: Setting process to per monitor DPI aware
[2019.04.02-05.48.27:580][  0]LogD3D11RHI: D3D11 adapters:
[2019.04.02-05.48.27:645][  0]LogD3D11RHI:    0. 'NVIDIA GeForce GTX 965M' (Feature Level 11_0)
[2019.04.02-05.48.27:645][  0]LogD3D11RHI:       2010/0/8136 MB DedicatedVideo/DedicatedSystem/SharedSystem, Outputs:1, VendorId:0x10de
[2019.04.02-05.48.27:653][  0]LogD3D11RHI:    1. 'Intel(R) HD Graphics 4600' (Feature Level 11_0)
[2019.04.02-05.48.27:653][  0]LogD3D11RHI:       112/0/2048 MB DedicatedVideo/DedicatedSystem/SharedSystem, Outputs:0, VendorId:0x8086
[2019.04.02-05.48.27:657][  0]LogD3D11RHI:    2. 'Microsoft Basic Render Driver' (Feature Level 11_0)
[2019.04.02-05.48.27:657][  0]LogD3D11RHI:       0/0/8136 MB DedicatedVideo/DedicatedSystem/SharedSystem, Outputs:0, VendorId:0x1414
[2019.04.02-05.48.27:657][  0]LogD3D11RHI: Chosen D3D11 Adapter: 0
[2019.04.02-05.48.27:691][  0]LogD3D11RHI: Creating new Direct3DDevice
[2019.04.02-05.48.27:691][  0]LogD3D11RHI:     GPU DeviceId: 0x13d9 (for the marketing name, search the web for "GPU Device Id")
[2019.04.02-05.48.27:691][  0]LogWindows: EnumDisplayDevices:
[2019.04.02-05.48.27:691][  0]LogWindows:    0. 'Intel(R) HD Graphics 4600' (P:1 D:1)
[2019.04.02-05.48.27:692][  0]LogWindows:    1. 'Intel(R) HD Graphics 4600' (P:0 D:0)
[2019.04.02-05.48.27:692][  0]LogWindows:    2. 'Intel(R) HD Graphics 4600' (P:0 D:0)
[2019.04.02-05.48.27:692][  0]LogWindows: DebugString: GetVideoDriverDetailsInvalid PrimaryIsNotTheChoosenAdapter GetVideoDriverDetailsInvalid PrimaryIsNotTheChoosenAdapter GetVideoDriverDetailsInvalid PrimaryIsNotTheChoosenAdapter FoundDriverCount:0 
[2019.04.02-05.48.27:692][  0]LogD3D11RHI:     Adapter Name: NVIDIA GeForce GTX 965M
[2019.04.02-05.48.27:692][  0]LogD3D11RHI:   Driver Version: Unknown (internal:Unknown, unified:Unknown)
[2019.04.02-05.48.27:692][  0]LogD3D11RHI:      Driver Date: Unknown
[2019.04.02-05.48.27:692][  0]LogRHI: Texture pool is 1407 MB (70% of 2010 MB)
[2019.04.02-05.48.27:741][  0]LogD3D11RHI: Async texture creation enabled
[2019.04.02-05.48.27:759][  0]LogD3D11RHI: GPU Timing Frequency: 1000.000000 (Debug: 2 2)
[2019.04.02-05.48.27:760][  0]LogShaderCompilers: Guid format shader working directory is -30 characters bigger than the processId version (../../../../../../Users/lockw/OneDrive/Documents/Unreal Projects/Illuminate/Intermediate/Shaders/WorkingDirectory/15588/).
[2019.04.02-05.48.27:760][  0]LogShaderCompilers: Cleaned the shader compiler working directory 'C:/Users/lockw/AppData/Local/Temp/UnrealShaderWorkingDir/F1D667C24E26FC6817E3819C49FA327F/'.
[2019.04.02-05.48.27:760][  0]LogShaderCompilers: Display: Using Local Shader Compiler.
[2019.04.02-05.48.38:895][  0]LogTemp: Display: Loaded TP AllDesktopTargetPlatform
[2019.04.02-05.48.39:036][  0]LogTemp: Display: Loaded TP MacClientTargetPlatform
[2019.04.02-05.48.39:187][  0]LogTemp: Display: Loaded TP MacNoEditorTargetPlatform
[2019.04.02-05.48.39:354][  0]LogTemp: Display: Loaded TP MacServerTargetPlatform
[2019.04.02-05.48.39:531][  0]LogTemp: Display: Loaded TP MacTargetPlatform
[2019.04.02-05.48.39:681][  0]LogTemp: Display: Loaded TP WindowsClientTargetPlatform
[2019.04.02-05.48.39:855][  0]LogTemp: Display: Loaded TP WindowsNoEditorTargetPlatform
[2019.04.02-05.48.40:005][  0]LogTemp: Display: Loaded TP WindowsServerTargetPlatform
[2019.04.02-05.48.40:149][  0]LogTemp: Display: Loaded TP WindowsTargetPlatform
[2019.04.02-05.48.40:318][  0]LogTemp: Display: Loaded TP Android_ASTCTargetPlatform
[2019.04.02-05.48.40:465][  0]LogTemp: Display: Loaded TP Android_ATCTargetPlatform
[2019.04.02-05.48.40:665][  0]LogTemp: Display: Loaded TP Android_DXTTargetPlatform
[2019.04.02-05.48.40:806][  0]LogTemp: Display: Loaded TP Android_ETC1TargetPlatform
[2019.04.02-05.48.40:941][  0]LogTemp: Display: Loaded TP Android_ETC2TargetPlatform
[2019.04.02-05.48.41:217][  0]LogTemp: Display: Loaded TP Android_MultiTargetPlatform
[2019.04.02-05.48.41:218][  0]LogTemp: Display: Loaded TP Android_PVRTCTargetPlatform
[2019.04.02-05.48.41:382][  0]LogTemp: Display: Loaded TP AndroidTargetPlatform
[2019.04.02-05.48.41:522][  0]LogTemp: Display: Loaded TP HTML5TargetPlatform
[2019.04.02-05.48.41:849][  0]LogTemp: Display: Loaded TP IOSTargetPlatform
[2019.04.02-05.48.41:911][  0]LogTemp: Display: Loaded TP TVOSTargetPlatform
[2019.04.02-05.48.42:062][  0]LogTemp: Display: Loaded TP LinuxClientTargetPlatform
[2019.04.02-05.48.42:211][  0]LogTemp: Display: Loaded TP LinuxNoEditorTargetPlatform
[2019.04.02-05.48.42:344][  0]LogTemp: Display: Loaded TP LinuxServerTargetPlatform
[2019.04.02-05.48.42:527][  0]LogTemp: Display: Loaded TP LinuxTargetPlatform
[2019.04.02-05.48.42:527][  0]LogTargetPlatformManager: Display: Building Assets For Windows
[2019.04.02-05.48.45:149][  0]LogDerivedDataCache: Display: Max Cache Size: 512 MB
[2019.04.02-05.48.50:374][  0]LogDerivedDataCache: Loaded boot cache 5.23s 79MB C:/Users/lockw/AppData/Local/UnrealEngine/4.18/DerivedDataCache/Boot.ddc.
[2019.04.02-05.48.50:374][  0]LogDerivedDataCache: Display: Loaded Boot cache: C:/Users/lockw/AppData/Local/UnrealEngine/4.18/DerivedDataCache/Boot.ddc
[2019.04.02-05.48.50:375][  0]LogDerivedDataCache: FDerivedDataBackendGraph:  Pak pak cache file ../../../../../../Users/lockw/OneDrive/Documents/Unreal Projects/Illuminate/DerivedDataCache/DDC.ddp not found, will not use a pak cache.
[2019.04.02-05.48.50:375][  0]LogDerivedDataCache: Unable to find inner node Pak for hierarchical cache Hierarchy.
[2019.04.02-05.48.50:375][  0]LogDerivedDataCache: FDerivedDataBackendGraph:  CompressedPak pak cache file ../../../../../../Users/lockw/OneDrive/Documents/Unreal Projects/Illuminate/DerivedDataCache/Compressed.ddp not found, will not use a pak cache.
[2019.04.02-05.48.50:375][  0]LogDerivedDataCache: Unable to find inner node CompressedPak for hierarchical cache Hierarchy.
[2019.04.02-05.48.50:427][  0]LogDerivedDataCache: Display: Pak cache opened for reading ../../../Engine/DerivedDataCache/Compressed.ddp.
[2019.04.02-05.48.50:440][  0]LogDerivedDataCache: Using Local data cache path C:/Users/lockw/AppData/Local/UnrealEngine/Common/DerivedDataCache: Writable
[2019.04.02-05.48.50:452][  0]LogMaterial: Verifying Global Shaders for PCD3D_SM5
[2019.04.02-05.48.50:452][  0]LogSlate: Using Freetype 2.6.0
[2019.04.02-05.48.50:662][  0]LogSlate: SlateFontCache - WITH_FREETYPE: 1, WITH_HARFBUZZ: 1
[2019.04.02-05.48.50:662][  0]LogSlate: SlateFontCache - WITH_FREETYPE: 1, WITH_HARFBUZZ: 1
[2019.04.02-05.48.59:652][  0]LogInit: Selected Device Profile: [Windows]
[2019.04.02-05.49.01:466][  0]LogSimplygon: Simplygon DLL not present - disabling.
[2019.04.02-05.49.01:637][  0]LogMeshReduction: Using SimplygonSwarm for distributed automatic mesh merging
[2019.04.02-05.49.01:637][  0]LogMeshReduction: Using QuadricMeshReduction for automatic static mesh reduction
[2019.04.02-05.49.01:637][  0]LogMeshReduction: No automatic skeletal mesh reduction module available
[2019.04.02-05.49.01:637][  0]LogMeshReduction: No automatic mesh merging module available
[2019.04.02-05.49.01:637][  0]LogMeshMerging: No automatic mesh merging module available
[2019.04.02-05.49.01:829][  0]LogNetVersion: Illuminate , NetCL: 3709383, EngineNetVer: 2, GameNetVer: 0 (Checksum: 1556659199)
[2019.04.02-05.49.03:213][  0]LogAssetRegistry: FAssetRegistry took 0.0275 seconds to start up
[2019.04.02-05.49.05:481][  0]LogPackageLocalizationCache: Processed 7 localized package path(s) for 2 prioritized culture(s) in 0.093035 seconds
[2019.04.02-05.49.05:487][  0]LogUObjectArray: 35907 objects as part of root set at end of initial load.
[2019.04.02-05.49.05:488][  0]LogUObjectAllocator: 7585960 out of 0 bytes used by permanent object pool.
[2019.04.02-05.49.05:488][  0]LogUObjectArray: CloseDisregardForGC: 0/0 objects in disregard for GC pool
[2019.04.02-05.49.54:753][  0]LogTcpMessaging: Initializing TcpMessaging bridge
[2019.04.02-05.49.54:888][  0]LogUdpMessaging: Initializing bridge on interface 0.0.0.0:0 to multicast group 230.0.0.1:6666.
[2019.04.02-05.49.58:480][  0]LogMaterial: Uniform references updated for custom material expression Custom.
[2019.04.02-05.50.00:404][  0]SourceControl: Source control is disabled
[2019.04.02-05.50.09:189][  0]LogAndroidPermission: UAndroidPermissionCallbackProxy::GetInstance
[2019.04.02-05.50.10:618][  0]LogOcInput: OculusInput pre-init called
[2019.04.02-05.50.12:138][  0]LogEngine: Initializing Engine...
[2019.04.02-05.50.12:141][  0]LogHMD: Failed to initialize OpenVR with code 110
[2019.04.02-05.50.13:786][  0]LogStats: UGameplayTagsManager::ConstructGameplayTagTree: Construct from data asset -  0.000 s
[2019.04.02-05.50.13:786][  0]LogStats: UGameplayTagsManager::ConstructGameplayTagTree: GameplayTagTreeChangedEvent.Broadcast -  0.000 s
[2019.04.02-05.50.14:181][  0]LogAIModule: Creating AISystem for world Untitled
[2019.04.02-05.50.14:212][  0]LogInit: XAudio2 using 'Speakers (Realtek High Definition Audio)' : 6 channels at 48 kHz using 32 bits per sample (channel mask 0x3f)
[2019.04.02-05.50.14:348][  0]LogInit: FAudioDevice initialized.
[2019.04.02-05.50.15:026][  0]LogDerivedDataCache: Saved boot cache 0.68s 79MB C:/Users/lockw/AppData/Local/UnrealEngine/4.18/DerivedDataCache/Boot.ddc.
[2019.04.02-05.50.15:046][  0]LogInit: Texture streaming: Enabled
[2019.04.02-05.50.15:871][  0]LogEngineSessionManager: EngineSessionManager initialized
[2019.04.02-05.50.16:266][  0]LogInit: Transaction tracking system initialized
[2019.04.02-05.50.17:621][  0]BlueprintLog: New page: Editor Load
[2019.04.02-05.50.22:198][  0]LocalizationService: Localization service is disabled
[2019.04.02-05.50.25:699][  0]LogConsoleResponse: Display: 
[2019.04.02-05.50.29:831][  0]LogCook: Display: Max memory allowance for cook 16384mb min free memory 0mb
[2019.04.02-05.50.29:831][  0]LogCook: Display: Mobile HDR setting 1
[2019.04.02-05.50.29:831][  0]LogGameplayTags: Display: UGameplayTagsManager::DoneAddingNativeTags. DelegateIsBound: 0
[2019.04.02-05.50.30:470][  0]LogFileCache: Scanning file cache for directory 'C:/Users/lockw/OneDrive/Documents/Unreal Projects/Illuminate/Content/' took 0.11s
[2019.04.02-05.50.35:195][  0]Cmd: MAP LOAD FILE="../../../../../../Users/lockw/OneDrive/Documents/Unreal Projects/Illuminate/Content/Creations/Maps/MainMenu.umap" TEMPLATE=0 SHOWPROGRESS=1 FEATURELEVEL=3
[2019.04.02-05.50.35:212][  0]LightingResults: New page: Lighting Build
[2019.04.02-05.50.35:336][  0]MapCheck: New page: Map Check
[2019.04.02-05.50.35:336][  0]LightingResults: New page: Lighting Build
[2019.04.02-05.50.53:130][  0]LogAIModule: Creating AISystem for world MainMenu
[2019.04.02-05.50.53:237][  0]LogEditorServer: Finished looking for orphan Actors (0.000 secs)
[2019.04.02-05.50.53:264][  0]Cmd: MAP CHECKDEP NOCLEARLOG
[2019.04.02-05.50.53:431][  0]MapCheck: Map check complete: 0 Error(s), 0 Warning(s), took 167.439ms to complete.
[2019.04.02-05.50.53:431][  0]LogFileHelpers: Loading map 'MainMenu' took 18.236
[2019.04.02-05.50.54:520][  0]LogCollectionManager: Loaded 0 collections in 0.006359 seconds
[2019.04.02-05.50.54:690][  0]LogFileCache: Scanning file cache for directory 'C:/Users/lockw/OneDrive/Documents/Unreal Projects/Illuminate/Saved/Collections/' took 0.01s
[2019.04.02-05.50.54:690][  0]LogFileCache: Scanning file cache for directory 'C:/Users/lockw/OneDrive/Documents/Unreal Projects/Illuminate/Content/Developers/Alex/Collections/' took 0.01s
[2019.04.02-05.50.54:690][  0]LogFileCache: Scanning file cache for directory 'C:/Users/lockw/OneDrive/Documents/Unreal Projects/Illuminate/Content/Collections/' took 0.01s
[2019.04.02-05.50.54:690][  0]LogCollectionManager: Rebuilt the GUID cache for 0 collections in 0.000001 seconds
[2019.04.02-05.50.54:700][  0]LogContentBrowser: Native class hierarchy populated in 0.0098 seconds. Added 2403 classes and 540 folders.
[2019.04.02-05.50.54:931][  0]LogContentBrowser: Native class hierarchy updated for 'WidgetCarousel' in 0.0003 seconds. Added 0 classes and 0 folders.
[2019.04.02-05.51.01:276][  0]LogContentBrowser: Native class hierarchy updated for 'AddContentDialog' in 0.0003 seconds. Added 0 classes and 0 folders.
[2019.04.02-05.51.01:535][  0]LogSlate: Took 0.037893 seconds to synchronously load lazily loaded font '../../../Engine/Content/Slate/Fonts/Roboto-Regular.ttf' (155K)
[2019.04.02-05.51.01:565][  0]LogSlate: Took 0.027896 seconds to synchronously load lazily loaded font '../../../Engine/Content/Slate/Fonts/Roboto-Bold.ttf' (160K)
[2019.04.02-05.51.01:627][  0]LogSlate: Took 0.049328 seconds to synchronously load lazily loaded font '../../../Engine/Content/Editor/Slate/Fonts/FontAwesome.ttf' (139K)
[2019.04.02-05.51.01:654][  0]LogSlate: Took 0.024483 seconds to synchronously load lazily loaded font '../../../Engine/Content/Editor/Slate/Fonts/DroidSansMono.ttf' (77K)
[2019.04.02-05.51.02:896][  0]LogRenderer: Reallocating scene render targets to support 1180x592 Format 10 NumSamples 1 (Frame:1).
[2019.04.02-05.51.03:630][  0]LogContentBrowser: Native class hierarchy updated for 'HierarchicalLODOutliner' in 0.0003 seconds. Added 1 classes and 2 folders.
[2019.04.02-05.51.03:630][  0]LogLoad: (Engine Initialization) Total time: 197.64 seconds
[2019.04.02-05.51.03:630][  0]LogLoad: (Engine Initialization) Total Blueprint compile time: 0.00 seconds
[2019.04.02-05.51.03:631][  0]LogExternalProfiler: Found external profiler: VSPerf
[2019.04.02-05.51.03:631][  0]LogExternalProfiler: Using external profiler: VSPerf
[2019.04.02-05.51.03:993][  0]LogContentStreaming: Texture pool size now 1000 MB
[2019.04.02-05.51.04:184][  0]LogSlate: Took 0.033419 seconds to synchronously load lazily loaded font '../../../Engine/Content/Slate/Fonts/Roboto-Light.ttf' (159K)
[2019.04.02-05.51.04:979][  3]LogAssetRegistry: Asset discovery search completed in 121.7892 seconds
[2019.04.02-05.51.04:986][  3]LogCollectionManager: Rebuilt the object cache for 0 collections in 0.000000 seconds (found 0 objects)
[2019.04.02-05.51.04:986][  3]LogCollectionManager: Fixed up redirectors for 0 collections in 0.000238 seconds (updated 0 objects)
[2019.04.02-05.52.51:949][ 96]SourceControl: fatal: C:/Program Files/Epic Games/UE_4.18/Engine/Content/: 'C:/Program Files/Epic Games/UE_4.18/Engine/Content/' is outside repository
[2019.04.02-05.53.44:981][ 96]SourceControl: On branch master
[2019.04.02-05.53.44:981][ 96]SourceControl: Changes to be committed:
[2019.04.02-05.53.44:981][ 96]SourceControl:   (use "git reset HEAD <file>..." to unstage)
[2019.04.02-05.53.44:981][ 96]SourceControl: 	deleted:    Illuminate/Content/Creations/shots/Planet.uasset
[2019.04.02-05.53.44:981][ 96]SourceControl: 	deleted:    Illuminate/Content/Creations/shots/Planetoid.uasset
[2019.04.02-05.53.44:981][ 96]SourceControl: 	deleted:    Illuminate/Content/Creations/shots/secondaries/Planetoid_Secondary.uasset
[2019.04.02-05.53.44:981][ 96]SourceControl: 	new file:   Illuminate/Content/Creations/shots/secondaries/solarSystem_Marker.uasset
[2019.04.02-05.53.44:981][ 96]SourceControl: 	new file:   Illuminate/Content/Creations/shots/solarSystem.uasset
[2019.04.02-05.53.44:981][ 96]SourceControl: Changes not staged for commit:
[2019.04.02-05.53.44:981][ 96]SourceControl:   (use "git add/rm <file>..." to update what will be committed)
[2019.04.02-05.53.44:981][ 96]SourceControl:   (use "git checkout -- <file>..." to discard changes in working directory)
[2019.04.02-05.53.44:981][ 96]SourceControl: 	modified:   Illuminate/Build/WindowsNoEditor/FileOpenOrder/CookerOpenOrder.log
[2019.04.02-05.53.44:981][ 96]SourceControl: 	modified:   Illuminate/Build/WindowsNoEditor/FileOpenOrder/EditorOpenOrder.log
[2019.04.02-05.53.44:981][ 96]SourceControl: 	modified:   Illuminate/Content/Creations/Maps/TestMap.umap
[2019.04.02-05.53.44:981][ 96]SourceControl: 	modified:   Illuminate/Content/Creations/Widgets/WeaponSelect.uasset
[2019.04.02-05.53.44:981][ 96]SourceControl: 	modified:   Illuminate/Content/Creations/shots/Comet.uasset
[2019.04.02-05.53.44:981][ 96]SourceControl: 	modified:   Illuminate/Content/Creations/shots/Ensnare.uasset
[2019.04.02-05.53.44:981][ 96]SourceControl: 	modified:   Illuminate/Content/Creations/shots/secondaries/ChaosMarker.uasset
[2019.04.02-05.53.44:981][ 96]SourceControl: 	modified:   Illuminate/Content/Creations/shots/secondaries/IceShard.uasset
[2019.04.02-05.53.44:981][ 96]SourceControl: 	modified:   Illuminate/Content/Creations/shots/secondaries/IceStormMarker.uasset
[2019.04.02-05.53.44:982][ 96]SourceControl: 	modified:   Illuminate/Content/Creations/shots/secondaries/solarSystem_Marker.uasset
[2019.04.02-05.53.44:982][ 96]SourceControl: 	modified:   Illuminate/Intermediate/AssetRegistryCache/c90e3f55.bin
[2019.04.02-05.53.44:982][ 96]SourceControl: 	modified:   Illuminate/Intermediate/Build/BuildRules/IlluminateModuleRules.dll
[2019.04.02-05.53.44:982][ 96]SourceControl: 	modified:   Illuminate/Intermediate/Build/BuildRules/IlluminateModuleRules.pdb
[2019.04.02-05.53.44:982][ 96]SourceControl: 	modified:   Illuminate/Intermediate/CachedAssetRegistry.bin
[2019.04.02-05.53.44:982][ 96]SourceControl: 	modified:   Illuminate/Saved/AutoScreenshot.png
[2019.04.02-05.53.44:982][ 96]SourceControl: 	modified:   Illuminate/Saved/Autosaves/Game/Creations/Maps/TestMap_Auto1.umap
[2019.04.02-05.53.44:982][ 96]SourceControl: 	modified:   Illuminate/Saved/Autosaves/PackageRestoreData.json
[2019.04.02-05.53.44:982][ 96]SourceControl: 	deleted:    Illuminate/Saved/Backup/TestMap_2019-02-19-20-48-02.umap
[2019.04.02-05.53.44:982][ 96]SourceControl: 	deleted:    Illuminate/Saved/Backup/TestMap_2019-02-19-21-00-53.umap
[2019.04.02-05.53.44:982][ 96]SourceControl: 	modified:   Illuminate/Saved/Config/Windows/Editor.ini
[2019.04.02-05.53.44:982][ 96]SourceControl: 	modified:   Illuminate/Saved/Config/Windows/EditorPerProjectUserSettings.ini
[2019.04.02-05.53.44:982][ 96]SourceControl: 	modified:   Illuminate/Saved/Cooked/WindowsNoEditor/Illuminate/AssetRegistry.bin
[2019.04.02-05.53.44:982][ 96]SourceControl: 	modified:   Illuminate/Saved/Cooked/WindowsNoEditor/Illuminate/Content/AdvancedMagicFX13/DemoRoomData/Blueprints/BP_DemoDisplay_Enum.uexp
[2019.04.02-05.53.44:982][ 96]SourceControl: 	modified:   Illuminate/Saved/Cooked/WindowsNoEditor/Illuminate/Content/AdvancedMagicFX13/DemoRoomData/Blueprints/BP_DemoRoom_Enum.uexp
[2019.04.02-05.53.44:982][ 96]SourceControl: 	modified:   Illuminate/Saved/Cooked/WindowsNoEditor/Illuminate/Content/AdvancedMagicFX13/Maps/Overview.uexp
[2019.04.02-05.53.44:982][ 96]SourceControl: 	modified:   Illuminate/Saved/Cooked/WindowsNoEditor/Illuminate/Content/Creations/GInstances/MainGm.uasset
[2019.04.02-05.53.44:982][ 96]SourceControl: 	modified:   Illuminate/Saved/Cooked/WindowsNoEditor/Illuminate/Content/Creations/GInstances/MainGm.uexp
[2019.04.02-05.53.44:982][ 96]SourceControl: 	modified:   Illuminate/Saved/Cooked/WindowsNoEditor/Illuminate/Content/Creations/GInstances/mainPC.uasset
[2019.04.02-05.53.44:982][ 96]SourceControl: 	modified:   Illuminate/Saved/Cooked/WindowsNoEditor/Illuminate/Content/Creations/GInstances/mainPC.uexp
[2019.04.02-05.53.44:982][ 96]SourceControl: 	modified:   Illuminate/Saved/Cooked/WindowsNoEditor/Illuminate/Content/Creations/Maps/MainMenu.umap
[2019.04.02-05.53.44:982][ 96]SourceControl: 	modified:   Illuminate/Saved/Cooked/WindowsNoEditor/Illuminate/Content/Creations/Maps/MainMenu_BuiltData.uasset
[2019.04.02-05.53.44:982][ 96]SourceControl: 	modified:   Illuminate/Saved/Cooked/WindowsNoEditor/Illuminate/Content/Creations/Maps/MultiplayerLobby.umap
[2019.04.02-05.53.44:982][ 96]SourceControl: 	modified:   Illuminate/Saved/Cooked/WindowsNoEditor/Illuminate/Content/Creations/Maps/TestMap.uexp
[2019.04.02-05.53.44:982][ 96]SourceControl: 	modified:   Illuminate/Saved/Cooked/WindowsNoEditor/Illuminate/Content/Creations/Maps/TestMap.umap
[2019.04.02-05.53.44:982][ 96]SourceControl: 	modified:   Illuminate/Saved/Cooked/WindowsNoEditor/Illuminate/Content/Creations/Other/testTwinstickPawn.uasset
[2019.04.02-05.53.44:982][ 96]SourceControl: 	modified:   Illuminate/Saved/Cooked/WindowsNoEditor/Illuminate/Content/Creations/Other/testTwinstickPawn.uexp
[2019.04.02-05.53.44:982][ 96]SourceControl: 	modified:   Illuminate/Saved/Cooked/WindowsNoEditor/Illuminate/Content/Creations/Walls/Fortress.uasset
[2019.04.02-05.53.44:982][ 96]SourceControl: 	modified:   Illuminate/Saved/Cooked/WindowsNoEditor/Illuminate/Content/Creations/Walls/Wall.uasset
[2019.04.02-05.53.44:982][ 96]SourceControl: 	modified:   Illuminate/Saved/Cooked/WindowsNoEditor/Illuminate/Content/Creations/Walls/Wall.uexp
[2019.04.02-05.53.44:982][ 96]SourceControl: 	modified:   Illuminate/Saved/Cooked/WindowsNoEditor/Illuminate/Content/Creations/Widgets/MultiplayerLobbyWidget.uasset
[2019.04.02-05.53.44:982][ 96]SourceControl: 	modified:   Illuminate/Saved/Cooked/WindowsNoEditor/Illuminate/Content/Creations/Widgets/MultiplayerLobbyWidget.uexp
[2019.04.02-05.53.44:982][ 96]SourceControl: 	modified:   Illuminate/Saved/Cooked/WindowsNoEditor/Illuminate/Content/Creations/Widgets/WeaponSelect.uasset
[2019.04.02-05.53.44:982][ 96]SourceControl: 	modified:   Illuminate/Saved/Cooked/WindowsNoEditor/Illuminate/Content/Creations/Widgets/WeaponSelect.uexp
[2019.04.02-05.53.44:982][ 96]SourceControl: 	modified:   Illuminate/Saved/Cooked/WindowsNoEditor/Illuminate/Content/Creations/Widgets/WeaponsandHP.uasset
[2019.04.02-05.53.44:982][ 96]SourceControl: 	modified:   Illuminate/Saved/Cooked/WindowsNoEditor/Illuminate/Content/Creations/Widgets/WeaponsandHP.uexp
[2019.04.02-05.53.44:982][ 96]SourceControl: 	modified:   Illuminate/Saved/Cooked/WindowsNoEditor/Illuminate/Content/Creations/shots/Chaos.uasset
[2019.04.02-05.53.44:982][ 96]SourceControl: 	modified:   Illuminate/Saved/Cooked/WindowsNoEditor/Illuminate/Content/Creations/shots/DustDevil.uasset
[2019.04.02-05.53.44:983][ 96]SourceControl: 	modified:   Illuminate/Saved/Cooked/WindowsNoEditor/Illuminate/Content/Creations/shots/Ensnare.uasset
[2019.04.02-05.53.44:983][ 96]SourceControl: 	modified:   Illuminate/Saved/Cooked/WindowsNoEditor/Illuminate/Content/Creations/shots/Ensnare.uexp
[2019.04.02-05.53.44:983][ 96]SourceControl: 	modified:   Illuminate/Saved/Cooked/WindowsNoEditor/Illuminate/Content/Creations/shots/IceStorm.uasset
[2019.04.02-05.53.44:983][ 96]SourceControl: 	modified:   Illuminate/Saved/Cooked/WindowsNoEditor/Illuminate/Content/Creations/shots/Icicle.uasset
[2019.04.02-05.53.44:983][ 96]SourceControl: 	modified:   Illuminate/Saved/Cooked/WindowsNoEditor/Illuminate/Content/Creations/shots/secondaries/ChaosMarker.uasset
[2019.04.02-05.53.44:983][ 96]SourceControl: 	modified:   Illuminate/Saved/Cooked/WindowsNoEditor/Illuminate/Content/Creations/shots/secondaries/ChaosMarker.uexp
[2019.04.02-05.53.44:983][ 96]SourceControl: 	modified:   Illuminate/Saved/Cooked/WindowsNoEditor/Illuminate/Content/Creations/shots/secondaries/IceShard.uasset
[2019.04.02-05.53.44:983][ 96]SourceControl: 	modified:   Illuminate/Saved/Cooked/WindowsNoEditor/Illuminate/Content/Creations/shots/secondaries/IceShard.uexp
[2019.04.02-05.53.44:983][ 96]SourceControl: 	modified:   Illuminate/Saved/Cooked/WindowsNoEditor/Illuminate/Content/Creations/shots/secondaries/IceStormMarker.uasset
[2019.04.02-05.53.44:983][ 96]SourceControl: 	modified:   Illuminate/Saved/Cooked/WindowsNoEditor/Illuminate/Content/Creations/shots/secondaries/IceStormMarker.uexp
[2019.04.02-05.53.44:983][ 96]SourceControl: 	modified:   Illuminate/Saved/Cooked/WindowsNoEditor/Illuminate/Content/InfinityBladeEffects/Maps/Overview.uexp
[2019.04.02-05.53.44:983][ 96]SourceControl: 	modified:   Illuminate/Saved/Cooked/WindowsNoEditor/Illuminate/CookedIniVersion.txt
[2019.04.02-05.53.44:983][ 96]SourceControl: 	modified:   Illuminate/Saved/Cooked/WindowsNoEditor/Illuminate/DevelopmentAssetRegistry.bin
[2019.04.02-05.53.44:983][ 96]SourceControl: 	modified:   Illuminate/Saved/Logs/Illuminate.log
[2019.04.02-05.53.44:983][ 96]SourceControl: 	deleted:    Illuminate/Saved/Logs/Illuminate_2-backup-2019.03.31-18.32.11.log
[2019.04.02-05.53.44:983][ 96]SourceControl: 	deleted:    Illuminate/Saved/Logs/Illuminate_2-backup-2019.03.31-18.32.47.log
[2019.04.02-05.53.44:983][ 96]SourceControl: 	deleted:    Illuminate/Saved/Logs/Illuminate_2-backup-2019.03.31-18.33.00.log
[2019.04.02-05.53.44:983][ 96]SourceControl: 	deleted:    Illuminate/Saved/Logs/Illuminate_2-backup-2019.03.31-18.39.20.log
[2019.04.02-05.53.44:983][ 96]SourceControl: 	deleted:    Illuminate/Saved/Logs/Illuminate_2-backup-2019.03.31-18.42.18.log
[2019.04.02-05.53.44:983][ 96]SourceControl: 	deleted:    Illuminate/Saved/Logs/Illuminate_2-backup-2019.03.31-18.53.03.log
[2019.04.02-05.53.44:983][ 96]SourceControl: 	deleted:    Illuminate/Saved/Logs/Illuminate_2-backup-2019.03.31-18.53.51.log
[2019.04.02-05.53.44:983][ 96]SourceControl: 	deleted:    Illuminate/Saved/Logs/Illuminate_2-backup-2019.03.31-18.56.54.log
[2019.04.02-05.53.44:983][ 96]SourceControl: 	deleted:    Illuminate/Saved/Logs/Illuminate_2-backup-2019.03.31-18.59.23.log
[2019.04.02-05.53.44:984][ 96]SourceControl: 	deleted:    Illuminate/Saved/Logs/Illuminate_2-backup-2019.03.31-19.00.39.log
[2019.04.02-05.53.44:984][ 96]SourceControl: 	modified:   Illuminate/Saved/Logs/Illuminate_2.log
[2019.04.02-05.53.44:984][ 96]SourceControl: 	modified:   Illuminate/Saved/StagedBuilds/WindowsNoEditor/Manifest_NonUFSFiles_Win64.txt
[2019.04.02-05.53.44:984][ 96]SourceControl: 	modified:   README.md
[2019.04.02-05.53.44:984][ 96]SourceControl: Untracked files:
[2019.04.02-05.53.44:984][ 96]SourceControl:   (use "git add <file>..." to include in what will be committed)
[2019.04.02-05.53.44:984][ 96]SourceControl: 	Illuminate/Saved/Backup/ChaosMarker_2019-03-31-22-21-49.uasset
[2019.04.02-05.53.44:984][ 96]SourceControl: 	Illuminate/Saved/Backup/ChaosMarker_2019-03-31-22-26-56.uasset
[2019.04.02-05.53.44:984][ 96]SourceControl: 	Illuminate/Saved/Backup/Comet_2019-03-31-19-19-09.uasset
[2019.04.02-05.53.44:984][ 96]SourceControl: 	Illuminate/Saved/Backup/Comet_2019-03-31-22-21-49.uasset
[2019.04.02-05.53.44:984][ 96]SourceControl: 	Illuminate/Saved/Backup/Comet_2019-03-31-22-32-40.uasset
[2019.04.02-05.53.44:984][ 96]SourceControl: 	Illuminate/Saved/Backup/Ensnare_2019-03-31-22-21-49.uasset
[2019.04.02-05.53.44:984][ 96]SourceControl: 	Illuminate/Saved/Backup/IceShard_2019-03-31-22-35-27.uasset
[2019.04.02-05.53.44:985][ 96]SourceControl: 	Illuminate/Saved/Backup/IceShard_2019-03-31-22-43-30.uasset
[2019.04.02-05.53.44:985][ 96]SourceControl: 	Illuminate/Saved/Backup/IceShard_2019-03-31-22-49-57.uasset
[2019.04.02-05.53.44:985][ 96]SourceControl: 	Illuminate/Saved/Backup/IceStormMarker_2019-03-31-22-26-56.uasset
[2019.04.02-05.53.44:985][ 96]SourceControl: 	Illuminate/Saved/Backup/IceStormMarker_2019-03-31-22-35-27.uasset
[2019.04.02-05.53.44:985][ 96]SourceControl: 	Illuminate/Saved/Backup/TestMap_2019-03-31-22-40-49.umap
[2019.04.02-05.53.44:985][ 96]SourceControl: 	Illuminate/Saved/Backup/WeaponSelect_2019-03-31-22-21-50.uasset
[2019.04.02-05.53.44:985][ 96]SourceControl: 	Illuminate/Saved/Backup/WeaponSelect_2019-03-31-22-26-57.uasset
[2019.04.02-05.53.44:985][ 96]SourceControl: 	Illuminate/Saved/Backup/WeaponSelect_2019-03-31-22-48-28.uasset
[2019.04.02-05.53.44:985][ 96]SourceControl: 	Illuminate/Saved/Backup/solarSystem_Marker_2019-03-31-22-21-49.uasset
[2019.04.02-05.53.44:985][ 96]SourceControl: 	Illuminate/Saved/Backup/solarSystem_Marker_2019-03-31-22-26-56.uasset
[2019.04.02-05.53.44:985][ 96]SourceControl: 	Illuminate/Saved/Backup/solarSystem_Marker_2019-03-31-22-32-40.uasset
[2019.04.02-05.53.44:985][ 96]SourceControl: 	Illuminate/Saved/Config/CrashReportClient/UE4CC-Windows-02168A26400906B64190FD8503DF08E1/
[2019.04.02-05.53.44:985][ 96]SourceControl: 	Illuminate/Saved/Config/CrashReportClient/UE4CC-Windows-0B2040F6476CADE21F4B36AA312B7FDA/
[2019.04.02-05.53.44:985][ 96]SourceControl: 	Illuminate/Saved/Config/CrashReportClient/UE4CC-Windows-0CD3D6E5464372C3971AE88542B10AAC/
[2019.04.02-05.53.44:985][ 96]SourceControl: 	Illuminate/Saved/Config/CrashReportClient/UE4CC-Windows-0D564B4B477014AEEDB8A1834C8ABEEA/
[2019.04.02-05.53.44:985][ 96]SourceControl: 	Illuminate/Saved/Config/CrashReportClient/UE4CC-Windows-141359E046241057E21878989079266F/
[2019.04.02-05.53.44:985][ 96]SourceControl: 	Illuminate/Saved/Config/CrashReportClient/UE4CC-Windows-1B9A6382479B247E6AB05FB58D15B4FB/
[2019.04.02-05.53.44:985][ 96]SourceControl: 	Illuminate/Saved/Config/CrashReportClient/UE4CC-Windows-281354A740F87E34CF50E5B1BAE8DA94/
[2019.04.02-05.53.44:985][ 96]SourceControl: 	Illuminate/Saved/Config/CrashReportClient/UE4CC-Windows-2C304FC947958067F7C8E1A5F90C655E/
[2019.04.02-05.53.44:985][ 96]SourceControl: 	Illuminate/Saved/Config/CrashReportClient/UE4CC-Windows-366770E643ACD0A36E6786BB1078EE1F/
[2019.04.02-05.53.44:985][ 96]SourceControl: 	Illuminate/Saved/Config/CrashReportClient/UE4CC-Windows-3687E77A4D9151CE9DD8BF8FDEFB17EC/
[2019.04.02-05.53.44:985][ 96]SourceControl: 	Illuminate/Saved/Config/CrashReportClient/UE4CC-Windows-38E193774D190F8527E2CC95D50F9E47/
[2019.04.02-05.53.44:985][ 96]SourceControl: 	Illuminate/Saved/Config/CrashReportClient/UE4CC-Windows-398393454EF23424243C89AB95FB4828/
[2019.04.02-05.53.44:985][ 96]SourceControl: 	Illuminate/Saved/Config/CrashReportClient/UE4CC-Windows-3EA6E7864F0D85806EF56D8AB81BB835/
[2019.04.02-05.53.44:986][ 96]SourceControl: 	Illuminate/Saved/Config/CrashReportClient/UE4CC-Windows-4E387C4243599AC01229C9A78A6E5AF5/
[2019.04.02-05.53.44:986][ 96]SourceControl: 	Illuminate/Saved/Config/CrashReportClient/UE4CC-Windows-622D0E6E4DB7EC01977B7DAE3661BE4F/
[2019.04.02-05.53.44:986][ 96]SourceControl: 	Illuminate/Saved/Config/CrashReportClient/UE4CC-Windows-6D588BB94FB4206800E2D682EDCAA6D0/
[2019.04.02-05.53.44:986][ 96]SourceControl: 	Illuminate/Saved/Config/CrashReportClient/UE4CC-Windows-782852294AD47FDEB6A9639D85E7A269/
[2019.04.02-05.53.44:986][ 96]SourceControl: 	Illuminate/Saved/Config/CrashReportClient/UE4CC-Windows-7F4EADED4A388B61C18D9AB9A169C7CD/
[2019.04.02-05.53.44:986][ 96]SourceControl: 	Illuminate/Saved/Config/CrashReportClient/UE4CC-Windows-DACDEF2745520DFBBFF5CDA848CA8B7F/
[2019.04.02-05.53.44:986][ 96]SourceControl: 	Illuminate/Saved/Config/CrashReportClient/UE4CC-Windows-F83BC65F427C996169AEF1B2564C6B0C/
[2019.04.02-05.53.44:986][ 96]SourceControl: 	Illuminate/Saved/Cooked/WindowsNoEditor/Illuminate/Content/Creations/shots/CHICKEN.uasset
[2019.04.02-05.53.44:986][ 96]SourceControl: 	Illuminate/Saved/Cooked/WindowsNoEditor/Illuminate/Content/Creations/shots/CHICKEN.uexp
[2019.04.02-05.53.44:986][ 96]SourceControl: 	Illuminate/Saved/Cooked/WindowsNoEditor/Illuminate/Content/Creations/shots/Comet.uasset
[2019.04.02-05.53.44:986][ 96]SourceControl: 	Illuminate/Saved/Cooked/WindowsNoEditor/Illuminate/Content/Creations/shots/Comet.uexp
[2019.04.02-05.53.44:986][ 96]SourceControl: 	Illuminate/Saved/Cooked/WindowsNoEditor/Illuminate/Content/Creations/shots/Meshes/S_Survival_CA_Chicken_02.uasset
[2019.04.02-05.53.44:986][ 96]SourceControl: 	Illuminate/Saved/Cooked/WindowsNoEditor/Illuminate/Content/Creations/shots/Meshes/S_Survival_CA_Chicken_02.uexp
[2019.04.02-05.53.44:986][ 96]SourceControl: 	Illuminate/Saved/Cooked/WindowsNoEditor/Illuminate/Content/Creations/shots/Meshes/chickenMesh.uasset
[2019.04.02-05.53.44:986][ 96]SourceControl: 	Illuminate/Saved/Cooked/WindowsNoEditor/Illuminate/Content/Creations/shots/Meshes/chickenMesh.uexp
[2019.04.02-05.53.44:986][ 96]SourceControl: 	Illuminate/Saved/Cooked/WindowsNoEditor/Illuminate/Content/Creations/shots/Piercer.uasset
[2019.04.02-05.53.44:986][ 96]SourceControl: 	Illuminate/Saved/Cooked/WindowsNoEditor/Illuminate/Content/Creations/shots/Piercer.uexp
[2019.04.02-05.53.44:986][ 96]SourceControl: 	Illuminate/Saved/Cooked/WindowsNoEditor/Illuminate/Content/Creations/shots/Sniper.uasset
[2019.04.02-05.53.44:986][ 96]SourceControl: 	Illuminate/Saved/Cooked/WindowsNoEditor/Illuminate/Content/Creations/shots/Sniper.uexp
[2019.04.02-05.53.44:986][ 96]SourceControl: 	Illuminate/Saved/Cooked/WindowsNoEditor/Illuminate/Content/Creations/shots/secondaries/Comet_Secondary.uasset
[2019.04.02-05.53.44:986][ 96]SourceControl: 	Illuminate/Saved/Cooked/WindowsNoEditor/Illuminate/Content/Creations/shots/secondaries/Comet_Secondary.uexp
[2019.04.02-05.53.44:986][ 96]SourceControl: 	Illuminate/Saved/Cooked/WindowsNoEditor/Illuminate/Content/Creations/shots/secondaries/chicken_secondary.uasset
[2019.04.02-05.53.44:986][ 96]SourceControl: 	Illuminate/Saved/Cooked/WindowsNoEditor/Illuminate/Content/Creations/shots/secondaries/chicken_secondary.uexp
[2019.04.02-05.53.44:986][ 96]SourceControl: 	Illuminate/Saved/Cooked/WindowsNoEditor/Illuminate/Content/Creations/shots/secondaries/solarSystem_Marker.uasset
[2019.04.02-05.53.44:987][ 96]SourceControl: 	Illuminate/Saved/Cooked/WindowsNoEditor/Illuminate/Content/Creations/shots/secondaries/solarSystem_Marker.uexp
[2019.04.02-05.53.44:987][ 96]SourceControl: 	Illuminate/Saved/Cooked/WindowsNoEditor/Illuminate/Content/Creations/shots/solarSystem.uasset
[2019.04.02-05.53.44:987][ 96]SourceControl: 	Illuminate/Saved/Cooked/WindowsNoEditor/Illuminate/Content/Creations/shots/solarSystem.uexp
[2019.04.02-05.53.44:987][ 96]SourceControl: 	Illuminate/Saved/Logs/Illuminate-backup-2019.03.31-21.10.11.log
[2019.04.02-05.53.44:987][ 96]SourceControl: 	Illuminate/Saved/Logs/Illuminate-backup-2019.04.01-13.09.14.log
[2019.04.02-05.53.44:987][ 96]SourceControl: 	Illuminate/Saved/Logs/Illuminate-backup-2019.04.01-22.48.02.log
[2019.04.02-05.53.44:987][ 96]SourceControl: 	Illuminate/Saved/Logs/Illuminate_2-backup-2019.03.31-22.30.39.log
[2019.04.02-05.53.44:987][ 96]SourceControl: 	Illuminate/Saved/Logs/Illuminate_2-backup-2019.03.31-22.32.46.log
[2019.04.02-05.53.44:987][ 96]SourceControl: 	Illuminate/Saved/Logs/Illuminate_2-backup-2019.03.31-22.35.34.log
[2019.04.02-05.53.44:987][ 96]SourceControl: 	Illuminate/Saved/Logs/Illuminate_2-backup-2019.03.31-22.35.47.log
[2019.04.02-05.53.44:987][ 96]SourceControl: 	Illuminate/Saved/Logs/Illuminate_2-backup-2019.03.31-22.36.01.log
[2019.04.02-05.53.44:987][ 96]SourceControl: 	Illuminate/Saved/Logs/Illuminate_2-backup-2019.03.31-22.37.28.log
[2019.04.02-05.53.44:987][ 96]SourceControl: 	Illuminate/Saved/Logs/Illuminate_2-backup-2019.03.31-22.38.28.log
[2019.04.02-05.53.44:987][ 96]SourceControl: 	Illuminate/Saved/Logs/Illuminate_2-backup-2019.03.31-22.41.41.log
[2019.04.02-05.53.44:987][ 96]SourceControl: 	Illuminate/Saved/Logs/Illuminate_2-backup-2019.03.31-22.43.34.log
[2019.04.02-05.53.44:987][ 96]SourceControl: 	Illuminate/Saved/Logs/Illuminate_2-backup-2019.03.31-22.45.09.log
[2019.04.02-05.54.34:936][ 96]LogWindowsTextInputMethodSystem: Display: IME system now deactivated.
[2019.04.02-05.58.54:641][ 96]LogSourceControl: FGitCheckInWorker: commit successful
[2019.04.02-05.58.54:993][ 96]SourceControl: [master ddd61f4] test commit
[2019.04.02-05.58.54:993][ 96]SourceControl:  1 file changed, 0 insertions(+), 0 deletions(-)
[2019.04.02-05.58.54:993][ 96]SourceControl:  rewrite Illuminate/Content/Creations/Widgets/WeaponSelect.uasset (72%)
[2019.04.02-05.58.55:019][ 96]SourceControl: Commited [master ddd61f4] test commit.
[2019.04.02-05.58.55:030][ 97]Cmd: QUIT_EDITOR
[2019.04.02-05.58.55:368][ 97]LogExit: Preparing to exit.
[2019.04.02-05.58.56:172][ 97]LogDirectoryWatcher: A directory notification for 'C:/Users/lockw/OneDrive/Documents/Unreal Projects/Illuminate/Content/' was aborted.
[2019.04.02-05.58.56:216][ 97]LogExit: Editor shut down
[2019.04.02-05.58.56:220][ 97]LogExit: Transaction tracking system shut down
[2019.04.02-05.58.56:399][ 97]LogDirectoryWatcher: A directory notification for '../../../Engine/Content/' was aborted.
[2019.04.02-05.58.56:399][ 97]LogDirectoryWatcher: A directory notification for '../../../../../../Users/lockw/OneDrive/Documents/Unreal Projects/Illuminate/Content/' was aborted.
[2019.04.02-05.58.56:399][ 97]LogDirectoryWatcher: A directory notification for '../../../Engine/Plugins/2D/Paper2D/Content/' was aborted.
[2019.04.02-05.58.56:399][ 97]LogDirectoryWatcher: A directory notification for '../../../Engine/Plugins/Media/MediaCompositing/Content/' was aborted.
[2019.04.02-05.58.56:400][ 97]LogDirectoryWatcher: A directory notification for '../../../Engine/Plugins/Runtime/AppleARKit/Content/' was aborted.
[2019.04.02-05.58.56:400][ 97]LogDirectoryWatcher: A directory notification for '../../../Engine/Plugins/Runtime/Oculus/OculusVR/Content/' was aborted.
[2019.04.02-05.58.56:400][ 97]LogDirectoryWatcher: A directory notification for '../../../Engine/Plugins/Runtime/Steam/SteamVR/Content/' was aborted.
[2019.04.02-05.58.56:597][ 97]LogExit: Object subsystem successfully closed.
[2019.04.02-05.58.56:622][ 97]LogD3D11RHI: Shutdown
[2019.04.02-05.58.56:622][ 97]LogD3D11RHI: CleanupD3DDevice
[2019.04.02-05.58.56:642][ 97]LogD3D11RHI: ~FD3D11DynamicRHI
[2019.04.02-05.58.57:427][ 97]LogModuleManager: Shutting down and abandoning module HierarchicalLODOutliner (564)
[2019.04.02-05.58.57:427][ 97]LogModuleManager: Shutting down and abandoning module AddContentDialog (562)
[2019.04.02-05.58.57:427][ 97]LogDirectoryWatcher: A directory notification for 'C:/Program Files/Epic Games/UE_4.18/FeaturePacks/' was aborted.
[2019.04.02-05.58.57:428][ 97]LogModuleManager: Shutting down and abandoning module WidgetCarousel (561)
[2019.04.02-05.58.57:428][ 97]LogModuleManager: Shutting down and abandoning module EditorWidgets (558)
[2019.04.02-05.58.57:428][ 97]LogModuleManager: Shutting down and abandoning module CollectionManager (556)
[2019.04.02-05.58.57:428][ 97]LogDirectoryWatcher: A directory notification for 'C:/Users/lockw/OneDrive/Documents/Unreal Projects/Illuminate/Content/Collections/' was aborted.
[2019.04.02-05.58.57:429][ 97]LogDirectoryWatcher: A directory notification for 'C:/Users/lockw/OneDrive/Documents/Unreal Projects/Illuminate/Content/Developers/Alex/Collections/' was aborted.
[2019.04.02-05.58.57:429][ 97]LogDirectoryWatcher: A directory notification for 'C:/Users/lockw/OneDrive/Documents/Unreal Projects/Illuminate/Saved/Collections/' was aborted.
[2019.04.02-05.58.57:429][ 97]LogModuleManager: Shutting down and abandoning module StatsViewer (554)
[2019.04.02-05.58.57:429][ 97]LogModuleManager: Shutting down and abandoning module FoliageEdit (552)
[2019.04.02-05.58.57:429][ 97]LogModuleManager: Shutting down and abandoning module LandscapeEditor (550)
[2019.04.02-05.58.57:464][ 97]LogModuleManager: Shutting down and abandoning module MeshPaintMode (548)
[2019.04.02-05.58.57:494][ 97]LogModuleManager: Shutting down and abandoning module SceneDepthPickerMode (546)
[2019.04.02-05.58.57:494][ 97]LogModuleManager: Shutting down and abandoning module ActorPickerMode (544)
[2019.04.02-05.58.57:494][ 97]LogModuleManager: Shutting down and abandoning module GeometryMode (542)
[2019.04.02-05.58.57:494][ 97]LogModuleManager: Shutting down and abandoning module TextureAlignMode (540)
[2019.04.02-05.58.57:494][ 97]LogModuleManager: Shutting down and abandoning module BspMode (538)
[2019.04.02-05.58.57:494][ 97]LogModuleManager: Shutting down and abandoning module PIEPreviewDeviceProfileSelector (536)
[2019.04.02-05.58.57:494][ 97]LogModuleManager: Shutting down and abandoning module HardwareSurvey (534)
[2019.04.02-05.58.57:494][ 97]LogModuleManager: Shutting down and abandoning module SequenceRecorderSections (532)
[2019.04.02-05.58.57:494][ 97]LogModuleManager: Shutting down and abandoning module AutomationWorker (530)
[2019.04.02-05.58.57:494][ 97]LogModuleManager: Shutting down and abandoning module MatineeToLevelSequence (528)
[2019.04.02-05.58.57:516][ 97]LogModuleManager: Shutting down and abandoning module LevelSequenceEditor (526)
[2019.04.02-05.58.57:516][ 97]LogModuleManager: Shutting down and abandoning module PlacementMode (525)
[2019.04.02-05.58.57:516][ 97]LogModuleManager: Shutting down and abandoning module WmfMediaFactory (522)
[2019.04.02-05.58.57:516][ 97]LogModuleManager: Shutting down and abandoning module WmfMediaEditor (520)
[2019.04.02-05.58.57:516][ 97]LogModuleManager: Shutting down and abandoning module OpenExrWrapper (518)
[2019.04.02-05.58.57:516][ 97]LogModuleManager: Shutting down and abandoning module ImgMediaFactory (516)
[2019.04.02-05.58.57:516][ 97]LogModuleManager: Shutting down and abandoning module ImgMediaEditor (514)
[2019.04.02-05.58.57:516][ 97]LogModuleManager: Shutting down and abandoning module AvfMediaFactory (512)
[2019.04.02-05.58.57:516][ 97]LogModuleManager: Shutting down and abandoning module AvfMediaEditor (510)
[2019.04.02-05.58.57:516][ 97]LogModuleManager: Shutting down and abandoning module AndroidMediaFactory (508)
[2019.04.02-05.58.57:516][ 97]LogModuleManager: Shutting down and abandoning module AndroidMediaEditor (506)
[2019.04.02-05.58.57:516][ 97]LogModuleManager: Shutting down and abandoning module CharacterAI (504)
[2019.04.02-05.58.57:516][ 97]LogModuleManager: Shutting down and abandoning module AudioCapture (502)
[2019.04.02-05.58.57:516][ 97]LogModuleManager: Shutting down and abandoning module SequenceRecorder (501)
[2019.04.02-05.58.57:516][ 97]LogModuleManager: Shutting down and abandoning module SmartSnapping (498)
[2019.04.02-05.58.57:517][ 97]LogModuleManager: Shutting down and abandoning module SessionServices (496)
[2019.04.02-05.58.57:517][ 97]LogModuleManager: Shutting down and abandoning module ViewportSnapping (494)
[2019.04.02-05.58.57:517][ 97]LogModuleManager: Shutting down and abandoning module ViewportInteraction (492)
[2019.04.02-05.58.57:517][ 97]LogModuleManager: Shutting down and abandoning module ClothPainter (490)
[2019.04.02-05.58.57:517][ 97]LogModuleManager: Shutting down and abandoning module SkeletalMeshEditor (489)
[2019.04.02-05.58.57:594][ 97]LogModuleManager: Shutting down and abandoning module LogVisualizer (486)
[2019.04.02-05.58.57:743][ 97]LogModuleManager: Shutting down and abandoning module IntroTutorials (484)
[2019.04.02-05.58.57:743][ 97]LogModuleManager: Shutting down and abandoning module GameProjectGeneration (483)
[2019.04.02-05.58.57:743][ 97]LogModuleManager: Shutting down and abandoning module IOSPlatformEditor (480)
[2019.04.02-05.58.57:743][ 97]LogModuleManager: Shutting down and abandoning module HTML5PlatformEditor (478)
[2019.04.02-05.58.57:743][ 97]LogModuleManager: Shutting down and abandoning module AndroidPlatformEditor (476)
[2019.04.02-05.58.57:743][ 97]LogModuleManager: Shutting down and abandoning module AndroidDeviceDetection (475)
[2019.04.02-05.58.58:063][ 97]LogModuleManager: Shutting down and abandoning module WindowsPlatformEditor (472)
[2019.04.02-05.58.58:064][ 97]LogModuleManager: Shutting down and abandoning module IOSRuntimeSettings (470)
[2019.04.02-05.58.58:064][ 97]LogModuleManager: Shutting down and abandoning module AndroidRuntimeSettings (468)
[2019.04.02-05.58.58:064][ 97]LogModuleManager: Shutting down and abandoning module InputBindingEditor (466)
[2019.04.02-05.58.58:080][ 97]LogModuleManager: Shutting down and abandoning module MergeActors (464)
[2019.04.02-05.58.58:116][ 97]LogModuleManager: Shutting down and abandoning module SizeMap (462)
[2019.04.02-05.58.58:116][ 97]LogModuleManager: Shutting down and abandoning module TreeMap (460)
[2019.04.02-05.58.58:300][ 97]LogModuleManager: Shutting down and abandoning module ReferenceViewer (458)
[2019.04.02-05.58.58:300][ 97]LogModuleManager: Shutting down and abandoning module LocalizationDashboard (456)
[2019.04.02-05.58.58:392][ 97]LogModuleManager: Shutting down and abandoning module LocalizationService (455)
[2019.04.02-05.58.58:405][ 97]LogModuleManager: Shutting down and abandoning module HardwareTargeting (452)
[2019.04.02-05.58.58:405][ 97]LogModuleManager: Shutting down and abandoning module DeviceProfileEditor (450)
[2019.04.02-05.58.58:405][ 97]LogModuleManager: Shutting down and abandoning module UndoHistory (448)
[2019.04.02-05.58.58:405][ 97]LogModuleManager: Shutting down and abandoning module XmlParser (446)
[2019.04.02-05.58.58:405][ 97]LogModuleManager: Shutting down and abandoning module Blutility (444)
[2019.04.02-05.58.58:405][ 97]LogModuleManager: Shutting down and abandoning module ProjectSettingsViewer (442)
[2019.04.02-05.58.58:405][ 97]LogModuleManager: Shutting down and abandoning module ProjectTargetPlatformEditor (441)
[2019.04.02-05.58.58:405][ 97]LogModuleManager: Shutting down and abandoning module EditorSettingsViewer (438)
[2019.04.02-05.58.58:405][ 97]LogModuleManager: Shutting down and abandoning module SettingsEditor (436)
[2019.04.02-05.58.58:436][ 97]LogModuleManager: Shutting down and abandoning module ProjectLauncher (434)
[2019.04.02-05.58.58:472][ 97]LogModuleManager: Shutting down and abandoning module SessionFrontend (432)
[2019.04.02-05.58.58:649][ 97]LogModuleManager: Shutting down and abandoning module ProfilerClient (430)
[2019.04.02-05.58.58:663][ 97]LogModuleManager: Shutting down and abandoning module DeviceManager (428)
[2019.04.02-05.58.58:707][ 97]LogModuleManager: Shutting down and abandoning module TargetDeviceServices (427)
[2019.04.02-05.58.58:762][ 97]LogModuleManager: Shutting down and abandoning module AutomationController (424)
[2019.04.02-05.58.58:762][ 97]LogModuleManager: Shutting down and abandoning module AutomationWindow (422)
[2019.04.02-05.58.58:803][ 97]LogModuleManager: Shutting down and abandoning module Layers (420)
[2019.04.02-05.58.58:840][ 97]LogModuleManager: Shutting down and abandoning module ComponentVisualizers (418)
[2019.04.02-05.58.58:840][ 97]LogModuleManager: Shutting down and abandoning module DetailCustomizations (416)
[2019.04.02-05.58.58:840][ 97]LogModuleManager: Shutting down and abandoning module PackagesDialog (414)
[2019.04.02-05.58.58:855][ 97]LogModuleManager: Shutting down and abandoning module Persona (412)
[2019.04.02-05.58.58:906][ 97]LogModuleManager: Shutting down and abandoning module AdvancedPreviewScene (411)
[2019.04.02-05.58.58:906][ 97]LogModuleManager: Shutting down and abandoning module AnimGraph (409)
[2019.04.02-05.58.58:906][ 97]LogModuleManager: Shutting down and abandoning module Kismet (406)
[2019.04.02-05.58.58:910][ 97]LogModuleManager: Shutting down and abandoning module ClassViewer (404)
[2019.04.02-05.58.58:910][ 97]LogModuleManager: Shutting down and abandoning module Toolbox (402)
[2019.04.02-05.58.58:910][ 97]LogModuleManager: Shutting down and abandoning module ModuleUI (400)
[2019.04.02-05.58.58:968][ 97]LogModuleManager: Shutting down and abandoning module MovieSceneTools (398)
[2019.04.02-05.58.58:968][ 97]LogModuleManager: Shutting down and abandoning module OutputLog (396)
[2019.04.02-05.58.58:968][ 97]LogModuleManager: Shutting down and abandoning module GammaUI (394)
[2019.04.02-05.58.58:980][ 97]LogModuleManager: Shutting down and abandoning module Documentation (392)
[2019.04.02-05.58.58:980][ 97]LogModuleManager: Shutting down and abandoning module MovieSceneTracks (390)
[2019.04.02-05.58.58:980][ 97]LogModuleManager: Shutting down and abandoning module MovieScene (388)
[2019.04.02-05.58.58:980][ 97]LogModuleManager: Shutting down and abandoning module StreamingPauseRendering (386)
[2019.04.02-05.58.58:980][ 97]LogModuleManager: Shutting down and abandoning module LauncherPlatform (384)
[2019.04.02-05.58.58:980][ 97]LogModuleManager: Shutting down and abandoning module AnalyticsET (382)
[2019.04.02-05.58.58:980][ 97]LogModuleManager: Shutting down and abandoning module PortalServices (380)
[2019.04.02-05.58.58:981][ 97]LogModuleManager: Shutting down and abandoning module PortalRpc (378)
[2019.04.02-05.58.58:981][ 97]LogModuleManager: Shutting down and abandoning module MessagingRpc (376)
[2019.04.02-05.58.58:981][ 97]LogModuleManager: Shutting down and abandoning module AIModule (374)
[2019.04.02-05.58.58:981][ 97]LogModuleManager: Shutting down and abandoning module GameplayDebugger (373)
[2019.04.02-05.58.58:981][ 97]LogModuleManager: Shutting down and abandoning module AITestSuite (371)
[2019.04.02-05.58.58:981][ 97]LogModuleManager: Shutting down and abandoning module DesktopPlatform (368)
[2019.04.02-05.58.58:981][ 97]LogModuleManager: Shutting down and abandoning module ProfilerService (366)
[2019.04.02-05.58.59:161][ 97]LogModuleManager: Shutting down and abandoning module TaskGraph (364)
[2019.04.02-05.58.59:161][ 97]LogModuleManager: Shutting down and abandoning module SteamVRController (362)
[2019.04.02-05.58.59:161][ 97]LogModuleManager: Shutting down and abandoning module ProceduralMeshComponentEditor (360)
[2019.04.02-05.58.59:161][ 97]LogModuleManager: Shutting down and abandoning module ProceduralMeshComponent (358)
[2019.04.02-05.58.59:161][ 97]LogModuleManager: Shutting down and abandoning module OculusInput (356)
[2019.04.02-05.58.59:161][ 97]LogModuleManager: Shutting down and abandoning module MobilePatchingUtils (354)
[2019.04.02-05.58.59:162][ 97]LogModuleManager: Shutting down and abandoning module CustomMeshComponent (352)
[2019.04.02-05.58.59:162][ 97]LogModuleManager: Shutting down and abandoning module CableComponent (350)
[2019.04.02-05.58.59:162][ 97]LogModuleManager: Shutting down and abandoning module ArchVisCharacter (348)
[2019.04.02-05.58.59:162][ 97]LogModuleManager: Shutting down and abandoning module AndroidPermission (346)
[2019.04.02-05.58.59:162][ 97]LogModuleManager: Shutting down and abandoning module LoginFlow (344)
[2019.04.02-05.58.59:162][ 97]LogModuleManager: Shutting down and abandoning module Rejoin (342)
[2019.04.02-05.58.59:162][ 97]LogModuleManager: Shutting down and abandoning module Hotfix (340)
[2019.04.02-05.58.59:162][ 97]LogModuleManager: Shutting down and abandoning module Lobby (338)
[2019.04.02-05.58.59:162][ 97]LogModuleManager: Shutting down and abandoning module Party (336)
[2019.04.02-05.58.59:162][ 97]LogModuleManager: Shutting down and abandoning module Qos (334)
[2019.04.02-05.58.59:162][ 97]LogModuleManager: Shutting down and abandoning module ActorSequence (332)
[2019.04.02-05.58.59:162][ 97]LogModuleManager: Shutting down and abandoning module MediaPlayerEditor (330)
[2019.04.02-05.58.59:162][ 97]LogModuleManager: Shutting down and abandoning module MediaCompositingEditor (328)
[2019.04.02-05.58.59:162][ 97]LogModuleManager: Shutting down and abandoning module MediaCompositing (326)
[2019.04.02-05.58.59:162][ 97]LogModuleManager: Shutting down and abandoning module HTML5Networking (324)
[2019.04.02-05.58.59:162][ 97]LogModuleManager: Shutting down and abandoning module AlembicImporter (322)
[2019.04.02-05.58.59:162][ 97]LogModuleManager: Shutting down and abandoning module AlembicLibrary (321)
[2019.04.02-05.58.59:162][ 97]LogModuleManager: Shutting down and abandoning module GeometryCache (320)
[2019.04.02-05.58.59:162][ 97]LogModuleManager: Shutting down and abandoning module GeometryCacheEd (319)
[2019.04.02-05.58.59:162][ 97]LogModuleManager: Shutting down and abandoning module SpeedTreeImporter (314)
[2019.04.02-05.58.59:162][ 97]LogModuleManager: Shutting down and abandoning module PluginBrowser (312)
[2019.04.02-05.58.59:162][ 97]LogModuleManager: Shutting down and abandoning module MobileLauncherProfileWizard (310)
[2019.04.02-05.58.59:162][ 97]LogModuleManager: Shutting down and abandoning module VisualStudioSourceCodeAccess (308)
[2019.04.02-05.58.59:162][ 97]LogModuleManager: Shutting down and abandoning module VisualStudioCodeSourceCodeAccess (306)
[2019.04.02-05.58.59:162][ 97]LogModuleManager: Shutting down and abandoning module UObjectPlugin (304)
[2019.04.02-05.58.59:162][ 97]LogModuleManager: Shutting down and abandoning module SubversionSourceControl (302)
[2019.04.02-05.58.59:162][ 97]LogModuleManager: Shutting down and abandoning module PerforceSourceControl (300)
[2019.04.02-05.58.59:162][ 97]LogModuleManager: Shutting down and abandoning module GitSourceControl (298)
[2019.04.02-05.58.59:162][ 97]LogModuleManager: Shutting down and abandoning module SourceControl (297)
[2019.04.02-05.58.59:162][ 97]LogModuleManager: Shutting down and abandoning module LightPropagationVolumeEditor (294)
[2019.04.02-05.58.59:162][ 97]LogModuleManager: Shutting down and abandoning module PaperTiledImporter (292)
[2019.04.02-05.58.59:162][ 97]LogModuleManager: Shutting down and abandoning module PaperSpriteSheetImporter (290)
[2019.04.02-05.58.59:162][ 97]LogModuleManager: Shutting down and abandoning module Paper2DEditor (288)
[2019.04.02-05.58.59:163][ 97]LogModuleManager: Shutting down and abandoning module MeshPaint (287)
[2019.04.02-05.58.59:163][ 97]LogModuleManager: Shutting down and abandoning module LevelEditor (285)
[2019.04.02-05.58.59:164][ 97]LogModuleManager: Shutting down and abandoning module PixelInspectorModule (284)
[2019.04.02-05.58.59:164][ 97]LogModuleManager: Shutting down and abandoning module MainFrame (282)
[2019.04.02-05.58.59:164][ 97]LogModuleManager: Shutting down and abandoning module HotReload (281)
[2019.04.02-05.58.59:164][ 97]LogDirectoryWatcher: A directory notification for 'C:/Users/lockw/OneDrive/Documents/Unreal Projects/Illuminate/Binaries/Win64' was aborted.
[2019.04.02-05.58.59:164][ 97]LogDirectoryWatcher: A directory notification for 'C:/Users/lockw/OneDrive/Documents/Unreal Projects/Illuminate/Plugins/AdvancedSessions/Binaries/Win64' was aborted.
[2019.04.02-05.58.59:164][ 97]LogDirectoryWatcher: A directory notification for 'C:/Users/lockw/OneDrive/Documents/Unreal Projects/Illuminate/Plugins/AdvancedSteamSessions/Binaries/Win64' was aborted.
[2019.04.02-05.58.59:164][ 97]LogModuleManager: Shutting down and abandoning module AdvancedSteamSessions (276)
[2019.04.02-05.58.59:164][ 97]LogModuleManager: Shutting down and abandoning module AdvancedSessions (274)
[2019.04.02-05.58.59:164][ 97]LogModuleManager: Shutting down and abandoning module RuntimePhysXCooking (272)
[2019.04.02-05.58.59:164][ 97]LogModuleManager: Shutting down and abandoning module PhysXVehiclesEditor (270)
[2019.04.02-05.58.59:165][ 97]LogModuleManager: Shutting down and abandoning module PhysXVehicles (268)
[2019.04.02-05.58.59:165][ 97]LogModuleManager: Shutting down and abandoning module OculusEditor (266)
[2019.04.02-05.58.59:165][ 97]LogModuleManager: Shutting down and abandoning module LocationServicesBPLibrary (264)
[2019.04.02-05.58.59:165][ 97]LogModuleManager: Shutting down and abandoning module ImmediatePhysicsEditor (262)
[2019.04.02-05.58.59:165][ 97]LogModuleManager: Shutting down and abandoning module ImmediatePhysics (260)
[2019.04.02-05.58.59:165][ 97]LogModuleManager: Shutting down and abandoning module UdpMessaging (258)
[2019.04.02-05.58.59:266][ 97]LogModuleManager: Shutting down and abandoning module TcpMessaging (256)
[2019.04.02-05.58.59:367][ 97]LogModuleManager: Shutting down and abandoning module GameplayTagsEditor (254)
[2019.04.02-05.58.59:367][ 97]LogModuleManager: Shutting down and abandoning module FacialAnimationEditor (252)
[2019.04.02-05.58.59:367][ 97]LogModuleManager: Shutting down and abandoning module FacialAnimation (250)
[2019.04.02-05.58.59:367][ 97]LogModuleManager: Shutting down and abandoning module AssetManagerEditor (248)
[2019.04.02-05.58.59:367][ 97]LogModuleManager: Shutting down and abandoning module GraphEditor (247)
[2019.04.02-05.58.59:367][ 97]LogModuleManager: Shutting down and abandoning module ContentBrowser (245)
[2019.04.02-05.58.59:368][ 97]LogModuleManager: Shutting down and abandoning module LightPropagationVolumeRuntime (242)
[2019.04.02-05.58.59:368][ 97]LogModuleManager: Shutting down and abandoning module Paper2D (240)
[2019.04.02-05.58.59:368][ 97]LogModuleManager: Shutting down and abandoning module WindowsMoviePlayer (238)
[2019.04.02-05.58.59:368][ 97]LogModuleManager: Shutting down and abandoning module WmfMedia (236)
[2019.04.02-05.58.59:370][ 97]LogModuleManager: Shutting down and abandoning module ImgMedia (234)
[2019.04.02-05.58.59:370][ 97]LogModuleManager: Shutting down and abandoning module PacketHandler (232)
[2019.04.02-05.58.59:370][ 97]LogModuleManager: Shutting down and abandoning module ClothingSystemEditor (230)
[2019.04.02-05.58.59:370][ 97]LogModuleManager: Shutting down and abandoning module ClothingSystemRuntime (228)
[2019.04.02-05.58.59:370][ 97]LogModuleManager: Shutting down and abandoning module MediaAssets (226)
[2019.04.02-05.58.59:370][ 97]LogModuleManager: Shutting down and abandoning module Media (225)
[2019.04.02-05.58.59:377][ 97]LogModuleManager: Shutting down and abandoning module Overlay (222)
[2019.04.02-05.58.59:377][ 97]LogModuleManager: Shutting down and abandoning module OverlayEditor (221)
[2019.04.02-05.58.59:377][ 97]LogModuleManager: Shutting down and abandoning module VREditor (218)
[2019.04.02-05.58.59:377][ 97]LogModuleManager: Shutting down and abandoning module StringTableEditor (216)
[2019.04.02-05.58.59:378][ 97]LogModuleManager: Shutting down and abandoning module GameplayTasksEditor (214)
[2019.04.02-05.58.59:378][ 97]LogModuleManager: Shutting down and abandoning module BehaviorTreeEditor (212)
[2019.04.02-05.58.59:378][ 97]LogModuleManager: Shutting down and abandoning module FunctionalTesting (210)
[2019.04.02-05.58.59:378][ 97]LogModuleManager: Shutting down and abandoning module CollisionAnalyzer (208)
[2019.04.02-05.58.59:378][ 97]LogModuleManager: Shutting down and abandoning module WorkspaceMenuStructure (207)
[2019.04.02-05.58.59:378][ 97]LogModuleManager: Shutting down and abandoning module UMG (204)
[2019.04.02-05.58.59:378][ 97]LogModuleManager: Shutting down and abandoning module UMGEditor (203)
[2019.04.02-05.58.59:378][ 97]LogModuleManager: Shutting down and abandoning module Sequencer (202)
[2019.04.02-05.58.59:378][ 97]LogModuleManager: Shutting down and abandoning module MessageLog (199)
[2019.04.02-05.58.59:378][ 97]LogModuleManager: Shutting down and abandoning module SlateReflector (194)
[2019.04.02-05.58.59:378][ 97]LogModuleManager: Shutting down and abandoning module Slate (192)
[2019.04.02-05.58.59:378][ 97]LogModuleManager: Shutting down and abandoning module EditorStyle (190)
[2019.04.02-05.58.59:381][ 97]LogModuleManager: Shutting down and abandoning module MRMesh (188)
[2019.04.02-05.58.59:381][ 97]LogModuleManager: Shutting down and abandoning module SourceCodeAccess (186)
[2019.04.02-05.58.59:381][ 97]LogModuleManager: Shutting down and abandoning module HeadMountedDisplay (184)
[2019.04.02-05.58.59:381][ 97]LogModuleManager: Shutting down and abandoning module XAudio2 (182)
[2019.04.02-05.58.59:381][ 97]LogModuleManager: Shutting down and abandoning module Networking (180)
[2019.04.02-05.58.59:381][ 97]LogModuleManager: Shutting down and abandoning module Core (178)
[2019.04.02-05.58.59:381][ 97]LogModuleManager: Shutting down and abandoning module LevelSequence (174)
[2019.04.02-05.58.59:381][ 97]LogModuleManager: Shutting down and abandoning module DirectoryWatcher (172)
[2019.04.02-05.58.59:387][ 97]LogModuleManager: Shutting down and abandoning module KismetCompiler (170)
[2019.04.02-05.58.59:388][ 97]LogModuleManager: Shutting down and abandoning module MeshUtilities (168)
[2019.04.02-05.58.59:388][ 97]LogModuleManager: Shutting down and abandoning module MeshMergeUtilities (167)
[2019.04.02-05.58.59:388][ 97]LogModuleManager: Shutting down and abandoning module MeshReductionInterface (166)
[2019.04.02-05.58.59:388][ 97]LogModuleManager: Shutting down and abandoning module SimplygonSwarm (165)
[2019.04.02-05.58.59:388][ 97]LogModuleManager: Shutting down and abandoning module SimplygonMeshReduction (163)
[2019.04.02-05.58.59:388][ 97]LogModuleManager: Shutting down and abandoning module QuadricMeshReduction (161)
[2019.04.02-05.58.59:388][ 97]LogModuleManager: Shutting down and abandoning module MaterialBaking (157)
[2019.04.02-05.58.59:388][ 97]LogModuleManager: Shutting down and abandoning module DerivedDataCache (154)
[2019.04.02-05.58.59:472][ 97]LogDerivedDataCache: Shutdown
[2019.04.02-05.58.59:472][ 97]LogModuleManager: Shutting down and abandoning module TargetPlatform (152)
[2019.04.02-05.58.59:472][ 97]LogModuleManager: Shutting down and abandoning module VulkanShaderFormat (151)
[2019.04.02-05.58.59:472][ 97]LogModuleManager: Shutting down and abandoning module ShaderFormatVectorVM (149)
[2019.04.02-05.58.59:472][ 97]LogModuleManager: Shutting down and abandoning module ShaderFormatOpenGL (147)
[2019.04.02-05.58.59:473][ 97]LogModuleManager: Shutting down and abandoning module ShaderFormatD3D (145)
[2019.04.02-05.58.59:473][ 97]LogModuleManager: Shutting down and abandoning module MetalShaderFormat (143)
[2019.04.02-05.58.59:473][ 97]LogModuleManager: Shutting down and abandoning module TextureFormatUncompressed (141)
[2019.04.02-05.58.59:473][ 97]LogModuleManager: Shutting down and abandoning module TextureFormatPVR (139)
[2019.04.02-05.58.59:473][ 97]LogModuleManager: Shutting down and abandoning module TextureFormatDXT (137)
[2019.04.02-05.58.59:473][ 97]LogModuleManager: Shutting down and abandoning module TextureFormatIntelISPCTexComp (135)
[2019.04.02-05.58.59:473][ 97]LogModuleManager: Shutting down and abandoning module TextureFormatASTC (133)
[2019.04.02-05.58.59:473][ 97]LogModuleManager: Shutting down and abandoning module ImageWrapper (132)
[2019.04.02-05.58.59:473][ 97]LogModuleManager: Shutting down and abandoning module TextureFormatAndroid (129)
[2019.04.02-05.58.59:473][ 97]LogModuleManager: Shutting down and abandoning module AudioFormatOpus (127)
[2019.04.02-05.58.59:473][ 97]LogModuleManager: Shutting down and abandoning module AudioFormatOgg (125)
[2019.04.02-05.58.59:473][ 97]LogModuleManager: Shutting down and abandoning module AudioFormatADPCM (123)
[2019.04.02-05.58.59:473][ 97]LogModuleManager: Shutting down and abandoning module LinuxTargetPlatform (121)
[2019.04.02-05.58.59:473][ 97]LogModuleManager: Shutting down and abandoning module LinuxServerTargetPlatform (119)
[2019.04.02-05.58.59:473][ 97]LogModuleManager: Shutting down and abandoning module LinuxNoEditorTargetPlatform (117)
[2019.04.02-05.58.59:473][ 97]LogModuleManager: Shutting down and abandoning module LinuxClientTargetPlatform (115)
[2019.04.02-05.58.59:473][ 97]LogModuleManager: Shutting down and abandoning module TVOSTargetPlatform (113)
[2019.04.02-05.58.59:473][ 97]LogModuleManager: Shutting down and abandoning module Messaging (111)
[2019.04.02-05.58.59:473][ 97]LogModuleManager: Shutting down and abandoning module IOSTargetPlatform (109)
[2019.04.02-05.58.59:473][ 97]LogModuleManager: Shutting down and abandoning module HTML5TargetPlatform (107)
[2019.04.02-05.58.59:473][ 97]LogModuleManager: Shutting down and abandoning module AndroidTargetPlatform (105)
[2019.04.02-05.58.59:473][ 97]LogModuleManager: Shutting down and abandoning module Android_PVRTCTargetPlatform (103)
[2019.04.02-05.58.59:473][ 97]LogModuleManager: Shutting down and abandoning module Android_MultiTargetPlatform (101)
[2019.04.02-05.58.59:473][ 97]LogModuleManager: Shutting down and abandoning module Android_ETC2TargetPlatform (99)
[2019.04.02-05.58.59:473][ 97]LogModuleManager: Shutting down and abandoning module Android_ETC1TargetPlatform (97)
[2019.04.02-05.58.59:473][ 97]LogModuleManager: Shutting down and abandoning module Android_DXTTargetPlatform (95)
[2019.04.02-05.58.59:473][ 97]LogModuleManager: Shutting down and abandoning module Android_ATCTargetPlatform (93)
[2019.04.02-05.58.59:473][ 97]LogModuleManager: Shutting down and abandoning module Android_ASTCTargetPlatform (91)
[2019.04.02-05.58.59:473][ 97]LogModuleManager: Shutting down and abandoning module WindowsTargetPlatform (89)
[2019.04.02-05.58.59:473][ 97]LogModuleManager: Shutting down and abandoning module WindowsServerTargetPlatform (87)
[2019.04.02-05.58.59:474][ 97]LogModuleManager: Shutting down and abandoning module WindowsNoEditorTargetPlatform (85)
[2019.04.02-05.58.59:474][ 97]LogModuleManager: Shutting down and abandoning module WindowsClientTargetPlatform (83)
[2019.04.02-05.58.59:474][ 97]LogModuleManager: Shutting down and abandoning module MacTargetPlatform (81)
[2019.04.02-05.58.59:474][ 97]LogModuleManager: Shutting down and abandoning module MacServerTargetPlatform (79)
[2019.04.02-05.58.59:474][ 97]LogModuleManager: Shutting down and abandoning module MacNoEditorTargetPlatform (77)
[2019.04.02-05.58.59:474][ 97]LogModuleManager: Shutting down and abandoning module MacClientTargetPlatform (75)
[2019.04.02-05.58.59:474][ 97]LogModuleManager: Shutting down and abandoning module AllDesktopTargetPlatform (73)
[2019.04.02-05.58.59:474][ 97]LogModuleManager: Shutting down and abandoning module InputCore (70)
[2019.04.02-05.58.59:474][ 97]LogModuleManager: Shutting down and abandoning module Settings (68)
[2019.04.02-05.58.59:474][ 97]LogModuleManager: Shutting down and abandoning module PhysXCooking (66)
[2019.04.02-05.58.59:474][ 97]LogModuleManager: Shutting down and abandoning module SteamVR (64)
[2019.04.02-05.58.59:474][ 97]LogModuleManager: Shutting down and abandoning module OculusHMD (62)
[2019.04.02-05.58.59:474][ 97]LogModuleManager: Shutting down and abandoning module ExampleDeviceProfileSelector (60)
[2019.04.02-05.58.59:474][ 97]LogModuleManager: Shutting down and abandoning module AppleARKit (58)
[2019.04.02-05.58.59:474][ 97]LogModuleManager: Shutting down and abandoning module AugmentedReality (57)
[2019.04.02-05.58.59:474][ 97]LogModuleManager: Shutting down and abandoning module OnlineBlueprintSupport (54)
[2019.04.02-05.58.59:474][ 97]LogModuleManager: Shutting down and abandoning module OnlineSubsystem (50)
[2019.04.02-05.58.59:474][ 97]LogOnline: Display: OSS: FOnlineSubsystemNull::Shutdown()
[2019.04.02-05.58.59:474][ 97]LogOnline: Display: OSS: FOnlineAsyncTaskManager::Stop() ActiveTask:0000000000000000 Tasks[0/0]
[2019.04.02-05.58.59:475][ 97]LogOnline: Display: OSS: FOnlineAsyncTaskManager::Exit() started
[2019.04.02-05.58.59:475][ 97]LogOnline: Display: OSS: FOnlineAsyncTaskManager::Exit() finished
[2019.04.02-05.58.59:475][ 97]LogModuleManager: Shutting down and abandoning module XMPP (43)
[2019.04.02-05.58.59:475][ 97]LogModuleManager: Shutting down and abandoning module HTTP (41)
[2019.04.02-05.58.59:475][ 97]LogHttp: Display: Http module shutting down, but needs to wait on 1 outstanding Http requests:
[2019.04.02-05.58.59:475][ 97]LogHttp: Display: 	verb=[POST] url=[https://datarouter.ol.epicgames.com/datarouter/api/v1/public/data?SessionID=%7B4D71755B-410F-D20C-CD69-8A9172F72D40%7D&AppID=UEEditor.Rocket.Release&AppVersion=4.18.2-3794801%2B%2B%2BUE4%2BRelease-4.18&UserID=e1c132fb4e517ca4b23e62b676153c42%7Cca1cf3a7f87946a6ac6be9dc4f608c5f%7C500511ff-5481-4efe-8d48-20748a11a0d6&AppEnvironment=datacollector-binary&UploadType=eteventstream] status=Processing
[2019.04.02-05.58.59:492][ 97]LogModuleManager: Shutting down and abandoning module SSL (40)
[2019.04.02-05.58.59:494][ 97]LogModuleManager: Shutting down and abandoning module AnimationModifiers (36)
[2019.04.02-05.58.59:494][ 97]LogModuleManager: Shutting down and abandoning module PropertyEditor (35)
[2019.04.02-05.58.59:494][ 97]LogModuleManager: Shutting down and abandoning module AudioEditor (32)
[2019.04.02-05.58.59:494][ 97]LogModuleManager: Shutting down and abandoning module TextureCompressor (30)
[2019.04.02-05.58.59:494][ 97]LogModuleManager: Shutting down and abandoning module ShaderCore (28)
[2019.04.02-05.58.59:495][ 97]LogModuleManager: Shutting down and abandoning module Landscape (26)
[2019.04.02-05.58.59:495][ 97]LogModuleManager: Shutting down and abandoning module SlateRHIRenderer (24)
[2019.04.02-05.58.59:495][ 97]LogModuleManager: Shutting down and abandoning module OpenGLDrv (22)
[2019.04.02-05.58.59:495][ 97]LogModuleManager: Shutting down and abandoning module D3D11RHI (20)
[2019.04.02-05.58.59:495][ 97]LogModuleManager: Shutting down and abandoning module AnimGraphRuntime (18)
[2019.04.02-05.58.59:495][ 97]LogModuleManager: Shutting down and abandoning module Renderer (16)
[2019.04.02-05.58.59:495][ 97]LogModuleManager: Shutting down and abandoning module Engine (14)
[2019.04.02-05.58.59:496][ 97]LogModuleManager: Shutting down and abandoning module CoreUObject (12)
[2019.04.02-05.58.59:496][ 97]LogModuleManager: Shutting down and abandoning module NetworkFile (10)
[2019.04.02-05.58.59:496][ 97]LogModuleManager: Shutting down and abandoning module CookedIterativeFile (8)
[2019.04.02-05.58.59:496][ 97]LogModuleManager: Shutting down and abandoning module StreamingFile (6)
[2019.04.02-05.58.59:496][ 97]LogModuleManager: Shutting down and abandoning module SandboxFile (4)
[2019.04.02-05.58.59:496][ 97]LogModuleManager: Shutting down and abandoning module PakFile (2)
[2019.04.02-05.58.59:499][ 97]LogExit: Exiting.
[2019.04.02-05.58.59:531][ 97]Log file closed, 04/01/19 22:58:59
