Log file open, 04/21/19 21:09:59
LogWindows: Failed to load 'aqProf.dll' (GetLastError=126)
LogWindows: File 'aqProf.dll' does not exist
LogWindows: Failed to load 'VtuneApi.dll' (GetLastError=126)
LogWindows: File 'VtuneApi.dll' does not exist
LogWindows: Failed to load 'VtuneApi32e.dll' (GetLastError=126)
LogWindows: File 'VtuneApi32e.dll' does not exist
LogInit: Display: Running engine for game: Illuminate
LogPlatformFile: Not using cached read wrapper
LogInit: Display: RandInit(-510271350) SRandInit(-510271349).
LogInit: Read version file with build ID '3709383'
LogInit: Overriding engine version to CL 3794801, compatible CL 3709383
LogInit: Registered custom module enumerator with build ID '3709383'
LogInit: Warning: Passing commandline switches using / instead of - has been deprecated and will be removed in future versions of Unreal Engine.
LogTaskGraph: Started task graph with 5 named threads and 14 total threads with 3 sets of task threads.
LogStats: Stats thread started at 0.352878
LogPluginManager: Warning: Plugin 'AdvancedSessions' exists at '../../../../../../Users/lockw/OneDrive/Documents/Unreal Projects/Illuminate/Plugins/AdvancedSessions/AdvancedSessions.uplugin' and '../../../../../../Users/lockw/OneDrive/Documents/Unreal Projects/Illuminate/Plugins/AdvancedSessions.uplugin' - second location will be ignored
LogD3D11RHI: Aftermath initialized
LogInit: Warning: Passing commandline switches using / instead of - has been deprecated and will be removed in future versions of Unreal Engine.
LogModuleManager: Display: Found up-to-date module file ../../../Engine/Plugins/Online/OnlineSubsystemSteam/Binaries/Win64/UE4Editor-OnlineSubsystemSteam.dll (API version 3709383).
LogModuleManager: Display: Found up-to-date module file ../../../Engine/Plugins/Online/OnlineSubsystem/Binaries/Win64/UE4Editor-OnlineSubsystem.dll (API version 3709383).
LogModuleManager: Display: Found up-to-date module file ../../../Engine/Plugins/Online/OnlineSubsystemUtils/Binaries/Win64/UE4Editor-OnlineSubsystemUtils.dll (API version 3709383).
LogModuleManager: Display: Found up-to-date module file ../../../Engine/Plugins/Online/OnlineSubsystemUtils/Binaries/Win64/UE4Editor-OnlineBlueprintSupport.dll (API version 3709383).
LogModuleManager: Display: Found up-to-date module file ../../../Engine/Plugins/Online/OnlineFramework/Binaries/Win64/UE4Editor-Qos.dll (API version 3709383).
LogModuleManager: Display: Found up-to-date module file ../../../Engine/Plugins/Online/OnlineFramework/Binaries/Win64/UE4Editor-Party.dll (API version 3709383).
LogModuleManager: Display: Found up-to-date module file ../../../Engine/Plugins/Online/OnlineFramework/Binaries/Win64/UE4Editor-Lobby.dll (API version 3709383).
LogModuleManager: Display: Found up-to-date module file ../../../Engine/Plugins/Online/OnlineFramework/Binaries/Win64/UE4Editor-Hotfix.dll (API version 3709383).
LogModuleManager: Display: Found up-to-date module file ../../../Engine/Plugins/Online/OnlineFramework/Binaries/Win64/UE4Editor-Rejoin.dll (API version 3709383).
LogModuleManager: Display: Found up-to-date module file ../../../Engine/Plugins/Online/OnlineFramework/Binaries/Win64/UE4Editor-LoginFlow.dll (API version 3709383).
LogModuleManager: Display: Found up-to-date module file ../../../Engine/Plugins/2D/Paper2D/Binaries/Win64/UE4Editor-Paper2D.dll (API version 3709383).
LogModuleManager: Display: Found up-to-date module file ../../../Engine/Plugins/2D/Paper2D/Binaries/Win64/UE4Editor-Paper2DEditor.dll (API version 3709383).
LogModuleManager: Display: Found up-to-date module file ../../../Engine/Plugins/2D/Paper2D/Binaries/Win64/UE4Editor-PaperSpriteSheetImporter.dll (API version 3709383).
LogModuleManager: Display: Found up-to-date module file ../../../Engine/Plugins/2D/Paper2D/Binaries/Win64/UE4Editor-PaperTiledImporter.dll (API version 3709383).
LogModuleManager: Display: Found up-to-date module file ../../../Engine/Plugins/2D/Paper2D/Binaries/Win64/UE4Editor-SmartSnapping.dll (API version 3709383).
LogModuleManager: Display: Found up-to-date module file ../../../Engine/Plugins/Blendables/LightPropagationVolume/Binaries/Win64/UE4Editor-LightPropagationVolumeRuntime.dll (API version 3709383).
LogModuleManager: Display: Found up-to-date module file ../../../Engine/Plugins/Blendables/LightPropagationVolume/Binaries/Win64/UE4Editor-LightPropagationVolumeEditor.dll (API version 3709383).
LogModuleManager: Display: Found up-to-date module file ../../../Engine/Plugins/Developer/GitSourceControl/Binaries/Win64/UE4Editor-GitSourceControl.dll (API version 3709383).
LogModuleManager: Display: Found up-to-date module file ../../../Engine/Plugins/Developer/PerforceSourceControl/Binaries/Win64/UE4Editor-PerforceSourceControl.dll (API version 3709383).
LogModuleManager: Display: Found up-to-date module file ../../../Engine/Plugins/Developer/SubversionSourceControl/Binaries/Win64/UE4Editor-SubversionSourceControl.dll (API version 3709383).
LogModuleManager: Display: Found up-to-date module file ../../../Engine/Plugins/Developer/UObjectPlugin/Binaries/Win64/UE4Editor-UObjectPlugin.dll (API version 3709383).
LogModuleManager: Display: Found up-to-date module file ../../../Engine/Plugins/Developer/VisualStudioCodeSourceCodeAccess/Binaries/Win64/UE4Editor-VisualStudioCodeSourceCodeAccess.dll (API version 3709383).
LogModuleManager: Display: Found up-to-date module file ../../../Engine/Plugins/Developer/VisualStudioSourceCodeAccess/Binaries/Win64/UE4Editor-VisualStudioSourceCodeAccess.dll (API version 3709383).
LogModuleManager: Display: Found up-to-date module file ../../../Engine/Plugins/Editor/AssetManagerEditor/Binaries/Win64/UE4Editor-AssetManagerEditor.dll (API version 3709383).
LogModuleManager: Display: Found up-to-date module file ../../../Engine/Plugins/Editor/AudioCapture/Binaries/Win64/UE4Editor-AudioCapture.dll (API version 3709383).
LogModuleManager: Display: Found up-to-date module file ../../../Engine/Plugins/Editor/FacialAnimation/Binaries/Win64/UE4Editor-FacialAnimation.dll (API version 3709383).
LogModuleManager: Display: Found up-to-date module file ../../../Engine/Plugins/Editor/FacialAnimation/Binaries/Win64/UE4Editor-FacialAnimationEditor.dll (API version 3709383).
LogModuleManager: Display: Found up-to-date module file ../../../Engine/Plugins/Editor/GameplayTagsEditor/Binaries/Win64/UE4Editor-GameplayTagsEditor.dll (API version 3709383).
LogModuleManager: Display: Found up-to-date module file ../../../Engine/Plugins/Editor/MobileLauncherProfileWizard/Binaries/Win64/UE4Editor-MobileLauncherProfileWizard.dll (API version 3709383).
LogModuleManager: Display: Found up-to-date module file ../../../Engine/Plugins/Editor/PluginBrowser/Binaries/Win64/UE4Editor-PluginBrowser.dll (API version 3709383).
LogModuleManager: Display: Found up-to-date module file ../../../Engine/Plugins/Editor/SpeedTreeImporter/Binaries/Win64/UE4Editor-SpeedTreeImporter.dll (API version 3709383).
LogModuleManager: Display: Found up-to-date module file ../../../Engine/Plugins/Experimental/AlembicImporter/Binaries/Win64/UE4Editor-AlembicImporter.dll (API version 3709383).
LogModuleManager: Display: Found up-to-date module file ../../../Engine/Plugins/Experimental/AlembicImporter/Binaries/Win64/UE4Editor-AlembicLibrary.dll (API version 3709383).
LogModuleManager: Display: Found up-to-date module file ../../../Engine/Plugins/Experimental/CharacterAI/Binaries/Win64/UE4Editor-CharacterAI.dll (API version 3709383).
LogModuleManager: Display: Found up-to-date module file ../../../Engine/Plugins/Experimental/HTML5Networking/Binaries/Win64/UE4Editor-HTML5Networking.dll (API version 3709383).
LogModuleManager: Display: Found up-to-date module file ../../../Engine/Plugins/Media/AndroidMedia/Binaries/Win64/UE4Editor-AndroidMediaEditor.dll (API version 3709383).
LogModuleManager: Display: Found up-to-date module file ../../../Engine/Plugins/Media/AndroidMedia/Binaries/Win64/UE4Editor-AndroidMediaFactory.dll (API version 3709383).
LogModuleManager: Display: Found up-to-date module file ../../../Engine/Plugins/Media/AvfMedia/Binaries/Win64/UE4Editor-AvfMediaEditor.dll (API version 3709383).
LogModuleManager: Display: Found up-to-date module file ../../../Engine/Plugins/Media/AvfMedia/Binaries/Win64/UE4Editor-AvfMediaFactory.dll (API version 3709383).
LogModuleManager: Display: Found up-to-date module file ../../../Engine/Plugins/Media/AvfMedia/Binaries/Win64/UE4Editor-AvfMediaFactory.dll (API version 3709383).
LogModuleManager: Display: Found up-to-date module file ../../../Engine/Plugins/Media/ImgMedia/Binaries/Win64/UE4Editor-ImgMedia.dll (API version 3709383).
LogModuleManager: Display: Found up-to-date module file ../../../Engine/Plugins/Media/ImgMedia/Binaries/Win64/UE4Editor-ImgMediaEditor.dll (API version 3709383).
LogModuleManager: Display: Found up-to-date module file ../../../Engine/Plugins/Media/ImgMedia/Binaries/Win64/UE4Editor-ImgMediaFactory.dll (API version 3709383).
LogModuleManager: Display: Found up-to-date module file ../../../Engine/Plugins/Media/ImgMedia/Binaries/Win64/UE4Editor-ImgMediaFactory.dll (API version 3709383).
LogModuleManager: Display: Found up-to-date module file ../../../Engine/Plugins/Media/ImgMedia/Binaries/Win64/UE4Editor-OpenExrWrapper.dll (API version 3709383).
LogModuleManager: Display: Found up-to-date module file ../../../Engine/Plugins/Media/MediaCompositing/Binaries/Win64/UE4Editor-MediaCompositing.dll (API version 3709383).
LogModuleManager: Display: Found up-to-date module file ../../../Engine/Plugins/Media/MediaCompositing/Binaries/Win64/UE4Editor-MediaCompositingEditor.dll (API version 3709383).
LogModuleManager: Display: Found up-to-date module file ../../../Engine/Plugins/Media/MediaPlayerEditor/Binaries/Win64/UE4Editor-MediaPlayerEditor.dll (API version 3709383).
LogModuleManager: Display: Found up-to-date module file ../../../Engine/Plugins/Media/WmfMedia/Binaries/Win64/UE4Editor-WmfMedia.dll (API version 3709383).
LogModuleManager: Display: Found up-to-date module file ../../../Engine/Plugins/Media/WmfMedia/Binaries/Win64/UE4Editor-WmfMediaEditor.dll (API version 3709383).
LogModuleManager: Display: Found up-to-date module file ../../../Engine/Plugins/Media/WmfMedia/Binaries/Win64/UE4Editor-WmfMediaFactory.dll (API version 3709383).
LogModuleManager: Display: Found up-to-date module file ../../../Engine/Plugins/Media/WmfMedia/Binaries/Win64/UE4Editor-WmfMediaFactory.dll (API version 3709383).
LogModuleManager: Display: Found up-to-date module file ../../../Engine/Plugins/Messaging/TcpMessaging/Binaries/Win64/UE4Editor-TcpMessaging.dll (API version 3709383).
LogModuleManager: Display: Found up-to-date module file ../../../Engine/Plugins/Messaging/UdpMessaging/Binaries/Win64/UE4Editor-UdpMessaging.dll (API version 3709383).
LogModuleManager: Display: Found up-to-date module file ../../../Engine/Plugins/MovieScene/ActorSequence/Binaries/Win64/UE4Editor-ActorSequence.dll (API version 3709383).
LogModuleManager: Display: Found up-to-date module file ../../../Engine/Plugins/MovieScene/LevelSequenceEditor/Binaries/Win64/UE4Editor-LevelSequenceEditor.dll (API version 3709383).
LogModuleManager: Display: Found up-to-date module file ../../../Engine/Plugins/MovieScene/MatineeToLevelSequence/Binaries/Win64/UE4Editor-MatineeToLevelSequence.dll (API version 3709383).
LogModuleManager: Display: Found up-to-date module file ../../../Engine/Plugins/Runtime/AndroidPermission/Binaries/Win64/UE4Editor-AndroidPermission.dll (API version 3709383).
LogModuleManager: Display: Found up-to-date module file ../../../Engine/Plugins/Online/OnlineSubsystemNull/Binaries/Win64/UE4Editor-OnlineSubsystemNull.dll (API version 3709383).
LogModuleManager: Display: Found up-to-date module file ../../../Engine/Plugins/Runtime/AndroidDeviceProfileSelector/Binaries/Win64/UE4Editor-AndroidDeviceProfileSelector.dll (API version 3709383).
LogModuleManager: Display: Found up-to-date module file ../../../Engine/Plugins/Runtime/AppleARKit/Binaries/Win64/UE4Editor-AppleARKit.dll (API version 3709383).
LogModuleManager: Display: Found up-to-date module file ../../../Engine/Plugins/Runtime/ArchVisCharacter/Binaries/Win64/UE4Editor-ArchVisCharacter.dll (API version 3709383).
LogModuleManager: Display: Found up-to-date module file ../../../Engine/Plugins/Runtime/CableComponent/Binaries/Win64/UE4Editor-CableComponent.dll (API version 3709383).
LogModuleManager: Display: Found up-to-date module file ../../../Engine/Plugins/Runtime/CustomMeshComponent/Binaries/Win64/UE4Editor-CustomMeshComponent.dll (API version 3709383).
LogModuleManager: Display: Found up-to-date module file ../../../Engine/Plugins/Runtime/ExampleDeviceProfileSelector/Binaries/Win64/UE4Editor-ExampleDeviceProfileSelector.dll (API version 3709383).
LogModuleManager: Display: Found up-to-date module file ../../../Engine/Plugins/Runtime/ImmediatePhysics/Binaries/Win64/UE4Editor-ImmediatePhysics.dll (API version 3709383).
LogModuleManager: Display: Found up-to-date module file ../../../Engine/Plugins/Runtime/ImmediatePhysics/Binaries/Win64/UE4Editor-ImmediatePhysicsEditor.dll (API version 3709383).
LogModuleManager: Display: Found up-to-date module file ../../../Engine/Plugins/Runtime/LocationServicesBPLibrary/Binaries/Win64/UE4Editor-LocationServicesBPLibrary.dll (API version 3709383).
LogModuleManager: Display: Found up-to-date module file ../../../Engine/Plugins/Runtime/MobilePatchingUtils/Binaries/Win64/UE4Editor-MobilePatchingUtils.dll (API version 3709383).
LogModuleManager: Display: Found up-to-date module file ../../../Engine/Plugins/Runtime/Oculus/OculusVR/Binaries/Win64/UE4Editor-OculusHMD.dll (API version 3709383).
LogModuleManager: Display: Found up-to-date module file ../../../Engine/Plugins/Runtime/Oculus/OculusVR/Binaries/Win64/UE4Editor-OculusInput.dll (API version 3709383).
LogModuleManager: Display: Found up-to-date module file ../../../Engine/Plugins/Runtime/Oculus/OculusVR/Binaries/Win64/UE4Editor-OculusEditor.dll (API version 3709383).
LogModuleManager: Display: Found up-to-date module file ../../../Engine/Plugins/Runtime/PhysXVehicles/Binaries/Win64/UE4Editor-PhysXVehicles.dll (API version 3709383).
LogModuleManager: Display: Found up-to-date module file ../../../Engine/Plugins/Runtime/PhysXVehicles/Binaries/Win64/UE4Editor-PhysXVehiclesEditor.dll (API version 3709383).
LogModuleManager: Display: Found up-to-date module file ../../../Engine/Plugins/Runtime/ProceduralMeshComponent/Binaries/Win64/UE4Editor-ProceduralMeshComponent.dll (API version 3709383).
LogModuleManager: Display: Found up-to-date module file ../../../Engine/Plugins/Runtime/ProceduralMeshComponent/Binaries/Win64/UE4Editor-ProceduralMeshComponentEditor.dll (API version 3709383).
LogModuleManager: Display: Found up-to-date module file ../../../Engine/Plugins/Runtime/RuntimePhysXCooking/Binaries/Win64/UE4Editor-RuntimePhysXCooking.dll (API version 3709383).
LogModuleManager: Display: Found up-to-date module file ../../../Engine/Plugins/Runtime/Steam/SteamVR/Binaries/Win64/UE4Editor-SteamVR.dll (API version 3709383).
LogModuleManager: Display: Found up-to-date module file ../../../Engine/Plugins/Runtime/Steam/SteamVR/Binaries/Win64/UE4Editor-SteamVRController.dll (API version 3709383).
LogModuleManager: Display: Found up-to-date module file ../../../Engine/Plugins/Runtime/WindowsMoviePlayer/Binaries/Win64/UE4Editor-WindowsMoviePlayer.dll (API version 3709383).
LogModuleManager: Display: Found up-to-date module file ../../../../../../Users/lockw/OneDrive/Documents/Unreal Projects/Illuminate/Plugins/AdvancedSessions/Binaries/Win64/UE4Editor-AdvancedSessions.dll (API version 3709383).
LogModuleManager: Display: Found up-to-date module file ../../../../../../Users/lockw/OneDrive/Documents/Unreal Projects/Illuminate/Plugins/AdvancedSteamSessions/Binaries/Win64/UE4Editor-AdvancedSteamSessions.dll (API version 3709383).
LogPluginManager: Mounting plugin Paper2D
LogPluginManager: Mounting plugin LightPropagationVolume
LogPluginManager: Mounting plugin CodeLiteSourceCodeAccess
LogPluginManager: Mounting plugin GitSourceControl
LogPluginManager: Mounting plugin KDevelopSourceCodeAccess
LogPluginManager: Mounting plugin NullSourceCodeAccess
LogPluginManager: Mounting plugin PerforceSourceControl
LogPluginManager: Mounting plugin SubversionSourceControl
LogPluginManager: Mounting plugin UObjectPlugin
LogPluginManager: Mounting plugin VisualStudioCodeSourceCodeAccess
LogPluginManager: Mounting plugin VisualStudioSourceCodeAccess
LogPluginManager: Mounting plugin XCodeSourceCodeAccess
LogPluginManager: Mounting plugin AssetManagerEditor
LogPluginManager: Mounting plugin AudioCapture
LogPluginManager: Mounting plugin FacialAnimation
LogPluginManager: Mounting plugin GameplayTagsEditor
LogPluginManager: Mounting plugin MobileLauncherProfileWizard
LogPluginManager: Mounting plugin PluginBrowser
LogPluginManager: Mounting plugin SpeedTreeImporter
LogPluginManager: Mounting plugin AlembicImporter
LogPluginManager: Mounting plugin CharacterAI
LogPluginManager: Mounting plugin HTML5Networking
LogPluginManager: Mounting plugin AndroidMedia
LogPluginManager: Mounting plugin AvfMedia
LogPluginManager: Mounting plugin ImgMedia
LogPluginManager: Mounting plugin MediaCompositing
LogPluginManager: Mounting plugin MediaPlayerEditor
LogPluginManager: Mounting plugin WmfMedia
LogPluginManager: Mounting plugin TcpMessaging
LogPluginManager: Mounting plugin UdpMessaging
LogPluginManager: Mounting plugin ActorSequence
LogPluginManager: Mounting plugin LevelSequenceEditor
LogPluginManager: Mounting plugin MatineeToLevelSequence
LogPluginManager: Mounting plugin OnlineSubsystemGooglePlay
LogPluginManager: Mounting plugin OnlineSubsystemIOS
LogPluginManager: Mounting plugin OnlineFramework
LogPluginManager: Mounting plugin OnlineSubsystem
LogPluginManager: Mounting plugin OnlineSubsystemNull
LogPluginManager: Mounting plugin OnlineSubsystemSteam
LogPluginManager: Mounting plugin OnlineSubsystemUtils
LogPluginManager: Mounting plugin AndroidDeviceProfileSelector
LogPluginManager: Mounting plugin AndroidMoviePlayer
LogPluginManager: Mounting plugin AndroidPermission
LogPluginManager: Mounting plugin AppleARKit
LogPluginManager: Mounting plugin AppleMoviePlayer
LogPluginManager: Mounting plugin ArchVisCharacter
LogPluginManager: Mounting plugin CableComponent
LogPluginManager: Mounting plugin CustomMeshComponent
LogPluginManager: Mounting plugin ExampleDeviceProfileSelector
LogPluginManager: Mounting plugin GoogleCloudMessaging
LogPluginManager: Mounting plugin ImmediatePhysics
LogPluginManager: Mounting plugin IOSDeviceProfileSelector
LogPluginManager: Mounting plugin LinuxDeviceProfileSelector
LogPluginManager: Mounting plugin LocationServicesBPLibrary
LogPluginManager: Mounting plugin MobilePatchingUtils
LogPluginManager: Mounting plugin OculusVR
LogPluginManager: Plugin shader directory ../../../Engine/Plugins/Runtime/Oculus/OculusVR/Shaders found
LogPluginManager: Mapping shader source directory ../../../Engine/Plugins/Runtime/Oculus/OculusVR/Shaders to virtual directory /Plugin/OculusVR
LogPluginManager: Mounting plugin PhysXVehicles
LogPluginManager: Mounting plugin ProceduralMeshComponent
LogPluginManager: Mounting plugin RuntimePhysXCooking
LogPluginManager: Mounting plugin SteamVR
LogPluginManager: Mounting plugin WindowsMoviePlayer
LogPluginManager: Mounting plugin AdvancedSessions
LogPluginManager: Mounting plugin AdvancedSteamSessions
LogInit: Using libcurl 7.47.1
LogInit:  - built for x86_64-pc-win32
LogInit:  - supports SSL with OpenSSL/1.0.2g
LogInit:  - supports HTTP deflate (compression) using libz 1.2.8
LogInit:  - other features:
LogInit:      CURL_VERSION_SSL
LogInit:      CURL_VERSION_LIBZ
LogInit:      CURL_VERSION_IPV6
LogInit:      CURL_VERSION_ASYNCHDNS
LogInit:      CURL_VERSION_LARGEFILE
LogInit:      CURL_VERSION_IDN
LogInit:  CurlRequestOptions (configurable via config and command line):
LogInit:  - bVerifyPeer = false  - Libcurl will NOT verify peer certificate
LogInit:  - bUseHttpProxy = false  - Libcurl will NOT use HTTP proxy
LogInit:  - bDontReuseConnections = false  - Libcurl will reuse connections
LogInit:  - CertBundlePath = nullptr  - Libcurl will use whatever was configured at build time.
LogOnline: Display: STEAM: Loading Steam SDK 1.39
LogOnline: Warning: STEAM: Steam API disabled!
LogOnline: Display: STEAM: OnlineSubsystemSteam::Shutdown()
LogInit: WinSock: version 1.1 (2.2), MaxSocks=32767, MaxUdp=65467
LogInit: Build: ++UE4+Release-4.18-CL-3794801
LogInit: Engine Version: 4.18.2-3794801+++UE4+Release-4.18
LogInit: Compatible Engine Version: 4.18.0-3709383+++UE4+Release-4.18
LogInit: Net CL: 3709383
LogDevObjectVersion: Number of dev versions registered: 16
LogDevObjectVersion:   Dev-Blueprints (B0D832E4-1F89-4F0D-ACCF-7EB736FD4AA2): 10
LogDevObjectVersion:   Dev-Build (E1C64328-A22C-4D53-A36C-8E866417BD8C): 0
LogDevObjectVersion:   Dev-Core (375EC13C-06E4-48FB-B500-84F0262A717E): 2
LogDevObjectVersion:   Dev-Editor (E4B068ED-F494-42E9-A231-DA0B2E46BB41): 20
LogDevObjectVersion:   Dev-Framework (CFFC743F-43B0-4480-9391-14DF171D2073): 30
LogDevObjectVersion:   Dev-Mobile (B02B49B5-BB20-44E9-A304-32B752E40360): 0
LogDevObjectVersion:   Dev-Networking (A4E4105C-59A1-49B5-A7C5-40C4547EDFEE): 0
LogDevObjectVersion:   Dev-Online (39C831C9-5AE6-47DC-9A44-9C173E1C8E7C): 0
LogDevObjectVersion:   Dev-Physics (78F01B33-EBEA-4F98-B9B4-84EACCB95AA2): 0
LogDevObjectVersion:   Dev-Platform (6631380F-2D4D-43E0-8009-CF276956A95A): 0
LogDevObjectVersion:   Dev-Rendering (12F88B9F-8875-4AFC-A67C-D90C383ABD29): 20
LogDevObjectVersion:   Dev-Sequencer (7B5AE74C-D270-4C10-A958-57980B212A5A): 4
LogDevObjectVersion:   Dev-VR (D7296918-1DD6-4BDD-9DE2-64A83CC13884): 0
LogDevObjectVersion:   Dev-LoadTimes (C2A15278-BFE7-4AFE-6C17-90FF531DF755): 1
LogDevObjectVersion:   Private-Geometry (6EACA3D4-40EC-4CC1-B786-8BED09428FC5): 1
LogDevObjectVersion:   Dev-AnimPhys (29E575DD-E0A3-4627-9D10-D276232CDCEA): 12
LogInit: Compiled (64-bit): Dec  8 2017 02:04:53
LogInit: Compiled with Visual C++: 19.00.24215.01
LogInit: Build Configuration: Development
LogInit: Branch Name: ++UE4+Release-4.18
LogInit: Command line:  /Game/Creations/Maps/MainMenu?Listen -game -PIEVIACONSOLE -ResX=1904 -ResY=1041  -Multiprocess -messaging -SessionName="Play in Standalone Game" -port=7777 -windowed GameUserSettingsINI="C:/Users/lockw/OneDrive/Documents/Unreal Projects/Illuminate/Saved/Config/Windows/PIEGameUserSettings0.ini" -MultiprocessSaveConfig  -MultiprocessOSS WinX=8 WinY=31 SAVEWINPOS=1
LogInit: Base directory: C:/Program Files/Epic Games/UE_4.18/Engine/Binaries/Win64/
LogInit: Installed Engine Build: 1
LogInit: Presizing for max 8388607 objects, including 0 objects not considered by GC, pre-allocating 0 bytes for permanent pool.
LogInit: Object subsystem initialized
[2019.04.22-04.10.07:326][  0]LogInit: Selected Device Profile: [Windows]
[2019.04.22-04.10.07:326][  0]LogInit: Applying CVar settings loaded from the selected device profile: [Windows]
[2019.04.22-04.10.07:338][  0]LogInit: Computer: MSI
[2019.04.22-04.10.07:338][  0]LogInit: User: Alex
[2019.04.22-04.10.07:338][  0]LogInit: CPU Page size=4096, Cores=4
[2019.04.22-04.10.07:338][  0]LogInit: High frequency timer resolution =2.533207 MHz
[2019.04.22-04.10.07:338][  0]LogMemory: Memory total: Physical=15.9GB (16GB approx)
[2019.04.22-04.10.07:338][  0]LogMemory: Platform Memory Stats for Windows
[2019.04.22-04.10.07:338][  0]LogMemory: Process Physical Memory: 276.02 MB used, 276.02 MB peak
[2019.04.22-04.10.07:339][  0]LogMemory: Process Virtual Memory: 274.36 MB used, 274.36 MB peak
[2019.04.22-04.10.07:339][  0]LogMemory: Physical Memory: 10660.36 MB used,  5612.97 MB free, 16273.34 MB total
[2019.04.22-04.10.07:339][  0]LogMemory: Virtual Memory: 4788.92 MB used,  5612.97 MB free, 134217728.00 MB total
[2019.04.22-04.10.10:302][  0]LogInit: Using OS detected language (en-US).
[2019.04.22-04.10.10:302][  0]LogInit: Using OS detected locale (en-US).
[2019.04.22-04.10.10:310][  0]LogTextLocalizationManager: No specific localization for 'en-US' exists, so the 'en' localization will be used.
[2019.04.22-04.10.11:572][  0]LogD3D11RHI: D3D11 adapters:
[2019.04.22-04.10.11:685][  0]LogD3D11RHI:    0. 'NVIDIA GeForce GTX 965M' (Feature Level 11_0)
[2019.04.22-04.10.11:685][  0]LogD3D11RHI:       2010/0/8136 MB DedicatedVideo/DedicatedSystem/SharedSystem, Outputs:1, VendorId:0x10de
[2019.04.22-04.10.11:696][  0]LogD3D11RHI:    1. 'Intel(R) HD Graphics 4600' (Feature Level 11_0)
[2019.04.22-04.10.11:696][  0]LogD3D11RHI:       112/0/2048 MB DedicatedVideo/DedicatedSystem/SharedSystem, Outputs:0, VendorId:0x8086
[2019.04.22-04.10.11:699][  0]LogD3D11RHI:    2. 'Microsoft Basic Render Driver' (Feature Level 11_0)
[2019.04.22-04.10.11:699][  0]LogD3D11RHI:       0/0/8136 MB DedicatedVideo/DedicatedSystem/SharedSystem, Outputs:0, VendorId:0x1414
[2019.04.22-04.10.11:699][  0]LogD3D11RHI: Chosen D3D11 Adapter: 0
[2019.04.22-04.10.11:760][  0]LogD3D11RHI: Creating new Direct3DDevice
[2019.04.22-04.10.11:761][  0]LogD3D11RHI:     GPU DeviceId: 0x13d9 (for the marketing name, search the web for "GPU Device Id")
[2019.04.22-04.10.11:761][  0]LogWindows: EnumDisplayDevices:
[2019.04.22-04.10.11:761][  0]LogWindows:    0. 'Intel(R) HD Graphics 4600' (P:1 D:1)
[2019.04.22-04.10.11:762][  0]LogWindows:    1. 'Intel(R) HD Graphics 4600' (P:0 D:0)
[2019.04.22-04.10.11:762][  0]LogWindows:    2. 'Intel(R) HD Graphics 4600' (P:0 D:0)
[2019.04.22-04.10.11:763][  0]LogWindows: DebugString: GetVideoDriverDetailsInvalid PrimaryIsNotTheChoosenAdapter GetVideoDriverDetailsInvalid PrimaryIsNotTheChoosenAdapter GetVideoDriverDetailsInvalid PrimaryIsNotTheChoosenAdapter FoundDriverCount:0 
[2019.04.22-04.10.11:763][  0]LogD3D11RHI:     Adapter Name: NVIDIA GeForce GTX 965M
[2019.04.22-04.10.11:763][  0]LogD3D11RHI:   Driver Version: Unknown (internal:Unknown, unified:Unknown)
[2019.04.22-04.10.11:763][  0]LogD3D11RHI:      Driver Date: Unknown
[2019.04.22-04.10.11:763][  0]LogRHI: Texture pool is 1407 MB (70% of 2010 MB)
[2019.04.22-04.10.11:843][  0]LogD3D11RHI: Async texture creation enabled
[2019.04.22-04.10.11:865][  0]LogD3D11RHI: GPU Timing Frequency: 1000.000000 (Debug: 2 2)
[2019.04.22-04.10.11:866][  0]LogShaderCompilers: Guid format shader working directory is -30 characters bigger than the processId version (../../../../../../Users/lockw/OneDrive/Documents/Unreal Projects/Illuminate/Intermediate/Shaders/WorkingDirectory/12012/).
[2019.04.22-04.10.11:866][  0]LogShaderCompilers: Cleaned the shader compiler working directory 'C:/Users/lockw/AppData/Local/Temp/UnrealShaderWorkingDir/73EA0B95478D71C55FB12EB2BDAE7DBE/'.
[2019.04.22-04.10.11:867][  0]LogShaderCompilers: Display: Using Local Shader Compiler.
[2019.04.22-04.10.14:358][  0]LogTemp: Display: Loaded TP WindowsClientTargetPlatform
[2019.04.22-04.10.14:541][  0]LogTemp: Display: Loaded TP WindowsNoEditorTargetPlatform
[2019.04.22-04.10.14:759][  0]LogTemp: Display: Loaded TP WindowsServerTargetPlatform
[2019.04.22-04.10.14:968][  0]LogTemp: Display: Loaded TP WindowsTargetPlatform
[2019.04.22-04.10.14:968][  0]LogTargetPlatformManager: Display: Building Assets For Windows
[2019.04.22-04.10.17:035][  0]LogDerivedDataCache: Display: Max Cache Size: 512 MB
[2019.04.22-04.10.17:209][  0]LogDerivedDataCache: Loaded boot cache 0.17s 79MB C:/Users/lockw/AppData/Local/UnrealEngine/4.18/DerivedDataCache/Boot.ddc.
[2019.04.22-04.10.17:209][  0]LogDerivedDataCache: Display: Loaded Boot cache: C:/Users/lockw/AppData/Local/UnrealEngine/4.18/DerivedDataCache/Boot.ddc
[2019.04.22-04.10.17:209][  0]LogDerivedDataCache: FDerivedDataBackendGraph:  Pak pak cache file ../../../../../../Users/lockw/OneDrive/Documents/Unreal Projects/Illuminate/DerivedDataCache/DDC.ddp not found, will not use a pak cache.
[2019.04.22-04.10.17:209][  0]LogDerivedDataCache: Unable to find inner node Pak for hierarchical cache Hierarchy.
[2019.04.22-04.10.17:209][  0]LogDerivedDataCache: FDerivedDataBackendGraph:  CompressedPak pak cache file ../../../../../../Users/lockw/OneDrive/Documents/Unreal Projects/Illuminate/DerivedDataCache/Compressed.ddp not found, will not use a pak cache.
[2019.04.22-04.10.17:209][  0]LogDerivedDataCache: Unable to find inner node CompressedPak for hierarchical cache Hierarchy.
[2019.04.22-04.10.17:249][  0]LogDerivedDataCache: Display: Pak cache opened for reading ../../../Engine/DerivedDataCache/Compressed.ddp.
[2019.04.22-04.10.17:263][  0]LogDerivedDataCache: Using Local data cache path C:/Users/lockw/AppData/Local/UnrealEngine/Common/DerivedDataCache: Writable
[2019.04.22-04.10.17:280][  0]LogMaterial: Verifying Global Shaders for PCD3D_SM5
[2019.04.22-04.10.17:280][  0]LogSlate: Using Freetype 2.6.0
[2019.04.22-04.10.17:282][  0]LogSlate: SlateFontCache - WITH_FREETYPE: 1, WITH_HARFBUZZ: 1
[2019.04.22-04.10.17:282][  0]LogSlate: SlateFontCache - WITH_FREETYPE: 1, WITH_HARFBUZZ: 1
[2019.04.22-04.10.18:005][  0]LogAssetRegistry: FAssetRegistry took 0.0159 seconds to start up
[2019.04.22-04.10.18:034][  0]LogPackageLocalizationCache: Processed 7 localized package path(s) for 2 prioritized culture(s) in 0.028255 seconds
[2019.04.22-04.10.18:261][  0]LogInit: Selected Device Profile: [Windows]
[2019.04.22-04.10.19:482][  0]LogSimplygon: Simplygon DLL not present - disabling.
[2019.04.22-04.10.19:674][  0]LogMeshReduction: Using SimplygonSwarm for distributed automatic mesh merging
[2019.04.22-04.10.19:674][  0]LogMeshReduction: Using QuadricMeshReduction for automatic static mesh reduction
[2019.04.22-04.10.19:674][  0]LogMeshReduction: No automatic skeletal mesh reduction module available
[2019.04.22-04.10.19:674][  0]LogMeshReduction: No automatic mesh merging module available
[2019.04.22-04.10.19:674][  0]LogMeshMerging: No automatic mesh merging module available
[2019.04.22-04.10.19:760][  0]LogNetVersion: Illuminate , NetCL: 3709383, EngineNetVer: 2, GameNetVer: 0 (Checksum: 1556659199)
[2019.04.22-04.10.20:323][  0]LogInit: Warning: Passing commandline switches using / instead of - has been deprecated and will be removed in future versions of Unreal Engine.
[2019.04.22-04.10.20:323][  0]LogInit: Warning: Passing commandline switches using / instead of - has been deprecated and will be removed in future versions of Unreal Engine.
[2019.04.22-04.10.20:324][  0]LogInit: Warning: Passing commandline switches using / instead of - has been deprecated and will be removed in future versions of Unreal Engine.
[2019.04.22-04.10.26:442][  0]LogMoviePlayer: Initializing movie player
[2019.04.22-04.10.27:848][  0]LogCollectionManager: Loaded 0 collections in 0.006717 seconds
[2019.04.22-04.10.27:966][  0]LogFileCache: Scanning file cache for directory 'C:/Users/lockw/OneDrive/Documents/Unreal Projects/Illuminate/Saved/Collections/' took 0.01s
[2019.04.22-04.10.27:966][  0]LogFileCache: Scanning file cache for directory 'C:/Users/lockw/OneDrive/Documents/Unreal Projects/Illuminate/Content/Developers/Alex/Collections/' took 0.01s
[2019.04.22-04.10.27:966][  0]LogFileCache: Scanning file cache for directory 'C:/Users/lockw/OneDrive/Documents/Unreal Projects/Illuminate/Content/Collections/' took 0.01s
[2019.04.22-04.10.27:966][  0]LogCollectionManager: Rebuilt the object cache for 0 collections in 0.000001 seconds (found 0 objects)
[2019.04.22-04.10.27:966][  0]LogCollectionManager: Fixed up redirectors for 0 collections in 0.000187 seconds (updated 0 objects)
[2019.04.22-04.10.28:849][  0]LogTcpMessaging: Initializing TcpMessaging bridge
[2019.04.22-04.10.29:005][  0]LogUdpMessaging: Initializing bridge on interface 0.0.0.0:0 to multicast group 230.0.0.1:6666.
[2019.04.22-04.10.31:889][  0]LogInit: Warning: Passing commandline switches using / instead of - has been deprecated and will be removed in future versions of Unreal Engine.
[2019.04.22-04.10.31:891][  0]SourceControl: Source control is disabled
[2019.04.22-04.10.31:892][  0]SourceControl: Source control is disabled
[2019.04.22-04.10.32:172][  0]SourceControl: Source control is disabled
[2019.04.22-04.10.35:400][  0]LogAndroidPermission: UAndroidPermissionCallbackProxy::GetInstance
[2019.04.22-04.10.36:813][  0]LogOcInput: OculusInput pre-init called
[2019.04.22-04.10.37:379][  0]LogUObjectArray: 39813 objects as part of root set at end of initial load.
[2019.04.22-04.10.37:380][  0]LogUObjectAllocator: 8734536 out of 0 bytes used by permanent object pool.
[2019.04.22-04.10.37:380][  0]LogUObjectArray: CloseDisregardForGC: 0/0 objects in disregard for GC pool
[2019.04.22-04.10.37:766][  0]LogEngine: Initializing Engine...
[2019.04.22-04.10.37:772][  0]LogHMD: Failed to initialize OpenVR with code 110
[2019.04.22-04.10.38:167][  0]LogStats: UGameplayTagsManager::ConstructGameplayTagTree: Construct from data asset -  0.000 s
[2019.04.22-04.10.38:167][  0]LogStats: UGameplayTagsManager::ConstructGameplayTagTree: GameplayTagTreeChangedEvent.Broadcast -  0.000 s
[2019.04.22-04.10.38:211][  0]LogInit: XAudio2 using 'Speakers (Realtek High Definition Audio)' : 6 channels at 48 kHz using 32 bits per sample (channel mask 0x3f)
[2019.04.22-04.10.38:370][  0]LogInit: FAudioDevice initialized.
[2019.04.22-04.10.38:417][  0]LogInit: Texture streaming: Enabled
[2019.04.22-04.10.38:449][  0]LogMaterial: Uniform references updated for custom material expression Custom.
[2019.04.22-04.10.43:594][  0]LogInit: Warning: Passing commandline switches using / instead of - has been deprecated and will be removed in future versions of Unreal Engine.
[2019.04.22-04.10.43:795][  0]LogInit: Display: Game Engine Initialized.
[2019.04.22-04.10.43:795][  0]LogGameplayTags: Display: UGameplayTagsManager::DoneAddingNativeTags. DelegateIsBound: 0
[2019.04.22-04.10.44:802][  0]LogInit: Display: Starting Game.
[2019.04.22-04.10.44:802][  0]LogNet: Browse: /Game/Creations/Maps/MainMenu?Name=Player?Listen
[2019.04.22-04.10.44:803][  0]LogLoad: LoadMap: /Game/Creations/Maps/MainMenu?Name=Player?Listen
[2019.04.22-04.10.45:474][  0]LogAIModule: Creating AISystem for world MainMenu
[2019.04.22-04.10.45:475][  0]LogLoad: Game class is 'MainGm_C'
[2019.04.22-04.10.45:476][  0]LogOnline: Warning: STEAM: Steam API disabled!
[2019.04.22-04.10.45:476][  0]LogOnline: Display: STEAM: OnlineSubsystemSteam::Shutdown()
[2019.04.22-04.10.45:476][  0]LogTemp: Display: ParseSettings for GameNetDriver
[2019.04.22-04.10.45:477][  0]LogTemp: Display: ParseSettings for IpNetDriver_0
[2019.04.22-04.10.45:477][  0]LogTemp: Display: ParseSettings for GameNetDriver
[2019.04.22-04.10.45:478][  0]LogInit: WinSock: Socket queue 131072 / 131072
[2019.04.22-04.10.45:481][  0]LogInit: WinSock: I am MSI (158.104.224.69:0)
[2019.04.22-04.10.45:482][  0]PacketHandlerLog: Loaded PacketHandler component: Engine.EngineHandlerComponentFactory (StatelessConnectHandlerComponent)
[2019.04.22-04.10.45:482][  0]LogNet: GameNetDriver IpNetDriver_0 IpNetDriver listening on port 7777
[2019.04.22-04.10.45:483][  0]LogWorld: Bringing World /Game/Creations/Maps/MainMenu.MainMenu up for play (max tick rate 0) at 2019.04.21-21.10.45
[2019.04.22-04.10.45:484][  0]LogOnline: Warning: OSS: AutoLogin missing AUTH_LOGIN=<login id>.
[2019.04.22-04.10.45:484][  0]LogWorld: Bringing up level for play took: 0.001323
[2019.04.22-04.10.45:485][  0]LogOnline: Warning: OSS: No game present to join for session (GameSession)
[2019.04.22-04.10.45:485][  0]LogGameMode: FindPlayerStart: PATHS NOT DEFINED or NO PLAYERSTART with positive rating
[2019.04.22-04.10.45:588][  0]LogLoad: Took 0.785170 seconds to LoadMap(/Game/Creations/Maps/MainMenu)
[2019.04.22-04.10.46:382][  0]LogRenderer: Reallocating scene render targets to support 1904x1044 Format 10 NumSamples 1 (Frame:1).
[2019.04.22-04.10.46:382][  0]LogLoad: (Engine Initialization) Total time: 50.74 seconds
[2019.04.22-04.10.46:382][  0]LogLoad: (Engine Initialization) Total Blueprint compile time: 0.00 seconds
[2019.04.22-04.10.46:382][  0]LogExternalProfiler: Found external profiler: VSPerf
[2019.04.22-04.10.46:382][  0]LogExternalProfiler: Using external profiler: VSPerf
[2019.04.22-04.10.46:401][  0]LogWindowsTextInputMethodSystem: Display: IME system now deactivated.
[2019.04.22-04.10.46:403][  0]LogNet: NotifyAcceptingConnection accepted from: 127.0.0.1:63475
[2019.04.22-04.10.46:403][  0]LogHandshake: SendConnectChallenge. Timestamp: 0.016152, Cookie: 148237060236131230072032194219229073205133171236174160003049
[2019.04.22-04.10.46:527][  0]LogContentStreaming: Texture pool size now 1000 MB
[2019.04.22-04.10.46:550][  1]LogNet: NotifyAcceptingConnection accepted from: 127.0.0.1:63475
[2019.04.22-04.10.46:550][  1]LogHandshake: SendChallengeAck. InCookie: 148237060236131230072032194219229073205133171236174160003049
[2019.04.22-04.10.46:550][  1]LogNet: Server accepting post-challenge connection from: 127.0.0.1:63475
[2019.04.22-04.10.46:551][  1]PacketHandlerLog: Loaded PacketHandler component: Engine.EngineHandlerComponentFactory (StatelessConnectHandlerComponent)
[2019.04.22-04.10.46:551][  1]LogNet: NotifyAcceptedConnection: Name: MainMenu, TimeStamp: 04/21/19 21:10:46, [UNetConnection] RemoteAddr: 127.0.0.1:63475, Name: IpConnection_0, Driver: GameNetDriver IpNetDriver_0, IsServer: YES, PC: NULL, Owner: NULL
[2019.04.22-04.10.46:551][  1]LogNet: AddClientConnection: Added client connection: [UNetConnection] RemoteAddr: 127.0.0.1:63475, Name: IpConnection_0, Driver: GameNetDriver IpNetDriver_0, IsServer: YES, PC: NULL, Owner: NULL
[2019.04.22-04.10.46:566][  2]LogNet: NotifyAcceptingChannel Control 0 server World /Game/Creations/Maps/MainMenu.MainMenu: Accepted
[2019.04.22-04.10.46:566][  2]LogNet: Remote platform little endian=1
[2019.04.22-04.10.46:566][  2]LogNet: This platform little endian=1
[2019.04.22-04.10.46:566][  2]LogNetVersion: Illuminate 1.0.0.0, NetCL: 3709383, EngineNetVer: 2, GameNetVer: 0 (Checksum: 1067519852)
[2019.04.22-04.10.46:614][  3]LogNet: Login request: /Game/Creations/Maps/MainMenu?Name=MSI-638F96B04A629EF37A6A28BB52EF0B00 userId: MSI-638F96B04A629EF37A6A28BB52EF0B00
[2019.04.22-04.10.46:649][  4]LogNet: Client netspeed is 10000
[2019.04.22-04.10.47:312][ 45]LogNet: Join request: /Game/Creations/Maps/MainMenu?Name=MSI-638F96B04A629EF37A6A28BB52EF0B00?SplitscreenCount=1
[2019.04.22-04.10.47:314][ 45]LogOnline: Warning: OSS: No game present to join for session (GameSession)
[2019.04.22-04.10.47:314][ 45]LogGameMode: FindPlayerStart: PATHS NOT DEFINED or NO PLAYERSTART with positive rating
[2019.04.22-04.10.47:316][ 45]LogSpawn: Warning: SpawnActor failed because of collision at the spawn location [X=7.297 Y=58.685 Z=0.016] for [testTwinstickPawn_C]
[2019.04.22-04.10.47:316][ 45]LogGameMode: Warning: SpawnDefaultPawnAtTransform: Couldn't spawn Pawn of type testTwinstickPawn_C at Rotation: Pitch 0.000000 Yaw 0.000000 Roll 0.000000
Translation: 0.000000 0.000000 0.000000
Scale3D: 1.000000 1.000000 1.000000

[2019.04.22-04.10.47:316][ 45]LogNet: Join succeeded: MSI-638F96B04A629EF3
[2019.04.22-04.10.47:317][ 45]LogScript: Warning: Accessed None trying to read property CallFunc_K2_GetPawn_ReturnValue9
	mainPC_C /Game/Creations/Maps/MainMenu.MainMenu:PersistentLevel.mainPC_C_1
	Function /Game/Creations/GInstances/mainPC.mainPC_C:ExecuteUbergraph_mainPC:1F5E
[2019.04.22-04.10.47:317][ 45]LogScript: Warning: Script call stack:
	Function /Game/Creations/GInstances/mainPC.mainPC_C:ReceiveTick
	Function /Game/Creations/GInstances/mainPC.mainPC_C:ExecuteUbergraph_mainPC

[2019.04.22-04.10.47:328][ 46]LogScript: Warning: Accessed None trying to read property CallFunc_K2_GetPawn_ReturnValue9
	mainPC_C /Game/Creations/Maps/MainMenu.MainMenu:PersistentLevel.mainPC_C_1
	Function /Game/Creations/GInstances/mainPC.mainPC_C:ExecuteUbergraph_mainPC:1F5E
[2019.04.22-04.10.47:328][ 46]LogScript: Warning: Script call stack:
	Function /Game/Creations/GInstances/mainPC.mainPC_C:ReceiveTick
	Function /Game/Creations/GInstances/mainPC.mainPC_C:ExecuteUbergraph_mainPC

[2019.04.22-04.10.47:345][ 47]LogScript: Warning: Accessed None trying to read property CallFunc_K2_GetPawn_ReturnValue9
	mainPC_C /Game/Creations/Maps/MainMenu.MainMenu:PersistentLevel.mainPC_C_1
	Function /Game/Creations/GInstances/mainPC.mainPC_C:ExecuteUbergraph_mainPC:1F5E
[2019.04.22-04.10.47:345][ 47]LogScript: Warning: Script call stack:
	Function /Game/Creations/GInstances/mainPC.mainPC_C:ReceiveTick
	Function /Game/Creations/GInstances/mainPC.mainPC_C:ExecuteUbergraph_mainPC

[2019.04.22-04.10.47:360][ 48]LogScript: Warning: Accessed None trying to read property CallFunc_K2_GetPawn_ReturnValue9
	mainPC_C /Game/Creations/Maps/MainMenu.MainMenu:PersistentLevel.mainPC_C_1
	Function /Game/Creations/GInstances/mainPC.mainPC_C:ExecuteUbergraph_mainPC:1F5E
[2019.04.22-04.10.47:361][ 48]LogScript: Warning: Script call stack:
	Function /Game/Creations/GInstances/mainPC.mainPC_C:ReceiveTick
	Function /Game/Creations/GInstances/mainPC.mainPC_C:ExecuteUbergraph_mainPC

[2019.04.22-04.10.47:377][ 49]LogScript: Warning: Accessed None trying to read property CallFunc_K2_GetPawn_ReturnValue9
	mainPC_C /Game/Creations/Maps/MainMenu.MainMenu:PersistentLevel.mainPC_C_1
	Function /Game/Creations/GInstances/mainPC.mainPC_C:ExecuteUbergraph_mainPC:1F5E
[2019.04.22-04.10.47:377][ 49]LogScript: Warning: Script call stack:
	Function /Game/Creations/GInstances/mainPC.mainPC_C:ReceiveTick
	Function /Game/Creations/GInstances/mainPC.mainPC_C:ExecuteUbergraph_mainPC

[2019.04.22-04.10.47:393][ 50]LogScript: Warning: Accessed None trying to read property CallFunc_K2_GetPawn_ReturnValue9
	mainPC_C /Game/Creations/Maps/MainMenu.MainMenu:PersistentLevel.mainPC_C_1
	Function /Game/Creations/GInstances/mainPC.mainPC_C:ExecuteUbergraph_mainPC:1F5E
[2019.04.22-04.10.47:393][ 50]LogScript: Warning: Script call stack:
	Function /Game/Creations/GInstances/mainPC.mainPC_C:ReceiveTick
	Function /Game/Creations/GInstances/mainPC.mainPC_C:ExecuteUbergraph_mainPC

[2019.04.22-04.10.47:409][ 51]LogScript: Warning: Accessed None trying to read property CallFunc_K2_GetPawn_ReturnValue9
	mainPC_C /Game/Creations/Maps/MainMenu.MainMenu:PersistentLevel.mainPC_C_1
	Function /Game/Creations/GInstances/mainPC.mainPC_C:ExecuteUbergraph_mainPC:1F5E
[2019.04.22-04.10.47:409][ 51]LogScript: Warning: Script call stack:
	Function /Game/Creations/GInstances/mainPC.mainPC_C:ReceiveTick
	Function /Game/Creations/GInstances/mainPC.mainPC_C:ExecuteUbergraph_mainPC

[2019.04.22-04.10.47:425][ 52]LogScript: Warning: Accessed None trying to read property CallFunc_K2_GetPawn_ReturnValue9
	mainPC_C /Game/Creations/Maps/MainMenu.MainMenu:PersistentLevel.mainPC_C_1
	Function /Game/Creations/GInstances/mainPC.mainPC_C:ExecuteUbergraph_mainPC:1F5E
[2019.04.22-04.10.47:425][ 52]LogScript: Warning: Script call stack:
	Function /Game/Creations/GInstances/mainPC.mainPC_C:ReceiveTick
	Function /Game/Creations/GInstances/mainPC.mainPC_C:ExecuteUbergraph_mainPC

[2019.04.22-04.10.47:441][ 53]LogScript: Warning: Accessed None trying to read property CallFunc_K2_GetPawn_ReturnValue9
	mainPC_C /Game/Creations/Maps/MainMenu.MainMenu:PersistentLevel.mainPC_C_1
	Function /Game/Creations/GInstances/mainPC.mainPC_C:ExecuteUbergraph_mainPC:1F5E
[2019.04.22-04.10.47:441][ 53]LogScript: Warning: Script call stack:
	Function /Game/Creations/GInstances/mainPC.mainPC_C:ReceiveTick
	Function /Game/Creations/GInstances/mainPC.mainPC_C:ExecuteUbergraph_mainPC

[2019.04.22-04.10.47:458][ 54]LogScript: Warning: Accessed None trying to read property CallFunc_K2_GetPawn_ReturnValue9
	mainPC_C /Game/Creations/Maps/MainMenu.MainMenu:PersistentLevel.mainPC_C_1
	Function /Game/Creations/GInstances/mainPC.mainPC_C:ExecuteUbergraph_mainPC:1F5E
[2019.04.22-04.10.47:458][ 54]LogScript: Warning: Script call stack:
	Function /Game/Creations/GInstances/mainPC.mainPC_C:ReceiveTick
	Function /Game/Creations/GInstances/mainPC.mainPC_C:ExecuteUbergraph_mainPC

[2019.04.22-04.10.47:474][ 55]LogScript: Warning: Accessed None trying to read property CallFunc_K2_GetPawn_ReturnValue9
	mainPC_C /Game/Creations/Maps/MainMenu.MainMenu:PersistentLevel.mainPC_C_1
	Function /Game/Creations/GInstances/mainPC.mainPC_C:ExecuteUbergraph_mainPC:1F5E
[2019.04.22-04.10.47:474][ 55]LogScript: Warning: Script call stack:
	Function /Game/Creations/GInstances/mainPC.mainPC_C:ReceiveTick
	Function /Game/Creations/GInstances/mainPC.mainPC_C:ExecuteUbergraph_mainPC

[2019.04.22-04.10.47:490][ 56]LogScript: Warning: Accessed None trying to read property CallFunc_K2_GetPawn_ReturnValue9
	mainPC_C /Game/Creations/Maps/MainMenu.MainMenu:PersistentLevel.mainPC_C_1
	Function /Game/Creations/GInstances/mainPC.mainPC_C:ExecuteUbergraph_mainPC:1F5E
[2019.04.22-04.10.47:490][ 56]LogScript: Warning: Script call stack:
	Function /Game/Creations/GInstances/mainPC.mainPC_C:ReceiveTick
	Function /Game/Creations/GInstances/mainPC.mainPC_C:ExecuteUbergraph_mainPC

[2019.04.22-04.10.47:506][ 57]LogScript: Warning: Accessed None trying to read property CallFunc_K2_GetPawn_ReturnValue9
	mainPC_C /Game/Creations/Maps/MainMenu.MainMenu:PersistentLevel.mainPC_C_1
	Function /Game/Creations/GInstances/mainPC.mainPC_C:ExecuteUbergraph_mainPC:1F5E
[2019.04.22-04.10.47:506][ 57]LogScript: Warning: Script call stack:
	Function /Game/Creations/GInstances/mainPC.mainPC_C:ReceiveTick
	Function /Game/Creations/GInstances/mainPC.mainPC_C:ExecuteUbergraph_mainPC

[2019.04.22-04.10.47:522][ 58]LogScript: Warning: Accessed None trying to read property CallFunc_K2_GetPawn_ReturnValue9
	mainPC_C /Game/Creations/Maps/MainMenu.MainMenu:PersistentLevel.mainPC_C_1
	Function /Game/Creations/GInstances/mainPC.mainPC_C:ExecuteUbergraph_mainPC:1F5E
[2019.04.22-04.10.47:523][ 58]LogScript: Warning: Script call stack:
	Function /Game/Creations/GInstances/mainPC.mainPC_C:ReceiveTick
	Function /Game/Creations/GInstances/mainPC.mainPC_C:ExecuteUbergraph_mainPC

[2019.04.22-04.10.47:540][ 59]LogScript: Warning: Accessed None trying to read property CallFunc_K2_GetPawn_ReturnValue9
	mainPC_C /Game/Creations/Maps/MainMenu.MainMenu:PersistentLevel.mainPC_C_1
	Function /Game/Creations/GInstances/mainPC.mainPC_C:ExecuteUbergraph_mainPC:1F5E
[2019.04.22-04.10.47:540][ 59]LogScript: Warning: Script call stack:
	Function /Game/Creations/GInstances/mainPC.mainPC_C:ReceiveTick
	Function /Game/Creations/GInstances/mainPC.mainPC_C:ExecuteUbergraph_mainPC

[2019.04.22-04.10.47:555][ 60]LogScript: Warning: Accessed None trying to read property CallFunc_K2_GetPawn_ReturnValue9
	mainPC_C /Game/Creations/Maps/MainMenu.MainMenu:PersistentLevel.mainPC_C_1
	Function /Game/Creations/GInstances/mainPC.mainPC_C:ExecuteUbergraph_mainPC:1F5E
[2019.04.22-04.10.47:555][ 60]LogScript: Warning: Script call stack:
	Function /Game/Creations/GInstances/mainPC.mainPC_C:ReceiveTick
	Function /Game/Creations/GInstances/mainPC.mainPC_C:ExecuteUbergraph_mainPC

[2019.04.22-04.10.47:571][ 61]LogScript: Warning: Accessed None trying to read property CallFunc_K2_GetPawn_ReturnValue9
	mainPC_C /Game/Creations/Maps/MainMenu.MainMenu:PersistentLevel.mainPC_C_1
	Function /Game/Creations/GInstances/mainPC.mainPC_C:ExecuteUbergraph_mainPC:1F5E
[2019.04.22-04.10.47:571][ 61]LogScript: Warning: Script call stack:
	Function /Game/Creations/GInstances/mainPC.mainPC_C:ReceiveTick
	Function /Game/Creations/GInstances/mainPC.mainPC_C:ExecuteUbergraph_mainPC

[2019.04.22-04.12.51:701][993]LogNet: UChannel::ReceivedSequencedBunch: Bunch.bClose == true. ChIndex == 0. Calling ConditionalCleanUp.
[2019.04.22-04.12.51:702][993]LogNet: UChannel::CleanUp: ChIndex == 0. Closing connection. [UChannel] ChIndex: 0, Closing: 0 [UNetConnection] RemoteAddr: 127.0.0.1:63475, Name: IpConnection_0, Driver: GameNetDriver IpNetDriver_0, IsServer: YES, PC: mainPC_C_1, Owner: mainPC_C_1
[2019.04.22-04.12.51:702][993]LogNet: UNetConnection::Close: [UNetConnection] RemoteAddr: 127.0.0.1:63475, Name: IpConnection_0, Driver: GameNetDriver IpNetDriver_0, IsServer: YES, PC: mainPC_C_1, Owner: mainPC_C_1, Channels: 10, Time: 2019.04.22-04.12.51
[2019.04.22-04.12.51:702][993]LogNet: UChannel::Close: Sending CloseBunch. ChIndex == 0. Name: [UChannel] ChIndex: 0, Closing: 0 [UNetConnection] RemoteAddr: 127.0.0.1:63475, Name: IpConnection_0, Driver: GameNetDriver IpNetDriver_0, IsServer: YES, PC: mainPC_C_1, Owner: mainPC_C_1
[2019.04.22-04.12.51:702][993]LogOnline: Warning: OSS: No game present to leave for session (GameSession)
[2019.04.22-04.12.55:143][174]LogScriptCore: Warning: Script Msg: Attempted to access index 0 from array 'SelectedAbilities' of length 0 in '/Game/Creations/Other/testTwinstickPawn.testTwinstickPawn_C'!
[2019.04.22-04.12.55:144][174]LogScript: Warning: Accessed None trying to read Class from property CallFunc_Array_Get_Item
	testTwinstickPawn_C /Game/Creations/Maps/MainMenu.MainMenu:PersistentLevel.testTwinstickPawn_C_0
	Function /Game/Creations/Other/testTwinstickPawn.testTwinstickPawn_C:FireShot:0150
[2019.04.22-04.12.55:144][174]LogScript: Warning: Script call stack:
	Function /Game/Creations/Other/testTwinstickPawn.testTwinstickPawn_C:ReceiveTick
	Function /Game/Creations/Other/testTwinstickPawn.testTwinstickPawn_C:ExecuteUbergraph_testTwinstickPawn
	Function /Game/Creations/Other/testTwinstickPawn.testTwinstickPawn_C:serverFireShot
	Function /Game/Creations/Other/testTwinstickPawn.testTwinstickPawn_C:ExecuteUbergraph_testTwinstickPawn
	Function /Game/Creations/Other/testTwinstickPawn.testTwinstickPawn_C:FireShot

[2019.04.22-04.12.55:159][175]LogScriptCore: Warning: Script Msg: Attempted to access index 0 from array 'SelectedAbilities' of length 0 in '/Game/Creations/Other/testTwinstickPawn.testTwinstickPawn_C'!
[2019.04.22-04.12.55:159][175]LogScript: Warning: Accessed None trying to read Class from property CallFunc_Array_Get_Item
	testTwinstickPawn_C /Game/Creations/Maps/MainMenu.MainMenu:PersistentLevel.testTwinstickPawn_C_0
	Function /Game/Creations/Other/testTwinstickPawn.testTwinstickPawn_C:FireShot:0150
[2019.04.22-04.12.55:159][175]LogScript: Warning: Script call stack:
	Function /Game/Creations/Other/testTwinstickPawn.testTwinstickPawn_C:ReceiveTick
	Function /Game/Creations/Other/testTwinstickPawn.testTwinstickPawn_C:ExecuteUbergraph_testTwinstickPawn
	Function /Game/Creations/Other/testTwinstickPawn.testTwinstickPawn_C:serverFireShot
	Function /Game/Creations/Other/testTwinstickPawn.testTwinstickPawn_C:ExecuteUbergraph_testTwinstickPawn
	Function /Game/Creations/Other/testTwinstickPawn.testTwinstickPawn_C:FireShot

[2019.04.22-04.12.55:175][176]LogScriptCore: Warning: Script Msg: Attempted to access index 0 from array 'SelectedAbilities' of length 0 in '/Game/Creations/Other/testTwinstickPawn.testTwinstickPawn_C'!
[2019.04.22-04.12.55:175][176]LogScript: Warning: Accessed None trying to read Class from property CallFunc_Array_Get_Item
	testTwinstickPawn_C /Game/Creations/Maps/MainMenu.MainMenu:PersistentLevel.testTwinstickPawn_C_0
	Function /Game/Creations/Other/testTwinstickPawn.testTwinstickPawn_C:FireShot:0150
[2019.04.22-04.12.55:175][176]LogScript: Warning: Script call stack:
	Function /Game/Creations/Other/testTwinstickPawn.testTwinstickPawn_C:ReceiveTick
	Function /Game/Creations/Other/testTwinstickPawn.testTwinstickPawn_C:ExecuteUbergraph_testTwinstickPawn
	Function /Game/Creations/Other/testTwinstickPawn.testTwinstickPawn_C:serverFireShot
	Function /Game/Creations/Other/testTwinstickPawn.testTwinstickPawn_C:ExecuteUbergraph_testTwinstickPawn
	Function /Game/Creations/Other/testTwinstickPawn.testTwinstickPawn_C:FireShot

[2019.04.22-04.12.55:191][177]LogScriptCore: Warning: Script Msg: Attempted to access index 0 from array 'SelectedAbilities' of length 0 in '/Game/Creations/Other/testTwinstickPawn.testTwinstickPawn_C'!
[2019.04.22-04.12.55:191][177]LogScript: Warning: Accessed None trying to read Class from property CallFunc_Array_Get_Item
	testTwinstickPawn_C /Game/Creations/Maps/MainMenu.MainMenu:PersistentLevel.testTwinstickPawn_C_0
	Function /Game/Creations/Other/testTwinstickPawn.testTwinstickPawn_C:FireShot:0150
[2019.04.22-04.12.55:191][177]LogScript: Warning: Script call stack:
	Function /Game/Creations/Other/testTwinstickPawn.testTwinstickPawn_C:ReceiveTick
	Function /Game/Creations/Other/testTwinstickPawn.testTwinstickPawn_C:ExecuteUbergraph_testTwinstickPawn
	Function /Game/Creations/Other/testTwinstickPawn.testTwinstickPawn_C:serverFireShot
	Function /Game/Creations/Other/testTwinstickPawn.testTwinstickPawn_C:ExecuteUbergraph_testTwinstickPawn
	Function /Game/Creations/Other/testTwinstickPawn.testTwinstickPawn_C:FireShot

[2019.04.22-04.12.57:062][293]LogOnline: Warning: OSS: Ignoring game search request while one is pending
[2019.04.22-04.13.00:711][520]LogScriptCore: Script Msg: Found a session. Ping is 8
[2019.04.22-04.13.00:711][520]LogScriptCore: Script Msg: Found a session. Ping is 51
[2019.04.22-04.13.00:711][520]LogScriptCore: Script Msg: Found a session. Ping is 51
[2019.04.22-04.13.00:711][520]LogScriptCore: Script Msg: Found a session. Ping is 160
[2019.04.22-04.13.01:195][549]LogOnline: Warning: OSS: Can't destroy a null online session (GameSession)
[2019.04.22-04.13.01:196][549]LogBlueprintUserMessages: [MainInstance_C_0] successfully joined game
[2019.04.22-04.13.01:196][549]LogNet: Browse: 158.104.224.69:7778//Game/Creations/Maps/MainMenu
[2019.04.22-04.13.01:197][549]LogNet: World NetDriver shutdown IpNetDriver_0 [GameNetDriver]
[2019.04.22-04.13.01:197][549]LogNet: DestroyNamedNetDriver IpNetDriver_0 [GameNetDriver]
[2019.04.22-04.13.01:197][549]LogExit: GameNetDriver IpNetDriver_0 shut down
[2019.04.22-04.13.01:197][549]LogOnline: Warning: STEAM: Steam API disabled!
[2019.04.22-04.13.01:198][549]LogOnline: Display: STEAM: OnlineSubsystemSteam::Shutdown()
[2019.04.22-04.13.01:198][549]LogTemp: Display: ParseSettings for GameNetDriver
[2019.04.22-04.13.01:198][549]LogTemp: Display: ParseSettings for IpNetDriver_1
[2019.04.22-04.13.01:198][549]LogTemp: Display: ParseSettings for PendingNetDriver
[2019.04.22-04.13.01:198][549]LogInit: WinSock: Socket queue 32768 / 32768
[2019.04.22-04.13.01:200][549]PacketHandlerLog: Loaded PacketHandler component: Engine.EngineHandlerComponentFactory (StatelessConnectHandlerComponent)
[2019.04.22-04.13.01:200][549]LogNet: Game client on port 7778, rate 10000
[2019.04.22-04.13.01:201][549]LogWorld: Warning: SetActiveLevelCollection attempted to use an out of date NetDriver: GameNetDriver
[2019.04.22-04.13.01:210][550]LogWorld: Warning: SetActiveLevelCollection attempted to use an out of date NetDriver: GameNetDriver
[2019.04.22-04.13.01:226][551]LogHandshake: SendChallengeResponse. Timestamp: 11.044217, Cookie: 191248159052214125141059177071076164180087235121198077062171
[2019.04.22-04.13.01:228][551]LogWorld: Warning: SetActiveLevelCollection attempted to use an out of date NetDriver: GameNetDriver
[2019.04.22-04.13.01:243][552]LogNet: UPendingNetGame::SendInitialJoin: Sending hello. [UNetConnection] RemoteAddr: 158.104.224.69:7778, Name: IpConnection_1, Driver: PendingNetDriver IpNetDriver_1, IsServer: NO, PC: NULL, Owner: NULL
[2019.04.22-04.13.01:244][552]LogWorld: Warning: SetActiveLevelCollection attempted to use an out of date NetDriver: GameNetDriver
[2019.04.22-04.13.01:260][553]LogWorld: Warning: SetActiveLevelCollection attempted to use an out of date NetDriver: GameNetDriver
[2019.04.22-04.13.01:276][554]LogNet: Welcomed by server (Level: /Game/Creations/Maps/MultiplayerLobby, Game: /Game/Creations/GInstances/MainGm.MainGm_C)
[2019.04.22-04.13.01:277][554]LogLoad: LoadMap: 158.104.224.69:7778//Game/Creations/Maps/MultiplayerLobby?game=/Game/Creations/GInstances/MainGm.MainGm_C
[2019.04.22-04.13.01:377][554]LogAIModule: Creating AISystem for world MultiplayerLobby
[2019.04.22-04.13.01:377][554]LogTemp: Display: ParseSettings for GameNetDriver
[2019.04.22-04.13.01:380][554]LogWorld: Bringing World /Game/Creations/Maps/MultiplayerLobby.MultiplayerLobby up for play (max tick rate 0) at 2019.04.21-21.13.01
[2019.04.22-04.13.01:380][554]LogWorld: Bringing up level for play took: 0.001267
[2019.04.22-04.13.01:382][554]LogLoad: Took 0.104942 seconds to LoadMap(/Game/Creations/Maps/MultiplayerLobby)
[2019.04.22-04.13.01:426][556]LogScript: Warning: Accessed None trying to read property playerLobbyWidget
	mainPC_C /Game/Creations/Maps/MultiplayerLobby.MultiplayerLobby:PersistentLevel.mainPC_C_0
	Function /Game/Creations/GInstances/mainPC.mainPC_C:ExecuteUbergraph_mainPC:21E6
[2019.04.22-04.13.01:426][556]LogScript: Warning: Script call stack:
	Function /Game/Creations/GInstances/mainPC.mainPC_C:ClientUpdatePlayerList
	Function /Game/Creations/GInstances/mainPC.mainPC_C:ExecuteUbergraph_mainPC

[2019.04.22-04.13.01:426][556]LogScript: Warning: Accessed None trying to read property CallFunc_K2_GetPawn_ReturnValue9
	mainPC_C /Game/Creations/Maps/MultiplayerLobby.MultiplayerLobby:PersistentLevel.mainPC_C_0
	Function /Game/Creations/GInstances/mainPC.mainPC_C:ExecuteUbergraph_mainPC:1F5E
[2019.04.22-04.13.01:426][556]LogScript: Warning: Script call stack:
	Function /Game/Creations/GInstances/mainPC.mainPC_C:ReceiveTick
	Function /Game/Creations/GInstances/mainPC.mainPC_C:ExecuteUbergraph_mainPC

[2019.04.22-04.13.01:456][557]LogScript: Warning: Accessed None trying to read property CallFunc_K2_GetPawn_ReturnValue9
	mainPC_C /Game/Creations/Maps/MultiplayerLobby.MultiplayerLobby:PersistentLevel.mainPC_C_0
	Function /Game/Creations/GInstances/mainPC.mainPC_C:ExecuteUbergraph_mainPC:1F5E
[2019.04.22-04.13.01:456][557]LogScript: Warning: Script call stack:
	Function /Game/Creations/GInstances/mainPC.mainPC_C:ReceiveTick
	Function /Game/Creations/GInstances/mainPC.mainPC_C:ExecuteUbergraph_mainPC

[2019.04.22-04.13.01:470][558]LogScript: Warning: Accessed None trying to read property CallFunc_K2_GetPawn_ReturnValue9
	mainPC_C /Game/Creations/Maps/MultiplayerLobby.MultiplayerLobby:PersistentLevel.mainPC_C_0
	Function /Game/Creations/GInstances/mainPC.mainPC_C:ExecuteUbergraph_mainPC:1F5E
[2019.04.22-04.13.01:470][558]LogScript: Warning: Script call stack:
	Function /Game/Creations/GInstances/mainPC.mainPC_C:ReceiveTick
	Function /Game/Creations/GInstances/mainPC.mainPC_C:ExecuteUbergraph_mainPC

[2019.04.22-04.13.01:485][559]LogScript: Warning: Accessed None trying to read property CallFunc_K2_GetPawn_ReturnValue9
	mainPC_C /Game/Creations/Maps/MultiplayerLobby.MultiplayerLobby:PersistentLevel.mainPC_C_0
	Function /Game/Creations/GInstances/mainPC.mainPC_C:ExecuteUbergraph_mainPC:1F5E
[2019.04.22-04.13.01:485][559]LogScript: Warning: Script call stack:
	Function /Game/Creations/GInstances/mainPC.mainPC_C:ReceiveTick
	Function /Game/Creations/GInstances/mainPC.mainPC_C:ExecuteUbergraph_mainPC

[2019.04.22-04.13.01:503][560]AdvancedSessionsLog: Warning: GetLocalPlayerNameFromController had a bad player state!
[2019.04.22-04.13.01:503][560]AdvancedSessionsLog: Warning: GetLocalPlayerNameFromController had a bad player state!
[2019.04.22-04.13.01:505][560]LogNet: Warning: UIpNetDriver::ProcessRemoteFunction: No owning connection for actor MultiplayerLobby_C_1. Function updatePlayerWidgets will not be processed.
[2019.04.22-04.13.01:506][560]LogScript: Warning: Accessed None trying to read property CallFunc_K2_GetPawn_ReturnValue9
	mainPC_C /Game/Creations/Maps/MultiplayerLobby.MultiplayerLobby:PersistentLevel.mainPC_C_0
	Function /Game/Creations/GInstances/mainPC.mainPC_C:ExecuteUbergraph_mainPC:1F5E
[2019.04.22-04.13.01:506][560]LogScript: Warning: Script call stack:
	Function /Game/Creations/GInstances/mainPC.mainPC_C:ReceiveTick
	Function /Game/Creations/GInstances/mainPC.mainPC_C:ExecuteUbergraph_mainPC

[2019.04.22-04.13.01:508][560]LogSlate: Took 0.000495 seconds to synchronously load lazily loaded font '../../../Engine/Content/Slate/Fonts/Roboto-Regular.ttf' (155K)
[2019.04.22-04.13.01:517][561]LogScript: Warning: Accessed None trying to read property CallFunc_K2_GetPawn_ReturnValue9
	mainPC_C /Game/Creations/Maps/MultiplayerLobby.MultiplayerLobby:PersistentLevel.mainPC_C_0
	Function /Game/Creations/GInstances/mainPC.mainPC_C:ExecuteUbergraph_mainPC:1F5E
[2019.04.22-04.13.01:518][561]LogScript: Warning: Script call stack:
	Function /Game/Creations/GInstances/mainPC.mainPC_C:ReceiveTick
	Function /Game/Creations/GInstances/mainPC.mainPC_C:ExecuteUbergraph_mainPC

[2019.04.22-04.13.01:534][562]LogScript: Warning: Accessed None trying to read property CallFunc_K2_GetPawn_ReturnValue9
	mainPC_C /Game/Creations/Maps/MultiplayerLobby.MultiplayerLobby:PersistentLevel.mainPC_C_0
	Function /Game/Creations/GInstances/mainPC.mainPC_C:ExecuteUbergraph_mainPC:1F5E
[2019.04.22-04.13.01:534][562]LogScript: Warning: Script call stack:
	Function /Game/Creations/GInstances/mainPC.mainPC_C:ReceiveTick
	Function /Game/Creations/GInstances/mainPC.mainPC_C:ExecuteUbergraph_mainPC

[2019.04.22-04.13.01:552][563]LogScript: Warning: Accessed None trying to read property CallFunc_K2_GetPawn_ReturnValue9
	mainPC_C /Game/Creations/Maps/MultiplayerLobby.MultiplayerLobby:PersistentLevel.mainPC_C_0
	Function /Game/Creations/GInstances/mainPC.mainPC_C:ExecuteUbergraph_mainPC:1F5E
[2019.04.22-04.13.01:553][563]LogScript: Warning: Script call stack:
	Function /Game/Creations/GInstances/mainPC.mainPC_C:ReceiveTick
	Function /Game/Creations/GInstances/mainPC.mainPC_C:ExecuteUbergraph_mainPC

[2019.04.22-04.13.01:566][564]LogScript: Warning: Accessed None trying to read property CallFunc_K2_GetPawn_ReturnValue9
	mainPC_C /Game/Creations/Maps/MultiplayerLobby.MultiplayerLobby:PersistentLevel.mainPC_C_0
	Function /Game/Creations/GInstances/mainPC.mainPC_C:ExecuteUbergraph_mainPC:1F5E
[2019.04.22-04.13.01:566][564]LogScript: Warning: Script call stack:
	Function /Game/Creations/GInstances/mainPC.mainPC_C:ReceiveTick
	Function /Game/Creations/GInstances/mainPC.mainPC_C:ExecuteUbergraph_mainPC

[2019.04.22-04.13.01:583][565]LogScript: Warning: Accessed None trying to read property CallFunc_K2_GetPawn_ReturnValue9
	mainPC_C /Game/Creations/Maps/MultiplayerLobby.MultiplayerLobby:PersistentLevel.mainPC_C_0
	Function /Game/Creations/GInstances/mainPC.mainPC_C:ExecuteUbergraph_mainPC:1F5E
[2019.04.22-04.13.01:583][565]LogScript: Warning: Script call stack:
	Function /Game/Creations/GInstances/mainPC.mainPC_C:ReceiveTick
	Function /Game/Creations/GInstances/mainPC.mainPC_C:ExecuteUbergraph_mainPC

[2019.04.22-04.13.01:598][566]LogScript: Warning: Accessed None trying to read property CallFunc_K2_GetPawn_ReturnValue9
	mainPC_C /Game/Creations/Maps/MultiplayerLobby.MultiplayerLobby:PersistentLevel.mainPC_C_0
	Function /Game/Creations/GInstances/mainPC.mainPC_C:ExecuteUbergraph_mainPC:1F5E
[2019.04.22-04.13.01:598][566]LogScript: Warning: Script call stack:
	Function /Game/Creations/GInstances/mainPC.mainPC_C:ReceiveTick
	Function /Game/Creations/GInstances/mainPC.mainPC_C:ExecuteUbergraph_mainPC

[2019.04.22-04.13.01:615][567]LogScript: Warning: Accessed None trying to read property CallFunc_K2_GetPawn_ReturnValue9
	mainPC_C /Game/Creations/Maps/MultiplayerLobby.MultiplayerLobby:PersistentLevel.mainPC_C_0
	Function /Game/Creations/GInstances/mainPC.mainPC_C:ExecuteUbergraph_mainPC:1F5E
[2019.04.22-04.13.01:615][567]LogScript: Warning: Script call stack:
	Function /Game/Creations/GInstances/mainPC.mainPC_C:ReceiveTick
	Function /Game/Creations/GInstances/mainPC.mainPC_C:ExecuteUbergraph_mainPC

[2019.04.22-04.13.01:630][568]LogScript: Warning: Accessed None trying to read property CallFunc_K2_GetPawn_ReturnValue9
	mainPC_C /Game/Creations/Maps/MultiplayerLobby.MultiplayerLobby:PersistentLevel.mainPC_C_0
	Function /Game/Creations/GInstances/mainPC.mainPC_C:ExecuteUbergraph_mainPC:1F5E
[2019.04.22-04.13.01:630][568]LogScript: Warning: Script call stack:
	Function /Game/Creations/GInstances/mainPC.mainPC_C:ReceiveTick
	Function /Game/Creations/GInstances/mainPC.mainPC_C:ExecuteUbergraph_mainPC

[2019.04.22-04.13.01:648][569]LogScript: Warning: Accessed None trying to read property CallFunc_K2_GetPawn_ReturnValue9
	mainPC_C /Game/Creations/Maps/MultiplayerLobby.MultiplayerLobby:PersistentLevel.mainPC_C_0
	Function /Game/Creations/GInstances/mainPC.mainPC_C:ExecuteUbergraph_mainPC:1F5E
[2019.04.22-04.13.01:648][569]LogScript: Warning: Script call stack:
	Function /Game/Creations/GInstances/mainPC.mainPC_C:ReceiveTick
	Function /Game/Creations/GInstances/mainPC.mainPC_C:ExecuteUbergraph_mainPC

[2019.04.22-04.13.01:663][570]LogScript: Warning: Accessed None trying to read property CallFunc_K2_GetPawn_ReturnValue9
	mainPC_C /Game/Creations/Maps/MultiplayerLobby.MultiplayerLobby:PersistentLevel.mainPC_C_0
	Function /Game/Creations/GInstances/mainPC.mainPC_C:ExecuteUbergraph_mainPC:1F5E
[2019.04.22-04.13.01:663][570]LogScript: Warning: Script call stack:
	Function /Game/Creations/GInstances/mainPC.mainPC_C:ReceiveTick
	Function /Game/Creations/GInstances/mainPC.mainPC_C:ExecuteUbergraph_mainPC

[2019.04.22-04.13.01:678][571]LogScript: Warning: Accessed None trying to read property CallFunc_K2_GetPawn_ReturnValue9
	mainPC_C /Game/Creations/Maps/MultiplayerLobby.MultiplayerLobby:PersistentLevel.mainPC_C_0
	Function /Game/Creations/GInstances/mainPC.mainPC_C:ExecuteUbergraph_mainPC:1F5E
[2019.04.22-04.13.01:679][571]LogScript: Warning: Script call stack:
	Function /Game/Creations/GInstances/mainPC.mainPC_C:ReceiveTick
	Function /Game/Creations/GInstances/mainPC.mainPC_C:ExecuteUbergraph_mainPC

[2019.04.22-04.13.02:525][620]LogNet: Warning: UIpNetDriver::ProcessRemoteFunction: No owning connection for actor MultiplayerLobby_C_1. Function updatePlayerWidgets will not be processed.
[2019.04.22-04.13.03:515][676]LogNet: Warning: UIpNetDriver::ProcessRemoteFunction: No owning connection for actor MultiplayerLobby_C_1. Function updatePlayerWidgets will not be processed.
[2019.04.22-04.13.03:757][691]LogWorld: SeamlessTravel to: /Game/Creations/Maps/TestMap
[2019.04.22-04.13.03:808][692]LogStats:     SeamlessTravel FlushLevelStreaming  -  0.001 s
[2019.04.22-04.13.03:809][692]LogWorld: Bringing World /Temp/Untitled_1.Untitled up for play (max tick rate 0) at 2019.04.21-21.13.03
[2019.04.22-04.13.03:809][692]LogWorld: Bringing up level for play took: 0.000803
[2019.04.22-04.13.03:809][692]LogWorld: Sending NotifyLoadedWorld for LP: LocalPlayer_0 PC: mainPC_C_0
[2019.04.22-04.13.03:809][692]LogNet: Verbose: NotifyLoadedWorld Begin
[2019.04.22-04.13.03:809][692]LogNet: VeryVerbose: GetFunctionCallspace RemoteRole Remote ServerNotifyLoadedWorld
[2019.04.22-04.13.03:810][692]LogNetTraffic:       Sent RPC: mainPC_C_0::ServerNotifyLoadedWorld [28.4 bytes]
[2019.04.22-04.13.03:810][692]LogNetTraffic: VeryVerbose: Sending: FOutBunch: Channel[2] ChSequence: 161 NumBits: 227 PacketId: 0 bOpen: 0 bClose: 0 bDormant: 0 bIsReplicationPaused: 0 bReliable: 1 bPartial: 0//0//0 bHasPackageMapExports: 0 
[2019.04.22-04.13.03:810][692]LogNetTraffic: Verbose: UNetConnection::SendRawBunch. ChIndex: 2. Bits: 227. PacketId: 13566
[2019.04.22-04.13.03:810][692]LogNet: Verbose: NotifyLoadedWorld End
[2019.04.22-04.13.03:810][692]LogWorld: StartLoadingDestination to: /Game/Creations/Maps/TestMap
[2019.04.22-04.13.04:177][699]LogStats:     SeamlessTravel FlushLevelStreaming  -  0.001 s
[2019.04.22-04.13.04:185][699]LogWorld: Bringing World /Game/Creations/Maps/TestMap.TestMap up for play (max tick rate 0) at 2019.04.21-21.13.04
[2019.04.22-04.13.04:185][699]LogWorld: Bringing up level for play took: 0.008393
[2019.04.22-04.13.04:186][699]LogWorld: Sending NotifyLoadedWorld for LP: LocalPlayer_0 PC: mainPC_C_0
[2019.04.22-04.13.04:186][699]LogNet: Verbose: NotifyLoadedWorld Begin
[2019.04.22-04.13.04:186][699]LogNet: VeryVerbose: GetFunctionCallspace RemoteRole Remote ServerNotifyLoadedWorld
[2019.04.22-04.13.04:186][699]LogNetTraffic:       Sent RPC: mainPC_C_0::ServerNotifyLoadedWorld [42.4 bytes]
[2019.04.22-04.13.04:186][699]LogNetTraffic: VeryVerbose: Sending: FOutBunch: Channel[2] ChSequence: 162 NumBits: 339 PacketId: 0 bOpen: 0 bClose: 0 bDormant: 0 bIsReplicationPaused: 0 bReliable: 1 bPartial: 0//0//0 bHasPackageMapExports: 0 
[2019.04.22-04.13.04:186][699]LogNetTraffic: Verbose: UNetConnection::SendRawBunch. ChIndex: 2. Bits: 339. PacketId: 13571
[2019.04.22-04.13.04:186][699]LogNet: Verbose: NotifyLoadedWorld End
[2019.04.22-04.13.04:186][699]LogWorld: ----SeamlessTravel finished in 0.43 seconds ------
[2019.04.22-04.13.04:362][704]AdvancedSessionsLog: Warning: GetLocalPlayerNameFromController had a bad player state!
[2019.04.22-04.13.14:425][887]LogNet: Warning: UIpNetDriver::ProcessRemoteFunction: No owning connection for actor TestMap_C_0. Function TestSelectAbilities will not be processed.
[2019.04.22-04.13.43:096][445]LogBlueprintUserMessages: [Ensnare_C_0] Snared
[2019.04.22-04.13.44:569][468]LogScriptCore: Warning: Script Msg: Attempted to access index 3 from array 'WeaponsInUI' of length 3 in '/Game/Creations/Widgets/WeaponsandHP.WeaponsandHP_C'!
[2019.04.22-04.13.44:569][468]LogScript: Warning: Accessed None trying to read property CallFunc_Array_Get_Item
	WeaponsandHP_C /Engine/Transient.GameEngine_0:MainInstance_C_0.WeaponsandHP_C_0
	Function /Game/Creations/Widgets/WeaponsandHP.WeaponsandHP_C:ExecuteUbergraph_WeaponsandHP:021F
[2019.04.22-04.13.44:569][468]LogScript: Warning: Script call stack:
	Function /Game/Creations/GInstances/mainPC.mainPC_C:AddWeaponSelectWidget
	Function /Game/Creations/GInstances/mainPC.mainPC_C:ExecuteUbergraph_mainPC
	Function /Game/Creations/GInstances/mainPC.mainPC_C:updateHUD
	Function /Game/Creations/GInstances/mainPC.mainPC_C:ExecuteUbergraph_mainPC
	Function /Game/Creations/Widgets/WeaponsandHP.WeaponsandHP_C:updateVals
	Function /Game/Creations/Widgets/WeaponsandHP.WeaponsandHP_C:ExecuteUbergraph_WeaponsandHP

[2019.04.22-04.13.44:569][468]LogScriptCore: Warning: Script Msg: Attempted to access index 3 from array 'Weapon uses' of length 3 in '/Game/Creations/Widgets/WeaponsandHP.WeaponsandHP_C'!
[2019.04.22-04.13.44:569][468]LogScript: Warning: Accessed None trying to read property CallFunc_Array_Get_Item2
	WeaponsandHP_C /Engine/Transient.GameEngine_0:MainInstance_C_0.WeaponsandHP_C_0
	Function /Game/Creations/Widgets/WeaponsandHP.WeaponsandHP_C:ExecuteUbergraph_WeaponsandHP:0330
[2019.04.22-04.13.44:569][468]LogScript: Warning: Script call stack:
	Function /Game/Creations/GInstances/mainPC.mainPC_C:AddWeaponSelectWidget
	Function /Game/Creations/GInstances/mainPC.mainPC_C:ExecuteUbergraph_mainPC
	Function /Game/Creations/GInstances/mainPC.mainPC_C:updateHUD
	Function /Game/Creations/GInstances/mainPC.mainPC_C:ExecuteUbergraph_mainPC
	Function /Game/Creations/Widgets/WeaponsandHP.WeaponsandHP_C:updateVals
	Function /Game/Creations/Widgets/WeaponsandHP.WeaponsandHP_C:ExecuteUbergraph_WeaponsandHP

[2019.04.22-04.13.54:128][610]LogNet: Warning: Network Failure: GameNetDriver[FailureReceived]: Host closed the connection.
[2019.04.22-04.13.54:128][610]LogNet: NetworkFailure: FailureReceived, Error: 'Host closed the connection.'
[2019.04.22-04.13.54:129][610]LogNet: UNetConnection::Close: [UNetConnection] RemoteAddr: 158.104.224.69:7778, Name: IpConnection_1, Driver: GameNetDriver IpNetDriver_1, IsServer: NO, PC: mainPC_C_1, Owner: mainPC_C_1, Channels: 12, Time: 2019.04.22-04.13.54
[2019.04.22-04.13.54:129][610]LogNet: UChannel::Close: Sending CloseBunch. ChIndex == 0. Name: [UChannel] ChIndex: 0, Closing: 0 [UNetConnection] RemoteAddr: 158.104.224.69:7778, Name: IpConnection_1, Driver: GameNetDriver IpNetDriver_1, IsServer: NO, PC: mainPC_C_1, Owner: mainPC_C_1
[2019.04.22-04.13.54:129][610]LogNet: Warning: Network Failure: GameNetDriver[ConnectionLost]: Your connection to the host has been lost.
[2019.04.22-04.13.54:129][610]LogNet: NetworkFailure: ConnectionLost, Error: 'Your connection to the host has been lost.'
[2019.04.22-04.13.54:175][611]LogNet: Browse: /Game/Creations/Maps/MainMenu?closed
[2019.04.22-04.13.54:175][611]LogNet: Failed; returning to Entry
[2019.04.22-04.13.54:238][611]LogLoad: LoadMap: /Game/Creations/Maps/MainMenu?closed
[2019.04.22-04.13.54:238][611]LogNet: World NetDriver shutdown IpNetDriver_1 [GameNetDriver]
[2019.04.22-04.13.54:238][611]LogNet: DestroyNamedNetDriver IpNetDriver_1 [GameNetDriver]
[2019.04.22-04.13.54:239][611]LogExit: GameNetDriver IpNetDriver_1 shut down
[2019.04.22-04.13.54:288][611]LogAIModule: Creating AISystem for world MainMenu
[2019.04.22-04.13.54:289][611]LogLoad: Game class is 'MainGm_C'
[2019.04.22-04.13.54:292][611]LogWorld: Bringing World /Game/Creations/Maps/MainMenu.MainMenu up for play (max tick rate 0) at 2019.04.21-21.13.54
[2019.04.22-04.13.54:293][611]LogWorld: Bringing up level for play took: 0.002162
[2019.04.22-04.13.54:294][611]LogGameMode: FindPlayerStart: PATHS NOT DEFINED or NO PLAYERSTART with positive rating
[2019.04.22-04.13.54:300][611]LogLoad: Took 0.062629 seconds to LoadMap(/Game/Creations/Maps/MainMenu)
