Log file open, 05/12/19 14:10:14
LogWindows: Failed to load 'aqProf.dll' (GetLastError=126)
LogWindows: File 'aqProf.dll' does not exist
LogWindows: Failed to load 'VtuneApi.dll' (GetLastError=126)
LogWindows: File 'VtuneApi.dll' does not exist
LogWindows: Failed to load 'VtuneApi32e.dll' (GetLastError=126)
LogWindows: File 'VtuneApi32e.dll' does not exist
LogInit: Display: Running engine for game: Illuminate
LogPlatformFile: Not using cached read wrapper
LogInit: Display: RandInit(754287427) SRandInit(754287427).
LogInit: Read version file with build ID '3709383'
LogInit: Overriding engine version to CL 3794801, compatible CL 3709383
LogInit: Registered custom module enumerator with build ID '3709383'
LogTaskGraph: Started task graph with 5 named threads and 14 total threads with 3 sets of task threads.
LogStats: Stats thread started at 4.356669
LogPluginManager: Warning: Plugin 'AdvancedSessions' exists at '../../../../../../Users/lockw/OneDrive/Documents/Unreal Projects/Illuminate/Plugins/AdvancedSessions/AdvancedSessions.uplugin' and '../../../../../../Users/lockw/OneDrive/Documents/Unreal Projects/Illuminate/Plugins/AdvancedSessions.uplugin' - second location will be ignored
LogD3D11RHI: Aftermath initialized
LogModuleManager: Display: Found up-to-date module file ../../../Engine/Plugins/Online/OnlineSubsystemSteam/Binaries/Win64/UE4Editor-OnlineSubsystemSteam.dll (API version 3709383).
LogModuleManager: Display: Found up-to-date module file ../../../Engine/Plugins/Online/OnlineSubsystem/Binaries/Win64/UE4Editor-OnlineSubsystem.dll (API version 3709383).
LogModuleManager: Display: Found up-to-date module file ../../../Engine/Plugins/Online/OnlineSubsystemUtils/Binaries/Win64/UE4Editor-OnlineSubsystemUtils.dll (API version 3709383).
LogModuleManager: Display: Found up-to-date module file ../../../Engine/Plugins/Online/OnlineSubsystemUtils/Binaries/Win64/UE4Editor-OnlineBlueprintSupport.dll (API version 3709383).
LogModuleManager: Display: Found up-to-date module file ../../../Engine/Plugins/Online/OnlineFramework/Binaries/Win64/UE4Editor-Qos.dll (API version 3709383).
LogModuleManager: Display: Found up-to-date module file ../../../Engine/Plugins/Online/OnlineFramework/Binaries/Win64/UE4Editor-Party.dll (API version 3709383).
LogModuleManager: Display: Found up-to-date module file ../../../Engine/Plugins/Online/OnlineFramework/Binaries/Win64/UE4Editor-Lobby.dll (API version 3709383).
LogModuleManager: Display: Found up-to-date module file ../../../Engine/Plugins/Online/OnlineFramework/Binaries/Win64/UE4Editor-Hotfix.dll (API version 3709383).
LogModuleManager: Display: Found up-to-date module file ../../../Engine/Plugins/Online/OnlineFramework/Binaries/Win64/UE4Editor-Rejoin.dll (API version 3709383).
LogModuleManager: Display: Found up-to-date module file ../../../Engine/Plugins/Online/OnlineFramework/Binaries/Win64/UE4Editor-LoginFlow.dll (API version 3709383).
LogModuleManager: Display: Found up-to-date module file ../../../Engine/Plugins/2D/Paper2D/Binaries/Win64/UE4Editor-Paper2D.dll (API version 3709383).
LogModuleManager: Display: Found up-to-date module file ../../../Engine/Plugins/2D/Paper2D/Binaries/Win64/UE4Editor-Paper2DEditor.dll (API version 3709383).
LogModuleManager: Display: Found up-to-date module file ../../../Engine/Plugins/2D/Paper2D/Binaries/Win64/UE4Editor-PaperSpriteSheetImporter.dll (API version 3709383).
LogModuleManager: Display: Found up-to-date module file ../../../Engine/Plugins/2D/Paper2D/Binaries/Win64/UE4Editor-PaperTiledImporter.dll (API version 3709383).
LogModuleManager: Display: Found up-to-date module file ../../../Engine/Plugins/2D/Paper2D/Binaries/Win64/UE4Editor-SmartSnapping.dll (API version 3709383).
LogModuleManager: Display: Found up-to-date module file ../../../Engine/Plugins/Blendables/LightPropagationVolume/Binaries/Win64/UE4Editor-LightPropagationVolumeRuntime.dll (API version 3709383).
LogModuleManager: Display: Found up-to-date module file ../../../Engine/Plugins/Blendables/LightPropagationVolume/Binaries/Win64/UE4Editor-LightPropagationVolumeEditor.dll (API version 3709383).
LogModuleManager: Display: Found up-to-date module file ../../../Engine/Plugins/Developer/GitSourceControl/Binaries/Win64/UE4Editor-GitSourceControl.dll (API version 3709383).
LogModuleManager: Display: Found up-to-date module file ../../../Engine/Plugins/Developer/PerforceSourceControl/Binaries/Win64/UE4Editor-PerforceSourceControl.dll (API version 3709383).
LogModuleManager: Display: Found up-to-date module file ../../../Engine/Plugins/Developer/SubversionSourceControl/Binaries/Win64/UE4Editor-SubversionSourceControl.dll (API version 3709383).
LogModuleManager: Display: Found up-to-date module file ../../../Engine/Plugins/Developer/UObjectPlugin/Binaries/Win64/UE4Editor-UObjectPlugin.dll (API version 3709383).
LogModuleManager: Display: Found up-to-date module file ../../../Engine/Plugins/Developer/VisualStudioCodeSourceCodeAccess/Binaries/Win64/UE4Editor-VisualStudioCodeSourceCodeAccess.dll (API version 3709383).
LogModuleManager: Display: Found up-to-date module file ../../../Engine/Plugins/Developer/VisualStudioSourceCodeAccess/Binaries/Win64/UE4Editor-VisualStudioSourceCodeAccess.dll (API version 3709383).
LogModuleManager: Display: Found up-to-date module file ../../../Engine/Plugins/Editor/AssetManagerEditor/Binaries/Win64/UE4Editor-AssetManagerEditor.dll (API version 3709383).
LogModuleManager: Display: Found up-to-date module file ../../../Engine/Plugins/Editor/AudioCapture/Binaries/Win64/UE4Editor-AudioCapture.dll (API version 3709383).
LogModuleManager: Display: Found up-to-date module file ../../../Engine/Plugins/Editor/FacialAnimation/Binaries/Win64/UE4Editor-FacialAnimation.dll (API version 3709383).
LogModuleManager: Display: Found up-to-date module file ../../../Engine/Plugins/Editor/FacialAnimation/Binaries/Win64/UE4Editor-FacialAnimationEditor.dll (API version 3709383).
LogModuleManager: Display: Found up-to-date module file ../../../Engine/Plugins/Editor/GameplayTagsEditor/Binaries/Win64/UE4Editor-GameplayTagsEditor.dll (API version 3709383).
LogModuleManager: Display: Found up-to-date module file ../../../Engine/Plugins/Editor/MobileLauncherProfileWizard/Binaries/Win64/UE4Editor-MobileLauncherProfileWizard.dll (API version 3709383).
LogModuleManager: Display: Found up-to-date module file ../../../Engine/Plugins/Editor/PluginBrowser/Binaries/Win64/UE4Editor-PluginBrowser.dll (API version 3709383).
LogModuleManager: Display: Found up-to-date module file ../../../Engine/Plugins/Editor/SpeedTreeImporter/Binaries/Win64/UE4Editor-SpeedTreeImporter.dll (API version 3709383).
LogModuleManager: Display: Found up-to-date module file ../../../Engine/Plugins/Experimental/AlembicImporter/Binaries/Win64/UE4Editor-AlembicImporter.dll (API version 3709383).
LogModuleManager: Display: Found up-to-date module file ../../../Engine/Plugins/Experimental/AlembicImporter/Binaries/Win64/UE4Editor-AlembicLibrary.dll (API version 3709383).
LogModuleManager: Display: Found up-to-date module file ../../../Engine/Plugins/Experimental/CharacterAI/Binaries/Win64/UE4Editor-CharacterAI.dll (API version 3709383).
LogModuleManager: Display: Found up-to-date module file ../../../Engine/Plugins/Experimental/HTML5Networking/Binaries/Win64/UE4Editor-HTML5Networking.dll (API version 3709383).
LogModuleManager: Display: Found up-to-date module file ../../../Engine/Plugins/Media/AndroidMedia/Binaries/Win64/UE4Editor-AndroidMediaEditor.dll (API version 3709383).
LogModuleManager: Display: Found up-to-date module file ../../../Engine/Plugins/Media/AndroidMedia/Binaries/Win64/UE4Editor-AndroidMediaFactory.dll (API version 3709383).
LogModuleManager: Display: Found up-to-date module file ../../../Engine/Plugins/Media/AvfMedia/Binaries/Win64/UE4Editor-AvfMediaEditor.dll (API version 3709383).
LogModuleManager: Display: Found up-to-date module file ../../../Engine/Plugins/Media/AvfMedia/Binaries/Win64/UE4Editor-AvfMediaFactory.dll (API version 3709383).
LogModuleManager: Display: Found up-to-date module file ../../../Engine/Plugins/Media/AvfMedia/Binaries/Win64/UE4Editor-AvfMediaFactory.dll (API version 3709383).
LogModuleManager: Display: Found up-to-date module file ../../../Engine/Plugins/Media/ImgMedia/Binaries/Win64/UE4Editor-ImgMedia.dll (API version 3709383).
LogModuleManager: Display: Found up-to-date module file ../../../Engine/Plugins/Media/ImgMedia/Binaries/Win64/UE4Editor-ImgMediaEditor.dll (API version 3709383).
LogModuleManager: Display: Found up-to-date module file ../../../Engine/Plugins/Media/ImgMedia/Binaries/Win64/UE4Editor-ImgMediaFactory.dll (API version 3709383).
LogModuleManager: Display: Found up-to-date module file ../../../Engine/Plugins/Media/ImgMedia/Binaries/Win64/UE4Editor-ImgMediaFactory.dll (API version 3709383).
LogModuleManager: Display: Found up-to-date module file ../../../Engine/Plugins/Media/ImgMedia/Binaries/Win64/UE4Editor-OpenExrWrapper.dll (API version 3709383).
LogModuleManager: Display: Found up-to-date module file ../../../Engine/Plugins/Media/MediaCompositing/Binaries/Win64/UE4Editor-MediaCompositing.dll (API version 3709383).
LogModuleManager: Display: Found up-to-date module file ../../../Engine/Plugins/Media/MediaCompositing/Binaries/Win64/UE4Editor-MediaCompositingEditor.dll (API version 3709383).
LogModuleManager: Display: Found up-to-date module file ../../../Engine/Plugins/Media/MediaPlayerEditor/Binaries/Win64/UE4Editor-MediaPlayerEditor.dll (API version 3709383).
LogModuleManager: Display: Found up-to-date module file ../../../Engine/Plugins/Media/WmfMedia/Binaries/Win64/UE4Editor-WmfMedia.dll (API version 3709383).
LogModuleManager: Display: Found up-to-date module file ../../../Engine/Plugins/Media/WmfMedia/Binaries/Win64/UE4Editor-WmfMediaEditor.dll (API version 3709383).
LogModuleManager: Display: Found up-to-date module file ../../../Engine/Plugins/Media/WmfMedia/Binaries/Win64/UE4Editor-WmfMediaFactory.dll (API version 3709383).
LogModuleManager: Display: Found up-to-date module file ../../../Engine/Plugins/Media/WmfMedia/Binaries/Win64/UE4Editor-WmfMediaFactory.dll (API version 3709383).
LogModuleManager: Display: Found up-to-date module file ../../../Engine/Plugins/Messaging/TcpMessaging/Binaries/Win64/UE4Editor-TcpMessaging.dll (API version 3709383).
LogModuleManager: Display: Found up-to-date module file ../../../Engine/Plugins/Messaging/UdpMessaging/Binaries/Win64/UE4Editor-UdpMessaging.dll (API version 3709383).
LogModuleManager: Display: Found up-to-date module file ../../../Engine/Plugins/MovieScene/ActorSequence/Binaries/Win64/UE4Editor-ActorSequence.dll (API version 3709383).
LogModuleManager: Display: Found up-to-date module file ../../../Engine/Plugins/MovieScene/LevelSequenceEditor/Binaries/Win64/UE4Editor-LevelSequenceEditor.dll (API version 3709383).
LogModuleManager: Display: Found up-to-date module file ../../../Engine/Plugins/MovieScene/MatineeToLevelSequence/Binaries/Win64/UE4Editor-MatineeToLevelSequence.dll (API version 3709383).
LogModuleManager: Display: Found up-to-date module file ../../../Engine/Plugins/Runtime/AndroidPermission/Binaries/Win64/UE4Editor-AndroidPermission.dll (API version 3709383).
LogModuleManager: Display: Found up-to-date module file ../../../Engine/Plugins/Online/OnlineSubsystemNull/Binaries/Win64/UE4Editor-OnlineSubsystemNull.dll (API version 3709383).
LogModuleManager: Display: Found up-to-date module file ../../../Engine/Plugins/Runtime/AndroidDeviceProfileSelector/Binaries/Win64/UE4Editor-AndroidDeviceProfileSelector.dll (API version 3709383).
LogModuleManager: Display: Found up-to-date module file ../../../Engine/Plugins/Runtime/AppleARKit/Binaries/Win64/UE4Editor-AppleARKit.dll (API version 3709383).
LogModuleManager: Display: Found up-to-date module file ../../../Engine/Plugins/Runtime/ArchVisCharacter/Binaries/Win64/UE4Editor-ArchVisCharacter.dll (API version 3709383).
LogModuleManager: Display: Found up-to-date module file ../../../Engine/Plugins/Runtime/CableComponent/Binaries/Win64/UE4Editor-CableComponent.dll (API version 3709383).
LogModuleManager: Display: Found up-to-date module file ../../../Engine/Plugins/Runtime/CustomMeshComponent/Binaries/Win64/UE4Editor-CustomMeshComponent.dll (API version 3709383).
LogModuleManager: Display: Found up-to-date module file ../../../Engine/Plugins/Runtime/ExampleDeviceProfileSelector/Binaries/Win64/UE4Editor-ExampleDeviceProfileSelector.dll (API version 3709383).
LogModuleManager: Display: Found up-to-date module file ../../../Engine/Plugins/Runtime/ImmediatePhysics/Binaries/Win64/UE4Editor-ImmediatePhysics.dll (API version 3709383).
LogModuleManager: Display: Found up-to-date module file ../../../Engine/Plugins/Runtime/ImmediatePhysics/Binaries/Win64/UE4Editor-ImmediatePhysicsEditor.dll (API version 3709383).
LogModuleManager: Display: Found up-to-date module file ../../../Engine/Plugins/Runtime/LocationServicesBPLibrary/Binaries/Win64/UE4Editor-LocationServicesBPLibrary.dll (API version 3709383).
LogModuleManager: Display: Found up-to-date module file ../../../Engine/Plugins/Runtime/MobilePatchingUtils/Binaries/Win64/UE4Editor-MobilePatchingUtils.dll (API version 3709383).
LogModuleManager: Display: Found up-to-date module file ../../../Engine/Plugins/Runtime/Oculus/OculusVR/Binaries/Win64/UE4Editor-OculusHMD.dll (API version 3709383).
LogModuleManager: Display: Found up-to-date module file ../../../Engine/Plugins/Runtime/Oculus/OculusVR/Binaries/Win64/UE4Editor-OculusInput.dll (API version 3709383).
LogModuleManager: Display: Found up-to-date module file ../../../Engine/Plugins/Runtime/Oculus/OculusVR/Binaries/Win64/UE4Editor-OculusEditor.dll (API version 3709383).
LogModuleManager: Display: Found up-to-date module file ../../../Engine/Plugins/Runtime/PhysXVehicles/Binaries/Win64/UE4Editor-PhysXVehicles.dll (API version 3709383).
LogModuleManager: Display: Found up-to-date module file ../../../Engine/Plugins/Runtime/PhysXVehicles/Binaries/Win64/UE4Editor-PhysXVehiclesEditor.dll (API version 3709383).
LogModuleManager: Display: Found up-to-date module file ../../../Engine/Plugins/Runtime/ProceduralMeshComponent/Binaries/Win64/UE4Editor-ProceduralMeshComponent.dll (API version 3709383).
LogModuleManager: Display: Found up-to-date module file ../../../Engine/Plugins/Runtime/ProceduralMeshComponent/Binaries/Win64/UE4Editor-ProceduralMeshComponentEditor.dll (API version 3709383).
LogModuleManager: Display: Found up-to-date module file ../../../Engine/Plugins/Runtime/RuntimePhysXCooking/Binaries/Win64/UE4Editor-RuntimePhysXCooking.dll (API version 3709383).
LogModuleManager: Display: Found up-to-date module file ../../../Engine/Plugins/Runtime/Steam/SteamVR/Binaries/Win64/UE4Editor-SteamVR.dll (API version 3709383).
LogModuleManager: Display: Found up-to-date module file ../../../Engine/Plugins/Runtime/Steam/SteamVR/Binaries/Win64/UE4Editor-SteamVRController.dll (API version 3709383).
LogModuleManager: Display: Found up-to-date module file ../../../Engine/Plugins/Runtime/WindowsMoviePlayer/Binaries/Win64/UE4Editor-WindowsMoviePlayer.dll (API version 3709383).
LogModuleManager: Display: Found up-to-date module file ../../../../../../Users/lockw/OneDrive/Documents/Unreal Projects/Illuminate/Plugins/AdvancedSessions/Binaries/Win64/UE4Editor-AdvancedSessions.dll (API version 3709383).
LogModuleManager: Display: Found up-to-date module file ../../../../../../Users/lockw/OneDrive/Documents/Unreal Projects/Illuminate/Plugins/AdvancedSteamSessions/Binaries/Win64/UE4Editor-AdvancedSteamSessions.dll (API version 3709383).
LogPluginManager: Mounting plugin Paper2D
LogPluginManager: Mounting plugin LightPropagationVolume
LogPluginManager: Mounting plugin CodeLiteSourceCodeAccess
LogPluginManager: Mounting plugin GitSourceControl
LogPluginManager: Mounting plugin KDevelopSourceCodeAccess
LogPluginManager: Mounting plugin NullSourceCodeAccess
LogPluginManager: Mounting plugin PerforceSourceControl
LogPluginManager: Mounting plugin SubversionSourceControl
LogPluginManager: Mounting plugin UObjectPlugin
LogPluginManager: Mounting plugin VisualStudioCodeSourceCodeAccess
LogPluginManager: Mounting plugin VisualStudioSourceCodeAccess
LogPluginManager: Mounting plugin XCodeSourceCodeAccess
LogPluginManager: Mounting plugin AssetManagerEditor
LogPluginManager: Mounting plugin AudioCapture
LogPluginManager: Mounting plugin FacialAnimation
LogPluginManager: Mounting plugin GameplayTagsEditor
LogPluginManager: Mounting plugin MobileLauncherProfileWizard
LogPluginManager: Mounting plugin PluginBrowser
LogPluginManager: Mounting plugin SpeedTreeImporter
LogPluginManager: Mounting plugin AlembicImporter
LogPluginManager: Mounting plugin CharacterAI
LogPluginManager: Mounting plugin HTML5Networking
LogPluginManager: Mounting plugin AndroidMedia
LogPluginManager: Mounting plugin AvfMedia
LogPluginManager: Mounting plugin ImgMedia
LogPluginManager: Mounting plugin MediaCompositing
LogPluginManager: Mounting plugin MediaPlayerEditor
LogPluginManager: Mounting plugin WmfMedia
LogPluginManager: Mounting plugin TcpMessaging
LogPluginManager: Mounting plugin UdpMessaging
LogPluginManager: Mounting plugin ActorSequence
LogPluginManager: Mounting plugin LevelSequenceEditor
LogPluginManager: Mounting plugin MatineeToLevelSequence
LogPluginManager: Mounting plugin OnlineSubsystemGooglePlay
LogPluginManager: Mounting plugin OnlineSubsystemIOS
LogPluginManager: Mounting plugin OnlineFramework
LogPluginManager: Mounting plugin OnlineSubsystem
LogPluginManager: Mounting plugin OnlineSubsystemNull
LogPluginManager: Mounting plugin OnlineSubsystemSteam
LogPluginManager: Mounting plugin OnlineSubsystemUtils
LogPluginManager: Mounting plugin AndroidDeviceProfileSelector
LogPluginManager: Mounting plugin AndroidMoviePlayer
LogPluginManager: Mounting plugin AndroidPermission
LogPluginManager: Mounting plugin AppleARKit
LogPluginManager: Mounting plugin AppleMoviePlayer
LogPluginManager: Mounting plugin ArchVisCharacter
LogPluginManager: Mounting plugin CableComponent
LogPluginManager: Mounting plugin CustomMeshComponent
LogPluginManager: Mounting plugin ExampleDeviceProfileSelector
LogPluginManager: Mounting plugin GoogleCloudMessaging
LogPluginManager: Mounting plugin ImmediatePhysics
LogPluginManager: Mounting plugin IOSDeviceProfileSelector
LogPluginManager: Mounting plugin LinuxDeviceProfileSelector
LogPluginManager: Mounting plugin LocationServicesBPLibrary
LogPluginManager: Mounting plugin MobilePatchingUtils
LogPluginManager: Mounting plugin OculusVR
LogPluginManager: Plugin shader directory ../../../Engine/Plugins/Runtime/Oculus/OculusVR/Shaders found
LogPluginManager: Mapping shader source directory ../../../Engine/Plugins/Runtime/Oculus/OculusVR/Shaders to virtual directory /Plugin/OculusVR
LogPluginManager: Mounting plugin PhysXVehicles
LogPluginManager: Mounting plugin ProceduralMeshComponent
LogPluginManager: Mounting plugin RuntimePhysXCooking
LogPluginManager: Mounting plugin SteamVR
LogPluginManager: Mounting plugin WindowsMoviePlayer
LogPluginManager: Mounting plugin AdvancedSessions
LogPluginManager: Mounting plugin AdvancedSteamSessions
LogInit: Using libcurl 7.47.1
LogInit:  - built for x86_64-pc-win32
LogInit:  - supports SSL with OpenSSL/1.0.2g
LogInit:  - supports HTTP deflate (compression) using libz 1.2.8
LogInit:  - other features:
LogInit:      CURL_VERSION_SSL
LogInit:      CURL_VERSION_LIBZ
LogInit:      CURL_VERSION_IPV6
LogInit:      CURL_VERSION_ASYNCHDNS
LogInit:      CURL_VERSION_LARGEFILE
LogInit:      CURL_VERSION_IDN
LogInit:  CurlRequestOptions (configurable via config and command line):
LogInit:  - bVerifyPeer = false  - Libcurl will NOT verify peer certificate
LogInit:  - bUseHttpProxy = false  - Libcurl will NOT use HTTP proxy
LogInit:  - bDontReuseConnections = false  - Libcurl will reuse connections
LogInit:  - CertBundlePath = nullptr  - Libcurl will use whatever was configured at build time.
LogOnline: Display: STEAM: Loading Steam SDK 1.39
LogOnline: Warning: STEAM: Steam API disabled!
LogOnline: Display: STEAM: OnlineSubsystemSteam::Shutdown()
LogInit: WinSock: version 1.1 (2.2), MaxSocks=32767, MaxUdp=65467
LogInit: Build: ++UE4+Release-4.18-CL-3794801
LogInit: Engine Version: 4.18.2-3794801+++UE4+Release-4.18
LogInit: Compatible Engine Version: 4.18.0-3709383+++UE4+Release-4.18
LogInit: Net CL: 3709383
LogDevObjectVersion: Number of dev versions registered: 16
LogDevObjectVersion:   Dev-Blueprints (B0D832E4-1F89-4F0D-ACCF-7EB736FD4AA2): 10
LogDevObjectVersion:   Dev-Build (E1C64328-A22C-4D53-A36C-8E866417BD8C): 0
LogDevObjectVersion:   Dev-Core (375EC13C-06E4-48FB-B500-84F0262A717E): 2
LogDevObjectVersion:   Dev-Editor (E4B068ED-F494-42E9-A231-DA0B2E46BB41): 20
LogDevObjectVersion:   Dev-Framework (CFFC743F-43B0-4480-9391-14DF171D2073): 30
LogDevObjectVersion:   Dev-Mobile (B02B49B5-BB20-44E9-A304-32B752E40360): 0
LogDevObjectVersion:   Dev-Networking (A4E4105C-59A1-49B5-A7C5-40C4547EDFEE): 0
LogDevObjectVersion:   Dev-Online (39C831C9-5AE6-47DC-9A44-9C173E1C8E7C): 0
LogDevObjectVersion:   Dev-Physics (78F01B33-EBEA-4F98-B9B4-84EACCB95AA2): 0
LogDevObjectVersion:   Dev-Platform (6631380F-2D4D-43E0-8009-CF276956A95A): 0
LogDevObjectVersion:   Dev-Rendering (12F88B9F-8875-4AFC-A67C-D90C383ABD29): 20
LogDevObjectVersion:   Dev-Sequencer (7B5AE74C-D270-4C10-A958-57980B212A5A): 4
LogDevObjectVersion:   Dev-VR (D7296918-1DD6-4BDD-9DE2-64A83CC13884): 0
LogDevObjectVersion:   Dev-LoadTimes (C2A15278-BFE7-4AFE-6C17-90FF531DF755): 1
LogDevObjectVersion:   Private-Geometry (6EACA3D4-40EC-4CC1-B786-8BED09428FC5): 1
LogDevObjectVersion:   Dev-AnimPhys (29E575DD-E0A3-4627-9D10-D276232CDCEA): 12
LogInit: Compiled (64-bit): Dec  8 2017 02:04:53
LogInit: Compiled with Visual C++: 19.00.24215.01
LogInit: Build Configuration: Development
LogInit: Branch Name: ++UE4+Release-4.18
LogInit: Command line:  
LogInit: Base directory: C:/Program Files/Epic Games/UE_4.18/Engine/Binaries/Win64/
LogInit: Installed Engine Build: 1
LogInit: Presizing for max 8388607 objects, including 0 objects not considered by GC, pre-allocating 0 bytes for permanent pool.
LogInit: Object subsystem initialized
[2019.05.12-21.10.26:925][  0]LogInit: Selected Device Profile: [Windows]
[2019.05.12-21.10.26:925][  0]LogInit: Applying CVar settings loaded from the selected device profile: [Windows]
[2019.05.12-21.10.27:120][  0]LogInit: Computer: MSI
[2019.05.12-21.10.27:120][  0]LogInit: User: Alex
[2019.05.12-21.10.27:120][  0]LogInit: CPU Page size=4096, Cores=4
[2019.05.12-21.10.27:120][  0]LogInit: High frequency timer resolution =2.533207 MHz
[2019.05.12-21.10.27:120][  0]LogMemory: Memory total: Physical=15.9GB (16GB approx)
[2019.05.12-21.10.27:120][  0]LogMemory: Platform Memory Stats for Windows
[2019.05.12-21.10.27:120][  0]LogMemory: Process Physical Memory: 278.11 MB used, 278.11 MB peak
[2019.05.12-21.10.27:120][  0]LogMemory: Process Virtual Memory: 274.27 MB used, 274.27 MB peak
[2019.05.12-21.10.27:120][  0]LogMemory: Physical Memory: 9784.27 MB used,  6489.07 MB free, 16273.34 MB total
[2019.05.12-21.10.27:121][  0]LogMemory: Virtual Memory: 4789.46 MB used,  6489.07 MB free, 134217728.00 MB total
[2019.05.12-21.10.30:408][  0]LogInit: Using OS detected language (en-US).
[2019.05.12-21.10.30:408][  0]LogInit: Using OS detected locale (en-US).
[2019.05.12-21.10.31:210][  0]LogTextLocalizationManager: No specific localization for 'en-US' exists, so the 'en' localization will be used.
[2019.05.12-21.10.33:454][  0]LogInit: Setting process to per monitor DPI aware
[2019.05.12-21.10.53:301][  0]LogD3D11RHI: D3D11 adapters:
[2019.05.12-21.10.53:405][  0]LogD3D11RHI:    0. 'NVIDIA GeForce GTX 965M' (Feature Level 11_0)
[2019.05.12-21.10.53:405][  0]LogD3D11RHI:       2010/0/8136 MB DedicatedVideo/DedicatedSystem/SharedSystem, Outputs:1, VendorId:0x10de
[2019.05.12-21.10.53:453][  0]LogD3D11RHI:    1. 'Intel(R) HD Graphics 4600' (Feature Level 11_0)
[2019.05.12-21.10.53:453][  0]LogD3D11RHI:       112/0/2048 MB DedicatedVideo/DedicatedSystem/SharedSystem, Outputs:0, VendorId:0x8086
[2019.05.12-21.10.53:560][  0]LogD3D11RHI:    2. 'Microsoft Basic Render Driver' (Feature Level 11_0)
[2019.05.12-21.10.53:561][  0]LogD3D11RHI:       0/0/8136 MB DedicatedVideo/DedicatedSystem/SharedSystem, Outputs:0, VendorId:0x1414
[2019.05.12-21.10.53:561][  0]LogD3D11RHI: Chosen D3D11 Adapter: 0
[2019.05.12-21.10.53:598][  0]LogD3D11RHI: Creating new Direct3DDevice
[2019.05.12-21.10.53:599][  0]LogD3D11RHI:     GPU DeviceId: 0x13d9 (for the marketing name, search the web for "GPU Device Id")
[2019.05.12-21.10.53:599][  0]LogWindows: EnumDisplayDevices:
[2019.05.12-21.10.53:599][  0]LogWindows:    0. 'Intel(R) HD Graphics 4600' (P:1 D:1)
[2019.05.12-21.10.53:600][  0]LogWindows:    1. 'Intel(R) HD Graphics 4600' (P:0 D:0)
[2019.05.12-21.10.53:600][  0]LogWindows:    2. 'Intel(R) HD Graphics 4600' (P:0 D:0)
[2019.05.12-21.10.53:600][  0]LogWindows: DebugString: GetVideoDriverDetailsInvalid PrimaryIsNotTheChoosenAdapter GetVideoDriverDetailsInvalid PrimaryIsNotTheChoosenAdapter GetVideoDriverDetailsInvalid PrimaryIsNotTheChoosenAdapter FoundDriverCount:0 
[2019.05.12-21.10.53:600][  0]LogD3D11RHI:     Adapter Name: NVIDIA GeForce GTX 965M
[2019.05.12-21.10.53:600][  0]LogD3D11RHI:   Driver Version: Unknown (internal:Unknown, unified:Unknown)
[2019.05.12-21.10.53:600][  0]LogD3D11RHI:      Driver Date: Unknown
[2019.05.12-21.10.53:600][  0]LogRHI: Texture pool is 1407 MB (70% of 2010 MB)
[2019.05.12-21.10.53:720][  0]LogD3D11RHI: Async texture creation enabled
[2019.05.12-21.10.54:400][  0]LogD3D11RHI: GPU Timing Frequency: 1000.000000 (Debug: 2 2)
[2019.05.12-21.10.54:628][  0]LogShaderCompilers: Guid format shader working directory is -30 characters bigger than the processId version (../../../../../../Users/lockw/OneDrive/Documents/Unreal Projects/Illuminate/Intermediate/Shaders/WorkingDirectory/17872/).
[2019.05.12-21.10.54:628][  0]LogShaderCompilers: Cleaned the shader compiler working directory 'C:/Users/lockw/AppData/Local/Temp/UnrealShaderWorkingDir/003BD7524C1F742F9FE2E09AEC35541A/'.
[2019.05.12-21.10.54:654][  0]LogShaderCompilers: Display: Using Local Shader Compiler.
[2019.05.12-21.11.16:254][  0]LogTemp: Display: Loaded TP AllDesktopTargetPlatform
[2019.05.12-21.11.16:425][  0]LogTemp: Display: Loaded TP MacClientTargetPlatform
[2019.05.12-21.11.16:602][  0]LogTemp: Display: Loaded TP MacNoEditorTargetPlatform
[2019.05.12-21.11.16:811][  0]LogTemp: Display: Loaded TP MacServerTargetPlatform
[2019.05.12-21.11.17:018][  0]LogTemp: Display: Loaded TP MacTargetPlatform
[2019.05.12-21.11.17:189][  0]LogTemp: Display: Loaded TP WindowsClientTargetPlatform
[2019.05.12-21.11.17:362][  0]LogTemp: Display: Loaded TP WindowsNoEditorTargetPlatform
[2019.05.12-21.11.17:544][  0]LogTemp: Display: Loaded TP WindowsServerTargetPlatform
[2019.05.12-21.11.17:707][  0]LogTemp: Display: Loaded TP WindowsTargetPlatform
[2019.05.12-21.11.17:878][  0]LogTemp: Display: Loaded TP Android_ASTCTargetPlatform
[2019.05.12-21.11.18:075][  0]LogTemp: Display: Loaded TP Android_ATCTargetPlatform
[2019.05.12-21.11.18:273][  0]LogTemp: Display: Loaded TP Android_DXTTargetPlatform
[2019.05.12-21.11.18:424][  0]LogTemp: Display: Loaded TP Android_ETC1TargetPlatform
[2019.05.12-21.11.18:685][  0]LogTemp: Display: Loaded TP Android_ETC2TargetPlatform
[2019.05.12-21.11.19:037][  0]LogTemp: Display: Loaded TP Android_MultiTargetPlatform
[2019.05.12-21.11.19:037][  0]LogTemp: Display: Loaded TP Android_PVRTCTargetPlatform
[2019.05.12-21.11.19:287][  0]LogTemp: Display: Loaded TP AndroidTargetPlatform
[2019.05.12-21.11.19:457][  0]LogTemp: Display: Loaded TP HTML5TargetPlatform
[2019.05.12-21.11.19:873][  0]LogTemp: Display: Loaded TP IOSTargetPlatform
[2019.05.12-21.11.19:971][  0]LogTemp: Display: Loaded TP TVOSTargetPlatform
[2019.05.12-21.11.20:156][  0]LogTemp: Display: Loaded TP LinuxClientTargetPlatform
[2019.05.12-21.11.20:325][  0]LogTemp: Display: Loaded TP LinuxNoEditorTargetPlatform
[2019.05.12-21.11.20:491][  0]LogTemp: Display: Loaded TP LinuxServerTargetPlatform
[2019.05.12-21.11.20:734][  0]LogTemp: Display: Loaded TP LinuxTargetPlatform
[2019.05.12-21.11.20:734][  0]LogTargetPlatformManager: Display: Building Assets For Windows
[2019.05.12-21.11.24:697][  0]LogDerivedDataCache: Display: Max Cache Size: 512 MB
[2019.05.12-21.11.29:662][  0]LogDerivedDataCache: Loaded boot cache 4.92s 79MB C:/Users/lockw/AppData/Local/UnrealEngine/4.18/DerivedDataCache/Boot.ddc.
[2019.05.12-21.11.29:662][  0]LogDerivedDataCache: Display: Loaded Boot cache: C:/Users/lockw/AppData/Local/UnrealEngine/4.18/DerivedDataCache/Boot.ddc
[2019.05.12-21.11.29:662][  0]LogDerivedDataCache: FDerivedDataBackendGraph:  Pak pak cache file ../../../../../../Users/lockw/OneDrive/Documents/Unreal Projects/Illuminate/DerivedDataCache/DDC.ddp not found, will not use a pak cache.
[2019.05.12-21.11.29:662][  0]LogDerivedDataCache: Unable to find inner node Pak for hierarchical cache Hierarchy.
[2019.05.12-21.11.29:662][  0]LogDerivedDataCache: FDerivedDataBackendGraph:  CompressedPak pak cache file ../../../../../../Users/lockw/OneDrive/Documents/Unreal Projects/Illuminate/DerivedDataCache/Compressed.ddp not found, will not use a pak cache.
[2019.05.12-21.11.29:662][  0]LogDerivedDataCache: Unable to find inner node CompressedPak for hierarchical cache Hierarchy.
[2019.05.12-21.11.29:819][  0]LogDerivedDataCache: Display: Pak cache opened for reading ../../../Engine/DerivedDataCache/Compressed.ddp.
[2019.05.12-21.11.29:875][  0]LogDerivedDataCache: Using Local data cache path C:/Users/lockw/AppData/Local/UnrealEngine/Common/DerivedDataCache: Writable
[2019.05.12-21.11.29:991][  0]LogMaterial: Verifying Global Shaders for PCD3D_SM5
[2019.05.12-21.11.30:095][  0]LogSlate: Using Freetype 2.6.0
[2019.05.12-21.11.30:234][  0]LogSlate: SlateFontCache - WITH_FREETYPE: 1, WITH_HARFBUZZ: 1
[2019.05.12-21.11.30:258][  0]LogSlate: SlateFontCache - WITH_FREETYPE: 1, WITH_HARFBUZZ: 1
[2019.05.12-21.11.45:392][  0]LogInit: Selected Device Profile: [Windows]
[2019.05.12-21.11.51:198][  0]LogSimplygon: Simplygon DLL not present - disabling.
[2019.05.12-21.11.51:393][  0]LogMeshReduction: Using SimplygonSwarm for distributed automatic mesh merging
[2019.05.12-21.11.51:408][  0]LogMeshReduction: Using QuadricMeshReduction for automatic static mesh reduction
[2019.05.12-21.11.51:408][  0]LogMeshReduction: No automatic skeletal mesh reduction module available
[2019.05.12-21.11.51:408][  0]LogMeshReduction: No automatic mesh merging module available
[2019.05.12-21.11.51:408][  0]LogMeshMerging: No automatic mesh merging module available
[2019.05.12-21.11.52:421][  0]LogNetVersion: Illuminate , NetCL: 3709383, EngineNetVer: 2, GameNetVer: 0 (Checksum: 1556659199)
[2019.05.12-21.11.57:384][  0]LogAssetRegistry: FAssetRegistry took 0.0309 seconds to start up
[2019.05.12-21.12.16:754][  0]LogPackageLocalizationCache: Processed 7 localized package path(s) for 2 prioritized culture(s) in 0.365569 seconds
[2019.05.12-21.12.16:907][  0]LogUObjectArray: 35907 objects as part of root set at end of initial load.
[2019.05.12-21.12.16:965][  0]LogUObjectAllocator: 7585952 out of 0 bytes used by permanent object pool.
[2019.05.12-21.12.16:965][  0]LogUObjectArray: CloseDisregardForGC: 0/0 objects in disregard for GC pool
[2019.05.12-21.13.24:093][  0]LogTcpMessaging: Initializing TcpMessaging bridge
[2019.05.12-21.13.24:240][  0]LogUdpMessaging: Initializing bridge on interface 0.0.0.0:0 to multicast group 230.0.0.1:6666.
[2019.05.12-21.13.29:855][  0]LogMaterial: Uniform references updated for custom material expression Custom.
[2019.05.12-21.13.33:497][  0]SourceControl: Source control is disabled
[2019.05.12-21.13.46:105][  0]LogAndroidPermission: UAndroidPermissionCallbackProxy::GetInstance
[2019.05.12-21.13.47:254][  0]LogOcInput: OculusInput pre-init called
[2019.05.12-21.13.49:715][  0]LogEngine: Initializing Engine...
[2019.05.12-21.13.49:857][  0]LogHMD: Failed to initialize OpenVR with code 110
[2019.05.12-21.13.52:125][  0]LogStats: UGameplayTagsManager::ConstructGameplayTagTree: Construct from data asset -  0.000 s
[2019.05.12-21.13.52:125][  0]LogStats: UGameplayTagsManager::ConstructGameplayTagTree: GameplayTagTreeChangedEvent.Broadcast -  0.000 s
[2019.05.12-21.13.56:063][  0]LogAIModule: Creating AISystem for world Untitled
[2019.05.12-21.13.56:626][  0]LogInit: XAudio2 using 'Speakers (Realtek High Definition Audio)' : 6 channels at 48 kHz using 32 bits per sample (channel mask 0x3f)
[2019.05.12-21.13.57:195][  0]LogInit: FAudioDevice initialized.
[2019.05.12-21.13.57:791][  0]LogDerivedDataCache: Saved boot cache 0.58s 78MB C:/Users/lockw/AppData/Local/UnrealEngine/4.18/DerivedDataCache/Boot.ddc.
[2019.05.12-21.13.57:808][  0]LogInit: Texture streaming: Enabled
[2019.05.12-21.13.58:823][  0]LogEngineSessionManager: EngineSessionManager initialized
[2019.05.12-21.13.59:971][  0]LogInit: Transaction tracking system initialized
[2019.05.12-21.14.02:020][  0]BlueprintLog: New page: Editor Load
[2019.05.12-21.14.08:607][  0]LocalizationService: Localization service is disabled
[2019.05.12-21.14.13:466][  0]LogConsoleResponse: Display: 
[2019.05.12-21.14.19:385][  0]LogCook: Display: Max memory allowance for cook 16384mb min free memory 0mb
[2019.05.12-21.14.19:385][  0]LogCook: Display: Mobile HDR setting 1
[2019.05.12-21.14.19:396][  0]LogGameplayTags: Display: UGameplayTagsManager::DoneAddingNativeTags. DelegateIsBound: 0
[2019.05.12-21.14.20:621][  0]LogFileCache: Scanning file cache for directory 'C:/Users/lockw/OneDrive/Documents/Unreal Projects/Illuminate/Content/' took 0.19s
[2019.05.12-21.14.28:368][  0]Cmd: MAP LOAD FILE="../../../../../../Users/lockw/OneDrive/Documents/Unreal Projects/Illuminate/Content/Creations/Maps/MainMenu.umap" TEMPLATE=0 SHOWPROGRESS=1 FEATURELEVEL=3
[2019.05.12-21.14.28:420][  0]LightingResults: New page: Lighting Build
[2019.05.12-21.14.29:103][  0]MapCheck: New page: Map Check
[2019.05.12-21.14.29:103][  0]LightingResults: New page: Lighting Build
[2019.05.12-21.15.13:865][  0]LogAIModule: Creating AISystem for world MainMenu
[2019.05.12-21.15.14:425][  0]LogEditorServer: Finished looking for orphan Actors (0.001 secs)
[2019.05.12-21.15.16:426][  0]Cmd: MAP CHECKDEP NOCLEARLOG
[2019.05.12-21.15.17:519][  0]MapCheck: Map check complete: 0 Error(s), 0 Warning(s), took 929.649ms to complete.
[2019.05.12-21.15.17:561][  0]LogFileHelpers: Loading map 'MainMenu' took 49.242
[2019.05.12-21.15.28:395][  0]LogCollectionManager: Loaded 0 collections in 0.007036 seconds
[2019.05.12-21.15.30:718][  0]LogFileCache: Scanning file cache for directory 'C:/Users/lockw/OneDrive/Documents/Unreal Projects/Illuminate/Saved/Collections/' took 0.01s
[2019.05.12-21.15.30:718][  0]LogFileCache: Scanning file cache for directory 'C:/Users/lockw/OneDrive/Documents/Unreal Projects/Illuminate/Content/Developers/Alex/Collections/' took 0.01s
[2019.05.12-21.15.30:718][  0]LogFileCache: Scanning file cache for directory 'C:/Users/lockw/OneDrive/Documents/Unreal Projects/Illuminate/Content/Collections/' took 0.01s
[2019.05.12-21.15.30:718][  0]LogCollectionManager: Rebuilt the GUID cache for 0 collections in 0.000001 seconds
[2019.05.12-21.15.30:886][  0]LogContentBrowser: Native class hierarchy populated in 0.0682 seconds. Added 2403 classes and 540 folders.
[2019.05.12-21.15.31:765][  0]LogContentBrowser: Native class hierarchy updated for 'WidgetCarousel' in 0.0004 seconds. Added 0 classes and 0 folders.
[2019.05.12-21.15.38:767][  0]LogContentBrowser: Native class hierarchy updated for 'AddContentDialog' in 0.0004 seconds. Added 0 classes and 0 folders.
[2019.05.12-21.15.42:409][  0]LogSlate: Took 0.038698 seconds to synchronously load lazily loaded font '../../../Engine/Content/Slate/Fonts/Roboto-Regular.ttf' (155K)
[2019.05.12-21.15.42:498][  0]LogSlate: Took 0.029100 seconds to synchronously load lazily loaded font '../../../Engine/Content/Slate/Fonts/Roboto-Bold.ttf' (160K)
[2019.05.12-21.15.43:327][  0]LogSlate: Took 0.022666 seconds to synchronously load lazily loaded font '../../../Engine/Content/Editor/Slate/Fonts/FontAwesome.ttf' (139K)
[2019.05.12-21.15.45:983][  0]LogRenderer: Reallocating scene render targets to support 1180x592 Format 10 NumSamples 1 (Frame:1).
[2019.05.12-21.15.49:195][  0]LogContentBrowser: Native class hierarchy updated for 'HierarchicalLODOutliner' in 0.0004 seconds. Added 1 classes and 2 folders.
[2019.05.12-21.15.49:196][  0]LogLoad: (Engine Initialization) Total time: 363.37 seconds
[2019.05.12-21.15.49:196][  0]LogLoad: (Engine Initialization) Total Blueprint compile time: 0.00 seconds
[2019.05.12-21.15.49:205][  0]LogExternalProfiler: Found external profiler: VSPerf
[2019.05.12-21.15.49:206][  0]LogExternalProfiler: Using external profiler: VSPerf
[2019.05.12-21.15.50:399][  0]SourceControl: On branch master
[2019.05.12-21.15.50:399][  0]SourceControl: Changes not staged for commit:
[2019.05.12-21.15.50:399][  0]SourceControl:   (use "git add/rm <file>..." to update what will be committed)
[2019.05.12-21.15.50:399][  0]SourceControl:   (use "git checkout -- <file>..." to discard changes in working directory)
[2019.05.12-21.15.50:399][  0]SourceControl: 	modified:   Illuminate/Intermediate/AssetRegistryCache/c90e3f55.bin
[2019.05.12-21.15.50:399][  0]SourceControl: 	modified:   Illuminate/Intermediate/CachedAssetRegistry.bin
[2019.05.12-21.15.50:399][  0]SourceControl: 	modified:   Illuminate/Saved/AutoScreenshot.png
[2019.05.12-21.15.50:399][  0]SourceControl: 	deleted:    Illuminate/Saved/Config/CrashReportClient/UE4CC-Windows-0269F8B0437D23142084A1A7A8395D39/CrashReportClient.ini
[2019.05.12-21.15.50:399][  0]SourceControl: 	deleted:    Illuminate/Saved/Config/CrashReportClient/UE4CC-Windows-03FE429A4283E82F1E8345A8402ABDF3/CrashReportClient.ini
[2019.05.12-21.15.50:399][  0]SourceControl: 	deleted:    Illuminate/Saved/Config/CrashReportClient/UE4CC-Windows-0B322E664C4A531F7FCEF0A3E589E07B/CrashReportClient.ini
[2019.05.12-21.15.50:399][  0]SourceControl: 	deleted:    Illuminate/Saved/Config/CrashReportClient/UE4CC-Windows-11408F49442606580D58DC80D358825B/CrashReportClient.ini
[2019.05.12-21.15.50:399][  0]SourceControl: 	deleted:    Illuminate/Saved/Config/CrashReportClient/UE4CC-Windows-13E6541E4CE1FAC02E8CD181283A1F23/CrashReportClient.ini
[2019.05.12-21.15.50:399][  0]SourceControl: 	deleted:    Illuminate/Saved/Config/CrashReportClient/UE4CC-Windows-1603FEE5415DEDAFB63195ABAA1CF637/CrashReportClient.ini
[2019.05.12-21.15.50:399][  0]SourceControl: 	deleted:    Illuminate/Saved/Config/CrashReportClient/UE4CC-Windows-1681C4814CE8BD9F7DB1F78F37FD3DCB/CrashReportClient.ini
[2019.05.12-21.15.50:399][  0]SourceControl: 	deleted:    Illuminate/Saved/Config/CrashReportClient/UE4CC-Windows-1D21600A4D52D755587C248E35C5DE6C/CrashReportClient.ini
[2019.05.12-21.15.50:399][  0]SourceControl: 	deleted:    Illuminate/Saved/Config/CrashReportClient/UE4CC-Windows-3FE46A664D9B63443E0ADBA2FBD79160/CrashReportClient.ini
[2019.05.12-21.15.50:399][  0]SourceControl: 	deleted:    Illuminate/Saved/Config/CrashReportClient/UE4CC-Windows-43D1B20E4C748AA5BF29CEB80177437C/CrashReportClient.ini
[2019.05.12-21.15.50:399][  0]SourceControl: 	deleted:    Illuminate/Saved/Config/CrashReportClient/UE4CC-Windows-46C1F1A248B32F434FED5BAA5535180E/CrashReportClient.ini
[2019.05.12-21.15.50:399][  0]SourceControl: 	deleted:    Illuminate/Saved/Config/CrashReportClient/UE4CC-Windows-4C124E5D4EEDA4D085E5DBA8B96714EC/CrashReportClient.ini
[2019.05.12-21.15.50:399][  0]SourceControl: 	deleted:    Illuminate/Saved/Config/CrashReportClient/UE4CC-Windows-4CFEF3AA4F2B3BCDB13BB48E91397164/CrashReportClient.ini
[2019.05.12-21.15.50:399][  0]SourceControl: 	deleted:    Illuminate/Saved/Config/CrashReportClient/UE4CC-Windows-619D48774411E9101EE3E188E80200B3/CrashReportClient.ini
[2019.05.12-21.15.50:399][  0]SourceControl: 	deleted:    Illuminate/Saved/Config/CrashReportClient/UE4CC-Windows-64BF7EA0463E1F2B172B49BB56CCE0C7/CrashReportClient.ini
[2019.05.12-21.15.50:400][  0]SourceControl: 	deleted:    Illuminate/Saved/Config/CrashReportClient/UE4CC-Windows-697447134BD0084FB3D0B29E5A43F352/CrashReportClient.ini
[2019.05.12-21.15.50:400][  0]SourceControl: 	deleted:    Illuminate/Saved/Config/CrashReportClient/UE4CC-Windows-6AAAEBF64BB79F3753D169BAE28AF1A0/CrashReportClient.ini
[2019.05.12-21.15.50:400][  0]SourceControl: 	deleted:    Illuminate/Saved/Config/CrashReportClient/UE4CC-Windows-76AC281C46404F7D609392AFC51E27AC/CrashReportClient.ini
[2019.05.12-21.15.50:400][  0]SourceControl: 	deleted:    Illuminate/Saved/Config/CrashReportClient/UE4CC-Windows-7DC3B6A94B49468769B1A3BB2C0DCD60/CrashReportClient.ini
[2019.05.12-21.15.50:400][  0]SourceControl: 	deleted:    Illuminate/Saved/Config/CrashReportClient/UE4CC-Windows-8027BDED44C60F1796D36AB5A1BCA687/CrashReportClient.ini
[2019.05.12-21.15.50:400][  0]SourceControl: 	deleted:    Illuminate/Saved/Config/CrashReportClient/UE4CC-Windows-8484D30942361A4FA307B98344031C3A/CrashReportClient.ini
[2019.05.12-21.15.50:400][  0]SourceControl: 	deleted:    Illuminate/Saved/Config/CrashReportClient/UE4CC-Windows-8D9468CF4FB3D2F18964E58C67F01725/CrashReportClient.ini
[2019.05.12-21.15.50:400][  0]SourceControl: 	deleted:    Illuminate/Saved/Config/CrashReportClient/UE4CC-Windows-91774E13496DC49C70C161A7527D20BE/CrashReportClient.ini
[2019.05.12-21.15.50:400][  0]SourceControl: 	deleted:    Illuminate/Saved/Config/CrashReportClient/UE4CC-Windows-92C09BDE4865F4B0799787A27C2A4B2D/CrashReportClient.ini
[2019.05.12-21.15.50:400][  0]SourceControl: 	deleted:    Illuminate/Saved/Config/CrashReportClient/UE4CC-Windows-9E55D0794D6AC9C0E9656EA923B2865E/CrashReportClient.ini
[2019.05.12-21.15.50:400][  0]SourceControl: 	deleted:    Illuminate/Saved/Config/CrashReportClient/UE4CC-Windows-A14A8CB144DEADC4CA714282C4F4E101/CrashReportClient.ini
[2019.05.12-21.15.50:400][  0]SourceControl: 	deleted:    Illuminate/Saved/Config/CrashReportClient/UE4CC-Windows-A4C98A5640AE02A2BFF4229F53923EA3/CrashReportClient.ini
[2019.05.12-21.15.50:400][  0]SourceControl: 	deleted:    Illuminate/Saved/Config/CrashReportClient/UE4CC-Windows-AEC5D9D0420351E737C8CCAFED33A11C/CrashReportClient.ini
[2019.05.12-21.15.50:400][  0]SourceControl: 	deleted:    Illuminate/Saved/Config/CrashReportClient/UE4CC-Windows-AEE502A444316DB1B5FB14B4175EBBA2/CrashReportClient.ini
[2019.05.12-21.15.50:400][  0]SourceControl: 	deleted:    Illuminate/Saved/Config/CrashReportClient/UE4CC-Windows-B00281C44A17EB2DB03542B764CDBE7B/CrashReportClient.ini
[2019.05.12-21.15.50:400][  0]SourceControl: 	deleted:    Illuminate/Saved/Config/CrashReportClient/UE4CC-Windows-B4C60B8A42E059419E4EC98AE1B25771/CrashReportClient.ini
[2019.05.12-21.15.50:400][  0]SourceControl: 	deleted:    Illuminate/Saved/Config/CrashReportClient/UE4CC-Windows-B7F968E4444E8CCEB4D390B826CF674F/CrashReportClient.ini
[2019.05.12-21.15.50:400][  0]SourceControl: 	deleted:    Illuminate/Saved/Config/CrashReportClient/UE4CC-Windows-BBC2A08E4DA8EDBCEBAAFCA7CB2AAD90/CrashReportClient.ini
[2019.05.12-21.15.50:400][  0]SourceControl: 	deleted:    Illuminate/Saved/Config/CrashReportClient/UE4CC-Windows-CF8D293C4AC406A6DB635DAE15537AD5/CrashReportClient.ini
[2019.05.12-21.15.50:400][  0]SourceControl: 	deleted:    Illuminate/Saved/Config/CrashReportClient/UE4CC-Windows-DA9F054142855BE63635DEBC283A4F70/CrashReportClient.ini
[2019.05.12-21.15.50:400][  0]SourceControl: 	deleted:    Illuminate/Saved/Config/CrashReportClient/UE4CC-Windows-E061CC4E4D703A1054A83A94CB92DB6A/CrashReportClient.ini
[2019.05.12-21.15.50:400][  0]SourceControl: 	deleted:    Illuminate/Saved/Config/CrashReportClient/UE4CC-Windows-F1251F1843EEC3A872E038BC30C39CBD/CrashReportClient.ini
[2019.05.12-21.15.50:400][  0]SourceControl: 	deleted:    Illuminate/Saved/Config/CrashReportClient/UE4CC-Windows-FB14FD6345E4DC7BA30784A1675C468D/CrashReportClient.ini
[2019.05.12-21.15.50:400][  0]SourceControl: 	deleted:    Illuminate/Saved/Config/CrashReportClient/UE4CC-Windows-FC45E7984C70111045BB378E5B26FA2E/CrashReportClient.ini
[2019.05.12-21.15.50:400][  0]SourceControl: 	modified:   Illuminate/Saved/Config/Windows/EditorPerProjectUserSettings.ini
[2019.05.12-21.15.50:400][  0]SourceControl: 	modified:   Illuminate/Saved/Config/Windows/Engine.ini
[2019.05.12-21.15.50:400][  0]SourceControl: 	modified:   Illuminate/Saved/Config/Windows/PIEGameUserSettings1.ini
[2019.05.12-21.15.50:400][  0]SourceControl: 	deleted:    Illuminate/Saved/Logs/Illuminate-backup-2019.04.21-11.04.19.log
[2019.05.12-21.15.50:400][  0]SourceControl: 	deleted:    Illuminate/Saved/Logs/Illuminate-backup-2019.04.21-20.37.44.log
[2019.05.12-21.15.50:400][  0]SourceControl: 	deleted:    Illuminate/Saved/Logs/Illuminate-backup-2019.04.21-21.07.10.log
[2019.05.12-21.15.50:400][  0]SourceControl: 	modified:   Illuminate/Saved/Logs/Illuminate.log
[2019.05.12-21.15.50:400][  0]SourceControl: 	deleted:    Illuminate/Saved/Logs/Illuminate_2-backup-2019.04.21-21.44.51.log
[2019.05.12-21.15.50:400][  0]SourceControl: 	deleted:    Illuminate/Saved/Logs/Illuminate_2-backup-2019.04.21-21.45.33.log
[2019.05.12-21.15.50:400][  0]SourceControl: 	deleted:    Illuminate/Saved/Logs/Illuminate_2-backup-2019.04.21-21.47.13.log
[2019.05.12-21.15.50:400][  0]SourceControl: 	deleted:    Illuminate/Saved/Logs/Illuminate_2-backup-2019.04.21-21.47.21.log
[2019.05.12-21.15.50:400][  0]SourceControl: 	deleted:    Illuminate/Saved/Logs/Illuminate_2-backup-2019.04.21-21.51.04.log
[2019.05.12-21.15.50:400][  0]SourceControl: 	deleted:    Illuminate/Saved/Logs/Illuminate_2-backup-2019.04.21-21.51.43.log
[2019.05.12-21.15.50:401][  0]SourceControl: 	deleted:    Illuminate/Saved/Logs/Illuminate_2-backup-2019.04.21-21.52.35.log
[2019.05.12-21.15.50:401][  0]SourceControl: 	deleted:    Illuminate/Saved/Logs/Illuminate_2-backup-2019.04.21-21.54.07.log
[2019.05.12-21.15.50:401][  0]SourceControl: 	deleted:    Illuminate/Saved/Logs/Illuminate_2-backup-2019.04.21-21.55.14.log
[2019.05.12-21.15.50:401][  0]SourceControl: 	deleted:    Illuminate/Saved/Logs/Illuminate_2-backup-2019.04.21-21.56.03.log
[2019.05.12-21.15.50:401][  0]SourceControl: 	modified:   Illuminate/Saved/Logs/Illuminate_2.log
[2019.05.12-21.15.50:401][  0]SourceControl: 	deleted:    Illuminate/Saved/Logs/Illuminate_3-backup-2019.04.21-20.46.16.log
[2019.05.12-21.15.50:401][  0]SourceControl: 	deleted:    Illuminate/Saved/Logs/Illuminate_3-backup-2019.04.21-20.48.16.log
[2019.05.12-21.15.50:401][  0]SourceControl: 	deleted:    Illuminate/Saved/Logs/Illuminate_3-backup-2019.04.21-20.53.26.log
[2019.05.12-21.15.50:401][  0]SourceControl: 	deleted:    Illuminate/Saved/Logs/Illuminate_3-backup-2019.04.21-20.58.59.log
[2019.05.12-21.15.50:401][  0]SourceControl: 	deleted:    Illuminate/Saved/Logs/Illuminate_3-backup-2019.04.21-21.09.59.log
[2019.05.12-21.15.50:401][  0]SourceControl: 	deleted:    Illuminate/Saved/Logs/Illuminate_3-backup-2019.04.21-21.16.53.log
[2019.05.12-21.15.50:401][  0]SourceControl: 	deleted:    Illuminate/Saved/Logs/Illuminate_3-backup-2019.04.21-21.22.20.log
[2019.05.12-21.15.50:401][  0]SourceControl: 	deleted:    Illuminate/Saved/Logs/Illuminate_3-backup-2019.04.21-21.30.29.log
[2019.05.12-21.15.50:401][  0]SourceControl: Untracked files:
[2019.05.12-21.15.50:401][  0]SourceControl:   (use "git add <file>..." to include in what will be committed)
[2019.05.12-21.15.50:401][  0]SourceControl: 	Illuminate/Saved/Config/CrashReportClient/UE4CC-Windows-362A8275481B704BDEDEA59DE405D548/
[2019.05.12-21.15.50:401][  0]SourceControl: 	Illuminate/Saved/Logs/Illuminate-backup-2019.05.12-14.10.13.log
[2019.05.12-21.15.50:401][  0]SourceControl: no changes added to commit (use "git add" and/or "git commit -a")
[2019.05.12-21.15.50:454][  0]LogContentStreaming: Texture pool size now 1000 MB
[2019.05.12-21.15.52:001][  1]LogSlate: Took 0.017667 seconds to synchronously load lazily loaded font '../../../Engine/Content/Slate/Fonts/Roboto-Light.ttf' (159K)
[2019.05.12-21.15.52:226][  2]LogSlate: Took 0.000394 seconds to synchronously load lazily loaded font '../../../Engine/Content/Slate/Fonts/Roboto-Light.ttf' (159K)
[2019.05.12-21.15.52:887][  4]LogAssetRegistry: Asset discovery search completed in 235.5254 seconds
[2019.05.12-21.15.52:925][  4]LogCollectionManager: Rebuilt the object cache for 0 collections in 0.000001 seconds (found 0 objects)
[2019.05.12-21.15.52:926][  4]LogCollectionManager: Fixed up redirectors for 0 collections in 0.012261 seconds (updated 0 objects)
[2019.05.12-21.16.40:058][193]LogStreaming: Warning: Failed to open ANSI TEXT file C:/Users/lockw/OneDrive/Documents/Unreal Projects/Illuminate/Saved/HardwareSurvey/dxdiag.txt
[2019.05.12-21.16.40:504][194]LogSynthBenchmark: Display: FSynthBenchmark (V0.95):  requested WorkScale=5.00
[2019.05.12-21.16.40:504][194]LogSynthBenchmark: Display: ===============
[2019.05.12-21.16.40:504][194]LogSynthBenchmark: Display: Main Processor:
[2019.05.12-21.16.40:788][194]LogSynthBenchmark: Display:          ... 0.032142 s/Run 'RayIntersect'
[2019.05.12-21.16.40:788][194]LogSynthBenchmark: Display:          ... 0.024930 s/Run 'Fractal'
[2019.05.12-21.16.40:788][194]LogSynthBenchmark: Display: 
[2019.05.12-21.16.40:788][194]LogSynthBenchmark: Display:   CompiledTarget_x_Bits: 64
[2019.05.12-21.16.40:788][194]LogSynthBenchmark: Display:   UE_BUILD_SHIPPING: 0
[2019.05.12-21.16.40:788][194]LogSynthBenchmark: Display:   UE_BUILD_TEST: 0
[2019.05.12-21.16.40:788][194]LogSynthBenchmark: Display:   UE_BUILD_DEBUG: 0
[2019.05.12-21.16.40:788][194]LogSynthBenchmark: Display:   TotalPhysicalGBRam: 16
[2019.05.12-21.16.40:788][194]LogSynthBenchmark: Display:   NumberOfCores (physical): 4
[2019.05.12-21.16.40:788][194]LogSynthBenchmark: Display:   NumberOfCores (logical): 8
[2019.05.12-21.16.40:788][194]LogSynthBenchmark: Display:   CPU Perf Index 0: 79.7 (weight 1.00)
[2019.05.12-21.16.40:788][194]LogSynthBenchmark: Display:   CPU Perf Index 1: 114.7 (weight 1.50)
[2019.05.12-21.16.40:788][194]LogSynthBenchmark: Display:  
[2019.05.12-21.16.40:788][194]LogSynthBenchmark: Display: Graphics:
[2019.05.12-21.16.40:789][194]LogSynthBenchmark: Display:   Adapter Name: 'NVIDIA GeForce GTX 965M'
[2019.05.12-21.16.40:789][194]LogSynthBenchmark: Display:   (On Optimus the name might be wrong, memory should be ok)
[2019.05.12-21.16.40:789][194]LogSynthBenchmark: Display:   Vendor Id: 0x10DE
[2019.05.12-21.16.40:789][194]LogSynthBenchmark: Display:   Device Id: 0x13D9
[2019.05.12-21.16.40:789][194]LogSynthBenchmark: Display:   Device Revision: 0xA1
[2019.05.12-21.16.40:789][194]LogSynthBenchmark: Display:   GPU Memory: 2011/0/8137 MB
[2019.05.12-21.16.41:057][194]LogSynthBenchmark: Display:   GPU first test: 0.03s
[2019.05.12-21.16.41:057][194]LogSynthBenchmark: Display:          ... 3.852 s/GigaPix, Confidence=100% 'ALUHeavyNoise' (likely to be very inaccurate)
[2019.05.12-21.16.41:057][194]LogSynthBenchmark: Display:          ... 3.160 s/GigaPix, Confidence=100% 'TexHeavy' (likely to be very inaccurate)
[2019.05.12-21.16.41:057][194]LogSynthBenchmark: Display:          ... 2.623 s/GigaPix, Confidence=89% 'DepTexHeavy' (likely to be very inaccurate)
[2019.05.12-21.16.41:057][194]LogSynthBenchmark: Display:          ... 13.293 s/GigaPix, Confidence=100% 'FillOnly' (likely to be very inaccurate)
[2019.05.12-21.16.41:057][194]LogSynthBenchmark: Display:          ... 0.406 s/GigaPix, Confidence=100% 'Bandwidth' (likely to be very inaccurate)
[2019.05.12-21.16.41:057][194]LogSynthBenchmark: Display:          ... 1.957 s/GigaVert, Confidence=100% 'VertThroughPut1' (likely to be very inaccurate)
[2019.05.12-21.16.41:057][194]LogSynthBenchmark: Display:          ... 2.754 s/GigaVert, Confidence=100% 'VertThroughPut2' (likely to be very inaccurate)
[2019.05.12-21.16.41:393][194]LogSynthBenchmark: Display:   GPU second test: 0.24s
[2019.05.12-21.16.41:393][194]LogSynthBenchmark: Display:          ... 4.596 s/GigaPix, Confidence=100% 'ALUHeavyNoise' (likely to be inaccurate)
[2019.05.12-21.16.41:393][194]LogSynthBenchmark: Display:          ... 3.440 s/GigaPix, Confidence=100% 'TexHeavy' (likely to be inaccurate)
[2019.05.12-21.16.41:393][194]LogSynthBenchmark: Display:          ... 3.174 s/GigaPix, Confidence=100% 'DepTexHeavy' (likely to be inaccurate)
[2019.05.12-21.16.41:393][194]LogSynthBenchmark: Display:          ... 15.437 s/GigaPix, Confidence=100% 'FillOnly' (likely to be inaccurate)
[2019.05.12-21.16.41:393][194]LogSynthBenchmark: Display:          ... 0.423 s/GigaPix, Confidence=100% 'Bandwidth' (likely to be inaccurate)
[2019.05.12-21.16.41:393][194]LogSynthBenchmark: Display:          ... 1.441 s/GigaVert, Confidence=89% 'VertThroughPut1' (likely to be inaccurate)
[2019.05.12-21.16.41:393][194]LogSynthBenchmark: Display:          ... 2.329 s/GigaVert, Confidence=100% 'VertThroughPut2' (likely to be inaccurate)
[2019.05.12-21.16.41:393][194]LogSynthBenchmark: Display:   GPU Final Results:
[2019.05.12-21.16.41:393][194]LogSynthBenchmark: Display:          ... 4.596 s/GigaPix, Confidence=100% 'ALUHeavyNoise'
[2019.05.12-21.16.41:393][194]LogSynthBenchmark: Display:          ... 3.440 s/GigaPix, Confidence=100% 'TexHeavy'
[2019.05.12-21.16.41:393][194]LogSynthBenchmark: Display:          ... 3.174 s/GigaPix, Confidence=100% 'DepTexHeavy'
[2019.05.12-21.16.41:393][194]LogSynthBenchmark: Display:          ... 15.437 s/GigaPix, Confidence=100% 'FillOnly'
[2019.05.12-21.16.41:393][194]LogSynthBenchmark: Display:          ... 0.423 s/GigaPix, Confidence=100% 'Bandwidth'
[2019.05.12-21.16.41:393][194]LogSynthBenchmark: Display:          ... 1.441 s/GigaVert, Confidence=89% 'VertThroughPut1'
[2019.05.12-21.16.41:393][194]LogSynthBenchmark: Display:          ... 2.329 s/GigaVert, Confidence=100% 'VertThroughPut2'
[2019.05.12-21.16.41:393][194]LogSynthBenchmark: Display: 
[2019.05.12-21.16.41:393][194]LogSynthBenchmark: Display:   GPU Perf Index 0: 99.9 (weight 1.00)
[2019.05.12-21.16.41:393][194]LogSynthBenchmark: Display:   GPU Perf Index 1: 46.2 (weight 0.10)
[2019.05.12-21.16.41:393][194]LogSynthBenchmark: Display:   GPU Perf Index 2: 82.5 (weight 0.10)
[2019.05.12-21.16.41:393][194]LogSynthBenchmark: Display:   GPU Perf Index 3: 60.6 (weight 3.00)
[2019.05.12-21.16.41:393][194]LogSynthBenchmark: Display:   GPU Perf Index 4: 39.5 (weight 1.00)
[2019.05.12-21.16.41:393][194]LogSynthBenchmark: Display:   GPU Perf Index 5: 93.7 (weight 0.00)
[2019.05.12-21.16.41:394][194]LogSynthBenchmark: Display:   GPU Perf Index 6: 131.8 (weight 0.00)
[2019.05.12-21.16.41:394][194]LogSynthBenchmark: Display:   CPUIndex: 100.7
[2019.05.12-21.16.41:394][194]LogSynthBenchmark: Display:   GPUIndex: 64.3
[2019.05.12-21.16.41:394][194]LogSynthBenchmark: Display: 
[2019.05.12-21.16.41:394][194]LogSynthBenchmark: Display:          ... Total Time: 0.890626 sec
[2019.05.12-21.27.20:656][868]LogSlate: Took 0.019772 seconds to synchronously load lazily loaded font '../../../Engine/Content/Slate/Fonts/Roboto-Light.ttf' (159K)
[2019.05.12-21.27.21:461][868]LogSlate: Took 0.021444 seconds to synchronously load lazily loaded font '../../../Engine/Content/Slate/Fonts/Roboto-Regular.ttf' (155K)
[2019.05.12-21.27.21:906][868]LogClass: Warning: Enum '/Game/AdvancedMagicFX13/DemoRoomData/Blueprints/BP_DemoDisplay_Enum.BP_DemoDisplay_Enum' was upgraded to use FText to store its display name data. Please re-save this asset to avoid issues with localization and determinstic cooking.
[2019.05.12-21.27.22:314][868]LogContentBrowser: Native class hierarchy updated for 'BlueprintGraph' in 0.0182 seconds. Added 116 classes and 0 folders.
[2019.05.12-21.27.26:228][868]LogScript: Warning: Accessed None trying to read property CallFunc_K2_GetPawn_ReturnValue9
	mainPC_C /Engine/Transient.World_1:PersistentLevel.mainPC_C_0
	Function /Game/Creations/GInstances/mainPC.mainPC_C:ExecuteUbergraph_mainPC:20AB
[2019.05.12-21.27.26:408][868]LogSlate: Took 0.018518 seconds to synchronously load lazily loaded font '../../../Engine/Content/Editor/Slate/Fonts/Roboto-BoldCondensed.ttf' (158K)
[2019.05.12-21.27.28:935][869]LogScript: Warning: Accessed None trying to read property CallFunc_K2_GetPawn_ReturnValue9
	mainPC_C /Engine/Transient.World_1:PersistentLevel.mainPC_C_0
	Function /Game/Creations/GInstances/mainPC.mainPC_C:ExecuteUbergraph_mainPC:20AB
[2019.05.12-21.27.28:997][869]LogSlate: Took 0.026028 seconds to synchronously load lazily loaded font '../../../Engine/Content/Editor/Slate/Fonts/Roboto-Italic.ttf' (157K)
[2019.05.12-21.27.29:192][870]LogScript: Warning: Accessed None trying to read property CallFunc_K2_GetPawn_ReturnValue9
	mainPC_C /Engine/Transient.World_1:PersistentLevel.mainPC_C_0
	Function /Game/Creations/GInstances/mainPC.mainPC_C:ExecuteUbergraph_mainPC:20AB
[2019.05.12-21.27.29:241][871]LogScript: Warning: Accessed None trying to read property CallFunc_K2_GetPawn_ReturnValue9
	mainPC_C /Engine/Transient.World_1:PersistentLevel.mainPC_C_0
	Function /Game/Creations/GInstances/mainPC.mainPC_C:ExecuteUbergraph_mainPC:20AB
[2019.05.12-21.27.29:292][872]LogScript: Warning: Accessed None trying to read property CallFunc_K2_GetPawn_ReturnValue9
	mainPC_C /Engine/Transient.World_1:PersistentLevel.mainPC_C_0
	Function /Game/Creations/GInstances/mainPC.mainPC_C:ExecuteUbergraph_mainPC:20AB
[2019.05.12-21.27.29:343][873]LogScript: Warning: Accessed None trying to read property CallFunc_K2_GetPawn_ReturnValue9
	mainPC_C /Engine/Transient.World_1:PersistentLevel.mainPC_C_0
	Function /Game/Creations/GInstances/mainPC.mainPC_C:ExecuteUbergraph_mainPC:20AB
[2019.05.12-21.27.29:405][874]LogScript: Warning: Accessed None trying to read property CallFunc_K2_GetPawn_ReturnValue9
	mainPC_C /Engine/Transient.World_1:PersistentLevel.mainPC_C_0
	Function /Game/Creations/GInstances/mainPC.mainPC_C:ExecuteUbergraph_mainPC:20AB
[2019.05.12-21.27.29:466][875]LogScript: Warning: Accessed None trying to read property CallFunc_K2_GetPawn_ReturnValue9
	mainPC_C /Engine/Transient.World_1:PersistentLevel.mainPC_C_0
	Function /Game/Creations/GInstances/mainPC.mainPC_C:ExecuteUbergraph_mainPC:20AB
[2019.05.12-21.27.29:515][876]LogScript: Warning: Accessed None trying to read property CallFunc_K2_GetPawn_ReturnValue9
	mainPC_C /Engine/Transient.World_1:PersistentLevel.mainPC_C_0
	Function /Game/Creations/GInstances/mainPC.mainPC_C:ExecuteUbergraph_mainPC:20AB
[2019.05.12-21.27.29:566][877]LogScript: Warning: Accessed None trying to read property CallFunc_K2_GetPawn_ReturnValue9
	mainPC_C /Engine/Transient.World_1:PersistentLevel.mainPC_C_0
	Function /Game/Creations/GInstances/mainPC.mainPC_C:ExecuteUbergraph_mainPC:20AB
[2019.05.12-21.27.29:609][878]LogScript: Warning: Accessed None trying to read property CallFunc_K2_GetPawn_ReturnValue9
	mainPC_C /Engine/Transient.World_1:PersistentLevel.mainPC_C_0
	Function /Game/Creations/GInstances/mainPC.mainPC_C:ExecuteUbergraph_mainPC:20AB
[2019.05.12-21.27.29:659][879]LogScript: Warning: Accessed None trying to read property CallFunc_K2_GetPawn_ReturnValue9
	mainPC_C /Engine/Transient.World_1:PersistentLevel.mainPC_C_0
	Function /Game/Creations/GInstances/mainPC.mainPC_C:ExecuteUbergraph_mainPC:20AB
[2019.05.12-21.27.29:734][880]LogScript: Warning: Accessed None trying to read property CallFunc_K2_GetPawn_ReturnValue9
	mainPC_C /Engine/Transient.World_1:PersistentLevel.mainPC_C_0
	Function /Game/Creations/GInstances/mainPC.mainPC_C:ExecuteUbergraph_mainPC:20AB
[2019.05.12-21.27.29:792][881]LogScript: Warning: Accessed None trying to read property CallFunc_K2_GetPawn_ReturnValue9
	mainPC_C /Engine/Transient.World_1:PersistentLevel.mainPC_C_0
	Function /Game/Creations/GInstances/mainPC.mainPC_C:ExecuteUbergraph_mainPC:20AB
[2019.05.12-21.27.29:854][882]LogScript: Warning: Accessed None trying to read property CallFunc_K2_GetPawn_ReturnValue9
	mainPC_C /Engine/Transient.World_1:PersistentLevel.mainPC_C_0
	Function /Game/Creations/GInstances/mainPC.mainPC_C:ExecuteUbergraph_mainPC:20AB
[2019.05.12-21.27.29:925][883]LogScript: Warning: Accessed None trying to read property CallFunc_K2_GetPawn_ReturnValue9
	mainPC_C /Engine/Transient.World_1:PersistentLevel.mainPC_C_0
	Function /Game/Creations/GInstances/mainPC.mainPC_C:ExecuteUbergraph_mainPC:20AB
[2019.05.12-21.27.30:016][884]LogScript: Warning: Accessed None trying to read property CallFunc_K2_GetPawn_ReturnValue9
	mainPC_C /Engine/Transient.World_1:PersistentLevel.mainPC_C_0
	Function /Game/Creations/GInstances/mainPC.mainPC_C:ExecuteUbergraph_mainPC:20AB
[2019.05.12-21.28.27:330][635]LogFileHelpers: Editor autosave (incl. sublevels) for '/Game/Creations/Maps/MainMenu' took 0.121
[2019.05.12-21.28.27:467][635]OBJ SavePackage: Generating thumbnails for [0] asset(s) in package [/Game/Creations/GInstances/mainPC] ([1] browsable assets)...
[2019.05.12-21.28.27:495][635]OBJ SavePackage: Finished generating thumbnails for package [/Game/Creations/GInstances/mainPC]
[2019.05.12-21.28.29:090][635]LogSavePackage: Save=1238.91ms
[2019.05.12-21.28.29:090][635]LogSavePackage: Moving '../../../../../../Users/lockw/OneDrive/Documents/Unreal Projects/Illuminate/Saved/mainPC_Auto1A34A0A704CEBE59480398395377023F2.tmp' to '../../../../../../Users/lockw/OneDrive/Documents/Unreal Projects/Illuminate/Saved/Autosaves/Game/Creations/GInstances/mainPC_Auto1.uasset'
[2019.05.12-21.28.29:143][635]LogSavePackage: Display: Finished SavePackage ../../../../../../Users/lockw/OneDrive/Documents/Unreal Projects/Illuminate/Saved/Autosaves/Game/Creations/GInstances/mainPC_Auto1.uasset
[2019.05.12-21.28.29:143][635]LogFileHelpers: Auto-saving content packages took 1.812
[2019.05.12-21.38.46:103][379]LogFileHelpers: Editor autosave (incl. sublevels) for '/Game/Creations/Maps/MainMenu' took 0.068
[2019.05.12-21.38.46:110][379]OBJ SavePackage: Generating thumbnails for [0] asset(s) in package [/Game/Creations/GInstances/mainPC] ([1] browsable assets)...
[2019.05.12-21.38.46:110][379]OBJ SavePackage: Finished generating thumbnails for package [/Game/Creations/GInstances/mainPC]
[2019.05.12-21.38.47:131][379]LogSavePackage: Save=774.41ms
[2019.05.12-21.38.47:131][379]LogSavePackage: Moving '../../../../../../Users/lockw/OneDrive/Documents/Unreal Projects/Illuminate/Saved/mainPC_Auto2D61AEDEF4E367F4DCA944CAE8024BE0B.tmp' to '../../../../../../Users/lockw/OneDrive/Documents/Unreal Projects/Illuminate/Saved/Autosaves/Game/Creations/GInstances/mainPC_Auto2.uasset'
[2019.05.12-21.38.47:145][379]LogSavePackage: Display: Finished SavePackage ../../../../../../Users/lockw/OneDrive/Documents/Unreal Projects/Illuminate/Saved/Autosaves/Game/Creations/GInstances/mainPC_Auto2.uasset
[2019.05.12-21.38.47:145][379]LogFileHelpers: Auto-saving content packages took 1.037
[2019.05.12-23.17.44:266][176]Cmd: OBJ SAVEPACKAGE PACKAGE="/Game/Creations/GInstances/mainPC" FILE="../../../../../../Users/lockw/OneDrive/Documents/Unreal Projects/Illuminate/Content/Creations/GInstances/mainPC.uasset" SILENT=true
[2019.05.12-23.17.45:202][176]LogSavePackage: Save=777.33ms
[2019.05.12-23.17.45:202][176]LogSavePackage: Moving '../../../../../../Users/lockw/OneDrive/Documents/Unreal Projects/Illuminate/Saved/mainPC5EB6A1524AEB0E2E432C018E6AD7AD9F.tmp' to '../../../../../../Users/lockw/OneDrive/Documents/Unreal Projects/Illuminate/Content/Creations/GInstances/mainPC.uasset'
[2019.05.12-23.17.45:215][176]LogSavePackage: Display: Finished SavePackage ../../../../../../Users/lockw/OneDrive/Documents/Unreal Projects/Illuminate/Content/Creations/GInstances/mainPC.uasset
[2019.05.12-23.17.46:555][176]LogActorComponent: UnregisterComponent: (/Engine/Transient.EditorFloorComp) Not registered. Aborting.
[2019.05.12-23.17.47:118][176]LogActorComponent: UnregisterComponent: (/Engine/Transient.EditorFloorComp) Not registered. Aborting.
[2019.05.12-23.17.47:330][176]LogActorComponent: UnregisterComponent: (/Engine/Transient.EditorFloorComp) Not registered. Aborting.
[2019.05.12-23.17.47:901][176]LogWindowsTextInputMethodSystem: Display: IME system now deactivated.
[2019.05.12-23.17.48:761][177]Cmd: QUIT_EDITOR
[2019.05.12-23.17.49:637][177]LogExit: Preparing to exit.
[2019.05.12-23.17.51:540][177]LogDirectoryWatcher: A directory notification for 'C:/Users/lockw/OneDrive/Documents/Unreal Projects/Illuminate/Content/' was aborted.
[2019.05.12-23.17.52:262][177]LogExit: Editor shut down
[2019.05.12-23.17.52:341][177]LogExit: Transaction tracking system shut down
[2019.05.12-23.17.53:296][177]LogDirectoryWatcher: A directory notification for '../../../Engine/Content/' was aborted.
[2019.05.12-23.17.53:296][177]LogDirectoryWatcher: A directory notification for '../../../../../../Users/lockw/OneDrive/Documents/Unreal Projects/Illuminate/Content/' was aborted.
[2019.05.12-23.17.53:297][177]LogDirectoryWatcher: A directory notification for '../../../Engine/Plugins/2D/Paper2D/Content/' was aborted.
[2019.05.12-23.17.53:297][177]LogDirectoryWatcher: A directory notification for '../../../Engine/Plugins/Media/MediaCompositing/Content/' was aborted.
[2019.05.12-23.17.53:297][177]LogDirectoryWatcher: A directory notification for '../../../Engine/Plugins/Runtime/AppleARKit/Content/' was aborted.
[2019.05.12-23.17.53:297][177]LogDirectoryWatcher: A directory notification for '../../../Engine/Plugins/Runtime/Oculus/OculusVR/Content/' was aborted.
[2019.05.12-23.17.53:297][177]LogDirectoryWatcher: A directory notification for '../../../Engine/Plugins/Runtime/Steam/SteamVR/Content/' was aborted.
[2019.05.12-23.17.55:778][177]LogExit: Object subsystem successfully closed.
[2019.05.12-23.17.56:382][177]LogD3D11RHI: Shutdown
[2019.05.12-23.17.56:414][177]LogD3D11RHI: CleanupD3DDevice
[2019.05.12-23.17.56:489][177]LogD3D11RHI: ~FD3D11DynamicRHI
[2019.05.12-23.17.58:424][177]LogModuleManager: Shutting down and abandoning module SequencerWidgets (570)
[2019.05.12-23.17.58:424][177]LogModuleManager: Shutting down and abandoning module BlueprintGraph (568)
[2019.05.12-23.17.58:424][177]LogModuleManager: Shutting down and abandoning module SynthBenchmark (566)
[2019.05.12-23.17.58:425][177]LogModuleManager: Shutting down and abandoning module HierarchicalLODOutliner (564)
[2019.05.12-23.17.58:425][177]LogModuleManager: Shutting down and abandoning module AddContentDialog (562)
[2019.05.12-23.17.58:467][177]LogDirectoryWatcher: A directory notification for 'C:/Program Files/Epic Games/UE_4.18/FeaturePacks/' was aborted.
[2019.05.12-23.17.58:480][177]LogModuleManager: Shutting down and abandoning module WidgetCarousel (561)
[2019.05.12-23.17.58:480][177]LogModuleManager: Shutting down and abandoning module EditorWidgets (558)
[2019.05.12-23.17.58:480][177]LogModuleManager: Shutting down and abandoning module CollectionManager (556)
[2019.05.12-23.17.58:507][177]LogDirectoryWatcher: A directory notification for 'C:/Users/lockw/OneDrive/Documents/Unreal Projects/Illuminate/Content/Collections/' was aborted.
[2019.05.12-23.17.58:507][177]LogDirectoryWatcher: A directory notification for 'C:/Users/lockw/OneDrive/Documents/Unreal Projects/Illuminate/Content/Developers/Alex/Collections/' was aborted.
[2019.05.12-23.17.58:507][177]LogDirectoryWatcher: A directory notification for 'C:/Users/lockw/OneDrive/Documents/Unreal Projects/Illuminate/Saved/Collections/' was aborted.
[2019.05.12-23.17.58:507][177]LogModuleManager: Shutting down and abandoning module StatsViewer (554)
[2019.05.12-23.17.58:525][177]LogModuleManager: Shutting down and abandoning module FoliageEdit (552)
[2019.05.12-23.17.58:537][177]LogModuleManager: Shutting down and abandoning module LandscapeEditor (550)
[2019.05.12-23.17.58:608][177]LogModuleManager: Shutting down and abandoning module MeshPaintMode (548)
[2019.05.12-23.17.58:618][177]LogModuleManager: Shutting down and abandoning module SceneDepthPickerMode (546)
[2019.05.12-23.17.58:618][177]LogModuleManager: Shutting down and abandoning module ActorPickerMode (544)
[2019.05.12-23.17.58:618][177]LogModuleManager: Shutting down and abandoning module GeometryMode (542)
[2019.05.12-23.17.58:618][177]LogModuleManager: Shutting down and abandoning module TextureAlignMode (540)
[2019.05.12-23.17.58:618][177]LogModuleManager: Shutting down and abandoning module BspMode (538)
[2019.05.12-23.17.58:618][177]LogModuleManager: Shutting down and abandoning module PIEPreviewDeviceProfileSelector (536)
[2019.05.12-23.17.58:618][177]LogModuleManager: Shutting down and abandoning module HardwareSurvey (534)
[2019.05.12-23.17.58:618][177]LogModuleManager: Shutting down and abandoning module SequenceRecorderSections (532)
[2019.05.12-23.17.58:633][177]LogModuleManager: Shutting down and abandoning module AutomationWorker (530)
[2019.05.12-23.17.58:650][177]LogModuleManager: Shutting down and abandoning module MatineeToLevelSequence (528)
[2019.05.12-23.17.58:677][177]LogModuleManager: Shutting down and abandoning module LevelSequenceEditor (526)
[2019.05.12-23.17.58:726][177]LogModuleManager: Shutting down and abandoning module PlacementMode (525)
[2019.05.12-23.17.58:727][177]LogModuleManager: Shutting down and abandoning module WmfMediaFactory (522)
[2019.05.12-23.17.58:727][177]LogModuleManager: Shutting down and abandoning module WmfMediaEditor (520)
[2019.05.12-23.17.58:727][177]LogModuleManager: Shutting down and abandoning module OpenExrWrapper (518)
[2019.05.12-23.17.58:727][177]LogModuleManager: Shutting down and abandoning module ImgMediaFactory (516)
[2019.05.12-23.17.58:727][177]LogModuleManager: Shutting down and abandoning module ImgMediaEditor (514)
[2019.05.12-23.17.58:727][177]LogModuleManager: Shutting down and abandoning module AvfMediaFactory (512)
[2019.05.12-23.17.58:727][177]LogModuleManager: Shutting down and abandoning module AvfMediaEditor (510)
[2019.05.12-23.17.58:727][177]LogModuleManager: Shutting down and abandoning module AndroidMediaFactory (508)
[2019.05.12-23.17.58:727][177]LogModuleManager: Shutting down and abandoning module AndroidMediaEditor (506)
[2019.05.12-23.17.58:727][177]LogModuleManager: Shutting down and abandoning module CharacterAI (504)
[2019.05.12-23.17.58:727][177]LogModuleManager: Shutting down and abandoning module AudioCapture (502)
[2019.05.12-23.17.58:735][177]LogModuleManager: Shutting down and abandoning module SequenceRecorder (501)
[2019.05.12-23.17.58:735][177]LogModuleManager: Shutting down and abandoning module SmartSnapping (498)
[2019.05.12-23.17.58:735][177]LogModuleManager: Shutting down and abandoning module SessionServices (496)
[2019.05.12-23.17.58:735][177]LogModuleManager: Shutting down and abandoning module ViewportSnapping (494)
[2019.05.12-23.17.58:735][177]LogModuleManager: Shutting down and abandoning module ViewportInteraction (492)
[2019.05.12-23.17.58:735][177]LogModuleManager: Shutting down and abandoning module ClothPainter (490)
[2019.05.12-23.17.58:758][177]LogModuleManager: Shutting down and abandoning module SkeletalMeshEditor (489)
[2019.05.12-23.17.58:781][177]LogModuleManager: Shutting down and abandoning module LogVisualizer (486)
[2019.05.12-23.17.58:801][177]LogModuleManager: Shutting down and abandoning module IntroTutorials (484)
[2019.05.12-23.17.58:830][177]LogModuleManager: Shutting down and abandoning module GameProjectGeneration (483)
[2019.05.12-23.17.58:847][177]LogModuleManager: Shutting down and abandoning module IOSPlatformEditor (480)
[2019.05.12-23.17.58:848][177]LogModuleManager: Shutting down and abandoning module HTML5PlatformEditor (478)
[2019.05.12-23.17.58:848][177]LogModuleManager: Shutting down and abandoning module AndroidPlatformEditor (476)
[2019.05.12-23.17.58:848][177]LogModuleManager: Shutting down and abandoning module AndroidDeviceDetection (475)
[2019.05.12-23.17.59:492][177]LogModuleManager: Shutting down and abandoning module WindowsPlatformEditor (472)
[2019.05.12-23.17.59:492][177]LogModuleManager: Shutting down and abandoning module IOSRuntimeSettings (470)
[2019.05.12-23.17.59:492][177]LogModuleManager: Shutting down and abandoning module AndroidRuntimeSettings (468)
[2019.05.12-23.17.59:492][177]LogModuleManager: Shutting down and abandoning module InputBindingEditor (466)
[2019.05.12-23.17.59:547][177]LogModuleManager: Shutting down and abandoning module MergeActors (464)
[2019.05.12-23.17.59:555][177]LogModuleManager: Shutting down and abandoning module SizeMap (462)
[2019.05.12-23.17.59:555][177]LogModuleManager: Shutting down and abandoning module TreeMap (460)
[2019.05.12-23.17.59:600][177]LogModuleManager: Shutting down and abandoning module ReferenceViewer (458)
[2019.05.12-23.17.59:600][177]LogModuleManager: Shutting down and abandoning module LocalizationDashboard (456)
[2019.05.12-23.17.59:661][177]LogModuleManager: Shutting down and abandoning module LocalizationService (455)
[2019.05.12-23.17.59:700][177]LogModuleManager: Shutting down and abandoning module HardwareTargeting (452)
[2019.05.12-23.17.59:700][177]LogModuleManager: Shutting down and abandoning module DeviceProfileEditor (450)
[2019.05.12-23.17.59:700][177]LogModuleManager: Shutting down and abandoning module UndoHistory (448)
[2019.05.12-23.17.59:700][177]LogModuleManager: Shutting down and abandoning module XmlParser (446)
[2019.05.12-23.17.59:730][177]LogModuleManager: Shutting down and abandoning module Blutility (444)
[2019.05.12-23.17.59:730][177]LogModuleManager: Shutting down and abandoning module ProjectSettingsViewer (442)
[2019.05.12-23.17.59:730][177]LogModuleManager: Shutting down and abandoning module ProjectTargetPlatformEditor (441)
[2019.05.12-23.17.59:731][177]LogModuleManager: Shutting down and abandoning module EditorSettingsViewer (438)
[2019.05.12-23.17.59:731][177]LogModuleManager: Shutting down and abandoning module SettingsEditor (436)
[2019.05.12-23.17.59:748][177]LogModuleManager: Shutting down and abandoning module ProjectLauncher (434)
[2019.05.12-23.17.59:812][177]LogModuleManager: Shutting down and abandoning module SessionFrontend (432)
[2019.05.12-23.17.59:858][177]LogModuleManager: Shutting down and abandoning module ProfilerClient (430)
[2019.05.12-23.17.59:877][177]LogModuleManager: Shutting down and abandoning module DeviceManager (428)
[2019.05.12-23.17.59:904][177]LogModuleManager: Shutting down and abandoning module TargetDeviceServices (427)
[2019.05.12-23.17.59:959][177]LogModuleManager: Shutting down and abandoning module AutomationController (424)
[2019.05.12-23.17.59:991][177]LogModuleManager: Shutting down and abandoning module AutomationWindow (422)
[2019.05.12-23.18.00:097][177]LogModuleManager: Shutting down and abandoning module Layers (420)
[2019.05.12-23.18.00:114][177]LogModuleManager: Shutting down and abandoning module ComponentVisualizers (418)
[2019.05.12-23.18.00:114][177]LogModuleManager: Shutting down and abandoning module DetailCustomizations (416)
[2019.05.12-23.18.00:138][177]LogModuleManager: Shutting down and abandoning module PackagesDialog (414)
[2019.05.12-23.18.00:138][177]LogModuleManager: Shutting down and abandoning module Persona (412)
[2019.05.12-23.18.00:198][177]LogModuleManager: Shutting down and abandoning module AdvancedPreviewScene (411)
[2019.05.12-23.18.00:198][177]LogModuleManager: Shutting down and abandoning module AnimGraph (409)
[2019.05.12-23.18.00:198][177]LogModuleManager: Shutting down and abandoning module Kismet (406)
[2019.05.12-23.18.00:274][177]LogModuleManager: Shutting down and abandoning module ClassViewer (404)
[2019.05.12-23.18.00:274][177]LogModuleManager: Shutting down and abandoning module Toolbox (402)
[2019.05.12-23.18.00:274][177]LogModuleManager: Shutting down and abandoning module ModuleUI (400)
[2019.05.12-23.18.00:281][177]LogModuleManager: Shutting down and abandoning module MovieSceneTools (398)
[2019.05.12-23.18.00:340][177]LogModuleManager: Shutting down and abandoning module OutputLog (396)
[2019.05.12-23.18.00:376][177]LogModuleManager: Shutting down and abandoning module GammaUI (394)
[2019.05.12-23.18.00:390][177]LogModuleManager: Shutting down and abandoning module Documentation (392)
[2019.05.12-23.18.00:394][177]LogModuleManager: Shutting down and abandoning module MovieSceneTracks (390)
[2019.05.12-23.18.00:394][177]LogModuleManager: Shutting down and abandoning module MovieScene (388)
[2019.05.12-23.18.00:394][177]LogModuleManager: Shutting down and abandoning module StreamingPauseRendering (386)
[2019.05.12-23.18.00:394][177]LogModuleManager: Shutting down and abandoning module LauncherPlatform (384)
[2019.05.12-23.18.00:394][177]LogModuleManager: Shutting down and abandoning module AnalyticsET (382)
[2019.05.12-23.18.00:394][177]LogModuleManager: Shutting down and abandoning module PortalServices (380)
[2019.05.12-23.18.00:394][177]LogModuleManager: Shutting down and abandoning module PortalRpc (378)
[2019.05.12-23.18.00:394][177]LogModuleManager: Shutting down and abandoning module MessagingRpc (376)
[2019.05.12-23.18.00:394][177]LogModuleManager: Shutting down and abandoning module AIModule (374)
[2019.05.12-23.18.00:394][177]LogModuleManager: Shutting down and abandoning module GameplayDebugger (373)
[2019.05.12-23.18.00:425][177]LogModuleManager: Shutting down and abandoning module AITestSuite (371)
[2019.05.12-23.18.00:439][177]LogModuleManager: Shutting down and abandoning module DesktopPlatform (368)
[2019.05.12-23.18.00:439][177]LogModuleManager: Shutting down and abandoning module ProfilerService (366)
[2019.05.12-23.18.00:448][177]LogModuleManager: Shutting down and abandoning module TaskGraph (364)
[2019.05.12-23.18.00:483][177]LogModuleManager: Shutting down and abandoning module SteamVRController (362)
[2019.05.12-23.18.00:483][177]LogModuleManager: Shutting down and abandoning module ProceduralMeshComponentEditor (360)
[2019.05.12-23.18.00:483][177]LogModuleManager: Shutting down and abandoning module ProceduralMeshComponent (358)
[2019.05.12-23.18.00:501][177]LogModuleManager: Shutting down and abandoning module OculusInput (356)
[2019.05.12-23.18.00:511][177]LogModuleManager: Shutting down and abandoning module MobilePatchingUtils (354)
[2019.05.12-23.18.00:511][177]LogModuleManager: Shutting down and abandoning module CustomMeshComponent (352)
[2019.05.12-23.18.00:511][177]LogModuleManager: Shutting down and abandoning module CableComponent (350)
[2019.05.12-23.18.00:513][177]LogModuleManager: Shutting down and abandoning module ArchVisCharacter (348)
[2019.05.12-23.18.00:513][177]LogModuleManager: Shutting down and abandoning module AndroidPermission (346)
[2019.05.12-23.18.00:513][177]LogModuleManager: Shutting down and abandoning module LoginFlow (344)
[2019.05.12-23.18.00:549][177]LogModuleManager: Shutting down and abandoning module Rejoin (342)
[2019.05.12-23.18.00:550][177]LogModuleManager: Shutting down and abandoning module Hotfix (340)
[2019.05.12-23.18.00:572][177]LogModuleManager: Shutting down and abandoning module Lobby (338)
[2019.05.12-23.18.00:572][177]LogModuleManager: Shutting down and abandoning module Party (336)
[2019.05.12-23.18.00:572][177]LogModuleManager: Shutting down and abandoning module Qos (334)
[2019.05.12-23.18.00:573][177]LogModuleManager: Shutting down and abandoning module ActorSequence (332)
[2019.05.12-23.18.00:573][177]LogModuleManager: Shutting down and abandoning module MediaPlayerEditor (330)
[2019.05.12-23.18.00:650][177]LogModuleManager: Shutting down and abandoning module MediaCompositingEditor (328)
[2019.05.12-23.18.00:650][177]LogModuleManager: Shutting down and abandoning module MediaCompositing (326)
[2019.05.12-23.18.00:650][177]LogModuleManager: Shutting down and abandoning module HTML5Networking (324)
[2019.05.12-23.18.00:650][177]LogModuleManager: Shutting down and abandoning module AlembicImporter (322)
[2019.05.12-23.18.00:704][177]LogModuleManager: Shutting down and abandoning module AlembicLibrary (321)
[2019.05.12-23.18.00:705][177]LogModuleManager: Shutting down and abandoning module GeometryCache (320)
[2019.05.12-23.18.00:724][177]LogModuleManager: Shutting down and abandoning module GeometryCacheEd (319)
[2019.05.12-23.18.00:724][177]LogModuleManager: Shutting down and abandoning module SpeedTreeImporter (314)
[2019.05.12-23.18.00:724][177]LogModuleManager: Shutting down and abandoning module PluginBrowser (312)
[2019.05.12-23.18.00:758][177]LogModuleManager: Shutting down and abandoning module MobileLauncherProfileWizard (310)
[2019.05.12-23.18.00:792][177]LogModuleManager: Shutting down and abandoning module VisualStudioSourceCodeAccess (308)
[2019.05.12-23.18.00:792][177]LogModuleManager: Shutting down and abandoning module VisualStudioCodeSourceCodeAccess (306)
[2019.05.12-23.18.00:792][177]LogModuleManager: Shutting down and abandoning module UObjectPlugin (304)
[2019.05.12-23.18.00:792][177]LogModuleManager: Shutting down and abandoning module SubversionSourceControl (302)
[2019.05.12-23.18.00:833][177]LogModuleManager: Shutting down and abandoning module PerforceSourceControl (300)
[2019.05.12-23.18.00:858][177]LogModuleManager: Shutting down and abandoning module GitSourceControl (298)
[2019.05.12-23.18.00:862][177]LogModuleManager: Shutting down and abandoning module SourceControl (297)
[2019.05.12-23.18.00:862][177]LogModuleManager: Shutting down and abandoning module LightPropagationVolumeEditor (294)
[2019.05.12-23.18.00:862][177]LogModuleManager: Shutting down and abandoning module PaperTiledImporter (292)
[2019.05.12-23.18.00:862][177]LogModuleManager: Shutting down and abandoning module PaperSpriteSheetImporter (290)
[2019.05.12-23.18.00:863][177]LogModuleManager: Shutting down and abandoning module Paper2DEditor (288)
[2019.05.12-23.18.00:906][177]LogModuleManager: Shutting down and abandoning module MeshPaint (287)
[2019.05.12-23.18.00:931][177]LogModuleManager: Shutting down and abandoning module LevelEditor (285)
[2019.05.12-23.18.00:955][177]LogModuleManager: Shutting down and abandoning module PixelInspectorModule (284)
[2019.05.12-23.18.00:975][177]LogModuleManager: Shutting down and abandoning module MainFrame (282)
[2019.05.12-23.18.00:975][177]LogModuleManager: Shutting down and abandoning module HotReload (281)
[2019.05.12-23.18.01:005][177]LogDirectoryWatcher: A directory notification for 'C:/Users/lockw/OneDrive/Documents/Unreal Projects/Illuminate/Binaries/Win64' was aborted.
[2019.05.12-23.18.01:005][177]LogDirectoryWatcher: A directory notification for 'C:/Users/lockw/OneDrive/Documents/Unreal Projects/Illuminate/Plugins/AdvancedSessions/Binaries/Win64' was aborted.
[2019.05.12-23.18.01:005][177]LogDirectoryWatcher: A directory notification for 'C:/Users/lockw/OneDrive/Documents/Unreal Projects/Illuminate/Plugins/AdvancedSteamSessions/Binaries/Win64' was aborted.
[2019.05.12-23.18.01:006][177]LogModuleManager: Shutting down and abandoning module AdvancedSteamSessions (276)
[2019.05.12-23.18.01:006][177]LogModuleManager: Shutting down and abandoning module AdvancedSessions (274)
[2019.05.12-23.18.01:006][177]LogModuleManager: Shutting down and abandoning module RuntimePhysXCooking (272)
[2019.05.12-23.18.01:006][177]LogModuleManager: Shutting down and abandoning module PhysXVehiclesEditor (270)
[2019.05.12-23.18.01:006][177]LogModuleManager: Shutting down and abandoning module PhysXVehicles (268)
[2019.05.12-23.18.01:006][177]LogModuleManager: Shutting down and abandoning module OculusEditor (266)
[2019.05.12-23.18.01:006][177]LogModuleManager: Shutting down and abandoning module LocationServicesBPLibrary (264)
[2019.05.12-23.18.01:006][177]LogModuleManager: Shutting down and abandoning module ImmediatePhysicsEditor (262)
[2019.05.12-23.18.01:006][177]LogModuleManager: Shutting down and abandoning module ImmediatePhysics (260)
[2019.05.12-23.18.01:039][177]LogModuleManager: Shutting down and abandoning module UdpMessaging (258)
[2019.05.12-23.18.01:151][177]LogModuleManager: Shutting down and abandoning module TcpMessaging (256)
[2019.05.12-23.18.01:264][177]LogModuleManager: Shutting down and abandoning module GameplayTagsEditor (254)
[2019.05.12-23.18.01:302][177]LogModuleManager: Shutting down and abandoning module FacialAnimationEditor (252)
[2019.05.12-23.18.01:302][177]LogModuleManager: Shutting down and abandoning module FacialAnimation (250)
[2019.05.12-23.18.01:302][177]LogModuleManager: Shutting down and abandoning module AssetManagerEditor (248)
[2019.05.12-23.18.01:351][177]LogModuleManager: Shutting down and abandoning module GraphEditor (247)
[2019.05.12-23.18.01:351][177]LogModuleManager: Shutting down and abandoning module ContentBrowser (245)
[2019.05.12-23.18.01:355][177]LogModuleManager: Shutting down and abandoning module LightPropagationVolumeRuntime (242)
[2019.05.12-23.18.01:355][177]LogModuleManager: Shutting down and abandoning module Paper2D (240)
[2019.05.12-23.18.01:355][177]LogModuleManager: Shutting down and abandoning module WindowsMoviePlayer (238)
[2019.05.12-23.18.01:378][177]LogModuleManager: Shutting down and abandoning module WmfMedia (236)
[2019.05.12-23.18.01:395][177]LogModuleManager: Shutting down and abandoning module ImgMedia (234)
[2019.05.12-23.18.01:395][177]LogModuleManager: Shutting down and abandoning module PacketHandler (232)
[2019.05.12-23.18.01:395][177]LogModuleManager: Shutting down and abandoning module ClothingSystemEditor (230)
[2019.05.12-23.18.01:395][177]LogModuleManager: Shutting down and abandoning module ClothingSystemRuntime (228)
[2019.05.12-23.18.01:433][177]LogModuleManager: Shutting down and abandoning module MediaAssets (226)
[2019.05.12-23.18.01:433][177]LogModuleManager: Shutting down and abandoning module Media (225)
[2019.05.12-23.18.01:440][177]LogModuleManager: Shutting down and abandoning module Overlay (222)
[2019.05.12-23.18.01:440][177]LogModuleManager: Shutting down and abandoning module OverlayEditor (221)
[2019.05.12-23.18.01:440][177]LogModuleManager: Shutting down and abandoning module VREditor (218)
[2019.05.12-23.18.01:472][177]LogModuleManager: Shutting down and abandoning module StringTableEditor (216)
[2019.05.12-23.18.01:487][177]LogModuleManager: Shutting down and abandoning module GameplayTasksEditor (214)
[2019.05.12-23.18.01:487][177]LogModuleManager: Shutting down and abandoning module BehaviorTreeEditor (212)
[2019.05.12-23.18.01:551][177]LogModuleManager: Shutting down and abandoning module FunctionalTesting (210)
[2019.05.12-23.18.01:582][177]LogModuleManager: Shutting down and abandoning module CollisionAnalyzer (208)
[2019.05.12-23.18.01:602][177]LogModuleManager: Shutting down and abandoning module WorkspaceMenuStructure (207)
[2019.05.12-23.18.01:602][177]LogModuleManager: Shutting down and abandoning module UMG (204)
[2019.05.12-23.18.01:602][177]LogModuleManager: Shutting down and abandoning module UMGEditor (203)
[2019.05.12-23.18.01:603][177]LogModuleManager: Shutting down and abandoning module Sequencer (202)
[2019.05.12-23.18.01:603][177]LogModuleManager: Shutting down and abandoning module MessageLog (199)
[2019.05.12-23.18.01:603][177]LogModuleManager: Shutting down and abandoning module SlateReflector (194)
[2019.05.12-23.18.01:667][177]LogModuleManager: Shutting down and abandoning module Slate (192)
[2019.05.12-23.18.01:667][177]LogModuleManager: Shutting down and abandoning module EditorStyle (190)
[2019.05.12-23.18.01:672][177]LogModuleManager: Shutting down and abandoning module MRMesh (188)
[2019.05.12-23.18.01:672][177]LogModuleManager: Shutting down and abandoning module SourceCodeAccess (186)
[2019.05.12-23.18.01:672][177]LogModuleManager: Shutting down and abandoning module HeadMountedDisplay (184)
[2019.05.12-23.18.01:672][177]LogModuleManager: Shutting down and abandoning module XAudio2 (182)
[2019.05.12-23.18.01:672][177]LogModuleManager: Shutting down and abandoning module Networking (180)
[2019.05.12-23.18.01:672][177]LogModuleManager: Shutting down and abandoning module Core (178)
[2019.05.12-23.18.01:672][177]LogModuleManager: Shutting down and abandoning module LevelSequence (174)
[2019.05.12-23.18.01:689][177]LogModuleManager: Shutting down and abandoning module DirectoryWatcher (172)
[2019.05.12-23.18.01:705][177]LogModuleManager: Shutting down and abandoning module KismetCompiler (170)
[2019.05.12-23.18.01:705][177]LogModuleManager: Shutting down and abandoning module MeshUtilities (168)
[2019.05.12-23.18.01:727][177]LogModuleManager: Shutting down and abandoning module MeshMergeUtilities (167)
[2019.05.12-23.18.01:760][177]LogModuleManager: Shutting down and abandoning module MeshReductionInterface (166)
[2019.05.12-23.18.01:760][177]LogModuleManager: Shutting down and abandoning module SimplygonSwarm (165)
[2019.05.12-23.18.01:780][177]LogModuleManager: Shutting down and abandoning module SimplygonMeshReduction (163)
[2019.05.12-23.18.01:780][177]LogModuleManager: Shutting down and abandoning module QuadricMeshReduction (161)
[2019.05.12-23.18.01:795][177]LogModuleManager: Shutting down and abandoning module MaterialBaking (157)
[2019.05.12-23.18.01:815][177]LogModuleManager: Shutting down and abandoning module DerivedDataCache (154)
[2019.05.12-23.18.01:881][177]LogDerivedDataCache: Shutdown
[2019.05.12-23.18.01:881][177]LogModuleManager: Shutting down and abandoning module TargetPlatform (152)
[2019.05.12-23.18.01:881][177]LogModuleManager: Shutting down and abandoning module VulkanShaderFormat (151)
[2019.05.12-23.18.01:908][177]LogModuleManager: Shutting down and abandoning module ShaderFormatVectorVM (149)
[2019.05.12-23.18.01:917][177]LogModuleManager: Shutting down and abandoning module ShaderFormatOpenGL (147)
[2019.05.12-23.18.01:961][177]LogModuleManager: Shutting down and abandoning module ShaderFormatD3D (145)
[2019.05.12-23.18.01:979][177]LogModuleManager: Shutting down and abandoning module MetalShaderFormat (143)
[2019.05.12-23.18.02:017][177]LogModuleManager: Shutting down and abandoning module TextureFormatUncompressed (141)
[2019.05.12-23.18.02:017][177]LogModuleManager: Shutting down and abandoning module TextureFormatPVR (139)
[2019.05.12-23.18.02:017][177]LogModuleManager: Shutting down and abandoning module TextureFormatDXT (137)
[2019.05.12-23.18.02:029][177]LogModuleManager: Shutting down and abandoning module TextureFormatIntelISPCTexComp (135)
[2019.05.12-23.18.02:042][177]LogModuleManager: Shutting down and abandoning module TextureFormatASTC (133)
[2019.05.12-23.18.02:042][177]LogModuleManager: Shutting down and abandoning module ImageWrapper (132)
[2019.05.12-23.18.02:042][177]LogModuleManager: Shutting down and abandoning module TextureFormatAndroid (129)
[2019.05.12-23.18.02:042][177]LogModuleManager: Shutting down and abandoning module AudioFormatOpus (127)
[2019.05.12-23.18.02:042][177]LogModuleManager: Shutting down and abandoning module AudioFormatOgg (125)
[2019.05.12-23.18.02:042][177]LogModuleManager: Shutting down and abandoning module AudioFormatADPCM (123)
[2019.05.12-23.18.02:043][177]LogModuleManager: Shutting down and abandoning module LinuxTargetPlatform (121)
[2019.05.12-23.18.02:043][177]LogModuleManager: Shutting down and abandoning module LinuxServerTargetPlatform (119)
[2019.05.12-23.18.02:043][177]LogModuleManager: Shutting down and abandoning module LinuxNoEditorTargetPlatform (117)
[2019.05.12-23.18.02:043][177]LogModuleManager: Shutting down and abandoning module LinuxClientTargetPlatform (115)
[2019.05.12-23.18.02:043][177]LogModuleManager: Shutting down and abandoning module TVOSTargetPlatform (113)
[2019.05.12-23.18.02:043][177]LogModuleManager: Shutting down and abandoning module Messaging (111)
[2019.05.12-23.18.02:043][177]LogModuleManager: Shutting down and abandoning module IOSTargetPlatform (109)
[2019.05.12-23.18.02:043][177]LogModuleManager: Shutting down and abandoning module HTML5TargetPlatform (107)
[2019.05.12-23.18.02:043][177]LogModuleManager: Shutting down and abandoning module AndroidTargetPlatform (105)
[2019.05.12-23.18.02:043][177]LogModuleManager: Shutting down and abandoning module Android_PVRTCTargetPlatform (103)
[2019.05.12-23.18.02:043][177]LogModuleManager: Shutting down and abandoning module Android_MultiTargetPlatform (101)
[2019.05.12-23.18.02:043][177]LogModuleManager: Shutting down and abandoning module Android_ETC2TargetPlatform (99)
[2019.05.12-23.18.02:043][177]LogModuleManager: Shutting down and abandoning module Android_ETC1TargetPlatform (97)
[2019.05.12-23.18.02:043][177]LogModuleManager: Shutting down and abandoning module Android_DXTTargetPlatform (95)
[2019.05.12-23.18.02:044][177]LogModuleManager: Shutting down and abandoning module Android_ATCTargetPlatform (93)
[2019.05.12-23.18.02:044][177]LogModuleManager: Shutting down and abandoning module Android_ASTCTargetPlatform (91)
[2019.05.12-23.18.02:044][177]LogModuleManager: Shutting down and abandoning module WindowsTargetPlatform (89)
[2019.05.12-23.18.02:044][177]LogModuleManager: Shutting down and abandoning module WindowsServerTargetPlatform (87)
[2019.05.12-23.18.02:044][177]LogModuleManager: Shutting down and abandoning module WindowsNoEditorTargetPlatform (85)
[2019.05.12-23.18.02:044][177]LogModuleManager: Shutting down and abandoning module WindowsClientTargetPlatform (83)
[2019.05.12-23.18.02:044][177]LogModuleManager: Shutting down and abandoning module MacTargetPlatform (81)
[2019.05.12-23.18.02:044][177]LogModuleManager: Shutting down and abandoning module MacServerTargetPlatform (79)
[2019.05.12-23.18.02:044][177]LogModuleManager: Shutting down and abandoning module MacNoEditorTargetPlatform (77)
[2019.05.12-23.18.02:044][177]LogModuleManager: Shutting down and abandoning module MacClientTargetPlatform (75)
[2019.05.12-23.18.02:044][177]LogModuleManager: Shutting down and abandoning module AllDesktopTargetPlatform (73)
[2019.05.12-23.18.02:044][177]LogModuleManager: Shutting down and abandoning module InputCore (70)
[2019.05.12-23.18.02:044][177]LogModuleManager: Shutting down and abandoning module Settings (68)
[2019.05.12-23.18.02:045][177]LogModuleManager: Shutting down and abandoning module PhysXCooking (66)
[2019.05.12-23.18.02:045][177]LogModuleManager: Shutting down and abandoning module SteamVR (64)
[2019.05.12-23.18.02:045][177]LogModuleManager: Shutting down and abandoning module OculusHMD (62)
[2019.05.12-23.18.02:060][177]LogModuleManager: Shutting down and abandoning module ExampleDeviceProfileSelector (60)
[2019.05.12-23.18.02:060][177]LogModuleManager: Shutting down and abandoning module AppleARKit (58)
[2019.05.12-23.18.02:060][177]LogModuleManager: Shutting down and abandoning module AugmentedReality (57)
[2019.05.12-23.18.02:060][177]LogModuleManager: Shutting down and abandoning module OnlineBlueprintSupport (54)
[2019.05.12-23.18.02:060][177]LogModuleManager: Shutting down and abandoning module OnlineSubsystem (50)
[2019.05.12-23.18.02:060][177]LogOnline: Display: OSS: FOnlineSubsystemNull::Shutdown()
[2019.05.12-23.18.02:080][177]LogOnline: Display: OSS: FOnlineAsyncTaskManager::Stop() ActiveTask:0000000000000000 Tasks[0/0]
[2019.05.12-23.18.02:184][177]LogOnline: Display: OSS: FOnlineAsyncTaskManager::Exit() started
[2019.05.12-23.18.02:184][177]LogOnline: Display: OSS: FOnlineAsyncTaskManager::Exit() finished
[2019.05.12-23.18.02:184][177]LogModuleManager: Shutting down and abandoning module XMPP (43)
[2019.05.12-23.18.02:224][177]LogModuleManager: Shutting down and abandoning module HTTP (41)
[2019.05.12-23.18.02:224][177]LogHttp: Display: Http module shutting down, but needs to wait on 1 outstanding Http requests:
[2019.05.12-23.18.02:255][177]LogHttp: Display: 	verb=[POST] url=[https://datarouter.ol.epicgames.com/datarouter/api/v1/public/data?SessionID=%7BF06EAD86-4CFD-A1CD-E1D7-C082446439F2%7D&AppID=UEEditor.Rocket.Release&AppVersion=4.18.2-3794801%2B%2B%2BUE4%2BRelease-4.18&UserID=e1c132fb4e517ca4b23e62b676153c42%7Cca1cf3a7f87946a6ac6be9dc4f608c5f%7C500511ff-5481-4efe-8d48-20748a11a0d6&AppEnvironment=datacollector-binary&UploadType=eteventstream] status=Processing
[2019.05.12-23.18.02:286][177]LogModuleManager: Shutting down and abandoning module SSL (40)
[2019.05.12-23.18.02:308][177]LogModuleManager: Shutting down and abandoning module AnimationModifiers (36)
[2019.05.12-23.18.02:351][177]LogModuleManager: Shutting down and abandoning module PropertyEditor (35)
[2019.05.12-23.18.02:352][177]LogModuleManager: Shutting down and abandoning module AudioEditor (32)
[2019.05.12-23.18.02:375][177]LogModuleManager: Shutting down and abandoning module TextureCompressor (30)
[2019.05.12-23.18.02:466][177]LogModuleManager: Shutting down and abandoning module ShaderCore (28)
[2019.05.12-23.18.02:466][177]LogModuleManager: Shutting down and abandoning module Landscape (26)
[2019.05.12-23.18.02:466][177]LogModuleManager: Shutting down and abandoning module SlateRHIRenderer (24)
[2019.05.12-23.18.02:501][177]LogModuleManager: Shutting down and abandoning module OpenGLDrv (22)
[2019.05.12-23.18.02:553][177]LogModuleManager: Shutting down and abandoning module D3D11RHI (20)
[2019.05.12-23.18.02:553][177]LogModuleManager: Shutting down and abandoning module AnimGraphRuntime (18)
[2019.05.12-23.18.02:567][177]LogModuleManager: Shutting down and abandoning module Renderer (16)
[2019.05.12-23.18.02:567][177]LogModuleManager: Shutting down and abandoning module Engine (14)
[2019.05.12-23.18.02:607][177]LogModuleManager: Shutting down and abandoning module CoreUObject (12)
[2019.05.12-23.18.02:607][177]LogModuleManager: Shutting down and abandoning module NetworkFile (10)
[2019.05.12-23.18.02:631][177]LogModuleManager: Shutting down and abandoning module CookedIterativeFile (8)
[2019.05.12-23.18.02:631][177]LogModuleManager: Shutting down and abandoning module StreamingFile (6)
[2019.05.12-23.18.02:641][177]LogModuleManager: Shutting down and abandoning module SandboxFile (4)
[2019.05.12-23.18.02:671][177]LogModuleManager: Shutting down and abandoning module PakFile (2)
[2019.05.12-23.18.02:735][177]LogExit: Exiting.
[2019.05.12-23.18.02:778][177]Log file closed, 05/12/19 16:18:02
