Log file open, 03/31/19 22:30:40
LogWindows: Failed to load 'aqProf.dll' (GetLastError=126)
LogWindows: File 'aqProf.dll' does not exist
LogWindows: Failed to load 'VtuneApi.dll' (GetLastError=126)
LogWindows: File 'VtuneApi.dll' does not exist
LogWindows: Failed to load 'VtuneApi32e.dll' (GetLastError=126)
LogWindows: File 'VtuneApi32e.dll' does not exist
LogInit: Display: Running engine for game: Illuminate
LogPlatformFile: Not using cached read wrapper
LogInit: Display: RandInit(1305141077) SRandInit(1305141078).
LogInit: Read version file with build ID '3709383'
LogInit: Overriding engine version to CL 3794801, compatible CL 3709383
LogInit: Registered custom module enumerator with build ID '3709383'
LogTaskGraph: Started task graph with 5 named threads and 14 total threads with 3 sets of task threads.
LogStats: Stats thread started at 0.241994
LogPluginManager: Warning: Plugin 'AdvancedSessions' exists at '../../../../../../Users/lockw/OneDrive/Documents/Unreal Projects/Illuminate/Plugins/AdvancedSessions/AdvancedSessions.uplugin' and '../../../../../../Users/lockw/OneDrive/Documents/Unreal Projects/Illuminate/Plugins/AdvancedSessions.uplugin' - second location will be ignored
LogD3D11RHI: Aftermath initialized
LogModuleManager: Display: Found up-to-date module file ../../../Engine/Plugins/Online/OnlineSubsystemSteam/Binaries/Win64/UE4Editor-OnlineSubsystemSteam.dll (API version 3709383).
LogModuleManager: Display: Found up-to-date module file ../../../Engine/Plugins/Online/OnlineSubsystem/Binaries/Win64/UE4Editor-OnlineSubsystem.dll (API version 3709383).
LogModuleManager: Display: Found up-to-date module file ../../../Engine/Plugins/Online/OnlineSubsystemUtils/Binaries/Win64/UE4Editor-OnlineSubsystemUtils.dll (API version 3709383).
LogModuleManager: Display: Found up-to-date module file ../../../Engine/Plugins/Online/OnlineSubsystemUtils/Binaries/Win64/UE4Editor-OnlineBlueprintSupport.dll (API version 3709383).
LogModuleManager: Display: Found up-to-date module file ../../../Engine/Plugins/Online/OnlineFramework/Binaries/Win64/UE4Editor-Qos.dll (API version 3709383).
LogModuleManager: Display: Found up-to-date module file ../../../Engine/Plugins/Online/OnlineFramework/Binaries/Win64/UE4Editor-Party.dll (API version 3709383).
LogModuleManager: Display: Found up-to-date module file ../../../Engine/Plugins/Online/OnlineFramework/Binaries/Win64/UE4Editor-Lobby.dll (API version 3709383).
LogModuleManager: Display: Found up-to-date module file ../../../Engine/Plugins/Online/OnlineFramework/Binaries/Win64/UE4Editor-Hotfix.dll (API version 3709383).
LogModuleManager: Display: Found up-to-date module file ../../../Engine/Plugins/Online/OnlineFramework/Binaries/Win64/UE4Editor-Rejoin.dll (API version 3709383).
LogModuleManager: Display: Found up-to-date module file ../../../Engine/Plugins/Online/OnlineFramework/Binaries/Win64/UE4Editor-LoginFlow.dll (API version 3709383).
LogModuleManager: Display: Found up-to-date module file ../../../Engine/Plugins/2D/Paper2D/Binaries/Win64/UE4Editor-Paper2D.dll (API version 3709383).
LogModuleManager: Display: Found up-to-date module file ../../../Engine/Plugins/2D/Paper2D/Binaries/Win64/UE4Editor-Paper2DEditor.dll (API version 3709383).
LogModuleManager: Display: Found up-to-date module file ../../../Engine/Plugins/2D/Paper2D/Binaries/Win64/UE4Editor-PaperSpriteSheetImporter.dll (API version 3709383).
LogModuleManager: Display: Found up-to-date module file ../../../Engine/Plugins/2D/Paper2D/Binaries/Win64/UE4Editor-PaperTiledImporter.dll (API version 3709383).
LogModuleManager: Display: Found up-to-date module file ../../../Engine/Plugins/2D/Paper2D/Binaries/Win64/UE4Editor-SmartSnapping.dll (API version 3709383).
LogModuleManager: Display: Found up-to-date module file ../../../Engine/Plugins/Blendables/LightPropagationVolume/Binaries/Win64/UE4Editor-LightPropagationVolumeRuntime.dll (API version 3709383).
LogModuleManager: Display: Found up-to-date module file ../../../Engine/Plugins/Blendables/LightPropagationVolume/Binaries/Win64/UE4Editor-LightPropagationVolumeEditor.dll (API version 3709383).
LogModuleManager: Display: Found up-to-date module file ../../../Engine/Plugins/Developer/GitSourceControl/Binaries/Win64/UE4Editor-GitSourceControl.dll (API version 3709383).
LogModuleManager: Display: Found up-to-date module file ../../../Engine/Plugins/Developer/PerforceSourceControl/Binaries/Win64/UE4Editor-PerforceSourceControl.dll (API version 3709383).
LogModuleManager: Display: Found up-to-date module file ../../../Engine/Plugins/Developer/SubversionSourceControl/Binaries/Win64/UE4Editor-SubversionSourceControl.dll (API version 3709383).
LogModuleManager: Display: Found up-to-date module file ../../../Engine/Plugins/Developer/UObjectPlugin/Binaries/Win64/UE4Editor-UObjectPlugin.dll (API version 3709383).
LogModuleManager: Display: Found up-to-date module file ../../../Engine/Plugins/Developer/VisualStudioCodeSourceCodeAccess/Binaries/Win64/UE4Editor-VisualStudioCodeSourceCodeAccess.dll (API version 3709383).
LogModuleManager: Display: Found up-to-date module file ../../../Engine/Plugins/Developer/VisualStudioSourceCodeAccess/Binaries/Win64/UE4Editor-VisualStudioSourceCodeAccess.dll (API version 3709383).
LogModuleManager: Display: Found up-to-date module file ../../../Engine/Plugins/Editor/AssetManagerEditor/Binaries/Win64/UE4Editor-AssetManagerEditor.dll (API version 3709383).
LogModuleManager: Display: Found up-to-date module file ../../../Engine/Plugins/Editor/AudioCapture/Binaries/Win64/UE4Editor-AudioCapture.dll (API version 3709383).
LogModuleManager: Display: Found up-to-date module file ../../../Engine/Plugins/Editor/FacialAnimation/Binaries/Win64/UE4Editor-FacialAnimation.dll (API version 3709383).
LogModuleManager: Display: Found up-to-date module file ../../../Engine/Plugins/Editor/FacialAnimation/Binaries/Win64/UE4Editor-FacialAnimationEditor.dll (API version 3709383).
LogModuleManager: Display: Found up-to-date module file ../../../Engine/Plugins/Editor/GameplayTagsEditor/Binaries/Win64/UE4Editor-GameplayTagsEditor.dll (API version 3709383).
LogModuleManager: Display: Found up-to-date module file ../../../Engine/Plugins/Editor/MobileLauncherProfileWizard/Binaries/Win64/UE4Editor-MobileLauncherProfileWizard.dll (API version 3709383).
LogModuleManager: Display: Found up-to-date module file ../../../Engine/Plugins/Editor/PluginBrowser/Binaries/Win64/UE4Editor-PluginBrowser.dll (API version 3709383).
LogModuleManager: Display: Found up-to-date module file ../../../Engine/Plugins/Editor/SpeedTreeImporter/Binaries/Win64/UE4Editor-SpeedTreeImporter.dll (API version 3709383).
LogModuleManager: Display: Found up-to-date module file ../../../Engine/Plugins/Experimental/AlembicImporter/Binaries/Win64/UE4Editor-AlembicImporter.dll (API version 3709383).
LogModuleManager: Display: Found up-to-date module file ../../../Engine/Plugins/Experimental/AlembicImporter/Binaries/Win64/UE4Editor-AlembicLibrary.dll (API version 3709383).
LogModuleManager: Display: Found up-to-date module file ../../../Engine/Plugins/Experimental/CharacterAI/Binaries/Win64/UE4Editor-CharacterAI.dll (API version 3709383).
LogModuleManager: Display: Found up-to-date module file ../../../Engine/Plugins/Experimental/HTML5Networking/Binaries/Win64/UE4Editor-HTML5Networking.dll (API version 3709383).
LogModuleManager: Display: Found up-to-date module file ../../../Engine/Plugins/Media/AndroidMedia/Binaries/Win64/UE4Editor-AndroidMediaEditor.dll (API version 3709383).
LogModuleManager: Display: Found up-to-date module file ../../../Engine/Plugins/Media/AndroidMedia/Binaries/Win64/UE4Editor-AndroidMediaFactory.dll (API version 3709383).
LogModuleManager: Display: Found up-to-date module file ../../../Engine/Plugins/Media/AvfMedia/Binaries/Win64/UE4Editor-AvfMediaEditor.dll (API version 3709383).
LogModuleManager: Display: Found up-to-date module file ../../../Engine/Plugins/Media/AvfMedia/Binaries/Win64/UE4Editor-AvfMediaFactory.dll (API version 3709383).
LogModuleManager: Display: Found up-to-date module file ../../../Engine/Plugins/Media/AvfMedia/Binaries/Win64/UE4Editor-AvfMediaFactory.dll (API version 3709383).
LogModuleManager: Display: Found up-to-date module file ../../../Engine/Plugins/Media/ImgMedia/Binaries/Win64/UE4Editor-ImgMedia.dll (API version 3709383).
LogModuleManager: Display: Found up-to-date module file ../../../Engine/Plugins/Media/ImgMedia/Binaries/Win64/UE4Editor-ImgMediaEditor.dll (API version 3709383).
LogModuleManager: Display: Found up-to-date module file ../../../Engine/Plugins/Media/ImgMedia/Binaries/Win64/UE4Editor-ImgMediaFactory.dll (API version 3709383).
LogModuleManager: Display: Found up-to-date module file ../../../Engine/Plugins/Media/ImgMedia/Binaries/Win64/UE4Editor-ImgMediaFactory.dll (API version 3709383).
LogModuleManager: Display: Found up-to-date module file ../../../Engine/Plugins/Media/ImgMedia/Binaries/Win64/UE4Editor-OpenExrWrapper.dll (API version 3709383).
LogModuleManager: Display: Found up-to-date module file ../../../Engine/Plugins/Media/MediaCompositing/Binaries/Win64/UE4Editor-MediaCompositing.dll (API version 3709383).
LogModuleManager: Display: Found up-to-date module file ../../../Engine/Plugins/Media/MediaCompositing/Binaries/Win64/UE4Editor-MediaCompositingEditor.dll (API version 3709383).
LogModuleManager: Display: Found up-to-date module file ../../../Engine/Plugins/Media/MediaPlayerEditor/Binaries/Win64/UE4Editor-MediaPlayerEditor.dll (API version 3709383).
LogModuleManager: Display: Found up-to-date module file ../../../Engine/Plugins/Media/WmfMedia/Binaries/Win64/UE4Editor-WmfMedia.dll (API version 3709383).
LogModuleManager: Display: Found up-to-date module file ../../../Engine/Plugins/Media/WmfMedia/Binaries/Win64/UE4Editor-WmfMediaEditor.dll (API version 3709383).
LogModuleManager: Display: Found up-to-date module file ../../../Engine/Plugins/Media/WmfMedia/Binaries/Win64/UE4Editor-WmfMediaFactory.dll (API version 3709383).
LogModuleManager: Display: Found up-to-date module file ../../../Engine/Plugins/Media/WmfMedia/Binaries/Win64/UE4Editor-WmfMediaFactory.dll (API version 3709383).
LogModuleManager: Display: Found up-to-date module file ../../../Engine/Plugins/Messaging/TcpMessaging/Binaries/Win64/UE4Editor-TcpMessaging.dll (API version 3709383).
LogModuleManager: Display: Found up-to-date module file ../../../Engine/Plugins/Messaging/UdpMessaging/Binaries/Win64/UE4Editor-UdpMessaging.dll (API version 3709383).
LogModuleManager: Display: Found up-to-date module file ../../../Engine/Plugins/MovieScene/ActorSequence/Binaries/Win64/UE4Editor-ActorSequence.dll (API version 3709383).
LogModuleManager: Display: Found up-to-date module file ../../../Engine/Plugins/MovieScene/LevelSequenceEditor/Binaries/Win64/UE4Editor-LevelSequenceEditor.dll (API version 3709383).
LogModuleManager: Display: Found up-to-date module file ../../../Engine/Plugins/MovieScene/MatineeToLevelSequence/Binaries/Win64/UE4Editor-MatineeToLevelSequence.dll (API version 3709383).
LogModuleManager: Display: Found up-to-date module file ../../../Engine/Plugins/Runtime/AndroidPermission/Binaries/Win64/UE4Editor-AndroidPermission.dll (API version 3709383).
LogModuleManager: Display: Found up-to-date module file ../../../Engine/Plugins/Online/OnlineSubsystemNull/Binaries/Win64/UE4Editor-OnlineSubsystemNull.dll (API version 3709383).
LogModuleManager: Display: Found up-to-date module file ../../../Engine/Plugins/Runtime/AndroidDeviceProfileSelector/Binaries/Win64/UE4Editor-AndroidDeviceProfileSelector.dll (API version 3709383).
LogModuleManager: Display: Found up-to-date module file ../../../Engine/Plugins/Runtime/AppleARKit/Binaries/Win64/UE4Editor-AppleARKit.dll (API version 3709383).
LogModuleManager: Display: Found up-to-date module file ../../../Engine/Plugins/Runtime/ArchVisCharacter/Binaries/Win64/UE4Editor-ArchVisCharacter.dll (API version 3709383).
LogModuleManager: Display: Found up-to-date module file ../../../Engine/Plugins/Runtime/CableComponent/Binaries/Win64/UE4Editor-CableComponent.dll (API version 3709383).
LogModuleManager: Display: Found up-to-date module file ../../../Engine/Plugins/Runtime/CustomMeshComponent/Binaries/Win64/UE4Editor-CustomMeshComponent.dll (API version 3709383).
LogModuleManager: Display: Found up-to-date module file ../../../Engine/Plugins/Runtime/ExampleDeviceProfileSelector/Binaries/Win64/UE4Editor-ExampleDeviceProfileSelector.dll (API version 3709383).
LogModuleManager: Display: Found up-to-date module file ../../../Engine/Plugins/Runtime/ImmediatePhysics/Binaries/Win64/UE4Editor-ImmediatePhysics.dll (API version 3709383).
LogModuleManager: Display: Found up-to-date module file ../../../Engine/Plugins/Runtime/ImmediatePhysics/Binaries/Win64/UE4Editor-ImmediatePhysicsEditor.dll (API version 3709383).
LogModuleManager: Display: Found up-to-date module file ../../../Engine/Plugins/Runtime/LocationServicesBPLibrary/Binaries/Win64/UE4Editor-LocationServicesBPLibrary.dll (API version 3709383).
LogModuleManager: Display: Found up-to-date module file ../../../Engine/Plugins/Runtime/MobilePatchingUtils/Binaries/Win64/UE4Editor-MobilePatchingUtils.dll (API version 3709383).
LogModuleManager: Display: Found up-to-date module file ../../../Engine/Plugins/Runtime/Oculus/OculusVR/Binaries/Win64/UE4Editor-OculusHMD.dll (API version 3709383).
LogModuleManager: Display: Found up-to-date module file ../../../Engine/Plugins/Runtime/Oculus/OculusVR/Binaries/Win64/UE4Editor-OculusInput.dll (API version 3709383).
LogModuleManager: Display: Found up-to-date module file ../../../Engine/Plugins/Runtime/Oculus/OculusVR/Binaries/Win64/UE4Editor-OculusEditor.dll (API version 3709383).
LogModuleManager: Display: Found up-to-date module file ../../../Engine/Plugins/Runtime/PhysXVehicles/Binaries/Win64/UE4Editor-PhysXVehicles.dll (API version 3709383).
LogModuleManager: Display: Found up-to-date module file ../../../Engine/Plugins/Runtime/PhysXVehicles/Binaries/Win64/UE4Editor-PhysXVehiclesEditor.dll (API version 3709383).
LogModuleManager: Display: Found up-to-date module file ../../../Engine/Plugins/Runtime/ProceduralMeshComponent/Binaries/Win64/UE4Editor-ProceduralMeshComponent.dll (API version 3709383).
LogModuleManager: Display: Found up-to-date module file ../../../Engine/Plugins/Runtime/ProceduralMeshComponent/Binaries/Win64/UE4Editor-ProceduralMeshComponentEditor.dll (API version 3709383).
LogModuleManager: Display: Found up-to-date module file ../../../Engine/Plugins/Runtime/RuntimePhysXCooking/Binaries/Win64/UE4Editor-RuntimePhysXCooking.dll (API version 3709383).
LogModuleManager: Display: Found up-to-date module file ../../../Engine/Plugins/Runtime/Steam/SteamVR/Binaries/Win64/UE4Editor-SteamVR.dll (API version 3709383).
LogModuleManager: Display: Found up-to-date module file ../../../Engine/Plugins/Runtime/Steam/SteamVR/Binaries/Win64/UE4Editor-SteamVRController.dll (API version 3709383).
LogModuleManager: Display: Found up-to-date module file ../../../Engine/Plugins/Runtime/WindowsMoviePlayer/Binaries/Win64/UE4Editor-WindowsMoviePlayer.dll (API version 3709383).
LogModuleManager: Display: Found up-to-date module file ../../../../../../Users/lockw/OneDrive/Documents/Unreal Projects/Illuminate/Plugins/AdvancedSessions/Binaries/Win64/UE4Editor-AdvancedSessions.dll (API version 3709383).
LogModuleManager: Display: Found up-to-date module file ../../../../../../Users/lockw/OneDrive/Documents/Unreal Projects/Illuminate/Plugins/AdvancedSteamSessions/Binaries/Win64/UE4Editor-AdvancedSteamSessions.dll (API version 3709383).
LogPluginManager: Mounting plugin Paper2D
LogPluginManager: Mounting plugin LightPropagationVolume
LogPluginManager: Mounting plugin CodeLiteSourceCodeAccess
LogPluginManager: Mounting plugin GitSourceControl
LogPluginManager: Mounting plugin KDevelopSourceCodeAccess
LogPluginManager: Mounting plugin NullSourceCodeAccess
LogPluginManager: Mounting plugin PerforceSourceControl
LogPluginManager: Mounting plugin SubversionSourceControl
LogPluginManager: Mounting plugin UObjectPlugin
LogPluginManager: Mounting plugin VisualStudioCodeSourceCodeAccess
LogPluginManager: Mounting plugin VisualStudioSourceCodeAccess
LogPluginManager: Mounting plugin XCodeSourceCodeAccess
LogPluginManager: Mounting plugin AssetManagerEditor
LogPluginManager: Mounting plugin AudioCapture
LogPluginManager: Mounting plugin FacialAnimation
LogPluginManager: Mounting plugin GameplayTagsEditor
LogPluginManager: Mounting plugin MobileLauncherProfileWizard
LogPluginManager: Mounting plugin PluginBrowser
LogPluginManager: Mounting plugin SpeedTreeImporter
LogPluginManager: Mounting plugin AlembicImporter
LogPluginManager: Mounting plugin CharacterAI
LogPluginManager: Mounting plugin HTML5Networking
LogPluginManager: Mounting plugin AndroidMedia
LogPluginManager: Mounting plugin AvfMedia
LogPluginManager: Mounting plugin ImgMedia
LogPluginManager: Mounting plugin MediaCompositing
LogPluginManager: Mounting plugin MediaPlayerEditor
LogPluginManager: Mounting plugin WmfMedia
LogPluginManager: Mounting plugin TcpMessaging
LogPluginManager: Mounting plugin UdpMessaging
LogPluginManager: Mounting plugin ActorSequence
LogPluginManager: Mounting plugin LevelSequenceEditor
LogPluginManager: Mounting plugin MatineeToLevelSequence
LogPluginManager: Mounting plugin OnlineSubsystemGooglePlay
LogPluginManager: Mounting plugin OnlineSubsystemIOS
LogPluginManager: Mounting plugin OnlineFramework
LogPluginManager: Mounting plugin OnlineSubsystem
LogPluginManager: Mounting plugin OnlineSubsystemNull
LogPluginManager: Mounting plugin OnlineSubsystemSteam
LogPluginManager: Mounting plugin OnlineSubsystemUtils
LogPluginManager: Mounting plugin AndroidDeviceProfileSelector
LogPluginManager: Mounting plugin AndroidMoviePlayer
LogPluginManager: Mounting plugin AndroidPermission
LogPluginManager: Mounting plugin AppleARKit
LogPluginManager: Mounting plugin AppleMoviePlayer
LogPluginManager: Mounting plugin ArchVisCharacter
LogPluginManager: Mounting plugin CableComponent
LogPluginManager: Mounting plugin CustomMeshComponent
LogPluginManager: Mounting plugin ExampleDeviceProfileSelector
LogPluginManager: Mounting plugin GoogleCloudMessaging
LogPluginManager: Mounting plugin ImmediatePhysics
LogPluginManager: Mounting plugin IOSDeviceProfileSelector
LogPluginManager: Mounting plugin LinuxDeviceProfileSelector
LogPluginManager: Mounting plugin LocationServicesBPLibrary
LogPluginManager: Mounting plugin MobilePatchingUtils
LogPluginManager: Mounting plugin OculusVR
LogPluginManager: Plugin shader directory ../../../Engine/Plugins/Runtime/Oculus/OculusVR/Shaders found
LogPluginManager: Mapping shader source directory ../../../Engine/Plugins/Runtime/Oculus/OculusVR/Shaders to virtual directory /Plugin/OculusVR
LogPluginManager: Mounting plugin PhysXVehicles
LogPluginManager: Mounting plugin ProceduralMeshComponent
LogPluginManager: Mounting plugin RuntimePhysXCooking
LogPluginManager: Mounting plugin SteamVR
LogPluginManager: Mounting plugin WindowsMoviePlayer
LogPluginManager: Mounting plugin AdvancedSessions
LogPluginManager: Mounting plugin AdvancedSteamSessions
LogInit: Using libcurl 7.47.1
LogInit:  - built for x86_64-pc-win32
LogInit:  - supports SSL with OpenSSL/1.0.2g
LogInit:  - supports HTTP deflate (compression) using libz 1.2.8
LogInit:  - other features:
LogInit:      CURL_VERSION_SSL
LogInit:      CURL_VERSION_LIBZ
LogInit:      CURL_VERSION_IPV6
LogInit:      CURL_VERSION_ASYNCHDNS
LogInit:      CURL_VERSION_LARGEFILE
LogInit:      CURL_VERSION_IDN
LogInit:  CurlRequestOptions (configurable via config and command line):
LogInit:  - bVerifyPeer = false  - Libcurl will NOT verify peer certificate
LogInit:  - bUseHttpProxy = false  - Libcurl will NOT use HTTP proxy
LogInit:  - bDontReuseConnections = false  - Libcurl will reuse connections
LogInit:  - CertBundlePath = nullptr  - Libcurl will use whatever was configured at build time.
LogOnline: Display: STEAM: Loading Steam SDK 1.39
LogOnline: Warning: STEAM: Steam API disabled!
LogOnline: Display: STEAM: OnlineSubsystemSteam::Shutdown()
LogInit: WinSock: version 1.1 (2.2), MaxSocks=32767, MaxUdp=65467
LogInit: Build: ++UE4+Release-4.18-CL-3794801
LogInit: Engine Version: 4.18.2-3794801+++UE4+Release-4.18
LogInit: Compatible Engine Version: 4.18.0-3709383+++UE4+Release-4.18
LogInit: Net CL: 3709383
LogDevObjectVersion: Number of dev versions registered: 16
LogDevObjectVersion:   Dev-Blueprints (B0D832E4-1F89-4F0D-ACCF-7EB736FD4AA2): 10
LogDevObjectVersion:   Dev-Build (E1C64328-A22C-4D53-A36C-8E866417BD8C): 0
LogDevObjectVersion:   Dev-Core (375EC13C-06E4-48FB-B500-84F0262A717E): 2
LogDevObjectVersion:   Dev-Editor (E4B068ED-F494-42E9-A231-DA0B2E46BB41): 20
LogDevObjectVersion:   Dev-Framework (CFFC743F-43B0-4480-9391-14DF171D2073): 30
LogDevObjectVersion:   Dev-Mobile (B02B49B5-BB20-44E9-A304-32B752E40360): 0
LogDevObjectVersion:   Dev-Networking (A4E4105C-59A1-49B5-A7C5-40C4547EDFEE): 0
LogDevObjectVersion:   Dev-Online (39C831C9-5AE6-47DC-9A44-9C173E1C8E7C): 0
LogDevObjectVersion:   Dev-Physics (78F01B33-EBEA-4F98-B9B4-84EACCB95AA2): 0
LogDevObjectVersion:   Dev-Platform (6631380F-2D4D-43E0-8009-CF276956A95A): 0
LogDevObjectVersion:   Dev-Rendering (12F88B9F-8875-4AFC-A67C-D90C383ABD29): 20
LogDevObjectVersion:   Dev-Sequencer (7B5AE74C-D270-4C10-A958-57980B212A5A): 4
LogDevObjectVersion:   Dev-VR (D7296918-1DD6-4BDD-9DE2-64A83CC13884): 0
LogDevObjectVersion:   Dev-LoadTimes (C2A15278-BFE7-4AFE-6C17-90FF531DF755): 1
LogDevObjectVersion:   Private-Geometry (6EACA3D4-40EC-4CC1-B786-8BED09428FC5): 1
LogDevObjectVersion:   Dev-AnimPhys (29E575DD-E0A3-4627-9D10-D276232CDCEA): 12
LogInit: Compiled (64-bit): Dec  8 2017 02:04:53
LogInit: Compiled with Visual C++: 19.00.24215.01
LogInit: Build Configuration: Development
LogInit: Branch Name: ++UE4+Release-4.18
LogInit: Command line:  127.0.0.1:7777 -game -PIEVIACONSOLE -ResX=1904 -ResY=1041  -Multiprocess -messaging -SessionName="Play in Standalone Game" -windowed GameUserSettingsINI="C:/Users/lockw/OneDrive/Documents/Unreal Projects/Illuminate/Saved/Config/Windows/PIEGameUserSettings1.ini" -MultiprocessSaveConfig  -MultiprocessOSS WinX=8 WinY=31 SAVEWINPOS=1
LogInit: Base directory: C:/Program Files/Epic Games/UE_4.18/Engine/Binaries/Win64/
LogInit: Installed Engine Build: 1
LogInit: Presizing for max 8388607 objects, including 0 objects not considered by GC, pre-allocating 0 bytes for permanent pool.
LogInit: Object subsystem initialized
[2019.04.01-05.30.45:253][  0]LogInit: Selected Device Profile: [Windows]
[2019.04.01-05.30.45:253][  0]LogInit: Applying CVar settings loaded from the selected device profile: [Windows]
[2019.04.01-05.30.45:260][  0]LogInit: Computer: MSI
[2019.04.01-05.30.45:260][  0]LogInit: User: Alex
[2019.04.01-05.30.45:260][  0]LogInit: CPU Page size=4096, Cores=4
[2019.04.01-05.30.45:260][  0]LogInit: High frequency timer resolution =2.533210 MHz
[2019.04.01-05.30.45:260][  0]LogMemory: Memory total: Physical=15.9GB (16GB approx)
[2019.04.01-05.30.45:261][  0]LogMemory: Platform Memory Stats for Windows
[2019.04.01-05.30.45:261][  0]LogMemory: Process Physical Memory: 275.56 MB used, 275.56 MB peak
[2019.04.01-05.30.45:261][  0]LogMemory: Process Virtual Memory: 274.33 MB used, 274.33 MB peak
[2019.04.01-05.30.45:261][  0]LogMemory: Physical Memory: 11837.89 MB used,  4435.44 MB free, 16273.34 MB total
[2019.04.01-05.30.45:261][  0]LogMemory: Virtual Memory: 4788.93 MB used,  4435.44 MB free, 134217728.00 MB total
[2019.04.01-05.30.47:433][  0]LogInit: Using OS detected language (en-US).
[2019.04.01-05.30.47:433][  0]LogInit: Using OS detected locale (en-US).
[2019.04.01-05.30.47:440][  0]LogTextLocalizationManager: No specific localization for 'en-US' exists, so the 'en' localization will be used.
[2019.04.01-05.30.48:293][  0]LogD3D11RHI: D3D11 adapters:
[2019.04.01-05.30.48:381][  0]LogD3D11RHI:    0. 'NVIDIA GeForce GTX 965M' (Feature Level 11_0)
[2019.04.01-05.30.48:381][  0]LogD3D11RHI:       2010/0/8136 MB DedicatedVideo/DedicatedSystem/SharedSystem, Outputs:1, VendorId:0x10de
[2019.04.01-05.30.48:393][  0]LogD3D11RHI:    1. 'Intel(R) HD Graphics 4600' (Feature Level 11_0)
[2019.04.01-05.30.48:393][  0]LogD3D11RHI:       112/0/2048 MB DedicatedVideo/DedicatedSystem/SharedSystem, Outputs:0, VendorId:0x8086
[2019.04.01-05.30.48:397][  0]LogD3D11RHI:    2. 'Microsoft Basic Render Driver' (Feature Level 11_0)
[2019.04.01-05.30.48:398][  0]LogD3D11RHI:       0/0/8136 MB DedicatedVideo/DedicatedSystem/SharedSystem, Outputs:0, VendorId:0x1414
[2019.04.01-05.30.48:398][  0]LogD3D11RHI: Chosen D3D11 Adapter: 0
[2019.04.01-05.30.48:448][  0]LogD3D11RHI: Creating new Direct3DDevice
[2019.04.01-05.30.48:448][  0]LogD3D11RHI:     GPU DeviceId: 0x13d9 (for the marketing name, search the web for "GPU Device Id")
[2019.04.01-05.30.48:448][  0]LogWindows: EnumDisplayDevices:
[2019.04.01-05.30.48:449][  0]LogWindows:    0. 'Intel(R) HD Graphics 4600' (P:1 D:1)
[2019.04.01-05.30.48:449][  0]LogWindows:    1. 'Intel(R) HD Graphics 4600' (P:0 D:0)
[2019.04.01-05.30.48:449][  0]LogWindows:    2. 'Intel(R) HD Graphics 4600' (P:0 D:0)
[2019.04.01-05.30.48:449][  0]LogWindows: DebugString: GetVideoDriverDetailsInvalid PrimaryIsNotTheChoosenAdapter GetVideoDriverDetailsInvalid PrimaryIsNotTheChoosenAdapter GetVideoDriverDetailsInvalid PrimaryIsNotTheChoosenAdapter FoundDriverCount:0 
[2019.04.01-05.30.48:449][  0]LogD3D11RHI:     Adapter Name: NVIDIA GeForce GTX 965M
[2019.04.01-05.30.48:449][  0]LogD3D11RHI:   Driver Version: Unknown (internal:Unknown, unified:Unknown)
[2019.04.01-05.30.48:450][  0]LogD3D11RHI:      Driver Date: Unknown
[2019.04.01-05.30.48:450][  0]LogRHI: Texture pool is 1407 MB (70% of 2010 MB)
[2019.04.01-05.30.48:507][  0]LogD3D11RHI: Async texture creation enabled
[2019.04.01-05.30.48:527][  0]LogD3D11RHI: GPU Timing Frequency: 1000.000000 (Debug: 2 2)
[2019.04.01-05.30.48:528][  0]LogShaderCompilers: Guid format shader working directory is -30 characters bigger than the processId version (../../../../../../Users/lockw/OneDrive/Documents/Unreal Projects/Illuminate/Intermediate/Shaders/WorkingDirectory/10860/).
[2019.04.01-05.30.48:529][  0]LogShaderCompilers: Cleaned the shader compiler working directory 'C:/Users/lockw/AppData/Local/Temp/UnrealShaderWorkingDir/D87DC067443258FE208EEFAC6226B5BB/'.
[2019.04.01-05.30.48:529][  0]LogShaderCompilers: Display: Using Local Shader Compiler.
[2019.04.01-05.30.50:763][  0]LogTemp: Display: Loaded TP WindowsClientTargetPlatform
[2019.04.01-05.30.50:942][  0]LogTemp: Display: Loaded TP WindowsNoEditorTargetPlatform
[2019.04.01-05.30.51:116][  0]LogTemp: Display: Loaded TP WindowsServerTargetPlatform
[2019.04.01-05.30.51:310][  0]LogTemp: Display: Loaded TP WindowsTargetPlatform
[2019.04.01-05.30.51:310][  0]LogTargetPlatformManager: Display: Building Assets For Windows
[2019.04.01-05.30.53:087][  0]LogDerivedDataCache: Display: Max Cache Size: 512 MB
[2019.04.01-05.30.53:293][  0]LogDerivedDataCache: Loaded boot cache 0.21s 78MB C:/Users/lockw/AppData/Local/UnrealEngine/4.18/DerivedDataCache/Boot.ddc.
[2019.04.01-05.30.53:293][  0]LogDerivedDataCache: Display: Loaded Boot cache: C:/Users/lockw/AppData/Local/UnrealEngine/4.18/DerivedDataCache/Boot.ddc
[2019.04.01-05.30.53:293][  0]LogDerivedDataCache: FDerivedDataBackendGraph:  Pak pak cache file ../../../../../../Users/lockw/OneDrive/Documents/Unreal Projects/Illuminate/DerivedDataCache/DDC.ddp not found, will not use a pak cache.
[2019.04.01-05.30.53:293][  0]LogDerivedDataCache: Unable to find inner node Pak for hierarchical cache Hierarchy.
[2019.04.01-05.30.53:293][  0]LogDerivedDataCache: FDerivedDataBackendGraph:  CompressedPak pak cache file ../../../../../../Users/lockw/OneDrive/Documents/Unreal Projects/Illuminate/DerivedDataCache/Compressed.ddp not found, will not use a pak cache.
[2019.04.01-05.30.53:293][  0]LogDerivedDataCache: Unable to find inner node CompressedPak for hierarchical cache Hierarchy.
[2019.04.01-05.30.53:318][  0]LogDerivedDataCache: Display: Pak cache opened for reading ../../../Engine/DerivedDataCache/Compressed.ddp.
[2019.04.01-05.30.53:332][  0]LogDerivedDataCache: Using Local data cache path C:/Users/lockw/AppData/Local/UnrealEngine/Common/DerivedDataCache: Writable
[2019.04.01-05.30.53:354][  0]LogMaterial: Verifying Global Shaders for PCD3D_SM5
[2019.04.01-05.30.53:355][  0]LogSlate: Using Freetype 2.6.0
[2019.04.01-05.30.53:448][  0]LogSlate: SlateFontCache - WITH_FREETYPE: 1, WITH_HARFBUZZ: 1
[2019.04.01-05.30.53:448][  0]LogSlate: SlateFontCache - WITH_FREETYPE: 1, WITH_HARFBUZZ: 1
[2019.04.01-05.30.55:755][  0]LogAssetRegistry: FAssetRegistry took 0.0067 seconds to start up
[2019.04.01-05.30.55:778][  0]LogPackageLocalizationCache: Processed 7 localized package path(s) for 2 prioritized culture(s) in 0.022794 seconds
[2019.04.01-05.30.55:951][  0]LogInit: Selected Device Profile: [Windows]
[2019.04.01-05.30.57:016][  0]LogSimplygon: Simplygon DLL not present - disabling.
[2019.04.01-05.30.57:165][  0]LogMeshReduction: Using SimplygonSwarm for distributed automatic mesh merging
[2019.04.01-05.30.57:165][  0]LogMeshReduction: Using QuadricMeshReduction for automatic static mesh reduction
[2019.04.01-05.30.57:165][  0]LogMeshReduction: No automatic skeletal mesh reduction module available
[2019.04.01-05.30.57:165][  0]LogMeshReduction: No automatic mesh merging module available
[2019.04.01-05.30.57:165][  0]LogMeshMerging: No automatic mesh merging module available
[2019.04.01-05.30.57:253][  0]LogNetVersion: Illuminate , NetCL: 3709383, EngineNetVer: 2, GameNetVer: 0 (Checksum: 1556659199)
[2019.04.01-05.31.03:819][  0]LogMoviePlayer: Initializing movie player
[2019.04.01-05.31.05:313][  0]LogCollectionManager: Loaded 0 collections in 0.005781 seconds
[2019.04.01-05.31.05:429][  0]LogFileCache: Scanning file cache for directory 'C:/Users/lockw/OneDrive/Documents/Unreal Projects/Illuminate/Saved/Collections/' took 0.01s
[2019.04.01-05.31.05:429][  0]LogFileCache: Scanning file cache for directory 'C:/Users/lockw/OneDrive/Documents/Unreal Projects/Illuminate/Content/Developers/Alex/Collections/' took 0.01s
[2019.04.01-05.31.05:429][  0]LogFileCache: Scanning file cache for directory 'C:/Users/lockw/OneDrive/Documents/Unreal Projects/Illuminate/Content/Collections/' took 0.01s
[2019.04.01-05.31.05:429][  0]LogCollectionManager: Rebuilt the object cache for 0 collections in 0.000000 seconds (found 0 objects)
[2019.04.01-05.31.05:429][  0]LogCollectionManager: Fixed up redirectors for 0 collections in 0.000365 seconds (updated 0 objects)
[2019.04.01-05.31.06:214][  0]LogTcpMessaging: Initializing TcpMessaging bridge
[2019.04.01-05.31.06:351][  0]LogUdpMessaging: Initializing bridge on interface 0.0.0.0:0 to multicast group 230.0.0.1:6666.
[2019.04.01-05.31.08:836][  0]SourceControl: Source control is disabled
[2019.04.01-05.31.08:837][  0]SourceControl: Source control is disabled
[2019.04.01-05.31.09:109][  0]SourceControl: Source control is disabled
[2019.04.01-05.31.12:123][  0]LogAndroidPermission: UAndroidPermissionCallbackProxy::GetInstance
[2019.04.01-05.31.13:296][  0]LogOcInput: OculusInput pre-init called
[2019.04.01-05.31.13:753][  0]LogUObjectArray: 39813 objects as part of root set at end of initial load.
[2019.04.01-05.31.13:753][  0]LogUObjectAllocator: 8734544 out of 0 bytes used by permanent object pool.
[2019.04.01-05.31.13:753][  0]LogUObjectArray: CloseDisregardForGC: 0/0 objects in disregard for GC pool
[2019.04.01-05.31.14:363][  0]LogEngine: Initializing Engine...
[2019.04.01-05.31.14:367][  0]LogHMD: Failed to initialize OpenVR with code 110
[2019.04.01-05.31.15:614][  0]LogStats: UGameplayTagsManager::ConstructGameplayTagTree: Construct from data asset -  0.000 s
[2019.04.01-05.31.15:614][  0]LogStats: UGameplayTagsManager::ConstructGameplayTagTree: GameplayTagTreeChangedEvent.Broadcast -  0.000 s
[2019.04.01-05.31.15:669][  0]LogInit: XAudio2 using 'Speakers (Realtek High Definition Audio)' : 6 channels at 48 kHz using 32 bits per sample (channel mask 0x3f)
[2019.04.01-05.31.15:866][  0]LogInit: FAudioDevice initialized.
[2019.04.01-05.31.15:888][  0]LogInit: Texture streaming: Enabled
[2019.04.01-05.31.16:185][  0]LogMaterial: Uniform references updated for custom material expression Custom.
[2019.04.01-05.31.23:851][  0]LogInit: Display: Game Engine Initialized.
[2019.04.01-05.31.23:851][  0]LogGameplayTags: Display: UGameplayTagsManager::DoneAddingNativeTags. DelegateIsBound: 0
[2019.04.01-05.31.24:854][  0]LogInit: Display: Starting Game.
[2019.04.01-05.31.24:854][  0]LogNet: Browse: 127.0.0.1//Game/Creations/Maps/MainMenu?Name=Player
[2019.04.01-05.31.24:854][  0]LogOnline: Warning: STEAM: Steam API disabled!
[2019.04.01-05.31.24:854][  0]LogOnline: Display: STEAM: OnlineSubsystemSteam::Shutdown()
[2019.04.01-05.31.24:855][  0]LogTemp: Display: ParseSettings for GameNetDriver
[2019.04.01-05.31.24:855][  0]LogTemp: Display: ParseSettings for IpNetDriver_0
[2019.04.01-05.31.24:855][  0]LogTemp: Display: ParseSettings for PendingNetDriver
[2019.04.01-05.31.24:855][  0]LogInit: WinSock: Socket queue 32768 / 32768
[2019.04.01-05.31.24:859][  0]LogInit: WinSock: I am MSI (158.104.225.238:0)
[2019.04.01-05.31.24:873][  0]PacketHandlerLog: Loaded PacketHandler component: Engine.EngineHandlerComponentFactory (StatelessConnectHandlerComponent)
[2019.04.01-05.31.24:971][  0]LogNet: Game client on port 7777, rate 10000
[2019.04.01-05.31.25:711][  0]LogLoad: (Engine Initialization) Total time: 48.15 seconds
[2019.04.01-05.31.25:711][  0]LogLoad: (Engine Initialization) Total Blueprint compile time: 0.00 seconds
[2019.04.01-05.31.25:711][  0]LogExternalProfiler: Found external profiler: VSPerf
[2019.04.01-05.31.25:711][  0]LogExternalProfiler: Using external profiler: VSPerf
[2019.04.01-05.31.25:741][  0]LogHandshake: SendChallengeResponse. Timestamp: 47.715813, Cookie: 121120242148205056145032059079184194202134088223240195119134
[2019.04.01-05.31.25:772][  0]LogContentStreaming: Texture pool size now 1000 MB
[2019.04.01-05.31.25:792][  1]LogNetVersion: Illuminate 1.0.0.0, NetCL: 3709383, EngineNetVer: 2, GameNetVer: 0 (Checksum: 1067519852)
[2019.04.01-05.31.25:792][  1]LogNet: UPendingNetGame::SendInitialJoin: Sending hello. [UNetConnection] RemoteAddr: 127.0.0.1:7777, Name: IpConnection_0, Driver: PendingNetDriver IpNetDriver_0, IsServer: NO, PC: NULL, Owner: NULL
[2019.04.01-05.31.25:941][  8]LogNet: Welcomed by server (Level: /Game/Creations/Maps/UEDPIE_0_TestMap, Game: /Game/Creations/GInstances/MainGm.MainGm_C)
[2019.04.01-05.31.25:965][  8]LogLoad: LoadMap: 127.0.0.1//Game/Creations/Maps/TestMap?Name=Player?game=/Game/Creations/GInstances/MainGm.MainGm_C
[2019.04.01-05.31.26:659][  8]LogAIModule: Creating AISystem for world TestMap
[2019.04.01-05.31.26:659][  8]LogTemp: Display: ParseSettings for GameNetDriver
[2019.04.01-05.31.26:679][  8]LogWorld: Bringing World /Game/Creations/Maps/TestMap.TestMap up for play (max tick rate 0) at 2019.03.31-22.31.26
[2019.04.01-05.31.26:679][  8]LogWorld: Bringing up level for play took: 0.004495
[2019.04.01-05.31.26:695][  8]LogLoad: Took 0.730709 seconds to LoadMap(/Game/Creations/Maps/TestMap)
[2019.04.01-05.31.26:930][  9]LogRenderer: Reallocating scene render targets to support 1904x1044 Format 10 NumSamples 1 (Frame:1).
[2019.04.01-05.31.27:132][ 10]LogOnline: Warning: OSS: No game present to join for session (GameSession)
[2019.04.01-05.31.27:133][ 10]LogOnline: Warning: OSS: No game present to join for session (GameSession)
[2019.04.01-05.31.27:155][ 10]AdvancedSessionsLog: Warning: GetLocalPlayerNameFromController had a bad player state!
[2019.04.01-05.31.27:214][ 10]LogNet: Warning: UIpNetDriver::ProcessRemoteFunction: No owning connection for actor testTwinstickPawn_C_0. Function serverMove will not be processed.
[2019.04.01-05.31.27:249][ 11]LogNet: Warning: UIpNetDriver::ProcessRemoteFunction: No owning connection for actor testTwinstickPawn_C_0. Function serverMove will not be processed.
[2019.04.01-05.31.27:316][ 12]LogNet: Warning: UIpNetDriver::ProcessRemoteFunction: No owning connection for actor testTwinstickPawn_C_0. Function serverMove will not be processed.
[2019.04.01-05.31.27:333][ 13]LogNet: Warning: UIpNetDriver::ProcessRemoteFunction: No owning connection for actor testTwinstickPawn_C_0. Function serverMove will not be processed.
[2019.04.01-05.31.27:350][ 14]LogNet: Warning: UIpNetDriver::ProcessRemoteFunction: No owning connection for actor testTwinstickPawn_C_0. Function serverMove will not be processed.
[2019.04.01-05.31.27:375][ 15]LogNet: Warning: UIpNetDriver::ProcessRemoteFunction: No owning connection for actor testTwinstickPawn_C_0. Function serverMove will not be processed.
[2019.04.01-05.31.27:391][ 16]LogNet: Warning: UIpNetDriver::ProcessRemoteFunction: No owning connection for actor testTwinstickPawn_C_0. Function serverMove will not be processed.
[2019.04.01-05.31.27:421][ 17]LogNet: Warning: UIpNetDriver::ProcessRemoteFunction: No owning connection for actor testTwinstickPawn_C_0. Function serverMove will not be processed.
[2019.04.01-05.31.27:448][ 18]LogNet: Warning: UIpNetDriver::ProcessRemoteFunction: No owning connection for actor testTwinstickPawn_C_0. Function serverMove will not be processed.
[2019.04.01-05.31.27:468][ 19]LogNet: Warning: UIpNetDriver::ProcessRemoteFunction: No owning connection for actor testTwinstickPawn_C_0. Function serverMove will not be processed.
[2019.04.01-05.31.27:490][ 20]LogNet: Warning: UIpNetDriver::ProcessRemoteFunction: No owning connection for actor testTwinstickPawn_C_0. Function serverMove will not be processed.
[2019.04.01-05.31.27:515][ 21]LogNet: Warning: UIpNetDriver::ProcessRemoteFunction: No owning connection for actor testTwinstickPawn_C_0. Function serverMove will not be processed.
[2019.04.01-05.31.27:539][ 22]LogNet: Warning: UIpNetDriver::ProcessRemoteFunction: No owning connection for actor testTwinstickPawn_C_0. Function serverMove will not be processed.
[2019.04.01-05.31.27:564][ 23]LogNet: Warning: UIpNetDriver::ProcessRemoteFunction: No owning connection for actor testTwinstickPawn_C_0. Function serverMove will not be processed.
[2019.04.01-05.31.27:590][ 24]LogNet: Warning: UIpNetDriver::ProcessRemoteFunction: No owning connection for actor testTwinstickPawn_C_0. Function serverMove will not be processed.
[2019.04.01-05.31.27:613][ 25]LogNet: Warning: UIpNetDriver::ProcessRemoteFunction: No owning connection for actor testTwinstickPawn_C_0. Function serverMove will not be processed.
[2019.04.01-05.31.27:636][ 26]LogNet: Warning: UIpNetDriver::ProcessRemoteFunction: No owning connection for actor testTwinstickPawn_C_0. Function serverMove will not be processed.
[2019.04.01-05.31.27:657][ 27]LogNet: Warning: UIpNetDriver::ProcessRemoteFunction: No owning connection for actor testTwinstickPawn_C_0. Function serverMove will not be processed.
[2019.04.01-05.31.27:682][ 28]LogNet: Warning: UIpNetDriver::ProcessRemoteFunction: No owning connection for actor testTwinstickPawn_C_0. Function serverMove will not be processed.
[2019.04.01-05.31.27:704][ 29]LogNet: Warning: UIpNetDriver::ProcessRemoteFunction: No owning connection for actor testTwinstickPawn_C_0. Function serverMove will not be processed.
[2019.04.01-05.31.27:727][ 30]LogNet: Warning: UIpNetDriver::ProcessRemoteFunction: No owning connection for actor testTwinstickPawn_C_0. Function serverMove will not be processed.
[2019.04.01-05.31.27:750][ 31]LogNet: Warning: UIpNetDriver::ProcessRemoteFunction: No owning connection for actor testTwinstickPawn_C_0. Function serverMove will not be processed.
[2019.04.01-05.31.27:773][ 32]LogNet: Warning: UIpNetDriver::ProcessRemoteFunction: No owning connection for actor testTwinstickPawn_C_0. Function serverMove will not be processed.
[2019.04.01-05.31.27:795][ 33]LogNet: Warning: UIpNetDriver::ProcessRemoteFunction: No owning connection for actor testTwinstickPawn_C_0. Function serverMove will not be processed.
[2019.04.01-05.31.27:821][ 34]LogNet: Warning: UIpNetDriver::ProcessRemoteFunction: No owning connection for actor testTwinstickPawn_C_0. Function serverMove will not be processed.
[2019.04.01-05.31.27:846][ 35]LogNet: Warning: UIpNetDriver::ProcessRemoteFunction: No owning connection for actor testTwinstickPawn_C_0. Function serverMove will not be processed.
[2019.04.01-05.31.27:865][ 36]LogNet: Warning: UIpNetDriver::ProcessRemoteFunction: No owning connection for actor testTwinstickPawn_C_0. Function serverMove will not be processed.
[2019.04.01-05.31.27:888][ 37]LogNet: Warning: UIpNetDriver::ProcessRemoteFunction: No owning connection for actor testTwinstickPawn_C_0. Function serverMove will not be processed.
[2019.04.01-05.31.27:911][ 38]LogNet: Warning: UIpNetDriver::ProcessRemoteFunction: No owning connection for actor testTwinstickPawn_C_0. Function serverMove will not be processed.
[2019.04.01-05.31.27:935][ 39]LogNet: Warning: UIpNetDriver::ProcessRemoteFunction: No owning connection for actor testTwinstickPawn_C_0. Function serverMove will not be processed.
[2019.04.01-05.31.27:956][ 40]LogNet: Warning: UIpNetDriver::ProcessRemoteFunction: No owning connection for actor testTwinstickPawn_C_0. Function serverMove will not be processed.
[2019.04.01-05.31.27:981][ 41]LogNet: Warning: UIpNetDriver::ProcessRemoteFunction: No owning connection for actor testTwinstickPawn_C_0. Function serverMove will not be processed.
[2019.04.01-05.31.28:003][ 42]LogNet: Warning: UIpNetDriver::ProcessRemoteFunction: No owning connection for actor testTwinstickPawn_C_0. Function serverMove will not be processed.
[2019.04.01-05.31.28:027][ 43]LogNet: Warning: UIpNetDriver::ProcessRemoteFunction: No owning connection for actor testTwinstickPawn_C_0. Function serverMove will not be processed.
[2019.04.01-05.31.28:050][ 44]LogNet: Warning: UIpNetDriver::ProcessRemoteFunction: No owning connection for actor testTwinstickPawn_C_0. Function serverMove will not be processed.
[2019.04.01-05.31.28:065][ 45]LogNet: Warning: UIpNetDriver::ProcessRemoteFunction: No owning connection for actor testTwinstickPawn_C_0. Function serverMove will not be processed.
[2019.04.01-05.31.28:083][ 46]LogNet: Warning: UIpNetDriver::ProcessRemoteFunction: No owning connection for actor testTwinstickPawn_C_0. Function serverMove will not be processed.
[2019.04.01-05.31.28:103][ 47]LogNet: Warning: UIpNetDriver::ProcessRemoteFunction: No owning connection for actor testTwinstickPawn_C_0. Function serverMove will not be processed.
[2019.04.01-05.31.28:123][ 48]LogNet: Warning: UIpNetDriver::ProcessRemoteFunction: No owning connection for actor testTwinstickPawn_C_0. Function serverMove will not be processed.
[2019.04.01-05.31.28:150][ 49]LogNet: Warning: UIpNetDriver::ProcessRemoteFunction: No owning connection for actor testTwinstickPawn_C_0. Function serverMove will not be processed.
[2019.04.01-05.31.28:170][ 50]LogNet: Warning: UIpNetDriver::ProcessRemoteFunction: No owning connection for actor testTwinstickPawn_C_0. Function serverMove will not be processed.
[2019.04.01-05.31.28:192][ 51]LogNet: Warning: UIpNetDriver::ProcessRemoteFunction: No owning connection for actor testTwinstickPawn_C_0. Function serverMove will not be processed.
[2019.04.01-05.31.28:214][ 52]LogNet: Warning: UIpNetDriver::ProcessRemoteFunction: No owning connection for actor testTwinstickPawn_C_0. Function serverMove will not be processed.
[2019.04.01-05.31.28:234][ 53]LogNet: Warning: UIpNetDriver::ProcessRemoteFunction: No owning connection for actor testTwinstickPawn_C_0. Function serverMove will not be processed.
[2019.04.01-05.31.28:257][ 54]LogNet: Warning: UIpNetDriver::ProcessRemoteFunction: No owning connection for actor testTwinstickPawn_C_0. Function serverMove will not be processed.
[2019.04.01-05.31.28:280][ 55]LogNet: Warning: UIpNetDriver::ProcessRemoteFunction: No owning connection for actor testTwinstickPawn_C_0. Function serverMove will not be processed.
[2019.04.01-05.31.28:300][ 56]LogNet: Warning: UIpNetDriver::ProcessRemoteFunction: No owning connection for actor testTwinstickPawn_C_0. Function serverMove will not be processed.
[2019.04.01-05.31.28:323][ 57]LogNet: Warning: UIpNetDriver::ProcessRemoteFunction: No owning connection for actor testTwinstickPawn_C_0. Function serverMove will not be processed.
[2019.04.01-05.31.28:346][ 58]LogNet: Warning: UIpNetDriver::ProcessRemoteFunction: No owning connection for actor testTwinstickPawn_C_0. Function serverMove will not be processed.
[2019.04.01-05.31.28:365][ 59]LogNet: Warning: UIpNetDriver::ProcessRemoteFunction: No owning connection for actor testTwinstickPawn_C_0. Function serverMove will not be processed.
[2019.04.01-05.31.28:386][ 60]LogNet: Warning: UIpNetDriver::ProcessRemoteFunction: No owning connection for actor testTwinstickPawn_C_0. Function serverMove will not be processed.
[2019.04.01-05.31.28:401][ 61]LogNet: Warning: UIpNetDriver::ProcessRemoteFunction: No owning connection for actor testTwinstickPawn_C_0. Function serverMove will not be processed.
[2019.04.01-05.31.28:423][ 62]LogNet: Warning: UIpNetDriver::ProcessRemoteFunction: No owning connection for actor testTwinstickPawn_C_0. Function serverMove will not be processed.
[2019.04.01-05.31.28:444][ 63]LogNet: Warning: UIpNetDriver::ProcessRemoteFunction: No owning connection for actor testTwinstickPawn_C_0. Function serverMove will not be processed.
[2019.04.01-05.31.28:469][ 64]LogNet: Warning: UIpNetDriver::ProcessRemoteFunction: No owning connection for actor testTwinstickPawn_C_0. Function serverMove will not be processed.
[2019.04.01-05.31.28:493][ 65]LogNet: Warning: UIpNetDriver::ProcessRemoteFunction: No owning connection for actor testTwinstickPawn_C_0. Function serverMove will not be processed.
[2019.04.01-05.31.28:513][ 66]LogNet: Warning: UIpNetDriver::ProcessRemoteFunction: No owning connection for actor testTwinstickPawn_C_0. Function serverMove will not be processed.
[2019.04.01-05.31.28:535][ 67]LogNet: Warning: UIpNetDriver::ProcessRemoteFunction: No owning connection for actor testTwinstickPawn_C_0. Function serverMove will not be processed.
[2019.04.01-05.31.28:557][ 68]LogNet: Warning: UIpNetDriver::ProcessRemoteFunction: No owning connection for actor testTwinstickPawn_C_0. Function serverMove will not be processed.
[2019.04.01-05.31.28:577][ 69]LogNet: Warning: UIpNetDriver::ProcessRemoteFunction: No owning connection for actor testTwinstickPawn_C_0. Function serverMove will not be processed.
[2019.04.01-05.31.28:600][ 70]LogNet: Warning: UIpNetDriver::ProcessRemoteFunction: No owning connection for actor testTwinstickPawn_C_0. Function serverMove will not be processed.
[2019.04.01-05.31.28:622][ 71]LogNet: Warning: UIpNetDriver::ProcessRemoteFunction: No owning connection for actor testTwinstickPawn_C_0. Function serverMove will not be processed.
[2019.04.01-05.31.28:642][ 72]LogNet: Warning: UIpNetDriver::ProcessRemoteFunction: No owning connection for actor testTwinstickPawn_C_0. Function serverMove will not be processed.
[2019.04.01-05.31.28:662][ 73]LogNet: Warning: UIpNetDriver::ProcessRemoteFunction: No owning connection for actor testTwinstickPawn_C_0. Function serverMove will not be processed.
[2019.04.01-05.31.28:685][ 74]LogNet: Warning: UIpNetDriver::ProcessRemoteFunction: No owning connection for actor testTwinstickPawn_C_0. Function serverMove will not be processed.
[2019.04.01-05.31.28:706][ 75]LogNet: Warning: UIpNetDriver::ProcessRemoteFunction: No owning connection for actor testTwinstickPawn_C_0. Function serverMove will not be processed.
[2019.04.01-05.31.28:722][ 76]LogNet: Warning: UIpNetDriver::ProcessRemoteFunction: No owning connection for actor testTwinstickPawn_C_0. Function serverMove will not be processed.
[2019.04.01-05.31.28:739][ 77]LogNet: Warning: UIpNetDriver::ProcessRemoteFunction: No owning connection for actor testTwinstickPawn_C_0. Function serverMove will not be processed.
[2019.04.01-05.31.28:759][ 78]LogNet: Warning: UIpNetDriver::ProcessRemoteFunction: No owning connection for actor testTwinstickPawn_C_0. Function serverMove will not be processed.
[2019.04.01-05.31.28:782][ 79]LogNet: Warning: UIpNetDriver::ProcessRemoteFunction: No owning connection for actor testTwinstickPawn_C_0. Function serverMove will not be processed.
[2019.04.01-05.31.28:803][ 80]LogNet: Warning: UIpNetDriver::ProcessRemoteFunction: No owning connection for actor testTwinstickPawn_C_0. Function serverMove will not be processed.
[2019.04.01-05.31.28:823][ 81]LogNet: Warning: UIpNetDriver::ProcessRemoteFunction: No owning connection for actor testTwinstickPawn_C_0. Function serverMove will not be processed.
[2019.04.01-05.31.28:845][ 82]LogNet: Warning: UIpNetDriver::ProcessRemoteFunction: No owning connection for actor testTwinstickPawn_C_0. Function serverMove will not be processed.
[2019.04.01-05.31.28:867][ 83]LogNet: Warning: UIpNetDriver::ProcessRemoteFunction: No owning connection for actor testTwinstickPawn_C_0. Function serverMove will not be processed.
[2019.04.01-05.31.28:886][ 84]LogNet: Warning: UIpNetDriver::ProcessRemoteFunction: No owning connection for actor testTwinstickPawn_C_0. Function serverMove will not be processed.
[2019.04.01-05.31.28:904][ 85]LogNet: Warning: UIpNetDriver::ProcessRemoteFunction: No owning connection for actor testTwinstickPawn_C_0. Function serverMove will not be processed.
[2019.04.01-05.31.28:927][ 86]LogNet: Warning: UIpNetDriver::ProcessRemoteFunction: No owning connection for actor testTwinstickPawn_C_0. Function serverMove will not be processed.
[2019.04.01-05.31.28:948][ 87]LogNet: Warning: UIpNetDriver::ProcessRemoteFunction: No owning connection for actor testTwinstickPawn_C_0. Function serverMove will not be processed.
[2019.04.01-05.31.28:967][ 88]LogNet: Warning: UIpNetDriver::ProcessRemoteFunction: No owning connection for actor testTwinstickPawn_C_0. Function serverMove will not be processed.
[2019.04.01-05.31.28:988][ 89]LogPhysics: Warning: PopulatePhysXGeometryAndTransform(Convex): ConvexElem has invalid transform
[2019.04.01-05.31.28:988][ 89]LogPhysics: Warning: ForeachShape(Convex): [/Game/StarterContent/Shapes/Shape_Cone.Shape_Cone] ScaledElem[0] invalid
[2019.04.01-05.31.28:990][ 89]LogNet: Warning: UIpNetDriver::ProcessRemoteFunction: No owning connection for actor testTwinstickPawn_C_0. Function serverMove will not be processed.
[2019.04.01-05.31.29:012][ 90]LogNet: Warning: UIpNetDriver::ProcessRemoteFunction: No owning connection for actor testTwinstickPawn_C_0. Function serverMove will not be processed.
[2019.04.01-05.31.29:034][ 91]LogNet: Warning: UIpNetDriver::ProcessRemoteFunction: No owning connection for actor testTwinstickPawn_C_0. Function serverMove will not be processed.
[2019.04.01-05.31.29:055][ 92]LogNet: Warning: UIpNetDriver::ProcessRemoteFunction: No owning connection for actor testTwinstickPawn_C_0. Function serverMove will not be processed.
[2019.04.01-05.31.29:080][ 93]LogNet: Warning: UIpNetDriver::ProcessRemoteFunction: No owning connection for actor testTwinstickPawn_C_0. Function serverMove will not be processed.
[2019.04.01-05.31.29:103][ 94]LogNet: Warning: UIpNetDriver::ProcessRemoteFunction: No owning connection for actor testTwinstickPawn_C_0. Function serverMove will not be processed.
[2019.04.01-05.31.29:122][ 95]LogNet: Warning: UIpNetDriver::ProcessRemoteFunction: No owning connection for actor testTwinstickPawn_C_0. Function serverMove will not be processed.
[2019.04.01-05.31.29:163][ 96]LogNet: Warning: UIpNetDriver::ProcessRemoteFunction: No owning connection for actor testTwinstickPawn_C_0. Function serverMove will not be processed.
[2019.04.01-05.31.29:184][ 97]LogNet: Warning: UIpNetDriver::ProcessRemoteFunction: No owning connection for actor testTwinstickPawn_C_0. Function serverMove will not be processed.
[2019.04.01-05.31.29:247][ 98]LogNet: Warning: UIpNetDriver::ProcessRemoteFunction: No owning connection for actor testTwinstickPawn_C_0. Function serverMove will not be processed.
[2019.04.01-05.31.29:275][ 99]LogNet: Warning: UIpNetDriver::ProcessRemoteFunction: No owning connection for actor testTwinstickPawn_C_0. Function serverMove will not be processed.
[2019.04.01-05.31.29:302][100]LogNet: Warning: UIpNetDriver::ProcessRemoteFunction: No owning connection for actor testTwinstickPawn_C_0. Function serverMove will not be processed.
[2019.04.01-05.31.29:330][101]LogNet: Warning: UIpNetDriver::ProcessRemoteFunction: No owning connection for actor testTwinstickPawn_C_0. Function serverMove will not be processed.
[2019.04.01-05.31.29:355][102]LogNet: Warning: UIpNetDriver::ProcessRemoteFunction: No owning connection for actor testTwinstickPawn_C_0. Function serverMove will not be processed.
[2019.04.01-05.31.29:381][103]LogNet: Warning: UIpNetDriver::ProcessRemoteFunction: No owning connection for actor testTwinstickPawn_C_0. Function serverMove will not be processed.
[2019.04.01-05.31.29:406][104]LogNet: Warning: UIpNetDriver::ProcessRemoteFunction: No owning connection for actor testTwinstickPawn_C_0. Function serverMove will not be processed.
[2019.04.01-05.31.29:431][105]LogNet: Warning: UIpNetDriver::ProcessRemoteFunction: No owning connection for actor testTwinstickPawn_C_0. Function serverMove will not be processed.
[2019.04.01-05.31.29:456][106]LogNet: Warning: UIpNetDriver::ProcessRemoteFunction: No owning connection for actor testTwinstickPawn_C_0. Function serverMove will not be processed.
[2019.04.01-05.31.29:482][107]LogNet: Warning: UIpNetDriver::ProcessRemoteFunction: No owning connection for actor testTwinstickPawn_C_0. Function serverMove will not be processed.
[2019.04.01-05.31.29:508][108]LogNet: Warning: UIpNetDriver::ProcessRemoteFunction: No owning connection for actor testTwinstickPawn_C_0. Function serverMove will not be processed.
[2019.04.01-05.31.29:539][109]LogNet: Warning: UIpNetDriver::ProcessRemoteFunction: No owning connection for actor testTwinstickPawn_C_0. Function serverMove will not be processed.
[2019.04.01-05.31.29:566][110]LogNet: Warning: UIpNetDriver::ProcessRemoteFunction: No owning connection for actor testTwinstickPawn_C_0. Function serverMove will not be processed.
[2019.04.01-05.31.29:594][111]LogNet: Warning: UIpNetDriver::ProcessRemoteFunction: No owning connection for actor testTwinstickPawn_C_0. Function serverMove will not be processed.
[2019.04.01-05.31.29:625][112]LogNet: Warning: UIpNetDriver::ProcessRemoteFunction: No owning connection for actor testTwinstickPawn_C_0. Function serverMove will not be processed.
[2019.04.01-05.31.29:658][113]LogNet: Warning: UIpNetDriver::ProcessRemoteFunction: No owning connection for actor testTwinstickPawn_C_0. Function serverMove will not be processed.
[2019.04.01-05.31.29:692][114]LogNet: Warning: UIpNetDriver::ProcessRemoteFunction: No owning connection for actor testTwinstickPawn_C_0. Function serverMove will not be processed.
[2019.04.01-05.31.29:726][115]LogNet: Warning: UIpNetDriver::ProcessRemoteFunction: No owning connection for actor testTwinstickPawn_C_0. Function serverMove will not be processed.
[2019.04.01-05.31.29:762][116]LogNet: Warning: UIpNetDriver::ProcessRemoteFunction: No owning connection for actor testTwinstickPawn_C_0. Function serverMove will not be processed.
[2019.04.01-05.31.29:797][117]LogNet: Warning: UIpNetDriver::ProcessRemoteFunction: No owning connection for actor testTwinstickPawn_C_0. Function serverMove will not be processed.
[2019.04.01-05.31.29:833][118]LogNet: Warning: UIpNetDriver::ProcessRemoteFunction: No owning connection for actor testTwinstickPawn_C_0. Function serverMove will not be processed.
[2019.04.01-05.31.29:868][119]LogNet: Warning: UIpNetDriver::ProcessRemoteFunction: No owning connection for actor testTwinstickPawn_C_0. Function serverMove will not be processed.
[2019.04.01-05.31.29:905][120]LogNet: Warning: UIpNetDriver::ProcessRemoteFunction: No owning connection for actor testTwinstickPawn_C_0. Function serverMove will not be processed.
[2019.04.01-05.31.29:940][121]LogNet: Warning: UIpNetDriver::ProcessRemoteFunction: No owning connection for actor testTwinstickPawn_C_0. Function serverMove will not be processed.
[2019.04.01-05.31.29:977][122]LogNet: Warning: UIpNetDriver::ProcessRemoteFunction: No owning connection for actor testTwinstickPawn_C_0. Function serverMove will not be processed.
[2019.04.01-05.31.30:014][123]LogNet: Warning: UIpNetDriver::ProcessRemoteFunction: No owning connection for actor testTwinstickPawn_C_0. Function serverMove will not be processed.
[2019.04.01-05.31.30:052][124]LogNet: Warning: UIpNetDriver::ProcessRemoteFunction: No owning connection for actor testTwinstickPawn_C_0. Function serverMove will not be processed.
[2019.04.01-05.31.30:091][125]LogNet: Warning: UIpNetDriver::ProcessRemoteFunction: No owning connection for actor testTwinstickPawn_C_0. Function serverMove will not be processed.
[2019.04.01-05.31.30:128][126]LogNet: Warning: UIpNetDriver::ProcessRemoteFunction: No owning connection for actor testTwinstickPawn_C_0. Function serverMove will not be processed.
[2019.04.01-05.31.30:169][127]LogNet: Warning: UIpNetDriver::ProcessRemoteFunction: No owning connection for actor testTwinstickPawn_C_0. Function serverMove will not be processed.
[2019.04.01-05.31.30:222][128]LogNet: Warning: UIpNetDriver::ProcessRemoteFunction: No owning connection for actor testTwinstickPawn_C_0. Function serverMove will not be processed.
[2019.04.01-05.31.30:269][129]LogNet: Warning: UIpNetDriver::ProcessRemoteFunction: No owning connection for actor testTwinstickPawn_C_0. Function serverMove will not be processed.
[2019.04.01-05.31.30:326][130]LogNet: Warning: UIpNetDriver::ProcessRemoteFunction: No owning connection for actor testTwinstickPawn_C_0. Function serverMove will not be processed.
[2019.04.01-05.31.30:388][131]LogNet: Warning: UIpNetDriver::ProcessRemoteFunction: No owning connection for actor testTwinstickPawn_C_0. Function serverMove will not be processed.
[2019.04.01-05.31.30:480][132]LogNet: Warning: UIpNetDriver::ProcessRemoteFunction: No owning connection for actor testTwinstickPawn_C_0. Function serverMove will not be processed.
[2019.04.01-05.31.30:539][133]LogNet: Warning: UIpNetDriver::ProcessRemoteFunction: No owning connection for actor testTwinstickPawn_C_0. Function serverMove will not be processed.
[2019.04.01-05.31.30:610][134]LogNet: Warning: UIpNetDriver::ProcessRemoteFunction: No owning connection for actor testTwinstickPawn_C_0. Function serverMove will not be processed.
[2019.04.01-05.31.30:711][135]LogNet: Warning: UIpNetDriver::ProcessRemoteFunction: No owning connection for actor testTwinstickPawn_C_0. Function serverMove will not be processed.
[2019.04.01-05.31.30:778][136]LogNet: Warning: UIpNetDriver::ProcessRemoteFunction: No owning connection for actor testTwinstickPawn_C_0. Function serverMove will not be processed.
[2019.04.01-05.31.30:881][137]LogNet: Warning: UIpNetDriver::ProcessRemoteFunction: No owning connection for actor testTwinstickPawn_C_0. Function serverMove will not be processed.
[2019.04.01-05.31.30:990][138]LogNet: Warning: UIpNetDriver::ProcessRemoteFunction: No owning connection for actor testTwinstickPawn_C_0. Function serverMove will not be processed.
[2019.04.01-05.31.31:123][139]LogNet: Warning: UIpNetDriver::ProcessRemoteFunction: No owning connection for actor testTwinstickPawn_C_0. Function serverMove will not be processed.
[2019.04.01-05.31.31:271][140]LogNet: Warning: UIpNetDriver::ProcessRemoteFunction: No owning connection for actor testTwinstickPawn_C_0. Function serverMove will not be processed.
[2019.04.01-05.31.31:420][141]LogNet: Warning: UIpNetDriver::ProcessRemoteFunction: No owning connection for actor testTwinstickPawn_C_0. Function serverMove will not be processed.
[2019.04.01-05.31.31:585][142]LogNet: Warning: UIpNetDriver::ProcessRemoteFunction: No owning connection for actor testTwinstickPawn_C_0. Function serverMove will not be processed.
[2019.04.01-05.31.31:759][143]LogNet: Warning: UIpNetDriver::ProcessRemoteFunction: No owning connection for actor testTwinstickPawn_C_0. Function serverMove will not be processed.
[2019.04.01-05.31.31:955][144]LogNet: Warning: UIpNetDriver::ProcessRemoteFunction: No owning connection for actor testTwinstickPawn_C_0. Function serverMove will not be processed.
[2019.04.01-05.31.32:102][145]LogNet: Warning: UIpNetDriver::ProcessRemoteFunction: No owning connection for actor testTwinstickPawn_C_0. Function serverMove will not be processed.
[2019.04.01-05.31.32:298][146]LogNet: Warning: UIpNetDriver::ProcessRemoteFunction: No owning connection for actor testTwinstickPawn_C_0. Function serverMove will not be processed.
[2019.04.01-05.31.32:506][147]LogNet: Warning: UIpNetDriver::ProcessRemoteFunction: No owning connection for actor testTwinstickPawn_C_0. Function serverMove will not be processed.
[2019.04.01-05.31.32:847][148]LogNet: Warning: UIpNetDriver::ProcessRemoteFunction: No owning connection for actor testTwinstickPawn_C_0. Function serverMove will not be processed.
[2019.04.01-05.31.33:194][149]LogNet: Warning: UIpNetDriver::ProcessRemoteFunction: No owning connection for actor testTwinstickPawn_C_0. Function serverMove will not be processed.
[2019.04.01-05.31.33:562][150]LogNet: Warning: UIpNetDriver::ProcessRemoteFunction: No owning connection for actor testTwinstickPawn_C_0. Function serverMove will not be processed.
[2019.04.01-05.31.33:991][151]LogNet: Warning: UIpNetDriver::ProcessRemoteFunction: No owning connection for actor testTwinstickPawn_C_0. Function serverMove will not be processed.
[2019.04.01-05.31.34:439][152]LogNet: Warning: UIpNetDriver::ProcessRemoteFunction: No owning connection for actor testTwinstickPawn_C_0. Function serverMove will not be processed.
[2019.04.01-05.31.34:963][153]LogD3D11RHI: Timed out while waiting for GPU to catch up. (0.5 s)
[2019.04.01-05.31.34:990][153]LogNet: Warning: UIpNetDriver::ProcessRemoteFunction: No owning connection for actor testTwinstickPawn_C_0. Function serverMove will not be processed.
[2019.04.01-05.31.35:562][154]LogD3D11RHI: Timed out while waiting for GPU to catch up. (0.5 s)
[2019.04.01-05.31.35:580][154]LogNet: Warning: UIpNetDriver::ProcessRemoteFunction: No owning connection for actor testTwinstickPawn_C_0. Function serverMove will not be processed.
[2019.04.01-05.31.35:863][155]LogNet: Warning: UIpNetDriver::ProcessRemoteFunction: No owning connection for actor testTwinstickPawn_C_0. Function serverMove will not be processed.
[2019.04.01-05.31.36:056][156]LogNet: Warning: UIpNetDriver::ProcessRemoteFunction: No owning connection for actor testTwinstickPawn_C_0. Function serverMove will not be processed.
[2019.04.01-05.31.36:172][157]LogNet: Warning: UIpNetDriver::ProcessRemoteFunction: No owning connection for actor testTwinstickPawn_C_0. Function serverMove will not be processed.
[2019.04.01-05.31.36:262][158]LogNet: Warning: UIpNetDriver::ProcessRemoteFunction: No owning connection for actor testTwinstickPawn_C_0. Function serverMove will not be processed.
[2019.04.01-05.31.36:378][159]LogNet: Warning: UIpNetDriver::ProcessRemoteFunction: No owning connection for actor testTwinstickPawn_C_0. Function serverMove will not be processed.
[2019.04.01-05.31.36:513][160]LogNet: Warning: UIpNetDriver::ProcessRemoteFunction: No owning connection for actor testTwinstickPawn_C_0. Function serverMove will not be processed.
[2019.04.01-05.31.36:597][161]LogNet: Warning: UIpNetDriver::ProcessRemoteFunction: No owning connection for actor testTwinstickPawn_C_0. Function serverMove will not be processed.
[2019.04.01-05.31.36:709][162]LogNet: Warning: UIpNetDriver::ProcessRemoteFunction: No owning connection for actor testTwinstickPawn_C_0. Function serverMove will not be processed.
[2019.04.01-05.31.36:791][163]LogNet: Warning: UIpNetDriver::ProcessRemoteFunction: No owning connection for actor testTwinstickPawn_C_0. Function serverMove will not be processed.
[2019.04.01-05.31.36:891][164]LogNet: Warning: UIpNetDriver::ProcessRemoteFunction: No owning connection for actor testTwinstickPawn_C_0. Function serverMove will not be processed.
[2019.04.01-05.31.36:944][165]LogNet: Warning: UIpNetDriver::ProcessRemoteFunction: No owning connection for actor testTwinstickPawn_C_0. Function serverMove will not be processed.
[2019.04.01-05.31.37:002][166]LogNet: Warning: UIpNetDriver::ProcessRemoteFunction: No owning connection for actor testTwinstickPawn_C_0. Function serverMove will not be processed.
[2019.04.01-05.31.37:039][167]LogNet: Warning: UIpNetDriver::ProcessRemoteFunction: No owning connection for actor testTwinstickPawn_C_0. Function serverMove will not be processed.
[2019.04.01-05.31.37:089][168]LogNet: Warning: UIpNetDriver::ProcessRemoteFunction: No owning connection for actor testTwinstickPawn_C_0. Function serverMove will not be processed.
[2019.04.01-05.31.37:127][169]LogNet: Warning: UIpNetDriver::ProcessRemoteFunction: No owning connection for actor testTwinstickPawn_C_0. Function serverMove will not be processed.
[2019.04.01-05.31.37:166][170]LogNet: Warning: UIpNetDriver::ProcessRemoteFunction: No owning connection for actor testTwinstickPawn_C_0. Function serverMove will not be processed.
[2019.04.01-05.31.37:203][171]LogNet: Warning: UIpNetDriver::ProcessRemoteFunction: No owning connection for actor testTwinstickPawn_C_0. Function serverMove will not be processed.
[2019.04.01-05.31.37:242][172]LogNet: Warning: UIpNetDriver::ProcessRemoteFunction: No owning connection for actor testTwinstickPawn_C_0. Function serverMove will not be processed.
[2019.04.01-05.31.37:277][173]LogNet: Warning: UIpNetDriver::ProcessRemoteFunction: No owning connection for actor testTwinstickPawn_C_0. Function serverMove will not be processed.
[2019.04.01-05.31.37:310][174]LogNet: Warning: UIpNetDriver::ProcessRemoteFunction: No owning connection for actor testTwinstickPawn_C_0. Function serverMove will not be processed.
[2019.04.01-05.31.37:343][175]LogNet: Warning: UIpNetDriver::ProcessRemoteFunction: No owning connection for actor testTwinstickPawn_C_0. Function serverMove will not be processed.
[2019.04.01-05.31.37:377][176]LogNet: Warning: UIpNetDriver::ProcessRemoteFunction: No owning connection for actor testTwinstickPawn_C_0. Function serverMove will not be processed.
[2019.04.01-05.31.37:411][177]LogNet: Warning: UIpNetDriver::ProcessRemoteFunction: No owning connection for actor testTwinstickPawn_C_0. Function serverMove will not be processed.
[2019.04.01-05.31.37:443][178]LogNet: Warning: UIpNetDriver::ProcessRemoteFunction: No owning connection for actor testTwinstickPawn_C_0. Function serverMove will not be processed.
[2019.04.01-05.31.37:477][179]LogNet: Warning: UIpNetDriver::ProcessRemoteFunction: No owning connection for actor testTwinstickPawn_C_0. Function serverMove will not be processed.
[2019.04.01-05.31.37:510][180]LogNet: Warning: UIpNetDriver::ProcessRemoteFunction: No owning connection for actor testTwinstickPawn_C_0. Function serverMove will not be processed.
[2019.04.01-05.31.37:510][180]LogNet: Warning: UIpNetDriver::ProcessRemoteFunction: No owning connection for actor TestMap_C_1. Function TestSelectAbilities will not be processed.
[2019.04.01-05.31.37:540][181]LogNet: Warning: UIpNetDriver::ProcessRemoteFunction: No owning connection for actor testTwinstickPawn_C_0. Function serverMove will not be processed.
[2019.04.01-05.31.37:571][182]LogNet: Warning: UIpNetDriver::ProcessRemoteFunction: No owning connection for actor testTwinstickPawn_C_0. Function serverMove will not be processed.
[2019.04.01-05.31.37:601][183]LogNet: Warning: UIpNetDriver::ProcessRemoteFunction: No owning connection for actor testTwinstickPawn_C_0. Function serverMove will not be processed.
[2019.04.01-05.31.37:632][184]LogNet: Warning: UIpNetDriver::ProcessRemoteFunction: No owning connection for actor testTwinstickPawn_C_0. Function serverMove will not be processed.
[2019.04.01-05.31.37:661][185]LogNet: Warning: UIpNetDriver::ProcessRemoteFunction: No owning connection for actor testTwinstickPawn_C_0. Function serverMove will not be processed.
[2019.04.01-05.31.37:693][186]LogNet: Warning: UIpNetDriver::ProcessRemoteFunction: No owning connection for actor testTwinstickPawn_C_0. Function serverMove will not be processed.
[2019.04.01-05.31.37:722][187]LogNet: Warning: UIpNetDriver::ProcessRemoteFunction: No owning connection for actor testTwinstickPawn_C_0. Function serverMove will not be processed.
[2019.04.01-05.31.37:753][188]LogNet: Warning: UIpNetDriver::ProcessRemoteFunction: No owning connection for actor testTwinstickPawn_C_0. Function serverMove will not be processed.
[2019.04.01-05.31.37:783][189]LogNet: Warning: UIpNetDriver::ProcessRemoteFunction: No owning connection for actor testTwinstickPawn_C_0. Function serverMove will not be processed.
[2019.04.01-05.31.37:814][190]LogNet: Warning: UIpNetDriver::ProcessRemoteFunction: No owning connection for actor testTwinstickPawn_C_0. Function serverMove will not be processed.
[2019.04.01-05.31.37:842][191]LogNet: Warning: UIpNetDriver::ProcessRemoteFunction: No owning connection for actor testTwinstickPawn_C_0. Function serverMove will not be processed.
[2019.04.01-05.31.37:873][192]LogNet: Warning: UIpNetDriver::ProcessRemoteFunction: No owning connection for actor testTwinstickPawn_C_0. Function serverMove will not be processed.
[2019.04.01-05.31.37:903][193]LogNet: Warning: UIpNetDriver::ProcessRemoteFunction: No owning connection for actor testTwinstickPawn_C_0. Function serverMove will not be processed.
[2019.04.01-05.31.37:932][194]LogNet: Warning: UIpNetDriver::ProcessRemoteFunction: No owning connection for actor testTwinstickPawn_C_0. Function serverMove will not be processed.
[2019.04.01-05.31.37:961][195]LogNet: Warning: UIpNetDriver::ProcessRemoteFunction: No owning connection for actor testTwinstickPawn_C_0. Function serverMove will not be processed.
[2019.04.01-05.31.37:992][196]LogNet: Warning: UIpNetDriver::ProcessRemoteFunction: No owning connection for actor testTwinstickPawn_C_0. Function serverMove will not be processed.
[2019.04.01-05.31.38:021][197]LogNet: Warning: UIpNetDriver::ProcessRemoteFunction: No owning connection for actor testTwinstickPawn_C_0. Function serverMove will not be processed.
[2019.04.01-05.31.38:053][198]LogNet: Warning: UIpNetDriver::ProcessRemoteFunction: No owning connection for actor testTwinstickPawn_C_0. Function serverMove will not be processed.
[2019.04.01-05.31.38:081][199]LogNet: Warning: UIpNetDriver::ProcessRemoteFunction: No owning connection for actor testTwinstickPawn_C_0. Function serverMove will not be processed.
[2019.04.01-05.31.38:110][200]LogNet: Warning: UIpNetDriver::ProcessRemoteFunction: No owning connection for actor testTwinstickPawn_C_0. Function serverMove will not be processed.
[2019.04.01-05.31.38:141][201]LogNet: Warning: UIpNetDriver::ProcessRemoteFunction: No owning connection for actor testTwinstickPawn_C_0. Function serverMove will not be processed.
[2019.04.01-05.31.38:168][202]LogNet: Warning: UIpNetDriver::ProcessRemoteFunction: No owning connection for actor testTwinstickPawn_C_0. Function serverMove will not be processed.
[2019.04.01-05.31.38:198][203]LogNet: Warning: UIpNetDriver::ProcessRemoteFunction: No owning connection for actor testTwinstickPawn_C_0. Function serverMove will not be processed.
[2019.04.01-05.31.38:227][204]LogNet: Warning: UIpNetDriver::ProcessRemoteFunction: No owning connection for actor testTwinstickPawn_C_0. Function serverMove will not be processed.
[2019.04.01-05.31.38:256][205]LogNet: Warning: UIpNetDriver::ProcessRemoteFunction: No owning connection for actor testTwinstickPawn_C_0. Function serverMove will not be processed.
[2019.04.01-05.31.38:283][206]LogNet: Warning: UIpNetDriver::ProcessRemoteFunction: No owning connection for actor testTwinstickPawn_C_0. Function serverMove will not be processed.
[2019.04.01-05.31.38:312][207]LogNet: Warning: UIpNetDriver::ProcessRemoteFunction: No owning connection for actor testTwinstickPawn_C_0. Function serverMove will not be processed.
[2019.04.01-05.31.38:341][208]LogNet: Warning: UIpNetDriver::ProcessRemoteFunction: No owning connection for actor testTwinstickPawn_C_0. Function serverMove will not be processed.
[2019.04.01-05.31.38:369][209]LogNet: Warning: UIpNetDriver::ProcessRemoteFunction: No owning connection for actor testTwinstickPawn_C_0. Function serverMove will not be processed.
[2019.04.01-05.31.38:398][210]LogNet: Warning: UIpNetDriver::ProcessRemoteFunction: No owning connection for actor testTwinstickPawn_C_0. Function serverMove will not be processed.
[2019.04.01-05.31.38:428][211]LogNet: Warning: UIpNetDriver::ProcessRemoteFunction: No owning connection for actor testTwinstickPawn_C_0. Function serverMove will not be processed.
[2019.04.01-05.31.38:455][212]LogNet: Warning: UIpNetDriver::ProcessRemoteFunction: No owning connection for actor testTwinstickPawn_C_0. Function serverMove will not be processed.
[2019.04.01-05.31.38:484][213]LogNet: Warning: UIpNetDriver::ProcessRemoteFunction: No owning connection for actor testTwinstickPawn_C_0. Function serverMove will not be processed.
[2019.04.01-05.31.38:511][214]LogNet: Warning: UIpNetDriver::ProcessRemoteFunction: No owning connection for actor testTwinstickPawn_C_0. Function serverMove will not be processed.
[2019.04.01-05.31.38:539][215]LogNet: Warning: UIpNetDriver::ProcessRemoteFunction: No owning connection for actor testTwinstickPawn_C_0. Function serverMove will not be processed.
[2019.04.01-05.31.38:568][216]LogNet: Warning: UIpNetDriver::ProcessRemoteFunction: No owning connection for actor testTwinstickPawn_C_0. Function serverMove will not be processed.
[2019.04.01-05.31.38:595][217]LogNet: Warning: UIpNetDriver::ProcessRemoteFunction: No owning connection for actor testTwinstickPawn_C_0. Function serverMove will not be processed.
[2019.04.01-05.31.38:623][218]LogNet: Warning: UIpNetDriver::ProcessRemoteFunction: No owning connection for actor testTwinstickPawn_C_0. Function serverMove will not be processed.
[2019.04.01-05.31.38:651][219]LogPhysics: Warning: PopulatePhysXGeometryAndTransform(Convex): ConvexElem has invalid transform
[2019.04.01-05.31.38:651][219]LogPhysics: Warning: ForeachShape(Convex): [/Game/StarterContent/Shapes/Shape_Cone.Shape_Cone] ScaledElem[0] invalid
[2019.04.01-05.31.38:654][219]LogNet: Warning: UIpNetDriver::ProcessRemoteFunction: No owning connection for actor testTwinstickPawn_C_0. Function serverMove will not be processed.
[2019.04.01-05.31.38:679][220]LogNet: Warning: UIpNetDriver::ProcessRemoteFunction: No owning connection for actor testTwinstickPawn_C_0. Function serverMove will not be processed.
[2019.04.01-05.31.38:706][221]LogNet: Warning: UIpNetDriver::ProcessRemoteFunction: No owning connection for actor testTwinstickPawn_C_0. Function serverMove will not be processed.
[2019.04.01-05.31.38:733][222]LogNet: Warning: UIpNetDriver::ProcessRemoteFunction: No owning connection for actor testTwinstickPawn_C_0. Function serverMove will not be processed.
[2019.04.01-05.31.38:760][223]LogNet: Warning: UIpNetDriver::ProcessRemoteFunction: No owning connection for actor testTwinstickPawn_C_0. Function serverMove will not be processed.
[2019.04.01-05.31.38:788][224]LogNet: Warning: UIpNetDriver::ProcessRemoteFunction: No owning connection for actor testTwinstickPawn_C_0. Function serverMove will not be processed.
[2019.04.01-05.31.38:815][225]LogNet: Warning: UIpNetDriver::ProcessRemoteFunction: No owning connection for actor testTwinstickPawn_C_0. Function serverMove will not be processed.
[2019.04.01-05.31.38:843][226]LogNet: Warning: UIpNetDriver::ProcessRemoteFunction: No owning connection for actor testTwinstickPawn_C_0. Function serverMove will not be processed.
[2019.04.01-05.31.38:870][227]LogNet: Warning: UIpNetDriver::ProcessRemoteFunction: No owning connection for actor testTwinstickPawn_C_0. Function serverMove will not be processed.
[2019.04.01-05.31.38:897][228]LogNet: Warning: UIpNetDriver::ProcessRemoteFunction: No owning connection for actor testTwinstickPawn_C_0. Function serverMove will not be processed.
[2019.04.01-05.31.38:924][229]LogNet: Warning: UIpNetDriver::ProcessRemoteFunction: No owning connection for actor testTwinstickPawn_C_0. Function serverMove will not be processed.
[2019.04.01-05.31.38:951][230]LogNet: Warning: UIpNetDriver::ProcessRemoteFunction: No owning connection for actor testTwinstickPawn_C_0. Function serverMove will not be processed.
[2019.04.01-05.31.38:978][231]LogNet: Warning: UIpNetDriver::ProcessRemoteFunction: No owning connection for actor testTwinstickPawn_C_0. Function serverMove will not be processed.
[2019.04.01-05.31.39:005][232]LogNet: Warning: UIpNetDriver::ProcessRemoteFunction: No owning connection for actor testTwinstickPawn_C_0. Function serverMove will not be processed.
[2019.04.01-05.31.39:032][233]LogNet: Warning: UIpNetDriver::ProcessRemoteFunction: No owning connection for actor testTwinstickPawn_C_0. Function serverMove will not be processed.
[2019.04.01-05.31.39:058][234]LogNet: Warning: UIpNetDriver::ProcessRemoteFunction: No owning connection for actor testTwinstickPawn_C_0. Function serverMove will not be processed.
[2019.04.01-05.31.39:085][235]LogNet: Warning: UIpNetDriver::ProcessRemoteFunction: No owning connection for actor testTwinstickPawn_C_0. Function serverMove will not be processed.
[2019.04.01-05.31.39:112][236]LogNet: Warning: UIpNetDriver::ProcessRemoteFunction: No owning connection for actor testTwinstickPawn_C_0. Function serverMove will not be processed.
[2019.04.01-05.31.39:138][237]LogNet: Warning: UIpNetDriver::ProcessRemoteFunction: No owning connection for actor testTwinstickPawn_C_0. Function serverMove will not be processed.
[2019.04.01-05.31.39:168][238]LogNet: Warning: UIpNetDriver::ProcessRemoteFunction: No owning connection for actor testTwinstickPawn_C_0. Function serverMove will not be processed.
[2019.04.01-05.31.39:190][239]LogNet: Warning: UIpNetDriver::ProcessRemoteFunction: No owning connection for actor testTwinstickPawn_C_0. Function serverMove will not be processed.
[2019.04.01-05.31.39:219][240]LogNet: Warning: UIpNetDriver::ProcessRemoteFunction: No owning connection for actor testTwinstickPawn_C_0. Function serverMove will not be processed.
[2019.04.01-05.31.39:242][241]LogNet: Warning: UIpNetDriver::ProcessRemoteFunction: No owning connection for actor testTwinstickPawn_C_0. Function serverMove will not be processed.
[2019.04.01-05.31.39:269][242]LogNet: Warning: UIpNetDriver::ProcessRemoteFunction: No owning connection for actor testTwinstickPawn_C_0. Function serverMove will not be processed.
[2019.04.01-05.31.39:295][243]LogNet: Warning: UIpNetDriver::ProcessRemoteFunction: No owning connection for actor testTwinstickPawn_C_0. Function serverMove will not be processed.
[2019.04.01-05.31.39:330][244]LogNet: Warning: UIpNetDriver::ProcessRemoteFunction: No owning connection for actor testTwinstickPawn_C_0. Function serverMove will not be processed.
[2019.04.01-05.31.39:367][245]LogNet: Warning: UIpNetDriver::ProcessRemoteFunction: No owning connection for actor testTwinstickPawn_C_0. Function serverMove will not be processed.
[2019.04.01-05.31.39:401][246]LogNet: Warning: UIpNetDriver::ProcessRemoteFunction: No owning connection for actor testTwinstickPawn_C_0. Function serverMove will not be processed.
[2019.04.01-05.31.39:438][247]LogNet: Warning: UIpNetDriver::ProcessRemoteFunction: No owning connection for actor testTwinstickPawn_C_0. Function serverMove will not be processed.
[2019.04.01-05.31.39:473][248]LogNet: Warning: UIpNetDriver::ProcessRemoteFunction: No owning connection for actor testTwinstickPawn_C_0. Function serverMove will not be processed.
[2019.04.01-05.31.39:511][249]LogNet: Warning: UIpNetDriver::ProcessRemoteFunction: No owning connection for actor testTwinstickPawn_C_0. Function serverMove will not be processed.
[2019.04.01-05.31.39:549][250]LogNet: Warning: UIpNetDriver::ProcessRemoteFunction: No owning connection for actor testTwinstickPawn_C_0. Function serverMove will not be processed.
[2019.04.01-05.31.39:592][251]LogNet: Warning: UIpNetDriver::ProcessRemoteFunction: No owning connection for actor testTwinstickPawn_C_0. Function serverMove will not be processed.
[2019.04.01-05.31.39:635][252]LogNet: Warning: UIpNetDriver::ProcessRemoteFunction: No owning connection for actor testTwinstickPawn_C_0. Function serverMove will not be processed.
[2019.04.01-05.31.39:680][253]LogNet: Warning: UIpNetDriver::ProcessRemoteFunction: No owning connection for actor testTwinstickPawn_C_0. Function serverMove will not be processed.
[2019.04.01-05.31.39:724][254]LogNet: Warning: UIpNetDriver::ProcessRemoteFunction: No owning connection for actor testTwinstickPawn_C_0. Function serverMove will not be processed.
[2019.04.01-05.31.39:774][255]LogNet: Warning: UIpNetDriver::ProcessRemoteFunction: No owning connection for actor testTwinstickPawn_C_0. Function serverMove will not be processed.
[2019.04.01-05.31.39:819][256]LogNet: Warning: UIpNetDriver::ProcessRemoteFunction: No owning connection for actor testTwinstickPawn_C_0. Function serverMove will not be processed.
[2019.04.01-05.31.39:869][257]LogNet: Warning: UIpNetDriver::ProcessRemoteFunction: No owning connection for actor testTwinstickPawn_C_0. Function serverMove will not be processed.
[2019.04.01-05.31.39:917][258]LogNet: Warning: UIpNetDriver::ProcessRemoteFunction: No owning connection for actor testTwinstickPawn_C_0. Function serverMove will not be processed.
[2019.04.01-05.31.39:969][259]LogNet: Warning: UIpNetDriver::ProcessRemoteFunction: No owning connection for actor testTwinstickPawn_C_0. Function serverMove will not be processed.
[2019.04.01-05.31.40:021][260]LogNet: Warning: UIpNetDriver::ProcessRemoteFunction: No owning connection for actor testTwinstickPawn_C_0. Function serverMove will not be processed.
[2019.04.01-05.31.40:074][261]LogNet: Warning: UIpNetDriver::ProcessRemoteFunction: No owning connection for actor testTwinstickPawn_C_0. Function serverMove will not be processed.
[2019.04.01-05.31.40:127][262]LogNet: Warning: UIpNetDriver::ProcessRemoteFunction: No owning connection for actor testTwinstickPawn_C_0. Function serverMove will not be processed.
[2019.04.01-05.31.40:180][263]LogNet: Warning: UIpNetDriver::ProcessRemoteFunction: No owning connection for actor testTwinstickPawn_C_0. Function serverMove will not be processed.
[2019.04.01-05.31.40:236][264]LogNet: Warning: UIpNetDriver::ProcessRemoteFunction: No owning connection for actor testTwinstickPawn_C_0. Function serverMove will not be processed.
[2019.04.01-05.31.40:289][265]LogNet: Warning: UIpNetDriver::ProcessRemoteFunction: No owning connection for actor testTwinstickPawn_C_0. Function serverMove will not be processed.
[2019.04.01-05.31.40:344][266]LogNet: Warning: UIpNetDriver::ProcessRemoteFunction: No owning connection for actor testTwinstickPawn_C_0. Function serverMove will not be processed.
[2019.04.01-05.31.40:398][267]LogNet: Warning: UIpNetDriver::ProcessRemoteFunction: No owning connection for actor testTwinstickPawn_C_0. Function serverMove will not be processed.
[2019.04.01-05.31.40:452][268]LogNet: Warning: UIpNetDriver::ProcessRemoteFunction: No owning connection for actor testTwinstickPawn_C_0. Function serverMove will not be processed.
[2019.04.01-05.31.40:505][269]LogNet: Warning: UIpNetDriver::ProcessRemoteFunction: No owning connection for actor testTwinstickPawn_C_0. Function serverMove will not be processed.
[2019.04.01-05.31.40:564][270]LogNet: Warning: UIpNetDriver::ProcessRemoteFunction: No owning connection for actor testTwinstickPawn_C_0. Function serverMove will not be processed.
[2019.04.01-05.31.40:620][271]LogNet: Warning: UIpNetDriver::ProcessRemoteFunction: No owning connection for actor testTwinstickPawn_C_0. Function serverMove will not be processed.
[2019.04.01-05.31.40:696][272]LogNet: Warning: UIpNetDriver::ProcessRemoteFunction: No owning connection for actor testTwinstickPawn_C_0. Function serverMove will not be processed.
[2019.04.01-05.31.40:766][273]LogNet: Warning: UIpNetDriver::ProcessRemoteFunction: No owning connection for actor testTwinstickPawn_C_0. Function serverMove will not be processed.
[2019.04.01-05.31.40:836][274]LogNet: Warning: UIpNetDriver::ProcessRemoteFunction: No owning connection for actor testTwinstickPawn_C_0. Function serverMove will not be processed.
[2019.04.01-05.31.40:909][275]LogNet: Warning: UIpNetDriver::ProcessRemoteFunction: No owning connection for actor testTwinstickPawn_C_0. Function serverMove will not be processed.
[2019.04.01-05.31.40:982][276]LogNet: Warning: UIpNetDriver::ProcessRemoteFunction: No owning connection for actor testTwinstickPawn_C_0. Function serverMove will not be processed.
[2019.04.01-05.31.41:055][277]LogNet: Warning: UIpNetDriver::ProcessRemoteFunction: No owning connection for actor testTwinstickPawn_C_0. Function serverMove will not be processed.
[2019.04.01-05.31.41:136][278]LogNet: Warning: UIpNetDriver::ProcessRemoteFunction: No owning connection for actor testTwinstickPawn_C_0. Function serverMove will not be processed.
[2019.04.01-05.31.41:222][279]LogNet: Warning: UIpNetDriver::ProcessRemoteFunction: No owning connection for actor testTwinstickPawn_C_0. Function serverMove will not be processed.
[2019.04.01-05.31.41:330][280]LogNet: Warning: UIpNetDriver::ProcessRemoteFunction: No owning connection for actor testTwinstickPawn_C_0. Function serverMove will not be processed.
[2019.04.01-05.31.41:471][281]LogNet: Warning: UIpNetDriver::ProcessRemoteFunction: No owning connection for actor testTwinstickPawn_C_0. Function serverMove will not be processed.
[2019.04.01-05.31.41:617][282]LogNet: Warning: UIpNetDriver::ProcessRemoteFunction: No owning connection for actor testTwinstickPawn_C_0. Function serverMove will not be processed.
[2019.04.01-05.31.41:802][283]LogNet: Warning: UIpNetDriver::ProcessRemoteFunction: No owning connection for actor testTwinstickPawn_C_0. Function serverMove will not be processed.
[2019.04.01-05.31.42:004][284]LogNet: Warning: UIpNetDriver::ProcessRemoteFunction: No owning connection for actor testTwinstickPawn_C_0. Function serverMove will not be processed.
[2019.04.01-05.31.42:272][285]LogNet: Warning: UIpNetDriver::ProcessRemoteFunction: No owning connection for actor testTwinstickPawn_C_0. Function serverMove will not be processed.
[2019.04.01-05.31.42:521][286]LogNet: Warning: UIpNetDriver::ProcessRemoteFunction: No owning connection for actor testTwinstickPawn_C_0. Function serverMove will not be processed.
[2019.04.01-05.31.43:114][287]LogNet: Warning: UIpNetDriver::ProcessRemoteFunction: No owning connection for actor testTwinstickPawn_C_0. Function serverMove will not be processed.
[2019.04.01-05.31.43:443][288]LogNet: Warning: UIpNetDriver::ProcessRemoteFunction: No owning connection for actor testTwinstickPawn_C_0. Function serverMove will not be processed.
[2019.04.01-05.31.43:685][289]LogNet: Warning: UIpNetDriver::ProcessRemoteFunction: No owning connection for actor testTwinstickPawn_C_0. Function serverMove will not be processed.
[2019.04.01-05.31.43:910][290]LogNet: Warning: UIpNetDriver::ProcessRemoteFunction: No owning connection for actor testTwinstickPawn_C_0. Function serverMove will not be processed.
[2019.04.01-05.31.44:162][291]LogNet: Warning: UIpNetDriver::ProcessRemoteFunction: No owning connection for actor testTwinstickPawn_C_0. Function serverMove will not be processed.
[2019.04.01-05.31.44:401][292]LogNet: Warning: UIpNetDriver::ProcessRemoteFunction: No owning connection for actor testTwinstickPawn_C_0. Function serverMove will not be processed.
[2019.04.01-05.31.44:583][293]LogNet: Warning: UIpNetDriver::ProcessRemoteFunction: No owning connection for actor testTwinstickPawn_C_0. Function serverMove will not be processed.
[2019.04.01-05.31.44:775][294]LogNet: Warning: UIpNetDriver::ProcessRemoteFunction: No owning connection for actor testTwinstickPawn_C_0. Function serverMove will not be processed.
[2019.04.01-05.31.44:988][295]LogNet: Warning: UIpNetDriver::ProcessRemoteFunction: No owning connection for actor testTwinstickPawn_C_0. Function serverMove will not be processed.
[2019.04.01-05.31.45:200][296]LogNet: Warning: UIpNetDriver::ProcessRemoteFunction: No owning connection for actor testTwinstickPawn_C_0. Function serverMove will not be processed.
[2019.04.01-05.31.45:366][297]LogNet: Warning: UIpNetDriver::ProcessRemoteFunction: No owning connection for actor testTwinstickPawn_C_0. Function serverMove will not be processed.
[2019.04.01-05.31.45:488][298]LogNet: Warning: UIpNetDriver::ProcessRemoteFunction: No owning connection for actor testTwinstickPawn_C_0. Function serverMove will not be processed.
[2019.04.01-05.31.45:605][299]LogNet: Warning: UIpNetDriver::ProcessRemoteFunction: No owning connection for actor testTwinstickPawn_C_0. Function serverMove will not be processed.
[2019.04.01-05.31.45:704][300]LogNet: Warning: UIpNetDriver::ProcessRemoteFunction: No owning connection for actor testTwinstickPawn_C_0. Function serverMove will not be processed.
[2019.04.01-05.31.45:803][301]LogNet: Warning: UIpNetDriver::ProcessRemoteFunction: No owning connection for actor testTwinstickPawn_C_0. Function serverMove will not be processed.
