Log file open, 04/11/19 21:28:04
LogWindows: Failed to load 'aqProf.dll' (GetLastError=126)
LogWindows: File 'aqProf.dll' does not exist
LogWindows: Failed to load 'VtuneApi.dll' (GetLastError=126)
LogWindows: File 'VtuneApi.dll' does not exist
LogWindows: Failed to load 'VtuneApi32e.dll' (GetLastError=126)
LogWindows: File 'VtuneApi32e.dll' does not exist
LogInit: Display: Running engine for game: Illuminate
LogPlatformFile: Not using cached read wrapper
LogInit: Display: RandInit(-495607880) SRandInit(-495607880).
LogInit: Read version file with build ID '3709383'
LogInit: Overriding engine version to CL 3794801, compatible CL 3709383
LogInit: Registered custom module enumerator with build ID '3709383'
LogTaskGraph: Started task graph with 5 named threads and 14 total threads with 3 sets of task threads.
LogStats: Stats thread started at 0.242487
LogPluginManager: Warning: Plugin 'AdvancedSessions' exists at '../../../../../../Users/lockw/OneDrive/Documents/Unreal Projects/Illuminate/Plugins/AdvancedSessions/AdvancedSessions.uplugin' and '../../../../../../Users/lockw/OneDrive/Documents/Unreal Projects/Illuminate/Plugins/AdvancedSessions.uplugin' - second location will be ignored
LogD3D11RHI: Aftermath initialized
LogModuleManager: Display: Found up-to-date module file ../../../Engine/Plugins/Online/OnlineSubsystemSteam/Binaries/Win64/UE4Editor-OnlineSubsystemSteam.dll (API version 3709383).
LogModuleManager: Display: Found up-to-date module file ../../../Engine/Plugins/Online/OnlineSubsystem/Binaries/Win64/UE4Editor-OnlineSubsystem.dll (API version 3709383).
LogModuleManager: Display: Found up-to-date module file ../../../Engine/Plugins/Online/OnlineSubsystemUtils/Binaries/Win64/UE4Editor-OnlineSubsystemUtils.dll (API version 3709383).
LogModuleManager: Display: Found up-to-date module file ../../../Engine/Plugins/Online/OnlineSubsystemUtils/Binaries/Win64/UE4Editor-OnlineBlueprintSupport.dll (API version 3709383).
LogModuleManager: Display: Found up-to-date module file ../../../Engine/Plugins/Online/OnlineFramework/Binaries/Win64/UE4Editor-Qos.dll (API version 3709383).
LogModuleManager: Display: Found up-to-date module file ../../../Engine/Plugins/Online/OnlineFramework/Binaries/Win64/UE4Editor-Party.dll (API version 3709383).
LogModuleManager: Display: Found up-to-date module file ../../../Engine/Plugins/Online/OnlineFramework/Binaries/Win64/UE4Editor-Lobby.dll (API version 3709383).
LogModuleManager: Display: Found up-to-date module file ../../../Engine/Plugins/Online/OnlineFramework/Binaries/Win64/UE4Editor-Hotfix.dll (API version 3709383).
LogModuleManager: Display: Found up-to-date module file ../../../Engine/Plugins/Online/OnlineFramework/Binaries/Win64/UE4Editor-Rejoin.dll (API version 3709383).
LogModuleManager: Display: Found up-to-date module file ../../../Engine/Plugins/Online/OnlineFramework/Binaries/Win64/UE4Editor-LoginFlow.dll (API version 3709383).
LogModuleManager: Display: Found up-to-date module file ../../../Engine/Plugins/2D/Paper2D/Binaries/Win64/UE4Editor-Paper2D.dll (API version 3709383).
LogModuleManager: Display: Found up-to-date module file ../../../Engine/Plugins/2D/Paper2D/Binaries/Win64/UE4Editor-Paper2DEditor.dll (API version 3709383).
LogModuleManager: Display: Found up-to-date module file ../../../Engine/Plugins/2D/Paper2D/Binaries/Win64/UE4Editor-PaperSpriteSheetImporter.dll (API version 3709383).
LogModuleManager: Display: Found up-to-date module file ../../../Engine/Plugins/2D/Paper2D/Binaries/Win64/UE4Editor-PaperTiledImporter.dll (API version 3709383).
LogModuleManager: Display: Found up-to-date module file ../../../Engine/Plugins/2D/Paper2D/Binaries/Win64/UE4Editor-SmartSnapping.dll (API version 3709383).
LogModuleManager: Display: Found up-to-date module file ../../../Engine/Plugins/Blendables/LightPropagationVolume/Binaries/Win64/UE4Editor-LightPropagationVolumeRuntime.dll (API version 3709383).
LogModuleManager: Display: Found up-to-date module file ../../../Engine/Plugins/Blendables/LightPropagationVolume/Binaries/Win64/UE4Editor-LightPropagationVolumeEditor.dll (API version 3709383).
LogModuleManager: Display: Found up-to-date module file ../../../Engine/Plugins/Developer/GitSourceControl/Binaries/Win64/UE4Editor-GitSourceControl.dll (API version 3709383).
LogModuleManager: Display: Found up-to-date module file ../../../Engine/Plugins/Developer/PerforceSourceControl/Binaries/Win64/UE4Editor-PerforceSourceControl.dll (API version 3709383).
LogModuleManager: Display: Found up-to-date module file ../../../Engine/Plugins/Developer/SubversionSourceControl/Binaries/Win64/UE4Editor-SubversionSourceControl.dll (API version 3709383).
LogModuleManager: Display: Found up-to-date module file ../../../Engine/Plugins/Developer/UObjectPlugin/Binaries/Win64/UE4Editor-UObjectPlugin.dll (API version 3709383).
LogModuleManager: Display: Found up-to-date module file ../../../Engine/Plugins/Developer/VisualStudioCodeSourceCodeAccess/Binaries/Win64/UE4Editor-VisualStudioCodeSourceCodeAccess.dll (API version 3709383).
LogModuleManager: Display: Found up-to-date module file ../../../Engine/Plugins/Developer/VisualStudioSourceCodeAccess/Binaries/Win64/UE4Editor-VisualStudioSourceCodeAccess.dll (API version 3709383).
LogModuleManager: Display: Found up-to-date module file ../../../Engine/Plugins/Editor/AssetManagerEditor/Binaries/Win64/UE4Editor-AssetManagerEditor.dll (API version 3709383).
LogModuleManager: Display: Found up-to-date module file ../../../Engine/Plugins/Editor/AudioCapture/Binaries/Win64/UE4Editor-AudioCapture.dll (API version 3709383).
LogModuleManager: Display: Found up-to-date module file ../../../Engine/Plugins/Editor/FacialAnimation/Binaries/Win64/UE4Editor-FacialAnimation.dll (API version 3709383).
LogModuleManager: Display: Found up-to-date module file ../../../Engine/Plugins/Editor/FacialAnimation/Binaries/Win64/UE4Editor-FacialAnimationEditor.dll (API version 3709383).
LogModuleManager: Display: Found up-to-date module file ../../../Engine/Plugins/Editor/GameplayTagsEditor/Binaries/Win64/UE4Editor-GameplayTagsEditor.dll (API version 3709383).
LogModuleManager: Display: Found up-to-date module file ../../../Engine/Plugins/Editor/MobileLauncherProfileWizard/Binaries/Win64/UE4Editor-MobileLauncherProfileWizard.dll (API version 3709383).
LogModuleManager: Display: Found up-to-date module file ../../../Engine/Plugins/Editor/PluginBrowser/Binaries/Win64/UE4Editor-PluginBrowser.dll (API version 3709383).
LogModuleManager: Display: Found up-to-date module file ../../../Engine/Plugins/Editor/SpeedTreeImporter/Binaries/Win64/UE4Editor-SpeedTreeImporter.dll (API version 3709383).
LogModuleManager: Display: Found up-to-date module file ../../../Engine/Plugins/Experimental/AlembicImporter/Binaries/Win64/UE4Editor-AlembicImporter.dll (API version 3709383).
LogModuleManager: Display: Found up-to-date module file ../../../Engine/Plugins/Experimental/AlembicImporter/Binaries/Win64/UE4Editor-AlembicLibrary.dll (API version 3709383).
LogModuleManager: Display: Found up-to-date module file ../../../Engine/Plugins/Experimental/CharacterAI/Binaries/Win64/UE4Editor-CharacterAI.dll (API version 3709383).
LogModuleManager: Display: Found up-to-date module file ../../../Engine/Plugins/Experimental/HTML5Networking/Binaries/Win64/UE4Editor-HTML5Networking.dll (API version 3709383).
LogModuleManager: Display: Found up-to-date module file ../../../Engine/Plugins/Media/AndroidMedia/Binaries/Win64/UE4Editor-AndroidMediaEditor.dll (API version 3709383).
LogModuleManager: Display: Found up-to-date module file ../../../Engine/Plugins/Media/AndroidMedia/Binaries/Win64/UE4Editor-AndroidMediaFactory.dll (API version 3709383).
LogModuleManager: Display: Found up-to-date module file ../../../Engine/Plugins/Media/AvfMedia/Binaries/Win64/UE4Editor-AvfMediaEditor.dll (API version 3709383).
LogModuleManager: Display: Found up-to-date module file ../../../Engine/Plugins/Media/AvfMedia/Binaries/Win64/UE4Editor-AvfMediaFactory.dll (API version 3709383).
LogModuleManager: Display: Found up-to-date module file ../../../Engine/Plugins/Media/AvfMedia/Binaries/Win64/UE4Editor-AvfMediaFactory.dll (API version 3709383).
LogModuleManager: Display: Found up-to-date module file ../../../Engine/Plugins/Media/ImgMedia/Binaries/Win64/UE4Editor-ImgMedia.dll (API version 3709383).
LogModuleManager: Display: Found up-to-date module file ../../../Engine/Plugins/Media/ImgMedia/Binaries/Win64/UE4Editor-ImgMediaEditor.dll (API version 3709383).
LogModuleManager: Display: Found up-to-date module file ../../../Engine/Plugins/Media/ImgMedia/Binaries/Win64/UE4Editor-ImgMediaFactory.dll (API version 3709383).
LogModuleManager: Display: Found up-to-date module file ../../../Engine/Plugins/Media/ImgMedia/Binaries/Win64/UE4Editor-ImgMediaFactory.dll (API version 3709383).
LogModuleManager: Display: Found up-to-date module file ../../../Engine/Plugins/Media/ImgMedia/Binaries/Win64/UE4Editor-OpenExrWrapper.dll (API version 3709383).
LogModuleManager: Display: Found up-to-date module file ../../../Engine/Plugins/Media/MediaCompositing/Binaries/Win64/UE4Editor-MediaCompositing.dll (API version 3709383).
LogModuleManager: Display: Found up-to-date module file ../../../Engine/Plugins/Media/MediaCompositing/Binaries/Win64/UE4Editor-MediaCompositingEditor.dll (API version 3709383).
LogModuleManager: Display: Found up-to-date module file ../../../Engine/Plugins/Media/MediaPlayerEditor/Binaries/Win64/UE4Editor-MediaPlayerEditor.dll (API version 3709383).
LogModuleManager: Display: Found up-to-date module file ../../../Engine/Plugins/Media/WmfMedia/Binaries/Win64/UE4Editor-WmfMedia.dll (API version 3709383).
LogModuleManager: Display: Found up-to-date module file ../../../Engine/Plugins/Media/WmfMedia/Binaries/Win64/UE4Editor-WmfMediaEditor.dll (API version 3709383).
LogModuleManager: Display: Found up-to-date module file ../../../Engine/Plugins/Media/WmfMedia/Binaries/Win64/UE4Editor-WmfMediaFactory.dll (API version 3709383).
LogModuleManager: Display: Found up-to-date module file ../../../Engine/Plugins/Media/WmfMedia/Binaries/Win64/UE4Editor-WmfMediaFactory.dll (API version 3709383).
LogModuleManager: Display: Found up-to-date module file ../../../Engine/Plugins/Messaging/TcpMessaging/Binaries/Win64/UE4Editor-TcpMessaging.dll (API version 3709383).
LogModuleManager: Display: Found up-to-date module file ../../../Engine/Plugins/Messaging/UdpMessaging/Binaries/Win64/UE4Editor-UdpMessaging.dll (API version 3709383).
LogModuleManager: Display: Found up-to-date module file ../../../Engine/Plugins/MovieScene/ActorSequence/Binaries/Win64/UE4Editor-ActorSequence.dll (API version 3709383).
LogModuleManager: Display: Found up-to-date module file ../../../Engine/Plugins/MovieScene/LevelSequenceEditor/Binaries/Win64/UE4Editor-LevelSequenceEditor.dll (API version 3709383).
LogModuleManager: Display: Found up-to-date module file ../../../Engine/Plugins/MovieScene/MatineeToLevelSequence/Binaries/Win64/UE4Editor-MatineeToLevelSequence.dll (API version 3709383).
LogModuleManager: Display: Found up-to-date module file ../../../Engine/Plugins/Runtime/AndroidPermission/Binaries/Win64/UE4Editor-AndroidPermission.dll (API version 3709383).
LogModuleManager: Display: Found up-to-date module file ../../../Engine/Plugins/Online/OnlineSubsystemNull/Binaries/Win64/UE4Editor-OnlineSubsystemNull.dll (API version 3709383).
LogModuleManager: Display: Found up-to-date module file ../../../Engine/Plugins/Runtime/AndroidDeviceProfileSelector/Binaries/Win64/UE4Editor-AndroidDeviceProfileSelector.dll (API version 3709383).
LogModuleManager: Display: Found up-to-date module file ../../../Engine/Plugins/Runtime/AppleARKit/Binaries/Win64/UE4Editor-AppleARKit.dll (API version 3709383).
LogModuleManager: Display: Found up-to-date module file ../../../Engine/Plugins/Runtime/ArchVisCharacter/Binaries/Win64/UE4Editor-ArchVisCharacter.dll (API version 3709383).
LogModuleManager: Display: Found up-to-date module file ../../../Engine/Plugins/Runtime/CableComponent/Binaries/Win64/UE4Editor-CableComponent.dll (API version 3709383).
LogModuleManager: Display: Found up-to-date module file ../../../Engine/Plugins/Runtime/CustomMeshComponent/Binaries/Win64/UE4Editor-CustomMeshComponent.dll (API version 3709383).
LogModuleManager: Display: Found up-to-date module file ../../../Engine/Plugins/Runtime/ExampleDeviceProfileSelector/Binaries/Win64/UE4Editor-ExampleDeviceProfileSelector.dll (API version 3709383).
LogModuleManager: Display: Found up-to-date module file ../../../Engine/Plugins/Runtime/ImmediatePhysics/Binaries/Win64/UE4Editor-ImmediatePhysics.dll (API version 3709383).
LogModuleManager: Display: Found up-to-date module file ../../../Engine/Plugins/Runtime/ImmediatePhysics/Binaries/Win64/UE4Editor-ImmediatePhysicsEditor.dll (API version 3709383).
LogModuleManager: Display: Found up-to-date module file ../../../Engine/Plugins/Runtime/LocationServicesBPLibrary/Binaries/Win64/UE4Editor-LocationServicesBPLibrary.dll (API version 3709383).
LogModuleManager: Display: Found up-to-date module file ../../../Engine/Plugins/Runtime/MobilePatchingUtils/Binaries/Win64/UE4Editor-MobilePatchingUtils.dll (API version 3709383).
LogModuleManager: Display: Found up-to-date module file ../../../Engine/Plugins/Runtime/Oculus/OculusVR/Binaries/Win64/UE4Editor-OculusHMD.dll (API version 3709383).
LogModuleManager: Display: Found up-to-date module file ../../../Engine/Plugins/Runtime/Oculus/OculusVR/Binaries/Win64/UE4Editor-OculusInput.dll (API version 3709383).
LogModuleManager: Display: Found up-to-date module file ../../../Engine/Plugins/Runtime/Oculus/OculusVR/Binaries/Win64/UE4Editor-OculusEditor.dll (API version 3709383).
LogModuleManager: Display: Found up-to-date module file ../../../Engine/Plugins/Runtime/PhysXVehicles/Binaries/Win64/UE4Editor-PhysXVehicles.dll (API version 3709383).
LogModuleManager: Display: Found up-to-date module file ../../../Engine/Plugins/Runtime/PhysXVehicles/Binaries/Win64/UE4Editor-PhysXVehiclesEditor.dll (API version 3709383).
LogModuleManager: Display: Found up-to-date module file ../../../Engine/Plugins/Runtime/ProceduralMeshComponent/Binaries/Win64/UE4Editor-ProceduralMeshComponent.dll (API version 3709383).
LogModuleManager: Display: Found up-to-date module file ../../../Engine/Plugins/Runtime/ProceduralMeshComponent/Binaries/Win64/UE4Editor-ProceduralMeshComponentEditor.dll (API version 3709383).
LogModuleManager: Display: Found up-to-date module file ../../../Engine/Plugins/Runtime/RuntimePhysXCooking/Binaries/Win64/UE4Editor-RuntimePhysXCooking.dll (API version 3709383).
LogModuleManager: Display: Found up-to-date module file ../../../Engine/Plugins/Runtime/Steam/SteamVR/Binaries/Win64/UE4Editor-SteamVR.dll (API version 3709383).
LogModuleManager: Display: Found up-to-date module file ../../../Engine/Plugins/Runtime/Steam/SteamVR/Binaries/Win64/UE4Editor-SteamVRController.dll (API version 3709383).
LogModuleManager: Display: Found up-to-date module file ../../../Engine/Plugins/Runtime/WindowsMoviePlayer/Binaries/Win64/UE4Editor-WindowsMoviePlayer.dll (API version 3709383).
LogModuleManager: Display: Found up-to-date module file ../../../../../../Users/lockw/OneDrive/Documents/Unreal Projects/Illuminate/Plugins/AdvancedSessions/Binaries/Win64/UE4Editor-AdvancedSessions.dll (API version 3709383).
LogModuleManager: Display: Found up-to-date module file ../../../../../../Users/lockw/OneDrive/Documents/Unreal Projects/Illuminate/Plugins/AdvancedSteamSessions/Binaries/Win64/UE4Editor-AdvancedSteamSessions.dll (API version 3709383).
LogPluginManager: Mounting plugin Paper2D
LogPluginManager: Mounting plugin LightPropagationVolume
LogPluginManager: Mounting plugin CodeLiteSourceCodeAccess
LogPluginManager: Mounting plugin GitSourceControl
LogPluginManager: Mounting plugin KDevelopSourceCodeAccess
LogPluginManager: Mounting plugin NullSourceCodeAccess
LogPluginManager: Mounting plugin PerforceSourceControl
LogPluginManager: Mounting plugin SubversionSourceControl
LogPluginManager: Mounting plugin UObjectPlugin
LogPluginManager: Mounting plugin VisualStudioCodeSourceCodeAccess
LogPluginManager: Mounting plugin VisualStudioSourceCodeAccess
LogPluginManager: Mounting plugin XCodeSourceCodeAccess
LogPluginManager: Mounting plugin AssetManagerEditor
LogPluginManager: Mounting plugin AudioCapture
LogPluginManager: Mounting plugin FacialAnimation
LogPluginManager: Mounting plugin GameplayTagsEditor
LogPluginManager: Mounting plugin MobileLauncherProfileWizard
LogPluginManager: Mounting plugin PluginBrowser
LogPluginManager: Mounting plugin SpeedTreeImporter
LogPluginManager: Mounting plugin AlembicImporter
LogPluginManager: Mounting plugin CharacterAI
LogPluginManager: Mounting plugin HTML5Networking
LogPluginManager: Mounting plugin AndroidMedia
LogPluginManager: Mounting plugin AvfMedia
LogPluginManager: Mounting plugin ImgMedia
LogPluginManager: Mounting plugin MediaCompositing
LogPluginManager: Mounting plugin MediaPlayerEditor
LogPluginManager: Mounting plugin WmfMedia
LogPluginManager: Mounting plugin TcpMessaging
LogPluginManager: Mounting plugin UdpMessaging
LogPluginManager: Mounting plugin ActorSequence
LogPluginManager: Mounting plugin LevelSequenceEditor
LogPluginManager: Mounting plugin MatineeToLevelSequence
LogPluginManager: Mounting plugin OnlineSubsystemGooglePlay
LogPluginManager: Mounting plugin OnlineSubsystemIOS
LogPluginManager: Mounting plugin OnlineFramework
LogPluginManager: Mounting plugin OnlineSubsystem
LogPluginManager: Mounting plugin OnlineSubsystemNull
LogPluginManager: Mounting plugin OnlineSubsystemSteam
LogPluginManager: Mounting plugin OnlineSubsystemUtils
LogPluginManager: Mounting plugin AndroidDeviceProfileSelector
LogPluginManager: Mounting plugin AndroidMoviePlayer
LogPluginManager: Mounting plugin AndroidPermission
LogPluginManager: Mounting plugin AppleARKit
LogPluginManager: Mounting plugin AppleMoviePlayer
LogPluginManager: Mounting plugin ArchVisCharacter
LogPluginManager: Mounting plugin CableComponent
LogPluginManager: Mounting plugin CustomMeshComponent
LogPluginManager: Mounting plugin ExampleDeviceProfileSelector
LogPluginManager: Mounting plugin GoogleCloudMessaging
LogPluginManager: Mounting plugin ImmediatePhysics
LogPluginManager: Mounting plugin IOSDeviceProfileSelector
LogPluginManager: Mounting plugin LinuxDeviceProfileSelector
LogPluginManager: Mounting plugin LocationServicesBPLibrary
LogPluginManager: Mounting plugin MobilePatchingUtils
LogPluginManager: Mounting plugin OculusVR
LogPluginManager: Plugin shader directory ../../../Engine/Plugins/Runtime/Oculus/OculusVR/Shaders found
LogPluginManager: Mapping shader source directory ../../../Engine/Plugins/Runtime/Oculus/OculusVR/Shaders to virtual directory /Plugin/OculusVR
LogPluginManager: Mounting plugin PhysXVehicles
LogPluginManager: Mounting plugin ProceduralMeshComponent
LogPluginManager: Mounting plugin RuntimePhysXCooking
LogPluginManager: Mounting plugin SteamVR
LogPluginManager: Mounting plugin WindowsMoviePlayer
LogPluginManager: Mounting plugin AdvancedSessions
LogPluginManager: Mounting plugin AdvancedSteamSessions
LogInit: Using libcurl 7.47.1
LogInit:  - built for x86_64-pc-win32
LogInit:  - supports SSL with OpenSSL/1.0.2g
LogInit:  - supports HTTP deflate (compression) using libz 1.2.8
LogInit:  - other features:
LogInit:      CURL_VERSION_SSL
LogInit:      CURL_VERSION_LIBZ
LogInit:      CURL_VERSION_IPV6
LogInit:      CURL_VERSION_ASYNCHDNS
LogInit:      CURL_VERSION_LARGEFILE
LogInit:      CURL_VERSION_IDN
LogInit:  CurlRequestOptions (configurable via config and command line):
LogInit:  - bVerifyPeer = false  - Libcurl will NOT verify peer certificate
LogInit:  - bUseHttpProxy = false  - Libcurl will NOT use HTTP proxy
LogInit:  - bDontReuseConnections = false  - Libcurl will reuse connections
LogInit:  - CertBundlePath = nullptr  - Libcurl will use whatever was configured at build time.
LogOnline: Display: STEAM: Loading Steam SDK 1.39
LogOnline: Warning: STEAM: Steam API disabled!
LogOnline: Display: STEAM: OnlineSubsystemSteam::Shutdown()
LogInit: WinSock: version 1.1 (2.2), MaxSocks=32767, MaxUdp=65467
LogInit: Build: ++UE4+Release-4.18-CL-3794801
LogInit: Engine Version: 4.18.2-3794801+++UE4+Release-4.18
LogInit: Compatible Engine Version: 4.18.0-3709383+++UE4+Release-4.18
LogInit: Net CL: 3709383
LogDevObjectVersion: Number of dev versions registered: 16
LogDevObjectVersion:   Dev-Blueprints (B0D832E4-1F89-4F0D-ACCF-7EB736FD4AA2): 10
LogDevObjectVersion:   Dev-Build (E1C64328-A22C-4D53-A36C-8E866417BD8C): 0
LogDevObjectVersion:   Dev-Core (375EC13C-06E4-48FB-B500-84F0262A717E): 2
LogDevObjectVersion:   Dev-Editor (E4B068ED-F494-42E9-A231-DA0B2E46BB41): 20
LogDevObjectVersion:   Dev-Framework (CFFC743F-43B0-4480-9391-14DF171D2073): 30
LogDevObjectVersion:   Dev-Mobile (B02B49B5-BB20-44E9-A304-32B752E40360): 0
LogDevObjectVersion:   Dev-Networking (A4E4105C-59A1-49B5-A7C5-40C4547EDFEE): 0
LogDevObjectVersion:   Dev-Online (39C831C9-5AE6-47DC-9A44-9C173E1C8E7C): 0
LogDevObjectVersion:   Dev-Physics (78F01B33-EBEA-4F98-B9B4-84EACCB95AA2): 0
LogDevObjectVersion:   Dev-Platform (6631380F-2D4D-43E0-8009-CF276956A95A): 0
LogDevObjectVersion:   Dev-Rendering (12F88B9F-8875-4AFC-A67C-D90C383ABD29): 20
LogDevObjectVersion:   Dev-Sequencer (7B5AE74C-D270-4C10-A958-57980B212A5A): 4
LogDevObjectVersion:   Dev-VR (D7296918-1DD6-4BDD-9DE2-64A83CC13884): 0
LogDevObjectVersion:   Dev-LoadTimes (C2A15278-BFE7-4AFE-6C17-90FF531DF755): 1
LogDevObjectVersion:   Private-Geometry (6EACA3D4-40EC-4CC1-B786-8BED09428FC5): 1
LogDevObjectVersion:   Dev-AnimPhys (29E575DD-E0A3-4627-9D10-D276232CDCEA): 12
LogInit: Compiled (64-bit): Dec  8 2017 02:04:53
LogInit: Compiled with Visual C++: 19.00.24215.01
LogInit: Build Configuration: Development
LogInit: Branch Name: ++UE4+Release-4.18
LogInit: Command line:  
LogInit: Base directory: C:/Program Files/Epic Games/UE_4.18/Engine/Binaries/Win64/
LogInit: Installed Engine Build: 1
LogInit: Presizing for max 8388607 objects, including 0 objects not considered by GC, pre-allocating 0 bytes for permanent pool.
LogInit: Object subsystem initialized
[2019.04.12-04.28.11:094][  0]LogInit: Selected Device Profile: [Windows]
[2019.04.12-04.28.11:094][  0]LogInit: Applying CVar settings loaded from the selected device profile: [Windows]
[2019.04.12-04.28.11:154][  0]LogInit: Computer: MSI
[2019.04.12-04.28.11:154][  0]LogInit: User: Alex
[2019.04.12-04.28.11:154][  0]LogInit: CPU Page size=4096, Cores=4
[2019.04.12-04.28.11:154][  0]LogInit: High frequency timer resolution =2.533207 MHz
[2019.04.12-04.28.11:154][  0]LogMemory: Memory total: Physical=15.9GB (16GB approx)
[2019.04.12-04.28.11:154][  0]LogMemory: Platform Memory Stats for Windows
[2019.04.12-04.28.11:154][  0]LogMemory: Process Physical Memory: 275.64 MB used, 275.64 MB peak
[2019.04.12-04.28.11:154][  0]LogMemory: Process Virtual Memory: 274.19 MB used, 274.19 MB peak
[2019.04.12-04.28.11:154][  0]LogMemory: Physical Memory: 9287.97 MB used,  6985.36 MB free, 16273.34 MB total
[2019.04.12-04.28.11:154][  0]LogMemory: Virtual Memory: 4788.92 MB used,  6985.36 MB free, 134217728.00 MB total
[2019.04.12-04.28.12:801][  0]LogInit: Using OS detected language (en-US).
[2019.04.12-04.28.12:801][  0]LogInit: Using OS detected locale (en-US).
[2019.04.12-04.28.12:895][  0]LogTextLocalizationManager: No specific localization for 'en-US' exists, so the 'en' localization will be used.
[2019.04.12-04.28.14:345][  0]LogInit: Setting process to per monitor DPI aware
[2019.04.12-04.28.23:693][  0]LogD3D11RHI: D3D11 adapters:
[2019.04.12-04.28.23:754][  0]LogD3D11RHI:    0. 'NVIDIA GeForce GTX 965M' (Feature Level 11_0)
[2019.04.12-04.28.23:754][  0]LogD3D11RHI:       2010/0/8136 MB DedicatedVideo/DedicatedSystem/SharedSystem, Outputs:1, VendorId:0x10de
[2019.04.12-04.28.23:762][  0]LogD3D11RHI:    1. 'Intel(R) HD Graphics 4600' (Feature Level 11_0)
[2019.04.12-04.28.23:762][  0]LogD3D11RHI:       112/0/2048 MB DedicatedVideo/DedicatedSystem/SharedSystem, Outputs:0, VendorId:0x8086
[2019.04.12-04.28.23:765][  0]LogD3D11RHI:    2. 'Microsoft Basic Render Driver' (Feature Level 11_0)
[2019.04.12-04.28.23:765][  0]LogD3D11RHI:       0/0/8136 MB DedicatedVideo/DedicatedSystem/SharedSystem, Outputs:0, VendorId:0x1414
[2019.04.12-04.28.23:765][  0]LogD3D11RHI: Chosen D3D11 Adapter: 0
[2019.04.12-04.28.23:797][  0]LogD3D11RHI: Creating new Direct3DDevice
[2019.04.12-04.28.23:798][  0]LogD3D11RHI:     GPU DeviceId: 0x13d9 (for the marketing name, search the web for "GPU Device Id")
[2019.04.12-04.28.23:798][  0]LogWindows: EnumDisplayDevices:
[2019.04.12-04.28.23:798][  0]LogWindows:    0. 'Intel(R) HD Graphics 4600' (P:1 D:1)
[2019.04.12-04.28.23:798][  0]LogWindows:    1. 'Intel(R) HD Graphics 4600' (P:0 D:0)
[2019.04.12-04.28.23:798][  0]LogWindows:    2. 'Intel(R) HD Graphics 4600' (P:0 D:0)
[2019.04.12-04.28.23:798][  0]LogWindows: DebugString: GetVideoDriverDetailsInvalid PrimaryIsNotTheChoosenAdapter GetVideoDriverDetailsInvalid PrimaryIsNotTheChoosenAdapter GetVideoDriverDetailsInvalid PrimaryIsNotTheChoosenAdapter FoundDriverCount:0 
[2019.04.12-04.28.23:798][  0]LogD3D11RHI:     Adapter Name: NVIDIA GeForce GTX 965M
[2019.04.12-04.28.23:798][  0]LogD3D11RHI:   Driver Version: Unknown (internal:Unknown, unified:Unknown)
[2019.04.12-04.28.23:798][  0]LogD3D11RHI:      Driver Date: Unknown
[2019.04.12-04.28.23:799][  0]LogRHI: Texture pool is 1407 MB (70% of 2010 MB)
[2019.04.12-04.28.23:844][  0]LogD3D11RHI: Async texture creation enabled
[2019.04.12-04.28.23:862][  0]LogD3D11RHI: GPU Timing Frequency: 1000.000000 (Debug: 2 2)
[2019.04.12-04.28.23:863][  0]LogShaderCompilers: Guid format shader working directory is -30 characters bigger than the processId version (../../../../../../Users/lockw/OneDrive/Documents/Unreal Projects/Illuminate/Intermediate/Shaders/WorkingDirectory/16024/).
[2019.04.12-04.28.23:863][  0]LogShaderCompilers: Cleaned the shader compiler working directory 'C:/Users/lockw/AppData/Local/Temp/UnrealShaderWorkingDir/D0A81E064B3698B67802C0B7CE3E9A84/'.
[2019.04.12-04.28.23:863][  0]LogShaderCompilers: Display: Using Local Shader Compiler.
[2019.04.12-04.28.32:843][  0]LogTemp: Display: Loaded TP AllDesktopTargetPlatform
[2019.04.12-04.28.33:073][  0]LogTemp: Display: Loaded TP MacClientTargetPlatform
[2019.04.12-04.28.33:287][  0]LogTemp: Display: Loaded TP MacNoEditorTargetPlatform
[2019.04.12-04.28.33:428][  0]LogTemp: Display: Loaded TP MacServerTargetPlatform
[2019.04.12-04.28.33:580][  0]LogTemp: Display: Loaded TP MacTargetPlatform
[2019.04.12-04.28.33:731][  0]LogTemp: Display: Loaded TP WindowsClientTargetPlatform
[2019.04.12-04.28.33:872][  0]LogTemp: Display: Loaded TP WindowsNoEditorTargetPlatform
[2019.04.12-04.28.34:030][  0]LogTemp: Display: Loaded TP WindowsServerTargetPlatform
[2019.04.12-04.28.34:168][  0]LogTemp: Display: Loaded TP WindowsTargetPlatform
[2019.04.12-04.28.34:323][  0]LogTemp: Display: Loaded TP Android_ASTCTargetPlatform
[2019.04.12-04.28.34:458][  0]LogTemp: Display: Loaded TP Android_ATCTargetPlatform
[2019.04.12-04.28.34:586][  0]LogTemp: Display: Loaded TP Android_DXTTargetPlatform
[2019.04.12-04.28.34:736][  0]LogTemp: Display: Loaded TP Android_ETC1TargetPlatform
[2019.04.12-04.28.34:874][  0]LogTemp: Display: Loaded TP Android_ETC2TargetPlatform
[2019.04.12-04.28.35:135][  0]LogTemp: Display: Loaded TP Android_MultiTargetPlatform
[2019.04.12-04.28.35:135][  0]LogTemp: Display: Loaded TP Android_PVRTCTargetPlatform
[2019.04.12-04.28.35:298][  0]LogTemp: Display: Loaded TP AndroidTargetPlatform
[2019.04.12-04.28.35:436][  0]LogTemp: Display: Loaded TP HTML5TargetPlatform
[2019.04.12-04.28.35:742][  0]LogTemp: Display: Loaded TP IOSTargetPlatform
[2019.04.12-04.28.35:812][  0]LogTemp: Display: Loaded TP TVOSTargetPlatform
[2019.04.12-04.28.35:960][  0]LogTemp: Display: Loaded TP LinuxClientTargetPlatform
[2019.04.12-04.28.36:095][  0]LogTemp: Display: Loaded TP LinuxNoEditorTargetPlatform
[2019.04.12-04.28.36:237][  0]LogTemp: Display: Loaded TP LinuxServerTargetPlatform
[2019.04.12-04.28.36:426][  0]LogTemp: Display: Loaded TP LinuxTargetPlatform
[2019.04.12-04.28.36:426][  0]LogTargetPlatformManager: Display: Building Assets For Windows
[2019.04.12-04.28.38:556][  0]LogDerivedDataCache: Display: Max Cache Size: 512 MB
[2019.04.12-04.28.42:395][  0]LogDerivedDataCache: Loaded boot cache 3.83s 78MB C:/Users/lockw/AppData/Local/UnrealEngine/4.18/DerivedDataCache/Boot.ddc.
[2019.04.12-04.28.42:395][  0]LogDerivedDataCache: Display: Loaded Boot cache: C:/Users/lockw/AppData/Local/UnrealEngine/4.18/DerivedDataCache/Boot.ddc
[2019.04.12-04.28.42:395][  0]LogDerivedDataCache: FDerivedDataBackendGraph:  Pak pak cache file ../../../../../../Users/lockw/OneDrive/Documents/Unreal Projects/Illuminate/DerivedDataCache/DDC.ddp not found, will not use a pak cache.
[2019.04.12-04.28.42:395][  0]LogDerivedDataCache: Unable to find inner node Pak for hierarchical cache Hierarchy.
[2019.04.12-04.28.42:395][  0]LogDerivedDataCache: FDerivedDataBackendGraph:  CompressedPak pak cache file ../../../../../../Users/lockw/OneDrive/Documents/Unreal Projects/Illuminate/DerivedDataCache/Compressed.ddp not found, will not use a pak cache.
[2019.04.12-04.28.42:395][  0]LogDerivedDataCache: Unable to find inner node CompressedPak for hierarchical cache Hierarchy.
[2019.04.12-04.28.42:413][  0]LogDerivedDataCache: Display: Pak cache opened for reading ../../../Engine/DerivedDataCache/Compressed.ddp.
[2019.04.12-04.28.42:425][  0]LogDerivedDataCache: Using Local data cache path C:/Users/lockw/AppData/Local/UnrealEngine/Common/DerivedDataCache: Writable
[2019.04.12-04.28.42:437][  0]LogMaterial: Verifying Global Shaders for PCD3D_SM5
[2019.04.12-04.28.42:437][  0]LogSlate: Using Freetype 2.6.0
[2019.04.12-04.28.42:438][  0]LogSlate: SlateFontCache - WITH_FREETYPE: 1, WITH_HARFBUZZ: 1
[2019.04.12-04.28.42:438][  0]LogSlate: SlateFontCache - WITH_FREETYPE: 1, WITH_HARFBUZZ: 1
[2019.04.12-04.28.48:605][  0]LogInit: Selected Device Profile: [Windows]
[2019.04.12-04.28.50:081][  0]LogSimplygon: Simplygon DLL not present - disabling.
[2019.04.12-04.28.50:245][  0]LogMeshReduction: Using SimplygonSwarm for distributed automatic mesh merging
[2019.04.12-04.28.50:245][  0]LogMeshReduction: Using QuadricMeshReduction for automatic static mesh reduction
[2019.04.12-04.28.50:245][  0]LogMeshReduction: No automatic skeletal mesh reduction module available
[2019.04.12-04.28.50:245][  0]LogMeshReduction: No automatic mesh merging module available
[2019.04.12-04.28.50:245][  0]LogMeshMerging: No automatic mesh merging module available
[2019.04.12-04.28.50:503][  0]LogNetVersion: Illuminate , NetCL: 3709383, EngineNetVer: 2, GameNetVer: 0 (Checksum: 1556659199)
[2019.04.12-04.28.52:137][  0]LogAssetRegistry: FAssetRegistry took 0.0271 seconds to start up
[2019.04.12-04.28.58:447][  0]LogPackageLocalizationCache: Processed 7 localized package path(s) for 2 prioritized culture(s) in 0.088418 seconds
[2019.04.12-04.28.58:453][  0]LogUObjectArray: 35907 objects as part of root set at end of initial load.
[2019.04.12-04.28.58:453][  0]LogUObjectAllocator: 7585960 out of 0 bytes used by permanent object pool.
[2019.04.12-04.28.58:453][  0]LogUObjectArray: CloseDisregardForGC: 0/0 objects in disregard for GC pool
[2019.04.12-04.29.45:894][  0]LogTcpMessaging: Initializing TcpMessaging bridge
[2019.04.12-04.29.46:049][  0]LogUdpMessaging: Initializing bridge on interface 0.0.0.0:0 to multicast group 230.0.0.1:6666.
[2019.04.12-04.29.51:198][  0]LogMaterial: Uniform references updated for custom material expression Custom.
[2019.04.12-04.29.53:374][  0]SourceControl: Source control is disabled
[2019.04.12-04.30.03:763][  0]LogAndroidPermission: UAndroidPermissionCallbackProxy::GetInstance
[2019.04.12-04.30.05:249][  0]LogOcInput: OculusInput pre-init called
[2019.04.12-04.30.06:616][  0]LogEngine: Initializing Engine...
[2019.04.12-04.30.06:619][  0]LogHMD: Failed to initialize OpenVR with code 110
[2019.04.12-04.30.08:385][  0]LogStats: UGameplayTagsManager::ConstructGameplayTagTree: Construct from data asset -  0.000 s
[2019.04.12-04.30.08:385][  0]LogStats: UGameplayTagsManager::ConstructGameplayTagTree: GameplayTagTreeChangedEvent.Broadcast -  0.000 s
[2019.04.12-04.30.09:460][  0]LogAIModule: Creating AISystem for world Untitled
[2019.04.12-04.30.09:540][  0]LogInit: XAudio2 using 'Speakers (Realtek High Definition Audio)' : 6 channels at 48 kHz using 32 bits per sample (channel mask 0x3f)
[2019.04.12-04.30.09:654][  0]LogInit: FAudioDevice initialized.
[2019.04.12-04.30.10:246][  0]LogDerivedDataCache: Saved boot cache 0.59s 78MB C:/Users/lockw/AppData/Local/UnrealEngine/4.18/DerivedDataCache/Boot.ddc.
[2019.04.12-04.30.10:262][  0]LogInit: Texture streaming: Enabled
[2019.04.12-04.30.10:843][  0]LogEngineSessionManager: EngineSessionManager initialized
[2019.04.12-04.30.10:889][  0]LogEngineSessionManager: EngineSessionManager sent abnormal shutdown report. Type=Crashed, SessionId={F5B0D8F0-4DC6-93D4-3B3D-24BD03CC52F1}
[2019.04.12-04.30.11:406][  0]LogInit: Transaction tracking system initialized
[2019.04.12-04.30.12:955][  0]BlueprintLog: New page: Editor Load
[2019.04.12-04.30.17:239][  0]LocalizationService: Localization service is disabled
[2019.04.12-04.30.20:938][  0]LogConsoleResponse: Display: 
[2019.04.12-04.30.25:045][  0]LogCook: Display: Max memory allowance for cook 16384mb min free memory 0mb
[2019.04.12-04.30.25:045][  0]LogCook: Display: Mobile HDR setting 1
[2019.04.12-04.30.25:045][  0]LogGameplayTags: Display: UGameplayTagsManager::DoneAddingNativeTags. DelegateIsBound: 0
[2019.04.12-04.30.25:779][  0]LogFileCache: Scanning file cache for directory 'C:/Users/lockw/OneDrive/Documents/Unreal Projects/Illuminate/Content/' took 0.22s
[2019.04.12-04.30.31:823][  0]Cmd: MAP LOAD FILE="../../../../../../Users/lockw/OneDrive/Documents/Unreal Projects/Illuminate/Content/Creations/Maps/MainMenu.umap" TEMPLATE=0 SHOWPROGRESS=1 FEATURELEVEL=3
[2019.04.12-04.30.31:869][  0]LightingResults: New page: Lighting Build
[2019.04.12-04.30.32:016][  0]MapCheck: New page: Map Check
[2019.04.12-04.30.32:016][  0]LightingResults: New page: Lighting Build
[2019.04.12-04.30.44:556][  0]LogAIModule: Creating AISystem for world MainMenu
[2019.04.12-04.30.44:557][  0]LogEditorServer: Finished looking for orphan Actors (0.000 secs)
[2019.04.12-04.30.44:601][  0]Cmd: MAP CHECKDEP NOCLEARLOG
[2019.04.12-04.30.44:838][  0]MapCheck: Map check complete: 0 Error(s), 0 Warning(s), took 236.413ms to complete.
[2019.04.12-04.30.44:838][  0]LogFileHelpers: Loading map 'MainMenu' took 13.015
[2019.04.12-04.30.45:735][  0]LogCollectionManager: Loaded 0 collections in 0.009020 seconds
[2019.04.12-04.30.45:956][  0]LogFileCache: Scanning file cache for directory 'C:/Users/lockw/OneDrive/Documents/Unreal Projects/Illuminate/Saved/Collections/' took 0.01s
[2019.04.12-04.30.45:956][  0]LogFileCache: Scanning file cache for directory 'C:/Users/lockw/OneDrive/Documents/Unreal Projects/Illuminate/Content/Developers/Alex/Collections/' took 0.01s
[2019.04.12-04.30.45:956][  0]LogFileCache: Scanning file cache for directory 'C:/Users/lockw/OneDrive/Documents/Unreal Projects/Illuminate/Content/Collections/' took 0.01s
[2019.04.12-04.30.45:956][  0]LogCollectionManager: Rebuilt the GUID cache for 0 collections in 0.000000 seconds
[2019.04.12-04.30.45:976][  0]LogContentBrowser: Native class hierarchy populated in 0.0201 seconds. Added 2403 classes and 540 folders.
[2019.04.12-04.30.46:433][  0]LogContentBrowser: Native class hierarchy updated for 'WidgetCarousel' in 0.0005 seconds. Added 0 classes and 0 folders.
[2019.04.12-04.30.52:716][  0]LogContentBrowser: Native class hierarchy updated for 'AddContentDialog' in 0.0003 seconds. Added 0 classes and 0 folders.
[2019.04.12-04.30.52:738][  0]LogSlate: Took 0.000401 seconds to synchronously load lazily loaded font '../../../Engine/Content/Slate/Fonts/Roboto-Regular.ttf' (155K)
[2019.04.12-04.30.52:741][  0]LogSlate: Took 0.000294 seconds to synchronously load lazily loaded font '../../../Engine/Content/Slate/Fonts/Roboto-Bold.ttf' (160K)
[2019.04.12-04.30.52:837][  0]LogSlate: Took 0.085341 seconds to synchronously load lazily loaded font '../../../Engine/Content/Editor/Slate/Fonts/FontAwesome.ttf' (139K)
[2019.04.12-04.30.53:848][  0]LogRenderer: Reallocating scene render targets to support 1180x592 Format 10 NumSamples 1 (Frame:1).
[2019.04.12-04.30.54:666][  0]LogContentBrowser: Native class hierarchy updated for 'HierarchicalLODOutliner' in 0.0004 seconds. Added 1 classes and 2 folders.
[2019.04.12-04.30.54:666][  0]LogLoad: (Engine Initialization) Total time: 238.30 seconds
[2019.04.12-04.30.54:666][  0]LogLoad: (Engine Initialization) Total Blueprint compile time: 0.00 seconds
[2019.04.12-04.30.54:666][  0]LogExternalProfiler: Found external profiler: VSPerf
[2019.04.12-04.30.54:666][  0]LogExternalProfiler: Using external profiler: VSPerf
[2019.04.12-04.30.55:031][  0]SourceControl: On branch master
[2019.04.12-04.30.55:031][  0]SourceControl: Changes to be committed:
[2019.04.12-04.30.55:031][  0]SourceControl:   (use "git reset HEAD <file>..." to unstage)
[2019.04.12-04.30.55:031][  0]SourceControl: 	new file:   Illuminate/Content/Creations/Other/playerProfile.uasset
[2019.04.12-04.30.55:031][  0]SourceControl: 	new file:   Illuminate/Content/Creations/Skills/BigAxes.uasset
[2019.04.12-04.30.55:031][  0]SourceControl: 	deleted:    Illuminate/Content/Creations/Skills/Swipe.uasset
[2019.04.12-04.30.55:031][  0]SourceControl: 	deleted:    Illuminate/Content/Creations/Skills/SwordComponent.uasset
[2019.04.12-04.30.55:031][  0]SourceControl: 	deleted:    Illuminate/Content/Creations/shots/Quadruple.uasset
[2019.04.12-04.30.55:031][  0]SourceControl: Changes not staged for commit:
[2019.04.12-04.30.55:031][  0]SourceControl:   (use "git add/rm <file>..." to update what will be committed)
[2019.04.12-04.30.55:031][  0]SourceControl:   (use "git checkout -- <file>..." to discard changes in working directory)
[2019.04.12-04.30.55:031][  0]SourceControl: 	modified:   Illuminate/Content/Creations/Ability.uasset
[2019.04.12-04.30.55:031][  0]SourceControl: 	modified:   Illuminate/Content/Creations/GInstances/mainPC.uasset
[2019.04.12-04.30.55:031][  0]SourceControl: 	modified:   Illuminate/Content/Creations/Maps/MainMenu.umap
[2019.04.12-04.30.55:031][  0]SourceControl: 	modified:   Illuminate/Content/Creations/Maps/MainMenu_BuiltData.uasset
[2019.04.12-04.30.55:031][  0]SourceControl: 	modified:   Illuminate/Content/Creations/Other/playerProfile.uasset
[2019.04.12-04.30.55:031][  0]SourceControl: 	modified:   Illuminate/Content/Creations/Other/testTwinstickPawn.uasset
[2019.04.12-04.30.55:031][  0]SourceControl: 	modified:   Illuminate/Content/Creations/Skills/Axes.uasset
[2019.04.12-04.30.55:031][  0]SourceControl: 	modified:   Illuminate/Content/Creations/Skills/BigAxes.uasset
[2019.04.12-04.30.55:031][  0]SourceControl: 	modified:   Illuminate/Content/Creations/Skills/Dash.uasset
[2019.04.12-04.30.55:031][  0]SourceControl: 	modified:   Illuminate/Content/Creations/Skills/Detonate.uasset
[2019.04.12-04.30.55:031][  0]SourceControl: 	modified:   Illuminate/Content/Creations/Walls/Wall.uasset
[2019.04.12-04.30.55:031][  0]SourceControl: 	modified:   Illuminate/Content/Creations/Widgets/WeaponSelect.uasset
[2019.04.12-04.30.55:031][  0]SourceControl: 	modified:   Illuminate/Content/Creations/shots/CHICKEN.uasset
[2019.04.12-04.30.55:031][  0]SourceControl: 	modified:   Illuminate/Content/Creations/shots/Comet.uasset
[2019.04.12-04.30.55:031][  0]SourceControl: 	modified:   Illuminate/Content/Creations/shots/Ensnare.uasset
[2019.04.12-04.30.55:031][  0]SourceControl: 	modified:   Illuminate/Content/Creations/shots/FireBall.uasset
[2019.04.12-04.30.55:031][  0]SourceControl: 	modified:   Illuminate/Content/Creations/shots/Homer.uasset
[2019.04.12-04.30.55:031][  0]SourceControl: 	modified:   Illuminate/Content/Creations/shots/IceStorm.uasset
[2019.04.12-04.30.55:031][  0]SourceControl: 	modified:   Illuminate/Content/Creations/shots/Meteor.uasset
[2019.04.12-04.30.55:031][  0]SourceControl: 	modified:   Illuminate/Content/Creations/shots/Shockwave.uasset
[2019.04.12-04.30.55:031][  0]SourceControl: 	modified:   Illuminate/Content/Creations/shots/Swap.uasset
[2019.04.12-04.30.55:031][  0]SourceControl: 	modified:   Illuminate/Content/Creations/shots/Tornado.uasset
[2019.04.12-04.30.55:031][  0]SourceControl: 	modified:   Illuminate/Content/Creations/shots/secondaries/ChickenCoopSecondary.uasset
[2019.04.12-04.30.55:031][  0]SourceControl: 	modified:   Illuminate/Content/Creations/shots/secondaries/Meteor_secondary.uasset
[2019.04.12-04.30.55:031][  0]SourceControl: 	modified:   Illuminate/Intermediate/AssetRegistryCache/c90e3f55.bin
[2019.04.12-04.30.55:031][  0]SourceControl: 	modified:   Illuminate/Intermediate/CachedAssetRegistry.bin
[2019.04.12-04.30.55:031][  0]SourceControl: 	modified:   Illuminate/Saved/Autosaves/Game/Creations/GInstances/mainPC_Auto2.uasset
[2019.04.12-04.30.55:031][  0]SourceControl: 	modified:   Illuminate/Saved/Autosaves/Game/Creations/GInstances/mainPC_Auto3.uasset
[2019.04.12-04.30.55:031][  0]SourceControl: 	modified:   Illuminate/Saved/Autosaves/Game/Creations/GInstances/mainPC_Auto4.uasset
[2019.04.12-04.30.55:032][  0]SourceControl: 	modified:   Illuminate/Saved/Autosaves/Game/Creations/Other/testTwinstickPawn_Auto6.uasset
[2019.04.12-04.30.55:032][  0]SourceControl: 	modified:   Illuminate/Saved/Autosaves/Game/Creations/Skills/Detonate_Auto1.uasset
[2019.04.12-04.30.55:032][  0]SourceControl: 	modified:   Illuminate/Saved/Autosaves/Game/Creations/shots/Homer_Auto4.uasset
[2019.04.12-04.30.55:032][  0]SourceControl: 	modified:   Illuminate/Saved/Autosaves/PackageRestoreData.json
[2019.04.12-04.30.55:032][  0]SourceControl: 	deleted:    Illuminate/Saved/Backup/Ability_2019-02-20-21-51-22.uasset
[2019.04.12-04.30.55:032][  0]SourceControl: 	deleted:    Illuminate/Saved/Backup/Shot_2019-02-20-21-51-22.uasset
[2019.04.12-04.30.55:032][  0]SourceControl: 	deleted:    Illuminate/Saved/Backup/Shot_2019-02-21-16-58-30.uasset
[2019.04.12-04.30.55:032][  0]SourceControl: 	deleted:    Illuminate/Saved/Backup/Shot_2019-02-21-17-09-55.uasset
[2019.04.12-04.30.55:032][  0]SourceControl: 	deleted:    Illuminate/Saved/Backup/TestMap_2019-02-20-21-51-20.umap
[2019.04.12-04.30.55:032][  0]SourceControl: 	deleted:    Illuminate/Saved/Backup/TestMap_2019-02-21-16-58-28.umap
[2019.04.12-04.30.55:032][  0]SourceControl: 	deleted:    Illuminate/Saved/Backup/TestMap_2019-02-21-17-09-54.umap
[2019.04.12-04.30.55:032][  0]SourceControl: 	deleted:    Illuminate/Saved/Backup/TestMap_2019-02-21-17-25-33.umap
[2019.04.12-04.30.55:032][  0]SourceControl: 	deleted:    Illuminate/Saved/Backup/WeaponsandHP_2019-02-20-21-51-22.uasset
[2019.04.12-04.30.55:032][  0]SourceControl: 	deleted:    Illuminate/Saved/Backup/mainPC_2019-02-20-21-51-09.uasset
[2019.04.12-04.30.55:032][  0]SourceControl: 	deleted:    Illuminate/Saved/Backup/mainPC_2019-02-21-16-29-27.uasset
[2019.04.12-04.30.55:032][  0]SourceControl: 	deleted:    Illuminate/Saved/Backup/mainPC_2019-02-21-16-51-46.uasset
[2019.04.12-04.30.55:032][  0]SourceControl: 	deleted:    Illuminate/Saved/Backup/mainPC_2019-02-21-16-58-29.uasset
[2019.04.12-04.30.55:032][  0]SourceControl: 	deleted:    Illuminate/Saved/Backup/mainPC_2019-02-21-17-08-51.uasset
[2019.04.12-04.30.55:032][  0]SourceControl: 	deleted:    Illuminate/Saved/Backup/testTwinstickPawn_2019-02-21-16-29-28.uasset
[2019.04.12-04.30.55:032][  0]SourceControl: 	deleted:    Illuminate/Saved/Backup/testTwinstickPawn_2019-02-21-16-58-29.uasset
[2019.04.12-04.30.55:032][  0]SourceControl: 	deleted:    Illuminate/Saved/Backup/testTwinstickPawn_2019-02-21-17-09-55.uasset
[2019.04.12-04.30.55:032][  0]SourceControl: 	deleted:    Illuminate/Saved/Config/CrashReportClient/UE4CC-Windows-09679F9045451ABABFCD76AE2F4B2112/CrashReportClient.ini
[2019.04.12-04.30.55:032][  0]SourceControl: 	deleted:    Illuminate/Saved/Config/CrashReportClient/UE4CC-Windows-2C4D619B402F8D648894688AF28F686A/CrashReportClient.ini
[2019.04.12-04.30.55:032][  0]SourceControl: 	deleted:    Illuminate/Saved/Config/CrashReportClient/UE4CC-Windows-38B8083A43A58151B417CE97D101274A/CrashReportClient.ini
[2019.04.12-04.30.55:032][  0]SourceControl: 	deleted:    Illuminate/Saved/Config/CrashReportClient/UE4CC-Windows-4D9C9AB649F25EBA739B25AC48E17E6C/CrashReportClient.ini
[2019.04.12-04.30.55:032][  0]SourceControl: 	deleted:    Illuminate/Saved/Config/CrashReportClient/UE4CC-Windows-640FF1E149020D98093CEF85ADB07569/CrashReportClient.ini
[2019.04.12-04.30.55:032][  0]SourceControl: 	deleted:    Illuminate/Saved/Config/CrashReportClient/UE4CC-Windows-7413DBED4266153D23331E83A10B559F/CrashReportClient.ini
[2019.04.12-04.30.55:032][  0]SourceControl: 	deleted:    Illuminate/Saved/Config/CrashReportClient/UE4CC-Windows-91E29A814142B2FD07A2AFA3C398D362/CrashReportClient.ini
[2019.04.12-04.30.55:032][  0]SourceControl: 	deleted:    Illuminate/Saved/Config/CrashReportClient/UE4CC-Windows-9629D0254483D6D61A4180B34AF0BF05/CrashReportClient.ini
[2019.04.12-04.30.55:032][  0]SourceControl: 	deleted:    Illuminate/Saved/Config/CrashReportClient/UE4CC-Windows-A0D43D9B487687A56A86B9BE0E5CC922/CrashReportClient.ini
[2019.04.12-04.30.55:032][  0]SourceControl: 	deleted:    Illuminate/Saved/Config/CrashReportClient/UE4CC-Windows-A4A6B8A840FA6C2CB8403ABC97B2357C/CrashReportClient.ini
[2019.04.12-04.30.55:032][  0]SourceControl: 	deleted:    Illuminate/Saved/Config/CrashReportClient/UE4CC-Windows-C3AB400041903B4F99EDB59C82B48ED9/CrashReportClient.ini
[2019.04.12-04.30.55:032][  0]SourceControl: 	deleted:    Illuminate/Saved/Config/CrashReportClient/UE4CC-Windows-D18314BA4360620488231CBC504E693B/CrashReportClient.ini
[2019.04.12-04.30.55:032][  0]SourceControl: 	deleted:    Illuminate/Saved/Config/CrashReportClient/UE4CC-Windows-DB079A0E423B5836921CEEB812997568/CrashReportClient.ini
[2019.04.12-04.30.55:032][  0]SourceControl: 	deleted:    Illuminate/Saved/Config/CrashReportClient/UE4CC-Windows-EDA4C9DF4832D29DE70EE1A0603F2241/CrashReportClient.ini
[2019.04.12-04.30.55:032][  0]SourceControl: 	deleted:    Illuminate/Saved/Config/CrashReportClient/UE4CC-Windows-F04D42C648B9488CDB5A9394A3640B12/CrashReportClient.ini
[2019.04.12-04.30.55:032][  0]SourceControl: 	deleted:    Illuminate/Saved/Config/CrashReportClient/UE4CC-Windows-FB7A0C7D432570BA1B291D8C6CBDAD33/CrashReportClient.ini
[2019.04.12-04.30.55:032][  0]SourceControl: 	modified:   Illuminate/Saved/Config/Windows/EditorPerProjectUserSettings.ini
[2019.04.12-04.30.55:032][  0]SourceControl: 	modified:   Illuminate/Saved/Config/Windows/Engine.ini
[2019.04.12-04.30.55:032][  0]SourceControl: 	deleted:    Illuminate/Saved/Logs/Illuminate-backup-2019.04.05-20.33.18.log
[2019.04.12-04.30.55:032][  0]SourceControl: 	deleted:    Illuminate/Saved/Logs/Illuminate-backup-2019.04.06-11.30.41.log
[2019.04.12-04.30.55:032][  0]SourceControl: 	deleted:    Illuminate/Saved/Logs/Illuminate-backup-2019.04.06-12.42.31.log
[2019.04.12-04.30.55:032][  0]SourceControl: 	deleted:    Illuminate/Saved/Logs/Illuminate-backup-2019.04.06-19.48.22.log
[2019.04.12-04.30.55:032][  0]SourceControl: 	deleted:    Illuminate/Saved/Logs/Illuminate-backup-2019.04.06-20.05.56.log
[2019.04.12-04.30.55:032][  0]SourceControl: 	modified:   Illuminate/Saved/Logs/Illuminate.log
[2019.04.12-04.30.55:032][  0]SourceControl: 	deleted:    Illuminate/Saved/Logs/Illuminate_2-backup-2019.04.06-13.44.07.log
[2019.04.12-04.30.55:032][  0]SourceControl: 	deleted:    Illuminate/Saved/Logs/Illuminate_2-backup-2019.04.06-13.47.06.log
[2019.04.12-04.30.55:032][  0]SourceControl: 	deleted:    Illuminate/Saved/Logs/Illuminate_2-backup-2019.04.06-13.47.12.log
[2019.04.12-04.30.55:033][  0]SourceControl: 	deleted:    Illuminate/Saved/Logs/Illuminate_2-backup-2019.04.06-13.54.03.log
[2019.04.12-04.30.55:033][  0]SourceControl: 	deleted:    Illuminate/Saved/Logs/Illuminate_2-backup-2019.04.06-13.55.55.log
[2019.04.12-04.30.55:033][  0]SourceControl: 	deleted:    Illuminate/Saved/Logs/Illuminate_2-backup-2019.04.06-13.59.52.log
[2019.04.12-04.30.55:033][  0]SourceControl: 	deleted:    Illuminate/Saved/Logs/Illuminate_2-backup-2019.04.06-14.05.07.log
[2019.04.12-04.30.55:033][  0]SourceControl: 	deleted:    Illuminate/Saved/Logs/Illuminate_2-backup-2019.04.06-19.52.18.log
[2019.04.12-04.30.55:033][  0]SourceControl: 	deleted:    Illuminate/Saved/Logs/Illuminate_2-backup-2019.04.06-19.54.58.log
[2019.04.12-04.30.55:033][  0]SourceControl: 	modified:   Illuminate/Saved/Logs/Illuminate_2.log
[2019.04.12-04.30.55:033][  0]SourceControl: 	deleted:    Illuminate/Saved/Logs/Illuminate_3-backup-2019.04.06-13.40.35.log
[2019.04.12-04.30.55:033][  0]SourceControl: 	deleted:    Illuminate/Saved/Logs/Illuminate_3-backup-2019.04.06-13.44.07.log
[2019.04.12-04.30.55:033][  0]SourceControl: 	deleted:    Illuminate/Saved/Logs/Illuminate_3-backup-2019.04.06-13.47.06.log
[2019.04.12-04.30.55:033][  0]SourceControl: 	deleted:    Illuminate/Saved/Logs/Illuminate_3-backup-2019.04.06-13.47.12.log
[2019.04.12-04.30.55:033][  0]SourceControl: 	deleted:    Illuminate/Saved/Logs/Illuminate_3-backup-2019.04.06-13.54.03.log
[2019.04.12-04.30.55:033][  0]SourceControl: 	deleted:    Illuminate/Saved/Logs/Illuminate_3-backup-2019.04.06-13.55.55.log
[2019.04.12-04.30.55:033][  0]SourceControl: 	deleted:    Illuminate/Saved/Logs/Illuminate_3-backup-2019.04.06-13.59.52.log
[2019.04.12-04.30.55:033][  0]SourceControl: 	deleted:    Illuminate/Saved/Logs/Illuminate_3-backup-2019.04.06-14.05.08.log
[2019.04.12-04.30.55:033][  0]SourceControl: 	deleted:    Illuminate/Saved/Logs/Illuminate_3-backup-2019.04.06-19.52.18.log
[2019.04.12-04.30.55:033][  0]SourceControl: 	modified:   Illuminate/Saved/Logs/Illuminate_3.log
[2019.04.12-04.30.55:033][  0]SourceControl: 	deleted:    Illuminate/Saved/Logs/Illuminate_4-backup-2019.04.06-13.40.10.log
[2019.04.12-04.30.55:033][  0]SourceControl: 	deleted:    Illuminate/Saved/Logs/Illuminate_4-backup-2019.04.06-13.40.35.log
[2019.04.12-04.30.55:033][  0]SourceControl: 	deleted:    Illuminate/Saved/Logs/Illuminate_4-backup-2019.04.06-13.44.07.log
[2019.04.12-04.30.55:033][  0]SourceControl: 	deleted:    Illuminate/Saved/Logs/Illuminate_4-backup-2019.04.06-13.47.06.log
[2019.04.12-04.30.55:033][  0]SourceControl: 	deleted:    Illuminate/Saved/Logs/Illuminate_4-backup-2019.04.06-13.47.12.log
[2019.04.12-04.30.55:033][  0]SourceControl: 	deleted:    Illuminate/Saved/Logs/Illuminate_4-backup-2019.04.06-13.54.03.log
[2019.04.12-04.30.55:033][  0]SourceControl: 	deleted:    Illuminate/Saved/Logs/Illuminate_4-backup-2019.04.06-13.55.55.log
[2019.04.12-04.30.55:033][  0]SourceControl: 	deleted:    Illuminate/Saved/Logs/Illuminate_4-backup-2019.04.06-13.59.52.log
[2019.04.12-04.30.55:033][  0]SourceControl: 	deleted:    Illuminate/Saved/Logs/Illuminate_4-backup-2019.04.06-14.05.08.log
[2019.04.12-04.30.55:033][  0]SourceControl: 	deleted:    Illuminate/Saved/Logs/Illuminate_4-backup-2019.04.06-19.52.18.log
[2019.04.12-04.30.55:033][  0]SourceControl: 	modified:   README.md
[2019.04.12-04.30.55:033][  0]SourceControl: Untracked files:
[2019.04.12-04.30.55:033][  0]SourceControl:   (use "git add <file>..." to include in what will be committed)
[2019.04.12-04.30.55:033][  0]SourceControl: 	Illuminate/Content/MenuBuilderCarousel/
[2019.04.12-04.30.55:033][  0]SourceControl: 	Illuminate/Saved/Autosaves/Game/Creations/Other/playerProfile_Auto9.uasset
[2019.04.12-04.30.55:033][  0]SourceControl: 	Illuminate/Saved/Autosaves/Game/Creations/Skills/BigAxes_Auto7.uasset
[2019.04.12-04.30.55:033][  0]SourceControl: 	Illuminate/Saved/Autosaves/Game/Creations/Skills/BigAxes_Auto8.uasset
[2019.04.12-04.30.55:033][  0]SourceControl: 	Illuminate/Saved/Autosaves/Game/Creations/shots/Shockwave_Auto5.uasset
[2019.04.12-04.30.55:033][  0]SourceControl: 	Illuminate/Saved/Autosaves/Game/Creations/shots/Swap_Auto4.uasset
[2019.04.12-04.30.55:033][  0]SourceControl: 	Illuminate/Saved/Autosaves/Game/Creations/shots/Swap_Auto6.uasset
[2019.04.12-04.30.55:033][  0]SourceControl: 	Illuminate/Saved/Autosaves/Game/MenuBuilderCarousel/
[2019.04.12-04.30.55:033][  0]SourceControl: 	Illuminate/Saved/Backup/Ability_2019-04-10-19-19-57.uasset
[2019.04.12-04.30.55:033][  0]SourceControl: 	Illuminate/Saved/Backup/Axes_2019-04-10-18-35-02.uasset
[2019.04.12-04.30.55:033][  0]SourceControl: 	Illuminate/Saved/Backup/Axes_2019-04-10-19-19-59.uasset
[2019.04.12-04.30.55:033][  0]SourceControl: 	Illuminate/Saved/Backup/BigAxes_2019-04-10-18-29-39.uasset
[2019.04.12-04.30.55:033][  0]SourceControl: 	Illuminate/Saved/Backup/BigAxes_2019-04-10-18-35-02.uasset
[2019.04.12-04.30.55:033][  0]SourceControl: 	Illuminate/Saved/Backup/BigAxes_2019-04-10-18-41-34.uasset
[2019.04.12-04.30.55:033][  0]SourceControl: 	Illuminate/Saved/Backup/BigAxes_2019-04-10-19-01-44.uasset
[2019.04.12-04.30.55:033][  0]SourceControl: 	Illuminate/Saved/Backup/CHICKEN_2019-04-10-19-19-57.uasset
[2019.04.12-04.30.55:033][  0]SourceControl: 	Illuminate/Saved/Backup/ChickenCoopSecondary_2019-04-10-17-47-15.uasset
[2019.04.12-04.30.55:033][  0]SourceControl: 	Illuminate/Saved/Backup/Comet_2019-04-10-19-19-57.uasset
[2019.04.12-04.30.55:033][  0]SourceControl: 	Illuminate/Saved/Backup/Dash_2019-04-10-19-19-59.uasset
[2019.04.12-04.30.55:033][  0]SourceControl: 	Illuminate/Saved/Backup/Detonate_2019-04-10-16-18-11.uasset
[2019.04.12-04.30.55:034][  0]SourceControl: 	Illuminate/Saved/Backup/Detonate_2019-04-10-16-30-20.uasset
[2019.04.12-04.30.55:034][  0]SourceControl: 	Illuminate/Saved/Backup/Detonate_2019-04-10-19-20-00.uasset
[2019.04.12-04.30.55:034][  0]SourceControl: 	Illuminate/Saved/Backup/Ensnare_2019-04-10-17-50-14.uasset
[2019.04.12-04.30.55:034][  0]SourceControl: 	Illuminate/Saved/Backup/Ensnare_2019-04-10-17-56-08.uasset
[2019.04.12-04.30.55:034][  0]SourceControl: 	Illuminate/Saved/Backup/FireBall_2019-04-10-19-19-58.uasset
[2019.04.12-04.30.55:034][  0]SourceControl: 	Illuminate/Saved/Backup/Homer_2019-04-10-17-03-06.uasset
[2019.04.12-04.30.55:034][  0]SourceControl: 	Illuminate/Saved/Backup/Homer_2019-04-10-17-27-25.uasset
[2019.04.12-04.30.55:034][  0]SourceControl: 	Illuminate/Saved/Backup/IceStorm_2019-04-10-19-19-58.uasset
[2019.04.12-04.30.55:034][  0]SourceControl: 	Illuminate/Saved/Backup/MainMenu_2019-04-10-16-52-20.umap
[2019.04.12-04.30.55:034][  0]SourceControl: 	Illuminate/Saved/Backup/MainMenu_BuiltData_2019-04-10-16-52-20.uasset
[2019.04.12-04.30.55:034][  0]SourceControl: 	Illuminate/Saved/Backup/Meteor_2019-04-10-19-19-58.uasset
[2019.04.12-04.30.55:034][  0]SourceControl: 	Illuminate/Saved/Backup/Meteor_secondary_2019-04-10-19-19-58.uasset
[2019.04.12-04.30.55:034][  0]SourceControl: 	Illuminate/Saved/Backup/PC_Menu_2019-04-11-20-45-29.uasset
[2019.04.12-04.30.55:034][  0]SourceControl: 	Illuminate/Saved/Backup/PC_Menu_2019-04-11-21-01-13.uasset
[2019.04.12-04.30.55:034][  0]SourceControl: 	Illuminate/Saved/Backup/Shockwave_2019-04-10-17-13-06.uasset
[2019.04.12-04.30.55:034][  0]SourceControl: 	Illuminate/Saved/Backup/Shockwave_2019-04-10-17-27-25.uasset
[2019.04.12-04.30.55:034][  0]SourceControl: 	Illuminate/Saved/Backup/Swap_2019-04-10-17-03-06.uasset
[2019.04.12-04.30.55:034][  0]SourceControl: 	Illuminate/Saved/Backup/Swap_2019-04-10-17-27-26.uasset
[2019.04.12-04.30.55:034][  0]SourceControl: 	Illuminate/Saved/Backup/Swap_2019-04-10-17-38-03.uasset
[2019.04.12-04.30.55:034][  0]SourceControl: 	Illuminate/Saved/Backup/Swap_2019-04-10-17-47-16.uasset
[2019.04.12-04.30.55:034][  0]SourceControl: 	Illuminate/Saved/Backup/Swap_2019-04-10-17-56-08.uasset
[2019.04.12-04.30.55:034][  0]SourceControl: 	Illuminate/Saved/Backup/Tornado_2019-04-10-19-19-59.uasset
[2019.04.12-04.30.55:034][  0]SourceControl: 	Illuminate/Saved/Backup/Wall_2019-04-10-19-20-00.uasset
[2019.04.12-04.30.55:034][  0]SourceControl: 	Illuminate/Saved/Backup/WeaponSelect_2019-04-10-17-27-26.uasset
[2019.04.12-04.30.55:034][  0]SourceControl: 	Illuminate/Saved/Backup/WeaponSelect_2019-04-10-17-47-16.uasset
[2019.04.12-04.30.55:034][  0]SourceControl: 	Illuminate/Saved/Backup/WeaponSelect_2019-04-10-18-29-39.uasset
[2019.04.12-04.30.55:034][  0]SourceControl: 	Illuminate/Saved/Backup/WeaponSelect_2019-04-10-19-00-21.uasset
[2019.04.12-04.30.55:034][  0]SourceControl: 	Illuminate/Saved/Backup/mainPC_2019-04-10-16-30-12.uasset
[2019.04.12-04.30.55:034][  0]SourceControl: 	Illuminate/Saved/Backup/mainPC_2019-04-10-16-42-47.uasset
[2019.04.12-04.30.55:034][  0]SourceControl: 	Illuminate/Saved/Backup/mainPC_2019-04-10-16-48-10.uasset
[2019.04.12-04.30.55:034][  0]SourceControl: 	Illuminate/Saved/Backup/mainPC_2019-04-10-17-03-05.uasset
[2019.04.12-04.30.55:034][  0]SourceControl: 	Illuminate/Saved/Backup/mainPC_2019-04-10-17-27-24.uasset
[2019.04.12-04.30.55:034][  0]SourceControl: 	Illuminate/Saved/Backup/mainPC_2019-04-10-18-12-04.uasset
[2019.04.12-04.30.55:034][  0]SourceControl: 	Illuminate/Saved/Backup/mainPC_2019-04-11-20-58-30.uasset
[2019.04.12-04.30.55:034][  0]SourceControl: 	Illuminate/Saved/Backup/playerProfile_2019-04-10-18-55-17.uasset
[2019.04.12-04.30.55:034][  0]SourceControl: 	Illuminate/Saved/Backup/playerProfile_2019-04-10-19-01-44.uasset
[2019.04.12-04.30.55:034][  0]SourceControl: 	Illuminate/Saved/Backup/testTwinstickPawn_2019-04-10-17-38-02.uasset
[2019.04.12-04.30.55:034][  0]SourceControl: 	Illuminate/Saved/Backup/testTwinstickPawn_2019-04-10-17-47-14.uasset
[2019.04.12-04.30.55:034][  0]SourceControl: 	Illuminate/Saved/Backup/testTwinstickPawn_2019-04-10-17-56-07.uasset
[2019.04.12-04.30.55:034][  0]SourceControl: 	Illuminate/Saved/Backup/testTwinstickPawn_2019-04-10-18-12-05.uasset
[2019.04.12-04.30.55:034][  0]SourceControl: 	Illuminate/Saved/Config/CrashReportClient/UE4CC-Windows-04400C9243FBEC0D000C0DAC301B9C01/
[2019.04.12-04.30.55:034][  0]SourceControl: 	Illuminate/Saved/Config/CrashReportClient/UE4CC-Windows-1AAA755A4D5D676E09B7F09C8BB8D918/
[2019.04.12-04.30.55:034][  0]SourceControl: 	Illuminate/Saved/Config/CrashReportClient/UE4CC-Windows-1F51494C43A58F8BE5DE7FBB99D67F49/
[2019.04.12-04.30.55:034][  0]SourceControl: 	Illuminate/Saved/Config/CrashReportClient/UE4CC-Windows-2C49C1CA4C36CDD0D7207A8298E22D91/
[2019.04.12-04.30.55:034][  0]SourceControl: 	Illuminate/Saved/Config/CrashReportClient/UE4CC-Windows-4060B53C45B8E439A6157C8D29F81908/
[2019.04.12-04.30.55:034][  0]SourceControl: 	Illuminate/Saved/Config/CrashReportClient/UE4CC-Windows-4521518A410ADBF5A3705C8A3E6FAE0E/
[2019.04.12-04.30.55:034][  0]SourceControl: 	Illuminate/Saved/Config/CrashReportClient/UE4CC-Windows-66FE4DA9450D97910CDFDBAC0B65BBDC/
[2019.04.12-04.30.55:034][  0]SourceControl: 	Illuminate/Saved/Config/CrashReportClient/UE4CC-Windows-7C3C0137455991CCF75BBB9242526A12/
[2019.04.12-04.30.55:035][  0]SourceControl: 	Illuminate/Saved/Config/CrashReportClient/UE4CC-Windows-7F83C5E24993332906D01B95B5C13971/
[2019.04.12-04.30.55:035][  0]SourceControl: 	Illuminate/Saved/Config/CrashReportClient/UE4CC-Windows-840643E74BE4A531DC8D25ADD6C6A9CA/
[2019.04.12-04.30.55:035][  0]SourceControl: 	Illuminate/Saved/Config/CrashReportClient/UE4CC-Windows-910E19294422D17BCD0995AA1B2060C4/
[2019.04.12-04.30.55:035][  0]SourceControl: 	Illuminate/Saved/Config/CrashReportClient/UE4CC-Windows-B10B04AE4301343605EBE3B37A274AF8/
[2019.04.12-04.30.55:035][  0]SourceControl: 	Illuminate/Saved/Config/CrashReportClient/UE4CC-Windows-C0E3D04B4AD292EBF8086887E214916A/
[2019.04.12-04.30.55:035][  0]SourceControl: 	Illuminate/Saved/Config/CrashReportClient/UE4CC-Windows-C27765744A9DADDD152C968D3B8C379B/
[2019.04.12-04.30.55:035][  0]SourceControl: 	Illuminate/Saved/Config/CrashReportClient/UE4CC-Windows-C735E7144ABEE32E1AA13D92A3D1CDD8/
[2019.04.12-04.30.55:035][  0]SourceControl: 	Illuminate/Saved/Config/CrashReportClient/UE4CC-Windows-CC8ECB224544D28452D90FAD57C10C1D/
[2019.04.12-04.30.55:035][  0]SourceControl: 	Illuminate/Saved/Config/CrashReportClient/UE4CC-Windows-D4E6E49B4A4A4B1CC5353BBDAC352ECE/
[2019.04.12-04.30.55:035][  0]SourceControl: 	Illuminate/Saved/Config/CrashReportClient/UE4CC-Windows-E28A152543ADDED33B64E8B3D64A002F/
[2019.04.12-04.30.55:035][  0]SourceControl: 	Illuminate/Saved/Crashes/UE4CC-Windows-66FE4DA9450D97910CDFDBAC0B65BBDC_0000/
[2019.04.12-04.30.55:035][  0]SourceControl: 	Illuminate/Saved/Logs/Illuminate-backup-2019.04.10-15.47.45.log
[2019.04.12-04.30.55:035][  0]SourceControl: 	Illuminate/Saved/Logs/Illuminate-backup-2019.04.10-19.09.28.log
[2019.04.12-04.30.55:035][  0]SourceControl: 	Illuminate/Saved/Logs/Illuminate-backup-2019.04.11-14.30.34.log
[2019.04.12-04.30.55:035][  0]SourceControl: 	Illuminate/Saved/Logs/Illuminate-backup-2019.04.11-20.30.38.log
[2019.04.12-04.30.55:035][  0]SourceControl: 	Illuminate/Saved/Logs/Illuminate-backup-2019.04.11-21.28.03.log
[2019.04.12-04.30.55:035][  0]SourceControl: 	Illuminate/Saved/Logs/Illuminate_2-backup-2019.04.10-17.27.33.log
[2019.04.12-04.30.55:035][  0]SourceControl: 	Illuminate/Saved/Logs/Illuminate_2-backup-2019.04.10-17.47.21.log
[2019.04.12-04.30.55:035][  0]SourceControl: 	Illuminate/Saved/Logs/Illuminate_2-backup-2019.04.10-17.50.22.log
[2019.04.12-04.30.55:035][  0]SourceControl: 	Illuminate/Saved/Logs/Illuminate_2-backup-2019.04.10-17.56.14.log
[2019.04.12-04.30.55:035][  0]SourceControl: 	Illuminate/Saved/Logs/Illuminate_2-backup-2019.04.10-18.28.15.log
[2019.04.12-04.30.55:035][  0]SourceControl: 	Illuminate/Saved/Logs/Illuminate_2-backup-2019.04.10-18.29.47.log
[2019.04.12-04.30.55:035][  0]SourceControl: 	Illuminate/Saved/Logs/Illuminate_2-backup-2019.04.11-21.03.20.log
[2019.04.12-04.30.55:035][  0]SourceControl: 	Illuminate/Saved/Logs/Illuminate_2-backup-2019.04.11-21.04.29.log
[2019.04.12-04.30.55:035][  0]SourceControl: 	Illuminate/Saved/Logs/Illuminate_3-backup-2019.04.10-17.27.33.log
[2019.04.12-04.30.55:035][  0]SourceControl: 	Illuminate/Saved/Logs/Illuminate_3-backup-2019.04.10-17.47.21.log
[2019.04.12-04.30.55:035][  0]SourceControl: 	Illuminate/Saved/Logs/Illuminate_3-backup-2019.04.10-17.50.22.log
[2019.04.12-04.30.55:035][  0]SourceControl: 	Illuminate/Saved/Logs/Illuminate_3-backup-2019.04.10-17.56.14.log
[2019.04.12-04.30.55:035][  0]SourceControl: 	Illuminate/Saved/Logs/Illuminate_3-backup-2019.04.10-18.28.15.log
[2019.04.12-04.30.55:035][  0]LogContentStreaming: Texture pool size now 1000 MB
[2019.04.12-04.30.55:475][  0]LogSlate: Took 0.154811 seconds to synchronously load lazily loaded font '../../../Engine/Content/Slate/Fonts/Roboto-Light.ttf' (159K)
[2019.04.12-04.30.56:172][  3]LogAssetRegistry: Asset discovery search completed in 124.0580 seconds
[2019.04.12-04.30.56:180][  3]LogCollectionManager: Rebuilt the object cache for 0 collections in 0.000000 seconds (found 0 objects)
[2019.04.12-04.30.56:180][  3]LogCollectionManager: Fixed up redirectors for 0 collections in 0.000095 seconds (updated 0 objects)
[2019.04.12-04.30.56:208][  3]LogSlate: Took 0.000384 seconds to synchronously load lazily loaded font '../../../Engine/Content/Slate/Fonts/Roboto-Light.ttf' (159K)
[2019.04.12-04.33.58:010][641]LogSlate: Took 0.000275 seconds to synchronously load lazily loaded font '../../../Engine/Content/Slate/Fonts/Roboto-Light.ttf' (159K)
[2019.04.12-04.33.58:731][641]LogSlate: Took 0.000270 seconds to synchronously load lazily loaded font '../../../Engine/Content/Slate/Fonts/Roboto-Regular.ttf' (155K)
[2019.04.12-04.33.58:843][641]LogClass: Warning: Enum '/Game/AdvancedMagicFX13/DemoRoomData/Blueprints/BP_DemoDisplay_Enum.BP_DemoDisplay_Enum' was upgraded to use FText to store its display name data. Please re-save this asset to avoid issues with localization and determinstic cooking.
[2019.04.12-04.33.59:020][641]LogContentBrowser: Native class hierarchy updated for 'BlueprintGraph' in 0.0013 seconds. Added 116 classes and 0 folders.
[2019.04.12-04.34.01:066][641]LogScript: Warning: Accessed None trying to read property CallFunc_K2_GetPawn_ReturnValue8
	mainPC_C /Engine/Transient.World_1:PersistentLevel.mainPC_C_0
	Function /Game/Creations/GInstances/mainPC.mainPC_C:ExecuteUbergraph_mainPC:1F5B
[2019.04.12-04.34.01:171][641]LogSlate: Took 0.101499 seconds to synchronously load lazily loaded font '../../../Engine/Content/Editor/Slate/Fonts/Roboto-BoldCondensed.ttf' (158K)
[2019.04.12-04.34.02:016][642]LogScript: Warning: Accessed None trying to read property CallFunc_K2_GetPawn_ReturnValue8
	mainPC_C /Engine/Transient.World_1:PersistentLevel.mainPC_C_0
	Function /Game/Creations/GInstances/mainPC.mainPC_C:ExecuteUbergraph_mainPC:1F5B
[2019.04.12-04.34.02:048][642]LogSlate: Took 0.016879 seconds to synchronously load lazily loaded font '../../../Engine/Content/Editor/Slate/Fonts/Roboto-Italic.ttf' (157K)
[2019.04.12-04.34.02:080][643]LogScript: Warning: Accessed None trying to read property CallFunc_K2_GetPawn_ReturnValue8
	mainPC_C /Engine/Transient.World_1:PersistentLevel.mainPC_C_0
	Function /Game/Creations/GInstances/mainPC.mainPC_C:ExecuteUbergraph_mainPC:1F5B
[2019.04.12-04.34.02:097][644]LogScript: Warning: Accessed None trying to read property CallFunc_K2_GetPawn_ReturnValue8
	mainPC_C /Engine/Transient.World_1:PersistentLevel.mainPC_C_0
	Function /Game/Creations/GInstances/mainPC.mainPC_C:ExecuteUbergraph_mainPC:1F5B
[2019.04.12-04.34.02:113][645]LogScript: Warning: Accessed None trying to read property CallFunc_K2_GetPawn_ReturnValue8
	mainPC_C /Engine/Transient.World_1:PersistentLevel.mainPC_C_0
	Function /Game/Creations/GInstances/mainPC.mainPC_C:ExecuteUbergraph_mainPC:1F5B
[2019.04.12-04.34.02:130][646]LogScript: Warning: Accessed None trying to read property CallFunc_K2_GetPawn_ReturnValue8
	mainPC_C /Engine/Transient.World_1:PersistentLevel.mainPC_C_0
	Function /Game/Creations/GInstances/mainPC.mainPC_C:ExecuteUbergraph_mainPC:1F5B
[2019.04.12-04.34.02:147][647]LogScript: Warning: Accessed None trying to read property CallFunc_K2_GetPawn_ReturnValue8
	mainPC_C /Engine/Transient.World_1:PersistentLevel.mainPC_C_0
	Function /Game/Creations/GInstances/mainPC.mainPC_C:ExecuteUbergraph_mainPC:1F5B
[2019.04.12-04.34.02:164][648]LogScript: Warning: Accessed None trying to read property CallFunc_K2_GetPawn_ReturnValue8
	mainPC_C /Engine/Transient.World_1:PersistentLevel.mainPC_C_0
	Function /Game/Creations/GInstances/mainPC.mainPC_C:ExecuteUbergraph_mainPC:1F5B
[2019.04.12-04.34.02:181][649]LogScript: Warning: Accessed None trying to read property CallFunc_K2_GetPawn_ReturnValue8
	mainPC_C /Engine/Transient.World_1:PersistentLevel.mainPC_C_0
	Function /Game/Creations/GInstances/mainPC.mainPC_C:ExecuteUbergraph_mainPC:1F5B
[2019.04.12-04.34.02:197][650]LogScript: Warning: Accessed None trying to read property CallFunc_K2_GetPawn_ReturnValue8
	mainPC_C /Engine/Transient.World_1:PersistentLevel.mainPC_C_0
	Function /Game/Creations/GInstances/mainPC.mainPC_C:ExecuteUbergraph_mainPC:1F5B
[2019.04.12-04.34.02:214][651]LogScript: Warning: Accessed None trying to read property CallFunc_K2_GetPawn_ReturnValue8
	mainPC_C /Engine/Transient.World_1:PersistentLevel.mainPC_C_0
	Function /Game/Creations/GInstances/mainPC.mainPC_C:ExecuteUbergraph_mainPC:1F5B
[2019.04.12-04.34.02:231][652]LogScript: Warning: Accessed None trying to read property CallFunc_K2_GetPawn_ReturnValue8
	mainPC_C /Engine/Transient.World_1:PersistentLevel.mainPC_C_0
	Function /Game/Creations/GInstances/mainPC.mainPC_C:ExecuteUbergraph_mainPC:1F5B
[2019.04.12-04.34.02:247][653]LogScript: Warning: Accessed None trying to read property CallFunc_K2_GetPawn_ReturnValue8
	mainPC_C /Engine/Transient.World_1:PersistentLevel.mainPC_C_0
	Function /Game/Creations/GInstances/mainPC.mainPC_C:ExecuteUbergraph_mainPC:1F5B
[2019.04.12-04.34.02:264][654]LogScript: Warning: Accessed None trying to read property CallFunc_K2_GetPawn_ReturnValue8
	mainPC_C /Engine/Transient.World_1:PersistentLevel.mainPC_C_0
	Function /Game/Creations/GInstances/mainPC.mainPC_C:ExecuteUbergraph_mainPC:1F5B
[2019.04.12-04.34.02:281][655]LogScript: Warning: Accessed None trying to read property CallFunc_K2_GetPawn_ReturnValue8
	mainPC_C /Engine/Transient.World_1:PersistentLevel.mainPC_C_0
	Function /Game/Creations/GInstances/mainPC.mainPC_C:ExecuteUbergraph_mainPC:1F5B
[2019.04.12-04.34.02:297][656]LogScript: Warning: Accessed None trying to read property CallFunc_K2_GetPawn_ReturnValue8
	mainPC_C /Engine/Transient.World_1:PersistentLevel.mainPC_C_0
	Function /Game/Creations/GInstances/mainPC.mainPC_C:ExecuteUbergraph_mainPC:1F5B
[2019.04.12-04.34.02:314][657]LogScript: Warning: Accessed None trying to read property CallFunc_K2_GetPawn_ReturnValue8
	mainPC_C /Engine/Transient.World_1:PersistentLevel.mainPC_C_0
	Function /Game/Creations/GInstances/mainPC.mainPC_C:ExecuteUbergraph_mainPC:1F5B
[2019.04.12-04.35.43:257][395]LogSlate: Took 0.000531 seconds to synchronously load lazily loaded font '../../../Engine/Content/Editor/Slate/Fonts/Roboto-BoldCondensedItalic.ttf' (160K)
[2019.04.12-04.35.47:698][585]BlueprintLog: New page: Compile mainPC
[2019.04.12-04.40.55:255][461]LogFileHelpers: Editor autosave (incl. sublevels) for '/Game/Creations/Maps/MainMenu' took 0.025
[2019.04.12-04.40.55:259][461]OBJ SavePackage: Generating thumbnails for [0] asset(s) in package [/Game/Creations/GInstances/mainPC] ([1] browsable assets)...
[2019.04.12-04.40.55:259][461]OBJ SavePackage: Finished generating thumbnails for package [/Game/Creations/GInstances/mainPC]
[2019.04.12-04.40.55:795][461]LogSavePackage: Save=400.75ms
[2019.04.12-04.40.55:795][461]LogSavePackage: Moving '../../../../../../Users/lockw/OneDrive/Documents/Unreal Projects/Illuminate/Saved/mainPC_Auto1A8FFBE7E4C97394BEA035C91EF1878F6.tmp' to '../../../../../../Users/lockw/OneDrive/Documents/Unreal Projects/Illuminate/Saved/Autosaves/Game/Creations/GInstances/mainPC_Auto1.uasset'
[2019.04.12-04.40.55:798][461]LogSavePackage: Display: Finished SavePackage ../../../../../../Users/lockw/OneDrive/Documents/Unreal Projects/Illuminate/Saved/Autosaves/Game/Creations/GInstances/mainPC_Auto1.uasset
[2019.04.12-04.40.55:798][461]LogFileHelpers: Auto-saving content packages took 0.542
[2019.04.12-04.44.18:508][708]LogWindows: Error: === Critical error: ===
[2019.04.12-04.44.18:508][708]LogWindows: Error: 
[2019.04.12-04.44.18:508][708]LogWindows: Error: Fatal error!
[2019.04.12-04.44.18:508][708]LogWindows: Error: 
[2019.04.12-04.44.18:508][708]LogWindows: Error: Unhandled Exception: EXCEPTION_ACCESS_VIOLATION reading address 0xffffffff
[2019.04.12-04.44.18:508][708]LogWindows: Error: 
[2019.04.12-04.44.18:508][708]LogWindows: Error: [Callstack] 0x00000000C88D18A3 NahimicMSIOSD.dll!UnknownFunction []
[2019.04.12-04.44.18:508][708]LogWindows: Error: [Callstack] 0x00000000C88D1092 NahimicMSIOSD.dll!UnknownFunction []
[2019.04.12-04.44.18:508][708]LogWindows: Error: [Callstack] 0x00000000D6E8E038 UE4Editor-ApplicationCore.dll!UnknownFunction []
[2019.04.12-04.44.18:508][708]LogWindows: Error: [Callstack] 0x00000000743759D5 UE4Editor-GraphEditor.dll!UnknownFunction []
[2019.04.12-04.44.18:508][708]LogWindows: Error: [Callstack] 0x0000000074379EA6 UE4Editor-GraphEditor.dll!UnknownFunction []
[2019.04.12-04.44.18:508][708]LogWindows: Error: [Callstack] 0x0000000074300489 UE4Editor-GraphEditor.dll!UnknownFunction []
[2019.04.12-04.44.18:508][708]LogWindows: Error: [Callstack] 0x0000000074322DB3 UE4Editor-GraphEditor.dll!UnknownFunction []
[2019.04.12-04.44.18:508][708]LogWindows: Error: [Callstack] 0x0000000086E917A4 UE4Editor-Slate.dll!UnknownFunction []
[2019.04.12-04.44.18:508][708]LogWindows: Error: [Callstack] 0x0000000086E7BA28 UE4Editor-Slate.dll!UnknownFunction []
[2019.04.12-04.44.18:508][708]LogWindows: Error: [Callstack] 0x0000000086E6D6B7 UE4Editor-Slate.dll!UnknownFunction []
[2019.04.12-04.44.18:508][708]LogWindows: Error: [Callstack] 0x00000000D6E9E39E UE4Editor-ApplicationCore.dll!UnknownFunction []
[2019.04.12-04.44.18:508][708]LogWindows: Error: [Callstack] 0x00000000D6E91A48 UE4Editor-ApplicationCore.dll!UnknownFunction []
[2019.04.12-04.44.18:508][708]LogWindows: Error: [Callstack] 0x00000000D6EA03EC UE4Editor-ApplicationCore.dll!UnknownFunction []
[2019.04.12-04.44.18:508][708]LogWindows: Error: [Callstack] 0x00000000D6E8D5A9 UE4Editor-ApplicationCore.dll!UnknownFunction []
[2019.04.12-04.44.18:508][708]LogWindows: Error: [Callstack] 0x00000000EE786D41 USER32.dll!UnknownFunction []
[2019.04.12-04.44.18:508][708]LogWindows: Error: [Callstack] 0x00000000EE786713 USER32.dll!UnknownFunction []
[2019.04.12-04.44.18:508][708]LogWindows: Error: [Callstack] 0x00000000D6EA1516 UE4Editor-ApplicationCore.dll!UnknownFunction []
[2019.04.12-04.44.18:508][708]LogWindows: Error: [Callstack] 0x00000000DE2A50C8 UE4Editor.exe!UnknownFunction []
[2019.04.12-04.44.18:508][708]LogWindows: Error: [Callstack] 0x00000000DE2B5430 UE4Editor.exe!UnknownFunction []
[2019.04.12-04.44.18:508][708]LogWindows: Error: [Callstack] 0x00000000DE2B54AA UE4Editor.exe!UnknownFunction []
[2019.04.12-04.44.18:508][708]LogWindows: Error: [Callstack] 0x00000000DE2C2379 UE4Editor.exe!UnknownFunction []
[2019.04.12-04.44.18:508][708]LogWindows: Error: [Callstack] 0x00000000DE2C3D57 UE4Editor.exe!UnknownFunction []
[2019.04.12-04.44.18:508][708]LogWindows: Error: [Callstack] 0x00000000EFB74034 KERNEL32.DLL!UnknownFunction []
[2019.04.12-04.44.18:509][708]LogWindows: Error: [Callstack] 0x00000000EFEB3691 ntdll.dll!UnknownFunction []
[2019.04.12-04.44.18:509][708]LogWindows: Error: [Callstack] 0x00000000EFEB3691 ntdll.dll!UnknownFunction []
[2019.04.12-04.44.18:509][708]LogWindows: Error: 
[2019.04.12-04.44.18:533][708]LogExit: Executing StaticShutdownAfterError
[2019.04.12-04.44.18:542][708]LogWindows: FPlatformMisc::RequestExit(1)
[2019.04.12-04.44.18:542][708]Log file closed, 04/11/19 21:44:18
