Log file open, 04/11/19 14:30:36
LogWindows: Failed to load 'aqProf.dll' (GetLastError=126)
LogWindows: File 'aqProf.dll' does not exist
LogWindows: Failed to load 'VtuneApi.dll' (GetLastError=126)
LogWindows: File 'VtuneApi.dll' does not exist
LogWindows: Failed to load 'VtuneApi32e.dll' (GetLastError=126)
LogWindows: File 'VtuneApi32e.dll' does not exist
LogInit: Display: Running engine for game: Illuminate
LogPlatformFile: Not using cached read wrapper
LogInit: Display: RandInit(531721920) SRandInit(531721920).
LogInit: Read version file with build ID '3709383'
LogInit: Overriding engine version to CL 3794801, compatible CL 3709383
LogInit: Registered custom module enumerator with build ID '3709383'
LogTaskGraph: Started task graph with 5 named threads and 14 total threads with 3 sets of task threads.
LogStats: Stats thread started at 6.564151
LogPluginManager: Warning: Plugin 'AdvancedSessions' exists at '../../../../../../Users/lockw/OneDrive/Documents/Unreal Projects/Illuminate/Plugins/AdvancedSessions/AdvancedSessions.uplugin' and '../../../../../../Users/lockw/OneDrive/Documents/Unreal Projects/Illuminate/Plugins/AdvancedSessions.uplugin' - second location will be ignored
LogD3D11RHI: Aftermath initialized
LogModuleManager: Display: Found up-to-date module file ../../../Engine/Plugins/Online/OnlineSubsystemSteam/Binaries/Win64/UE4Editor-OnlineSubsystemSteam.dll (API version 3709383).
LogModuleManager: Display: Found up-to-date module file ../../../Engine/Plugins/Online/OnlineSubsystem/Binaries/Win64/UE4Editor-OnlineSubsystem.dll (API version 3709383).
LogModuleManager: Display: Found up-to-date module file ../../../Engine/Plugins/Online/OnlineSubsystemUtils/Binaries/Win64/UE4Editor-OnlineSubsystemUtils.dll (API version 3709383).
LogModuleManager: Display: Found up-to-date module file ../../../Engine/Plugins/Online/OnlineSubsystemUtils/Binaries/Win64/UE4Editor-OnlineBlueprintSupport.dll (API version 3709383).
LogModuleManager: Display: Found up-to-date module file ../../../Engine/Plugins/Online/OnlineFramework/Binaries/Win64/UE4Editor-Qos.dll (API version 3709383).
LogModuleManager: Display: Found up-to-date module file ../../../Engine/Plugins/Online/OnlineFramework/Binaries/Win64/UE4Editor-Party.dll (API version 3709383).
LogModuleManager: Display: Found up-to-date module file ../../../Engine/Plugins/Online/OnlineFramework/Binaries/Win64/UE4Editor-Lobby.dll (API version 3709383).
LogModuleManager: Display: Found up-to-date module file ../../../Engine/Plugins/Online/OnlineFramework/Binaries/Win64/UE4Editor-Hotfix.dll (API version 3709383).
LogModuleManager: Display: Found up-to-date module file ../../../Engine/Plugins/Online/OnlineFramework/Binaries/Win64/UE4Editor-Rejoin.dll (API version 3709383).
LogModuleManager: Display: Found up-to-date module file ../../../Engine/Plugins/Online/OnlineFramework/Binaries/Win64/UE4Editor-LoginFlow.dll (API version 3709383).
LogModuleManager: Display: Found up-to-date module file ../../../Engine/Plugins/2D/Paper2D/Binaries/Win64/UE4Editor-Paper2D.dll (API version 3709383).
LogModuleManager: Display: Found up-to-date module file ../../../Engine/Plugins/2D/Paper2D/Binaries/Win64/UE4Editor-Paper2DEditor.dll (API version 3709383).
LogModuleManager: Display: Found up-to-date module file ../../../Engine/Plugins/2D/Paper2D/Binaries/Win64/UE4Editor-PaperSpriteSheetImporter.dll (API version 3709383).
LogModuleManager: Display: Found up-to-date module file ../../../Engine/Plugins/2D/Paper2D/Binaries/Win64/UE4Editor-PaperTiledImporter.dll (API version 3709383).
LogModuleManager: Display: Found up-to-date module file ../../../Engine/Plugins/2D/Paper2D/Binaries/Win64/UE4Editor-SmartSnapping.dll (API version 3709383).
LogModuleManager: Display: Found up-to-date module file ../../../Engine/Plugins/Blendables/LightPropagationVolume/Binaries/Win64/UE4Editor-LightPropagationVolumeRuntime.dll (API version 3709383).
LogModuleManager: Display: Found up-to-date module file ../../../Engine/Plugins/Blendables/LightPropagationVolume/Binaries/Win64/UE4Editor-LightPropagationVolumeEditor.dll (API version 3709383).
LogModuleManager: Display: Found up-to-date module file ../../../Engine/Plugins/Developer/GitSourceControl/Binaries/Win64/UE4Editor-GitSourceControl.dll (API version 3709383).
LogModuleManager: Display: Found up-to-date module file ../../../Engine/Plugins/Developer/PerforceSourceControl/Binaries/Win64/UE4Editor-PerforceSourceControl.dll (API version 3709383).
LogModuleManager: Display: Found up-to-date module file ../../../Engine/Plugins/Developer/SubversionSourceControl/Binaries/Win64/UE4Editor-SubversionSourceControl.dll (API version 3709383).
LogModuleManager: Display: Found up-to-date module file ../../../Engine/Plugins/Developer/UObjectPlugin/Binaries/Win64/UE4Editor-UObjectPlugin.dll (API version 3709383).
LogModuleManager: Display: Found up-to-date module file ../../../Engine/Plugins/Developer/VisualStudioCodeSourceCodeAccess/Binaries/Win64/UE4Editor-VisualStudioCodeSourceCodeAccess.dll (API version 3709383).
LogModuleManager: Display: Found up-to-date module file ../../../Engine/Plugins/Developer/VisualStudioSourceCodeAccess/Binaries/Win64/UE4Editor-VisualStudioSourceCodeAccess.dll (API version 3709383).
LogModuleManager: Display: Found up-to-date module file ../../../Engine/Plugins/Editor/AssetManagerEditor/Binaries/Win64/UE4Editor-AssetManagerEditor.dll (API version 3709383).
LogModuleManager: Display: Found up-to-date module file ../../../Engine/Plugins/Editor/AudioCapture/Binaries/Win64/UE4Editor-AudioCapture.dll (API version 3709383).
LogModuleManager: Display: Found up-to-date module file ../../../Engine/Plugins/Editor/FacialAnimation/Binaries/Win64/UE4Editor-FacialAnimation.dll (API version 3709383).
LogModuleManager: Display: Found up-to-date module file ../../../Engine/Plugins/Editor/FacialAnimation/Binaries/Win64/UE4Editor-FacialAnimationEditor.dll (API version 3709383).
LogModuleManager: Display: Found up-to-date module file ../../../Engine/Plugins/Editor/GameplayTagsEditor/Binaries/Win64/UE4Editor-GameplayTagsEditor.dll (API version 3709383).
LogModuleManager: Display: Found up-to-date module file ../../../Engine/Plugins/Editor/MobileLauncherProfileWizard/Binaries/Win64/UE4Editor-MobileLauncherProfileWizard.dll (API version 3709383).
LogModuleManager: Display: Found up-to-date module file ../../../Engine/Plugins/Editor/PluginBrowser/Binaries/Win64/UE4Editor-PluginBrowser.dll (API version 3709383).
LogModuleManager: Display: Found up-to-date module file ../../../Engine/Plugins/Editor/SpeedTreeImporter/Binaries/Win64/UE4Editor-SpeedTreeImporter.dll (API version 3709383).
LogModuleManager: Display: Found up-to-date module file ../../../Engine/Plugins/Experimental/AlembicImporter/Binaries/Win64/UE4Editor-AlembicImporter.dll (API version 3709383).
LogModuleManager: Display: Found up-to-date module file ../../../Engine/Plugins/Experimental/AlembicImporter/Binaries/Win64/UE4Editor-AlembicLibrary.dll (API version 3709383).
LogModuleManager: Display: Found up-to-date module file ../../../Engine/Plugins/Experimental/CharacterAI/Binaries/Win64/UE4Editor-CharacterAI.dll (API version 3709383).
LogModuleManager: Display: Found up-to-date module file ../../../Engine/Plugins/Experimental/HTML5Networking/Binaries/Win64/UE4Editor-HTML5Networking.dll (API version 3709383).
LogModuleManager: Display: Found up-to-date module file ../../../Engine/Plugins/Media/AndroidMedia/Binaries/Win64/UE4Editor-AndroidMediaEditor.dll (API version 3709383).
LogModuleManager: Display: Found up-to-date module file ../../../Engine/Plugins/Media/AndroidMedia/Binaries/Win64/UE4Editor-AndroidMediaFactory.dll (API version 3709383).
LogModuleManager: Display: Found up-to-date module file ../../../Engine/Plugins/Media/AvfMedia/Binaries/Win64/UE4Editor-AvfMediaEditor.dll (API version 3709383).
LogModuleManager: Display: Found up-to-date module file ../../../Engine/Plugins/Media/AvfMedia/Binaries/Win64/UE4Editor-AvfMediaFactory.dll (API version 3709383).
LogModuleManager: Display: Found up-to-date module file ../../../Engine/Plugins/Media/AvfMedia/Binaries/Win64/UE4Editor-AvfMediaFactory.dll (API version 3709383).
LogModuleManager: Display: Found up-to-date module file ../../../Engine/Plugins/Media/ImgMedia/Binaries/Win64/UE4Editor-ImgMedia.dll (API version 3709383).
LogModuleManager: Display: Found up-to-date module file ../../../Engine/Plugins/Media/ImgMedia/Binaries/Win64/UE4Editor-ImgMediaEditor.dll (API version 3709383).
LogModuleManager: Display: Found up-to-date module file ../../../Engine/Plugins/Media/ImgMedia/Binaries/Win64/UE4Editor-ImgMediaFactory.dll (API version 3709383).
LogModuleManager: Display: Found up-to-date module file ../../../Engine/Plugins/Media/ImgMedia/Binaries/Win64/UE4Editor-ImgMediaFactory.dll (API version 3709383).
LogModuleManager: Display: Found up-to-date module file ../../../Engine/Plugins/Media/ImgMedia/Binaries/Win64/UE4Editor-OpenExrWrapper.dll (API version 3709383).
LogModuleManager: Display: Found up-to-date module file ../../../Engine/Plugins/Media/MediaCompositing/Binaries/Win64/UE4Editor-MediaCompositing.dll (API version 3709383).
LogModuleManager: Display: Found up-to-date module file ../../../Engine/Plugins/Media/MediaCompositing/Binaries/Win64/UE4Editor-MediaCompositingEditor.dll (API version 3709383).
LogModuleManager: Display: Found up-to-date module file ../../../Engine/Plugins/Media/MediaPlayerEditor/Binaries/Win64/UE4Editor-MediaPlayerEditor.dll (API version 3709383).
LogModuleManager: Display: Found up-to-date module file ../../../Engine/Plugins/Media/WmfMedia/Binaries/Win64/UE4Editor-WmfMedia.dll (API version 3709383).
LogModuleManager: Display: Found up-to-date module file ../../../Engine/Plugins/Media/WmfMedia/Binaries/Win64/UE4Editor-WmfMediaEditor.dll (API version 3709383).
LogModuleManager: Display: Found up-to-date module file ../../../Engine/Plugins/Media/WmfMedia/Binaries/Win64/UE4Editor-WmfMediaFactory.dll (API version 3709383).
LogModuleManager: Display: Found up-to-date module file ../../../Engine/Plugins/Media/WmfMedia/Binaries/Win64/UE4Editor-WmfMediaFactory.dll (API version 3709383).
LogModuleManager: Display: Found up-to-date module file ../../../Engine/Plugins/Messaging/TcpMessaging/Binaries/Win64/UE4Editor-TcpMessaging.dll (API version 3709383).
LogModuleManager: Display: Found up-to-date module file ../../../Engine/Plugins/Messaging/UdpMessaging/Binaries/Win64/UE4Editor-UdpMessaging.dll (API version 3709383).
LogModuleManager: Display: Found up-to-date module file ../../../Engine/Plugins/MovieScene/ActorSequence/Binaries/Win64/UE4Editor-ActorSequence.dll (API version 3709383).
LogModuleManager: Display: Found up-to-date module file ../../../Engine/Plugins/MovieScene/LevelSequenceEditor/Binaries/Win64/UE4Editor-LevelSequenceEditor.dll (API version 3709383).
LogModuleManager: Display: Found up-to-date module file ../../../Engine/Plugins/MovieScene/MatineeToLevelSequence/Binaries/Win64/UE4Editor-MatineeToLevelSequence.dll (API version 3709383).
LogModuleManager: Display: Found up-to-date module file ../../../Engine/Plugins/Runtime/AndroidPermission/Binaries/Win64/UE4Editor-AndroidPermission.dll (API version 3709383).
LogModuleManager: Display: Found up-to-date module file ../../../Engine/Plugins/Online/OnlineSubsystemNull/Binaries/Win64/UE4Editor-OnlineSubsystemNull.dll (API version 3709383).
LogModuleManager: Display: Found up-to-date module file ../../../Engine/Plugins/Runtime/AndroidDeviceProfileSelector/Binaries/Win64/UE4Editor-AndroidDeviceProfileSelector.dll (API version 3709383).
LogModuleManager: Display: Found up-to-date module file ../../../Engine/Plugins/Runtime/AppleARKit/Binaries/Win64/UE4Editor-AppleARKit.dll (API version 3709383).
LogModuleManager: Display: Found up-to-date module file ../../../Engine/Plugins/Runtime/ArchVisCharacter/Binaries/Win64/UE4Editor-ArchVisCharacter.dll (API version 3709383).
LogModuleManager: Display: Found up-to-date module file ../../../Engine/Plugins/Runtime/CableComponent/Binaries/Win64/UE4Editor-CableComponent.dll (API version 3709383).
LogModuleManager: Display: Found up-to-date module file ../../../Engine/Plugins/Runtime/CustomMeshComponent/Binaries/Win64/UE4Editor-CustomMeshComponent.dll (API version 3709383).
LogModuleManager: Display: Found up-to-date module file ../../../Engine/Plugins/Runtime/ExampleDeviceProfileSelector/Binaries/Win64/UE4Editor-ExampleDeviceProfileSelector.dll (API version 3709383).
LogModuleManager: Display: Found up-to-date module file ../../../Engine/Plugins/Runtime/ImmediatePhysics/Binaries/Win64/UE4Editor-ImmediatePhysics.dll (API version 3709383).
LogModuleManager: Display: Found up-to-date module file ../../../Engine/Plugins/Runtime/ImmediatePhysics/Binaries/Win64/UE4Editor-ImmediatePhysicsEditor.dll (API version 3709383).
LogModuleManager: Display: Found up-to-date module file ../../../Engine/Plugins/Runtime/LocationServicesBPLibrary/Binaries/Win64/UE4Editor-LocationServicesBPLibrary.dll (API version 3709383).
LogModuleManager: Display: Found up-to-date module file ../../../Engine/Plugins/Runtime/MobilePatchingUtils/Binaries/Win64/UE4Editor-MobilePatchingUtils.dll (API version 3709383).
LogModuleManager: Display: Found up-to-date module file ../../../Engine/Plugins/Runtime/Oculus/OculusVR/Binaries/Win64/UE4Editor-OculusHMD.dll (API version 3709383).
LogModuleManager: Display: Found up-to-date module file ../../../Engine/Plugins/Runtime/Oculus/OculusVR/Binaries/Win64/UE4Editor-OculusInput.dll (API version 3709383).
LogModuleManager: Display: Found up-to-date module file ../../../Engine/Plugins/Runtime/Oculus/OculusVR/Binaries/Win64/UE4Editor-OculusEditor.dll (API version 3709383).
LogModuleManager: Display: Found up-to-date module file ../../../Engine/Plugins/Runtime/PhysXVehicles/Binaries/Win64/UE4Editor-PhysXVehicles.dll (API version 3709383).
LogModuleManager: Display: Found up-to-date module file ../../../Engine/Plugins/Runtime/PhysXVehicles/Binaries/Win64/UE4Editor-PhysXVehiclesEditor.dll (API version 3709383).
LogModuleManager: Display: Found up-to-date module file ../../../Engine/Plugins/Runtime/ProceduralMeshComponent/Binaries/Win64/UE4Editor-ProceduralMeshComponent.dll (API version 3709383).
LogModuleManager: Display: Found up-to-date module file ../../../Engine/Plugins/Runtime/ProceduralMeshComponent/Binaries/Win64/UE4Editor-ProceduralMeshComponentEditor.dll (API version 3709383).
LogModuleManager: Display: Found up-to-date module file ../../../Engine/Plugins/Runtime/RuntimePhysXCooking/Binaries/Win64/UE4Editor-RuntimePhysXCooking.dll (API version 3709383).
LogModuleManager: Display: Found up-to-date module file ../../../Engine/Plugins/Runtime/Steam/SteamVR/Binaries/Win64/UE4Editor-SteamVR.dll (API version 3709383).
LogModuleManager: Display: Found up-to-date module file ../../../Engine/Plugins/Runtime/Steam/SteamVR/Binaries/Win64/UE4Editor-SteamVRController.dll (API version 3709383).
LogModuleManager: Display: Found up-to-date module file ../../../Engine/Plugins/Runtime/WindowsMoviePlayer/Binaries/Win64/UE4Editor-WindowsMoviePlayer.dll (API version 3709383).
LogModuleManager: Display: Found up-to-date module file ../../../../../../Users/lockw/OneDrive/Documents/Unreal Projects/Illuminate/Plugins/AdvancedSessions/Binaries/Win64/UE4Editor-AdvancedSessions.dll (API version 3709383).
LogModuleManager: Display: Found up-to-date module file ../../../../../../Users/lockw/OneDrive/Documents/Unreal Projects/Illuminate/Plugins/AdvancedSteamSessions/Binaries/Win64/UE4Editor-AdvancedSteamSessions.dll (API version 3709383).
LogPluginManager: Mounting plugin Paper2D
LogPluginManager: Mounting plugin LightPropagationVolume
LogPluginManager: Mounting plugin CodeLiteSourceCodeAccess
LogPluginManager: Mounting plugin GitSourceControl
LogPluginManager: Mounting plugin KDevelopSourceCodeAccess
LogPluginManager: Mounting plugin NullSourceCodeAccess
LogPluginManager: Mounting plugin PerforceSourceControl
LogPluginManager: Mounting plugin SubversionSourceControl
LogPluginManager: Mounting plugin UObjectPlugin
LogPluginManager: Mounting plugin VisualStudioCodeSourceCodeAccess
LogPluginManager: Mounting plugin VisualStudioSourceCodeAccess
LogPluginManager: Mounting plugin XCodeSourceCodeAccess
LogPluginManager: Mounting plugin AssetManagerEditor
LogPluginManager: Mounting plugin AudioCapture
LogPluginManager: Mounting plugin FacialAnimation
LogPluginManager: Mounting plugin GameplayTagsEditor
LogPluginManager: Mounting plugin MobileLauncherProfileWizard
LogPluginManager: Mounting plugin PluginBrowser
LogPluginManager: Mounting plugin SpeedTreeImporter
LogPluginManager: Mounting plugin AlembicImporter
LogPluginManager: Mounting plugin CharacterAI
LogPluginManager: Mounting plugin HTML5Networking
LogPluginManager: Mounting plugin AndroidMedia
LogPluginManager: Mounting plugin AvfMedia
LogPluginManager: Mounting plugin ImgMedia
LogPluginManager: Mounting plugin MediaCompositing
LogPluginManager: Mounting plugin MediaPlayerEditor
LogPluginManager: Mounting plugin WmfMedia
LogPluginManager: Mounting plugin TcpMessaging
LogPluginManager: Mounting plugin UdpMessaging
LogPluginManager: Mounting plugin ActorSequence
LogPluginManager: Mounting plugin LevelSequenceEditor
LogPluginManager: Mounting plugin MatineeToLevelSequence
LogPluginManager: Mounting plugin OnlineSubsystemGooglePlay
LogPluginManager: Mounting plugin OnlineSubsystemIOS
LogPluginManager: Mounting plugin OnlineFramework
LogPluginManager: Mounting plugin OnlineSubsystem
LogPluginManager: Mounting plugin OnlineSubsystemNull
LogPluginManager: Mounting plugin OnlineSubsystemSteam
LogPluginManager: Mounting plugin OnlineSubsystemUtils
LogPluginManager: Mounting plugin AndroidDeviceProfileSelector
LogPluginManager: Mounting plugin AndroidMoviePlayer
LogPluginManager: Mounting plugin AndroidPermission
LogPluginManager: Mounting plugin AppleARKit
LogPluginManager: Mounting plugin AppleMoviePlayer
LogPluginManager: Mounting plugin ArchVisCharacter
LogPluginManager: Mounting plugin CableComponent
LogPluginManager: Mounting plugin CustomMeshComponent
LogPluginManager: Mounting plugin ExampleDeviceProfileSelector
LogPluginManager: Mounting plugin GoogleCloudMessaging
LogPluginManager: Mounting plugin ImmediatePhysics
LogPluginManager: Mounting plugin IOSDeviceProfileSelector
LogPluginManager: Mounting plugin LinuxDeviceProfileSelector
LogPluginManager: Mounting plugin LocationServicesBPLibrary
LogPluginManager: Mounting plugin MobilePatchingUtils
LogPluginManager: Mounting plugin OculusVR
LogPluginManager: Plugin shader directory ../../../Engine/Plugins/Runtime/Oculus/OculusVR/Shaders found
LogPluginManager: Mapping shader source directory ../../../Engine/Plugins/Runtime/Oculus/OculusVR/Shaders to virtual directory /Plugin/OculusVR
LogPluginManager: Mounting plugin PhysXVehicles
LogPluginManager: Mounting plugin ProceduralMeshComponent
LogPluginManager: Mounting plugin RuntimePhysXCooking
LogPluginManager: Mounting plugin SteamVR
LogPluginManager: Mounting plugin WindowsMoviePlayer
LogPluginManager: Mounting plugin AdvancedSessions
LogPluginManager: Mounting plugin AdvancedSteamSessions
LogInit: Using libcurl 7.47.1
LogInit:  - built for x86_64-pc-win32
LogInit:  - supports SSL with OpenSSL/1.0.2g
LogInit:  - supports HTTP deflate (compression) using libz 1.2.8
LogInit:  - other features:
LogInit:      CURL_VERSION_SSL
LogInit:      CURL_VERSION_LIBZ
LogInit:      CURL_VERSION_IPV6
LogInit:      CURL_VERSION_ASYNCHDNS
LogInit:      CURL_VERSION_LARGEFILE
LogInit:      CURL_VERSION_IDN
LogInit:  CurlRequestOptions (configurable via config and command line):
LogInit:  - bVerifyPeer = false  - Libcurl will NOT verify peer certificate
LogInit:  - bUseHttpProxy = false  - Libcurl will NOT use HTTP proxy
LogInit:  - bDontReuseConnections = false  - Libcurl will reuse connections
LogInit:  - CertBundlePath = nullptr  - Libcurl will use whatever was configured at build time.
LogOnline: Display: STEAM: Loading Steam SDK 1.39
LogOnline: Warning: STEAM: Steam API disabled!
LogOnline: Display: STEAM: OnlineSubsystemSteam::Shutdown()
LogInit: WinSock: version 1.1 (2.2), MaxSocks=32767, MaxUdp=65467
LogInit: Build: ++UE4+Release-4.18-CL-3794801
LogInit: Engine Version: 4.18.2-3794801+++UE4+Release-4.18
LogInit: Compatible Engine Version: 4.18.0-3709383+++UE4+Release-4.18
LogInit: Net CL: 3709383
LogDevObjectVersion: Number of dev versions registered: 16
LogDevObjectVersion:   Dev-Blueprints (B0D832E4-1F89-4F0D-ACCF-7EB736FD4AA2): 10
LogDevObjectVersion:   Dev-Build (E1C64328-A22C-4D53-A36C-8E866417BD8C): 0
LogDevObjectVersion:   Dev-Core (375EC13C-06E4-48FB-B500-84F0262A717E): 2
LogDevObjectVersion:   Dev-Editor (E4B068ED-F494-42E9-A231-DA0B2E46BB41): 20
LogDevObjectVersion:   Dev-Framework (CFFC743F-43B0-4480-9391-14DF171D2073): 30
LogDevObjectVersion:   Dev-Mobile (B02B49B5-BB20-44E9-A304-32B752E40360): 0
LogDevObjectVersion:   Dev-Networking (A4E4105C-59A1-49B5-A7C5-40C4547EDFEE): 0
LogDevObjectVersion:   Dev-Online (39C831C9-5AE6-47DC-9A44-9C173E1C8E7C): 0
LogDevObjectVersion:   Dev-Physics (78F01B33-EBEA-4F98-B9B4-84EACCB95AA2): 0
LogDevObjectVersion:   Dev-Platform (6631380F-2D4D-43E0-8009-CF276956A95A): 0
LogDevObjectVersion:   Dev-Rendering (12F88B9F-8875-4AFC-A67C-D90C383ABD29): 20
LogDevObjectVersion:   Dev-Sequencer (7B5AE74C-D270-4C10-A958-57980B212A5A): 4
LogDevObjectVersion:   Dev-VR (D7296918-1DD6-4BDD-9DE2-64A83CC13884): 0
LogDevObjectVersion:   Dev-LoadTimes (C2A15278-BFE7-4AFE-6C17-90FF531DF755): 1
LogDevObjectVersion:   Private-Geometry (6EACA3D4-40EC-4CC1-B786-8BED09428FC5): 1
LogDevObjectVersion:   Dev-AnimPhys (29E575DD-E0A3-4627-9D10-D276232CDCEA): 12
LogInit: Compiled (64-bit): Dec  8 2017 02:04:53
LogInit: Compiled with Visual C++: 19.00.24215.01
LogInit: Build Configuration: Development
LogInit: Branch Name: ++UE4+Release-4.18
LogInit: Command line:  
LogInit: Base directory: C:/Program Files/Epic Games/UE_4.18/Engine/Binaries/Win64/
LogInit: Installed Engine Build: 1
LogInit: Presizing for max 8388607 objects, including 0 objects not considered by GC, pre-allocating 0 bytes for permanent pool.
LogInit: Object subsystem initialized
[2019.04.11-21.30.46:155][  0]LogInit: Selected Device Profile: [Windows]
[2019.04.11-21.30.46:155][  0]LogInit: Applying CVar settings loaded from the selected device profile: [Windows]
[2019.04.11-21.30.46:276][  0]LogInit: Computer: MSI
[2019.04.11-21.30.46:276][  0]LogInit: User: Alex
[2019.04.11-21.30.46:277][  0]LogInit: CPU Page size=4096, Cores=4
[2019.04.11-21.30.46:277][  0]LogInit: High frequency timer resolution =2.533207 MHz
[2019.04.11-21.30.46:277][  0]LogMemory: Memory total: Physical=15.9GB (16GB approx)
[2019.04.11-21.30.46:277][  0]LogMemory: Platform Memory Stats for Windows
[2019.04.11-21.30.46:277][  0]LogMemory: Process Physical Memory: 275.27 MB used, 275.27 MB peak
[2019.04.11-21.30.46:277][  0]LogMemory: Process Virtual Memory: 274.33 MB used, 274.33 MB peak
[2019.04.11-21.30.46:277][  0]LogMemory: Physical Memory: 9153.63 MB used,  7119.70 MB free, 16273.34 MB total
[2019.04.11-21.30.46:277][  0]LogMemory: Virtual Memory: 4788.92 MB used,  7119.70 MB free, 134217728.00 MB total
[2019.04.11-21.30.49:735][  0]LogInit: Using OS detected language (en-US).
[2019.04.11-21.30.49:735][  0]LogInit: Using OS detected locale (en-US).
[2019.04.11-21.30.50:120][  0]LogTextLocalizationManager: No specific localization for 'en-US' exists, so the 'en' localization will be used.
[2019.04.11-21.30.52:528][  0]LogInit: Setting process to per monitor DPI aware
[2019.04.11-21.31.02:082][  0]LogD3D11RHI: D3D11 adapters:
[2019.04.11-21.31.02:153][  0]LogD3D11RHI:    0. 'NVIDIA GeForce GTX 965M' (Feature Level 11_0)
[2019.04.11-21.31.02:153][  0]LogD3D11RHI:       2010/0/8136 MB DedicatedVideo/DedicatedSystem/SharedSystem, Outputs:1, VendorId:0x10de
[2019.04.11-21.31.02:180][  0]LogD3D11RHI:    1. 'Intel(R) HD Graphics 4600' (Feature Level 11_0)
[2019.04.11-21.31.02:181][  0]LogD3D11RHI:       112/0/2048 MB DedicatedVideo/DedicatedSystem/SharedSystem, Outputs:0, VendorId:0x8086
[2019.04.11-21.31.02:183][  0]LogD3D11RHI:    2. 'Microsoft Basic Render Driver' (Feature Level 11_0)
[2019.04.11-21.31.02:183][  0]LogD3D11RHI:       0/0/8136 MB DedicatedVideo/DedicatedSystem/SharedSystem, Outputs:0, VendorId:0x1414
[2019.04.11-21.31.02:183][  0]LogD3D11RHI: Chosen D3D11 Adapter: 0
[2019.04.11-21.31.02:226][  0]LogD3D11RHI: Creating new Direct3DDevice
[2019.04.11-21.31.02:238][  0]LogD3D11RHI:     GPU DeviceId: 0x13d9 (for the marketing name, search the web for "GPU Device Id")
[2019.04.11-21.31.02:238][  0]LogWindows: EnumDisplayDevices:
[2019.04.11-21.31.02:239][  0]LogWindows:    0. 'Intel(R) HD Graphics 4600' (P:1 D:1)
[2019.04.11-21.31.02:239][  0]LogWindows:    1. 'Intel(R) HD Graphics 4600' (P:0 D:0)
[2019.04.11-21.31.02:240][  0]LogWindows:    2. 'Intel(R) HD Graphics 4600' (P:0 D:0)
[2019.04.11-21.31.02:240][  0]LogWindows: DebugString: GetVideoDriverDetailsInvalid PrimaryIsNotTheChoosenAdapter GetVideoDriverDetailsInvalid PrimaryIsNotTheChoosenAdapter GetVideoDriverDetailsInvalid PrimaryIsNotTheChoosenAdapter FoundDriverCount:0 
[2019.04.11-21.31.02:240][  0]LogD3D11RHI:     Adapter Name: NVIDIA GeForce GTX 965M
[2019.04.11-21.31.02:240][  0]LogD3D11RHI:   Driver Version: Unknown (internal:Unknown, unified:Unknown)
[2019.04.11-21.31.02:240][  0]LogD3D11RHI:      Driver Date: Unknown
[2019.04.11-21.31.02:240][  0]LogRHI: Texture pool is 1407 MB (70% of 2010 MB)
[2019.04.11-21.31.02:348][  0]LogD3D11RHI: Async texture creation enabled
[2019.04.11-21.31.02:558][  0]LogD3D11RHI: GPU Timing Frequency: 1000.000000 (Debug: 2 2)
[2019.04.11-21.31.02:727][  0]LogShaderCompilers: Guid format shader working directory is -30 characters bigger than the processId version (../../../../../../Users/lockw/OneDrive/Documents/Unreal Projects/Illuminate/Intermediate/Shaders/WorkingDirectory/15580/).
[2019.04.11-21.31.02:727][  0]LogShaderCompilers: Cleaned the shader compiler working directory 'C:/Users/lockw/AppData/Local/Temp/UnrealShaderWorkingDir/27C0157B4D079B5DE86E86BF306809F3/'.
[2019.04.11-21.31.02:729][  0]LogShaderCompilers: Display: Using Local Shader Compiler.
[2019.04.11-21.31.15:338][  0]LogTemp: Display: Loaded TP AllDesktopTargetPlatform
[2019.04.11-21.31.15:483][  0]LogTemp: Display: Loaded TP MacClientTargetPlatform
[2019.04.11-21.31.15:633][  0]LogTemp: Display: Loaded TP MacNoEditorTargetPlatform
[2019.04.11-21.31.15:774][  0]LogTemp: Display: Loaded TP MacServerTargetPlatform
[2019.04.11-21.31.16:067][  0]LogTemp: Display: Loaded TP MacTargetPlatform
[2019.04.11-21.31.16:224][  0]LogTemp: Display: Loaded TP WindowsClientTargetPlatform
[2019.04.11-21.31.16:390][  0]LogTemp: Display: Loaded TP WindowsNoEditorTargetPlatform
[2019.04.11-21.31.16:549][  0]LogTemp: Display: Loaded TP WindowsServerTargetPlatform
[2019.04.11-21.31.16:683][  0]LogTemp: Display: Loaded TP WindowsTargetPlatform
[2019.04.11-21.31.16:867][  0]LogTemp: Display: Loaded TP Android_ASTCTargetPlatform
[2019.04.11-21.31.17:015][  0]LogTemp: Display: Loaded TP Android_ATCTargetPlatform
[2019.04.11-21.31.17:161][  0]LogTemp: Display: Loaded TP Android_DXTTargetPlatform
[2019.04.11-21.31.17:412][  0]LogTemp: Display: Loaded TP Android_ETC1TargetPlatform
[2019.04.11-21.31.17:548][  0]LogTemp: Display: Loaded TP Android_ETC2TargetPlatform
[2019.04.11-21.31.17:878][  0]LogTemp: Display: Loaded TP Android_MultiTargetPlatform
[2019.04.11-21.31.17:878][  0]LogTemp: Display: Loaded TP Android_PVRTCTargetPlatform
[2019.04.11-21.31.18:064][  0]LogTemp: Display: Loaded TP AndroidTargetPlatform
[2019.04.11-21.31.18:214][  0]LogTemp: Display: Loaded TP HTML5TargetPlatform
[2019.04.11-21.31.18:585][  0]LogTemp: Display: Loaded TP IOSTargetPlatform
[2019.04.11-21.31.18:682][  0]LogTemp: Display: Loaded TP TVOSTargetPlatform
[2019.04.11-21.31.18:848][  0]LogTemp: Display: Loaded TP LinuxClientTargetPlatform
[2019.04.11-21.31.19:003][  0]LogTemp: Display: Loaded TP LinuxNoEditorTargetPlatform
[2019.04.11-21.31.19:144][  0]LogTemp: Display: Loaded TP LinuxServerTargetPlatform
[2019.04.11-21.31.19:317][  0]LogTemp: Display: Loaded TP LinuxTargetPlatform
[2019.04.11-21.31.19:317][  0]LogTargetPlatformManager: Display: Building Assets For Windows
[2019.04.11-21.31.24:263][  0]LogDerivedDataCache: Display: Max Cache Size: 512 MB
[2019.04.11-21.31.29:137][  0]LogDerivedDataCache: Loaded boot cache 4.86s 79MB C:/Users/lockw/AppData/Local/UnrealEngine/4.18/DerivedDataCache/Boot.ddc.
[2019.04.11-21.31.29:137][  0]LogDerivedDataCache: Display: Loaded Boot cache: C:/Users/lockw/AppData/Local/UnrealEngine/4.18/DerivedDataCache/Boot.ddc
[2019.04.11-21.31.29:138][  0]LogDerivedDataCache: FDerivedDataBackendGraph:  Pak pak cache file ../../../../../../Users/lockw/OneDrive/Documents/Unreal Projects/Illuminate/DerivedDataCache/DDC.ddp not found, will not use a pak cache.
[2019.04.11-21.31.29:138][  0]LogDerivedDataCache: Unable to find inner node Pak for hierarchical cache Hierarchy.
[2019.04.11-21.31.29:138][  0]LogDerivedDataCache: FDerivedDataBackendGraph:  CompressedPak pak cache file ../../../../../../Users/lockw/OneDrive/Documents/Unreal Projects/Illuminate/DerivedDataCache/Compressed.ddp not found, will not use a pak cache.
[2019.04.11-21.31.29:138][  0]LogDerivedDataCache: Unable to find inner node CompressedPak for hierarchical cache Hierarchy.
[2019.04.11-21.31.29:259][  0]LogDerivedDataCache: Display: Pak cache opened for reading ../../../Engine/DerivedDataCache/Compressed.ddp.
[2019.04.11-21.31.29:282][  0]LogDerivedDataCache: Using Local data cache path C:/Users/lockw/AppData/Local/UnrealEngine/Common/DerivedDataCache: Writable
[2019.04.11-21.31.29:619][  0]LogMaterial: Verifying Global Shaders for PCD3D_SM5
[2019.04.11-21.31.29:661][  0]LogSlate: Using Freetype 2.6.0
[2019.04.11-21.31.29:729][  0]LogSlate: SlateFontCache - WITH_FREETYPE: 1, WITH_HARFBUZZ: 1
[2019.04.11-21.31.29:729][  0]LogSlate: SlateFontCache - WITH_FREETYPE: 1, WITH_HARFBUZZ: 1
[2019.04.11-21.31.50:912][  0]LogInit: Selected Device Profile: [Windows]
[2019.04.11-21.31.54:657][  0]LogSimplygon: Simplygon DLL not present - disabling.
[2019.04.11-21.31.54:827][  0]LogMeshReduction: Using SimplygonSwarm for distributed automatic mesh merging
[2019.04.11-21.31.54:846][  0]LogMeshReduction: Using QuadricMeshReduction for automatic static mesh reduction
[2019.04.11-21.31.54:846][  0]LogMeshReduction: No automatic skeletal mesh reduction module available
[2019.04.11-21.31.54:846][  0]LogMeshReduction: No automatic mesh merging module available
[2019.04.11-21.31.54:846][  0]LogMeshMerging: No automatic mesh merging module available
[2019.04.11-21.31.55:685][  0]LogNetVersion: Illuminate , NetCL: 3709383, EngineNetVer: 2, GameNetVer: 0 (Checksum: 1556659199)
[2019.04.11-21.31.58:554][  0]LogAssetRegistry: FAssetRegistry took 0.0558 seconds to start up
[2019.04.11-21.32.09:029][  0]LogPackageLocalizationCache: Processed 7 localized package path(s) for 2 prioritized culture(s) in 0.251086 seconds
[2019.04.11-21.32.09:050][  0]LogUObjectArray: 35907 objects as part of root set at end of initial load.
[2019.04.11-21.32.09:050][  0]LogUObjectAllocator: 7585952 out of 0 bytes used by permanent object pool.
[2019.04.11-21.32.09:050][  0]LogUObjectArray: CloseDisregardForGC: 0/0 objects in disregard for GC pool
[2019.04.11-21.33.08:519][  0]LogTcpMessaging: Initializing TcpMessaging bridge
[2019.04.11-21.33.08:641][  0]LogUdpMessaging: Initializing bridge on interface 0.0.0.0:0 to multicast group 230.0.0.1:6666.
[2019.04.11-21.33.13:149][  0]LogMaterial: Uniform references updated for custom material expression Custom.
[2019.04.11-21.33.16:751][  0]SourceControl: Source control is disabled
[2019.04.11-21.33.26:147][  0]LogAndroidPermission: UAndroidPermissionCallbackProxy::GetInstance
[2019.04.11-21.33.27:070][  0]LogOcInput: OculusInput pre-init called
[2019.04.11-21.33.28:804][  0]LogEngine: Initializing Engine...
[2019.04.11-21.33.28:852][  0]LogHMD: Failed to initialize OpenVR with code 110
[2019.04.11-21.33.30:264][  0]LogStats: UGameplayTagsManager::ConstructGameplayTagTree: Construct from data asset -  0.000 s
[2019.04.11-21.33.30:264][  0]LogStats: UGameplayTagsManager::ConstructGameplayTagTree: GameplayTagTreeChangedEvent.Broadcast -  0.000 s
[2019.04.11-21.33.31:134][  0]LogAIModule: Creating AISystem for world Untitled
[2019.04.11-21.33.31:273][  0]LogInit: XAudio2 using 'Speakers (Realtek High Definition Audio)' : 6 channels at 48 kHz using 32 bits per sample (channel mask 0x3f)
[2019.04.11-21.33.31:522][  0]LogInit: FAudioDevice initialized.
[2019.04.11-21.33.32:155][  0]LogDerivedDataCache: Saved boot cache 0.61s 78MB C:/Users/lockw/AppData/Local/UnrealEngine/4.18/DerivedDataCache/Boot.ddc.
[2019.04.11-21.33.32:208][  0]LogInit: Texture streaming: Enabled
[2019.04.11-21.33.33:755][  0]LogEngineSessionManager: EngineSessionManager initialized
[2019.04.11-21.33.37:297][  0]LogInit: Transaction tracking system initialized
[2019.04.11-21.33.38:916][  0]BlueprintLog: New page: Editor Load
[2019.04.11-21.33.43:827][  0]LocalizationService: Localization service is disabled
[2019.04.11-21.33.47:916][  0]LogConsoleResponse: Display: 
[2019.04.11-21.33.53:042][  0]LogCook: Display: Max memory allowance for cook 16384mb min free memory 0mb
[2019.04.11-21.33.53:042][  0]LogCook: Display: Mobile HDR setting 1
[2019.04.11-21.33.53:071][  0]LogGameplayTags: Display: UGameplayTagsManager::DoneAddingNativeTags. DelegateIsBound: 0
[2019.04.11-21.33.53:109][  0]LogFileCache: Scanning file cache for directory 'C:/Users/lockw/OneDrive/Documents/Unreal Projects/Illuminate/Content/' took 0.22s
[2019.04.11-21.34.00:618][  0]Cmd: MAP LOAD FILE="../../../../../../Users/lockw/OneDrive/Documents/Unreal Projects/Illuminate/Content/Creations/Maps/MainMenu.umap" TEMPLATE=0 SHOWPROGRESS=1 FEATURELEVEL=3
[2019.04.11-21.34.00:775][  0]LightingResults: New page: Lighting Build
[2019.04.11-21.34.01:398][  0]MapCheck: New page: Map Check
[2019.04.11-21.34.01:398][  0]LightingResults: New page: Lighting Build
[2019.04.11-21.34.39:524][  0]LogAIModule: Creating AISystem for world MainMenu
[2019.04.11-21.34.39:752][  0]LogEditorServer: Finished looking for orphan Actors (0.000 secs)
[2019.04.11-21.34.40:214][  0]Cmd: MAP CHECKDEP NOCLEARLOG
[2019.04.11-21.34.40:564][  0]MapCheck: Map check complete: 0 Error(s), 0 Warning(s), took 326.558ms to complete.
[2019.04.11-21.34.40:589][  0]LogFileHelpers: Loading map 'MainMenu' took 40.011
[2019.04.11-21.34.51:402][  0]LogCollectionManager: Loaded 0 collections in 0.019986 seconds
[2019.04.11-21.34.52:374][  0]LogFileCache: Scanning file cache for directory 'C:/Users/lockw/OneDrive/Documents/Unreal Projects/Illuminate/Saved/Collections/' took 0.01s
[2019.04.11-21.34.52:374][  0]LogFileCache: Scanning file cache for directory 'C:/Users/lockw/OneDrive/Documents/Unreal Projects/Illuminate/Content/Developers/Alex/Collections/' took 0.01s
[2019.04.11-21.34.52:374][  0]LogFileCache: Scanning file cache for directory 'C:/Users/lockw/OneDrive/Documents/Unreal Projects/Illuminate/Content/Collections/' took 0.01s
[2019.04.11-21.34.52:374][  0]LogCollectionManager: Rebuilt the GUID cache for 0 collections in 0.000000 seconds
[2019.04.11-21.34.52:451][  0]LogContentBrowser: Native class hierarchy populated in 0.0409 seconds. Added 2403 classes and 540 folders.
[2019.04.11-21.34.53:115][  0]LogContentBrowser: Native class hierarchy updated for 'WidgetCarousel' in 0.0003 seconds. Added 0 classes and 0 folders.
[2019.04.11-21.35.00:825][  0]LogContentBrowser: Native class hierarchy updated for 'AddContentDialog' in 0.0005 seconds. Added 0 classes and 0 folders.
[2019.04.11-21.35.02:545][  0]LogSlate: Took 0.032961 seconds to synchronously load lazily loaded font '../../../Engine/Content/Slate/Fonts/Roboto-Regular.ttf' (155K)
[2019.04.11-21.35.02:582][  0]LogSlate: Took 0.034141 seconds to synchronously load lazily loaded font '../../../Engine/Content/Slate/Fonts/Roboto-Bold.ttf' (160K)
[2019.04.11-21.35.02:729][  0]LogSlate: Took 0.116868 seconds to synchronously load lazily loaded font '../../../Engine/Content/Editor/Slate/Fonts/FontAwesome.ttf' (139K)
[2019.04.11-21.35.04:301][  0]LogRenderer: Reallocating scene render targets to support 1180x592 Format 10 NumSamples 1 (Frame:1).
[2019.04.11-21.35.12:868][  0]LogContentBrowser: Native class hierarchy updated for 'HierarchicalLODOutliner' in 0.0004 seconds. Added 1 classes and 2 folders.
[2019.04.11-21.35.12:868][  0]LogLoad: (Engine Initialization) Total time: 329.20 seconds
[2019.04.11-21.35.12:868][  0]LogLoad: (Engine Initialization) Total Blueprint compile time: 0.00 seconds
[2019.04.11-21.35.13:011][  0]LogExternalProfiler: Found external profiler: VSPerf
[2019.04.11-21.35.13:011][  0]LogExternalProfiler: Using external profiler: VSPerf
[2019.04.11-21.35.13:874][  0]SourceControl: On branch master
[2019.04.11-21.35.13:874][  0]SourceControl: Changes to be committed:
[2019.04.11-21.35.13:874][  0]SourceControl:   (use "git reset HEAD <file>..." to unstage)
[2019.04.11-21.35.13:874][  0]SourceControl: 	new file:   Illuminate/Content/Creations/Other/playerProfile.uasset
[2019.04.11-21.35.13:874][  0]SourceControl: 	new file:   Illuminate/Content/Creations/Skills/BigAxes.uasset
[2019.04.11-21.35.13:874][  0]SourceControl: 	deleted:    Illuminate/Content/Creations/Skills/Swipe.uasset
[2019.04.11-21.35.13:874][  0]SourceControl: 	deleted:    Illuminate/Content/Creations/Skills/SwordComponent.uasset
[2019.04.11-21.35.13:874][  0]SourceControl: 	deleted:    Illuminate/Content/Creations/shots/Quadruple.uasset
[2019.04.11-21.35.13:874][  0]SourceControl: Changes not staged for commit:
[2019.04.11-21.35.13:874][  0]SourceControl:   (use "git add/rm <file>..." to update what will be committed)
[2019.04.11-21.35.13:874][  0]SourceControl:   (use "git checkout -- <file>..." to discard changes in working directory)
[2019.04.11-21.35.13:874][  0]SourceControl: 	modified:   Illuminate/Content/Creations/Ability.uasset
[2019.04.11-21.35.13:874][  0]SourceControl: 	modified:   Illuminate/Content/Creations/GInstances/mainPC.uasset
[2019.04.11-21.35.13:874][  0]SourceControl: 	modified:   Illuminate/Content/Creations/Maps/MainMenu.umap
[2019.04.11-21.35.13:874][  0]SourceControl: 	modified:   Illuminate/Content/Creations/Maps/MainMenu_BuiltData.uasset
[2019.04.11-21.35.13:874][  0]SourceControl: 	modified:   Illuminate/Content/Creations/Other/playerProfile.uasset
[2019.04.11-21.35.13:874][  0]SourceControl: 	modified:   Illuminate/Content/Creations/Other/testTwinstickPawn.uasset
[2019.04.11-21.35.13:874][  0]SourceControl: 	modified:   Illuminate/Content/Creations/Skills/Axes.uasset
[2019.04.11-21.35.13:874][  0]SourceControl: 	modified:   Illuminate/Content/Creations/Skills/BigAxes.uasset
[2019.04.11-21.35.13:874][  0]SourceControl: 	modified:   Illuminate/Content/Creations/Skills/Dash.uasset
[2019.04.11-21.35.13:874][  0]SourceControl: 	modified:   Illuminate/Content/Creations/Skills/Detonate.uasset
[2019.04.11-21.35.13:874][  0]SourceControl: 	modified:   Illuminate/Content/Creations/Walls/Wall.uasset
[2019.04.11-21.35.13:874][  0]SourceControl: 	modified:   Illuminate/Content/Creations/Widgets/WeaponSelect.uasset
[2019.04.11-21.35.13:874][  0]SourceControl: 	modified:   Illuminate/Content/Creations/shots/CHICKEN.uasset
[2019.04.11-21.35.13:874][  0]SourceControl: 	modified:   Illuminate/Content/Creations/shots/Comet.uasset
[2019.04.11-21.35.13:874][  0]SourceControl: 	modified:   Illuminate/Content/Creations/shots/Ensnare.uasset
[2019.04.11-21.35.13:874][  0]SourceControl: 	modified:   Illuminate/Content/Creations/shots/FireBall.uasset
[2019.04.11-21.35.13:874][  0]SourceControl: 	modified:   Illuminate/Content/Creations/shots/Homer.uasset
[2019.04.11-21.35.13:874][  0]SourceControl: 	modified:   Illuminate/Content/Creations/shots/IceStorm.uasset
[2019.04.11-21.35.13:874][  0]SourceControl: 	modified:   Illuminate/Content/Creations/shots/Meteor.uasset
[2019.04.11-21.35.13:874][  0]SourceControl: 	modified:   Illuminate/Content/Creations/shots/Shockwave.uasset
[2019.04.11-21.35.13:874][  0]SourceControl: 	modified:   Illuminate/Content/Creations/shots/Swap.uasset
[2019.04.11-21.35.13:874][  0]SourceControl: 	modified:   Illuminate/Content/Creations/shots/Tornado.uasset
[2019.04.11-21.35.13:874][  0]SourceControl: 	modified:   Illuminate/Content/Creations/shots/secondaries/ChickenCoopSecondary.uasset
[2019.04.11-21.35.13:874][  0]SourceControl: 	modified:   Illuminate/Content/Creations/shots/secondaries/Meteor_secondary.uasset
[2019.04.11-21.35.13:874][  0]SourceControl: 	modified:   Illuminate/Intermediate/AssetRegistryCache/c90e3f55.bin
[2019.04.11-21.35.13:874][  0]SourceControl: 	modified:   Illuminate/Intermediate/CachedAssetRegistry.bin
[2019.04.11-21.35.13:875][  0]SourceControl: 	modified:   Illuminate/Saved/AutoScreenshot.png
[2019.04.11-21.35.13:875][  0]SourceControl: 	modified:   Illuminate/Saved/Autosaves/Game/Creations/GInstances/mainPC_Auto2.uasset
[2019.04.11-21.35.13:875][  0]SourceControl: 	modified:   Illuminate/Saved/Autosaves/Game/Creations/GInstances/mainPC_Auto3.uasset
[2019.04.11-21.35.13:875][  0]SourceControl: 	modified:   Illuminate/Saved/Autosaves/Game/Creations/GInstances/mainPC_Auto4.uasset
[2019.04.11-21.35.13:875][  0]SourceControl: 	modified:   Illuminate/Saved/Autosaves/Game/Creations/Other/testTwinstickPawn_Auto6.uasset
[2019.04.11-21.35.13:875][  0]SourceControl: 	modified:   Illuminate/Saved/Autosaves/Game/Creations/Skills/Detonate_Auto1.uasset
[2019.04.11-21.35.13:875][  0]SourceControl: 	modified:   Illuminate/Saved/Autosaves/Game/Creations/shots/Homer_Auto4.uasset
[2019.04.11-21.35.13:875][  0]SourceControl: 	deleted:    Illuminate/Saved/Backup/Ability_2019-02-20-21-51-22.uasset
[2019.04.11-21.35.13:875][  0]SourceControl: 	deleted:    Illuminate/Saved/Backup/Shot_2019-02-20-21-51-22.uasset
[2019.04.11-21.35.13:875][  0]SourceControl: 	deleted:    Illuminate/Saved/Backup/Shot_2019-02-21-16-58-30.uasset
[2019.04.11-21.35.13:875][  0]SourceControl: 	deleted:    Illuminate/Saved/Backup/Shot_2019-02-21-17-09-55.uasset
[2019.04.11-21.35.13:875][  0]SourceControl: 	deleted:    Illuminate/Saved/Backup/TestMap_2019-02-20-21-51-20.umap
[2019.04.11-21.35.13:875][  0]SourceControl: 	deleted:    Illuminate/Saved/Backup/TestMap_2019-02-21-16-58-28.umap
[2019.04.11-21.35.13:875][  0]SourceControl: 	deleted:    Illuminate/Saved/Backup/TestMap_2019-02-21-17-09-54.umap
[2019.04.11-21.35.13:875][  0]SourceControl: 	deleted:    Illuminate/Saved/Backup/WeaponsandHP_2019-02-20-21-51-22.uasset
[2019.04.11-21.35.13:875][  0]SourceControl: 	deleted:    Illuminate/Saved/Backup/mainPC_2019-02-20-21-51-09.uasset
[2019.04.11-21.35.13:875][  0]SourceControl: 	deleted:    Illuminate/Saved/Backup/mainPC_2019-02-21-16-29-27.uasset
[2019.04.11-21.35.13:875][  0]SourceControl: 	deleted:    Illuminate/Saved/Backup/mainPC_2019-02-21-16-51-46.uasset
[2019.04.11-21.35.13:875][  0]SourceControl: 	deleted:    Illuminate/Saved/Backup/mainPC_2019-02-21-16-58-29.uasset
[2019.04.11-21.35.13:875][  0]SourceControl: 	deleted:    Illuminate/Saved/Backup/mainPC_2019-02-21-17-08-51.uasset
[2019.04.11-21.35.13:875][  0]SourceControl: 	deleted:    Illuminate/Saved/Backup/testTwinstickPawn_2019-02-21-16-29-28.uasset
[2019.04.11-21.35.13:875][  0]SourceControl: 	deleted:    Illuminate/Saved/Backup/testTwinstickPawn_2019-02-21-16-58-29.uasset
[2019.04.11-21.35.13:875][  0]SourceControl: 	deleted:    Illuminate/Saved/Config/CrashReportClient/UE4CC-Windows-09679F9045451ABABFCD76AE2F4B2112/CrashReportClient.ini
[2019.04.11-21.35.13:875][  0]SourceControl: 	deleted:    Illuminate/Saved/Config/CrashReportClient/UE4CC-Windows-2C4D619B402F8D648894688AF28F686A/CrashReportClient.ini
[2019.04.11-21.35.13:875][  0]SourceControl: 	deleted:    Illuminate/Saved/Config/CrashReportClient/UE4CC-Windows-38B8083A43A58151B417CE97D101274A/CrashReportClient.ini
[2019.04.11-21.35.13:875][  0]SourceControl: 	deleted:    Illuminate/Saved/Config/CrashReportClient/UE4CC-Windows-4D9C9AB649F25EBA739B25AC48E17E6C/CrashReportClient.ini
[2019.04.11-21.35.13:875][  0]SourceControl: 	deleted:    Illuminate/Saved/Config/CrashReportClient/UE4CC-Windows-640FF1E149020D98093CEF85ADB07569/CrashReportClient.ini
[2019.04.11-21.35.13:875][  0]SourceControl: 	deleted:    Illuminate/Saved/Config/CrashReportClient/UE4CC-Windows-7413DBED4266153D23331E83A10B559F/CrashReportClient.ini
[2019.04.11-21.35.13:875][  0]SourceControl: 	deleted:    Illuminate/Saved/Config/CrashReportClient/UE4CC-Windows-91E29A814142B2FD07A2AFA3C398D362/CrashReportClient.ini
[2019.04.11-21.35.13:875][  0]SourceControl: 	deleted:    Illuminate/Saved/Config/CrashReportClient/UE4CC-Windows-9629D0254483D6D61A4180B34AF0BF05/CrashReportClient.ini
[2019.04.11-21.35.13:875][  0]SourceControl: 	deleted:    Illuminate/Saved/Config/CrashReportClient/UE4CC-Windows-A0D43D9B487687A56A86B9BE0E5CC922/CrashReportClient.ini
[2019.04.11-21.35.13:875][  0]SourceControl: 	deleted:    Illuminate/Saved/Config/CrashReportClient/UE4CC-Windows-A4A6B8A840FA6C2CB8403ABC97B2357C/CrashReportClient.ini
[2019.04.11-21.35.13:875][  0]SourceControl: 	deleted:    Illuminate/Saved/Config/CrashReportClient/UE4CC-Windows-C3AB400041903B4F99EDB59C82B48ED9/CrashReportClient.ini
[2019.04.11-21.35.13:875][  0]SourceControl: 	deleted:    Illuminate/Saved/Config/CrashReportClient/UE4CC-Windows-D18314BA4360620488231CBC504E693B/CrashReportClient.ini
[2019.04.11-21.35.13:875][  0]SourceControl: 	deleted:    Illuminate/Saved/Config/CrashReportClient/UE4CC-Windows-DB079A0E423B5836921CEEB812997568/CrashReportClient.ini
[2019.04.11-21.35.13:875][  0]SourceControl: 	deleted:    Illuminate/Saved/Config/CrashReportClient/UE4CC-Windows-EDA4C9DF4832D29DE70EE1A0603F2241/CrashReportClient.ini
[2019.04.11-21.35.13:875][  0]SourceControl: 	deleted:    Illuminate/Saved/Config/CrashReportClient/UE4CC-Windows-F04D42C648B9488CDB5A9394A3640B12/CrashReportClient.ini
[2019.04.11-21.35.13:875][  0]SourceControl: 	deleted:    Illuminate/Saved/Config/CrashReportClient/UE4CC-Windows-FB7A0C7D432570BA1B291D8C6CBDAD33/CrashReportClient.ini
[2019.04.11-21.35.13:875][  0]SourceControl: 	modified:   Illuminate/Saved/Config/Windows/EditorPerProjectUserSettings.ini
[2019.04.11-21.35.13:875][  0]SourceControl: 	modified:   Illuminate/Saved/Config/Windows/Engine.ini
[2019.04.11-21.35.13:875][  0]SourceControl: 	deleted:    Illuminate/Saved/Logs/Illuminate-backup-2019.04.05-20.33.18.log
[2019.04.11-21.35.13:875][  0]SourceControl: 	deleted:    Illuminate/Saved/Logs/Illuminate-backup-2019.04.06-11.30.41.log
[2019.04.11-21.35.13:875][  0]SourceControl: 	deleted:    Illuminate/Saved/Logs/Illuminate-backup-2019.04.06-12.42.31.log
[2019.04.11-21.35.13:875][  0]SourceControl: 	modified:   Illuminate/Saved/Logs/Illuminate.log
[2019.04.11-21.35.13:875][  0]SourceControl: 	deleted:    Illuminate/Saved/Logs/Illuminate_2-backup-2019.04.06-13.44.07.log
[2019.04.11-21.35.13:875][  0]SourceControl: 	deleted:    Illuminate/Saved/Logs/Illuminate_2-backup-2019.04.06-13.47.06.log
[2019.04.11-21.35.13:875][  0]SourceControl: 	deleted:    Illuminate/Saved/Logs/Illuminate_2-backup-2019.04.06-13.47.12.log
[2019.04.11-21.35.13:875][  0]SourceControl: 	deleted:    Illuminate/Saved/Logs/Illuminate_2-backup-2019.04.06-13.54.03.log
[2019.04.11-21.35.13:875][  0]SourceControl: 	deleted:    Illuminate/Saved/Logs/Illuminate_2-backup-2019.04.06-13.55.55.log
[2019.04.11-21.35.13:875][  0]SourceControl: 	deleted:    Illuminate/Saved/Logs/Illuminate_2-backup-2019.04.06-13.59.52.log
[2019.04.11-21.35.13:875][  0]SourceControl: 	deleted:    Illuminate/Saved/Logs/Illuminate_2-backup-2019.04.06-14.05.07.log
[2019.04.11-21.35.13:875][  0]SourceControl: 	modified:   Illuminate/Saved/Logs/Illuminate_2.log
[2019.04.11-21.35.13:875][  0]SourceControl: 	deleted:    Illuminate/Saved/Logs/Illuminate_3-backup-2019.04.06-13.40.35.log
[2019.04.11-21.35.13:876][  0]SourceControl: 	deleted:    Illuminate/Saved/Logs/Illuminate_3-backup-2019.04.06-13.44.07.log
[2019.04.11-21.35.13:876][  0]SourceControl: 	deleted:    Illuminate/Saved/Logs/Illuminate_3-backup-2019.04.06-13.47.06.log
[2019.04.11-21.35.13:876][  0]SourceControl: 	deleted:    Illuminate/Saved/Logs/Illuminate_3-backup-2019.04.06-13.47.12.log
[2019.04.11-21.35.13:876][  0]SourceControl: 	deleted:    Illuminate/Saved/Logs/Illuminate_3-backup-2019.04.06-13.54.03.log
[2019.04.11-21.35.13:876][  0]SourceControl: 	deleted:    Illuminate/Saved/Logs/Illuminate_3-backup-2019.04.06-13.55.55.log
[2019.04.11-21.35.13:876][  0]SourceControl: 	deleted:    Illuminate/Saved/Logs/Illuminate_3-backup-2019.04.06-13.59.52.log
[2019.04.11-21.35.13:876][  0]SourceControl: 	deleted:    Illuminate/Saved/Logs/Illuminate_3-backup-2019.04.06-14.05.08.log
[2019.04.11-21.35.13:876][  0]SourceControl: 	modified:   Illuminate/Saved/Logs/Illuminate_3.log
[2019.04.11-21.35.13:876][  0]SourceControl: 	deleted:    Illuminate/Saved/Logs/Illuminate_4-backup-2019.04.06-13.40.10.log
[2019.04.11-21.35.13:876][  0]SourceControl: 	deleted:    Illuminate/Saved/Logs/Illuminate_4-backup-2019.04.06-13.40.35.log
[2019.04.11-21.35.13:876][  0]SourceControl: 	deleted:    Illuminate/Saved/Logs/Illuminate_4-backup-2019.04.06-13.44.07.log
[2019.04.11-21.35.13:876][  0]SourceControl: 	deleted:    Illuminate/Saved/Logs/Illuminate_4-backup-2019.04.06-13.47.06.log
[2019.04.11-21.35.13:876][  0]SourceControl: 	deleted:    Illuminate/Saved/Logs/Illuminate_4-backup-2019.04.06-13.47.12.log
[2019.04.11-21.35.13:876][  0]SourceControl: 	deleted:    Illuminate/Saved/Logs/Illuminate_4-backup-2019.04.06-13.54.03.log
[2019.04.11-21.35.13:876][  0]SourceControl: 	deleted:    Illuminate/Saved/Logs/Illuminate_4-backup-2019.04.06-13.55.55.log
[2019.04.11-21.35.13:876][  0]SourceControl: 	deleted:    Illuminate/Saved/Logs/Illuminate_4-backup-2019.04.06-13.59.52.log
[2019.04.11-21.35.13:876][  0]SourceControl: 	deleted:    Illuminate/Saved/Logs/Illuminate_4-backup-2019.04.06-14.05.08.log
[2019.04.11-21.35.13:876][  0]SourceControl: 	modified:   README.md
[2019.04.11-21.35.13:876][  0]SourceControl: Untracked files:
[2019.04.11-21.35.13:876][  0]SourceControl:   (use "git add <file>..." to include in what will be committed)
[2019.04.11-21.35.13:876][  0]SourceControl: 	Illuminate/Content/MenuBuilderCarousel/
[2019.04.11-21.35.13:876][  0]SourceControl: 	Illuminate/Saved/Autosaves/Game/Creations/Other/playerProfile_Auto9.uasset
[2019.04.11-21.35.13:876][  0]SourceControl: 	Illuminate/Saved/Autosaves/Game/Creations/Skills/BigAxes_Auto7.uasset
[2019.04.11-21.35.13:876][  0]SourceControl: 	Illuminate/Saved/Autosaves/Game/Creations/Skills/BigAxes_Auto8.uasset
[2019.04.11-21.35.13:876][  0]SourceControl: 	Illuminate/Saved/Autosaves/Game/Creations/shots/Shockwave_Auto5.uasset
[2019.04.11-21.35.13:876][  0]SourceControl: 	Illuminate/Saved/Autosaves/Game/Creations/shots/Swap_Auto4.uasset
[2019.04.11-21.35.13:876][  0]SourceControl: 	Illuminate/Saved/Autosaves/Game/Creations/shots/Swap_Auto6.uasset
[2019.04.11-21.35.13:876][  0]SourceControl: 	Illuminate/Saved/Backup/Ability_2019-04-10-19-19-57.uasset
[2019.04.11-21.35.13:876][  0]SourceControl: 	Illuminate/Saved/Backup/Axes_2019-04-10-18-35-02.uasset
[2019.04.11-21.35.13:876][  0]SourceControl: 	Illuminate/Saved/Backup/Axes_2019-04-10-19-19-59.uasset
[2019.04.11-21.35.13:876][  0]SourceControl: 	Illuminate/Saved/Backup/BigAxes_2019-04-10-18-29-39.uasset
[2019.04.11-21.35.13:876][  0]SourceControl: 	Illuminate/Saved/Backup/BigAxes_2019-04-10-18-35-02.uasset
[2019.04.11-21.35.13:876][  0]SourceControl: 	Illuminate/Saved/Backup/BigAxes_2019-04-10-18-41-34.uasset
[2019.04.11-21.35.13:876][  0]SourceControl: 	Illuminate/Saved/Backup/BigAxes_2019-04-10-19-01-44.uasset
[2019.04.11-21.35.13:876][  0]SourceControl: 	Illuminate/Saved/Backup/CHICKEN_2019-04-10-19-19-57.uasset
[2019.04.11-21.35.13:876][  0]SourceControl: 	Illuminate/Saved/Backup/ChickenCoopSecondary_2019-04-10-17-47-15.uasset
[2019.04.11-21.35.13:877][  0]SourceControl: 	Illuminate/Saved/Backup/Comet_2019-04-10-19-19-57.uasset
[2019.04.11-21.35.13:877][  0]SourceControl: 	Illuminate/Saved/Backup/Dash_2019-04-10-19-19-59.uasset
[2019.04.11-21.35.13:877][  0]SourceControl: 	Illuminate/Saved/Backup/Detonate_2019-04-10-16-18-11.uasset
[2019.04.11-21.35.13:877][  0]SourceControl: 	Illuminate/Saved/Backup/Detonate_2019-04-10-16-30-20.uasset
[2019.04.11-21.35.13:877][  0]SourceControl: 	Illuminate/Saved/Backup/Detonate_2019-04-10-19-20-00.uasset
[2019.04.11-21.35.13:877][  0]SourceControl: 	Illuminate/Saved/Backup/Ensnare_2019-04-10-17-50-14.uasset
[2019.04.11-21.35.13:877][  0]SourceControl: 	Illuminate/Saved/Backup/Ensnare_2019-04-10-17-56-08.uasset
[2019.04.11-21.35.13:877][  0]SourceControl: 	Illuminate/Saved/Backup/FireBall_2019-04-10-19-19-58.uasset
[2019.04.11-21.35.13:877][  0]SourceControl: 	Illuminate/Saved/Backup/Homer_2019-04-10-17-03-06.uasset
[2019.04.11-21.35.13:877][  0]SourceControl: 	Illuminate/Saved/Backup/Homer_2019-04-10-17-27-25.uasset
[2019.04.11-21.35.13:877][  0]SourceControl: 	Illuminate/Saved/Backup/IceStorm_2019-04-10-19-19-58.uasset
[2019.04.11-21.35.13:877][  0]SourceControl: 	Illuminate/Saved/Backup/MainMenu_2019-04-10-16-52-20.umap
[2019.04.11-21.35.13:877][  0]SourceControl: 	Illuminate/Saved/Backup/MainMenu_BuiltData_2019-04-10-16-52-20.uasset
[2019.04.11-21.35.13:877][  0]SourceControl: 	Illuminate/Saved/Backup/Meteor_2019-04-10-19-19-58.uasset
[2019.04.11-21.35.13:877][  0]SourceControl: 	Illuminate/Saved/Backup/Meteor_secondary_2019-04-10-19-19-58.uasset
[2019.04.11-21.35.13:877][  0]SourceControl: 	Illuminate/Saved/Backup/Shockwave_2019-04-10-17-13-06.uasset
[2019.04.11-21.35.13:877][  0]SourceControl: 	Illuminate/Saved/Backup/Shockwave_2019-04-10-17-27-25.uasset
[2019.04.11-21.35.13:877][  0]SourceControl: 	Illuminate/Saved/Backup/Swap_2019-04-10-17-03-06.uasset
[2019.04.11-21.35.13:877][  0]SourceControl: 	Illuminate/Saved/Backup/Swap_2019-04-10-17-27-26.uasset
[2019.04.11-21.35.13:877][  0]SourceControl: 	Illuminate/Saved/Backup/Swap_2019-04-10-17-38-03.uasset
[2019.04.11-21.35.13:877][  0]SourceControl: 	Illuminate/Saved/Backup/Swap_2019-04-10-17-47-16.uasset
[2019.04.11-21.35.13:877][  0]SourceControl: 	Illuminate/Saved/Backup/Swap_2019-04-10-17-56-08.uasset
[2019.04.11-21.35.13:877][  0]SourceControl: 	Illuminate/Saved/Backup/Tornado_2019-04-10-19-19-59.uasset
[2019.04.11-21.35.13:877][  0]SourceControl: 	Illuminate/Saved/Backup/Wall_2019-04-10-19-20-00.uasset
[2019.04.11-21.35.13:877][  0]SourceControl: 	Illuminate/Saved/Backup/WeaponSelect_2019-04-10-17-27-26.uasset
[2019.04.11-21.35.13:877][  0]SourceControl: 	Illuminate/Saved/Backup/WeaponSelect_2019-04-10-17-47-16.uasset
[2019.04.11-21.35.13:877][  0]SourceControl: 	Illuminate/Saved/Backup/WeaponSelect_2019-04-10-18-29-39.uasset
[2019.04.11-21.35.13:877][  0]SourceControl: 	Illuminate/Saved/Backup/WeaponSelect_2019-04-10-19-00-21.uasset
[2019.04.11-21.35.13:877][  0]SourceControl: 	Illuminate/Saved/Backup/mainPC_2019-04-10-16-30-12.uasset
[2019.04.11-21.35.13:877][  0]SourceControl: 	Illuminate/Saved/Backup/mainPC_2019-04-10-16-42-47.uasset
[2019.04.11-21.35.13:877][  0]SourceControl: 	Illuminate/Saved/Backup/mainPC_2019-04-10-16-48-10.uasset
[2019.04.11-21.35.13:877][  0]SourceControl: 	Illuminate/Saved/Backup/mainPC_2019-04-10-17-03-05.uasset
[2019.04.11-21.35.13:877][  0]SourceControl: 	Illuminate/Saved/Backup/mainPC_2019-04-10-17-27-24.uasset
[2019.04.11-21.35.13:877][  0]SourceControl: 	Illuminate/Saved/Backup/mainPC_2019-04-10-18-12-04.uasset
[2019.04.11-21.35.13:877][  0]SourceControl: 	Illuminate/Saved/Backup/playerProfile_2019-04-10-18-55-17.uasset
[2019.04.11-21.35.13:877][  0]SourceControl: 	Illuminate/Saved/Backup/playerProfile_2019-04-10-19-01-44.uasset
[2019.04.11-21.35.13:877][  0]SourceControl: 	Illuminate/Saved/Backup/testTwinstickPawn_2019-04-10-17-38-02.uasset
[2019.04.11-21.35.13:877][  0]SourceControl: 	Illuminate/Saved/Backup/testTwinstickPawn_2019-04-10-17-47-14.uasset
[2019.04.11-21.35.13:877][  0]SourceControl: 	Illuminate/Saved/Backup/testTwinstickPawn_2019-04-10-17-56-07.uasset
[2019.04.11-21.35.13:877][  0]SourceControl: 	Illuminate/Saved/Backup/testTwinstickPawn_2019-04-10-18-12-05.uasset
[2019.04.11-21.35.13:877][  0]SourceControl: 	Illuminate/Saved/Config/CrashReportClient/UE4CC-Windows-04400C9243FBEC0D000C0DAC301B9C01/
[2019.04.11-21.35.13:877][  0]SourceControl: 	Illuminate/Saved/Config/CrashReportClient/UE4CC-Windows-1AAA755A4D5D676E09B7F09C8BB8D918/
[2019.04.11-21.35.13:877][  0]SourceControl: 	Illuminate/Saved/Config/CrashReportClient/UE4CC-Windows-1F51494C43A58F8BE5DE7FBB99D67F49/
[2019.04.11-21.35.13:877][  0]SourceControl: 	Illuminate/Saved/Config/CrashReportClient/UE4CC-Windows-2C49C1CA4C36CDD0D7207A8298E22D91/
[2019.04.11-21.35.13:877][  0]SourceControl: 	Illuminate/Saved/Config/CrashReportClient/UE4CC-Windows-4060B53C45B8E439A6157C8D29F81908/
[2019.04.11-21.35.13:877][  0]SourceControl: 	Illuminate/Saved/Config/CrashReportClient/UE4CC-Windows-4521518A410ADBF5A3705C8A3E6FAE0E/
[2019.04.11-21.35.13:877][  0]SourceControl: 	Illuminate/Saved/Config/CrashReportClient/UE4CC-Windows-7C3C0137455991CCF75BBB9242526A12/
[2019.04.11-21.35.13:877][  0]SourceControl: 	Illuminate/Saved/Config/CrashReportClient/UE4CC-Windows-7F83C5E24993332906D01B95B5C13971/
[2019.04.11-21.35.13:877][  0]SourceControl: 	Illuminate/Saved/Config/CrashReportClient/UE4CC-Windows-910E19294422D17BCD0995AA1B2060C4/
[2019.04.11-21.35.13:877][  0]SourceControl: 	Illuminate/Saved/Config/CrashReportClient/UE4CC-Windows-B10B04AE4301343605EBE3B37A274AF8/
[2019.04.11-21.35.13:877][  0]SourceControl: 	Illuminate/Saved/Config/CrashReportClient/UE4CC-Windows-C0E3D04B4AD292EBF8086887E214916A/
[2019.04.11-21.35.13:877][  0]SourceControl: 	Illuminate/Saved/Config/CrashReportClient/UE4CC-Windows-C735E7144ABEE32E1AA13D92A3D1CDD8/
[2019.04.11-21.35.13:877][  0]SourceControl: 	Illuminate/Saved/Config/CrashReportClient/UE4CC-Windows-D4E6E49B4A4A4B1CC5353BBDAC352ECE/
[2019.04.11-21.35.13:878][  0]SourceControl: 	Illuminate/Saved/Config/CrashReportClient/UE4CC-Windows-E28A152543ADDED33B64E8B3D64A002F/
[2019.04.11-21.35.13:878][  0]SourceControl: 	Illuminate/Saved/Logs/Illuminate-backup-2019.04.10-15.47.45.log
[2019.04.11-21.35.13:878][  0]SourceControl: 	Illuminate/Saved/Logs/Illuminate-backup-2019.04.10-19.09.28.log
[2019.04.11-21.35.13:878][  0]SourceControl: 	Illuminate/Saved/Logs/Illuminate-backup-2019.04.11-14.30.34.log
[2019.04.11-21.35.13:878][  0]SourceControl: 	Illuminate/Saved/Logs/Illuminate_2-backup-2019.04.10-17.27.33.log
[2019.04.11-21.35.13:878][  0]SourceControl: 	Illuminate/Saved/Logs/Illuminate_2-backup-2019.04.10-17.47.21.log
[2019.04.11-21.35.13:878][  0]SourceControl: 	Illuminate/Saved/Logs/Illuminate_2-backup-2019.04.10-17.50.22.log
[2019.04.11-21.35.13:878][  0]SourceControl: 	Illuminate/Saved/Logs/Illuminate_2-backup-2019.04.10-17.56.14.log
[2019.04.11-21.35.13:878][  0]SourceControl: 	Illuminate/Saved/Logs/Illuminate_2-backup-2019.04.10-18.28.15.log
[2019.04.11-21.35.13:878][  0]SourceControl: 	Illuminate/Saved/Logs/Illuminate_2-backup-2019.04.10-18.29.47.log
[2019.04.11-21.35.13:878][  0]SourceControl: 	Illuminate/Saved/Logs/Illuminate_3-backup-2019.04.10-17.27.33.log
[2019.04.11-21.35.13:878][  0]SourceControl: 	Illuminate/Saved/Logs/Illuminate_3-backup-2019.04.10-17.47.21.log
[2019.04.11-21.35.13:878][  0]SourceControl: 	Illuminate/Saved/Logs/Illuminate_3-backup-2019.04.10-17.50.22.log
[2019.04.11-21.35.13:878][  0]SourceControl: 	Illuminate/Saved/Logs/Illuminate_3-backup-2019.04.10-17.56.14.log
[2019.04.11-21.35.13:878][  0]SourceControl: 	Illuminate/Saved/Logs/Illuminate_3-backup-2019.04.10-18.28.15.log
[2019.04.11-21.35.13:921][  0]LogContentStreaming: Texture pool size now 1000 MB
[2019.04.11-21.35.15:334][  1]LogSlate: Took 0.088082 seconds to synchronously load lazily loaded font '../../../Engine/Content/Slate/Fonts/Roboto-Light.ttf' (159K)
[2019.04.11-21.35.15:630][  2]LogSlate: Took 0.000336 seconds to synchronously load lazily loaded font '../../../Engine/Content/Slate/Fonts/Roboto-Light.ttf' (159K)
[2019.04.11-21.35.16:247][  4]LogAssetRegistry: Asset discovery search completed in 197.7170 seconds
[2019.04.11-21.35.16:378][  4]LogCollectionManager: Rebuilt the object cache for 0 collections in 0.000000 seconds (found 0 objects)
[2019.04.11-21.35.16:378][  4]LogCollectionManager: Fixed up redirectors for 0 collections in 0.000078 seconds (updated 0 objects)
[2019.04.11-22.40.35:505][305]Cmd: QUIT_EDITOR
[2019.04.11-22.40.35:544][305]LogWindowsTextInputMethodSystem: Display: IME system now deactivated.
[2019.04.11-22.40.35:573][305]LogExit: Preparing to exit.
[2019.04.11-22.40.36:577][305]LogDirectoryWatcher: A directory notification for 'C:/Users/lockw/OneDrive/Documents/Unreal Projects/Illuminate/Content/' was aborted.
[2019.04.11-22.40.36:835][305]LogExit: Editor shut down
[2019.04.11-22.40.36:874][305]LogExit: Transaction tracking system shut down
[2019.04.11-22.40.37:328][305]LogDirectoryWatcher: A directory notification for '../../../Engine/Content/' was aborted.
[2019.04.11-22.40.37:328][305]LogDirectoryWatcher: A directory notification for '../../../../../../Users/lockw/OneDrive/Documents/Unreal Projects/Illuminate/Content/' was aborted.
[2019.04.11-22.40.37:328][305]LogDirectoryWatcher: A directory notification for '../../../Engine/Plugins/2D/Paper2D/Content/' was aborted.
[2019.04.11-22.40.37:328][305]LogDirectoryWatcher: A directory notification for '../../../Engine/Plugins/Media/MediaCompositing/Content/' was aborted.
[2019.04.11-22.40.37:328][305]LogDirectoryWatcher: A directory notification for '../../../Engine/Plugins/Runtime/AppleARKit/Content/' was aborted.
[2019.04.11-22.40.37:329][305]LogDirectoryWatcher: A directory notification for '../../../Engine/Plugins/Runtime/Oculus/OculusVR/Content/' was aborted.
[2019.04.11-22.40.37:329][305]LogDirectoryWatcher: A directory notification for '../../../Engine/Plugins/Runtime/Steam/SteamVR/Content/' was aborted.
[2019.04.11-22.40.37:503][305]LogExit: Object subsystem successfully closed.
[2019.04.11-22.40.37:546][305]LogD3D11RHI: Shutdown
[2019.04.11-22.40.37:546][305]LogD3D11RHI: CleanupD3DDevice
[2019.04.11-22.40.37:553][305]LogD3D11RHI: ~FD3D11DynamicRHI
[2019.04.11-22.40.37:600][305]LogModuleManager: Shutting down and abandoning module HierarchicalLODOutliner (564)
[2019.04.11-22.40.37:600][305]LogModuleManager: Shutting down and abandoning module AddContentDialog (562)
[2019.04.11-22.40.37:600][305]LogDirectoryWatcher: A directory notification for 'C:/Program Files/Epic Games/UE_4.18/FeaturePacks/' was aborted.
[2019.04.11-22.40.37:608][305]LogModuleManager: Shutting down and abandoning module WidgetCarousel (561)
[2019.04.11-22.40.37:608][305]LogModuleManager: Shutting down and abandoning module EditorWidgets (558)
[2019.04.11-22.40.37:608][305]LogModuleManager: Shutting down and abandoning module CollectionManager (556)
[2019.04.11-22.40.37:608][305]LogDirectoryWatcher: A directory notification for 'C:/Users/lockw/OneDrive/Documents/Unreal Projects/Illuminate/Content/Collections/' was aborted.
[2019.04.11-22.40.37:609][305]LogDirectoryWatcher: A directory notification for 'C:/Users/lockw/OneDrive/Documents/Unreal Projects/Illuminate/Content/Developers/Alex/Collections/' was aborted.
[2019.04.11-22.40.37:609][305]LogDirectoryWatcher: A directory notification for 'C:/Users/lockw/OneDrive/Documents/Unreal Projects/Illuminate/Saved/Collections/' was aborted.
[2019.04.11-22.40.37:609][305]LogModuleManager: Shutting down and abandoning module StatsViewer (554)
[2019.04.11-22.40.37:609][305]LogModuleManager: Shutting down and abandoning module FoliageEdit (552)
[2019.04.11-22.40.37:609][305]LogModuleManager: Shutting down and abandoning module LandscapeEditor (550)
[2019.04.11-22.40.37:609][305]LogModuleManager: Shutting down and abandoning module MeshPaintMode (548)
[2019.04.11-22.40.37:609][305]LogModuleManager: Shutting down and abandoning module SceneDepthPickerMode (546)
[2019.04.11-22.40.37:609][305]LogModuleManager: Shutting down and abandoning module ActorPickerMode (544)
[2019.04.11-22.40.37:609][305]LogModuleManager: Shutting down and abandoning module GeometryMode (542)
[2019.04.11-22.40.37:609][305]LogModuleManager: Shutting down and abandoning module TextureAlignMode (540)
[2019.04.11-22.40.37:609][305]LogModuleManager: Shutting down and abandoning module BspMode (538)
[2019.04.11-22.40.37:609][305]LogModuleManager: Shutting down and abandoning module PIEPreviewDeviceProfileSelector (536)
[2019.04.11-22.40.37:609][305]LogModuleManager: Shutting down and abandoning module HardwareSurvey (534)
[2019.04.11-22.40.37:609][305]LogModuleManager: Shutting down and abandoning module SequenceRecorderSections (532)
[2019.04.11-22.40.37:609][305]LogModuleManager: Shutting down and abandoning module AutomationWorker (530)
[2019.04.11-22.40.37:609][305]LogModuleManager: Shutting down and abandoning module MatineeToLevelSequence (528)
[2019.04.11-22.40.37:610][305]LogModuleManager: Shutting down and abandoning module LevelSequenceEditor (526)
[2019.04.11-22.40.37:610][305]LogModuleManager: Shutting down and abandoning module PlacementMode (525)
[2019.04.11-22.40.37:610][305]LogModuleManager: Shutting down and abandoning module WmfMediaFactory (522)
[2019.04.11-22.40.37:610][305]LogModuleManager: Shutting down and abandoning module WmfMediaEditor (520)
[2019.04.11-22.40.37:610][305]LogModuleManager: Shutting down and abandoning module OpenExrWrapper (518)
[2019.04.11-22.40.37:610][305]LogModuleManager: Shutting down and abandoning module ImgMediaFactory (516)
[2019.04.11-22.40.37:610][305]LogModuleManager: Shutting down and abandoning module ImgMediaEditor (514)
[2019.04.11-22.40.37:610][305]LogModuleManager: Shutting down and abandoning module AvfMediaFactory (512)
[2019.04.11-22.40.37:610][305]LogModuleManager: Shutting down and abandoning module AvfMediaEditor (510)
[2019.04.11-22.40.37:610][305]LogModuleManager: Shutting down and abandoning module AndroidMediaFactory (508)
[2019.04.11-22.40.37:610][305]LogModuleManager: Shutting down and abandoning module AndroidMediaEditor (506)
[2019.04.11-22.40.37:610][305]LogModuleManager: Shutting down and abandoning module CharacterAI (504)
[2019.04.11-22.40.37:610][305]LogModuleManager: Shutting down and abandoning module AudioCapture (502)
[2019.04.11-22.40.37:610][305]LogModuleManager: Shutting down and abandoning module SequenceRecorder (501)
[2019.04.11-22.40.37:610][305]LogModuleManager: Shutting down and abandoning module SmartSnapping (498)
[2019.04.11-22.40.37:610][305]LogModuleManager: Shutting down and abandoning module SessionServices (496)
[2019.04.11-22.40.37:610][305]LogModuleManager: Shutting down and abandoning module ViewportSnapping (494)
[2019.04.11-22.40.37:610][305]LogModuleManager: Shutting down and abandoning module ViewportInteraction (492)
[2019.04.11-22.40.37:610][305]LogModuleManager: Shutting down and abandoning module ClothPainter (490)
[2019.04.11-22.40.37:610][305]LogModuleManager: Shutting down and abandoning module SkeletalMeshEditor (489)
[2019.04.11-22.40.37:610][305]LogModuleManager: Shutting down and abandoning module LogVisualizer (486)
[2019.04.11-22.40.37:611][305]LogModuleManager: Shutting down and abandoning module IntroTutorials (484)
[2019.04.11-22.40.37:611][305]LogModuleManager: Shutting down and abandoning module GameProjectGeneration (483)
[2019.04.11-22.40.37:611][305]LogModuleManager: Shutting down and abandoning module IOSPlatformEditor (480)
[2019.04.11-22.40.37:611][305]LogModuleManager: Shutting down and abandoning module HTML5PlatformEditor (478)
[2019.04.11-22.40.37:611][305]LogModuleManager: Shutting down and abandoning module AndroidPlatformEditor (476)
[2019.04.11-22.40.37:611][305]LogModuleManager: Shutting down and abandoning module AndroidDeviceDetection (475)
[2019.04.11-22.40.38:318][305]LogModuleManager: Shutting down and abandoning module WindowsPlatformEditor (472)
[2019.04.11-22.40.38:318][305]LogModuleManager: Shutting down and abandoning module IOSRuntimeSettings (470)
[2019.04.11-22.40.38:318][305]LogModuleManager: Shutting down and abandoning module AndroidRuntimeSettings (468)
[2019.04.11-22.40.38:318][305]LogModuleManager: Shutting down and abandoning module InputBindingEditor (466)
[2019.04.11-22.40.38:318][305]LogModuleManager: Shutting down and abandoning module MergeActors (464)
[2019.04.11-22.40.38:318][305]LogModuleManager: Shutting down and abandoning module SizeMap (462)
[2019.04.11-22.40.38:318][305]LogModuleManager: Shutting down and abandoning module TreeMap (460)
[2019.04.11-22.40.38:318][305]LogModuleManager: Shutting down and abandoning module ReferenceViewer (458)
[2019.04.11-22.40.38:318][305]LogModuleManager: Shutting down and abandoning module LocalizationDashboard (456)
[2019.04.11-22.40.38:318][305]LogModuleManager: Shutting down and abandoning module LocalizationService (455)
[2019.04.11-22.40.38:319][305]LogModuleManager: Shutting down and abandoning module HardwareTargeting (452)
[2019.04.11-22.40.38:319][305]LogModuleManager: Shutting down and abandoning module DeviceProfileEditor (450)
[2019.04.11-22.40.38:319][305]LogModuleManager: Shutting down and abandoning module UndoHistory (448)
[2019.04.11-22.40.38:319][305]LogModuleManager: Shutting down and abandoning module XmlParser (446)
[2019.04.11-22.40.38:319][305]LogModuleManager: Shutting down and abandoning module Blutility (444)
[2019.04.11-22.40.38:319][305]LogModuleManager: Shutting down and abandoning module ProjectSettingsViewer (442)
[2019.04.11-22.40.38:319][305]LogModuleManager: Shutting down and abandoning module ProjectTargetPlatformEditor (441)
[2019.04.11-22.40.38:320][305]LogModuleManager: Shutting down and abandoning module EditorSettingsViewer (438)
[2019.04.11-22.40.38:320][305]LogModuleManager: Shutting down and abandoning module SettingsEditor (436)
[2019.04.11-22.40.38:320][305]LogModuleManager: Shutting down and abandoning module ProjectLauncher (434)
[2019.04.11-22.40.38:320][305]LogModuleManager: Shutting down and abandoning module SessionFrontend (432)
[2019.04.11-22.40.38:320][305]LogModuleManager: Shutting down and abandoning module ProfilerClient (430)
[2019.04.11-22.40.38:320][305]LogModuleManager: Shutting down and abandoning module DeviceManager (428)
[2019.04.11-22.40.38:320][305]LogModuleManager: Shutting down and abandoning module TargetDeviceServices (427)
[2019.04.11-22.40.38:376][305]LogModuleManager: Shutting down and abandoning module AutomationController (424)
[2019.04.11-22.40.38:376][305]LogModuleManager: Shutting down and abandoning module AutomationWindow (422)
[2019.04.11-22.40.38:376][305]LogModuleManager: Shutting down and abandoning module Layers (420)
[2019.04.11-22.40.38:376][305]LogModuleManager: Shutting down and abandoning module ComponentVisualizers (418)
[2019.04.11-22.40.38:376][305]LogModuleManager: Shutting down and abandoning module DetailCustomizations (416)
[2019.04.11-22.40.38:376][305]LogModuleManager: Shutting down and abandoning module PackagesDialog (414)
[2019.04.11-22.40.38:376][305]LogModuleManager: Shutting down and abandoning module Persona (412)
[2019.04.11-22.40.38:376][305]LogModuleManager: Shutting down and abandoning module AdvancedPreviewScene (411)
[2019.04.11-22.40.38:376][305]LogModuleManager: Shutting down and abandoning module AnimGraph (409)
[2019.04.11-22.40.38:376][305]LogModuleManager: Shutting down and abandoning module Kismet (406)
[2019.04.11-22.40.38:380][305]LogModuleManager: Shutting down and abandoning module ClassViewer (404)
[2019.04.11-22.40.38:380][305]LogModuleManager: Shutting down and abandoning module Toolbox (402)
[2019.04.11-22.40.38:380][305]LogModuleManager: Shutting down and abandoning module ModuleUI (400)
[2019.04.11-22.40.38:380][305]LogModuleManager: Shutting down and abandoning module MovieSceneTools (398)
[2019.04.11-22.40.38:380][305]LogModuleManager: Shutting down and abandoning module OutputLog (396)
[2019.04.11-22.40.38:380][305]LogModuleManager: Shutting down and abandoning module GammaUI (394)
[2019.04.11-22.40.38:380][305]LogModuleManager: Shutting down and abandoning module Documentation (392)
[2019.04.11-22.40.38:380][305]LogModuleManager: Shutting down and abandoning module MovieSceneTracks (390)
[2019.04.11-22.40.38:380][305]LogModuleManager: Shutting down and abandoning module MovieScene (388)
[2019.04.11-22.40.38:380][305]LogModuleManager: Shutting down and abandoning module StreamingPauseRendering (386)
[2019.04.11-22.40.38:380][305]LogModuleManager: Shutting down and abandoning module LauncherPlatform (384)
[2019.04.11-22.40.38:381][305]LogModuleManager: Shutting down and abandoning module AnalyticsET (382)
[2019.04.11-22.40.38:381][305]LogModuleManager: Shutting down and abandoning module PortalServices (380)
[2019.04.11-22.40.38:381][305]LogModuleManager: Shutting down and abandoning module PortalRpc (378)
[2019.04.11-22.40.38:381][305]LogModuleManager: Shutting down and abandoning module MessagingRpc (376)
[2019.04.11-22.40.38:381][305]LogModuleManager: Shutting down and abandoning module AIModule (374)
[2019.04.11-22.40.38:381][305]LogModuleManager: Shutting down and abandoning module GameplayDebugger (373)
[2019.04.11-22.40.38:381][305]LogModuleManager: Shutting down and abandoning module AITestSuite (371)
[2019.04.11-22.40.38:381][305]LogModuleManager: Shutting down and abandoning module DesktopPlatform (368)
[2019.04.11-22.40.38:381][305]LogModuleManager: Shutting down and abandoning module ProfilerService (366)
[2019.04.11-22.40.38:609][305]LogModuleManager: Shutting down and abandoning module TaskGraph (364)
[2019.04.11-22.40.38:609][305]LogModuleManager: Shutting down and abandoning module SteamVRController (362)
[2019.04.11-22.40.38:610][305]LogModuleManager: Shutting down and abandoning module ProceduralMeshComponentEditor (360)
[2019.04.11-22.40.38:610][305]LogModuleManager: Shutting down and abandoning module ProceduralMeshComponent (358)
[2019.04.11-22.40.38:610][305]LogModuleManager: Shutting down and abandoning module OculusInput (356)
[2019.04.11-22.40.38:610][305]LogModuleManager: Shutting down and abandoning module MobilePatchingUtils (354)
[2019.04.11-22.40.38:610][305]LogModuleManager: Shutting down and abandoning module CustomMeshComponent (352)
[2019.04.11-22.40.38:610][305]LogModuleManager: Shutting down and abandoning module CableComponent (350)
[2019.04.11-22.40.38:610][305]LogModuleManager: Shutting down and abandoning module ArchVisCharacter (348)
[2019.04.11-22.40.38:610][305]LogModuleManager: Shutting down and abandoning module AndroidPermission (346)
[2019.04.11-22.40.38:610][305]LogModuleManager: Shutting down and abandoning module LoginFlow (344)
[2019.04.11-22.40.38:610][305]LogModuleManager: Shutting down and abandoning module Rejoin (342)
[2019.04.11-22.40.38:610][305]LogModuleManager: Shutting down and abandoning module Hotfix (340)
[2019.04.11-22.40.38:610][305]LogModuleManager: Shutting down and abandoning module Lobby (338)
[2019.04.11-22.40.38:610][305]LogModuleManager: Shutting down and abandoning module Party (336)
[2019.04.11-22.40.38:610][305]LogModuleManager: Shutting down and abandoning module Qos (334)
[2019.04.11-22.40.38:610][305]LogModuleManager: Shutting down and abandoning module ActorSequence (332)
[2019.04.11-22.40.38:610][305]LogModuleManager: Shutting down and abandoning module MediaPlayerEditor (330)
[2019.04.11-22.40.38:610][305]LogModuleManager: Shutting down and abandoning module MediaCompositingEditor (328)
[2019.04.11-22.40.38:610][305]LogModuleManager: Shutting down and abandoning module MediaCompositing (326)
[2019.04.11-22.40.38:610][305]LogModuleManager: Shutting down and abandoning module HTML5Networking (324)
[2019.04.11-22.40.38:610][305]LogModuleManager: Shutting down and abandoning module AlembicImporter (322)
[2019.04.11-22.40.38:610][305]LogModuleManager: Shutting down and abandoning module AlembicLibrary (321)
[2019.04.11-22.40.38:610][305]LogModuleManager: Shutting down and abandoning module GeometryCache (320)
[2019.04.11-22.40.38:610][305]LogModuleManager: Shutting down and abandoning module GeometryCacheEd (319)
[2019.04.11-22.40.38:610][305]LogModuleManager: Shutting down and abandoning module SpeedTreeImporter (314)
[2019.04.11-22.40.38:610][305]LogModuleManager: Shutting down and abandoning module PluginBrowser (312)
[2019.04.11-22.40.38:610][305]LogModuleManager: Shutting down and abandoning module MobileLauncherProfileWizard (310)
[2019.04.11-22.40.38:610][305]LogModuleManager: Shutting down and abandoning module VisualStudioSourceCodeAccess (308)
[2019.04.11-22.40.38:610][305]LogModuleManager: Shutting down and abandoning module VisualStudioCodeSourceCodeAccess (306)
[2019.04.11-22.40.38:610][305]LogModuleManager: Shutting down and abandoning module UObjectPlugin (304)
[2019.04.11-22.40.38:611][305]LogModuleManager: Shutting down and abandoning module SubversionSourceControl (302)
[2019.04.11-22.40.38:611][305]LogModuleManager: Shutting down and abandoning module PerforceSourceControl (300)
[2019.04.11-22.40.38:611][305]LogModuleManager: Shutting down and abandoning module GitSourceControl (298)
[2019.04.11-22.40.38:611][305]LogModuleManager: Shutting down and abandoning module SourceControl (297)
[2019.04.11-22.40.38:611][305]LogModuleManager: Shutting down and abandoning module LightPropagationVolumeEditor (294)
[2019.04.11-22.40.38:611][305]LogModuleManager: Shutting down and abandoning module PaperTiledImporter (292)
[2019.04.11-22.40.38:611][305]LogModuleManager: Shutting down and abandoning module PaperSpriteSheetImporter (290)
[2019.04.11-22.40.38:611][305]LogModuleManager: Shutting down and abandoning module Paper2DEditor (288)
[2019.04.11-22.40.38:611][305]LogModuleManager: Shutting down and abandoning module MeshPaint (287)
[2019.04.11-22.40.38:611][305]LogModuleManager: Shutting down and abandoning module LevelEditor (285)
[2019.04.11-22.40.38:613][305]LogModuleManager: Shutting down and abandoning module PixelInspectorModule (284)
[2019.04.11-22.40.38:614][305]LogModuleManager: Shutting down and abandoning module MainFrame (282)
[2019.04.11-22.40.38:614][305]LogModuleManager: Shutting down and abandoning module HotReload (281)
[2019.04.11-22.40.38:614][305]LogDirectoryWatcher: A directory notification for 'C:/Users/lockw/OneDrive/Documents/Unreal Projects/Illuminate/Binaries/Win64' was aborted.
[2019.04.11-22.40.38:614][305]LogDirectoryWatcher: A directory notification for 'C:/Users/lockw/OneDrive/Documents/Unreal Projects/Illuminate/Plugins/AdvancedSessions/Binaries/Win64' was aborted.
[2019.04.11-22.40.38:614][305]LogDirectoryWatcher: A directory notification for 'C:/Users/lockw/OneDrive/Documents/Unreal Projects/Illuminate/Plugins/AdvancedSteamSessions/Binaries/Win64' was aborted.
[2019.04.11-22.40.38:615][305]LogModuleManager: Shutting down and abandoning module AdvancedSteamSessions (276)
[2019.04.11-22.40.38:615][305]LogModuleManager: Shutting down and abandoning module AdvancedSessions (274)
[2019.04.11-22.40.38:615][305]LogModuleManager: Shutting down and abandoning module RuntimePhysXCooking (272)
[2019.04.11-22.40.38:615][305]LogModuleManager: Shutting down and abandoning module PhysXVehiclesEditor (270)
[2019.04.11-22.40.38:615][305]LogModuleManager: Shutting down and abandoning module PhysXVehicles (268)
[2019.04.11-22.40.38:615][305]LogModuleManager: Shutting down and abandoning module OculusEditor (266)
[2019.04.11-22.40.38:615][305]LogModuleManager: Shutting down and abandoning module LocationServicesBPLibrary (264)
[2019.04.11-22.40.38:615][305]LogModuleManager: Shutting down and abandoning module ImmediatePhysicsEditor (262)
[2019.04.11-22.40.38:615][305]LogModuleManager: Shutting down and abandoning module ImmediatePhysics (260)
[2019.04.11-22.40.38:615][305]LogModuleManager: Shutting down and abandoning module UdpMessaging (258)
[2019.04.11-22.40.38:716][305]LogModuleManager: Shutting down and abandoning module TcpMessaging (256)
[2019.04.11-22.40.38:817][305]LogModuleManager: Shutting down and abandoning module GameplayTagsEditor (254)
[2019.04.11-22.40.38:817][305]LogModuleManager: Shutting down and abandoning module FacialAnimationEditor (252)
[2019.04.11-22.40.38:817][305]LogModuleManager: Shutting down and abandoning module FacialAnimation (250)
[2019.04.11-22.40.38:817][305]LogModuleManager: Shutting down and abandoning module AssetManagerEditor (248)
[2019.04.11-22.40.38:817][305]LogModuleManager: Shutting down and abandoning module GraphEditor (247)
[2019.04.11-22.40.38:817][305]LogModuleManager: Shutting down and abandoning module ContentBrowser (245)
[2019.04.11-22.40.38:821][305]LogModuleManager: Shutting down and abandoning module LightPropagationVolumeRuntime (242)
[2019.04.11-22.40.38:821][305]LogModuleManager: Shutting down and abandoning module Paper2D (240)
[2019.04.11-22.40.38:821][305]LogModuleManager: Shutting down and abandoning module WindowsMoviePlayer (238)
[2019.04.11-22.40.38:821][305]LogModuleManager: Shutting down and abandoning module WmfMedia (236)
[2019.04.11-22.40.38:826][305]LogModuleManager: Shutting down and abandoning module ImgMedia (234)
[2019.04.11-22.40.38:826][305]LogModuleManager: Shutting down and abandoning module PacketHandler (232)
[2019.04.11-22.40.38:826][305]LogModuleManager: Shutting down and abandoning module ClothingSystemEditor (230)
[2019.04.11-22.40.38:826][305]LogModuleManager: Shutting down and abandoning module ClothingSystemRuntime (228)
[2019.04.11-22.40.38:826][305]LogModuleManager: Shutting down and abandoning module MediaAssets (226)
[2019.04.11-22.40.38:826][305]LogModuleManager: Shutting down and abandoning module Media (225)
[2019.04.11-22.40.38:833][305]LogModuleManager: Shutting down and abandoning module Overlay (222)
[2019.04.11-22.40.38:833][305]LogModuleManager: Shutting down and abandoning module OverlayEditor (221)
[2019.04.11-22.40.38:833][305]LogModuleManager: Shutting down and abandoning module VREditor (218)
[2019.04.11-22.40.38:833][305]LogModuleManager: Shutting down and abandoning module StringTableEditor (216)
[2019.04.11-22.40.38:833][305]LogModuleManager: Shutting down and abandoning module GameplayTasksEditor (214)
[2019.04.11-22.40.38:833][305]LogModuleManager: Shutting down and abandoning module BehaviorTreeEditor (212)
[2019.04.11-22.40.38:833][305]LogModuleManager: Shutting down and abandoning module FunctionalTesting (210)
[2019.04.11-22.40.38:833][305]LogModuleManager: Shutting down and abandoning module CollisionAnalyzer (208)
[2019.04.11-22.40.38:833][305]LogModuleManager: Shutting down and abandoning module WorkspaceMenuStructure (207)
[2019.04.11-22.40.38:833][305]LogModuleManager: Shutting down and abandoning module UMG (204)
[2019.04.11-22.40.38:834][305]LogModuleManager: Shutting down and abandoning module UMGEditor (203)
[2019.04.11-22.40.38:834][305]LogModuleManager: Shutting down and abandoning module Sequencer (202)
[2019.04.11-22.40.38:834][305]LogModuleManager: Shutting down and abandoning module MessageLog (199)
[2019.04.11-22.40.38:834][305]LogModuleManager: Shutting down and abandoning module SlateReflector (194)
[2019.04.11-22.40.38:834][305]LogModuleManager: Shutting down and abandoning module Slate (192)
[2019.04.11-22.40.38:834][305]LogModuleManager: Shutting down and abandoning module EditorStyle (190)
[2019.04.11-22.40.38:844][305]LogModuleManager: Shutting down and abandoning module MRMesh (188)
[2019.04.11-22.40.38:844][305]LogModuleManager: Shutting down and abandoning module SourceCodeAccess (186)
[2019.04.11-22.40.38:844][305]LogModuleManager: Shutting down and abandoning module HeadMountedDisplay (184)
[2019.04.11-22.40.38:844][305]LogModuleManager: Shutting down and abandoning module XAudio2 (182)
[2019.04.11-22.40.38:844][305]LogModuleManager: Shutting down and abandoning module Networking (180)
[2019.04.11-22.40.38:844][305]LogModuleManager: Shutting down and abandoning module Core (178)
[2019.04.11-22.40.38:844][305]LogModuleManager: Shutting down and abandoning module LevelSequence (174)
[2019.04.11-22.40.38:844][305]LogModuleManager: Shutting down and abandoning module DirectoryWatcher (172)
[2019.04.11-22.40.38:854][305]LogModuleManager: Shutting down and abandoning module KismetCompiler (170)
[2019.04.11-22.40.38:854][305]LogModuleManager: Shutting down and abandoning module MeshUtilities (168)
[2019.04.11-22.40.38:855][305]LogModuleManager: Shutting down and abandoning module MeshMergeUtilities (167)
[2019.04.11-22.40.38:855][305]LogModuleManager: Shutting down and abandoning module MeshReductionInterface (166)
[2019.04.11-22.40.38:855][305]LogModuleManager: Shutting down and abandoning module SimplygonSwarm (165)
[2019.04.11-22.40.38:855][305]LogModuleManager: Shutting down and abandoning module SimplygonMeshReduction (163)
[2019.04.11-22.40.38:855][305]LogModuleManager: Shutting down and abandoning module QuadricMeshReduction (161)
[2019.04.11-22.40.38:855][305]LogModuleManager: Shutting down and abandoning module MaterialBaking (157)
[2019.04.11-22.40.38:855][305]LogModuleManager: Shutting down and abandoning module DerivedDataCache (154)
[2019.04.11-22.40.38:894][305]LogDerivedDataCache: Shutdown
[2019.04.11-22.40.38:894][305]LogModuleManager: Shutting down and abandoning module TargetPlatform (152)
[2019.04.11-22.40.38:895][305]LogModuleManager: Shutting down and abandoning module VulkanShaderFormat (151)
[2019.04.11-22.40.38:895][305]LogModuleManager: Shutting down and abandoning module ShaderFormatVectorVM (149)
[2019.04.11-22.40.38:895][305]LogModuleManager: Shutting down and abandoning module ShaderFormatOpenGL (147)
[2019.04.11-22.40.38:895][305]LogModuleManager: Shutting down and abandoning module ShaderFormatD3D (145)
[2019.04.11-22.40.38:895][305]LogModuleManager: Shutting down and abandoning module MetalShaderFormat (143)
[2019.04.11-22.40.38:895][305]LogModuleManager: Shutting down and abandoning module TextureFormatUncompressed (141)
[2019.04.11-22.40.38:895][305]LogModuleManager: Shutting down and abandoning module TextureFormatPVR (139)
[2019.04.11-22.40.38:895][305]LogModuleManager: Shutting down and abandoning module TextureFormatDXT (137)
[2019.04.11-22.40.38:895][305]LogModuleManager: Shutting down and abandoning module TextureFormatIntelISPCTexComp (135)
[2019.04.11-22.40.38:895][305]LogModuleManager: Shutting down and abandoning module TextureFormatASTC (133)
[2019.04.11-22.40.38:895][305]LogModuleManager: Shutting down and abandoning module ImageWrapper (132)
[2019.04.11-22.40.38:895][305]LogModuleManager: Shutting down and abandoning module TextureFormatAndroid (129)
[2019.04.11-22.40.38:895][305]LogModuleManager: Shutting down and abandoning module AudioFormatOpus (127)
[2019.04.11-22.40.38:896][305]LogModuleManager: Shutting down and abandoning module AudioFormatOgg (125)
[2019.04.11-22.40.38:896][305]LogModuleManager: Shutting down and abandoning module AudioFormatADPCM (123)
[2019.04.11-22.40.38:896][305]LogModuleManager: Shutting down and abandoning module LinuxTargetPlatform (121)
[2019.04.11-22.40.38:896][305]LogModuleManager: Shutting down and abandoning module LinuxServerTargetPlatform (119)
[2019.04.11-22.40.38:896][305]LogModuleManager: Shutting down and abandoning module LinuxNoEditorTargetPlatform (117)
[2019.04.11-22.40.38:896][305]LogModuleManager: Shutting down and abandoning module LinuxClientTargetPlatform (115)
[2019.04.11-22.40.38:896][305]LogModuleManager: Shutting down and abandoning module TVOSTargetPlatform (113)
[2019.04.11-22.40.38:896][305]LogModuleManager: Shutting down and abandoning module Messaging (111)
[2019.04.11-22.40.38:896][305]LogModuleManager: Shutting down and abandoning module IOSTargetPlatform (109)
[2019.04.11-22.40.38:896][305]LogModuleManager: Shutting down and abandoning module HTML5TargetPlatform (107)
[2019.04.11-22.40.38:896][305]LogModuleManager: Shutting down and abandoning module AndroidTargetPlatform (105)
[2019.04.11-22.40.38:896][305]LogModuleManager: Shutting down and abandoning module Android_PVRTCTargetPlatform (103)
[2019.04.11-22.40.38:896][305]LogModuleManager: Shutting down and abandoning module Android_MultiTargetPlatform (101)
[2019.04.11-22.40.38:896][305]LogModuleManager: Shutting down and abandoning module Android_ETC2TargetPlatform (99)
[2019.04.11-22.40.38:896][305]LogModuleManager: Shutting down and abandoning module Android_ETC1TargetPlatform (97)
[2019.04.11-22.40.38:896][305]LogModuleManager: Shutting down and abandoning module Android_DXTTargetPlatform (95)
[2019.04.11-22.40.38:896][305]LogModuleManager: Shutting down and abandoning module Android_ATCTargetPlatform (93)
[2019.04.11-22.40.38:896][305]LogModuleManager: Shutting down and abandoning module Android_ASTCTargetPlatform (91)
[2019.04.11-22.40.38:896][305]LogModuleManager: Shutting down and abandoning module WindowsTargetPlatform (89)
[2019.04.11-22.40.38:897][305]LogModuleManager: Shutting down and abandoning module WindowsServerTargetPlatform (87)
[2019.04.11-22.40.38:897][305]LogModuleManager: Shutting down and abandoning module WindowsNoEditorTargetPlatform (85)
[2019.04.11-22.40.38:897][305]LogModuleManager: Shutting down and abandoning module WindowsClientTargetPlatform (83)
[2019.04.11-22.40.38:897][305]LogModuleManager: Shutting down and abandoning module MacTargetPlatform (81)
[2019.04.11-22.40.38:897][305]LogModuleManager: Shutting down and abandoning module MacServerTargetPlatform (79)
[2019.04.11-22.40.38:897][305]LogModuleManager: Shutting down and abandoning module MacNoEditorTargetPlatform (77)
[2019.04.11-22.40.38:897][305]LogModuleManager: Shutting down and abandoning module MacClientTargetPlatform (75)
[2019.04.11-22.40.38:897][305]LogModuleManager: Shutting down and abandoning module AllDesktopTargetPlatform (73)
[2019.04.11-22.40.38:897][305]LogModuleManager: Shutting down and abandoning module InputCore (70)
[2019.04.11-22.40.38:897][305]LogModuleManager: Shutting down and abandoning module Settings (68)
[2019.04.11-22.40.38:898][305]LogModuleManager: Shutting down and abandoning module PhysXCooking (66)
[2019.04.11-22.40.38:898][305]LogModuleManager: Shutting down and abandoning module SteamVR (64)
[2019.04.11-22.40.38:898][305]LogModuleManager: Shutting down and abandoning module OculusHMD (62)
[2019.04.11-22.40.38:898][305]LogModuleManager: Shutting down and abandoning module ExampleDeviceProfileSelector (60)
[2019.04.11-22.40.38:898][305]LogModuleManager: Shutting down and abandoning module AppleARKit (58)
[2019.04.11-22.40.38:898][305]LogModuleManager: Shutting down and abandoning module AugmentedReality (57)
[2019.04.11-22.40.38:898][305]LogModuleManager: Shutting down and abandoning module OnlineBlueprintSupport (54)
[2019.04.11-22.40.38:898][305]LogModuleManager: Shutting down and abandoning module OnlineSubsystem (50)
[2019.04.11-22.40.38:898][305]LogOnline: Display: OSS: FOnlineSubsystemNull::Shutdown()
[2019.04.11-22.40.38:898][305]LogOnline: Display: OSS: FOnlineAsyncTaskManager::Stop() ActiveTask:0000000000000000 Tasks[0/0]
[2019.04.11-22.40.38:899][305]LogOnline: Display: OSS: FOnlineAsyncTaskManager::Exit() started
[2019.04.11-22.40.38:899][305]LogOnline: Display: OSS: FOnlineAsyncTaskManager::Exit() finished
[2019.04.11-22.40.38:899][305]LogModuleManager: Shutting down and abandoning module XMPP (43)
[2019.04.11-22.40.38:899][305]LogModuleManager: Shutting down and abandoning module HTTP (41)
[2019.04.11-22.40.38:899][305]LogHttp: Display: Http module shutting down, but needs to wait on 1 outstanding Http requests:
[2019.04.11-22.40.38:899][305]LogHttp: Display: 	verb=[POST] url=[https://datarouter.ol.epicgames.com/datarouter/api/v1/public/data?SessionID=%7BD91210F2-4BE6-2287-10EF-B69413444DC4%7D&AppID=UEEditor.Rocket.Release&AppVersion=4.18.2-3794801%2B%2B%2BUE4%2BRelease-4.18&UserID=e1c132fb4e517ca4b23e62b676153c42%7Cca1cf3a7f87946a6ac6be9dc4f608c5f%7C500511ff-5481-4efe-8d48-20748a11a0d6&AppEnvironment=datacollector-binary&UploadType=eteventstream] status=Processing
[2019.04.11-22.40.38:923][305]LogModuleManager: Shutting down and abandoning module SSL (40)
[2019.04.11-22.40.38:928][305]LogModuleManager: Shutting down and abandoning module AnimationModifiers (36)
[2019.04.11-22.40.38:928][305]LogModuleManager: Shutting down and abandoning module PropertyEditor (35)
[2019.04.11-22.40.38:928][305]LogModuleManager: Shutting down and abandoning module AudioEditor (32)
[2019.04.11-22.40.38:928][305]LogModuleManager: Shutting down and abandoning module TextureCompressor (30)
[2019.04.11-22.40.38:929][305]LogModuleManager: Shutting down and abandoning module ShaderCore (28)
[2019.04.11-22.40.38:929][305]LogModuleManager: Shutting down and abandoning module Landscape (26)
[2019.04.11-22.40.38:929][305]LogModuleManager: Shutting down and abandoning module SlateRHIRenderer (24)
[2019.04.11-22.40.38:939][305]LogModuleManager: Shutting down and abandoning module OpenGLDrv (22)
[2019.04.11-22.40.38:939][305]LogModuleManager: Shutting down and abandoning module D3D11RHI (20)
[2019.04.11-22.40.38:939][305]LogModuleManager: Shutting down and abandoning module AnimGraphRuntime (18)
[2019.04.11-22.40.38:939][305]LogModuleManager: Shutting down and abandoning module Renderer (16)
[2019.04.11-22.40.38:939][305]LogModuleManager: Shutting down and abandoning module Engine (14)
[2019.04.11-22.40.38:939][305]LogModuleManager: Shutting down and abandoning module CoreUObject (12)
[2019.04.11-22.40.38:939][305]LogModuleManager: Shutting down and abandoning module NetworkFile (10)
[2019.04.11-22.40.38:939][305]LogModuleManager: Shutting down and abandoning module CookedIterativeFile (8)
[2019.04.11-22.40.38:939][305]LogModuleManager: Shutting down and abandoning module StreamingFile (6)
[2019.04.11-22.40.38:939][305]LogModuleManager: Shutting down and abandoning module SandboxFile (4)
[2019.04.11-22.40.38:940][305]LogModuleManager: Shutting down and abandoning module PakFile (2)
[2019.04.11-22.40.38:944][305]LogExit: Exiting.
[2019.04.11-22.40.39:011][305]Log file closed, 04/11/19 15:40:39
