Log file open, 04/24/19 15:20:00
LogWindows: Failed to load 'aqProf.dll' (GetLastError=126)
LogWindows: File 'aqProf.dll' does not exist
LogWindows: Failed to load 'VtuneApi.dll' (GetLastError=126)
LogWindows: File 'VtuneApi.dll' does not exist
LogWindows: Failed to load 'VtuneApi32e.dll' (GetLastError=126)
LogWindows: File 'VtuneApi32e.dll' does not exist
LogInit: Display: Running engine for game: Illuminate
LogPlatformFile: Not using cached read wrapper
LogInit: Display: RandInit(1618025233) SRandInit(1618025233).
LogInit: Read version file with build ID '3709383'
LogInit: Overriding engine version to CL 3794801, compatible CL 3709383
LogInit: Registered custom module enumerator with build ID '3709383'
LogTaskGraph: Started task graph with 5 named threads and 14 total threads with 3 sets of task threads.
LogStats: Stats thread started at 0.265316
LogPluginManager: Warning: Plugin 'AdvancedSessions' exists at '../../../../../../Users/lockw/OneDrive/Documents/Unreal Projects/Illuminate/Plugins/AdvancedSessions/AdvancedSessions.uplugin' and '../../../../../../Users/lockw/OneDrive/Documents/Unreal Projects/Illuminate/Plugins/AdvancedSessions.uplugin' - second location will be ignored
LogD3D11RHI: Aftermath initialized
LogModuleManager: Display: Found up-to-date module file ../../../Engine/Plugins/Online/OnlineSubsystemSteam/Binaries/Win64/UE4Editor-OnlineSubsystemSteam.dll (API version 3709383).
LogModuleManager: Display: Found up-to-date module file ../../../Engine/Plugins/Online/OnlineSubsystem/Binaries/Win64/UE4Editor-OnlineSubsystem.dll (API version 3709383).
LogModuleManager: Display: Found up-to-date module file ../../../Engine/Plugins/Online/OnlineSubsystemUtils/Binaries/Win64/UE4Editor-OnlineSubsystemUtils.dll (API version 3709383).
LogModuleManager: Display: Found up-to-date module file ../../../Engine/Plugins/Online/OnlineSubsystemUtils/Binaries/Win64/UE4Editor-OnlineBlueprintSupport.dll (API version 3709383).
LogModuleManager: Display: Found up-to-date module file ../../../Engine/Plugins/Online/OnlineFramework/Binaries/Win64/UE4Editor-Qos.dll (API version 3709383).
LogModuleManager: Display: Found up-to-date module file ../../../Engine/Plugins/Online/OnlineFramework/Binaries/Win64/UE4Editor-Party.dll (API version 3709383).
LogModuleManager: Display: Found up-to-date module file ../../../Engine/Plugins/Online/OnlineFramework/Binaries/Win64/UE4Editor-Lobby.dll (API version 3709383).
LogModuleManager: Display: Found up-to-date module file ../../../Engine/Plugins/Online/OnlineFramework/Binaries/Win64/UE4Editor-Hotfix.dll (API version 3709383).
LogModuleManager: Display: Found up-to-date module file ../../../Engine/Plugins/Online/OnlineFramework/Binaries/Win64/UE4Editor-Rejoin.dll (API version 3709383).
LogModuleManager: Display: Found up-to-date module file ../../../Engine/Plugins/Online/OnlineFramework/Binaries/Win64/UE4Editor-LoginFlow.dll (API version 3709383).
LogModuleManager: Display: Found up-to-date module file ../../../Engine/Plugins/2D/Paper2D/Binaries/Win64/UE4Editor-Paper2D.dll (API version 3709383).
LogModuleManager: Display: Found up-to-date module file ../../../Engine/Plugins/2D/Paper2D/Binaries/Win64/UE4Editor-Paper2DEditor.dll (API version 3709383).
LogModuleManager: Display: Found up-to-date module file ../../../Engine/Plugins/2D/Paper2D/Binaries/Win64/UE4Editor-PaperSpriteSheetImporter.dll (API version 3709383).
LogModuleManager: Display: Found up-to-date module file ../../../Engine/Plugins/2D/Paper2D/Binaries/Win64/UE4Editor-PaperTiledImporter.dll (API version 3709383).
LogModuleManager: Display: Found up-to-date module file ../../../Engine/Plugins/2D/Paper2D/Binaries/Win64/UE4Editor-SmartSnapping.dll (API version 3709383).
LogModuleManager: Display: Found up-to-date module file ../../../Engine/Plugins/Blendables/LightPropagationVolume/Binaries/Win64/UE4Editor-LightPropagationVolumeRuntime.dll (API version 3709383).
LogModuleManager: Display: Found up-to-date module file ../../../Engine/Plugins/Blendables/LightPropagationVolume/Binaries/Win64/UE4Editor-LightPropagationVolumeEditor.dll (API version 3709383).
LogModuleManager: Display: Found up-to-date module file ../../../Engine/Plugins/Developer/GitSourceControl/Binaries/Win64/UE4Editor-GitSourceControl.dll (API version 3709383).
LogModuleManager: Display: Found up-to-date module file ../../../Engine/Plugins/Developer/PerforceSourceControl/Binaries/Win64/UE4Editor-PerforceSourceControl.dll (API version 3709383).
LogModuleManager: Display: Found up-to-date module file ../../../Engine/Plugins/Developer/SubversionSourceControl/Binaries/Win64/UE4Editor-SubversionSourceControl.dll (API version 3709383).
LogModuleManager: Display: Found up-to-date module file ../../../Engine/Plugins/Developer/UObjectPlugin/Binaries/Win64/UE4Editor-UObjectPlugin.dll (API version 3709383).
LogModuleManager: Display: Found up-to-date module file ../../../Engine/Plugins/Developer/VisualStudioCodeSourceCodeAccess/Binaries/Win64/UE4Editor-VisualStudioCodeSourceCodeAccess.dll (API version 3709383).
LogModuleManager: Display: Found up-to-date module file ../../../Engine/Plugins/Developer/VisualStudioSourceCodeAccess/Binaries/Win64/UE4Editor-VisualStudioSourceCodeAccess.dll (API version 3709383).
LogModuleManager: Display: Found up-to-date module file ../../../Engine/Plugins/Editor/AssetManagerEditor/Binaries/Win64/UE4Editor-AssetManagerEditor.dll (API version 3709383).
LogModuleManager: Display: Found up-to-date module file ../../../Engine/Plugins/Editor/AudioCapture/Binaries/Win64/UE4Editor-AudioCapture.dll (API version 3709383).
LogModuleManager: Display: Found up-to-date module file ../../../Engine/Plugins/Editor/FacialAnimation/Binaries/Win64/UE4Editor-FacialAnimation.dll (API version 3709383).
LogModuleManager: Display: Found up-to-date module file ../../../Engine/Plugins/Editor/FacialAnimation/Binaries/Win64/UE4Editor-FacialAnimationEditor.dll (API version 3709383).
LogModuleManager: Display: Found up-to-date module file ../../../Engine/Plugins/Editor/GameplayTagsEditor/Binaries/Win64/UE4Editor-GameplayTagsEditor.dll (API version 3709383).
LogModuleManager: Display: Found up-to-date module file ../../../Engine/Plugins/Editor/MobileLauncherProfileWizard/Binaries/Win64/UE4Editor-MobileLauncherProfileWizard.dll (API version 3709383).
LogModuleManager: Display: Found up-to-date module file ../../../Engine/Plugins/Editor/PluginBrowser/Binaries/Win64/UE4Editor-PluginBrowser.dll (API version 3709383).
LogModuleManager: Display: Found up-to-date module file ../../../Engine/Plugins/Editor/SpeedTreeImporter/Binaries/Win64/UE4Editor-SpeedTreeImporter.dll (API version 3709383).
LogModuleManager: Display: Found up-to-date module file ../../../Engine/Plugins/Experimental/AlembicImporter/Binaries/Win64/UE4Editor-AlembicImporter.dll (API version 3709383).
LogModuleManager: Display: Found up-to-date module file ../../../Engine/Plugins/Experimental/AlembicImporter/Binaries/Win64/UE4Editor-AlembicLibrary.dll (API version 3709383).
LogModuleManager: Display: Found up-to-date module file ../../../Engine/Plugins/Experimental/CharacterAI/Binaries/Win64/UE4Editor-CharacterAI.dll (API version 3709383).
LogModuleManager: Display: Found up-to-date module file ../../../Engine/Plugins/Experimental/HTML5Networking/Binaries/Win64/UE4Editor-HTML5Networking.dll (API version 3709383).
LogModuleManager: Display: Found up-to-date module file ../../../Engine/Plugins/Media/AndroidMedia/Binaries/Win64/UE4Editor-AndroidMediaEditor.dll (API version 3709383).
LogModuleManager: Display: Found up-to-date module file ../../../Engine/Plugins/Media/AndroidMedia/Binaries/Win64/UE4Editor-AndroidMediaFactory.dll (API version 3709383).
LogModuleManager: Display: Found up-to-date module file ../../../Engine/Plugins/Media/AvfMedia/Binaries/Win64/UE4Editor-AvfMediaEditor.dll (API version 3709383).
LogModuleManager: Display: Found up-to-date module file ../../../Engine/Plugins/Media/AvfMedia/Binaries/Win64/UE4Editor-AvfMediaFactory.dll (API version 3709383).
LogModuleManager: Display: Found up-to-date module file ../../../Engine/Plugins/Media/AvfMedia/Binaries/Win64/UE4Editor-AvfMediaFactory.dll (API version 3709383).
LogModuleManager: Display: Found up-to-date module file ../../../Engine/Plugins/Media/ImgMedia/Binaries/Win64/UE4Editor-ImgMedia.dll (API version 3709383).
LogModuleManager: Display: Found up-to-date module file ../../../Engine/Plugins/Media/ImgMedia/Binaries/Win64/UE4Editor-ImgMediaEditor.dll (API version 3709383).
LogModuleManager: Display: Found up-to-date module file ../../../Engine/Plugins/Media/ImgMedia/Binaries/Win64/UE4Editor-ImgMediaFactory.dll (API version 3709383).
LogModuleManager: Display: Found up-to-date module file ../../../Engine/Plugins/Media/ImgMedia/Binaries/Win64/UE4Editor-ImgMediaFactory.dll (API version 3709383).
LogModuleManager: Display: Found up-to-date module file ../../../Engine/Plugins/Media/ImgMedia/Binaries/Win64/UE4Editor-OpenExrWrapper.dll (API version 3709383).
LogModuleManager: Display: Found up-to-date module file ../../../Engine/Plugins/Media/MediaCompositing/Binaries/Win64/UE4Editor-MediaCompositing.dll (API version 3709383).
LogModuleManager: Display: Found up-to-date module file ../../../Engine/Plugins/Media/MediaCompositing/Binaries/Win64/UE4Editor-MediaCompositingEditor.dll (API version 3709383).
LogModuleManager: Display: Found up-to-date module file ../../../Engine/Plugins/Media/MediaPlayerEditor/Binaries/Win64/UE4Editor-MediaPlayerEditor.dll (API version 3709383).
LogModuleManager: Display: Found up-to-date module file ../../../Engine/Plugins/Media/WmfMedia/Binaries/Win64/UE4Editor-WmfMedia.dll (API version 3709383).
LogModuleManager: Display: Found up-to-date module file ../../../Engine/Plugins/Media/WmfMedia/Binaries/Win64/UE4Editor-WmfMediaEditor.dll (API version 3709383).
LogModuleManager: Display: Found up-to-date module file ../../../Engine/Plugins/Media/WmfMedia/Binaries/Win64/UE4Editor-WmfMediaFactory.dll (API version 3709383).
LogModuleManager: Display: Found up-to-date module file ../../../Engine/Plugins/Media/WmfMedia/Binaries/Win64/UE4Editor-WmfMediaFactory.dll (API version 3709383).
LogModuleManager: Display: Found up-to-date module file ../../../Engine/Plugins/Messaging/TcpMessaging/Binaries/Win64/UE4Editor-TcpMessaging.dll (API version 3709383).
LogModuleManager: Display: Found up-to-date module file ../../../Engine/Plugins/Messaging/UdpMessaging/Binaries/Win64/UE4Editor-UdpMessaging.dll (API version 3709383).
LogModuleManager: Display: Found up-to-date module file ../../../Engine/Plugins/MovieScene/ActorSequence/Binaries/Win64/UE4Editor-ActorSequence.dll (API version 3709383).
LogModuleManager: Display: Found up-to-date module file ../../../Engine/Plugins/MovieScene/LevelSequenceEditor/Binaries/Win64/UE4Editor-LevelSequenceEditor.dll (API version 3709383).
LogModuleManager: Display: Found up-to-date module file ../../../Engine/Plugins/MovieScene/MatineeToLevelSequence/Binaries/Win64/UE4Editor-MatineeToLevelSequence.dll (API version 3709383).
LogModuleManager: Display: Found up-to-date module file ../../../Engine/Plugins/Runtime/AndroidPermission/Binaries/Win64/UE4Editor-AndroidPermission.dll (API version 3709383).
LogModuleManager: Display: Found up-to-date module file ../../../Engine/Plugins/Online/OnlineSubsystemNull/Binaries/Win64/UE4Editor-OnlineSubsystemNull.dll (API version 3709383).
LogModuleManager: Display: Found up-to-date module file ../../../Engine/Plugins/Runtime/AndroidDeviceProfileSelector/Binaries/Win64/UE4Editor-AndroidDeviceProfileSelector.dll (API version 3709383).
LogModuleManager: Display: Found up-to-date module file ../../../Engine/Plugins/Runtime/AppleARKit/Binaries/Win64/UE4Editor-AppleARKit.dll (API version 3709383).
LogModuleManager: Display: Found up-to-date module file ../../../Engine/Plugins/Runtime/ArchVisCharacter/Binaries/Win64/UE4Editor-ArchVisCharacter.dll (API version 3709383).
LogModuleManager: Display: Found up-to-date module file ../../../Engine/Plugins/Runtime/CableComponent/Binaries/Win64/UE4Editor-CableComponent.dll (API version 3709383).
LogModuleManager: Display: Found up-to-date module file ../../../Engine/Plugins/Runtime/CustomMeshComponent/Binaries/Win64/UE4Editor-CustomMeshComponent.dll (API version 3709383).
LogModuleManager: Display: Found up-to-date module file ../../../Engine/Plugins/Runtime/ExampleDeviceProfileSelector/Binaries/Win64/UE4Editor-ExampleDeviceProfileSelector.dll (API version 3709383).
LogModuleManager: Display: Found up-to-date module file ../../../Engine/Plugins/Runtime/ImmediatePhysics/Binaries/Win64/UE4Editor-ImmediatePhysics.dll (API version 3709383).
LogModuleManager: Display: Found up-to-date module file ../../../Engine/Plugins/Runtime/ImmediatePhysics/Binaries/Win64/UE4Editor-ImmediatePhysicsEditor.dll (API version 3709383).
LogModuleManager: Display: Found up-to-date module file ../../../Engine/Plugins/Runtime/LocationServicesBPLibrary/Binaries/Win64/UE4Editor-LocationServicesBPLibrary.dll (API version 3709383).
LogModuleManager: Display: Found up-to-date module file ../../../Engine/Plugins/Runtime/MobilePatchingUtils/Binaries/Win64/UE4Editor-MobilePatchingUtils.dll (API version 3709383).
LogModuleManager: Display: Found up-to-date module file ../../../Engine/Plugins/Runtime/Oculus/OculusVR/Binaries/Win64/UE4Editor-OculusHMD.dll (API version 3709383).
LogModuleManager: Display: Found up-to-date module file ../../../Engine/Plugins/Runtime/Oculus/OculusVR/Binaries/Win64/UE4Editor-OculusInput.dll (API version 3709383).
LogModuleManager: Display: Found up-to-date module file ../../../Engine/Plugins/Runtime/Oculus/OculusVR/Binaries/Win64/UE4Editor-OculusEditor.dll (API version 3709383).
LogModuleManager: Display: Found up-to-date module file ../../../Engine/Plugins/Runtime/PhysXVehicles/Binaries/Win64/UE4Editor-PhysXVehicles.dll (API version 3709383).
LogModuleManager: Display: Found up-to-date module file ../../../Engine/Plugins/Runtime/PhysXVehicles/Binaries/Win64/UE4Editor-PhysXVehiclesEditor.dll (API version 3709383).
LogModuleManager: Display: Found up-to-date module file ../../../Engine/Plugins/Runtime/ProceduralMeshComponent/Binaries/Win64/UE4Editor-ProceduralMeshComponent.dll (API version 3709383).
LogModuleManager: Display: Found up-to-date module file ../../../Engine/Plugins/Runtime/ProceduralMeshComponent/Binaries/Win64/UE4Editor-ProceduralMeshComponentEditor.dll (API version 3709383).
LogModuleManager: Display: Found up-to-date module file ../../../Engine/Plugins/Runtime/RuntimePhysXCooking/Binaries/Win64/UE4Editor-RuntimePhysXCooking.dll (API version 3709383).
LogModuleManager: Display: Found up-to-date module file ../../../Engine/Plugins/Runtime/Steam/SteamVR/Binaries/Win64/UE4Editor-SteamVR.dll (API version 3709383).
LogModuleManager: Display: Found up-to-date module file ../../../Engine/Plugins/Runtime/Steam/SteamVR/Binaries/Win64/UE4Editor-SteamVRController.dll (API version 3709383).
LogModuleManager: Display: Found up-to-date module file ../../../Engine/Plugins/Runtime/WindowsMoviePlayer/Binaries/Win64/UE4Editor-WindowsMoviePlayer.dll (API version 3709383).
LogModuleManager: Display: Found up-to-date module file ../../../../../../Users/lockw/OneDrive/Documents/Unreal Projects/Illuminate/Plugins/AdvancedSessions/Binaries/Win64/UE4Editor-AdvancedSessions.dll (API version 3709383).
LogModuleManager: Display: Found up-to-date module file ../../../../../../Users/lockw/OneDrive/Documents/Unreal Projects/Illuminate/Plugins/AdvancedSteamSessions/Binaries/Win64/UE4Editor-AdvancedSteamSessions.dll (API version 3709383).
LogPluginManager: Mounting plugin Paper2D
LogPluginManager: Mounting plugin LightPropagationVolume
LogPluginManager: Mounting plugin CodeLiteSourceCodeAccess
LogPluginManager: Mounting plugin GitSourceControl
LogPluginManager: Mounting plugin KDevelopSourceCodeAccess
LogPluginManager: Mounting plugin NullSourceCodeAccess
LogPluginManager: Mounting plugin PerforceSourceControl
LogPluginManager: Mounting plugin SubversionSourceControl
LogPluginManager: Mounting plugin UObjectPlugin
LogPluginManager: Mounting plugin VisualStudioCodeSourceCodeAccess
LogPluginManager: Mounting plugin VisualStudioSourceCodeAccess
LogPluginManager: Mounting plugin XCodeSourceCodeAccess
LogPluginManager: Mounting plugin AssetManagerEditor
LogPluginManager: Mounting plugin AudioCapture
LogPluginManager: Mounting plugin FacialAnimation
LogPluginManager: Mounting plugin GameplayTagsEditor
LogPluginManager: Mounting plugin MobileLauncherProfileWizard
LogPluginManager: Mounting plugin PluginBrowser
LogPluginManager: Mounting plugin SpeedTreeImporter
LogPluginManager: Mounting plugin AlembicImporter
LogPluginManager: Mounting plugin CharacterAI
LogPluginManager: Mounting plugin HTML5Networking
LogPluginManager: Mounting plugin AndroidMedia
LogPluginManager: Mounting plugin AvfMedia
LogPluginManager: Mounting plugin ImgMedia
LogPluginManager: Mounting plugin MediaCompositing
LogPluginManager: Mounting plugin MediaPlayerEditor
LogPluginManager: Mounting plugin WmfMedia
LogPluginManager: Mounting plugin TcpMessaging
LogPluginManager: Mounting plugin UdpMessaging
LogPluginManager: Mounting plugin ActorSequence
LogPluginManager: Mounting plugin LevelSequenceEditor
LogPluginManager: Mounting plugin MatineeToLevelSequence
LogPluginManager: Mounting plugin OnlineSubsystemGooglePlay
LogPluginManager: Mounting plugin OnlineSubsystemIOS
LogPluginManager: Mounting plugin OnlineFramework
LogPluginManager: Mounting plugin OnlineSubsystem
LogPluginManager: Mounting plugin OnlineSubsystemNull
LogPluginManager: Mounting plugin OnlineSubsystemSteam
LogPluginManager: Mounting plugin OnlineSubsystemUtils
LogPluginManager: Mounting plugin AndroidDeviceProfileSelector
LogPluginManager: Mounting plugin AndroidMoviePlayer
LogPluginManager: Mounting plugin AndroidPermission
LogPluginManager: Mounting plugin AppleARKit
LogPluginManager: Mounting plugin AppleMoviePlayer
LogPluginManager: Mounting plugin ArchVisCharacter
LogPluginManager: Mounting plugin CableComponent
LogPluginManager: Mounting plugin CustomMeshComponent
LogPluginManager: Mounting plugin ExampleDeviceProfileSelector
LogPluginManager: Mounting plugin GoogleCloudMessaging
LogPluginManager: Mounting plugin ImmediatePhysics
LogPluginManager: Mounting plugin IOSDeviceProfileSelector
LogPluginManager: Mounting plugin LinuxDeviceProfileSelector
LogPluginManager: Mounting plugin LocationServicesBPLibrary
LogPluginManager: Mounting plugin MobilePatchingUtils
LogPluginManager: Mounting plugin OculusVR
LogPluginManager: Plugin shader directory ../../../Engine/Plugins/Runtime/Oculus/OculusVR/Shaders found
LogPluginManager: Mapping shader source directory ../../../Engine/Plugins/Runtime/Oculus/OculusVR/Shaders to virtual directory /Plugin/OculusVR
LogPluginManager: Mounting plugin PhysXVehicles
LogPluginManager: Mounting plugin ProceduralMeshComponent
LogPluginManager: Mounting plugin RuntimePhysXCooking
LogPluginManager: Mounting plugin SteamVR
LogPluginManager: Mounting plugin WindowsMoviePlayer
LogPluginManager: Mounting plugin AdvancedSessions
LogPluginManager: Mounting plugin AdvancedSteamSessions
LogInit: Using libcurl 7.47.1
LogInit:  - built for x86_64-pc-win32
LogInit:  - supports SSL with OpenSSL/1.0.2g
LogInit:  - supports HTTP deflate (compression) using libz 1.2.8
LogInit:  - other features:
LogInit:      CURL_VERSION_SSL
LogInit:      CURL_VERSION_LIBZ
LogInit:      CURL_VERSION_IPV6
LogInit:      CURL_VERSION_ASYNCHDNS
LogInit:      CURL_VERSION_LARGEFILE
LogInit:      CURL_VERSION_IDN
LogInit:  CurlRequestOptions (configurable via config and command line):
LogInit:  - bVerifyPeer = false  - Libcurl will NOT verify peer certificate
LogInit:  - bUseHttpProxy = false  - Libcurl will NOT use HTTP proxy
LogInit:  - bDontReuseConnections = false  - Libcurl will reuse connections
LogInit:  - CertBundlePath = nullptr  - Libcurl will use whatever was configured at build time.
LogOnline: Display: STEAM: Loading Steam SDK 1.39
LogOnline: Warning: STEAM: Steam API disabled!
LogOnline: Display: STEAM: OnlineSubsystemSteam::Shutdown()
LogInit: WinSock: version 1.1 (2.2), MaxSocks=32767, MaxUdp=65467
LogInit: Build: ++UE4+Release-4.18-CL-3794801
LogInit: Engine Version: 4.18.2-3794801+++UE4+Release-4.18
LogInit: Compatible Engine Version: 4.18.0-3709383+++UE4+Release-4.18
LogInit: Net CL: 3709383
LogDevObjectVersion: Number of dev versions registered: 16
LogDevObjectVersion:   Dev-Blueprints (B0D832E4-1F89-4F0D-ACCF-7EB736FD4AA2): 10
LogDevObjectVersion:   Dev-Build (E1C64328-A22C-4D53-A36C-8E866417BD8C): 0
LogDevObjectVersion:   Dev-Core (375EC13C-06E4-48FB-B500-84F0262A717E): 2
LogDevObjectVersion:   Dev-Editor (E4B068ED-F494-42E9-A231-DA0B2E46BB41): 20
LogDevObjectVersion:   Dev-Framework (CFFC743F-43B0-4480-9391-14DF171D2073): 30
LogDevObjectVersion:   Dev-Mobile (B02B49B5-BB20-44E9-A304-32B752E40360): 0
LogDevObjectVersion:   Dev-Networking (A4E4105C-59A1-49B5-A7C5-40C4547EDFEE): 0
LogDevObjectVersion:   Dev-Online (39C831C9-5AE6-47DC-9A44-9C173E1C8E7C): 0
LogDevObjectVersion:   Dev-Physics (78F01B33-EBEA-4F98-B9B4-84EACCB95AA2): 0
LogDevObjectVersion:   Dev-Platform (6631380F-2D4D-43E0-8009-CF276956A95A): 0
LogDevObjectVersion:   Dev-Rendering (12F88B9F-8875-4AFC-A67C-D90C383ABD29): 20
LogDevObjectVersion:   Dev-Sequencer (7B5AE74C-D270-4C10-A958-57980B212A5A): 4
LogDevObjectVersion:   Dev-VR (D7296918-1DD6-4BDD-9DE2-64A83CC13884): 0
LogDevObjectVersion:   Dev-LoadTimes (C2A15278-BFE7-4AFE-6C17-90FF531DF755): 1
LogDevObjectVersion:   Private-Geometry (6EACA3D4-40EC-4CC1-B786-8BED09428FC5): 1
LogDevObjectVersion:   Dev-AnimPhys (29E575DD-E0A3-4627-9D10-D276232CDCEA): 12
LogInit: Compiled (64-bit): Dec  8 2017 02:04:53
LogInit: Compiled with Visual C++: 19.00.24215.01
LogInit: Build Configuration: Development
LogInit: Branch Name: ++UE4+Release-4.18
LogInit: Command line:  127.0.0.1:7777 -game -PIEVIACONSOLE -ResX=1904 -ResY=1041  -Multiprocess -messaging -SessionName="Play in Standalone Game" -windowed GameUserSettingsINI="C:/Users/lockw/OneDrive/Documents/Unreal Projects/Illuminate/Saved/Config/Windows/PIEGameUserSettings1.ini" -MultiprocessSaveConfig  -MultiprocessOSS WinX=8 WinY=31 SAVEWINPOS=1
LogInit: Base directory: C:/Program Files/Epic Games/UE_4.18/Engine/Binaries/Win64/
LogInit: Installed Engine Build: 1
LogInit: Presizing for max 8388607 objects, including 0 objects not considered by GC, pre-allocating 0 bytes for permanent pool.
LogInit: Object subsystem initialized
[2019.04.24-22.20.05:817][  0]LogInit: Selected Device Profile: [Windows]
[2019.04.24-22.20.05:817][  0]LogInit: Applying CVar settings loaded from the selected device profile: [Windows]
[2019.04.24-22.20.05:823][  0]LogInit: Computer: MSI
[2019.04.24-22.20.05:823][  0]LogInit: User: Alex
[2019.04.24-22.20.05:823][  0]LogInit: CPU Page size=4096, Cores=4
[2019.04.24-22.20.05:823][  0]LogInit: High frequency timer resolution =2.533207 MHz
[2019.04.24-22.20.05:823][  0]LogMemory: Memory total: Physical=15.9GB (16GB approx)
[2019.04.24-22.20.05:823][  0]LogMemory: Platform Memory Stats for Windows
[2019.04.24-22.20.05:823][  0]LogMemory: Process Physical Memory: 275.56 MB used, 275.56 MB peak
[2019.04.24-22.20.05:823][  0]LogMemory: Process Virtual Memory: 274.46 MB used, 274.46 MB peak
[2019.04.24-22.20.05:823][  0]LogMemory: Physical Memory: 9891.78 MB used,  6381.55 MB free, 16273.34 MB total
[2019.04.24-22.20.05:823][  0]LogMemory: Virtual Memory: 4788.92 MB used,  6381.55 MB free, 134217728.00 MB total
[2019.04.24-22.20.07:518][  0]LogInit: Using OS detected language (en-US).
[2019.04.24-22.20.07:518][  0]LogInit: Using OS detected locale (en-US).
[2019.04.24-22.20.07:524][  0]LogTextLocalizationManager: No specific localization for 'en-US' exists, so the 'en' localization will be used.
[2019.04.24-22.20.08:406][  0]LogD3D11RHI: D3D11 adapters:
[2019.04.24-22.20.08:526][  0]LogD3D11RHI:    0. 'NVIDIA GeForce GTX 965M' (Feature Level 11_0)
[2019.04.24-22.20.08:526][  0]LogD3D11RHI:       2010/0/8136 MB DedicatedVideo/DedicatedSystem/SharedSystem, Outputs:1, VendorId:0x10de
[2019.04.24-22.20.08:537][  0]LogD3D11RHI:    1. 'Intel(R) HD Graphics 4600' (Feature Level 11_0)
[2019.04.24-22.20.08:537][  0]LogD3D11RHI:       112/0/2048 MB DedicatedVideo/DedicatedSystem/SharedSystem, Outputs:0, VendorId:0x8086
[2019.04.24-22.20.08:542][  0]LogD3D11RHI:    2. 'Microsoft Basic Render Driver' (Feature Level 11_0)
[2019.04.24-22.20.08:542][  0]LogD3D11RHI:       0/0/8136 MB DedicatedVideo/DedicatedSystem/SharedSystem, Outputs:0, VendorId:0x1414
[2019.04.24-22.20.08:542][  0]LogD3D11RHI: Chosen D3D11 Adapter: 0
[2019.04.24-22.20.08:591][  0]LogD3D11RHI: Creating new Direct3DDevice
[2019.04.24-22.20.08:591][  0]LogD3D11RHI:     GPU DeviceId: 0x13d9 (for the marketing name, search the web for "GPU Device Id")
[2019.04.24-22.20.08:591][  0]LogWindows: EnumDisplayDevices:
[2019.04.24-22.20.08:592][  0]LogWindows:    0. 'Intel(R) HD Graphics 4600' (P:1 D:1)
[2019.04.24-22.20.08:593][  0]LogWindows:    1. 'Intel(R) HD Graphics 4600' (P:0 D:0)
[2019.04.24-22.20.08:593][  0]LogWindows:    2. 'Intel(R) HD Graphics 4600' (P:0 D:0)
[2019.04.24-22.20.08:593][  0]LogWindows: DebugString: GetVideoDriverDetailsInvalid PrimaryIsNotTheChoosenAdapter GetVideoDriverDetailsInvalid PrimaryIsNotTheChoosenAdapter GetVideoDriverDetailsInvalid PrimaryIsNotTheChoosenAdapter FoundDriverCount:0 
[2019.04.24-22.20.08:593][  0]LogD3D11RHI:     Adapter Name: NVIDIA GeForce GTX 965M
[2019.04.24-22.20.08:593][  0]LogD3D11RHI:   Driver Version: Unknown (internal:Unknown, unified:Unknown)
[2019.04.24-22.20.08:593][  0]LogD3D11RHI:      Driver Date: Unknown
[2019.04.24-22.20.08:593][  0]LogRHI: Texture pool is 1407 MB (70% of 2010 MB)
[2019.04.24-22.20.08:669][  0]LogD3D11RHI: Async texture creation enabled
[2019.04.24-22.20.08:694][  0]LogD3D11RHI: GPU Timing Frequency: 1000.000000 (Debug: 2 2)
[2019.04.24-22.20.08:696][  0]LogShaderCompilers: Guid format shader working directory is -29 characters bigger than the processId version (../../../../../../Users/lockw/OneDrive/Documents/Unreal Projects/Illuminate/Intermediate/Shaders/WorkingDirectory/2680/).
[2019.04.24-22.20.08:696][  0]LogShaderCompilers: Cleaned the shader compiler working directory 'C:/Users/lockw/AppData/Local/Temp/UnrealShaderWorkingDir/0D9165554D50FB6DDE1E1DA090B98EBB/'.
[2019.04.24-22.20.08:696][  0]LogShaderCompilers: Display: Using Local Shader Compiler.
[2019.04.24-22.20.11:249][  0]LogTemp: Display: Loaded TP WindowsClientTargetPlatform
[2019.04.24-22.20.11:441][  0]LogTemp: Display: Loaded TP WindowsNoEditorTargetPlatform
[2019.04.24-22.20.11:623][  0]LogTemp: Display: Loaded TP WindowsServerTargetPlatform
[2019.04.24-22.20.11:811][  0]LogTemp: Display: Loaded TP WindowsTargetPlatform
[2019.04.24-22.20.11:811][  0]LogTargetPlatformManager: Display: Building Assets For Windows
[2019.04.24-22.20.13:688][  0]LogDerivedDataCache: Display: Max Cache Size: 512 MB
[2019.04.24-22.20.13:919][  0]LogDerivedDataCache: Loaded boot cache 0.23s 79MB C:/Users/lockw/AppData/Local/UnrealEngine/4.18/DerivedDataCache/Boot.ddc.
[2019.04.24-22.20.13:919][  0]LogDerivedDataCache: Display: Loaded Boot cache: C:/Users/lockw/AppData/Local/UnrealEngine/4.18/DerivedDataCache/Boot.ddc
[2019.04.24-22.20.13:919][  0]LogDerivedDataCache: FDerivedDataBackendGraph:  Pak pak cache file ../../../../../../Users/lockw/OneDrive/Documents/Unreal Projects/Illuminate/DerivedDataCache/DDC.ddp not found, will not use a pak cache.
[2019.04.24-22.20.13:919][  0]LogDerivedDataCache: Unable to find inner node Pak for hierarchical cache Hierarchy.
[2019.04.24-22.20.13:919][  0]LogDerivedDataCache: FDerivedDataBackendGraph:  CompressedPak pak cache file ../../../../../../Users/lockw/OneDrive/Documents/Unreal Projects/Illuminate/DerivedDataCache/Compressed.ddp not found, will not use a pak cache.
[2019.04.24-22.20.13:919][  0]LogDerivedDataCache: Unable to find inner node CompressedPak for hierarchical cache Hierarchy.
[2019.04.24-22.20.13:947][  0]LogDerivedDataCache: Display: Pak cache opened for reading ../../../Engine/DerivedDataCache/Compressed.ddp.
[2019.04.24-22.20.13:960][  0]LogDerivedDataCache: Using Local data cache path C:/Users/lockw/AppData/Local/UnrealEngine/Common/DerivedDataCache: Writable
[2019.04.24-22.20.13:976][  0]LogMaterial: Verifying Global Shaders for PCD3D_SM5
[2019.04.24-22.20.13:997][  0]LogSlate: Using Freetype 2.6.0
[2019.04.24-22.20.13:998][  0]LogSlate: SlateFontCache - WITH_FREETYPE: 1, WITH_HARFBUZZ: 1
[2019.04.24-22.20.13:999][  0]LogSlate: SlateFontCache - WITH_FREETYPE: 1, WITH_HARFBUZZ: 1
[2019.04.24-22.20.14:586][  0]LogAssetRegistry: FAssetRegistry took 0.0070 seconds to start up
[2019.04.24-22.20.14:614][  0]LogPackageLocalizationCache: Processed 7 localized package path(s) for 2 prioritized culture(s) in 0.027016 seconds
[2019.04.24-22.20.14:802][  0]LogInit: Selected Device Profile: [Windows]
[2019.04.24-22.20.15:846][  0]LogSimplygon: Simplygon DLL not present - disabling.
[2019.04.24-22.20.16:070][  0]LogMeshReduction: Using SimplygonSwarm for distributed automatic mesh merging
[2019.04.24-22.20.16:070][  0]LogMeshReduction: Using QuadricMeshReduction for automatic static mesh reduction
[2019.04.24-22.20.16:070][  0]LogMeshReduction: No automatic skeletal mesh reduction module available
[2019.04.24-22.20.16:070][  0]LogMeshReduction: No automatic mesh merging module available
[2019.04.24-22.20.16:070][  0]LogMeshMerging: No automatic mesh merging module available
[2019.04.24-22.20.16:141][  0]LogNetVersion: Illuminate , NetCL: 3709383, EngineNetVer: 2, GameNetVer: 0 (Checksum: 1556659199)
[2019.04.24-22.20.22:204][  0]LogMoviePlayer: Initializing movie player
[2019.04.24-22.20.23:535][  0]LogCollectionManager: Loaded 0 collections in 0.005790 seconds
[2019.04.24-22.20.23:646][  0]LogFileCache: Scanning file cache for directory 'C:/Users/lockw/OneDrive/Documents/Unreal Projects/Illuminate/Saved/Collections/' took 0.01s
[2019.04.24-22.20.23:646][  0]LogFileCache: Scanning file cache for directory 'C:/Users/lockw/OneDrive/Documents/Unreal Projects/Illuminate/Content/Developers/Alex/Collections/' took 0.01s
[2019.04.24-22.20.23:646][  0]LogFileCache: Scanning file cache for directory 'C:/Users/lockw/OneDrive/Documents/Unreal Projects/Illuminate/Content/Collections/' took 0.01s
[2019.04.24-22.20.23:646][  0]LogCollectionManager: Rebuilt the object cache for 0 collections in 0.000000 seconds (found 0 objects)
[2019.04.24-22.20.23:646][  0]LogCollectionManager: Fixed up redirectors for 0 collections in 0.000114 seconds (updated 0 objects)
[2019.04.24-22.20.24:404][  0]LogTcpMessaging: Initializing TcpMessaging bridge
[2019.04.24-22.20.24:560][  0]LogUdpMessaging: Initializing bridge on interface 0.0.0.0:0 to multicast group 230.0.0.1:6666.
[2019.04.24-22.20.26:715][  0]SourceControl: Source control is disabled
[2019.04.24-22.20.26:715][  0]SourceControl: Source control is disabled
[2019.04.24-22.20.26:915][  0]SourceControl: Source control is disabled
[2019.04.24-22.20.29:580][  0]LogAndroidPermission: UAndroidPermissionCallbackProxy::GetInstance
[2019.04.24-22.20.30:684][  0]LogOcInput: OculusInput pre-init called
[2019.04.24-22.20.31:120][  0]LogUObjectArray: 39813 objects as part of root set at end of initial load.
[2019.04.24-22.20.31:120][  0]LogUObjectAllocator: 8734536 out of 0 bytes used by permanent object pool.
[2019.04.24-22.20.31:120][  0]LogUObjectArray: CloseDisregardForGC: 0/0 objects in disregard for GC pool
[2019.04.24-22.20.31:474][  0]LogEngine: Initializing Engine...
[2019.04.24-22.20.31:478][  0]LogHMD: Failed to initialize OpenVR with code 110
[2019.04.24-22.20.31:802][  0]LogStats: UGameplayTagsManager::ConstructGameplayTagTree: Construct from data asset -  0.000 s
[2019.04.24-22.20.31:802][  0]LogStats: UGameplayTagsManager::ConstructGameplayTagTree: GameplayTagTreeChangedEvent.Broadcast -  0.000 s
[2019.04.24-22.20.31:870][  0]LogInit: XAudio2 using 'ET-YFB200 (Intel(R) Display Audio)' : 2 channels at 48 kHz using 16 bits per sample (channel mask 0x3)
[2019.04.24-22.20.32:010][  0]LogInit: FAudioDevice initialized.
[2019.04.24-22.20.32:058][  0]LogInit: Texture streaming: Enabled
[2019.04.24-22.20.32:157][  0]LogMaterial: Uniform references updated for custom material expression Custom.
[2019.04.24-22.20.37:042][  0]LogInit: Display: Game Engine Initialized.
[2019.04.24-22.20.37:042][  0]LogGameplayTags: Display: UGameplayTagsManager::DoneAddingNativeTags. DelegateIsBound: 0
[2019.04.24-22.20.37:800][  0]LogInit: Display: Starting Game.
[2019.04.24-22.20.37:800][  0]LogNet: Browse: 127.0.0.1//Game/Creations/Maps/MainMenu?Name=Player
[2019.04.24-22.20.37:805][  0]LogOnline: Warning: STEAM: Steam API disabled!
[2019.04.24-22.20.37:805][  0]LogOnline: Display: STEAM: OnlineSubsystemSteam::Shutdown()
[2019.04.24-22.20.37:805][  0]LogTemp: Display: ParseSettings for GameNetDriver
[2019.04.24-22.20.37:805][  0]LogTemp: Display: ParseSettings for IpNetDriver_0
[2019.04.24-22.20.37:805][  0]LogTemp: Display: ParseSettings for PendingNetDriver
[2019.04.24-22.20.37:805][  0]LogInit: WinSock: Socket queue 32768 / 32768
[2019.04.24-22.20.37:809][  0]LogInit: WinSock: I am MSI (158.104.161.159:0)
[2019.04.24-22.20.37:860][  0]PacketHandlerLog: Loaded PacketHandler component: Engine.EngineHandlerComponentFactory (StatelessConnectHandlerComponent)
[2019.04.24-22.20.37:924][  0]LogNet: Game client on port 7777, rate 10000
[2019.04.24-22.20.38:657][  0]LogLoad: (Engine Initialization) Total time: 41.14 seconds
[2019.04.24-22.20.38:657][  0]LogLoad: (Engine Initialization) Total Blueprint compile time: 0.00 seconds
[2019.04.24-22.20.38:657][  0]LogExternalProfiler: Found external profiler: VSPerf
[2019.04.24-22.20.38:657][  0]LogExternalProfiler: Using external profiler: VSPerf
[2019.04.24-22.20.38:736][  0]LogHandshake: SendChallengeResponse. Timestamp: 42.832615, Cookie: 091216012037070160096072200006179143145218211233199131120239
[2019.04.24-22.20.38:784][  0]LogContentStreaming: Texture pool size now 1000 MB
[2019.04.24-22.20.38:998][  1]LogNetVersion: Illuminate 1.0.0.0, NetCL: 3709383, EngineNetVer: 2, GameNetVer: 0 (Checksum: 1067519852)
[2019.04.24-22.20.38:998][  1]LogNet: UPendingNetGame::SendInitialJoin: Sending hello. [UNetConnection] RemoteAddr: 127.0.0.1:7777, Name: IpConnection_0, Driver: PendingNetDriver IpNetDriver_0, IsServer: NO, PC: NULL, Owner: NULL
[2019.04.24-22.20.39:150][  7]LogNet: Welcomed by server (Level: /Game/Creations/Maps/UEDPIE_0_TestMap, Game: /Game/Creations/GInstances/MainGm.MainGm_C)
[2019.04.24-22.20.39:184][  7]LogLoad: LoadMap: 127.0.0.1//Game/Creations/Maps/TestMap?Name=Player?game=/Game/Creations/GInstances/MainGm.MainGm_C
[2019.04.24-22.20.40:050][  7]LogAIModule: Creating AISystem for world TestMap
[2019.04.24-22.20.40:050][  7]LogTemp: Display: ParseSettings for GameNetDriver
[2019.04.24-22.20.40:086][  7]LogWorld: Bringing World /Game/Creations/Maps/TestMap.TestMap up for play (max tick rate 0) at 2019.04.24-15.20.40
[2019.04.24-22.20.40:086][  7]LogWorld: Bringing up level for play took: 0.007329
[2019.04.24-22.20.40:133][  7]LogLoad: Took 0.948150 seconds to LoadMap(/Game/Creations/Maps/TestMap)
[2019.04.24-22.20.40:342][  8]LogRenderer: Reallocating scene render targets to support 1904x1044 Format 10 NumSamples 1 (Frame:1).
[2019.04.24-22.20.40:449][  8]LogOnline: Warning: OSS: No game present to join for session (GameSession)
[2019.04.24-22.20.40:473][  8]AdvancedSessionsLog: Warning: GetLocalPlayerNameFromController had a bad player state!
[2019.04.24-22.20.40:496][  8]LogOnline: Warning: OSS: No game present to join for session (GameSession)
[2019.04.24-22.20.50:400][451]LogNet: Warning: UIpNetDriver::ProcessRemoteFunction: No owning connection for actor TestMap_C_1. Function TestSelectAbilities will not be processed.
[2019.04.24-22.21.08:866][261]LogSlate: Took 0.000826 seconds to synchronously load lazily loaded font '../../../Engine/Content/Slate/Fonts/Roboto-Regular.ttf' (155K)
[2019.04.24-22.21.39:373][548]LogScriptCore: Warning: Script Msg: Attempted to access index 3 from array 'WeaponsInUI' of length 3 in '/Game/Creations/Widgets/WeaponsandHP.WeaponsandHP_C'!
[2019.04.24-22.21.39:373][548]LogScript: Warning: Accessed None trying to read property CallFunc_Array_Get_Item
	WeaponsandHP_C /Engine/Transient.GameEngine_0:MainInstance_C_0.WeaponsandHP_C_0
	Function /Game/Creations/Widgets/WeaponsandHP.WeaponsandHP_C:ExecuteUbergraph_WeaponsandHP:021F
[2019.04.24-22.21.39:373][548]LogScript: Warning: Script call stack:
	Function /Game/Creations/GInstances/mainPC.mainPC_C:AddWeaponSelectWidget
	Function /Game/Creations/GInstances/mainPC.mainPC_C:ExecuteUbergraph_mainPC
	Function /Game/Creations/GInstances/mainPC.mainPC_C:updateHUD
	Function /Game/Creations/GInstances/mainPC.mainPC_C:ExecuteUbergraph_mainPC
	Function /Game/Creations/Widgets/WeaponsandHP.WeaponsandHP_C:updateVals
	Function /Game/Creations/Widgets/WeaponsandHP.WeaponsandHP_C:ExecuteUbergraph_WeaponsandHP

[2019.04.24-22.21.39:373][548]LogScriptCore: Warning: Script Msg: Attempted to access index 3 from array 'Weapon uses' of length 3 in '/Game/Creations/Widgets/WeaponsandHP.WeaponsandHP_C'!
[2019.04.24-22.21.39:373][548]LogScript: Warning: Accessed None trying to read property CallFunc_Array_Get_Item2
	WeaponsandHP_C /Engine/Transient.GameEngine_0:MainInstance_C_0.WeaponsandHP_C_0
	Function /Game/Creations/Widgets/WeaponsandHP.WeaponsandHP_C:ExecuteUbergraph_WeaponsandHP:0330
[2019.04.24-22.21.39:373][548]LogScript: Warning: Script call stack:
	Function /Game/Creations/GInstances/mainPC.mainPC_C:AddWeaponSelectWidget
	Function /Game/Creations/GInstances/mainPC.mainPC_C:ExecuteUbergraph_mainPC
	Function /Game/Creations/GInstances/mainPC.mainPC_C:updateHUD
	Function /Game/Creations/GInstances/mainPC.mainPC_C:ExecuteUbergraph_mainPC
	Function /Game/Creations/Widgets/WeaponsandHP.WeaponsandHP_C:updateVals
	Function /Game/Creations/Widgets/WeaponsandHP.WeaponsandHP_C:ExecuteUbergraph_WeaponsandHP

[2019.04.24-22.21.49:383][978]LogScriptCore: Warning: Script Msg: Attempted to access index 3 from array 'WeaponsInUI' of length 3 in '/Game/Creations/Widgets/WeaponsandHP.WeaponsandHP_C'!
[2019.04.24-22.21.49:383][978]LogScript: Warning: Accessed None trying to read property CallFunc_Array_Get_Item
	WeaponsandHP_C /Engine/Transient.GameEngine_0:MainInstance_C_0.WeaponsandHP_C_0
	Function /Game/Creations/Widgets/WeaponsandHP.WeaponsandHP_C:ExecuteUbergraph_WeaponsandHP:021F
[2019.04.24-22.21.49:383][978]LogScript: Warning: Script call stack:
	Function /Game/Creations/GInstances/mainPC.mainPC_C:clientHUDUpdate
	Function /Game/Creations/GInstances/mainPC.mainPC_C:ExecuteUbergraph_mainPC
	Function /Game/Creations/GInstances/mainPC.mainPC_C:updateHUD
	Function /Game/Creations/GInstances/mainPC.mainPC_C:ExecuteUbergraph_mainPC
	Function /Game/Creations/Widgets/WeaponsandHP.WeaponsandHP_C:updateVals
	Function /Game/Creations/Widgets/WeaponsandHP.WeaponsandHP_C:ExecuteUbergraph_WeaponsandHP

[2019.04.24-22.21.49:383][978]LogScriptCore: Warning: Script Msg: Attempted to access index 3 from array 'Weapon uses' of length 3 in '/Game/Creations/Widgets/WeaponsandHP.WeaponsandHP_C'!
[2019.04.24-22.21.49:383][978]LogScript: Warning: Accessed None trying to read property CallFunc_Array_Get_Item2
	WeaponsandHP_C /Engine/Transient.GameEngine_0:MainInstance_C_0.WeaponsandHP_C_0
	Function /Game/Creations/Widgets/WeaponsandHP.WeaponsandHP_C:ExecuteUbergraph_WeaponsandHP:0330
[2019.04.24-22.21.49:383][978]LogScript: Warning: Script call stack:
	Function /Game/Creations/GInstances/mainPC.mainPC_C:clientHUDUpdate
	Function /Game/Creations/GInstances/mainPC.mainPC_C:ExecuteUbergraph_mainPC
	Function /Game/Creations/GInstances/mainPC.mainPC_C:updateHUD
	Function /Game/Creations/GInstances/mainPC.mainPC_C:ExecuteUbergraph_mainPC
	Function /Game/Creations/Widgets/WeaponsandHP.WeaponsandHP_C:updateVals
	Function /Game/Creations/Widgets/WeaponsandHP.WeaponsandHP_C:ExecuteUbergraph_WeaponsandHP

[2019.04.24-22.21.49:386][978]LogScriptCore: Warning: Script Msg: Attempted to access index 3 from array 'WeaponsInUI' of length 3 in '/Game/Creations/Widgets/WeaponsandHP.WeaponsandHP_C'!
[2019.04.24-22.21.49:386][978]LogScript: Warning: Accessed None trying to read property CallFunc_Array_Get_Item
	WeaponsandHP_C /Engine/Transient.GameEngine_0:MainInstance_C_0.WeaponsandHP_C_0
	Function /Game/Creations/Widgets/WeaponsandHP.WeaponsandHP_C:ExecuteUbergraph_WeaponsandHP:021F
[2019.04.24-22.21.49:386][978]LogScript: Warning: Script call stack:
	Function /Game/Creations/GInstances/mainPC.mainPC_C:doneSelecting
	Function /Game/Creations/GInstances/mainPC.mainPC_C:ExecuteUbergraph_mainPC
	Function /Game/Creations/GInstances/mainPC.mainPC_C:updateHUD
	Function /Game/Creations/GInstances/mainPC.mainPC_C:ExecuteUbergraph_mainPC
	Function /Game/Creations/Widgets/WeaponsandHP.WeaponsandHP_C:updateVals
	Function /Game/Creations/Widgets/WeaponsandHP.WeaponsandHP_C:ExecuteUbergraph_WeaponsandHP

[2019.04.24-22.21.49:386][978]LogScriptCore: Warning: Script Msg: Attempted to access index 3 from array 'Weapon uses' of length 3 in '/Game/Creations/Widgets/WeaponsandHP.WeaponsandHP_C'!
[2019.04.24-22.21.49:386][978]LogScript: Warning: Accessed None trying to read property CallFunc_Array_Get_Item2
	WeaponsandHP_C /Engine/Transient.GameEngine_0:MainInstance_C_0.WeaponsandHP_C_0
	Function /Game/Creations/Widgets/WeaponsandHP.WeaponsandHP_C:ExecuteUbergraph_WeaponsandHP:0330
[2019.04.24-22.21.49:386][978]LogScript: Warning: Script call stack:
	Function /Game/Creations/GInstances/mainPC.mainPC_C:doneSelecting
	Function /Game/Creations/GInstances/mainPC.mainPC_C:ExecuteUbergraph_mainPC
	Function /Game/Creations/GInstances/mainPC.mainPC_C:updateHUD
	Function /Game/Creations/GInstances/mainPC.mainPC_C:ExecuteUbergraph_mainPC
	Function /Game/Creations/Widgets/WeaponsandHP.WeaponsandHP_C:updateVals
	Function /Game/Creations/Widgets/WeaponsandHP.WeaponsandHP_C:ExecuteUbergraph_WeaponsandHP

[2019.04.24-22.21.49:405][979]LogScriptCore: Warning: Script Msg: Attempted to access index 3 from array 'WeaponsInUI' of length 3 in '/Game/Creations/Widgets/WeaponsandHP.WeaponsandHP_C'!
[2019.04.24-22.21.49:405][979]LogScript: Warning: Accessed None trying to read property CallFunc_Array_Get_Item
	WeaponsandHP_C /Engine/Transient.GameEngine_0:MainInstance_C_0.WeaponsandHP_C_0
	Function /Game/Creations/Widgets/WeaponsandHP.WeaponsandHP_C:ExecuteUbergraph_WeaponsandHP:021F
[2019.04.24-22.21.49:405][979]LogScript: Warning: Script call stack:
	Function /Game/Creations/GInstances/mainPC.mainPC_C:updateClientDoneSelecting
	Function /Game/Creations/GInstances/mainPC.mainPC_C:ExecuteUbergraph_mainPC
	Function /Game/Creations/GInstances/mainPC.mainPC_C:updateHUD
	Function /Game/Creations/GInstances/mainPC.mainPC_C:ExecuteUbergraph_mainPC
	Function /Game/Creations/Widgets/WeaponsandHP.WeaponsandHP_C:updateVals
	Function /Game/Creations/Widgets/WeaponsandHP.WeaponsandHP_C:ExecuteUbergraph_WeaponsandHP

[2019.04.24-22.21.49:405][979]LogScriptCore: Warning: Script Msg: Attempted to access index 3 from array 'Weapon uses' of length 3 in '/Game/Creations/Widgets/WeaponsandHP.WeaponsandHP_C'!
[2019.04.24-22.21.49:405][979]LogScript: Warning: Accessed None trying to read property CallFunc_Array_Get_Item2
	WeaponsandHP_C /Engine/Transient.GameEngine_0:MainInstance_C_0.WeaponsandHP_C_0
	Function /Game/Creations/Widgets/WeaponsandHP.WeaponsandHP_C:ExecuteUbergraph_WeaponsandHP:0330
[2019.04.24-22.21.49:406][979]LogScript: Warning: Script call stack:
	Function /Game/Creations/GInstances/mainPC.mainPC_C:updateClientDoneSelecting
	Function /Game/Creations/GInstances/mainPC.mainPC_C:ExecuteUbergraph_mainPC
	Function /Game/Creations/GInstances/mainPC.mainPC_C:updateHUD
	Function /Game/Creations/GInstances/mainPC.mainPC_C:ExecuteUbergraph_mainPC
	Function /Game/Creations/Widgets/WeaponsandHP.WeaponsandHP_C:updateVals
	Function /Game/Creations/Widgets/WeaponsandHP.WeaponsandHP_C:ExecuteUbergraph_WeaponsandHP

[2019.04.24-22.22.40:413][182]LogScript: Warning: Accessed None trying to read Class from property CallFunc_Array_Get_Item3
	WeaponsandHP_C /Engine/Transient.GameEngine_0:MainInstance_C_0.WeaponsandHP_C_0
	Function /Game/Creations/Widgets/WeaponsandHP.WeaponsandHP_C:ExecuteUbergraph_WeaponsandHP:0305
[2019.04.24-22.22.40:413][182]LogScript: Warning: Script call stack:
	Function /Game/Creations/GInstances/mainPC.mainPC_C:AddWeaponSelectWidget
	Function /Game/Creations/GInstances/mainPC.mainPC_C:ExecuteUbergraph_mainPC
	Function /Game/Creations/GInstances/mainPC.mainPC_C:updateHUD
	Function /Game/Creations/GInstances/mainPC.mainPC_C:ExecuteUbergraph_mainPC
	Function /Game/Creations/Widgets/WeaponsandHP.WeaponsandHP_C:updateVals
	Function /Game/Creations/Widgets/WeaponsandHP.WeaponsandHP_C:ExecuteUbergraph_WeaponsandHP

[2019.04.24-22.22.40:415][182]LogScript: Warning: Accessed None trying to read Class from property CallFunc_Array_Get_Item
	WeaponsandHP_C /Engine/Transient.GameEngine_0:MainInstance_C_0.WeaponsandHP_C_0
	Function /Game/Creations/Widgets/WeaponsandHP.WeaponsandHP_C:ChangeUses:0225
[2019.04.24-22.22.40:415][182]LogScript: Warning: Script call stack:
	Function /Game/Creations/GInstances/mainPC.mainPC_C:AddWeaponSelectWidget
	Function /Game/Creations/GInstances/mainPC.mainPC_C:ExecuteUbergraph_mainPC
	Function /Game/Creations/GInstances/mainPC.mainPC_C:updateHUD
	Function /Game/Creations/GInstances/mainPC.mainPC_C:ExecuteUbergraph_mainPC
	Function /Game/Creations/Widgets/WeaponsandHP.WeaponsandHP_C:updateVals
	Function /Game/Creations/Widgets/WeaponsandHP.WeaponsandHP_C:ExecuteUbergraph_WeaponsandHP
	Function /Game/Creations/Widgets/WeaponsandHP.WeaponsandHP_C:ChangeUses

[2019.04.24-22.22.40:415][182]LogScript: Warning: Accessed None trying to read Class from property CallFunc_Array_Get_Item
	WeaponsandHP_C /Engine/Transient.GameEngine_0:MainInstance_C_0.WeaponsandHP_C_0
	Function /Game/Creations/Widgets/WeaponsandHP.WeaponsandHP_C:ChangeUses:0340
[2019.04.24-22.22.40:415][182]LogScript: Warning: Script call stack:
	Function /Game/Creations/GInstances/mainPC.mainPC_C:AddWeaponSelectWidget
	Function /Game/Creations/GInstances/mainPC.mainPC_C:ExecuteUbergraph_mainPC
	Function /Game/Creations/GInstances/mainPC.mainPC_C:updateHUD
	Function /Game/Creations/GInstances/mainPC.mainPC_C:ExecuteUbergraph_mainPC
	Function /Game/Creations/Widgets/WeaponsandHP.WeaponsandHP_C:updateVals
	Function /Game/Creations/Widgets/WeaponsandHP.WeaponsandHP_C:ExecuteUbergraph_WeaponsandHP
	Function /Game/Creations/Widgets/WeaponsandHP.WeaponsandHP_C:ChangeUses

[2019.04.24-22.22.40:416][182]LogScript: Warning: Accessed None trying to read Class from property CallFunc_Array_Get_Item3
	WeaponsandHP_C /Engine/Transient.GameEngine_0:MainInstance_C_0.WeaponsandHP_C_0
	Function /Game/Creations/Widgets/WeaponsandHP.WeaponsandHP_C:ExecuteUbergraph_WeaponsandHP:0305
[2019.04.24-22.22.40:416][182]LogScript: Warning: Script call stack:
	Function /Game/Creations/GInstances/mainPC.mainPC_C:AddWeaponSelectWidget
	Function /Game/Creations/GInstances/mainPC.mainPC_C:ExecuteUbergraph_mainPC
	Function /Game/Creations/GInstances/mainPC.mainPC_C:updateHUD
	Function /Game/Creations/GInstances/mainPC.mainPC_C:ExecuteUbergraph_mainPC
	Function /Game/Creations/Widgets/WeaponsandHP.WeaponsandHP_C:updateVals
	Function /Game/Creations/Widgets/WeaponsandHP.WeaponsandHP_C:ExecuteUbergraph_WeaponsandHP

[2019.04.24-22.22.40:416][182]LogScript: Warning: Accessed None trying to read Class from property CallFunc_Array_Get_Item
	WeaponsandHP_C /Engine/Transient.GameEngine_0:MainInstance_C_0.WeaponsandHP_C_0
	Function /Game/Creations/Widgets/WeaponsandHP.WeaponsandHP_C:ChangeUses:0225
[2019.04.24-22.22.40:416][182]LogScript: Warning: Script call stack:
	Function /Game/Creations/GInstances/mainPC.mainPC_C:AddWeaponSelectWidget
	Function /Game/Creations/GInstances/mainPC.mainPC_C:ExecuteUbergraph_mainPC
	Function /Game/Creations/GInstances/mainPC.mainPC_C:updateHUD
	Function /Game/Creations/GInstances/mainPC.mainPC_C:ExecuteUbergraph_mainPC
	Function /Game/Creations/Widgets/WeaponsandHP.WeaponsandHP_C:updateVals
	Function /Game/Creations/Widgets/WeaponsandHP.WeaponsandHP_C:ExecuteUbergraph_WeaponsandHP
	Function /Game/Creations/Widgets/WeaponsandHP.WeaponsandHP_C:ChangeUses

[2019.04.24-22.22.40:416][182]LogScript: Warning: Accessed None trying to read Class from property CallFunc_Array_Get_Item
	WeaponsandHP_C /Engine/Transient.GameEngine_0:MainInstance_C_0.WeaponsandHP_C_0
	Function /Game/Creations/Widgets/WeaponsandHP.WeaponsandHP_C:ChangeUses:0340
[2019.04.24-22.22.40:416][182]LogScript: Warning: Script call stack:
	Function /Game/Creations/GInstances/mainPC.mainPC_C:AddWeaponSelectWidget
	Function /Game/Creations/GInstances/mainPC.mainPC_C:ExecuteUbergraph_mainPC
	Function /Game/Creations/GInstances/mainPC.mainPC_C:updateHUD
	Function /Game/Creations/GInstances/mainPC.mainPC_C:ExecuteUbergraph_mainPC
	Function /Game/Creations/Widgets/WeaponsandHP.WeaponsandHP_C:updateVals
	Function /Game/Creations/Widgets/WeaponsandHP.WeaponsandHP_C:ExecuteUbergraph_WeaponsandHP
	Function /Game/Creations/Widgets/WeaponsandHP.WeaponsandHP_C:ChangeUses

[2019.04.24-22.22.40:417][182]LogScript: Warning: Accessed None trying to read Class from property CallFunc_Array_Get_Item
	WeaponsandHP_C /Engine/Transient.GameEngine_0:MainInstance_C_0.WeaponsandHP_C_0
	Function /Game/Creations/Widgets/WeaponsandHP.WeaponsandHP_C:ChangeUses:0225
[2019.04.24-22.22.40:417][182]LogScript: Warning: Script call stack:
	Function /Game/Creations/GInstances/mainPC.mainPC_C:AddWeaponSelectWidget
	Function /Game/Creations/GInstances/mainPC.mainPC_C:ExecuteUbergraph_mainPC
	Function /Game/Creations/GInstances/mainPC.mainPC_C:updateHUD
	Function /Game/Creations/GInstances/mainPC.mainPC_C:ExecuteUbergraph_mainPC
	Function /Game/Creations/Widgets/WeaponsandHP.WeaponsandHP_C:updateVals
	Function /Game/Creations/Widgets/WeaponsandHP.WeaponsandHP_C:ExecuteUbergraph_WeaponsandHP
	Function /Game/Creations/Widgets/WeaponsandHP.WeaponsandHP_C:ChangeUses

[2019.04.24-22.22.40:417][182]LogScript: Warning: Accessed None trying to read Class from property CallFunc_Array_Get_Item
	WeaponsandHP_C /Engine/Transient.GameEngine_0:MainInstance_C_0.WeaponsandHP_C_0
	Function /Game/Creations/Widgets/WeaponsandHP.WeaponsandHP_C:ChangeUses:0340
[2019.04.24-22.22.40:417][182]LogScript: Warning: Script call stack:
	Function /Game/Creations/GInstances/mainPC.mainPC_C:AddWeaponSelectWidget
	Function /Game/Creations/GInstances/mainPC.mainPC_C:ExecuteUbergraph_mainPC
	Function /Game/Creations/GInstances/mainPC.mainPC_C:updateHUD
	Function /Game/Creations/GInstances/mainPC.mainPC_C:ExecuteUbergraph_mainPC
	Function /Game/Creations/Widgets/WeaponsandHP.WeaponsandHP_C:updateVals
	Function /Game/Creations/Widgets/WeaponsandHP.WeaponsandHP_C:ExecuteUbergraph_WeaponsandHP
	Function /Game/Creations/Widgets/WeaponsandHP.WeaponsandHP_C:ChangeUses

[2019.04.24-22.22.50:426][611]LogScript: Warning: Accessed None trying to read Class from property CallFunc_Array_Get_Item3
	WeaponsandHP_C /Engine/Transient.GameEngine_0:MainInstance_C_0.WeaponsandHP_C_0
	Function /Game/Creations/Widgets/WeaponsandHP.WeaponsandHP_C:ExecuteUbergraph_WeaponsandHP:0305
[2019.04.24-22.22.50:427][611]LogScript: Warning: Script call stack:
	Function /Game/Creations/GInstances/mainPC.mainPC_C:clientHUDUpdate
	Function /Game/Creations/GInstances/mainPC.mainPC_C:ExecuteUbergraph_mainPC
	Function /Game/Creations/GInstances/mainPC.mainPC_C:updateHUD
	Function /Game/Creations/GInstances/mainPC.mainPC_C:ExecuteUbergraph_mainPC
	Function /Game/Creations/Widgets/WeaponsandHP.WeaponsandHP_C:updateVals
	Function /Game/Creations/Widgets/WeaponsandHP.WeaponsandHP_C:ExecuteUbergraph_WeaponsandHP

[2019.04.24-22.24.12:062][135]LogScriptCore: Warning: Script Msg: Attempted to access index 3 from array 'WeaponsInUI' of length 3 in '/Game/Creations/Widgets/WeaponsandHP.WeaponsandHP_C'!
[2019.04.24-22.24.12:063][135]LogScriptCore: Warning: Script Msg: Attempted to access index 3 from array 'Weapon uses' of length 3 in '/Game/Creations/Widgets/WeaponsandHP.WeaponsandHP_C'!
[2019.04.24-22.24.22:057][582]LogScriptCore: Warning: Script Msg: Attempted to access index 3 from array 'WeaponsInUI' of length 3 in '/Game/Creations/Widgets/WeaponsandHP.WeaponsandHP_C'!
[2019.04.24-22.24.22:058][582]LogScriptCore: Warning: Script Msg: Attempted to access index 3 from array 'Weapon uses' of length 3 in '/Game/Creations/Widgets/WeaponsandHP.WeaponsandHP_C'!
[2019.04.24-22.24.22:060][582]LogScriptCore: Warning: Script Msg: Attempted to access index 3 from array 'WeaponsInUI' of length 3 in '/Game/Creations/Widgets/WeaponsandHP.WeaponsandHP_C'!
[2019.04.24-22.24.22:060][582]LogScriptCore: Warning: Script Msg: Attempted to access index 3 from array 'Weapon uses' of length 3 in '/Game/Creations/Widgets/WeaponsandHP.WeaponsandHP_C'!
[2019.04.24-22.24.22:078][583]LogScriptCore: Warning: Script Msg: Attempted to access index 3 from array 'WeaponsInUI' of length 3 in '/Game/Creations/Widgets/WeaponsandHP.WeaponsandHP_C'!
[2019.04.24-22.24.22:078][583]LogScriptCore: Warning: Script Msg: Attempted to access index 3 from array 'Weapon uses' of length 3 in '/Game/Creations/Widgets/WeaponsandHP.WeaponsandHP_C'!
[2019.04.24-22.24.42:579][432]LogScriptCore: Warning: Script Msg: Attempted to access index 3 from array 'WeaponsInUI' of length 3 in '/Game/Creations/Widgets/WeaponsandHP.WeaponsandHP_C'!
[2019.04.24-22.24.42:580][432]LogScriptCore: Warning: Script Msg: Attempted to access index 3 from array 'Weapon uses' of length 3 in '/Game/Creations/Widgets/WeaponsandHP.WeaponsandHP_C'!
[2019.04.24-22.24.52:588][821]LogScriptCore: Warning: Script Msg: Attempted to access index 3 from array 'WeaponsInUI' of length 3 in '/Game/Creations/Widgets/WeaponsandHP.WeaponsandHP_C'!
[2019.04.24-22.24.52:588][821]LogScriptCore: Warning: Script Msg: Attempted to access index 3 from array 'Weapon uses' of length 3 in '/Game/Creations/Widgets/WeaponsandHP.WeaponsandHP_C'!
[2019.04.24-22.24.52:608][822]LogScriptCore: Warning: Script Msg: Attempted to access index 3 from array 'WeaponsInUI' of length 3 in '/Game/Creations/Widgets/WeaponsandHP.WeaponsandHP_C'!
[2019.04.24-22.24.52:608][822]LogScriptCore: Warning: Script Msg: Attempted to access index 3 from array 'Weapon uses' of length 3 in '/Game/Creations/Widgets/WeaponsandHP.WeaponsandHP_C'!
[2019.04.24-22.24.52:628][823]LogScriptCore: Warning: Script Msg: Attempted to access index 3 from array 'WeaponsInUI' of length 3 in '/Game/Creations/Widgets/WeaponsandHP.WeaponsandHP_C'!
[2019.04.24-22.24.52:628][823]LogScriptCore: Warning: Script Msg: Attempted to access index 3 from array 'Weapon uses' of length 3 in '/Game/Creations/Widgets/WeaponsandHP.WeaponsandHP_C'!
[2019.04.24-22.25.43:727][920]LogScriptCore: Warning: Script Msg: Attempted to access index 3 from array 'WeaponsInUI' of length 3 in '/Game/Creations/Widgets/WeaponsandHP.WeaponsandHP_C'!
[2019.04.24-22.25.43:727][920]LogScriptCore: Warning: Script Msg: Attempted to access index 3 from array 'Weapon uses' of length 3 in '/Game/Creations/Widgets/WeaponsandHP.WeaponsandHP_C'!
[2019.04.24-22.25.53:717][324]LogScriptCore: Warning: Script Msg: Attempted to access index 3 from array 'WeaponsInUI' of length 3 in '/Game/Creations/Widgets/WeaponsandHP.WeaponsandHP_C'!
[2019.04.24-22.25.53:717][324]LogScriptCore: Warning: Script Msg: Attempted to access index 3 from array 'Weapon uses' of length 3 in '/Game/Creations/Widgets/WeaponsandHP.WeaponsandHP_C'!
[2019.04.24-22.25.53:738][325]LogScriptCore: Warning: Script Msg: Attempted to access index 3 from array 'WeaponsInUI' of length 3 in '/Game/Creations/Widgets/WeaponsandHP.WeaponsandHP_C'!
[2019.04.24-22.25.53:738][325]LogScriptCore: Warning: Script Msg: Attempted to access index 3 from array 'Weapon uses' of length 3 in '/Game/Creations/Widgets/WeaponsandHP.WeaponsandHP_C'!
[2019.04.24-22.25.53:765][326]LogScriptCore: Warning: Script Msg: Attempted to access index 3 from array 'WeaponsInUI' of length 3 in '/Game/Creations/Widgets/WeaponsandHP.WeaponsandHP_C'!
[2019.04.24-22.25.53:766][326]LogScriptCore: Warning: Script Msg: Attempted to access index 3 from array 'Weapon uses' of length 3 in '/Game/Creations/Widgets/WeaponsandHP.WeaponsandHP_C'!
[2019.04.24-22.26.14:273][140]LogScriptCore: Warning: Script Msg: Attempted to access index 3 from array 'WeaponsInUI' of length 3 in '/Game/Creations/Widgets/WeaponsandHP.WeaponsandHP_C'!
[2019.04.24-22.26.14:273][140]LogScriptCore: Warning: Script Msg: Attempted to access index 3 from array 'Weapon uses' of length 3 in '/Game/Creations/Widgets/WeaponsandHP.WeaponsandHP_C'!
[2019.04.24-22.26.14:274][140]LogScriptCore: Warning: Script Msg: Attempted to access index 4 from array 'WeaponsInUI' of length 3 in '/Game/Creations/Widgets/WeaponsandHP.WeaponsandHP_C'!
[2019.04.24-22.26.14:274][140]LogScriptCore: Warning: Script Msg: Attempted to access index 4 from array 'Weapon uses' of length 3 in '/Game/Creations/Widgets/WeaponsandHP.WeaponsandHP_C'!
[2019.04.24-22.26.20:417][361]LogRenderer: Reallocating scene render targets to support 1920x1060 Format 10 NumSamples 1 (Frame:14358).
[2019.04.24-22.26.21:140][376]LogAudio: Warning: Waited 44.575119ms for audio thread.
[2019.04.24-22.26.21:140][376]LogAudio: Warning: Waited 44.834076ms for audio thread.
[2019.04.24-22.26.24:538][452]LogScriptCore: Warning: Script Msg: Attempted to access index 3 from array 'WeaponsInUI' of length 3 in '/Game/Creations/Widgets/WeaponsandHP.WeaponsandHP_C'!
[2019.04.24-22.26.24:538][452]LogScriptCore: Warning: Script Msg: Attempted to access index 3 from array 'Weapon uses' of length 3 in '/Game/Creations/Widgets/WeaponsandHP.WeaponsandHP_C'!
[2019.04.24-22.26.24:538][452]LogScriptCore: Warning: Script Msg: Attempted to access index 4 from array 'WeaponsInUI' of length 3 in '/Game/Creations/Widgets/WeaponsandHP.WeaponsandHP_C'!
[2019.04.24-22.26.24:538][452]LogScriptCore: Warning: Script Msg: Attempted to access index 4 from array 'Weapon uses' of length 3 in '/Game/Creations/Widgets/WeaponsandHP.WeaponsandHP_C'!
[2019.04.24-22.26.24:669][456]LogScriptCore: Warning: Script Msg: Attempted to access index 3 from array 'WeaponsInUI' of length 3 in '/Game/Creations/Widgets/WeaponsandHP.WeaponsandHP_C'!
[2019.04.24-22.26.24:670][456]LogScriptCore: Warning: Script Msg: Attempted to access index 3 from array 'Weapon uses' of length 3 in '/Game/Creations/Widgets/WeaponsandHP.WeaponsandHP_C'!
[2019.04.24-22.26.24:670][456]LogScriptCore: Warning: Script Msg: Attempted to access index 4 from array 'WeaponsInUI' of length 3 in '/Game/Creations/Widgets/WeaponsandHP.WeaponsandHP_C'!
[2019.04.24-22.26.24:670][456]LogScriptCore: Warning: Script Msg: Attempted to access index 4 from array 'Weapon uses' of length 3 in '/Game/Creations/Widgets/WeaponsandHP.WeaponsandHP_C'!
[2019.04.24-22.26.24:865][462]LogScriptCore: Warning: Script Msg: Attempted to access index 3 from array 'WeaponsInUI' of length 3 in '/Game/Creations/Widgets/WeaponsandHP.WeaponsandHP_C'!
[2019.04.24-22.26.24:866][462]LogScriptCore: Warning: Script Msg: Attempted to access index 3 from array 'Weapon uses' of length 3 in '/Game/Creations/Widgets/WeaponsandHP.WeaponsandHP_C'!
[2019.04.24-22.26.24:866][462]LogScriptCore: Warning: Script Msg: Attempted to access index 4 from array 'WeaponsInUI' of length 3 in '/Game/Creations/Widgets/WeaponsandHP.WeaponsandHP_C'!
[2019.04.24-22.26.24:866][462]LogScriptCore: Warning: Script Msg: Attempted to access index 4 from array 'Weapon uses' of length 3 in '/Game/Creations/Widgets/WeaponsandHP.WeaponsandHP_C'!
[2019.04.24-22.26.26:393][509]LogAudio: Warning: Current Audio Device with ID {0.0.0.00000000}.{b9a103b4-4fa4-43e8-9ac9-5f914a961b81} was removed. Shutting down audio device.
[2019.04.24-22.26.26:521][510]LogAudio: Warning: Waited 71.154465ms for audio thread.
[2019.04.24-22.26.26:557][510]LogAudio: Warning: Waited 107.397461ms for audio thread.
[2019.04.24-22.26.26:594][510]LogAudio: Warning: Waited 144.162323ms for audio thread.
[2019.04.24-22.26.26:632][510]LogInit: XAudio2 using 'Speakers (Realtek High Definition Audio)' : 6 channels at 48 kHz using 32 bits per sample (channel mask 0x3f)
[2019.04.24-22.26.26:632][510]LogAudio: Warning: Waited 182.631744ms for audio thread.
[2019.04.24-22.26.26:668][510]LogAudio: Warning: Waited 218.082062ms for audio thread.
[2019.04.24-22.26.26:704][510]LogAudio: Warning: Waited 254.048737ms for audio thread.
[2019.04.24-22.26.26:740][510]LogAudio: Warning: Waited 290.012634ms for audio thread.
[2019.04.24-22.26.26:776][510]LogAudio: Warning: Waited 326.603790ms for audio thread.
[2019.04.24-22.26.26:812][510]LogAudio: Warning: Waited 361.971191ms for audio thread.
[2019.04.24-22.26.26:848][510]LogAudio: Warning: Waited 397.941010ms for audio thread.
[2019.04.24-22.26.26:884][510]LogAudio: Warning: Waited 433.934540ms for audio thread.
[2019.04.24-22.26.26:920][510]LogAudio: Warning: Waited 469.922119ms for audio thread.
[2019.04.24-22.26.26:956][510]LogAudio: Warning: Waited 505.883636ms for audio thread.
[2019.04.24-22.26.26:992][510]LogAudio: Warning: Waited 541.884644ms for audio thread.
[2019.04.24-22.26.27:028][510]LogAudio: Warning: Waited 577.841064ms for audio thread.
[2019.04.24-22.26.27:064][510]LogAudio: Warning: Waited 613.842041ms for audio thread.
[2019.04.24-22.26.27:100][510]LogAudio: Warning: Waited 649.814270ms for audio thread.
[2019.04.24-22.26.27:136][510]LogAudio: Warning: Waited 685.775391ms for audio thread.
[2019.04.24-22.26.27:172][510]LogAudio: Warning: Waited 721.755066ms for audio thread.
[2019.04.24-22.26.27:208][510]LogAudio: Warning: Waited 757.751770ms for audio thread.
[2019.04.24-22.26.27:244][510]LogAudio: Warning: Waited 793.725464ms for audio thread.
[2019.04.24-22.26.27:280][510]LogAudio: Warning: Waited 829.722595ms for audio thread.
[2019.04.24-22.26.27:316][510]LogAudio: Warning: Waited 866.213867ms for audio thread.
[2019.04.24-22.26.27:354][510]LogAudio: Warning: Waited 903.685730ms for audio thread.
[2019.04.24-22.26.27:361][510]LogAudio: Warning: Waited 910.749084ms for audio thread.
[2019.04.24-23.25.02:423][863]LogNet: UNetDriver::TickDispatch: Very long time between ticks. DeltaTime: 3503.58, Realtime: 3503.58. IpNetDriver_0
