Log file open, 02/23/19 16:10:18
LogWindows: Failed to load 'aqProf.dll' (GetLastError=126)
LogWindows: File 'aqProf.dll' does not exist
LogWindows: Failed to load 'VtuneApi.dll' (GetLastError=126)
LogWindows: File 'VtuneApi.dll' does not exist
LogWindows: Failed to load 'VtuneApi32e.dll' (GetLastError=126)
LogWindows: File 'VtuneApi32e.dll' does not exist
LogInit: Display: Running engine for game: Illuminate
LogPlatformFile: Not using cached read wrapper
LogInit: Display: RandInit(999892332) SRandInit(999892332).
LogInit: Read version file with build ID '3709383'
LogInit: Overriding engine version to CL 3794801, compatible CL 3709383
LogInit: Registered custom module enumerator with build ID '3709383'
LogInit: Warning: Passing commandline switches using / instead of - has been deprecated and will be removed in future versions of Unreal Engine.
LogTaskGraph: Started task graph with 5 named threads and 14 total threads with 3 sets of task threads.
LogStats: Stats thread started at 0.239529
LogPluginManager: Warning: Plugin 'AdvancedSessions' exists at '../../../../../../Users/lockw/OneDrive/Documents/Unreal Projects/Illuminate/Plugins/AdvancedSessions/AdvancedSessions/AdvancedSessions.uplugin' and '../../../../../../Users/lockw/OneDrive/Documents/Unreal Projects/Illuminate/Plugins/AdvancedSessions/AdvancedSessions.uplugin' - second location will be ignored
LogD3D11RHI: Aftermath initialized
LogInit: Warning: Passing commandline switches using / instead of - has been deprecated and will be removed in future versions of Unreal Engine.
LogModuleManager: Display: Found up-to-date module file ../../../Engine/Plugins/Online/OnlineSubsystemSteam/Binaries/Win64/UE4Editor-OnlineSubsystemSteam.dll (API version 3709383).
LogModuleManager: Display: Found up-to-date module file ../../../Engine/Plugins/Online/OnlineSubsystem/Binaries/Win64/UE4Editor-OnlineSubsystem.dll (API version 3709383).
LogModuleManager: Display: Found up-to-date module file ../../../Engine/Plugins/Online/OnlineSubsystemUtils/Binaries/Win64/UE4Editor-OnlineSubsystemUtils.dll (API version 3709383).
LogModuleManager: Display: Found up-to-date module file ../../../Engine/Plugins/Online/OnlineSubsystemUtils/Binaries/Win64/UE4Editor-OnlineBlueprintSupport.dll (API version 3709383).
LogModuleManager: Display: Found up-to-date module file ../../../Engine/Plugins/Online/OnlineFramework/Binaries/Win64/UE4Editor-Qos.dll (API version 3709383).
LogModuleManager: Display: Found up-to-date module file ../../../Engine/Plugins/Online/OnlineFramework/Binaries/Win64/UE4Editor-Party.dll (API version 3709383).
LogModuleManager: Display: Found up-to-date module file ../../../Engine/Plugins/Online/OnlineFramework/Binaries/Win64/UE4Editor-Lobby.dll (API version 3709383).
LogModuleManager: Display: Found up-to-date module file ../../../Engine/Plugins/Online/OnlineFramework/Binaries/Win64/UE4Editor-Hotfix.dll (API version 3709383).
LogModuleManager: Display: Found up-to-date module file ../../../Engine/Plugins/Online/OnlineFramework/Binaries/Win64/UE4Editor-Rejoin.dll (API version 3709383).
LogModuleManager: Display: Found up-to-date module file ../../../Engine/Plugins/Online/OnlineFramework/Binaries/Win64/UE4Editor-LoginFlow.dll (API version 3709383).
LogModuleManager: Display: Found up-to-date module file ../../../Engine/Plugins/2D/Paper2D/Binaries/Win64/UE4Editor-Paper2D.dll (API version 3709383).
LogModuleManager: Display: Found up-to-date module file ../../../Engine/Plugins/2D/Paper2D/Binaries/Win64/UE4Editor-Paper2DEditor.dll (API version 3709383).
LogModuleManager: Display: Found up-to-date module file ../../../Engine/Plugins/2D/Paper2D/Binaries/Win64/UE4Editor-PaperSpriteSheetImporter.dll (API version 3709383).
LogModuleManager: Display: Found up-to-date module file ../../../Engine/Plugins/2D/Paper2D/Binaries/Win64/UE4Editor-PaperTiledImporter.dll (API version 3709383).
LogModuleManager: Display: Found up-to-date module file ../../../Engine/Plugins/2D/Paper2D/Binaries/Win64/UE4Editor-SmartSnapping.dll (API version 3709383).
LogModuleManager: Display: Found up-to-date module file ../../../Engine/Plugins/Blendables/LightPropagationVolume/Binaries/Win64/UE4Editor-LightPropagationVolumeRuntime.dll (API version 3709383).
LogModuleManager: Display: Found up-to-date module file ../../../Engine/Plugins/Blendables/LightPropagationVolume/Binaries/Win64/UE4Editor-LightPropagationVolumeEditor.dll (API version 3709383).
LogModuleManager: Display: Found up-to-date module file ../../../Engine/Plugins/Developer/GitSourceControl/Binaries/Win64/UE4Editor-GitSourceControl.dll (API version 3709383).
LogModuleManager: Display: Found up-to-date module file ../../../Engine/Plugins/Developer/PerforceSourceControl/Binaries/Win64/UE4Editor-PerforceSourceControl.dll (API version 3709383).
LogModuleManager: Display: Found up-to-date module file ../../../Engine/Plugins/Developer/SubversionSourceControl/Binaries/Win64/UE4Editor-SubversionSourceControl.dll (API version 3709383).
LogModuleManager: Display: Found up-to-date module file ../../../Engine/Plugins/Developer/UObjectPlugin/Binaries/Win64/UE4Editor-UObjectPlugin.dll (API version 3709383).
LogModuleManager: Display: Found up-to-date module file ../../../Engine/Plugins/Developer/VisualStudioCodeSourceCodeAccess/Binaries/Win64/UE4Editor-VisualStudioCodeSourceCodeAccess.dll (API version 3709383).
LogModuleManager: Display: Found up-to-date module file ../../../Engine/Plugins/Developer/VisualStudioSourceCodeAccess/Binaries/Win64/UE4Editor-VisualStudioSourceCodeAccess.dll (API version 3709383).
LogModuleManager: Display: Found up-to-date module file ../../../Engine/Plugins/Editor/AssetManagerEditor/Binaries/Win64/UE4Editor-AssetManagerEditor.dll (API version 3709383).
LogModuleManager: Display: Found up-to-date module file ../../../Engine/Plugins/Editor/AudioCapture/Binaries/Win64/UE4Editor-AudioCapture.dll (API version 3709383).
LogModuleManager: Display: Found up-to-date module file ../../../Engine/Plugins/Editor/FacialAnimation/Binaries/Win64/UE4Editor-FacialAnimation.dll (API version 3709383).
LogModuleManager: Display: Found up-to-date module file ../../../Engine/Plugins/Editor/FacialAnimation/Binaries/Win64/UE4Editor-FacialAnimationEditor.dll (API version 3709383).
LogModuleManager: Display: Found up-to-date module file ../../../Engine/Plugins/Editor/GameplayTagsEditor/Binaries/Win64/UE4Editor-GameplayTagsEditor.dll (API version 3709383).
LogModuleManager: Display: Found up-to-date module file ../../../Engine/Plugins/Editor/MobileLauncherProfileWizard/Binaries/Win64/UE4Editor-MobileLauncherProfileWizard.dll (API version 3709383).
LogModuleManager: Display: Found up-to-date module file ../../../Engine/Plugins/Editor/PluginBrowser/Binaries/Win64/UE4Editor-PluginBrowser.dll (API version 3709383).
LogModuleManager: Display: Found up-to-date module file ../../../Engine/Plugins/Editor/SpeedTreeImporter/Binaries/Win64/UE4Editor-SpeedTreeImporter.dll (API version 3709383).
LogModuleManager: Display: Found up-to-date module file ../../../Engine/Plugins/Experimental/AlembicImporter/Binaries/Win64/UE4Editor-AlembicImporter.dll (API version 3709383).
LogModuleManager: Display: Found up-to-date module file ../../../Engine/Plugins/Experimental/AlembicImporter/Binaries/Win64/UE4Editor-AlembicLibrary.dll (API version 3709383).
LogModuleManager: Display: Found up-to-date module file ../../../Engine/Plugins/Experimental/CharacterAI/Binaries/Win64/UE4Editor-CharacterAI.dll (API version 3709383).
LogModuleManager: Display: Found up-to-date module file ../../../Engine/Plugins/Experimental/HTML5Networking/Binaries/Win64/UE4Editor-HTML5Networking.dll (API version 3709383).
LogModuleManager: Display: Found up-to-date module file ../../../Engine/Plugins/Media/AndroidMedia/Binaries/Win64/UE4Editor-AndroidMediaEditor.dll (API version 3709383).
LogModuleManager: Display: Found up-to-date module file ../../../Engine/Plugins/Media/AndroidMedia/Binaries/Win64/UE4Editor-AndroidMediaFactory.dll (API version 3709383).
LogModuleManager: Display: Found up-to-date module file ../../../Engine/Plugins/Media/AvfMedia/Binaries/Win64/UE4Editor-AvfMediaEditor.dll (API version 3709383).
LogModuleManager: Display: Found up-to-date module file ../../../Engine/Plugins/Media/AvfMedia/Binaries/Win64/UE4Editor-AvfMediaFactory.dll (API version 3709383).
LogModuleManager: Display: Found up-to-date module file ../../../Engine/Plugins/Media/AvfMedia/Binaries/Win64/UE4Editor-AvfMediaFactory.dll (API version 3709383).
LogModuleManager: Display: Found up-to-date module file ../../../Engine/Plugins/Media/ImgMedia/Binaries/Win64/UE4Editor-ImgMedia.dll (API version 3709383).
LogModuleManager: Display: Found up-to-date module file ../../../Engine/Plugins/Media/ImgMedia/Binaries/Win64/UE4Editor-ImgMediaEditor.dll (API version 3709383).
LogModuleManager: Display: Found up-to-date module file ../../../Engine/Plugins/Media/ImgMedia/Binaries/Win64/UE4Editor-ImgMediaFactory.dll (API version 3709383).
LogModuleManager: Display: Found up-to-date module file ../../../Engine/Plugins/Media/ImgMedia/Binaries/Win64/UE4Editor-ImgMediaFactory.dll (API version 3709383).
LogModuleManager: Display: Found up-to-date module file ../../../Engine/Plugins/Media/ImgMedia/Binaries/Win64/UE4Editor-OpenExrWrapper.dll (API version 3709383).
LogModuleManager: Display: Found up-to-date module file ../../../Engine/Plugins/Media/MediaCompositing/Binaries/Win64/UE4Editor-MediaCompositing.dll (API version 3709383).
LogModuleManager: Display: Found up-to-date module file ../../../Engine/Plugins/Media/MediaCompositing/Binaries/Win64/UE4Editor-MediaCompositingEditor.dll (API version 3709383).
LogModuleManager: Display: Found up-to-date module file ../../../Engine/Plugins/Media/MediaPlayerEditor/Binaries/Win64/UE4Editor-MediaPlayerEditor.dll (API version 3709383).
LogModuleManager: Display: Found up-to-date module file ../../../Engine/Plugins/Media/WmfMedia/Binaries/Win64/UE4Editor-WmfMedia.dll (API version 3709383).
LogModuleManager: Display: Found up-to-date module file ../../../Engine/Plugins/Media/WmfMedia/Binaries/Win64/UE4Editor-WmfMediaEditor.dll (API version 3709383).
LogModuleManager: Display: Found up-to-date module file ../../../Engine/Plugins/Media/WmfMedia/Binaries/Win64/UE4Editor-WmfMediaFactory.dll (API version 3709383).
LogModuleManager: Display: Found up-to-date module file ../../../Engine/Plugins/Media/WmfMedia/Binaries/Win64/UE4Editor-WmfMediaFactory.dll (API version 3709383).
LogModuleManager: Display: Found up-to-date module file ../../../Engine/Plugins/Messaging/TcpMessaging/Binaries/Win64/UE4Editor-TcpMessaging.dll (API version 3709383).
LogModuleManager: Display: Found up-to-date module file ../../../Engine/Plugins/Messaging/UdpMessaging/Binaries/Win64/UE4Editor-UdpMessaging.dll (API version 3709383).
LogModuleManager: Display: Found up-to-date module file ../../../Engine/Plugins/MovieScene/ActorSequence/Binaries/Win64/UE4Editor-ActorSequence.dll (API version 3709383).
LogModuleManager: Display: Found up-to-date module file ../../../Engine/Plugins/MovieScene/LevelSequenceEditor/Binaries/Win64/UE4Editor-LevelSequenceEditor.dll (API version 3709383).
LogModuleManager: Display: Found up-to-date module file ../../../Engine/Plugins/MovieScene/MatineeToLevelSequence/Binaries/Win64/UE4Editor-MatineeToLevelSequence.dll (API version 3709383).
LogModuleManager: Display: Found up-to-date module file ../../../Engine/Plugins/Runtime/AndroidPermission/Binaries/Win64/UE4Editor-AndroidPermission.dll (API version 3709383).
LogModuleManager: Display: Found up-to-date module file ../../../Engine/Plugins/Online/OnlineSubsystemNull/Binaries/Win64/UE4Editor-OnlineSubsystemNull.dll (API version 3709383).
LogModuleManager: Display: Found up-to-date module file ../../../Engine/Plugins/Runtime/AndroidDeviceProfileSelector/Binaries/Win64/UE4Editor-AndroidDeviceProfileSelector.dll (API version 3709383).
LogModuleManager: Display: Found up-to-date module file ../../../Engine/Plugins/Runtime/AppleARKit/Binaries/Win64/UE4Editor-AppleARKit.dll (API version 3709383).
LogModuleManager: Display: Found up-to-date module file ../../../Engine/Plugins/Runtime/ArchVisCharacter/Binaries/Win64/UE4Editor-ArchVisCharacter.dll (API version 3709383).
LogModuleManager: Display: Found up-to-date module file ../../../Engine/Plugins/Runtime/CableComponent/Binaries/Win64/UE4Editor-CableComponent.dll (API version 3709383).
LogModuleManager: Display: Found up-to-date module file ../../../Engine/Plugins/Runtime/CustomMeshComponent/Binaries/Win64/UE4Editor-CustomMeshComponent.dll (API version 3709383).
LogModuleManager: Display: Found up-to-date module file ../../../Engine/Plugins/Runtime/ExampleDeviceProfileSelector/Binaries/Win64/UE4Editor-ExampleDeviceProfileSelector.dll (API version 3709383).
LogModuleManager: Display: Found up-to-date module file ../../../Engine/Plugins/Runtime/ImmediatePhysics/Binaries/Win64/UE4Editor-ImmediatePhysics.dll (API version 3709383).
LogModuleManager: Display: Found up-to-date module file ../../../Engine/Plugins/Runtime/ImmediatePhysics/Binaries/Win64/UE4Editor-ImmediatePhysicsEditor.dll (API version 3709383).
LogModuleManager: Display: Found up-to-date module file ../../../Engine/Plugins/Runtime/LocationServicesBPLibrary/Binaries/Win64/UE4Editor-LocationServicesBPLibrary.dll (API version 3709383).
LogModuleManager: Display: Found up-to-date module file ../../../Engine/Plugins/Runtime/MobilePatchingUtils/Binaries/Win64/UE4Editor-MobilePatchingUtils.dll (API version 3709383).
LogModuleManager: Display: Found up-to-date module file ../../../Engine/Plugins/Runtime/Oculus/OculusVR/Binaries/Win64/UE4Editor-OculusHMD.dll (API version 3709383).
LogModuleManager: Display: Found up-to-date module file ../../../Engine/Plugins/Runtime/Oculus/OculusVR/Binaries/Win64/UE4Editor-OculusInput.dll (API version 3709383).
LogModuleManager: Display: Found up-to-date module file ../../../Engine/Plugins/Runtime/Oculus/OculusVR/Binaries/Win64/UE4Editor-OculusEditor.dll (API version 3709383).
LogModuleManager: Display: Found up-to-date module file ../../../Engine/Plugins/Runtime/PhysXVehicles/Binaries/Win64/UE4Editor-PhysXVehicles.dll (API version 3709383).
LogModuleManager: Display: Found up-to-date module file ../../../Engine/Plugins/Runtime/PhysXVehicles/Binaries/Win64/UE4Editor-PhysXVehiclesEditor.dll (API version 3709383).
LogModuleManager: Display: Found up-to-date module file ../../../Engine/Plugins/Runtime/ProceduralMeshComponent/Binaries/Win64/UE4Editor-ProceduralMeshComponent.dll (API version 3709383).
LogModuleManager: Display: Found up-to-date module file ../../../Engine/Plugins/Runtime/ProceduralMeshComponent/Binaries/Win64/UE4Editor-ProceduralMeshComponentEditor.dll (API version 3709383).
LogModuleManager: Display: Found up-to-date module file ../../../Engine/Plugins/Runtime/RuntimePhysXCooking/Binaries/Win64/UE4Editor-RuntimePhysXCooking.dll (API version 3709383).
LogModuleManager: Display: Found up-to-date module file ../../../Engine/Plugins/Runtime/Steam/SteamVR/Binaries/Win64/UE4Editor-SteamVR.dll (API version 3709383).
LogModuleManager: Display: Found up-to-date module file ../../../Engine/Plugins/Runtime/Steam/SteamVR/Binaries/Win64/UE4Editor-SteamVRController.dll (API version 3709383).
LogModuleManager: Display: Found up-to-date module file ../../../Engine/Plugins/Runtime/WindowsMoviePlayer/Binaries/Win64/UE4Editor-WindowsMoviePlayer.dll (API version 3709383).
LogModuleManager: Display: Found up-to-date module file ../../../../../../Users/lockw/OneDrive/Documents/Unreal Projects/Illuminate/Plugins/AdvancedSessions/AdvancedSessions/Binaries/Win64/UE4Editor-AdvancedSessions.dll (API version 3709383).
LogModuleManager: Display: Found up-to-date module file ../../../../../../Users/lockw/OneDrive/Documents/Unreal Projects/Illuminate/Plugins/AdvancedSessions/AdvancedSteamSessions/Binaries/Win64/UE4Editor-AdvancedSteamSessions.dll (API version 3709383).
LogPluginManager: Mounting plugin Paper2D
LogPluginManager: Mounting plugin LightPropagationVolume
LogPluginManager: Mounting plugin CodeLiteSourceCodeAccess
LogPluginManager: Mounting plugin GitSourceControl
LogPluginManager: Mounting plugin KDevelopSourceCodeAccess
LogPluginManager: Mounting plugin NullSourceCodeAccess
LogPluginManager: Mounting plugin PerforceSourceControl
LogPluginManager: Mounting plugin SubversionSourceControl
LogPluginManager: Mounting plugin UObjectPlugin
LogPluginManager: Mounting plugin VisualStudioCodeSourceCodeAccess
LogPluginManager: Mounting plugin VisualStudioSourceCodeAccess
LogPluginManager: Mounting plugin XCodeSourceCodeAccess
LogPluginManager: Mounting plugin AssetManagerEditor
LogPluginManager: Mounting plugin AudioCapture
LogPluginManager: Mounting plugin FacialAnimation
LogPluginManager: Mounting plugin GameplayTagsEditor
LogPluginManager: Mounting plugin MobileLauncherProfileWizard
LogPluginManager: Mounting plugin PluginBrowser
LogPluginManager: Mounting plugin SpeedTreeImporter
LogPluginManager: Mounting plugin AlembicImporter
LogPluginManager: Mounting plugin CharacterAI
LogPluginManager: Mounting plugin HTML5Networking
LogPluginManager: Mounting plugin AndroidMedia
LogPluginManager: Mounting plugin AvfMedia
LogPluginManager: Mounting plugin ImgMedia
LogPluginManager: Mounting plugin MediaCompositing
LogPluginManager: Mounting plugin MediaPlayerEditor
LogPluginManager: Mounting plugin WmfMedia
LogPluginManager: Mounting plugin TcpMessaging
LogPluginManager: Mounting plugin UdpMessaging
LogPluginManager: Mounting plugin ActorSequence
LogPluginManager: Mounting plugin LevelSequenceEditor
LogPluginManager: Mounting plugin MatineeToLevelSequence
LogPluginManager: Mounting plugin OnlineSubsystemGooglePlay
LogPluginManager: Mounting plugin OnlineSubsystemIOS
LogPluginManager: Mounting plugin OnlineFramework
LogPluginManager: Mounting plugin OnlineSubsystem
LogPluginManager: Mounting plugin OnlineSubsystemNull
LogPluginManager: Mounting plugin OnlineSubsystemSteam
LogPluginManager: Mounting plugin OnlineSubsystemUtils
LogPluginManager: Mounting plugin AndroidDeviceProfileSelector
LogPluginManager: Mounting plugin AndroidMoviePlayer
LogPluginManager: Mounting plugin AndroidPermission
LogPluginManager: Mounting plugin AppleARKit
LogPluginManager: Mounting plugin AppleMoviePlayer
LogPluginManager: Mounting plugin ArchVisCharacter
LogPluginManager: Mounting plugin CableComponent
LogPluginManager: Mounting plugin CustomMeshComponent
LogPluginManager: Mounting plugin ExampleDeviceProfileSelector
LogPluginManager: Mounting plugin GoogleCloudMessaging
LogPluginManager: Mounting plugin ImmediatePhysics
LogPluginManager: Mounting plugin IOSDeviceProfileSelector
LogPluginManager: Mounting plugin LinuxDeviceProfileSelector
LogPluginManager: Mounting plugin LocationServicesBPLibrary
LogPluginManager: Mounting plugin MobilePatchingUtils
LogPluginManager: Mounting plugin OculusVR
LogPluginManager: Plugin shader directory ../../../Engine/Plugins/Runtime/Oculus/OculusVR/Shaders found
LogPluginManager: Mapping shader source directory ../../../Engine/Plugins/Runtime/Oculus/OculusVR/Shaders to virtual directory /Plugin/OculusVR
LogPluginManager: Mounting plugin PhysXVehicles
LogPluginManager: Mounting plugin ProceduralMeshComponent
LogPluginManager: Mounting plugin RuntimePhysXCooking
LogPluginManager: Mounting plugin SteamVR
LogPluginManager: Mounting plugin WindowsMoviePlayer
LogPluginManager: Mounting plugin AdvancedSessions
LogPluginManager: Mounting plugin AdvancedSteamSessions
LogInit: Using libcurl 7.47.1
LogInit:  - built for x86_64-pc-win32
LogInit:  - supports SSL with OpenSSL/1.0.2g
LogInit:  - supports HTTP deflate (compression) using libz 1.2.8
LogInit:  - other features:
LogInit:      CURL_VERSION_SSL
LogInit:      CURL_VERSION_LIBZ
LogInit:      CURL_VERSION_IPV6
LogInit:      CURL_VERSION_ASYNCHDNS
LogInit:      CURL_VERSION_LARGEFILE
LogInit:      CURL_VERSION_IDN
LogInit:  CurlRequestOptions (configurable via config and command line):
LogInit:  - bVerifyPeer = false  - Libcurl will NOT verify peer certificate
LogInit:  - bUseHttpProxy = false  - Libcurl will NOT use HTTP proxy
LogInit:  - bDontReuseConnections = false  - Libcurl will reuse connections
LogInit:  - CertBundlePath = nullptr  - Libcurl will use whatever was configured at build time.
LogOnline: Display: STEAM: Loading Steam SDK 1.39
LogOnline: Warning: STEAM: Steam API disabled!
LogOnline: Display: STEAM: OnlineSubsystemSteam::Shutdown()
LogInit: WinSock: version 1.1 (2.2), MaxSocks=32767, MaxUdp=65467
LogInit: Build: ++UE4+Release-4.18-CL-3794801
LogInit: Engine Version: 4.18.2-3794801+++UE4+Release-4.18
LogInit: Compatible Engine Version: 4.18.0-3709383+++UE4+Release-4.18
LogInit: Net CL: 3709383
LogDevObjectVersion: Number of dev versions registered: 16
LogDevObjectVersion:   Dev-Blueprints (B0D832E4-1F89-4F0D-ACCF-7EB736FD4AA2): 10
LogDevObjectVersion:   Dev-Build (E1C64328-A22C-4D53-A36C-8E866417BD8C): 0
LogDevObjectVersion:   Dev-Core (375EC13C-06E4-48FB-B500-84F0262A717E): 2
LogDevObjectVersion:   Dev-Editor (E4B068ED-F494-42E9-A231-DA0B2E46BB41): 20
LogDevObjectVersion:   Dev-Framework (CFFC743F-43B0-4480-9391-14DF171D2073): 30
LogDevObjectVersion:   Dev-Mobile (B02B49B5-BB20-44E9-A304-32B752E40360): 0
LogDevObjectVersion:   Dev-Networking (A4E4105C-59A1-49B5-A7C5-40C4547EDFEE): 0
LogDevObjectVersion:   Dev-Online (39C831C9-5AE6-47DC-9A44-9C173E1C8E7C): 0
LogDevObjectVersion:   Dev-Physics (78F01B33-EBEA-4F98-B9B4-84EACCB95AA2): 0
LogDevObjectVersion:   Dev-Platform (6631380F-2D4D-43E0-8009-CF276956A95A): 0
LogDevObjectVersion:   Dev-Rendering (12F88B9F-8875-4AFC-A67C-D90C383ABD29): 20
LogDevObjectVersion:   Dev-Sequencer (7B5AE74C-D270-4C10-A958-57980B212A5A): 4
LogDevObjectVersion:   Dev-VR (D7296918-1DD6-4BDD-9DE2-64A83CC13884): 0
LogDevObjectVersion:   Dev-LoadTimes (C2A15278-BFE7-4AFE-6C17-90FF531DF755): 1
LogDevObjectVersion:   Private-Geometry (6EACA3D4-40EC-4CC1-B786-8BED09428FC5): 1
LogDevObjectVersion:   Dev-AnimPhys (29E575DD-E0A3-4627-9D10-D276232CDCEA): 12
LogInit: Compiled (64-bit): Dec  8 2017 02:04:53
LogInit: Compiled with Visual C++: 19.00.24215.01
LogInit: Build Configuration: Development
LogInit: Branch Name: ++UE4+Release-4.18
LogInit: Command line:  /Game/Creations/Maps/MainMenu?Listen -game -PIEVIACONSOLE -ResX=640 -ResY=480  -Multiprocess -messaging -SessionName="Play in Standalone Game" -port=17777 -windowed GameUserSettingsINI="C:/Users/lockw/OneDrive/Documents/Unreal Projects/Illuminate/Saved/Config/Windows/PIEGameUserSettings0.ini" -MultiprocessSaveConfig  -MultiprocessOSS WinX=8 WinY=550 SAVEWINPOS=1
LogInit: Base directory: C:/Program Files/Epic Games/UE_4.18/Engine/Binaries/Win64/
LogInit: Installed Engine Build: 1
LogInit: Presizing for max 8388607 objects, including 0 objects not considered by GC, pre-allocating 0 bytes for permanent pool.
LogInit: Object subsystem initialized
[2019.02.24-00.10.23:064][  0]LogInit: Selected Device Profile: [Windows]
[2019.02.24-00.10.23:064][  0]LogInit: Applying CVar settings loaded from the selected device profile: [Windows]
[2019.02.24-00.10.23:071][  0]LogInit: Computer: MSI
[2019.02.24-00.10.23:071][  0]LogInit: User: Alex
[2019.02.24-00.10.23:071][  0]LogInit: CPU Page size=4096, Cores=4
[2019.02.24-00.10.23:071][  0]LogInit: High frequency timer resolution =2.533214 MHz
[2019.02.24-00.10.23:071][  0]LogMemory: Memory total: Physical=15.9GB (16GB approx)
[2019.02.24-00.10.23:071][  0]LogMemory: Platform Memory Stats for Windows
[2019.02.24-00.10.23:071][  0]LogMemory: Process Physical Memory: 275.63 MB used, 275.63 MB peak
[2019.02.24-00.10.23:071][  0]LogMemory: Process Virtual Memory: 274.38 MB used, 274.38 MB peak
[2019.02.24-00.10.23:071][  0]LogMemory: Physical Memory: 11928.87 MB used,  4344.46 MB free, 16273.34 MB total
[2019.02.24-00.10.23:071][  0]LogMemory: Virtual Memory: 4788.72 MB used,  4344.46 MB free, 134217728.00 MB total
[2019.02.24-00.10.24:760][  0]LogInit: Using OS detected language (en-US).
[2019.02.24-00.10.24:760][  0]LogInit: Using OS detected locale (en-US).
[2019.02.24-00.10.24:769][  0]LogTextLocalizationManager: No specific localization for 'en-US' exists, so the 'en' localization will be used.
[2019.02.24-00.10.25:714][  0]LogD3D11RHI: D3D11 adapters:
[2019.02.24-00.10.25:788][  0]LogD3D11RHI:    0. 'NVIDIA GeForce GTX 965M' (Feature Level 11_0)
[2019.02.24-00.10.25:788][  0]LogD3D11RHI:       2010/0/8136 MB DedicatedVideo/DedicatedSystem/SharedSystem, Outputs:1, VendorId:0x10de
[2019.02.24-00.10.25:797][  0]LogD3D11RHI:    1. 'Intel(R) HD Graphics 4600' (Feature Level 11_0)
[2019.02.24-00.10.25:798][  0]LogD3D11RHI:       112/0/2048 MB DedicatedVideo/DedicatedSystem/SharedSystem, Outputs:0, VendorId:0x8086
[2019.02.24-00.10.25:801][  0]LogD3D11RHI:    2. 'Microsoft Basic Render Driver' (Feature Level 11_0)
[2019.02.24-00.10.25:801][  0]LogD3D11RHI:       0/0/8136 MB DedicatedVideo/DedicatedSystem/SharedSystem, Outputs:0, VendorId:0x1414
[2019.02.24-00.10.25:801][  0]LogD3D11RHI: Chosen D3D11 Adapter: 0
[2019.02.24-00.10.25:842][  0]LogD3D11RHI: Creating new Direct3DDevice
[2019.02.24-00.10.25:842][  0]LogD3D11RHI:     GPU DeviceId: 0x13d9 (for the marketing name, search the web for "GPU Device Id")
[2019.02.24-00.10.25:842][  0]LogWindows: EnumDisplayDevices:
[2019.02.24-00.10.25:842][  0]LogWindows:    0. 'Intel(R) HD Graphics 4600' (P:1 D:1)
[2019.02.24-00.10.25:842][  0]LogWindows:    1. 'Intel(R) HD Graphics 4600' (P:0 D:0)
[2019.02.24-00.10.25:843][  0]LogWindows:    2. 'Intel(R) HD Graphics 4600' (P:0 D:0)
[2019.02.24-00.10.25:843][  0]LogWindows: DebugString: GetVideoDriverDetailsInvalid PrimaryIsNotTheChoosenAdapter GetVideoDriverDetailsInvalid PrimaryIsNotTheChoosenAdapter GetVideoDriverDetailsInvalid PrimaryIsNotTheChoosenAdapter FoundDriverCount:0 
[2019.02.24-00.10.25:843][  0]LogD3D11RHI:     Adapter Name: NVIDIA GeForce GTX 965M
[2019.02.24-00.10.25:843][  0]LogD3D11RHI:   Driver Version: Unknown (internal:Unknown, unified:Unknown)
[2019.02.24-00.10.25:843][  0]LogD3D11RHI:      Driver Date: Unknown
[2019.02.24-00.10.25:843][  0]LogRHI: Texture pool is 1407 MB (70% of 2010 MB)
[2019.02.24-00.10.25:902][  0]LogD3D11RHI: Async texture creation enabled
[2019.02.24-00.10.25:923][  0]LogD3D11RHI: GPU Timing Frequency: 1000.000000 (Debug: 2 2)
[2019.02.24-00.10.25:924][  0]LogShaderCompilers: Guid format shader working directory is -29 characters bigger than the processId version (../../../../../../Users/lockw/OneDrive/Documents/Unreal Projects/Illuminate/Intermediate/Shaders/WorkingDirectory/9996/).
[2019.02.24-00.10.25:924][  0]LogShaderCompilers: Cleaned the shader compiler working directory 'C:/Users/lockw/AppData/Local/Temp/UnrealShaderWorkingDir/30A1DA2542D2296FFD1661BBCFC07E3A/'.
[2019.02.24-00.10.25:924][  0]LogShaderCompilers: Display: Using Local Shader Compiler.
[2019.02.24-00.10.27:868][  0]LogTemp: Display: Loaded TP WindowsClientTargetPlatform
[2019.02.24-00.10.28:034][  0]LogTemp: Display: Loaded TP WindowsNoEditorTargetPlatform
[2019.02.24-00.10.28:206][  0]LogTemp: Display: Loaded TP WindowsServerTargetPlatform
[2019.02.24-00.10.28:378][  0]LogTemp: Display: Loaded TP WindowsTargetPlatform
[2019.02.24-00.10.28:378][  0]LogTargetPlatformManager: Display: Building Assets For Windows
[2019.02.24-00.10.29:886][  0]LogDerivedDataCache: Display: Max Cache Size: 512 MB
[2019.02.24-00.10.30:024][  0]LogDerivedDataCache: Loaded boot cache 0.14s 78MB C:/Users/lockw/AppData/Local/UnrealEngine/4.18/DerivedDataCache/Boot.ddc.
[2019.02.24-00.10.30:024][  0]LogDerivedDataCache: Display: Loaded Boot cache: C:/Users/lockw/AppData/Local/UnrealEngine/4.18/DerivedDataCache/Boot.ddc
[2019.02.24-00.10.30:024][  0]LogDerivedDataCache: FDerivedDataBackendGraph:  Pak pak cache file ../../../../../../Users/lockw/OneDrive/Documents/Unreal Projects/Illuminate/DerivedDataCache/DDC.ddp not found, will not use a pak cache.
[2019.02.24-00.10.30:024][  0]LogDerivedDataCache: Unable to find inner node Pak for hierarchical cache Hierarchy.
[2019.02.24-00.10.30:024][  0]LogDerivedDataCache: FDerivedDataBackendGraph:  CompressedPak pak cache file ../../../../../../Users/lockw/OneDrive/Documents/Unreal Projects/Illuminate/DerivedDataCache/Compressed.ddp not found, will not use a pak cache.
[2019.02.24-00.10.30:025][  0]LogDerivedDataCache: Unable to find inner node CompressedPak for hierarchical cache Hierarchy.
[2019.02.24-00.10.30:046][  0]LogDerivedDataCache: Display: Pak cache opened for reading ../../../Engine/DerivedDataCache/Compressed.ddp.
[2019.02.24-00.10.30:059][  0]LogDerivedDataCache: Using Local data cache path C:/Users/lockw/AppData/Local/UnrealEngine/Common/DerivedDataCache: Writable
[2019.02.24-00.10.30:097][  0]LogMaterial: Verifying Global Shaders for PCD3D_SM5
[2019.02.24-00.10.30:098][  0]LogSlate: Using Freetype 2.6.0
[2019.02.24-00.10.30:100][  0]LogSlate: SlateFontCache - WITH_FREETYPE: 1, WITH_HARFBUZZ: 1
[2019.02.24-00.10.30:101][  0]LogSlate: SlateFontCache - WITH_FREETYPE: 1, WITH_HARFBUZZ: 1
[2019.02.24-00.10.30:585][  0]LogAssetRegistry: FAssetRegistry took 0.0127 seconds to start up
[2019.02.24-00.10.30:605][  0]LogPackageLocalizationCache: Processed 7 localized package path(s) for 2 prioritized culture(s) in 0.019376 seconds
[2019.02.24-00.10.30:757][  0]LogInit: Selected Device Profile: [Windows]
[2019.02.24-00.10.31:589][  0]LogSimplygon: Simplygon DLL not present - disabling.
[2019.02.24-00.10.31:706][  0]LogMeshReduction: Using SimplygonSwarm for distributed automatic mesh merging
[2019.02.24-00.10.31:706][  0]LogMeshReduction: Using QuadricMeshReduction for automatic static mesh reduction
[2019.02.24-00.10.31:706][  0]LogMeshReduction: No automatic skeletal mesh reduction module available
[2019.02.24-00.10.31:706][  0]LogMeshReduction: No automatic mesh merging module available
[2019.02.24-00.10.31:706][  0]LogMeshMerging: No automatic mesh merging module available
[2019.02.24-00.10.31:762][  0]LogNetVersion: Illuminate , NetCL: 3709383, EngineNetVer: 2, GameNetVer: 0 (Checksum: 1556659199)
[2019.02.24-00.10.32:146][  0]LogInit: Warning: Passing commandline switches using / instead of - has been deprecated and will be removed in future versions of Unreal Engine.
[2019.02.24-00.10.32:146][  0]LogInit: Warning: Passing commandline switches using / instead of - has been deprecated and will be removed in future versions of Unreal Engine.
[2019.02.24-00.10.32:146][  0]LogInit: Warning: Passing commandline switches using / instead of - has been deprecated and will be removed in future versions of Unreal Engine.
[2019.02.24-00.10.36:284][  0]LogMoviePlayer: Initializing movie player
[2019.02.24-00.10.37:296][  0]LogCollectionManager: Loaded 0 collections in 0.008316 seconds
[2019.02.24-00.10.37:395][  0]LogFileCache: Scanning file cache for directory 'C:/Users/lockw/OneDrive/Documents/Unreal Projects/Illuminate/Saved/Collections/' took 0.01s
[2019.02.24-00.10.37:395][  0]LogFileCache: Scanning file cache for directory 'C:/Users/lockw/OneDrive/Documents/Unreal Projects/Illuminate/Content/Developers/Alex/Collections/' took 0.01s
[2019.02.24-00.10.37:395][  0]LogFileCache: Scanning file cache for directory 'C:/Users/lockw/OneDrive/Documents/Unreal Projects/Illuminate/Content/Collections/' took 0.01s
[2019.02.24-00.10.37:395][  0]LogCollectionManager: Rebuilt the object cache for 0 collections in 0.000000 seconds (found 0 objects)
[2019.02.24-00.10.37:395][  0]LogCollectionManager: Fixed up redirectors for 0 collections in 0.000114 seconds (updated 0 objects)
[2019.02.24-00.10.37:943][  0]LogTcpMessaging: Initializing TcpMessaging bridge
[2019.02.24-00.10.38:044][  0]LogUdpMessaging: Initializing bridge on interface 0.0.0.0:0 to multicast group 230.0.0.1:6666.
[2019.02.24-00.10.39:677][  0]LogInit: Warning: Passing commandline switches using / instead of - has been deprecated and will be removed in future versions of Unreal Engine.
[2019.02.24-00.10.39:678][  0]SourceControl: Source control is disabled
[2019.02.24-00.10.39:679][  0]SourceControl: Source control is disabled
[2019.02.24-00.10.39:852][  0]SourceControl: Source control is disabled
[2019.02.24-00.10.41:964][  0]LogAndroidPermission: UAndroidPermissionCallbackProxy::GetInstance
[2019.02.24-00.10.42:746][  0]LogOcInput: OculusInput pre-init called
[2019.02.24-00.10.43:071][  0]LogUObjectArray: 39813 objects as part of root set at end of initial load.
[2019.02.24-00.10.43:071][  0]LogUObjectAllocator: 8734536 out of 0 bytes used by permanent object pool.
[2019.02.24-00.10.43:071][  0]LogUObjectArray: CloseDisregardForGC: 0/0 objects in disregard for GC pool
[2019.02.24-00.10.43:294][  0]LogEngine: Initializing Engine...
[2019.02.24-00.10.43:297][  0]LogHMD: Failed to initialize OpenVR with code 110
[2019.02.24-00.10.43:528][  0]LogStats: UGameplayTagsManager::ConstructGameplayTagTree: Construct from data asset -  0.000 s
[2019.02.24-00.10.43:528][  0]LogStats: UGameplayTagsManager::ConstructGameplayTagTree: GameplayTagTreeChangedEvent.Broadcast -  0.000 s
[2019.02.24-00.10.43:566][  0]LogInit: XAudio2 using 'Speakers (Realtek High Definition Audio)' : 6 channels at 48 kHz using 32 bits per sample (channel mask 0x3f)
[2019.02.24-00.10.43:780][  0]LogInit: FAudioDevice initialized.
[2019.02.24-00.10.43:819][  0]LogInit: Texture streaming: Enabled
[2019.02.24-00.10.43:839][  0]LogMaterial: Uniform references updated for custom material expression Custom.
[2019.02.24-00.10.46:337][  0]LogInit: Warning: Passing commandline switches using / instead of - has been deprecated and will be removed in future versions of Unreal Engine.
[2019.02.24-00.10.46:457][  0]LogInit: Display: Game Engine Initialized.
[2019.02.24-00.10.46:457][  0]LogGameplayTags: Display: UGameplayTagsManager::DoneAddingNativeTags. DelegateIsBound: 0
[2019.02.24-00.10.46:958][  0]LogInit: Display: Starting Game.
[2019.02.24-00.10.46:958][  0]LogNet: Browse: /Game/Creations/Maps/MainMenu?Name=Player?Listen
[2019.02.24-00.10.46:958][  0]LogLoad: LoadMap: /Game/Creations/Maps/MainMenu?Name=Player?Listen
[2019.02.24-00.10.47:357][  0]LogAIModule: Creating AISystem for world MainMenu
[2019.02.24-00.10.47:357][  0]LogLoad: Game class is 'MainGm_C'
[2019.02.24-00.10.47:357][  0]LogOnline: Warning: STEAM: Steam API disabled!
[2019.02.24-00.10.47:357][  0]LogOnline: Display: STEAM: OnlineSubsystemSteam::Shutdown()
[2019.02.24-00.10.47:358][  0]LogTemp: Display: ParseSettings for GameNetDriver
[2019.02.24-00.10.47:358][  0]LogTemp: Display: ParseSettings for IpNetDriver_0
[2019.02.24-00.10.47:358][  0]LogTemp: Display: ParseSettings for GameNetDriver
[2019.02.24-00.10.47:358][  0]LogInit: WinSock: Socket queue 131072 / 131072
[2019.02.24-00.10.47:361][  0]LogInit: WinSock: I am MSI (158.104.227.197:0)
[2019.02.24-00.10.47:361][  0]PacketHandlerLog: Loaded PacketHandler component: Engine.EngineHandlerComponentFactory (StatelessConnectHandlerComponent)
[2019.02.24-00.10.47:362][  0]LogNet: GameNetDriver IpNetDriver_0 IpNetDriver listening on port 17777
[2019.02.24-00.10.47:363][  0]LogWorld: Bringing World /Game/Creations/Maps/MainMenu.MainMenu up for play (max tick rate 0) at 2019.02.23-16.10.47
[2019.02.24-00.10.47:363][  0]LogOnline: Warning: OSS: AutoLogin missing AUTH_LOGIN=<login id>.
[2019.02.24-00.10.47:364][  0]LogWorld: Bringing up level for play took: 0.001370
[2019.02.24-00.10.47:364][  0]LogOnline: Warning: OSS: No game present to join for session (GameSession)
[2019.02.24-00.10.47:364][  0]LogGameMode: FindPlayerStart: PATHS NOT DEFINED or NO PLAYERSTART with positive rating
[2019.02.24-00.10.47:422][  0]LogLoad: Took 0.463615 seconds to LoadMap(/Game/Creations/Maps/MainMenu)
[2019.02.24-00.10.47:909][  0]LogRenderer: Reallocating scene render targets to support 640x480 Format 10 NumSamples 1 (Frame:1).
[2019.02.24-00.10.47:909][  0]LogLoad: (Engine Initialization) Total time: 31.85 seconds
[2019.02.24-00.10.47:909][  0]LogLoad: (Engine Initialization) Total Blueprint compile time: 0.00 seconds
[2019.02.24-00.10.47:909][  0]LogExternalProfiler: Found external profiler: VSPerf
[2019.02.24-00.10.47:909][  0]LogExternalProfiler: Using external profiler: VSPerf
[2019.02.24-00.10.48:003][  0]LogWindowsTextInputMethodSystem: Display: IME system now deactivated.
[2019.02.24-00.10.48:082][  0]LogContentStreaming: Texture pool size now 1000 MB
[2019.02.24-00.10.50:933][173]LogScriptCore: Warning: Script Msg: Attempted to access index 0 from array 'SelectedAbilities' of length 0 in '/Game/Creations/Other/testTwinstickPawn.testTwinstickPawn_C'!
[2019.02.24-00.10.50:934][173]LogScript: Warning: Accessed None trying to read Class from property CallFunc_Array_Get_Item
	testTwinstickPawn_C /Game/Creations/Maps/MainMenu.MainMenu:PersistentLevel.testTwinstickPawn_C_0
	Function /Game/Creations/Other/testTwinstickPawn.testTwinstickPawn_C:FireShot:0150
[2019.02.24-00.10.50:934][173]LogScript: Warning: Script call stack:
	Function /Game/Creations/Other/testTwinstickPawn.testTwinstickPawn_C:ReceiveTick
	Function /Game/Creations/Other/testTwinstickPawn.testTwinstickPawn_C:ExecuteUbergraph_testTwinstickPawn
	Function /Game/Creations/Other/testTwinstickPawn.testTwinstickPawn_C:serverFireShot
	Function /Game/Creations/Other/testTwinstickPawn.testTwinstickPawn_C:ExecuteUbergraph_testTwinstickPawn
	Function /Game/Creations/Other/testTwinstickPawn.testTwinstickPawn_C:FireShot

[2019.02.24-00.10.50:935][174]LogScriptCore: Warning: Script Msg: Attempted to access index 0 from array 'SelectedAbilities' of length 0 in '/Game/Creations/Other/testTwinstickPawn.testTwinstickPawn_C'!
[2019.02.24-00.10.50:935][174]LogScript: Warning: Accessed None trying to read Class from property CallFunc_Array_Get_Item
	testTwinstickPawn_C /Game/Creations/Maps/MainMenu.MainMenu:PersistentLevel.testTwinstickPawn_C_0
	Function /Game/Creations/Other/testTwinstickPawn.testTwinstickPawn_C:FireShot:0150
[2019.02.24-00.10.50:935][174]LogScript: Warning: Script call stack:
	Function /Game/Creations/Other/testTwinstickPawn.testTwinstickPawn_C:ReceiveTick
	Function /Game/Creations/Other/testTwinstickPawn.testTwinstickPawn_C:ExecuteUbergraph_testTwinstickPawn
	Function /Game/Creations/Other/testTwinstickPawn.testTwinstickPawn_C:serverFireShot
	Function /Game/Creations/Other/testTwinstickPawn.testTwinstickPawn_C:ExecuteUbergraph_testTwinstickPawn
	Function /Game/Creations/Other/testTwinstickPawn.testTwinstickPawn_C:FireShot

[2019.02.24-00.10.50:951][175]LogScriptCore: Warning: Script Msg: Attempted to access index 0 from array 'SelectedAbilities' of length 0 in '/Game/Creations/Other/testTwinstickPawn.testTwinstickPawn_C'!
[2019.02.24-00.10.50:951][175]LogScript: Warning: Accessed None trying to read Class from property CallFunc_Array_Get_Item
	testTwinstickPawn_C /Game/Creations/Maps/MainMenu.MainMenu:PersistentLevel.testTwinstickPawn_C_0
	Function /Game/Creations/Other/testTwinstickPawn.testTwinstickPawn_C:FireShot:0150
[2019.02.24-00.10.50:951][175]LogScript: Warning: Script call stack:
	Function /Game/Creations/Other/testTwinstickPawn.testTwinstickPawn_C:ReceiveTick
	Function /Game/Creations/Other/testTwinstickPawn.testTwinstickPawn_C:ExecuteUbergraph_testTwinstickPawn
	Function /Game/Creations/Other/testTwinstickPawn.testTwinstickPawn_C:serverFireShot
	Function /Game/Creations/Other/testTwinstickPawn.testTwinstickPawn_C:ExecuteUbergraph_testTwinstickPawn
	Function /Game/Creations/Other/testTwinstickPawn.testTwinstickPawn_C:FireShot

[2019.02.24-00.10.50:967][176]LogScriptCore: Warning: Script Msg: Attempted to access index 0 from array 'SelectedAbilities' of length 0 in '/Game/Creations/Other/testTwinstickPawn.testTwinstickPawn_C'!
[2019.02.24-00.10.50:968][176]LogScript: Warning: Accessed None trying to read Class from property CallFunc_Array_Get_Item
	testTwinstickPawn_C /Game/Creations/Maps/MainMenu.MainMenu:PersistentLevel.testTwinstickPawn_C_0
	Function /Game/Creations/Other/testTwinstickPawn.testTwinstickPawn_C:FireShot:0150
[2019.02.24-00.10.50:968][176]LogScript: Warning: Script call stack:
	Function /Game/Creations/Other/testTwinstickPawn.testTwinstickPawn_C:ReceiveTick
	Function /Game/Creations/Other/testTwinstickPawn.testTwinstickPawn_C:ExecuteUbergraph_testTwinstickPawn
	Function /Game/Creations/Other/testTwinstickPawn.testTwinstickPawn_C:serverFireShot
	Function /Game/Creations/Other/testTwinstickPawn.testTwinstickPawn_C:ExecuteUbergraph_testTwinstickPawn
	Function /Game/Creations/Other/testTwinstickPawn.testTwinstickPawn_C:FireShot

[2019.02.24-00.10.50:984][177]LogScriptCore: Warning: Script Msg: Attempted to access index 0 from array 'SelectedAbilities' of length 0 in '/Game/Creations/Other/testTwinstickPawn.testTwinstickPawn_C'!
[2019.02.24-00.10.50:984][177]LogScript: Warning: Accessed None trying to read Class from property CallFunc_Array_Get_Item
	testTwinstickPawn_C /Game/Creations/Maps/MainMenu.MainMenu:PersistentLevel.testTwinstickPawn_C_0
	Function /Game/Creations/Other/testTwinstickPawn.testTwinstickPawn_C:FireShot:0150
[2019.02.24-00.10.50:984][177]LogScript: Warning: Script call stack:
	Function /Game/Creations/Other/testTwinstickPawn.testTwinstickPawn_C:ReceiveTick
	Function /Game/Creations/Other/testTwinstickPawn.testTwinstickPawn_C:ExecuteUbergraph_testTwinstickPawn
	Function /Game/Creations/Other/testTwinstickPawn.testTwinstickPawn_C:serverFireShot
	Function /Game/Creations/Other/testTwinstickPawn.testTwinstickPawn_C:ExecuteUbergraph_testTwinstickPawn
	Function /Game/Creations/Other/testTwinstickPawn.testTwinstickPawn_C:FireShot

[2019.02.24-00.10.51:000][178]LogScriptCore: Warning: Script Msg: Attempted to access index 0 from array 'SelectedAbilities' of length 0 in '/Game/Creations/Other/testTwinstickPawn.testTwinstickPawn_C'!
[2019.02.24-00.10.51:000][178]LogScript: Warning: Accessed None trying to read Class from property CallFunc_Array_Get_Item
	testTwinstickPawn_C /Game/Creations/Maps/MainMenu.MainMenu:PersistentLevel.testTwinstickPawn_C_0
	Function /Game/Creations/Other/testTwinstickPawn.testTwinstickPawn_C:FireShot:0150
[2019.02.24-00.10.51:000][178]LogScript: Warning: Script call stack:
	Function /Game/Creations/Other/testTwinstickPawn.testTwinstickPawn_C:ReceiveTick
	Function /Game/Creations/Other/testTwinstickPawn.testTwinstickPawn_C:ExecuteUbergraph_testTwinstickPawn
	Function /Game/Creations/Other/testTwinstickPawn.testTwinstickPawn_C:serverFireShot
	Function /Game/Creations/Other/testTwinstickPawn.testTwinstickPawn_C:ExecuteUbergraph_testTwinstickPawn
	Function /Game/Creations/Other/testTwinstickPawn.testTwinstickPawn_C:FireShot

[2019.02.24-00.10.51:016][179]LogScriptCore: Warning: Script Msg: Attempted to access index 0 from array 'SelectedAbilities' of length 0 in '/Game/Creations/Other/testTwinstickPawn.testTwinstickPawn_C'!
[2019.02.24-00.10.51:016][179]LogScript: Warning: Accessed None trying to read Class from property CallFunc_Array_Get_Item
	testTwinstickPawn_C /Game/Creations/Maps/MainMenu.MainMenu:PersistentLevel.testTwinstickPawn_C_0
	Function /Game/Creations/Other/testTwinstickPawn.testTwinstickPawn_C:FireShot:0150
[2019.02.24-00.10.51:016][179]LogScript: Warning: Script call stack:
	Function /Game/Creations/Other/testTwinstickPawn.testTwinstickPawn_C:ReceiveTick
	Function /Game/Creations/Other/testTwinstickPawn.testTwinstickPawn_C:ExecuteUbergraph_testTwinstickPawn
	Function /Game/Creations/Other/testTwinstickPawn.testTwinstickPawn_C:serverFireShot
	Function /Game/Creations/Other/testTwinstickPawn.testTwinstickPawn_C:ExecuteUbergraph_testTwinstickPawn
	Function /Game/Creations/Other/testTwinstickPawn.testTwinstickPawn_C:FireShot

[2019.02.24-00.10.53:510][333]LogScriptCore: Warning: Script Msg: Attempted to access index 0 from array 'SelectedAbilities' of length 0 in '/Game/Creations/Other/testTwinstickPawn.testTwinstickPawn_C'!
[2019.02.24-00.10.53:510][333]LogScript: Warning: Accessed None trying to read Class from property CallFunc_Array_Get_Item
	testTwinstickPawn_C /Game/Creations/Maps/MainMenu.MainMenu:PersistentLevel.testTwinstickPawn_C_0
	Function /Game/Creations/Other/testTwinstickPawn.testTwinstickPawn_C:FireShot:0150
[2019.02.24-00.10.53:510][333]LogScript: Warning: Script call stack:
	Function /Game/Creations/Other/testTwinstickPawn.testTwinstickPawn_C:ReceiveTick
	Function /Game/Creations/Other/testTwinstickPawn.testTwinstickPawn_C:ExecuteUbergraph_testTwinstickPawn
	Function /Game/Creations/Other/testTwinstickPawn.testTwinstickPawn_C:serverFireShot
	Function /Game/Creations/Other/testTwinstickPawn.testTwinstickPawn_C:ExecuteUbergraph_testTwinstickPawn
	Function /Game/Creations/Other/testTwinstickPawn.testTwinstickPawn_C:FireShot

[2019.02.24-00.10.53:526][334]LogScriptCore: Warning: Script Msg: Attempted to access index 0 from array 'SelectedAbilities' of length 0 in '/Game/Creations/Other/testTwinstickPawn.testTwinstickPawn_C'!
[2019.02.24-00.10.53:526][334]LogScript: Warning: Accessed None trying to read Class from property CallFunc_Array_Get_Item
	testTwinstickPawn_C /Game/Creations/Maps/MainMenu.MainMenu:PersistentLevel.testTwinstickPawn_C_0
	Function /Game/Creations/Other/testTwinstickPawn.testTwinstickPawn_C:FireShot:0150
[2019.02.24-00.10.53:526][334]LogScript: Warning: Script call stack:
	Function /Game/Creations/Other/testTwinstickPawn.testTwinstickPawn_C:ReceiveTick
	Function /Game/Creations/Other/testTwinstickPawn.testTwinstickPawn_C:ExecuteUbergraph_testTwinstickPawn
	Function /Game/Creations/Other/testTwinstickPawn.testTwinstickPawn_C:serverFireShot
	Function /Game/Creations/Other/testTwinstickPawn.testTwinstickPawn_C:ExecuteUbergraph_testTwinstickPawn
	Function /Game/Creations/Other/testTwinstickPawn.testTwinstickPawn_C:FireShot

[2019.02.24-00.10.53:542][335]LogScriptCore: Warning: Script Msg: Attempted to access index 0 from array 'SelectedAbilities' of length 0 in '/Game/Creations/Other/testTwinstickPawn.testTwinstickPawn_C'!
[2019.02.24-00.10.53:542][335]LogScript: Warning: Accessed None trying to read Class from property CallFunc_Array_Get_Item
	testTwinstickPawn_C /Game/Creations/Maps/MainMenu.MainMenu:PersistentLevel.testTwinstickPawn_C_0
	Function /Game/Creations/Other/testTwinstickPawn.testTwinstickPawn_C:FireShot:0150
[2019.02.24-00.10.53:542][335]LogScript: Warning: Script call stack:
	Function /Game/Creations/Other/testTwinstickPawn.testTwinstickPawn_C:ReceiveTick
	Function /Game/Creations/Other/testTwinstickPawn.testTwinstickPawn_C:ExecuteUbergraph_testTwinstickPawn
	Function /Game/Creations/Other/testTwinstickPawn.testTwinstickPawn_C:serverFireShot
	Function /Game/Creations/Other/testTwinstickPawn.testTwinstickPawn_C:ExecuteUbergraph_testTwinstickPawn
	Function /Game/Creations/Other/testTwinstickPawn.testTwinstickPawn_C:FireShot

[2019.02.24-00.10.53:558][336]LogScriptCore: Warning: Script Msg: Attempted to access index 0 from array 'SelectedAbilities' of length 0 in '/Game/Creations/Other/testTwinstickPawn.testTwinstickPawn_C'!
[2019.02.24-00.10.53:558][336]LogScript: Warning: Accessed None trying to read Class from property CallFunc_Array_Get_Item
	testTwinstickPawn_C /Game/Creations/Maps/MainMenu.MainMenu:PersistentLevel.testTwinstickPawn_C_0
	Function /Game/Creations/Other/testTwinstickPawn.testTwinstickPawn_C:FireShot:0150
[2019.02.24-00.10.53:558][336]LogScript: Warning: Script call stack:
	Function /Game/Creations/Other/testTwinstickPawn.testTwinstickPawn_C:ReceiveTick
	Function /Game/Creations/Other/testTwinstickPawn.testTwinstickPawn_C:ExecuteUbergraph_testTwinstickPawn
	Function /Game/Creations/Other/testTwinstickPawn.testTwinstickPawn_C:serverFireShot
	Function /Game/Creations/Other/testTwinstickPawn.testTwinstickPawn_C:ExecuteUbergraph_testTwinstickPawn
	Function /Game/Creations/Other/testTwinstickPawn.testTwinstickPawn_C:FireShot

[2019.02.24-00.10.53:574][337]LogScriptCore: Warning: Script Msg: Attempted to access index 0 from array 'SelectedAbilities' of length 0 in '/Game/Creations/Other/testTwinstickPawn.testTwinstickPawn_C'!
[2019.02.24-00.10.53:574][337]LogScript: Warning: Accessed None trying to read Class from property CallFunc_Array_Get_Item
	testTwinstickPawn_C /Game/Creations/Maps/MainMenu.MainMenu:PersistentLevel.testTwinstickPawn_C_0
	Function /Game/Creations/Other/testTwinstickPawn.testTwinstickPawn_C:FireShot:0150
[2019.02.24-00.10.53:574][337]LogScript: Warning: Script call stack:
	Function /Game/Creations/Other/testTwinstickPawn.testTwinstickPawn_C:ReceiveTick
	Function /Game/Creations/Other/testTwinstickPawn.testTwinstickPawn_C:ExecuteUbergraph_testTwinstickPawn
	Function /Game/Creations/Other/testTwinstickPawn.testTwinstickPawn_C:serverFireShot
	Function /Game/Creations/Other/testTwinstickPawn.testTwinstickPawn_C:ExecuteUbergraph_testTwinstickPawn
	Function /Game/Creations/Other/testTwinstickPawn.testTwinstickPawn_C:FireShot

[2019.02.24-00.10.53:590][338]LogScriptCore: Warning: Script Msg: Attempted to access index 0 from array 'SelectedAbilities' of length 0 in '/Game/Creations/Other/testTwinstickPawn.testTwinstickPawn_C'!
[2019.02.24-00.10.53:590][338]LogScript: Warning: Accessed None trying to read Class from property CallFunc_Array_Get_Item
	testTwinstickPawn_C /Game/Creations/Maps/MainMenu.MainMenu:PersistentLevel.testTwinstickPawn_C_0
	Function /Game/Creations/Other/testTwinstickPawn.testTwinstickPawn_C:FireShot:0150
[2019.02.24-00.10.53:590][338]LogScript: Warning: Script call stack:
	Function /Game/Creations/Other/testTwinstickPawn.testTwinstickPawn_C:ReceiveTick
	Function /Game/Creations/Other/testTwinstickPawn.testTwinstickPawn_C:ExecuteUbergraph_testTwinstickPawn
	Function /Game/Creations/Other/testTwinstickPawn.testTwinstickPawn_C:serverFireShot
	Function /Game/Creations/Other/testTwinstickPawn.testTwinstickPawn_C:ExecuteUbergraph_testTwinstickPawn
	Function /Game/Creations/Other/testTwinstickPawn.testTwinstickPawn_C:FireShot

[2019.02.24-00.10.53:606][339]LogScriptCore: Warning: Script Msg: Attempted to access index 0 from array 'SelectedAbilities' of length 0 in '/Game/Creations/Other/testTwinstickPawn.testTwinstickPawn_C'!
[2019.02.24-00.10.53:607][339]LogScript: Warning: Accessed None trying to read Class from property CallFunc_Array_Get_Item
	testTwinstickPawn_C /Game/Creations/Maps/MainMenu.MainMenu:PersistentLevel.testTwinstickPawn_C_0
	Function /Game/Creations/Other/testTwinstickPawn.testTwinstickPawn_C:FireShot:0150
[2019.02.24-00.10.53:607][339]LogScript: Warning: Script call stack:
	Function /Game/Creations/Other/testTwinstickPawn.testTwinstickPawn_C:ReceiveTick
	Function /Game/Creations/Other/testTwinstickPawn.testTwinstickPawn_C:ExecuteUbergraph_testTwinstickPawn
	Function /Game/Creations/Other/testTwinstickPawn.testTwinstickPawn_C:serverFireShot
	Function /Game/Creations/Other/testTwinstickPawn.testTwinstickPawn_C:ExecuteUbergraph_testTwinstickPawn
	Function /Game/Creations/Other/testTwinstickPawn.testTwinstickPawn_C:FireShot

[2019.02.24-00.10.53:623][340]LogScriptCore: Warning: Script Msg: Attempted to access index 0 from array 'SelectedAbilities' of length 0 in '/Game/Creations/Other/testTwinstickPawn.testTwinstickPawn_C'!
[2019.02.24-00.10.53:623][340]LogScript: Warning: Accessed None trying to read Class from property CallFunc_Array_Get_Item
	testTwinstickPawn_C /Game/Creations/Maps/MainMenu.MainMenu:PersistentLevel.testTwinstickPawn_C_0
	Function /Game/Creations/Other/testTwinstickPawn.testTwinstickPawn_C:FireShot:0150
[2019.02.24-00.10.53:623][340]LogScript: Warning: Script call stack:
	Function /Game/Creations/Other/testTwinstickPawn.testTwinstickPawn_C:ReceiveTick
	Function /Game/Creations/Other/testTwinstickPawn.testTwinstickPawn_C:ExecuteUbergraph_testTwinstickPawn
	Function /Game/Creations/Other/testTwinstickPawn.testTwinstickPawn_C:serverFireShot
	Function /Game/Creations/Other/testTwinstickPawn.testTwinstickPawn_C:ExecuteUbergraph_testTwinstickPawn
	Function /Game/Creations/Other/testTwinstickPawn.testTwinstickPawn_C:FireShot

[2019.02.24-00.10.53:639][341]LogScriptCore: Warning: Script Msg: Attempted to access index 0 from array 'SelectedAbilities' of length 0 in '/Game/Creations/Other/testTwinstickPawn.testTwinstickPawn_C'!
[2019.02.24-00.10.53:639][341]LogScript: Warning: Accessed None trying to read Class from property CallFunc_Array_Get_Item
	testTwinstickPawn_C /Game/Creations/Maps/MainMenu.MainMenu:PersistentLevel.testTwinstickPawn_C_0
	Function /Game/Creations/Other/testTwinstickPawn.testTwinstickPawn_C:FireShot:0150
[2019.02.24-00.10.53:639][341]LogScript: Warning: Script call stack:
	Function /Game/Creations/Other/testTwinstickPawn.testTwinstickPawn_C:ReceiveTick
	Function /Game/Creations/Other/testTwinstickPawn.testTwinstickPawn_C:ExecuteUbergraph_testTwinstickPawn
	Function /Game/Creations/Other/testTwinstickPawn.testTwinstickPawn_C:serverFireShot
	Function /Game/Creations/Other/testTwinstickPawn.testTwinstickPawn_C:ExecuteUbergraph_testTwinstickPawn
	Function /Game/Creations/Other/testTwinstickPawn.testTwinstickPawn_C:FireShot

[2019.02.24-00.10.55:438][439]LogRenderer: Reallocating scene render targets to support 1920x1020 Format 10 NumSamples 1 (Frame:442).
[2019.02.24-00.10.56:133][479]LogScriptCore: Warning: Script Msg: Attempted to access index 0 from array 'SelectedAbilities' of length 0 in '/Game/Creations/Other/testTwinstickPawn.testTwinstickPawn_C'!
[2019.02.24-00.10.56:133][479]LogScript: Warning: Accessed None trying to read Class from property CallFunc_Array_Get_Item
	testTwinstickPawn_C /Game/Creations/Maps/MainMenu.MainMenu:PersistentLevel.testTwinstickPawn_C_0
	Function /Game/Creations/Other/testTwinstickPawn.testTwinstickPawn_C:FireShot:0150
[2019.02.24-00.10.56:133][479]LogScript: Warning: Script call stack:
	Function /Game/Creations/Other/testTwinstickPawn.testTwinstickPawn_C:ReceiveTick
	Function /Game/Creations/Other/testTwinstickPawn.testTwinstickPawn_C:ExecuteUbergraph_testTwinstickPawn
	Function /Game/Creations/Other/testTwinstickPawn.testTwinstickPawn_C:serverFireShot
	Function /Game/Creations/Other/testTwinstickPawn.testTwinstickPawn_C:ExecuteUbergraph_testTwinstickPawn
	Function /Game/Creations/Other/testTwinstickPawn.testTwinstickPawn_C:FireShot

[2019.02.24-00.10.56:149][480]LogScriptCore: Warning: Script Msg: Attempted to access index 0 from array 'SelectedAbilities' of length 0 in '/Game/Creations/Other/testTwinstickPawn.testTwinstickPawn_C'!
[2019.02.24-00.10.56:165][481]LogScriptCore: Warning: Script Msg: Attempted to access index 0 from array 'SelectedAbilities' of length 0 in '/Game/Creations/Other/testTwinstickPawn.testTwinstickPawn_C'!
[2019.02.24-00.10.56:181][482]LogScriptCore: Warning: Script Msg: Attempted to access index 0 from array 'SelectedAbilities' of length 0 in '/Game/Creations/Other/testTwinstickPawn.testTwinstickPawn_C'!
[2019.02.24-00.10.56:197][483]LogScriptCore: Warning: Script Msg: Attempted to access index 0 from array 'SelectedAbilities' of length 0 in '/Game/Creations/Other/testTwinstickPawn.testTwinstickPawn_C'!
[2019.02.24-00.10.56:213][484]LogScriptCore: Warning: Script Msg: Attempted to access index 0 from array 'SelectedAbilities' of length 0 in '/Game/Creations/Other/testTwinstickPawn.testTwinstickPawn_C'!
[2019.02.24-00.10.56:229][485]LogScriptCore: Warning: Script Msg: Attempted to access index 0 from array 'SelectedAbilities' of length 0 in '/Game/Creations/Other/testTwinstickPawn.testTwinstickPawn_C'!
[2019.02.24-00.10.56:245][486]LogScriptCore: Warning: Script Msg: Attempted to access index 0 from array 'SelectedAbilities' of length 0 in '/Game/Creations/Other/testTwinstickPawn.testTwinstickPawn_C'!
[2019.02.24-00.10.56:262][487]LogScriptCore: Warning: Script Msg: Attempted to access index 0 from array 'SelectedAbilities' of length 0 in '/Game/Creations/Other/testTwinstickPawn.testTwinstickPawn_C'!
[2019.02.24-00.10.57:246][548]LogScriptCore: Warning: Script Msg: Attempted to access index 0 from array 'SelectedAbilities' of length 0 in '/Game/Creations/Other/testTwinstickPawn.testTwinstickPawn_C'!
[2019.02.24-00.10.57:262][549]LogScriptCore: Warning: Script Msg: Attempted to access index 0 from array 'SelectedAbilities' of length 0 in '/Game/Creations/Other/testTwinstickPawn.testTwinstickPawn_C'!
[2019.02.24-00.10.57:278][550]LogScriptCore: Warning: Script Msg: Attempted to access index 0 from array 'SelectedAbilities' of length 0 in '/Game/Creations/Other/testTwinstickPawn.testTwinstickPawn_C'!
[2019.02.24-00.10.57:294][551]LogScriptCore: Warning: Script Msg: Attempted to access index 0 from array 'SelectedAbilities' of length 0 in '/Game/Creations/Other/testTwinstickPawn.testTwinstickPawn_C'!
[2019.02.24-00.10.57:311][552]LogScriptCore: Warning: Script Msg: Attempted to access index 0 from array 'SelectedAbilities' of length 0 in '/Game/Creations/Other/testTwinstickPawn.testTwinstickPawn_C'!
[2019.02.24-00.10.57:327][553]LogScriptCore: Warning: Script Msg: Attempted to access index 0 from array 'SelectedAbilities' of length 0 in '/Game/Creations/Other/testTwinstickPawn.testTwinstickPawn_C'!
[2019.02.24-00.10.57:343][554]LogScriptCore: Warning: Script Msg: Attempted to access index 0 from array 'SelectedAbilities' of length 0 in '/Game/Creations/Other/testTwinstickPawn.testTwinstickPawn_C'!
[2019.02.24-00.10.59:488][687]LogScriptCore: Warning: Script Msg: Attempted to access index 0 from array 'SelectedAbilities' of length 0 in '/Game/Creations/Other/testTwinstickPawn.testTwinstickPawn_C'!
[2019.02.24-00.10.59:504][688]LogScriptCore: Warning: Script Msg: Attempted to access index 0 from array 'SelectedAbilities' of length 0 in '/Game/Creations/Other/testTwinstickPawn.testTwinstickPawn_C'!
[2019.02.24-00.10.59:521][689]LogScriptCore: Warning: Script Msg: Attempted to access index 0 from array 'SelectedAbilities' of length 0 in '/Game/Creations/Other/testTwinstickPawn.testTwinstickPawn_C'!
[2019.02.24-00.10.59:536][690]LogScriptCore: Warning: Script Msg: Attempted to access index 0 from array 'SelectedAbilities' of length 0 in '/Game/Creations/Other/testTwinstickPawn.testTwinstickPawn_C'!
[2019.02.24-00.10.59:552][691]LogScriptCore: Warning: Script Msg: Attempted to access index 0 from array 'SelectedAbilities' of length 0 in '/Game/Creations/Other/testTwinstickPawn.testTwinstickPawn_C'!
[2019.02.24-00.10.59:568][692]LogScriptCore: Warning: Script Msg: Attempted to access index 0 from array 'SelectedAbilities' of length 0 in '/Game/Creations/Other/testTwinstickPawn.testTwinstickPawn_C'!
[2019.02.24-00.10.59:584][693]LogScriptCore: Warning: Script Msg: Attempted to access index 0 from array 'SelectedAbilities' of length 0 in '/Game/Creations/Other/testTwinstickPawn.testTwinstickPawn_C'!
[2019.02.24-00.10.59:600][694]LogScriptCore: Warning: Script Msg: Attempted to access index 0 from array 'SelectedAbilities' of length 0 in '/Game/Creations/Other/testTwinstickPawn.testTwinstickPawn_C'!
[2019.02.24-00.10.59:616][695]LogScriptCore: Warning: Script Msg: Attempted to access index 0 from array 'SelectedAbilities' of length 0 in '/Game/Creations/Other/testTwinstickPawn.testTwinstickPawn_C'!
[2019.02.24-00.10.59:633][696]LogScriptCore: Warning: Script Msg: Attempted to access index 0 from array 'SelectedAbilities' of length 0 in '/Game/Creations/Other/testTwinstickPawn.testTwinstickPawn_C'!
[2019.02.24-00.10.59:649][697]LogScriptCore: Warning: Script Msg: Attempted to access index 0 from array 'SelectedAbilities' of length 0 in '/Game/Creations/Other/testTwinstickPawn.testTwinstickPawn_C'!
[2019.02.24-00.10.59:665][698]LogScriptCore: Warning: Script Msg: Attempted to access index 0 from array 'SelectedAbilities' of length 0 in '/Game/Creations/Other/testTwinstickPawn.testTwinstickPawn_C'!
[2019.02.24-00.10.59:681][699]LogScriptCore: Warning: Script Msg: Attempted to access index 0 from array 'SelectedAbilities' of length 0 in '/Game/Creations/Other/testTwinstickPawn.testTwinstickPawn_C'!
[2019.02.24-00.10.59:697][700]LogScriptCore: Warning: Script Msg: Attempted to access index 0 from array 'SelectedAbilities' of length 0 in '/Game/Creations/Other/testTwinstickPawn.testTwinstickPawn_C'!
[2019.02.24-00.10.59:713][701]LogScriptCore: Warning: Script Msg: Attempted to access index 0 from array 'SelectedAbilities' of length 0 in '/Game/Creations/Other/testTwinstickPawn.testTwinstickPawn_C'!
[2019.02.24-00.10.59:729][702]LogScriptCore: Warning: Script Msg: Attempted to access index 0 from array 'SelectedAbilities' of length 0 in '/Game/Creations/Other/testTwinstickPawn.testTwinstickPawn_C'!
[2019.02.24-00.10.59:746][703]LogScriptCore: Warning: Script Msg: Attempted to access index 0 from array 'SelectedAbilities' of length 0 in '/Game/Creations/Other/testTwinstickPawn.testTwinstickPawn_C'!
[2019.02.24-00.10.59:762][704]LogScriptCore: Warning: Script Msg: Attempted to access index 0 from array 'SelectedAbilities' of length 0 in '/Game/Creations/Other/testTwinstickPawn.testTwinstickPawn_C'!
[2019.02.24-00.10.59:778][705]LogScriptCore: Warning: Script Msg: Attempted to access index 0 from array 'SelectedAbilities' of length 0 in '/Game/Creations/Other/testTwinstickPawn.testTwinstickPawn_C'!
[2019.02.24-00.10.59:794][706]LogScriptCore: Warning: Script Msg: Attempted to access index 0 from array 'SelectedAbilities' of length 0 in '/Game/Creations/Other/testTwinstickPawn.testTwinstickPawn_C'!
[2019.02.24-00.10.59:810][707]LogScriptCore: Warning: Script Msg: Attempted to access index 0 from array 'SelectedAbilities' of length 0 in '/Game/Creations/Other/testTwinstickPawn.testTwinstickPawn_C'!
[2019.02.24-00.11.03:685][947]LogScriptCore: Warning: Script Msg: Attempted to access index 0 from array 'SelectedAbilities' of length 0 in '/Game/Creations/Other/testTwinstickPawn.testTwinstickPawn_C'!
[2019.02.24-00.11.03:699][948]LogScriptCore: Warning: Script Msg: Attempted to access index 0 from array 'SelectedAbilities' of length 0 in '/Game/Creations/Other/testTwinstickPawn.testTwinstickPawn_C'!
[2019.02.24-00.11.03:714][949]LogScriptCore: Warning: Script Msg: Attempted to access index 0 from array 'SelectedAbilities' of length 0 in '/Game/Creations/Other/testTwinstickPawn.testTwinstickPawn_C'!
[2019.02.24-00.11.03:730][950]LogScriptCore: Warning: Script Msg: Attempted to access index 0 from array 'SelectedAbilities' of length 0 in '/Game/Creations/Other/testTwinstickPawn.testTwinstickPawn_C'!
[2019.02.24-00.11.03:746][951]LogScriptCore: Warning: Script Msg: Attempted to access index 0 from array 'SelectedAbilities' of length 0 in '/Game/Creations/Other/testTwinstickPawn.testTwinstickPawn_C'!
[2019.02.24-00.11.03:763][952]LogScriptCore: Warning: Script Msg: Attempted to access index 0 from array 'SelectedAbilities' of length 0 in '/Game/Creations/Other/testTwinstickPawn.testTwinstickPawn_C'!
[2019.02.24-00.11.03:779][953]LogScriptCore: Warning: Script Msg: Attempted to access index 0 from array 'SelectedAbilities' of length 0 in '/Game/Creations/Other/testTwinstickPawn.testTwinstickPawn_C'!
[2019.02.24-00.11.03:795][954]LogScriptCore: Warning: Script Msg: Attempted to access index 0 from array 'SelectedAbilities' of length 0 in '/Game/Creations/Other/testTwinstickPawn.testTwinstickPawn_C'!
[2019.02.24-00.11.04:554][  1]LogScriptCore: Warning: Script Msg: Attempted to access index 0 from array 'SelectedAbilities' of length 0 in '/Game/Creations/Other/testTwinstickPawn.testTwinstickPawn_C'!
[2019.02.24-00.11.04:570][  2]LogScriptCore: Warning: Script Msg: Attempted to access index 0 from array 'SelectedAbilities' of length 0 in '/Game/Creations/Other/testTwinstickPawn.testTwinstickPawn_C'!
[2019.02.24-00.11.04:586][  3]LogScriptCore: Warning: Script Msg: Attempted to access index 0 from array 'SelectedAbilities' of length 0 in '/Game/Creations/Other/testTwinstickPawn.testTwinstickPawn_C'!
[2019.02.24-00.11.04:602][  4]LogScriptCore: Warning: Script Msg: Attempted to access index 0 from array 'SelectedAbilities' of length 0 in '/Game/Creations/Other/testTwinstickPawn.testTwinstickPawn_C'!
[2019.02.24-00.11.04:618][  5]LogScriptCore: Warning: Script Msg: Attempted to access index 0 from array 'SelectedAbilities' of length 0 in '/Game/Creations/Other/testTwinstickPawn.testTwinstickPawn_C'!
[2019.02.24-00.11.04:634][  6]LogScriptCore: Warning: Script Msg: Attempted to access index 0 from array 'SelectedAbilities' of length 0 in '/Game/Creations/Other/testTwinstickPawn.testTwinstickPawn_C'!
[2019.02.24-00.11.04:650][  7]LogScriptCore: Warning: Script Msg: Attempted to access index 0 from array 'SelectedAbilities' of length 0 in '/Game/Creations/Other/testTwinstickPawn.testTwinstickPawn_C'!
[2019.02.24-00.11.04:667][  8]LogScriptCore: Warning: Script Msg: Attempted to access index 0 from array 'SelectedAbilities' of length 0 in '/Game/Creations/Other/testTwinstickPawn.testTwinstickPawn_C'!
[2019.02.24-00.11.04:683][  9]LogScriptCore: Warning: Script Msg: Attempted to access index 0 from array 'SelectedAbilities' of length 0 in '/Game/Creations/Other/testTwinstickPawn.testTwinstickPawn_C'!
[2019.02.24-00.11.04:699][ 10]LogScriptCore: Warning: Script Msg: Attempted to access index 0 from array 'SelectedAbilities' of length 0 in '/Game/Creations/Other/testTwinstickPawn.testTwinstickPawn_C'!
[2019.02.24-00.11.07:247][168]LogScriptCore: Warning: Script Msg: Attempted to access index 0 from array 'SelectedAbilities' of length 0 in '/Game/Creations/Other/testTwinstickPawn.testTwinstickPawn_C'!
[2019.02.24-00.11.07:263][169]LogScriptCore: Warning: Script Msg: Attempted to access index 0 from array 'SelectedAbilities' of length 0 in '/Game/Creations/Other/testTwinstickPawn.testTwinstickPawn_C'!
[2019.02.24-00.11.07:279][170]LogScriptCore: Warning: Script Msg: Attempted to access index 0 from array 'SelectedAbilities' of length 0 in '/Game/Creations/Other/testTwinstickPawn.testTwinstickPawn_C'!
[2019.02.24-00.11.07:295][171]LogScriptCore: Warning: Script Msg: Attempted to access index 0 from array 'SelectedAbilities' of length 0 in '/Game/Creations/Other/testTwinstickPawn.testTwinstickPawn_C'!
[2019.02.24-00.11.07:311][172]LogScriptCore: Warning: Script Msg: Attempted to access index 0 from array 'SelectedAbilities' of length 0 in '/Game/Creations/Other/testTwinstickPawn.testTwinstickPawn_C'!
[2019.02.24-00.11.07:327][173]LogScriptCore: Warning: Script Msg: Attempted to access index 0 from array 'SelectedAbilities' of length 0 in '/Game/Creations/Other/testTwinstickPawn.testTwinstickPawn_C'!
[2019.02.24-00.11.07:522][185]LogScriptCore: Warning: Script Msg: Attempted to access index 0 from array 'SelectedAbilities' of length 0 in '/Game/Creations/Other/testTwinstickPawn.testTwinstickPawn_C'!
[2019.02.24-00.11.07:537][186]LogScriptCore: Warning: Script Msg: Attempted to access index 0 from array 'SelectedAbilities' of length 0 in '/Game/Creations/Other/testTwinstickPawn.testTwinstickPawn_C'!
[2019.02.24-00.11.07:553][187]LogScriptCore: Warning: Script Msg: Attempted to access index 0 from array 'SelectedAbilities' of length 0 in '/Game/Creations/Other/testTwinstickPawn.testTwinstickPawn_C'!
[2019.02.24-00.11.07:569][188]LogScriptCore: Warning: Script Msg: Attempted to access index 0 from array 'SelectedAbilities' of length 0 in '/Game/Creations/Other/testTwinstickPawn.testTwinstickPawn_C'!
[2019.02.24-00.11.07:586][189]LogScriptCore: Warning: Script Msg: Attempted to access index 0 from array 'SelectedAbilities' of length 0 in '/Game/Creations/Other/testTwinstickPawn.testTwinstickPawn_C'!
[2019.02.24-00.11.07:602][190]LogScriptCore: Warning: Script Msg: Attempted to access index 0 from array 'SelectedAbilities' of length 0 in '/Game/Creations/Other/testTwinstickPawn.testTwinstickPawn_C'!
[2019.02.24-00.11.10:659][372]LogWindowsTextInputMethodSystem: Display: IME system now deactivated.
[2019.02.24-00.11.10:665][372]LogOnline: Warning: OSS: No game present to leave for session (GameSession)
[2019.02.24-00.11.10:665][372]LogEngine: All Windows Closed
[2019.02.24-00.11.10:665][372]LogWindows: FPlatformMisc::RequestExit(0)
[2019.02.24-00.11.10:679][373]LogNet: World NetDriver shutdown IpNetDriver_0 [GameNetDriver]
[2019.02.24-00.11.10:679][373]LogNet: DestroyNamedNetDriver IpNetDriver_0 [GameNetDriver]
[2019.02.24-00.11.10:679][373]LogExit: GameNetDriver IpNetDriver_0 shut down
[2019.02.24-00.11.11:324][373]LogExit: Preparing to exit.
[2019.02.24-00.11.11:324][373]LogMoviePlayer: Shutting down movie player
[2019.02.24-00.11.12:109][373]LogExit: Game engine shut down
[2019.02.24-00.11.12:178][373]LogExit: Object subsystem successfully closed.
[2019.02.24-00.11.12:200][373]LogD3D11RHI: Shutdown
[2019.02.24-00.11.12:200][373]LogD3D11RHI: CleanupD3DDevice
[2019.02.24-00.11.12:202][373]LogD3D11RHI: ~FD3D11DynamicRHI
[2019.02.24-00.11.12:221][373]LogModuleManager: Shutting down and abandoning module SequenceRecorderSections (332)
[2019.02.24-00.11.12:221][373]LogModuleManager: Shutting down and abandoning module SequenceRecorder (330)
[2019.02.24-00.11.12:221][373]LogModuleManager: Shutting down and abandoning module AutomationController (328)
[2019.02.24-00.11.12:222][373]LogModuleManager: Shutting down and abandoning module AutomationWorker (326)
[2019.02.24-00.11.12:222][373]LogModuleManager: Shutting down and abandoning module Voice (324)
[2019.02.24-00.11.12:222][373]LogModuleManager: Shutting down and abandoning module AIModule (322)
[2019.02.24-00.11.12:222][373]LogModuleManager: Shutting down and abandoning module GameplayDebugger (321)
[2019.02.24-00.11.12:222][373]LogModuleManager: Shutting down and abandoning module AITestSuite (319)
[2019.02.24-00.11.12:222][373]LogModuleManager: Shutting down and abandoning module WmfMediaFactory (316)
[2019.02.24-00.11.12:222][373]LogModuleManager: Shutting down and abandoning module OpenExrWrapper (314)
[2019.02.24-00.11.12:222][373]LogModuleManager: Shutting down and abandoning module ImgMediaFactory (312)
[2019.02.24-00.11.12:222][373]LogModuleManager: Shutting down and abandoning module AvfMediaFactory (310)
[2019.02.24-00.11.12:222][373]LogModuleManager: Shutting down and abandoning module CharacterAI (308)
[2019.02.24-00.11.12:222][373]LogModuleManager: Shutting down and abandoning module SessionServices (306)
[2019.02.24-00.11.12:222][373]LogModuleManager: Shutting down and abandoning module MovieSceneCapture (304)
[2019.02.24-00.11.12:222][373]LogModuleManager: Shutting down and abandoning module MovieSceneTracks (302)
[2019.02.24-00.11.12:222][373]LogModuleManager: Shutting down and abandoning module MovieScene (300)
[2019.02.24-00.11.12:222][373]LogModuleManager: Shutting down and abandoning module GeometryCache (298)
[2019.02.24-00.11.12:222][373]LogModuleManager: Shutting down and abandoning module GeometryCacheEd (297)
[2019.02.24-00.11.12:222][373]LogModuleManager: Shutting down and abandoning module StreamingPauseRendering (294)
[2019.02.24-00.11.12:222][373]LogModuleManager: Shutting down and abandoning module PortalServices (292)
[2019.02.24-00.11.12:222][373]LogModuleManager: Shutting down and abandoning module PortalRpc (290)
[2019.02.24-00.11.12:222][373]LogModuleManager: Shutting down and abandoning module MessagingRpc (288)
[2019.02.24-00.11.12:222][373]LogModuleManager: Shutting down and abandoning module ProfilerService (286)
[2019.02.24-00.11.12:344][373]LogModuleManager: Shutting down and abandoning module TaskGraph (284)
[2019.02.24-00.11.12:344][373]LogModuleManager: Shutting down and abandoning module SteamVRController (282)
[2019.02.24-00.11.12:344][373]LogModuleManager: Shutting down and abandoning module ProceduralMeshComponent (280)
[2019.02.24-00.11.12:344][373]LogModuleManager: Shutting down and abandoning module OculusInput (278)
[2019.02.24-00.11.12:344][373]LogModuleManager: Shutting down and abandoning module MobilePatchingUtils (276)
[2019.02.24-00.11.12:344][373]LogModuleManager: Shutting down and abandoning module CustomMeshComponent (274)
[2019.02.24-00.11.12:344][373]LogModuleManager: Shutting down and abandoning module CableComponent (272)
[2019.02.24-00.11.12:344][373]LogModuleManager: Shutting down and abandoning module ArchVisCharacter (270)
[2019.02.24-00.11.12:344][373]LogModuleManager: Shutting down and abandoning module AndroidPermission (268)
[2019.02.24-00.11.12:344][373]LogModuleManager: Shutting down and abandoning module LoginFlow (266)
[2019.02.24-00.11.12:344][373]LogModuleManager: Shutting down and abandoning module Rejoin (264)
[2019.02.24-00.11.12:344][373]LogModuleManager: Shutting down and abandoning module Hotfix (262)
[2019.02.24-00.11.12:344][373]LogModuleManager: Shutting down and abandoning module Lobby (260)
[2019.02.24-00.11.12:344][373]LogModuleManager: Shutting down and abandoning module Party (258)
[2019.02.24-00.11.12:344][373]LogModuleManager: Shutting down and abandoning module Qos (256)
[2019.02.24-00.11.12:344][373]LogModuleManager: Shutting down and abandoning module ActorSequence (254)
[2019.02.24-00.11.12:345][373]LogModuleManager: Shutting down and abandoning module MediaCompositing (252)
[2019.02.24-00.11.12:345][373]LogModuleManager: Shutting down and abandoning module HTML5Networking (250)
[2019.02.24-00.11.12:345][373]LogModuleManager: Shutting down and abandoning module VisualStudioSourceCodeAccess (248)
[2019.02.24-00.11.12:345][373]LogModuleManager: Shutting down and abandoning module HotReload (247)
[2019.02.24-00.11.12:345][373]LogDirectoryWatcher: A directory notification for 'C:/Users/lockw/OneDrive/Documents/Unreal Projects/Illuminate/Plugins/AdvancedSessions/AdvancedSessions/Binaries/Win64' was aborted.
[2019.02.24-00.11.12:345][373]LogDirectoryWatcher: A directory notification for 'C:/Users/lockw/OneDrive/Documents/Unreal Projects/Illuminate/Plugins/AdvancedSessions/AdvancedSteamSessions/Binaries/Win64' was aborted.
[2019.02.24-00.11.12:345][373]LogModuleManager: Shutting down and abandoning module VisualStudioCodeSourceCodeAccess (244)
[2019.02.24-00.11.12:345][373]LogModuleManager: Shutting down and abandoning module UObjectPlugin (242)
[2019.02.24-00.11.12:345][373]LogModuleManager: Shutting down and abandoning module SubversionSourceControl (240)
[2019.02.24-00.11.12:345][373]LogModuleManager: Shutting down and abandoning module PerforceSourceControl (238)
[2019.02.24-00.11.12:345][373]LogModuleManager: Shutting down and abandoning module SourceControl (237)
[2019.02.24-00.11.12:345][373]LogModuleManager: Shutting down and abandoning module AdvancedSteamSessions (234)
[2019.02.24-00.11.12:345][373]LogModuleManager: Shutting down and abandoning module AdvancedSessions (232)
[2019.02.24-00.11.12:345][373]LogModuleManager: Shutting down and abandoning module RuntimePhysXCooking (230)
[2019.02.24-00.11.12:345][373]LogModuleManager: Shutting down and abandoning module PhysXVehiclesEditor (228)
[2019.02.24-00.11.12:345][373]LogModuleManager: Shutting down and abandoning module PhysXVehicles (226)
[2019.02.24-00.11.12:345][373]LogModuleManager: Shutting down and abandoning module LocationServicesBPLibrary (224)
[2019.02.24-00.11.12:345][373]LogModuleManager: Shutting down and abandoning module ImmediatePhysicsEditor (222)
[2019.02.24-00.11.12:345][373]LogModuleManager: Shutting down and abandoning module ImmediatePhysics (220)
[2019.02.24-00.11.12:345][373]LogModuleManager: Shutting down and abandoning module UdpMessaging (218)
[2019.02.24-00.11.12:446][373]LogModuleManager: Shutting down and abandoning module TcpMessaging (216)
[2019.02.24-00.11.12:959][373]LogModuleManager: Shutting down and abandoning module GameplayTagsEditor (214)
[2019.02.24-00.11.12:959][373]LogModuleManager: Shutting down and abandoning module FacialAnimation (212)
[2019.02.24-00.11.12:959][373]LogModuleManager: Shutting down and abandoning module AssetManagerEditor (210)
[2019.02.24-00.11.12:959][373]LogModuleManager: Shutting down and abandoning module GraphEditor (209)
[2019.02.24-00.11.12:959][373]LogModuleManager: Shutting down and abandoning module ContentBrowser (207)
[2019.02.24-00.11.12:960][373]LogModuleManager: Shutting down and abandoning module CollectionManager (206)
[2019.02.24-00.11.12:960][373]LogDirectoryWatcher: A directory notification for 'C:/Users/lockw/OneDrive/Documents/Unreal Projects/Illuminate/Content/Collections/' was aborted.
[2019.02.24-00.11.12:960][373]LogDirectoryWatcher: A directory notification for 'C:/Users/lockw/OneDrive/Documents/Unreal Projects/Illuminate/Content/Developers/Alex/Collections/' was aborted.
[2019.02.24-00.11.12:960][373]LogDirectoryWatcher: A directory notification for 'C:/Users/lockw/OneDrive/Documents/Unreal Projects/Illuminate/Saved/Collections/' was aborted.
[2019.02.24-00.11.12:960][373]LogModuleManager: Shutting down and abandoning module DirectoryWatcher (205)
[2019.02.24-00.11.12:960][373]LogModuleManager: Shutting down and abandoning module LightPropagationVolumeRuntime (200)
[2019.02.24-00.11.12:960][373]LogModuleManager: Shutting down and abandoning module Paper2D (198)
[2019.02.24-00.11.12:960][373]LogModuleManager: Shutting down and abandoning module WindowsMoviePlayer (196)
[2019.02.24-00.11.12:960][373]LogModuleManager: Shutting down and abandoning module WmfMedia (194)
[2019.02.24-00.11.12:962][373]LogModuleManager: Shutting down and abandoning module ImgMedia (192)
[2019.02.24-00.11.12:962][373]LogModuleManager: Shutting down and abandoning module PacketHandler (190)
[2019.02.24-00.11.12:962][373]LogModuleManager: Shutting down and abandoning module ClothingSystemEditor (188)
[2019.02.24-00.11.12:962][373]LogModuleManager: Shutting down and abandoning module ClothingSystemRuntime (186)
[2019.02.24-00.11.12:962][373]LogModuleManager: Shutting down and abandoning module MediaAssets (184)
[2019.02.24-00.11.12:962][373]LogModuleManager: Shutting down and abandoning module Media (183)
[2019.02.24-00.11.12:968][373]LogModuleManager: Shutting down and abandoning module Overlay (180)
[2019.02.24-00.11.12:968][373]LogModuleManager: Shutting down and abandoning module OverlayEditor (179)
[2019.02.24-00.11.12:968][373]LogModuleManager: Shutting down and abandoning module VREditor (176)
[2019.02.24-00.11.12:968][373]LogModuleManager: Shutting down and abandoning module StringTableEditor (174)
[2019.02.24-00.11.12:968][373]LogModuleManager: Shutting down and abandoning module GameplayTasksEditor (172)
[2019.02.24-00.11.12:968][373]LogModuleManager: Shutting down and abandoning module BehaviorTreeEditor (170)
[2019.02.24-00.11.12:968][373]LogModuleManager: Shutting down and abandoning module FunctionalTesting (168)
[2019.02.24-00.11.12:968][373]LogModuleManager: Shutting down and abandoning module CollisionAnalyzer (166)
[2019.02.24-00.11.12:968][373]LogModuleManager: Shutting down and abandoning module WorkspaceMenuStructure (165)
[2019.02.24-00.11.12:968][373]LogModuleManager: Shutting down and abandoning module UMG (162)
[2019.02.24-00.11.12:968][373]LogModuleManager: Shutting down and abandoning module UMGEditor (161)
[2019.02.24-00.11.12:968][373]LogModuleManager: Shutting down and abandoning module Sequencer (160)
[2019.02.24-00.11.12:968][373]LogModuleManager: Shutting down and abandoning module MessageLog (157)
[2019.02.24-00.11.12:968][373]LogModuleManager: Shutting down and abandoning module SlateReflector (152)
[2019.02.24-00.11.12:969][373]LogModuleManager: Shutting down and abandoning module Slate (150)
[2019.02.24-00.11.12:969][373]LogModuleManager: Shutting down and abandoning module EditorStyle (148)
[2019.02.24-00.11.12:971][373]LogModuleManager: Shutting down and abandoning module MRMesh (146)
[2019.02.24-00.11.12:971][373]LogModuleManager: Shutting down and abandoning module Messaging (144)
[2019.02.24-00.11.12:971][373]LogModuleManager: Shutting down and abandoning module SourceCodeAccess (142)
[2019.02.24-00.11.12:971][373]LogModuleManager: Shutting down and abandoning module HeadMountedDisplay (140)
[2019.02.24-00.11.12:971][373]LogModuleManager: Shutting down and abandoning module XAudio2 (138)
[2019.02.24-00.11.12:971][373]LogModuleManager: Shutting down and abandoning module Networking (136)
[2019.02.24-00.11.12:971][373]LogModuleManager: Shutting down and abandoning module Core (134)
[2019.02.24-00.11.12:971][373]LogModuleManager: Shutting down and abandoning module LevelSequence (132)
[2019.02.24-00.11.12:971][373]LogModuleManager: Shutting down and abandoning module KismetCompiler (130)
[2019.02.24-00.11.12:971][373]LogModuleManager: Shutting down and abandoning module MeshUtilities (128)
[2019.02.24-00.11.12:972][373]LogModuleManager: Shutting down and abandoning module MeshMergeUtilities (127)
[2019.02.24-00.11.12:972][373]LogModuleManager: Shutting down and abandoning module MeshReductionInterface (126)
[2019.02.24-00.11.12:972][373]LogModuleManager: Shutting down and abandoning module SimplygonSwarm (125)
[2019.02.24-00.11.12:972][373]LogModuleManager: Shutting down and abandoning module SimplygonMeshReduction (123)
[2019.02.24-00.11.12:972][373]LogModuleManager: Shutting down and abandoning module QuadricMeshReduction (121)
[2019.02.24-00.11.12:972][373]LogModuleManager: Shutting down and abandoning module MaterialBaking (117)
[2019.02.24-00.11.12:972][373]LogModuleManager: Shutting down and abandoning module DerivedDataCache (112)
[2019.02.24-00.11.13:110][373]LogDerivedDataCache: Shutdown
[2019.02.24-00.11.13:110][373]LogModuleManager: Shutting down and abandoning module TargetPlatform (110)
[2019.02.24-00.11.13:110][373]LogModuleManager: Shutting down and abandoning module VulkanShaderFormat (109)
[2019.02.24-00.11.13:110][373]LogModuleManager: Shutting down and abandoning module ShaderFormatVectorVM (107)
[2019.02.24-00.11.13:110][373]LogModuleManager: Shutting down and abandoning module ShaderFormatOpenGL (105)
[2019.02.24-00.11.13:110][373]LogModuleManager: Shutting down and abandoning module ShaderFormatD3D (103)
[2019.02.24-00.11.13:110][373]LogModuleManager: Shutting down and abandoning module MetalShaderFormat (101)
[2019.02.24-00.11.13:110][373]LogModuleManager: Shutting down and abandoning module TextureFormatUncompressed (99)
[2019.02.24-00.11.13:110][373]LogModuleManager: Shutting down and abandoning module TextureFormatPVR (97)
[2019.02.24-00.11.13:110][373]LogModuleManager: Shutting down and abandoning module TextureFormatDXT (95)
[2019.02.24-00.11.13:110][373]LogModuleManager: Shutting down and abandoning module TextureFormatIntelISPCTexComp (93)
[2019.02.24-00.11.13:110][373]LogModuleManager: Shutting down and abandoning module TextureFormatASTC (91)
[2019.02.24-00.11.13:110][373]LogModuleManager: Shutting down and abandoning module ImageWrapper (90)
[2019.02.24-00.11.13:110][373]LogModuleManager: Shutting down and abandoning module TextureFormatAndroid (87)
[2019.02.24-00.11.13:110][373]LogModuleManager: Shutting down and abandoning module AudioFormatOpus (85)
[2019.02.24-00.11.13:110][373]LogModuleManager: Shutting down and abandoning module AudioFormatOgg (83)
[2019.02.24-00.11.13:110][373]LogModuleManager: Shutting down and abandoning module AudioFormatADPCM (81)
[2019.02.24-00.11.13:110][373]LogModuleManager: Shutting down and abandoning module WindowsTargetPlatform (79)
[2019.02.24-00.11.13:110][373]LogModuleManager: Shutting down and abandoning module WindowsServerTargetPlatform (77)
[2019.02.24-00.11.13:110][373]LogModuleManager: Shutting down and abandoning module WindowsNoEditorTargetPlatform (75)
[2019.02.24-00.11.13:110][373]LogModuleManager: Shutting down and abandoning module WindowsClientTargetPlatform (73)
[2019.02.24-00.11.13:110][373]LogModuleManager: Shutting down and abandoning module InputCore (70)
[2019.02.24-00.11.13:110][373]LogModuleManager: Shutting down and abandoning module Settings (68)
[2019.02.24-00.11.13:110][373]LogModuleManager: Shutting down and abandoning module PhysXCooking (66)
[2019.02.24-00.11.13:110][373]LogModuleManager: Shutting down and abandoning module SteamVR (64)
[2019.02.24-00.11.13:110][373]LogModuleManager: Shutting down and abandoning module OculusHMD (62)
[2019.02.24-00.11.13:110][373]LogModuleManager: Shutting down and abandoning module ExampleDeviceProfileSelector (60)
[2019.02.24-00.11.13:110][373]LogModuleManager: Shutting down and abandoning module AppleARKit (58)
[2019.02.24-00.11.13:110][373]LogModuleManager: Shutting down and abandoning module AugmentedReality (57)
[2019.02.24-00.11.13:110][373]LogModuleManager: Shutting down and abandoning module OnlineBlueprintSupport (54)
[2019.02.24-00.11.13:110][373]LogModuleManager: Shutting down and abandoning module OnlineSubsystem (50)
[2019.02.24-00.11.13:110][373]LogOnline: Display: OSS: FOnlineSubsystemNull::Shutdown()
[2019.02.24-00.11.13:110][373]LogOnline: Display: OSS: FOnlineAsyncTaskManager::Stop() ActiveTask:0000000000000000 Tasks[0/0]
[2019.02.24-00.11.13:111][373]LogOnline: Display: OSS: FOnlineAsyncTaskManager::Exit() started
[2019.02.24-00.11.13:111][373]LogOnline: Display: OSS: FOnlineAsyncTaskManager::Exit() finished
[2019.02.24-00.11.13:111][373]LogModuleManager: Shutting down and abandoning module XMPP (43)
[2019.02.24-00.11.13:111][373]LogModuleManager: Shutting down and abandoning module HTTP (41)
[2019.02.24-00.11.13:134][373]LogModuleManager: Shutting down and abandoning module SSL (40)
[2019.02.24-00.11.13:136][373]LogModuleManager: Shutting down and abandoning module AnimationModifiers (36)
[2019.02.24-00.11.13:136][373]LogModuleManager: Shutting down and abandoning module PropertyEditor (35)
[2019.02.24-00.11.13:136][373]LogModuleManager: Shutting down and abandoning module AudioEditor (32)
[2019.02.24-00.11.13:136][373]LogModuleManager: Shutting down and abandoning module TextureCompressor (30)
[2019.02.24-00.11.13:136][373]LogModuleManager: Shutting down and abandoning module ShaderCore (28)
[2019.02.24-00.11.13:136][373]LogModuleManager: Shutting down and abandoning module Landscape (26)
[2019.02.24-00.11.13:136][373]LogModuleManager: Shutting down and abandoning module SlateRHIRenderer (24)
[2019.02.24-00.11.13:136][373]LogModuleManager: Shutting down and abandoning module OpenGLDrv (22)
[2019.02.24-00.11.13:136][373]LogModuleManager: Shutting down and abandoning module D3D11RHI (20)
[2019.02.24-00.11.13:136][373]LogModuleManager: Shutting down and abandoning module AnimGraphRuntime (18)
[2019.02.24-00.11.13:136][373]LogModuleManager: Shutting down and abandoning module Renderer (16)
[2019.02.24-00.11.13:136][373]LogModuleManager: Shutting down and abandoning module Engine (14)
[2019.02.24-00.11.13:136][373]LogModuleManager: Shutting down and abandoning module CoreUObject (12)
[2019.02.24-00.11.13:136][373]LogModuleManager: Shutting down and abandoning module NetworkFile (10)
[2019.02.24-00.11.13:136][373]LogModuleManager: Shutting down and abandoning module CookedIterativeFile (8)
[2019.02.24-00.11.13:136][373]LogModuleManager: Shutting down and abandoning module StreamingFile (6)
[2019.02.24-00.11.13:136][373]LogModuleManager: Shutting down and abandoning module SandboxFile (4)
[2019.02.24-00.11.13:136][373]LogModuleManager: Shutting down and abandoning module PakFile (2)
[2019.02.24-00.11.13:139][373]LogExit: Exiting.
[2019.02.24-00.11.13:141][373]Log file closed, 02/23/19 16:11:13
