Log file open, 02/18/19 21:42:10
LogWindows: Failed to load 'aqProf.dll' (GetLastError=126)
LogWindows: File 'aqProf.dll' does not exist
LogWindows: Failed to load 'VSPerf140.dll' (GetLastError=126)
LogWindows: File 'VSPerf140.dll' does not exist
LogWindows: Failed to load 'VtuneApi.dll' (GetLastError=126)
LogWindows: File 'VtuneApi.dll' does not exist
LogWindows: Failed to load 'VtuneApi32e.dll' (GetLastError=126)
LogWindows: File 'VtuneApi32e.dll' does not exist
LogInit: Display: Running engine for game: Illuminate
LogPlatformFile: Not using cached read wrapper
LogInit: Display: RandInit(756552325) SRandInit(756552325).
LogInit: Read version file with build ID '3709383'
LogInit: Overriding engine version to CL 3794801, compatible CL 3709383
LogInit: Registered custom module enumerator with build ID '3709383'
LogTaskGraph: Started task graph with 5 named threads and 14 total threads with 3 sets of task threads.
LogStats: Stats thread started at 0.353659
LogPluginManager: Warning: Plugin 'AdvancedSessions' exists at '../../../../../../Users/lockw/OneDrive/Documents/Unreal Projects/Illuminate/Plugins/AdvancedSessions/AdvancedSessions/AdvancedSessions.uplugin' and '../../../../../../Users/lockw/OneDrive/Documents/Unreal Projects/Illuminate/Plugins/AdvancedSessions/AdvancedSessions.uplugin' - second location will be ignored
LogD3D11RHI: Aftermath initialized
LogModuleManager: Display: Found up-to-date module file ../../../Engine/Plugins/Online/OnlineSubsystemSteam/Binaries/Win64/UE4Editor-OnlineSubsystemSteam.dll (API version 3709383).
LogModuleManager: Display: Found up-to-date module file ../../../Engine/Plugins/Online/OnlineSubsystem/Binaries/Win64/UE4Editor-OnlineSubsystem.dll (API version 3709383).
LogModuleManager: Display: Found up-to-date module file ../../../Engine/Plugins/Online/OnlineSubsystemUtils/Binaries/Win64/UE4Editor-OnlineSubsystemUtils.dll (API version 3709383).
LogModuleManager: Display: Found up-to-date module file ../../../Engine/Plugins/Online/OnlineSubsystemUtils/Binaries/Win64/UE4Editor-OnlineBlueprintSupport.dll (API version 3709383).
LogModuleManager: Display: Found up-to-date module file ../../../Engine/Plugins/2D/Paper2D/Binaries/Win64/UE4Editor-Paper2D.dll (API version 3709383).
LogModuleManager: Display: Found up-to-date module file ../../../Engine/Plugins/2D/Paper2D/Binaries/Win64/UE4Editor-Paper2DEditor.dll (API version 3709383).
LogModuleManager: Display: Found up-to-date module file ../../../Engine/Plugins/2D/Paper2D/Binaries/Win64/UE4Editor-PaperSpriteSheetImporter.dll (API version 3709383).
LogModuleManager: Display: Found up-to-date module file ../../../Engine/Plugins/2D/Paper2D/Binaries/Win64/UE4Editor-PaperTiledImporter.dll (API version 3709383).
LogModuleManager: Display: Found up-to-date module file ../../../Engine/Plugins/2D/Paper2D/Binaries/Win64/UE4Editor-SmartSnapping.dll (API version 3709383).
LogModuleManager: Display: Found up-to-date module file ../../../Engine/Plugins/Blendables/LightPropagationVolume/Binaries/Win64/UE4Editor-LightPropagationVolumeRuntime.dll (API version 3709383).
LogModuleManager: Display: Found up-to-date module file ../../../Engine/Plugins/Blendables/LightPropagationVolume/Binaries/Win64/UE4Editor-LightPropagationVolumeEditor.dll (API version 3709383).
LogModuleManager: Display: Found up-to-date module file ../../../Engine/Plugins/Developer/GitSourceControl/Binaries/Win64/UE4Editor-GitSourceControl.dll (API version 3709383).
LogModuleManager: Display: Found up-to-date module file ../../../Engine/Plugins/Developer/PerforceSourceControl/Binaries/Win64/UE4Editor-PerforceSourceControl.dll (API version 3709383).
LogModuleManager: Display: Found up-to-date module file ../../../Engine/Plugins/Developer/SubversionSourceControl/Binaries/Win64/UE4Editor-SubversionSourceControl.dll (API version 3709383).
LogModuleManager: Display: Found up-to-date module file ../../../Engine/Plugins/Developer/UObjectPlugin/Binaries/Win64/UE4Editor-UObjectPlugin.dll (API version 3709383).
LogModuleManager: Display: Found up-to-date module file ../../../Engine/Plugins/Developer/VisualStudioCodeSourceCodeAccess/Binaries/Win64/UE4Editor-VisualStudioCodeSourceCodeAccess.dll (API version 3709383).
LogModuleManager: Display: Found up-to-date module file ../../../Engine/Plugins/Developer/VisualStudioSourceCodeAccess/Binaries/Win64/UE4Editor-VisualStudioSourceCodeAccess.dll (API version 3709383).
LogModuleManager: Display: Found up-to-date module file ../../../Engine/Plugins/Editor/AssetManagerEditor/Binaries/Win64/UE4Editor-AssetManagerEditor.dll (API version 3709383).
LogModuleManager: Display: Found up-to-date module file ../../../Engine/Plugins/Editor/AudioCapture/Binaries/Win64/UE4Editor-AudioCapture.dll (API version 3709383).
LogModuleManager: Display: Found up-to-date module file ../../../Engine/Plugins/Editor/FacialAnimation/Binaries/Win64/UE4Editor-FacialAnimation.dll (API version 3709383).
LogModuleManager: Display: Found up-to-date module file ../../../Engine/Plugins/Editor/FacialAnimation/Binaries/Win64/UE4Editor-FacialAnimationEditor.dll (API version 3709383).
LogModuleManager: Display: Found up-to-date module file ../../../Engine/Plugins/Editor/GameplayTagsEditor/Binaries/Win64/UE4Editor-GameplayTagsEditor.dll (API version 3709383).
LogModuleManager: Display: Found up-to-date module file ../../../Engine/Plugins/Editor/MobileLauncherProfileWizard/Binaries/Win64/UE4Editor-MobileLauncherProfileWizard.dll (API version 3709383).
LogModuleManager: Display: Found up-to-date module file ../../../Engine/Plugins/Editor/PluginBrowser/Binaries/Win64/UE4Editor-PluginBrowser.dll (API version 3709383).
LogModuleManager: Display: Found up-to-date module file ../../../Engine/Plugins/Editor/SpeedTreeImporter/Binaries/Win64/UE4Editor-SpeedTreeImporter.dll (API version 3709383).
LogModuleManager: Display: Found up-to-date module file ../../../Engine/Plugins/Experimental/AlembicImporter/Binaries/Win64/UE4Editor-AlembicImporter.dll (API version 3709383).
LogModuleManager: Display: Found up-to-date module file ../../../Engine/Plugins/Experimental/AlembicImporter/Binaries/Win64/UE4Editor-AlembicLibrary.dll (API version 3709383).
LogModuleManager: Display: Found up-to-date module file ../../../Engine/Plugins/Experimental/CharacterAI/Binaries/Win64/UE4Editor-CharacterAI.dll (API version 3709383).
LogModuleManager: Display: Found up-to-date module file ../../../Engine/Plugins/Experimental/HTML5Networking/Binaries/Win64/UE4Editor-HTML5Networking.dll (API version 3709383).
LogModuleManager: Display: Found up-to-date module file ../../../Engine/Plugins/Media/AndroidMedia/Binaries/Win64/UE4Editor-AndroidMediaEditor.dll (API version 3709383).
LogModuleManager: Display: Found up-to-date module file ../../../Engine/Plugins/Media/AndroidMedia/Binaries/Win64/UE4Editor-AndroidMediaFactory.dll (API version 3709383).
LogModuleManager: Display: Found up-to-date module file ../../../Engine/Plugins/Media/AvfMedia/Binaries/Win64/UE4Editor-AvfMediaEditor.dll (API version 3709383).
LogModuleManager: Display: Found up-to-date module file ../../../Engine/Plugins/Media/AvfMedia/Binaries/Win64/UE4Editor-AvfMediaFactory.dll (API version 3709383).
LogModuleManager: Display: Found up-to-date module file ../../../Engine/Plugins/Media/AvfMedia/Binaries/Win64/UE4Editor-AvfMediaFactory.dll (API version 3709383).
LogModuleManager: Display: Found up-to-date module file ../../../Engine/Plugins/Media/ImgMedia/Binaries/Win64/UE4Editor-ImgMedia.dll (API version 3709383).
LogModuleManager: Display: Found up-to-date module file ../../../Engine/Plugins/Media/ImgMedia/Binaries/Win64/UE4Editor-ImgMediaEditor.dll (API version 3709383).
LogModuleManager: Display: Found up-to-date module file ../../../Engine/Plugins/Media/ImgMedia/Binaries/Win64/UE4Editor-ImgMediaFactory.dll (API version 3709383).
LogModuleManager: Display: Found up-to-date module file ../../../Engine/Plugins/Media/ImgMedia/Binaries/Win64/UE4Editor-ImgMediaFactory.dll (API version 3709383).
LogModuleManager: Display: Found up-to-date module file ../../../Engine/Plugins/Media/ImgMedia/Binaries/Win64/UE4Editor-OpenExrWrapper.dll (API version 3709383).
LogModuleManager: Display: Found up-to-date module file ../../../Engine/Plugins/Media/MediaCompositing/Binaries/Win64/UE4Editor-MediaCompositing.dll (API version 3709383).
LogModuleManager: Display: Found up-to-date module file ../../../Engine/Plugins/Media/MediaCompositing/Binaries/Win64/UE4Editor-MediaCompositingEditor.dll (API version 3709383).
LogModuleManager: Display: Found up-to-date module file ../../../Engine/Plugins/Media/MediaPlayerEditor/Binaries/Win64/UE4Editor-MediaPlayerEditor.dll (API version 3709383).
LogModuleManager: Display: Found up-to-date module file ../../../Engine/Plugins/Media/WmfMedia/Binaries/Win64/UE4Editor-WmfMedia.dll (API version 3709383).
LogModuleManager: Display: Found up-to-date module file ../../../Engine/Plugins/Media/WmfMedia/Binaries/Win64/UE4Editor-WmfMediaEditor.dll (API version 3709383).
LogModuleManager: Display: Found up-to-date module file ../../../Engine/Plugins/Media/WmfMedia/Binaries/Win64/UE4Editor-WmfMediaFactory.dll (API version 3709383).
LogModuleManager: Display: Found up-to-date module file ../../../Engine/Plugins/Media/WmfMedia/Binaries/Win64/UE4Editor-WmfMediaFactory.dll (API version 3709383).
LogModuleManager: Display: Found up-to-date module file ../../../Engine/Plugins/Messaging/TcpMessaging/Binaries/Win64/UE4Editor-TcpMessaging.dll (API version 3709383).
LogModuleManager: Display: Found up-to-date module file ../../../Engine/Plugins/Messaging/UdpMessaging/Binaries/Win64/UE4Editor-UdpMessaging.dll (API version 3709383).
LogModuleManager: Display: Found up-to-date module file ../../../Engine/Plugins/MovieScene/ActorSequence/Binaries/Win64/UE4Editor-ActorSequence.dll (API version 3709383).
LogModuleManager: Display: Found up-to-date module file ../../../Engine/Plugins/MovieScene/LevelSequenceEditor/Binaries/Win64/UE4Editor-LevelSequenceEditor.dll (API version 3709383).
LogModuleManager: Display: Found up-to-date module file ../../../Engine/Plugins/MovieScene/MatineeToLevelSequence/Binaries/Win64/UE4Editor-MatineeToLevelSequence.dll (API version 3709383).
LogModuleManager: Display: Found up-to-date module file ../../../Engine/Plugins/Runtime/AndroidPermission/Binaries/Win64/UE4Editor-AndroidPermission.dll (API version 3709383).
LogModuleManager: Display: Found up-to-date module file ../../../Engine/Plugins/Online/OnlineSubsystemNull/Binaries/Win64/UE4Editor-OnlineSubsystemNull.dll (API version 3709383).
LogModuleManager: Display: Found up-to-date module file ../../../Engine/Plugins/Runtime/AndroidDeviceProfileSelector/Binaries/Win64/UE4Editor-AndroidDeviceProfileSelector.dll (API version 3709383).
LogModuleManager: Display: Found up-to-date module file ../../../Engine/Plugins/Runtime/AppleARKit/Binaries/Win64/UE4Editor-AppleARKit.dll (API version 3709383).
LogModuleManager: Display: Found up-to-date module file ../../../Engine/Plugins/Runtime/ArchVisCharacter/Binaries/Win64/UE4Editor-ArchVisCharacter.dll (API version 3709383).
LogModuleManager: Display: Found up-to-date module file ../../../Engine/Plugins/Runtime/CableComponent/Binaries/Win64/UE4Editor-CableComponent.dll (API version 3709383).
LogModuleManager: Display: Found up-to-date module file ../../../Engine/Plugins/Runtime/CustomMeshComponent/Binaries/Win64/UE4Editor-CustomMeshComponent.dll (API version 3709383).
LogModuleManager: Display: Found up-to-date module file ../../../Engine/Plugins/Runtime/ExampleDeviceProfileSelector/Binaries/Win64/UE4Editor-ExampleDeviceProfileSelector.dll (API version 3709383).
LogModuleManager: Display: Found up-to-date module file ../../../Engine/Plugins/Runtime/ImmediatePhysics/Binaries/Win64/UE4Editor-ImmediatePhysics.dll (API version 3709383).
LogModuleManager: Display: Found up-to-date module file ../../../Engine/Plugins/Runtime/ImmediatePhysics/Binaries/Win64/UE4Editor-ImmediatePhysicsEditor.dll (API version 3709383).
LogModuleManager: Display: Found up-to-date module file ../../../Engine/Plugins/Runtime/LocationServicesBPLibrary/Binaries/Win64/UE4Editor-LocationServicesBPLibrary.dll (API version 3709383).
LogModuleManager: Display: Found up-to-date module file ../../../Engine/Plugins/Runtime/MobilePatchingUtils/Binaries/Win64/UE4Editor-MobilePatchingUtils.dll (API version 3709383).
LogModuleManager: Display: Found up-to-date module file ../../../Engine/Plugins/Runtime/Oculus/OculusVR/Binaries/Win64/UE4Editor-OculusHMD.dll (API version 3709383).
LogModuleManager: Display: Found up-to-date module file ../../../Engine/Plugins/Runtime/Oculus/OculusVR/Binaries/Win64/UE4Editor-OculusInput.dll (API version 3709383).
LogModuleManager: Display: Found up-to-date module file ../../../Engine/Plugins/Runtime/Oculus/OculusVR/Binaries/Win64/UE4Editor-OculusEditor.dll (API version 3709383).
LogModuleManager: Display: Found up-to-date module file ../../../Engine/Plugins/Runtime/PhysXVehicles/Binaries/Win64/UE4Editor-PhysXVehicles.dll (API version 3709383).
LogModuleManager: Display: Found up-to-date module file ../../../Engine/Plugins/Runtime/PhysXVehicles/Binaries/Win64/UE4Editor-PhysXVehiclesEditor.dll (API version 3709383).
LogModuleManager: Display: Found up-to-date module file ../../../Engine/Plugins/Runtime/ProceduralMeshComponent/Binaries/Win64/UE4Editor-ProceduralMeshComponent.dll (API version 3709383).
LogModuleManager: Display: Found up-to-date module file ../../../Engine/Plugins/Runtime/ProceduralMeshComponent/Binaries/Win64/UE4Editor-ProceduralMeshComponentEditor.dll (API version 3709383).
LogModuleManager: Display: Found up-to-date module file ../../../Engine/Plugins/Runtime/RuntimePhysXCooking/Binaries/Win64/UE4Editor-RuntimePhysXCooking.dll (API version 3709383).
LogModuleManager: Display: Found up-to-date module file ../../../Engine/Plugins/Runtime/Steam/SteamVR/Binaries/Win64/UE4Editor-SteamVR.dll (API version 3709383).
LogModuleManager: Display: Found up-to-date module file ../../../Engine/Plugins/Runtime/Steam/SteamVR/Binaries/Win64/UE4Editor-SteamVRController.dll (API version 3709383).
LogModuleManager: Display: Found up-to-date module file ../../../Engine/Plugins/Runtime/WindowsMoviePlayer/Binaries/Win64/UE4Editor-WindowsMoviePlayer.dll (API version 3709383).
LogModuleManager: Display: Found up-to-date module file ../../../../../../Users/lockw/OneDrive/Documents/Unreal Projects/Illuminate/Plugins/AdvancedSessions/AdvancedSessions/Binaries/Win64/UE4Editor-AdvancedSessions.dll (API version 3709383).
LogModuleManager: Display: Found up-to-date module file ../../../../../../Users/lockw/OneDrive/Documents/Unreal Projects/Illuminate/Plugins/AdvancedSessions/AdvancedSteamSessions/Binaries/Win64/UE4Editor-AdvancedSteamSessions.dll (API version 3709383).
LogPluginManager: Mounting plugin Paper2D
LogPluginManager: Mounting plugin LightPropagationVolume
LogPluginManager: Mounting plugin CodeLiteSourceCodeAccess
LogPluginManager: Mounting plugin GitSourceControl
LogPluginManager: Mounting plugin KDevelopSourceCodeAccess
LogPluginManager: Mounting plugin NullSourceCodeAccess
LogPluginManager: Mounting plugin PerforceSourceControl
LogPluginManager: Mounting plugin SubversionSourceControl
LogPluginManager: Mounting plugin UObjectPlugin
LogPluginManager: Mounting plugin VisualStudioCodeSourceCodeAccess
LogPluginManager: Mounting plugin VisualStudioSourceCodeAccess
LogPluginManager: Mounting plugin XCodeSourceCodeAccess
LogPluginManager: Mounting plugin AssetManagerEditor
LogPluginManager: Mounting plugin AudioCapture
LogPluginManager: Mounting plugin FacialAnimation
LogPluginManager: Mounting plugin GameplayTagsEditor
LogPluginManager: Mounting plugin MobileLauncherProfileWizard
LogPluginManager: Mounting plugin PluginBrowser
LogPluginManager: Mounting plugin SpeedTreeImporter
LogPluginManager: Mounting plugin AlembicImporter
LogPluginManager: Mounting plugin CharacterAI
LogPluginManager: Mounting plugin HTML5Networking
LogPluginManager: Mounting plugin AndroidMedia
LogPluginManager: Mounting plugin AvfMedia
LogPluginManager: Mounting plugin ImgMedia
LogPluginManager: Mounting plugin MediaCompositing
LogPluginManager: Mounting plugin MediaPlayerEditor
LogPluginManager: Mounting plugin WmfMedia
LogPluginManager: Mounting plugin TcpMessaging
LogPluginManager: Mounting plugin UdpMessaging
LogPluginManager: Mounting plugin ActorSequence
LogPluginManager: Mounting plugin LevelSequenceEditor
LogPluginManager: Mounting plugin MatineeToLevelSequence
LogPluginManager: Mounting plugin OnlineSubsystemGooglePlay
LogPluginManager: Mounting plugin OnlineSubsystemIOS
LogPluginManager: Mounting plugin OnlineSubsystem
LogPluginManager: Mounting plugin OnlineSubsystemNull
LogPluginManager: Mounting plugin OnlineSubsystemSteam
LogPluginManager: Mounting plugin OnlineSubsystemUtils
LogPluginManager: Mounting plugin AndroidDeviceProfileSelector
LogPluginManager: Mounting plugin AndroidMoviePlayer
LogPluginManager: Mounting plugin AndroidPermission
LogPluginManager: Mounting plugin AppleARKit
LogPluginManager: Mounting plugin AppleMoviePlayer
LogPluginManager: Mounting plugin ArchVisCharacter
LogPluginManager: Mounting plugin CableComponent
LogPluginManager: Mounting plugin CustomMeshComponent
LogPluginManager: Mounting plugin ExampleDeviceProfileSelector
LogPluginManager: Mounting plugin GoogleCloudMessaging
LogPluginManager: Mounting plugin ImmediatePhysics
LogPluginManager: Mounting plugin IOSDeviceProfileSelector
LogPluginManager: Mounting plugin LinuxDeviceProfileSelector
LogPluginManager: Mounting plugin LocationServicesBPLibrary
LogPluginManager: Mounting plugin MobilePatchingUtils
LogPluginManager: Mounting plugin OculusVR
LogPluginManager: Plugin shader directory ../../../Engine/Plugins/Runtime/Oculus/OculusVR/Shaders found
LogPluginManager: Mapping shader source directory ../../../Engine/Plugins/Runtime/Oculus/OculusVR/Shaders to virtual directory /Plugin/OculusVR
LogPluginManager: Mounting plugin PhysXVehicles
LogPluginManager: Mounting plugin ProceduralMeshComponent
LogPluginManager: Mounting plugin RuntimePhysXCooking
LogPluginManager: Mounting plugin SteamVR
LogPluginManager: Mounting plugin WindowsMoviePlayer
LogPluginManager: Mounting plugin AdvancedSessions
LogPluginManager: Mounting plugin AdvancedSteamSessions
LogInit: Using libcurl 7.47.1
LogInit:  - built for x86_64-pc-win32
LogInit:  - supports SSL with OpenSSL/1.0.2g
LogInit:  - supports HTTP deflate (compression) using libz 1.2.8
LogInit:  - other features:
LogInit:      CURL_VERSION_SSL
LogInit:      CURL_VERSION_LIBZ
LogInit:      CURL_VERSION_IPV6
LogInit:      CURL_VERSION_ASYNCHDNS
LogInit:      CURL_VERSION_LARGEFILE
LogInit:      CURL_VERSION_IDN
LogInit:  CurlRequestOptions (configurable via config and command line):
LogInit:  - bVerifyPeer = false  - Libcurl will NOT verify peer certificate
LogInit:  - bUseHttpProxy = false  - Libcurl will NOT use HTTP proxy
LogInit:  - bDontReuseConnections = false  - Libcurl will reuse connections
LogInit:  - CertBundlePath = nullptr  - Libcurl will use whatever was configured at build time.
LogOnline: Display: STEAM: Loading Steam SDK 1.39
LogOnline: Warning: STEAM: Steam API disabled!
LogOnline: Display: STEAM: OnlineSubsystemSteam::Shutdown()
LogInit: WinSock: version 1.1 (2.2), MaxSocks=32767, MaxUdp=65467
LogInit: Build: ++UE4+Release-4.18-CL-3794801
LogInit: Engine Version: 4.18.2-3794801+++UE4+Release-4.18
LogInit: Compatible Engine Version: 4.18.0-3709383+++UE4+Release-4.18
LogInit: Net CL: 3709383
LogDevObjectVersion: Number of dev versions registered: 16
LogDevObjectVersion:   Dev-Blueprints (B0D832E4-1F89-4F0D-ACCF-7EB736FD4AA2): 10
LogDevObjectVersion:   Dev-Build (E1C64328-A22C-4D53-A36C-8E866417BD8C): 0
LogDevObjectVersion:   Dev-Core (375EC13C-06E4-48FB-B500-84F0262A717E): 2
LogDevObjectVersion:   Dev-Editor (E4B068ED-F494-42E9-A231-DA0B2E46BB41): 20
LogDevObjectVersion:   Dev-Framework (CFFC743F-43B0-4480-9391-14DF171D2073): 30
LogDevObjectVersion:   Dev-Mobile (B02B49B5-BB20-44E9-A304-32B752E40360): 0
LogDevObjectVersion:   Dev-Networking (A4E4105C-59A1-49B5-A7C5-40C4547EDFEE): 0
LogDevObjectVersion:   Dev-Online (39C831C9-5AE6-47DC-9A44-9C173E1C8E7C): 0
LogDevObjectVersion:   Dev-Physics (78F01B33-EBEA-4F98-B9B4-84EACCB95AA2): 0
LogDevObjectVersion:   Dev-Platform (6631380F-2D4D-43E0-8009-CF276956A95A): 0
LogDevObjectVersion:   Dev-Rendering (12F88B9F-8875-4AFC-A67C-D90C383ABD29): 20
LogDevObjectVersion:   Dev-Sequencer (7B5AE74C-D270-4C10-A958-57980B212A5A): 4
LogDevObjectVersion:   Dev-VR (D7296918-1DD6-4BDD-9DE2-64A83CC13884): 0
LogDevObjectVersion:   Dev-LoadTimes (C2A15278-BFE7-4AFE-6C17-90FF531DF755): 1
LogDevObjectVersion:   Private-Geometry (6EACA3D4-40EC-4CC1-B786-8BED09428FC5): 1
LogDevObjectVersion:   Dev-AnimPhys (29E575DD-E0A3-4627-9D10-D276232CDCEA): 12
LogInit: Compiled (64-bit): Dec  8 2017 02:04:53
LogInit: Compiled with Visual C++: 19.00.24215.01
LogInit: Build Configuration: Development
LogInit: Branch Name: ++UE4+Release-4.18
LogInit: Command line:  127.0.0.1:17777 -game -PIEVIACONSOLE -ResX=640 -ResY=480  -Multiprocess -messaging -SessionName="Play in Standalone Game" -windowed GameUserSettingsINI="C:/Users/lockw/OneDrive/Documents/Unreal Projects/Illuminate/Saved/Config/Windows/PIEGameUserSettings2.ini" -MultiprocessSaveConfig  -MultiprocessOSS WinX=8 WinY=31 SAVEWINPOS=1
LogInit: Base directory: C:/Program Files/Epic Games/UE_4.18/Engine/Binaries/Win64/
LogInit: Installed Engine Build: 1
LogInit: Presizing for max 8388607 objects, including 0 objects not considered by GC, pre-allocating 0 bytes for permanent pool.
LogInit: Object subsystem initialized
[2019.02.19-05.42.18:138][  0]LogInit: Selected Device Profile: [Windows]
[2019.02.19-05.42.18:138][  0]LogInit: Applying CVar settings loaded from the selected device profile: [Windows]
[2019.02.19-05.42.18:149][  0]LogInit: Computer: MSI
[2019.02.19-05.42.18:149][  0]LogInit: User: Alex
[2019.02.19-05.42.18:149][  0]LogInit: CPU Page size=4096, Cores=4
[2019.02.19-05.42.18:149][  0]LogInit: High frequency timer resolution =2.533214 MHz
[2019.02.19-05.42.18:149][  0]LogMemory: Memory total: Physical=15.9GB (16GB approx)
[2019.02.19-05.42.18:149][  0]LogMemory: Platform Memory Stats for Windows
[2019.02.19-05.42.18:149][  0]LogMemory: Process Physical Memory: 274.85 MB used, 274.85 MB peak
[2019.02.19-05.42.18:149][  0]LogMemory: Process Virtual Memory: 274.15 MB used, 274.15 MB peak
[2019.02.19-05.42.18:149][  0]LogMemory: Physical Memory: 10370.68 MB used,  5902.66 MB free, 16273.34 MB total
[2019.02.19-05.42.18:149][  0]LogMemory: Virtual Memory: 4788.44 MB used,  5902.66 MB free, 134217728.00 MB total
[2019.02.19-05.42.20:452][  0]LogInit: Using OS detected language (en-US).
[2019.02.19-05.42.20:452][  0]LogInit: Using OS detected locale (en-US).
[2019.02.19-05.42.20:461][  0]LogTextLocalizationManager: No specific localization for 'en-US' exists, so the 'en' localization will be used.
[2019.02.19-05.42.21:690][  0]LogD3D11RHI: D3D11 adapters:
[2019.02.19-05.42.21:808][  0]LogD3D11RHI:    0. 'NVIDIA GeForce GTX 965M' (Feature Level 11_0)
[2019.02.19-05.42.21:808][  0]LogD3D11RHI:       2010/0/8136 MB DedicatedVideo/DedicatedSystem/SharedSystem, Outputs:1, VendorId:0x10de
[2019.02.19-05.42.21:819][  0]LogD3D11RHI:    1. 'Intel(R) HD Graphics 4600' (Feature Level 11_0)
[2019.02.19-05.42.21:819][  0]LogD3D11RHI:       112/0/2048 MB DedicatedVideo/DedicatedSystem/SharedSystem, Outputs:0, VendorId:0x8086
[2019.02.19-05.42.21:823][  0]LogD3D11RHI:    2. 'Microsoft Basic Render Driver' (Feature Level 11_0)
[2019.02.19-05.42.21:823][  0]LogD3D11RHI:       0/0/8136 MB DedicatedVideo/DedicatedSystem/SharedSystem, Outputs:0, VendorId:0x1414
[2019.02.19-05.42.21:823][  0]LogD3D11RHI: Chosen D3D11 Adapter: 0
[2019.02.19-05.42.21:877][  0]LogD3D11RHI: Creating new Direct3DDevice
[2019.02.19-05.42.21:877][  0]LogD3D11RHI:     GPU DeviceId: 0x13d9 (for the marketing name, search the web for "GPU Device Id")
[2019.02.19-05.42.21:877][  0]LogWindows: EnumDisplayDevices:
[2019.02.19-05.42.21:877][  0]LogWindows:    0. 'Intel(R) HD Graphics 4600' (P:1 D:1)
[2019.02.19-05.42.21:877][  0]LogWindows:    1. 'Intel(R) HD Graphics 4600' (P:0 D:0)
[2019.02.19-05.42.21:878][  0]LogWindows:    2. 'Intel(R) HD Graphics 4600' (P:0 D:0)
[2019.02.19-05.42.21:878][  0]LogWindows: DebugString: GetVideoDriverDetailsInvalid PrimaryIsNotTheChoosenAdapter GetVideoDriverDetailsInvalid PrimaryIsNotTheChoosenAdapter GetVideoDriverDetailsInvalid PrimaryIsNotTheChoosenAdapter FoundDriverCount:0 
[2019.02.19-05.42.21:878][  0]LogD3D11RHI:     Adapter Name: NVIDIA GeForce GTX 965M
[2019.02.19-05.42.21:878][  0]LogD3D11RHI:   Driver Version: Unknown (internal:Unknown, unified:Unknown)
[2019.02.19-05.42.21:878][  0]LogD3D11RHI:      Driver Date: Unknown
[2019.02.19-05.42.21:878][  0]LogRHI: Texture pool is 1407 MB (70% of 2010 MB)
[2019.02.19-05.42.21:983][  0]LogD3D11RHI: Async texture creation enabled
[2019.02.19-05.42.22:007][  0]LogD3D11RHI: GPU Timing Frequency: 1000.000000 (Debug: 2 2)
[2019.02.19-05.42.22:009][  0]LogShaderCompilers: Guid format shader working directory is -29 characters bigger than the processId version (../../../../../../Users/lockw/OneDrive/Documents/Unreal Projects/Illuminate/Intermediate/Shaders/WorkingDirectory/1376/).
[2019.02.19-05.42.22:010][  0]LogShaderCompilers: Cleaned the shader compiler working directory 'C:/Users/lockw/AppData/Local/Temp/UnrealShaderWorkingDir/13419318493EEBD62832DAAEF0AD2F21/'.
[2019.02.19-05.42.22:010][  0]LogShaderCompilers: Display: Using Local Shader Compiler.
[2019.02.19-05.42.25:327][  0]LogTemp: Display: Loaded TP WindowsClientTargetPlatform
[2019.02.19-05.42.25:535][  0]LogTemp: Display: Loaded TP WindowsNoEditorTargetPlatform
[2019.02.19-05.42.25:790][  0]LogTemp: Display: Loaded TP WindowsServerTargetPlatform
[2019.02.19-05.42.26:045][  0]LogTemp: Display: Loaded TP WindowsTargetPlatform
[2019.02.19-05.42.26:045][  0]LogTargetPlatformManager: Display: Building Assets For Windows
[2019.02.19-05.42.28:299][  0]LogDerivedDataCache: Display: Max Cache Size: 512 MB
[2019.02.19-05.42.28:495][  0]LogDerivedDataCache: Loaded boot cache 0.20s 78MB C:/Users/lockw/AppData/Local/UnrealEngine/4.18/DerivedDataCache/Boot.ddc.
[2019.02.19-05.42.28:496][  0]LogDerivedDataCache: Display: Loaded Boot cache: C:/Users/lockw/AppData/Local/UnrealEngine/4.18/DerivedDataCache/Boot.ddc
[2019.02.19-05.42.28:496][  0]LogDerivedDataCache: FDerivedDataBackendGraph:  Pak pak cache file ../../../../../../Users/lockw/OneDrive/Documents/Unreal Projects/Illuminate/DerivedDataCache/DDC.ddp not found, will not use a pak cache.
[2019.02.19-05.42.28:496][  0]LogDerivedDataCache: Unable to find inner node Pak for hierarchical cache Hierarchy.
[2019.02.19-05.42.28:496][  0]LogDerivedDataCache: FDerivedDataBackendGraph:  CompressedPak pak cache file ../../../../../../Users/lockw/OneDrive/Documents/Unreal Projects/Illuminate/DerivedDataCache/Compressed.ddp not found, will not use a pak cache.
[2019.02.19-05.42.28:496][  0]LogDerivedDataCache: Unable to find inner node CompressedPak for hierarchical cache Hierarchy.
[2019.02.19-05.42.28:526][  0]LogDerivedDataCache: Display: Pak cache opened for reading ../../../Engine/DerivedDataCache/Compressed.ddp.
[2019.02.19-05.42.28:539][  0]LogDerivedDataCache: Using Local data cache path C:/Users/lockw/AppData/Local/UnrealEngine/Common/DerivedDataCache: Writable
[2019.02.19-05.42.28:560][  0]LogMaterial: Verifying Global Shaders for PCD3D_SM5
[2019.02.19-05.42.28:561][  0]LogSlate: Using Freetype 2.6.0
[2019.02.19-05.42.28:562][  0]LogSlate: SlateFontCache - WITH_FREETYPE: 1, WITH_HARFBUZZ: 1
[2019.02.19-05.42.28:563][  0]LogSlate: SlateFontCache - WITH_FREETYPE: 1, WITH_HARFBUZZ: 1
[2019.02.19-05.42.29:328][  0]LogAssetRegistry: FAssetRegistry took 0.0122 seconds to start up
[2019.02.19-05.42.29:364][  0]LogPackageLocalizationCache: Processed 7 localized package path(s) for 2 prioritized culture(s) in 0.036160 seconds
[2019.02.19-05.42.29:647][  0]LogInit: Selected Device Profile: [Windows]
[2019.02.19-05.42.31:496][  0]LogSimplygon: Simplygon DLL not present - disabling.
[2019.02.19-05.42.31:775][  0]LogMeshReduction: Using SimplygonSwarm for distributed automatic mesh merging
[2019.02.19-05.42.31:775][  0]LogMeshReduction: Using QuadricMeshReduction for automatic static mesh reduction
[2019.02.19-05.42.31:775][  0]LogMeshReduction: No automatic skeletal mesh reduction module available
[2019.02.19-05.42.31:775][  0]LogMeshReduction: No automatic mesh merging module available
[2019.02.19-05.42.31:775][  0]LogMeshMerging: No automatic mesh merging module available
[2019.02.19-05.42.31:870][  0]LogNetVersion: Illuminate , NetCL: 3709383, EngineNetVer: 2, GameNetVer: 0 (Checksum: 1556659199)
[2019.02.19-05.42.40:849][  0]LogMoviePlayer: Initializing movie player
[2019.02.19-05.42.42:346][  0]LogCollectionManager: Loaded 0 collections in 0.007184 seconds
[2019.02.19-05.42.42:471][  0]LogFileCache: Scanning file cache for directory 'C:/Users/lockw/OneDrive/Documents/Unreal Projects/Illuminate/Saved/Collections/' took 0.01s
[2019.02.19-05.42.42:471][  0]LogFileCache: Scanning file cache for directory 'C:/Users/lockw/OneDrive/Documents/Unreal Projects/Illuminate/Content/Developers/Alex/Collections/' took 0.01s
[2019.02.19-05.42.42:471][  0]LogFileCache: Scanning file cache for directory 'C:/Users/lockw/OneDrive/Documents/Unreal Projects/Illuminate/Content/Collections/' took 0.01s
[2019.02.19-05.42.42:471][  0]LogCollectionManager: Rebuilt the object cache for 0 collections in 0.000000 seconds (found 0 objects)
[2019.02.19-05.42.42:471][  0]LogCollectionManager: Fixed up redirectors for 0 collections in 0.000195 seconds (updated 0 objects)
[2019.02.19-05.42.43:335][  0]LogTcpMessaging: Initializing TcpMessaging bridge
[2019.02.19-05.42.43:479][  0]LogUdpMessaging: Initializing bridge on interface 0.0.0.0:0 to multicast group 230.0.0.1:6666.
[2019.02.19-05.42.45:943][  0]SourceControl: Source control is disabled
[2019.02.19-05.42.45:944][  0]SourceControl: Source control is disabled
[2019.02.19-05.42.46:202][  0]SourceControl: Source control is disabled
[2019.02.19-05.42.47:792][  0]LogAndroidPermission: UAndroidPermissionCallbackProxy::GetInstance
[2019.02.19-05.42.48:980][  0]LogOcInput: OculusInput pre-init called
[2019.02.19-05.42.49:475][  0]LogUObjectArray: 39606 objects as part of root set at end of initial load.
[2019.02.19-05.42.49:475][  0]LogUObjectAllocator: 8683232 out of 0 bytes used by permanent object pool.
[2019.02.19-05.42.49:475][  0]LogUObjectArray: CloseDisregardForGC: 0/0 objects in disregard for GC pool
[2019.02.19-05.42.49:846][  0]LogEngine: Initializing Engine...
[2019.02.19-05.42.49:856][  0]LogHMD: Failed to initialize OpenVR with code 110
[2019.02.19-05.42.50:274][  0]LogStats: UGameplayTagsManager::ConstructGameplayTagTree: Construct from data asset -  0.000 s
[2019.02.19-05.42.50:274][  0]LogStats: UGameplayTagsManager::ConstructGameplayTagTree: GameplayTagTreeChangedEvent.Broadcast -  0.000 s
[2019.02.19-05.42.50:363][  0]LogInit: XAudio2 using 'Speakers (Realtek High Definition Audio)' : 6 channels at 48 kHz using 32 bits per sample (channel mask 0x3f)
[2019.02.19-05.42.50:499][  0]LogInit: FAudioDevice initialized.
[2019.02.19-05.42.50:561][  0]LogInit: Texture streaming: Enabled
[2019.02.19-05.42.50:607][  0]LogMaterial: Uniform references updated for custom material expression Custom.
[2019.02.19-05.42.53:043][  0]LogInit: Display: Game Engine Initialized.
[2019.02.19-05.42.53:043][  0]LogGameplayTags: Display: UGameplayTagsManager::DoneAddingNativeTags. DelegateIsBound: 0
[2019.02.19-05.42.53:773][  0]LogInit: Display: Starting Game.
[2019.02.19-05.42.53:773][  0]LogNet: Browse: 127.0.0.1:17777//Game/Creations/Maps/MainMenu?Name=Player
[2019.02.19-05.42.53:773][  0]LogOnline: Warning: STEAM: Steam API disabled!
[2019.02.19-05.42.53:773][  0]LogOnline: Display: STEAM: OnlineSubsystemSteam::Shutdown()
[2019.02.19-05.42.53:774][  0]LogTemp: Display: ParseSettings for GameNetDriver
[2019.02.19-05.42.53:774][  0]LogTemp: Display: ParseSettings for IpNetDriver_0
[2019.02.19-05.42.53:774][  0]LogTemp: Display: ParseSettings for PendingNetDriver
[2019.02.19-05.42.53:774][  0]LogInit: WinSock: Socket queue 32768 / 32768
[2019.02.19-05.42.53:777][  0]LogInit: WinSock: I am MSI (158.104.227.197:0)
[2019.02.19-05.42.53:777][  0]PacketHandlerLog: Loaded PacketHandler component: Engine.EngineHandlerComponentFactory (StatelessConnectHandlerComponent)
[2019.02.19-05.42.53:778][  0]LogNet: Game client on port 17777, rate 10000
[2019.02.19-05.42.54:636][  0]LogLoad: (Engine Initialization) Total time: 48.63 seconds
[2019.02.19-05.42.54:636][  0]LogLoad: (Engine Initialization) Total Blueprint compile time: 0.00 seconds
[2019.02.19-05.42.54:636][  0]LogExternalProfiler: No external profilers were discovered.  External profiling features will not be available.
[2019.02.19-05.42.54:654][  0]LogHandshake: SendChallengeResponse. Timestamp: 2.624023, Cookie: 057205160171034122123130073209250193012149093166163123077128
[2019.02.19-05.42.54:660][  0]LogContentStreaming: Texture pool size now 1000 MB
[2019.02.19-05.42.54:679][  1]LogNetVersion: Illuminate 1.0.0.0, NetCL: 3709383, EngineNetVer: 2, GameNetVer: 0 (Checksum: 1067519852)
[2019.02.19-05.42.54:679][  1]LogNet: UPendingNetGame::SendInitialJoin: Sending hello. [UNetConnection] RemoteAddr: 127.0.0.1:17777, Name: IpConnection_0, Driver: PendingNetDriver IpNetDriver_0, IsServer: NO, PC: NULL, Owner: NULL
[2019.02.19-05.42.54:837][  3]LogNet: Welcomed by server (Level: /Game/Creations/Maps/MainMenu, Game: /Game/Creations/GInstances/MainGm.MainGm_C)
[2019.02.19-05.42.54:853][  3]LogLoad: LoadMap: 127.0.0.1:17777//Game/Creations/Maps/MainMenu?Name=Player?game=/Game/Creations/GInstances/MainGm.MainGm_C
[2019.02.19-05.42.55:587][  3]LogAIModule: Creating AISystem for world MainMenu
[2019.02.19-05.42.55:587][  3]LogTemp: Display: ParseSettings for GameNetDriver
[2019.02.19-05.42.55:606][  3]LogWorld: Bringing World /Game/Creations/Maps/MainMenu.MainMenu up for play (max tick rate 0) at 2019.02.18-21.42.55
[2019.02.19-05.42.55:606][  3]LogWorld: Bringing up level for play took: 0.000657
[2019.02.19-05.42.55:634][  3]LogLoad: Took 0.780946 seconds to LoadMap(/Game/Creations/Maps/MainMenu)
[2019.02.19-05.42.55:909][  4]LogRenderer: Reallocating scene render targets to support 640x480 Format 10 NumSamples 1 (Frame:1).
[2019.02.19-05.42.56:364][  5]LogOnline: Warning: OSS: No game present to join for session (GameSession)
[2019.02.19-05.42.56:365][  5]LogOnline: Warning: OSS: No game present to join for session (GameSession)
[2019.02.19-05.42.56:366][  5]LogOnline: Warning: OSS: No game present to join for session (GameSession)
[2019.02.19-05.46.45:684][197]LogSlate: Took 0.000399 seconds to synchronously load lazily loaded font '../../../Engine/Content/Slate/Fonts/Roboto-Regular.ttf' (155K)
[2019.02.19-05.46.52:139][593]LogRenderer: Reallocating scene render targets to support 644x480 Format 10 NumSamples 1 (Frame:14593).
[2019.02.19-05.46.52:309][593]LogRenderer: Reallocating scene render targets to support 644x484 Format 10 NumSamples 1 (Frame:14595).
[2019.02.19-05.46.52:458][593]LogRenderer: Reallocating scene render targets to support 648x484 Format 10 NumSamples 1 (Frame:14597).
[2019.02.19-05.46.52:540][593]LogRenderer: Reallocating scene render targets to support 672x504 Format 10 NumSamples 1 (Frame:14598).
[2019.02.19-05.46.52:623][593]LogRenderer: Reallocating scene render targets to support 728x548 Format 10 NumSamples 1 (Frame:14599).
[2019.02.19-05.46.52:736][593]LogRenderer: Reallocating scene render targets to support 744x556 Format 10 NumSamples 1 (Frame:14600).
[2019.02.19-05.46.52:824][593]LogRenderer: Reallocating scene render targets to support 764x572 Format 10 NumSamples 1 (Frame:14601).
[2019.02.19-05.46.52:902][593]LogRenderer: Reallocating scene render targets to support 780x584 Format 10 NumSamples 1 (Frame:14602).
[2019.02.19-05.46.53:001][593]LogRenderer: Reallocating scene render targets to support 800x600 Format 10 NumSamples 1 (Frame:14603).
[2019.02.19-05.46.53:099][593]LogRenderer: Reallocating scene render targets to support 836x624 Format 10 NumSamples 1 (Frame:14604).
[2019.02.19-05.46.53:207][593]LogRenderer: Reallocating scene render targets to support 880x656 Format 10 NumSamples 1 (Frame:14605).
[2019.02.19-05.46.53:465][593]LogRenderer: Reallocating scene render targets to support 912x684 Format 10 NumSamples 1 (Frame:14606).
[2019.02.19-05.46.53:558][593]LogRenderer: Reallocating scene render targets to support 948x712 Format 10 NumSamples 1 (Frame:14607).
[2019.02.19-05.46.55:005][593]LogRenderer: Reallocating scene render targets to support 640x480 Format 10 NumSamples 1 (Frame:14608).
[2019.02.19-05.46.55:091][593]LogRenderer: Reallocating scene render targets to support 652x488 Format 10 NumSamples 1 (Frame:14609).
[2019.02.19-05.46.55:163][593]LogRenderer: Reallocating scene render targets to support 676x508 Format 10 NumSamples 1 (Frame:14610).
[2019.02.19-05.46.55:245][593]LogRenderer: Reallocating scene render targets to support 724x540 Format 10 NumSamples 1 (Frame:14611).
[2019.02.19-05.46.55:365][593]LogRenderer: Reallocating scene render targets to support 788x592 Format 10 NumSamples 1 (Frame:14612).
[2019.02.19-05.46.55:432][593]LogRenderer: Reallocating scene render targets to support 800x596 Format 10 NumSamples 1 (Frame:14613).
[2019.02.19-05.46.56:419][593]LogRenderer: Reallocating scene render targets to support 448x336 Format 10 NumSamples 1 (Frame:14614).
[2019.02.19-05.46.56:506][593]LogRenderer: Reallocating scene render targets to support 508x380 Format 10 NumSamples 1 (Frame:14615).
[2019.02.19-05.46.56:618][593]LogRenderer: Reallocating scene render targets to support 744x556 Format 10 NumSamples 1 (Frame:14616).
[2019.02.19-05.46.56:683][593]LogRenderer: Reallocating scene render targets to support 836x624 Format 10 NumSamples 1 (Frame:14617).
[2019.02.19-05.46.56:770][593]LogRenderer: Reallocating scene render targets to support 924x692 Format 10 NumSamples 1 (Frame:14618).
[2019.02.19-05.46.56:888][593]LogRenderer: Reallocating scene render targets to support 984x736 Format 10 NumSamples 1 (Frame:14619).
[2019.02.19-05.46.56:985][593]LogRenderer: Reallocating scene render targets to support 1060x792 Format 10 NumSamples 1 (Frame:14620).
[2019.02.19-05.46.57:084][593]LogRenderer: Reallocating scene render targets to support 1092x820 Format 10 NumSamples 1 (Frame:14621).
[2019.02.19-05.46.57:173][593]LogRenderer: Reallocating scene render targets to support 1120x840 Format 10 NumSamples 1 (Frame:14622).
[2019.02.19-05.46.57:258][593]LogRenderer: Reallocating scene render targets to support 1136x848 Format 10 NumSamples 1 (Frame:14623).
[2019.02.19-05.46.57:368][593]LogRenderer: Reallocating scene render targets to support 1140x856 Format 10 NumSamples 1 (Frame:14624).
[2019.02.19-05.46.59:051][593]LogRenderer: Reallocating scene render targets to support 400x300 Format 10 NumSamples 1 (Frame:14625).
[2019.02.19-05.46.59:121][593]LogRenderer: Reallocating scene render targets to support 408x308 Format 10 NumSamples 1 (Frame:14626).
[2019.02.19-05.46.59:184][593]LogRenderer: Reallocating scene render targets to support 436x324 Format 10 NumSamples 1 (Frame:14627).
[2019.02.19-05.46.59:262][593]LogRenderer: Reallocating scene render targets to support 436x328 Format 10 NumSamples 1 (Frame:14628).
[2019.02.19-05.46.59:330][593]LogNet: UNetDriver::TickDispatch: Very long time between ticks. DeltaTime: 0.02, Realtime: 7.27. IpNetDriver_0
[2019.02.19-05.46.59:335][594]LogNet: UNetDriver::TickDispatch: Very long time between ticks. DeltaTime: 7.25, Realtime: 0.01. IpNetDriver_0
[2019.02.19-05.47.15:927][510]LogRenderer: Reallocating scene render targets to support 440x328 Format 10 NumSamples 1 (Frame:15547).
[2019.02.19-05.47.15:990][510]LogRenderer: Reallocating scene render targets to support 444x332 Format 10 NumSamples 1 (Frame:15548).
[2019.02.19-05.47.16:055][510]LogRenderer: Reallocating scene render targets to support 476x356 Format 10 NumSamples 1 (Frame:15549).
[2019.02.19-05.47.16:131][510]LogRenderer: Reallocating scene render targets to support 520x388 Format 10 NumSamples 1 (Frame:15550).
[2019.02.19-05.47.16:202][510]LogRenderer: Reallocating scene render targets to support 556x416 Format 10 NumSamples 1 (Frame:15551).
[2019.02.19-05.47.16:274][510]LogRenderer: Reallocating scene render targets to support 604x452 Format 10 NumSamples 1 (Frame:15552).
[2019.02.19-05.47.16:356][510]LogRenderer: Reallocating scene render targets to support 656x492 Format 10 NumSamples 1 (Frame:15553).
[2019.02.19-05.47.16:430][510]LogRenderer: Reallocating scene render targets to support 700x524 Format 10 NumSamples 1 (Frame:15554).
[2019.02.19-05.47.16:530][510]LogRenderer: Reallocating scene render targets to support 788x592 Format 10 NumSamples 1 (Frame:15555).
[2019.02.19-05.47.16:611][510]LogRenderer: Reallocating scene render targets to support 828x620 Format 10 NumSamples 1 (Frame:15556).
[2019.02.19-05.47.16:701][510]LogRenderer: Reallocating scene render targets to support 840x628 Format 10 NumSamples 1 (Frame:15557).
[2019.02.19-05.47.16:982][510]LogRenderer: Reallocating scene render targets to support 852x636 Format 10 NumSamples 1 (Frame:15559).
[2019.02.19-05.47.17:196][510]LogRenderer: Reallocating scene render targets to support 880x656 Format 10 NumSamples 1 (Frame:15560).
[2019.02.19-05.47.20:659][671]LogPackageName: SearchForPackageOnDisk took   0.692s to resolve MultiplayerLobby.umap.
[2019.02.19-05.47.21:364][671]LogPackageName: SearchForPackageOnDisk took   0.695s to resolve MultiplayerLobby.umap.
[2019.02.19-05.47.21:364][671]LogNet: Browse: /Game/Creations/Maps/MultiplayerLobby?listen
[2019.02.19-05.47.21:365][671]LogLoad: LoadMap: /Game/Creations/Maps/MultiplayerLobby?listen
[2019.02.19-05.47.21:365][671]LogNet: World NetDriver shutdown IpNetDriver_0 [GameNetDriver]
[2019.02.19-05.47.21:365][671]LogNet: DestroyNamedNetDriver IpNetDriver_0 [GameNetDriver]
[2019.02.19-05.47.21:365][671]LogNet: UNetConnection::Close: [UNetConnection] RemoteAddr: 127.0.0.1:17777, Name: IpConnection_0, Driver: GameNetDriver IpNetDriver_0, IsServer: NO, PC: mainPC_C_0, Owner: mainPC_C_0, Channels: 11, Time: 2019.02.19-05.47.21
[2019.02.19-05.47.21:365][671]LogNet: UChannel::Close: Sending CloseBunch. ChIndex == 0. Name: [UChannel] ChIndex: 0, Closing: 0 [UNetConnection] RemoteAddr: 127.0.0.1:17777, Name: IpConnection_0, Driver: GameNetDriver IpNetDriver_0, IsServer: NO, PC: mainPC_C_0, Owner: mainPC_C_0
[2019.02.19-05.47.21:365][671]LogExit: GameNetDriver IpNetDriver_0 shut down
[2019.02.19-05.47.21:458][671]LogAIModule: Creating AISystem for world MultiplayerLobby
[2019.02.19-05.47.21:458][671]LogLoad: Game class is 'MainGm_C'
[2019.02.19-05.47.21:458][671]LogOnline: Warning: STEAM: Steam API disabled!
[2019.02.19-05.47.21:458][671]LogOnline: Display: STEAM: OnlineSubsystemSteam::Shutdown()
[2019.02.19-05.47.21:458][671]LogTemp: Display: ParseSettings for GameNetDriver
[2019.02.19-05.47.21:459][671]LogTemp: Display: ParseSettings for IpNetDriver_1
[2019.02.19-05.47.21:459][671]LogTemp: Display: ParseSettings for GameNetDriver
[2019.02.19-05.47.21:459][671]LogInit: WinSock: Socket queue 131072 / 131072
[2019.02.19-05.47.21:460][671]PacketHandlerLog: Loaded PacketHandler component: Engine.EngineHandlerComponentFactory (StatelessConnectHandlerComponent)
[2019.02.19-05.47.21:460][671]LogNet: GameNetDriver IpNetDriver_1 IpNetDriver listening on port 7777
[2019.02.19-05.47.21:462][671]LogWorld: Bringing World /Game/Creations/Maps/MultiplayerLobby.MultiplayerLobby up for play (max tick rate 0) at 2019.02.18-21.47.21
[2019.02.19-05.47.21:463][671]LogWorld: Bringing up level for play took: 0.001386
[2019.02.19-05.47.21:464][671]LogGameMode: FindPlayerStart: PATHS NOT DEFINED or NO PLAYERSTART with positive rating
[2019.02.19-05.47.21:478][671]LogLoad: Took 0.113547 seconds to LoadMap(/Game/Creations/Maps/MultiplayerLobby)
[2019.02.19-05.47.23:964][823]LogScriptCore: Warning: Script Msg: Attempted to access index 0 from array 'SelectedAbilities' of length 0 in '/Game/Creations/Other/testTwinstickPawn.testTwinstickPawn_C'!
[2019.02.19-05.47.23:964][823]LogScript: Warning: Accessed None trying to read Class from property CallFunc_Array_Get_Item2
	testTwinstickPawn_C /Game/Creations/Maps/MultiplayerLobby.MultiplayerLobby:PersistentLevel.testTwinstickPawn_C_0
	Function /Game/Creations/Other/testTwinstickPawn.testTwinstickPawn_C:FireShot:0150
[2019.02.19-05.47.23:964][823]LogScript: Warning: Script call stack:
	Function /Game/Creations/Other/testTwinstickPawn.testTwinstickPawn_C:ReceiveTick
	Function /Game/Creations/Other/testTwinstickPawn.testTwinstickPawn_C:ExecuteUbergraph_testTwinstickPawn
	Function /Game/Creations/Other/testTwinstickPawn.testTwinstickPawn_C:FireShot

[2019.02.19-05.47.23:978][824]LogScriptCore: Warning: Script Msg: Attempted to access index 0 from array 'SelectedAbilities' of length 0 in '/Game/Creations/Other/testTwinstickPawn.testTwinstickPawn_C'!
[2019.02.19-05.47.23:978][824]LogScript: Warning: Accessed None trying to read Class from property CallFunc_Array_Get_Item2
	testTwinstickPawn_C /Game/Creations/Maps/MultiplayerLobby.MultiplayerLobby:PersistentLevel.testTwinstickPawn_C_0
	Function /Game/Creations/Other/testTwinstickPawn.testTwinstickPawn_C:FireShot:0150
[2019.02.19-05.47.23:978][824]LogScript: Warning: Script call stack:
	Function /Game/Creations/Other/testTwinstickPawn.testTwinstickPawn_C:ReceiveTick
	Function /Game/Creations/Other/testTwinstickPawn.testTwinstickPawn_C:ExecuteUbergraph_testTwinstickPawn
	Function /Game/Creations/Other/testTwinstickPawn.testTwinstickPawn_C:FireShot

[2019.02.19-05.47.23:997][825]LogScriptCore: Warning: Script Msg: Attempted to access index 0 from array 'SelectedAbilities' of length 0 in '/Game/Creations/Other/testTwinstickPawn.testTwinstickPawn_C'!
[2019.02.19-05.47.23:997][825]LogScript: Warning: Accessed None trying to read Class from property CallFunc_Array_Get_Item2
	testTwinstickPawn_C /Game/Creations/Maps/MultiplayerLobby.MultiplayerLobby:PersistentLevel.testTwinstickPawn_C_0
	Function /Game/Creations/Other/testTwinstickPawn.testTwinstickPawn_C:FireShot:0150
[2019.02.19-05.47.23:997][825]LogScript: Warning: Script call stack:
	Function /Game/Creations/Other/testTwinstickPawn.testTwinstickPawn_C:ReceiveTick
	Function /Game/Creations/Other/testTwinstickPawn.testTwinstickPawn_C:ExecuteUbergraph_testTwinstickPawn
	Function /Game/Creations/Other/testTwinstickPawn.testTwinstickPawn_C:FireShot

[2019.02.19-05.47.24:013][826]LogScriptCore: Warning: Script Msg: Attempted to access index 0 from array 'SelectedAbilities' of length 0 in '/Game/Creations/Other/testTwinstickPawn.testTwinstickPawn_C'!
[2019.02.19-05.47.24:013][826]LogScript: Warning: Accessed None trying to read Class from property CallFunc_Array_Get_Item2
	testTwinstickPawn_C /Game/Creations/Maps/MultiplayerLobby.MultiplayerLobby:PersistentLevel.testTwinstickPawn_C_0
	Function /Game/Creations/Other/testTwinstickPawn.testTwinstickPawn_C:FireShot:0150
[2019.02.19-05.47.24:013][826]LogScript: Warning: Script call stack:
	Function /Game/Creations/Other/testTwinstickPawn.testTwinstickPawn_C:ReceiveTick
	Function /Game/Creations/Other/testTwinstickPawn.testTwinstickPawn_C:ExecuteUbergraph_testTwinstickPawn
	Function /Game/Creations/Other/testTwinstickPawn.testTwinstickPawn_C:FireShot

[2019.02.19-05.47.54:927][728]LogNet: NotifyAcceptingConnection accepted from: 158.104.227.197:53932
[2019.02.19-05.47.54:927][728]LogHandshake: SendConnectChallenge. Timestamp: 35.111488, Cookie: 066249008228016093218188196083161149231174055045036067181101
[2019.02.19-05.47.54:943][729]LogNet: NotifyAcceptingConnection accepted from: 158.104.227.197:53932
[2019.02.19-05.47.54:943][729]LogHandshake: SendChallengeAck. InCookie: 066249008228016093218188196083161149231174055045036067181101
[2019.02.19-05.47.54:944][729]LogNet: Server accepting post-challenge connection from: 158.104.227.197:53932
[2019.02.19-05.47.54:944][729]PacketHandlerLog: Loaded PacketHandler component: Engine.EngineHandlerComponentFactory (StatelessConnectHandlerComponent)
[2019.02.19-05.47.54:944][729]LogNet: NotifyAcceptedConnection: Name: MultiplayerLobby, TimeStamp: 02/18/19 21:47:54, [UNetConnection] RemoteAddr: 158.104.227.197:53932, Name: IpConnection_1, Driver: GameNetDriver IpNetDriver_1, IsServer: YES, PC: NULL, Owner: NULL
[2019.02.19-05.47.54:944][729]LogNet: AddClientConnection: Added client connection: [UNetConnection] RemoteAddr: 158.104.227.197:53932, Name: IpConnection_1, Driver: GameNetDriver IpNetDriver_1, IsServer: YES, PC: NULL, Owner: NULL
[2019.02.19-05.47.54:959][730]LogNet: NotifyAcceptingChannel Control 0 server World /Game/Creations/Maps/MultiplayerLobby.MultiplayerLobby: Accepted
[2019.02.19-05.47.54:959][730]LogNet: Remote platform little endian=1
[2019.02.19-05.47.54:960][730]LogNet: This platform little endian=1
[2019.02.19-05.47.54:976][731]LogNet: Login request: /Game/Creations/Maps/MainMenu?Name=MSI-027E5DAF477F11B2AF40CD98D4F5E510 userId: MSI-027E5DAF477F11B2AF40CD98D4F5E510
[2019.02.19-05.47.54:992][732]LogNet: Client netspeed is 10000
[2019.02.19-05.47.55:024][734]LogNet: Join request: /Game/Creations/Maps/MainMenu?Name=MSI-027E5DAF477F11B2AF40CD98D4F5E510?SplitscreenCount=1
[2019.02.19-05.47.55:025][734]LogGameMode: FindPlayerStart: PATHS NOT DEFINED or NO PLAYERSTART with positive rating
[2019.02.19-05.47.55:028][734]LogSpawn: Warning: SpawnActor failed because of collision at the spawn location [X=7.294 Y=-58.682 Z=200.000] for [testTwinstickPawn_C]
[2019.02.19-05.47.55:028][734]LogGameMode: Warning: SpawnDefaultPawnAtTransform: Couldn't spawn Pawn of type testTwinstickPawn_C at Rotation: Pitch 0.000000 Yaw 0.000000 Roll 0.000000
Translation: 0.000000 0.000000 0.000000
Scale3D: 1.000000 1.000000 1.000000

[2019.02.19-05.47.55:028][734]LogNet: Join succeeded: MSI-027E5DAF477F11B2
[2019.02.19-05.47.55:073][737]LogNetPackageMap: Warning: FNetGUIDCache::SupportsObject: MultiplayerLobbyWidget_C /Engine/Transient.GameEngine_0:MainInstance_C_0.MultiplayerLobbyWidget_C_0 NOT Supported.
[2019.02.19-05.48.03:159][204]LogRenderer: Reallocating scene render targets to support 1920x1020 Format 10 NumSamples 1 (Frame:2536).
[2019.02.19-05.48.05:324][280]LogPackageName: SearchForPackageOnDisk took   0.669s to resolve TestMap.
[2019.02.19-05.48.05:454][280]LogGameMode: ProcessServerTravel: /Game/Creations/Maps/TestMap
[2019.02.19-05.48.05:489][283]LogNet: UChannel::ReceivedSequencedBunch: Bunch.bClose == true. ChIndex == 0. Calling ConditionalCleanUp.
[2019.02.19-05.48.05:489][283]LogNet: UChannel::CleanUp: ChIndex == 0. Closing connection. [UChannel] ChIndex: 0, Closing: 0 [UNetConnection] RemoteAddr: 158.104.227.197:53932, Name: IpConnection_1, Driver: GameNetDriver IpNetDriver_1, IsServer: YES, PC: mainPC_C_1, Owner: mainPC_C_1
[2019.02.19-05.48.05:489][283]LogNet: UNetConnection::Close: [UNetConnection] RemoteAddr: 158.104.227.197:53932, Name: IpConnection_1, Driver: GameNetDriver IpNetDriver_1, IsServer: YES, PC: mainPC_C_1, Owner: mainPC_C_1, Channels: 10, Time: 2019.02.19-05.48.05
[2019.02.19-05.48.05:490][283]LogNet: UChannel::Close: Sending CloseBunch. ChIndex == 0. Name: [UChannel] ChIndex: 0, Closing: 0 [UNetConnection] RemoteAddr: 158.104.227.197:53932, Name: IpConnection_1, Driver: GameNetDriver IpNetDriver_1, IsServer: YES, PC: mainPC_C_1, Owner: mainPC_C_1
[2019.02.19-05.48.05:490][283]LogNet: NotifyAcceptingConnection: Server MultiplayerLobby refused
[2019.02.19-05.48.06:506][345]LogNet: NotifyAcceptingConnection: Server MultiplayerLobby refused
[2019.02.19-05.48.07:519][407]LogNet: NotifyAcceptingConnection: Server MultiplayerLobby refused
[2019.02.19-05.48.08:449][464]LogEngine: Server switch level: /Game/Creations/Maps/TestMap
[2019.02.19-05.48.08:449][464]LogNet: Browse: /Game/Creations/Maps/TestMap?listen
[2019.02.19-05.48.08:449][464]LogLoad: LoadMap: /Game/Creations/Maps/TestMap?listen
[2019.02.19-05.48.08:450][464]LogNet: World NetDriver shutdown IpNetDriver_1 [GameNetDriver]
[2019.02.19-05.48.08:450][464]LogNet: DestroyNamedNetDriver IpNetDriver_1 [GameNetDriver]
[2019.02.19-05.48.08:450][464]LogExit: GameNetDriver IpNetDriver_1 shut down
[2019.02.19-05.48.17:234][464]LogAIModule: Creating AISystem for world TestMap
[2019.02.19-05.48.17:234][464]LogLoad: Game class is 'MainGm_C'
[2019.02.19-05.48.17:235][464]LogOnline: Warning: STEAM: Steam API disabled!
[2019.02.19-05.48.17:235][464]LogOnline: Display: STEAM: OnlineSubsystemSteam::Shutdown()
[2019.02.19-05.48.17:235][464]LogTemp: Display: ParseSettings for GameNetDriver
[2019.02.19-05.48.17:235][464]LogTemp: Display: ParseSettings for IpNetDriver_2
[2019.02.19-05.48.17:235][464]LogTemp: Display: ParseSettings for GameNetDriver
[2019.02.19-05.48.17:236][464]LogInit: WinSock: Socket queue 131072 / 131072
[2019.02.19-05.48.17:236][464]PacketHandlerLog: Loaded PacketHandler component: Engine.EngineHandlerComponentFactory (StatelessConnectHandlerComponent)
[2019.02.19-05.48.17:236][464]LogNet: GameNetDriver IpNetDriver_2 IpNetDriver listening on port 7777
[2019.02.19-05.48.17:279][464]LogWorld: Bringing World /Game/Creations/Maps/TestMap.TestMap up for play (max tick rate 0) at 2019.02.18-21.48.17
[2019.02.19-05.48.17:280][464]LogWorld: Bringing up level for play took: 0.042543
[2019.02.19-05.48.17:303][464]LogScript: Warning: Accessed None trying to read property MainMenuWidget
	TestMap_C /Game/Creations/Maps/TestMap.TestMap:PersistentLevel.TestMap_C_1
	Function /Game/Creations/Maps/TestMap.TestMap_C:ExecuteUbergraph_TestMap:0A94
[2019.02.19-05.48.17:303][464]LogScript: Warning: Script call stack:
	Function /Game/Creations/Maps/TestMap.TestMap_C:ReceiveBeginPlay
	Function /Game/Creations/Maps/TestMap.TestMap_C:ExecuteUbergraph_TestMap

[2019.02.19-05.48.17:303][464]LogBlueprintUserMessages: [MainGm_C_0] call to start main game
[2019.02.19-05.48.17:317][464]LogLoad: Took 8.867385 seconds to LoadMap(/Game/Creations/Maps/TestMap)
[2019.02.19-05.48.17:323][465]LogNet: UNetDriver::TickDispatch: Very long time between ticks. DeltaTime: 8.87, Realtime: 0.01. IpNetDriver_2
[2019.02.19-05.48.17:541][474]LogNet: NotifyAcceptingConnection accepted from: 158.104.227.197:53938
[2019.02.19-05.48.17:541][474]LogHandshake: SendConnectChallenge. Timestamp: 9.108395, Cookie: 247186119188128042013047215074000253002111143033112014127073
[2019.02.19-05.48.17:636][479]LogNet: NotifyAcceptingConnection accepted from: 158.104.227.197:53938
[2019.02.19-05.48.17:636][479]LogHandshake: SendChallengeAck. InCookie: 247186119188128042013047215074000253002111143033112014127073
[2019.02.19-05.48.17:637][479]LogNet: Server accepting post-challenge connection from: 158.104.227.197:53938
[2019.02.19-05.48.17:637][479]PacketHandlerLog: Loaded PacketHandler component: Engine.EngineHandlerComponentFactory (StatelessConnectHandlerComponent)
[2019.02.19-05.48.17:637][479]LogNet: NotifyAcceptedConnection: Name: TestMap, TimeStamp: 02/18/19 21:48:17, [UNetConnection] RemoteAddr: 158.104.227.197:53938, Name: IpConnection_2, Driver: GameNetDriver IpNetDriver_2, IsServer: YES, PC: NULL, Owner: NULL
[2019.02.19-05.48.17:637][479]LogNet: AddClientConnection: Added client connection: [UNetConnection] RemoteAddr: 158.104.227.197:53938, Name: IpConnection_2, Driver: GameNetDriver IpNetDriver_2, IsServer: YES, PC: NULL, Owner: NULL
[2019.02.19-05.48.17:653][480]LogNet: NotifyAcceptingChannel Control 0 server World /Game/Creations/Maps/TestMap.TestMap: Accepted
[2019.02.19-05.48.17:653][480]LogNet: Remote platform little endian=1
[2019.02.19-05.48.17:653][480]LogNet: This platform little endian=1
[2019.02.19-05.48.17:690][482]LogNet: Login request: /Game/Creations/Maps/TestMap?game=/Game/Creations/GInstances/MainGm.MainGm_C?Name=MSI-027E5DAF477F11B2AF40CD98D4F5E510 userId: MSI-027E5DAF477F11B2AF40CD98D4F5E510
[2019.02.19-05.48.17:739][485]LogNet: Client netspeed is 10000
[2019.02.19-05.48.20:188][635]LogNet: Join request: /Game/Creations/Maps/TestMap?game=/Game/Creations/GInstances/MainGm.MainGm_C?Name=MSI-027E5DAF477F11B2AF40CD98D4F5E510?SplitscreenCount=1
[2019.02.19-05.48.20:191][635]LogNet: Join succeeded: MSI-027E5DAF477F11B2
[2019.02.19-05.49.03:668][667]LogEngine: All Windows Closed
[2019.02.19-05.49.03:668][667]LogWindows: FPlatformMisc::RequestExit(0)
[2019.02.19-05.49.03:771][668]LogNet: World NetDriver shutdown IpNetDriver_2 [GameNetDriver]
[2019.02.19-05.49.03:771][668]LogNet: DestroyNamedNetDriver IpNetDriver_2 [GameNetDriver]
[2019.02.19-05.49.03:777][668]LogNet: UNetConnection::Cleanup: Closing open connection. [UNetConnection] RemoteAddr: 158.104.227.197:53938, Name: IpConnection_2, Driver: GameNetDriver IpNetDriver_2, IsServer: YES, PC: mainPC_C_1, Owner: mainPC_C_1
[2019.02.19-05.49.03:777][668]LogNet: UNetConnection::Close: [UNetConnection] RemoteAddr: 158.104.227.197:53938, Name: IpConnection_2, Driver: GameNetDriver IpNetDriver_2, IsServer: YES, PC: mainPC_C_1, Owner: mainPC_C_1, Channels: 15, Time: 2019.02.19-05.49.03
[2019.02.19-05.49.03:777][668]LogNet: UChannel::Close: Sending CloseBunch. ChIndex == 0. Name: [UChannel] ChIndex: 0, Closing: 0 [UNetConnection] RemoteAddr: 158.104.227.197:53938, Name: IpConnection_2, Driver: GameNetDriver IpNetDriver_2, IsServer: YES, PC: mainPC_C_1, Owner: mainPC_C_1
[2019.02.19-05.49.03:778][668]LogExit: GameNetDriver IpNetDriver_2 shut down
[2019.02.19-05.49.04:128][668]LogExit: Preparing to exit.
[2019.02.19-05.49.04:154][668]LogMoviePlayer: Shutting down movie player
[2019.02.19-05.49.05:067][668]LogExit: Game engine shut down
[2019.02.19-05.49.06:195][668]LogExit: Object subsystem successfully closed.
[2019.02.19-05.49.06:464][668]LogD3D11RHI: Shutdown
[2019.02.19-05.49.06:474][668]LogD3D11RHI: CleanupD3DDevice
[2019.02.19-05.49.06:501][668]LogD3D11RHI: ~FD3D11DynamicRHI
[2019.02.19-05.49.06:936][668]LogModuleManager: Shutting down and abandoning module Voice (322)
[2019.02.19-05.49.06:936][668]LogModuleManager: Shutting down and abandoning module AIModule (318)
[2019.02.19-05.49.06:943][668]LogModuleManager: Shutting down and abandoning module GameplayDebugger (317)
[2019.02.19-05.49.06:970][668]LogModuleManager: Shutting down and abandoning module AITestSuite (315)
[2019.02.19-05.49.06:982][668]LogModuleManager: Shutting down and abandoning module SequenceRecorderSections (312)
[2019.02.19-05.49.06:994][668]LogModuleManager: Shutting down and abandoning module SequenceRecorder (310)
[2019.02.19-05.49.07:003][668]LogModuleManager: Shutting down and abandoning module AutomationController (308)
[2019.02.19-05.49.07:017][668]LogModuleManager: Shutting down and abandoning module AutomationWorker (306)
[2019.02.19-05.49.07:029][668]LogModuleManager: Shutting down and abandoning module WmfMediaFactory (304)
[2019.02.19-05.49.07:029][668]LogModuleManager: Shutting down and abandoning module OpenExrWrapper (302)
[2019.02.19-05.49.07:029][668]LogModuleManager: Shutting down and abandoning module ImgMediaFactory (300)
[2019.02.19-05.49.07:029][668]LogModuleManager: Shutting down and abandoning module AvfMediaFactory (298)
[2019.02.19-05.49.07:029][668]LogModuleManager: Shutting down and abandoning module CharacterAI (296)
[2019.02.19-05.49.07:029][668]LogModuleManager: Shutting down and abandoning module SessionServices (294)
[2019.02.19-05.49.07:029][668]LogModuleManager: Shutting down and abandoning module MovieSceneCapture (292)
[2019.02.19-05.49.07:029][668]LogModuleManager: Shutting down and abandoning module MovieSceneTracks (290)
[2019.02.19-05.49.07:029][668]LogModuleManager: Shutting down and abandoning module MovieScene (288)
[2019.02.19-05.49.07:029][668]LogModuleManager: Shutting down and abandoning module GeometryCache (286)
[2019.02.19-05.49.07:036][668]LogModuleManager: Shutting down and abandoning module GeometryCacheEd (285)
[2019.02.19-05.49.07:036][668]LogModuleManager: Shutting down and abandoning module StreamingPauseRendering (282)
[2019.02.19-05.49.07:036][668]LogModuleManager: Shutting down and abandoning module PortalServices (280)
[2019.02.19-05.49.07:037][668]LogModuleManager: Shutting down and abandoning module PortalRpc (278)
[2019.02.19-05.49.07:037][668]LogModuleManager: Shutting down and abandoning module MessagingRpc (276)
[2019.02.19-05.49.07:037][668]LogModuleManager: Shutting down and abandoning module ProfilerService (274)
[2019.02.19-05.49.07:137][668]LogModuleManager: Shutting down and abandoning module TaskGraph (272)
[2019.02.19-05.49.07:175][668]LogModuleManager: Shutting down and abandoning module SteamVRController (270)
[2019.02.19-05.49.07:175][668]LogModuleManager: Shutting down and abandoning module ProceduralMeshComponent (268)
[2019.02.19-05.49.07:181][668]LogModuleManager: Shutting down and abandoning module OculusInput (266)
[2019.02.19-05.49.07:192][668]LogModuleManager: Shutting down and abandoning module MobilePatchingUtils (264)
[2019.02.19-05.49.07:192][668]LogModuleManager: Shutting down and abandoning module CustomMeshComponent (262)
[2019.02.19-05.49.07:192][668]LogModuleManager: Shutting down and abandoning module CableComponent (260)
[2019.02.19-05.49.07:202][668]LogModuleManager: Shutting down and abandoning module ArchVisCharacter (258)
[2019.02.19-05.49.07:203][668]LogModuleManager: Shutting down and abandoning module AndroidPermission (256)
[2019.02.19-05.49.07:203][668]LogModuleManager: Shutting down and abandoning module ActorSequence (254)
[2019.02.19-05.49.07:203][668]LogModuleManager: Shutting down and abandoning module MediaCompositing (252)
[2019.02.19-05.49.07:204][668]LogModuleManager: Shutting down and abandoning module HTML5Networking (250)
[2019.02.19-05.49.07:204][668]LogModuleManager: Shutting down and abandoning module VisualStudioSourceCodeAccess (248)
[2019.02.19-05.49.07:204][668]LogModuleManager: Shutting down and abandoning module HotReload (247)
[2019.02.19-05.49.07:212][668]LogDirectoryWatcher: A directory notification for 'C:/Users/lockw/OneDrive/Documents/Unreal Projects/Illuminate/Plugins/AdvancedSessions/AdvancedSessions/Binaries/Win64' was aborted.
[2019.02.19-05.49.07:213][668]LogDirectoryWatcher: A directory notification for 'C:/Users/lockw/OneDrive/Documents/Unreal Projects/Illuminate/Plugins/AdvancedSessions/AdvancedSteamSessions/Binaries/Win64' was aborted.
[2019.02.19-05.49.07:214][668]LogModuleManager: Shutting down and abandoning module VisualStudioCodeSourceCodeAccess (244)
[2019.02.19-05.49.07:215][668]LogModuleManager: Shutting down and abandoning module UObjectPlugin (242)
[2019.02.19-05.49.07:215][668]LogModuleManager: Shutting down and abandoning module SubversionSourceControl (240)
[2019.02.19-05.49.07:222][668]LogModuleManager: Shutting down and abandoning module PerforceSourceControl (238)
[2019.02.19-05.49.07:232][668]LogModuleManager: Shutting down and abandoning module SourceControl (237)
[2019.02.19-05.49.07:232][668]LogModuleManager: Shutting down and abandoning module AdvancedSteamSessions (234)
[2019.02.19-05.49.07:232][668]LogModuleManager: Shutting down and abandoning module AdvancedSessions (232)
[2019.02.19-05.49.07:232][668]LogModuleManager: Shutting down and abandoning module RuntimePhysXCooking (230)
[2019.02.19-05.49.07:232][668]LogModuleManager: Shutting down and abandoning module PhysXVehiclesEditor (228)
[2019.02.19-05.49.07:232][668]LogModuleManager: Shutting down and abandoning module PhysXVehicles (226)
[2019.02.19-05.49.07:232][668]LogModuleManager: Shutting down and abandoning module LocationServicesBPLibrary (224)
[2019.02.19-05.49.07:233][668]LogModuleManager: Shutting down and abandoning module ImmediatePhysicsEditor (222)
[2019.02.19-05.49.07:233][668]LogModuleManager: Shutting down and abandoning module ImmediatePhysics (220)
[2019.02.19-05.49.07:242][668]LogModuleManager: Shutting down and abandoning module UdpMessaging (218)
[2019.02.19-05.49.07:356][668]LogModuleManager: Shutting down and abandoning module TcpMessaging (216)
[2019.02.19-05.49.07:477][668]LogModuleManager: Shutting down and abandoning module GameplayTagsEditor (214)
[2019.02.19-05.49.07:497][668]LogModuleManager: Shutting down and abandoning module FacialAnimation (212)
[2019.02.19-05.49.07:497][668]LogModuleManager: Shutting down and abandoning module AssetManagerEditor (210)
[2019.02.19-05.49.07:509][668]LogModuleManager: Shutting down and abandoning module GraphEditor (209)
[2019.02.19-05.49.07:510][668]LogModuleManager: Shutting down and abandoning module ContentBrowser (207)
[2019.02.19-05.49.07:528][668]LogModuleManager: Shutting down and abandoning module CollectionManager (206)
[2019.02.19-05.49.07:542][668]LogDirectoryWatcher: A directory notification for 'C:/Users/lockw/OneDrive/Documents/Unreal Projects/Illuminate/Content/Collections/' was aborted.
[2019.02.19-05.49.07:543][668]LogDirectoryWatcher: A directory notification for 'C:/Users/lockw/OneDrive/Documents/Unreal Projects/Illuminate/Content/Developers/Alex/Collections/' was aborted.
[2019.02.19-05.49.07:543][668]LogDirectoryWatcher: A directory notification for 'C:/Users/lockw/OneDrive/Documents/Unreal Projects/Illuminate/Saved/Collections/' was aborted.
[2019.02.19-05.49.07:544][668]LogModuleManager: Shutting down and abandoning module DirectoryWatcher (205)
[2019.02.19-05.49.07:544][668]LogModuleManager: Shutting down and abandoning module LightPropagationVolumeRuntime (200)
[2019.02.19-05.49.07:545][668]LogModuleManager: Shutting down and abandoning module Paper2D (198)
[2019.02.19-05.49.07:545][668]LogModuleManager: Shutting down and abandoning module WindowsMoviePlayer (196)
[2019.02.19-05.49.07:551][668]LogModuleManager: Shutting down and abandoning module WmfMedia (194)
[2019.02.19-05.49.07:561][668]LogModuleManager: Shutting down and abandoning module ImgMedia (192)
[2019.02.19-05.49.07:561][668]LogModuleManager: Shutting down and abandoning module PacketHandler (190)
[2019.02.19-05.49.07:561][668]LogModuleManager: Shutting down and abandoning module ClothingSystemEditor (188)
[2019.02.19-05.49.07:561][668]LogModuleManager: Shutting down and abandoning module ClothingSystemRuntime (186)
[2019.02.19-05.49.07:573][668]LogModuleManager: Shutting down and abandoning module MediaAssets (184)
[2019.02.19-05.49.07:573][668]LogModuleManager: Shutting down and abandoning module Media (183)
[2019.02.19-05.49.07:579][668]LogModuleManager: Shutting down and abandoning module Overlay (180)
[2019.02.19-05.49.07:580][668]LogModuleManager: Shutting down and abandoning module OverlayEditor (179)
[2019.02.19-05.49.07:580][668]LogModuleManager: Shutting down and abandoning module VREditor (176)
[2019.02.19-05.49.07:589][668]LogModuleManager: Shutting down and abandoning module StringTableEditor (174)
[2019.02.19-05.49.07:595][668]LogModuleManager: Shutting down and abandoning module GameplayTasksEditor (172)
[2019.02.19-05.49.07:595][668]LogModuleManager: Shutting down and abandoning module BehaviorTreeEditor (170)
[2019.02.19-05.49.07:628][668]LogModuleManager: Shutting down and abandoning module FunctionalTesting (168)
[2019.02.19-05.49.07:633][668]LogModuleManager: Shutting down and abandoning module CollisionAnalyzer (166)
[2019.02.19-05.49.07:643][668]LogModuleManager: Shutting down and abandoning module WorkspaceMenuStructure (165)
[2019.02.19-05.49.07:643][668]LogModuleManager: Shutting down and abandoning module UMG (162)
[2019.02.19-05.49.07:643][668]LogModuleManager: Shutting down and abandoning module UMGEditor (161)
[2019.02.19-05.49.07:663][668]LogModuleManager: Shutting down and abandoning module Sequencer (160)
[2019.02.19-05.49.07:669][668]LogModuleManager: Shutting down and abandoning module MessageLog (157)
[2019.02.19-05.49.07:674][668]LogModuleManager: Shutting down and abandoning module SlateReflector (152)
[2019.02.19-05.49.07:723][668]LogModuleManager: Shutting down and abandoning module Slate (150)
[2019.02.19-05.49.07:723][668]LogModuleManager: Shutting down and abandoning module EditorStyle (148)
[2019.02.19-05.49.07:731][668]LogModuleManager: Shutting down and abandoning module MRMesh (146)
[2019.02.19-05.49.07:731][668]LogModuleManager: Shutting down and abandoning module Messaging (144)
[2019.02.19-05.49.07:732][668]LogModuleManager: Shutting down and abandoning module SourceCodeAccess (142)
[2019.02.19-05.49.07:732][668]LogModuleManager: Shutting down and abandoning module HeadMountedDisplay (140)
[2019.02.19-05.49.07:732][668]LogModuleManager: Shutting down and abandoning module XAudio2 (138)
[2019.02.19-05.49.07:732][668]LogModuleManager: Shutting down and abandoning module Networking (136)
[2019.02.19-05.49.07:732][668]LogModuleManager: Shutting down and abandoning module Core (134)
[2019.02.19-05.49.07:732][668]LogModuleManager: Shutting down and abandoning module LevelSequence (132)
[2019.02.19-05.49.07:755][668]LogModuleManager: Shutting down and abandoning module KismetCompiler (130)
[2019.02.19-05.49.07:756][668]LogModuleManager: Shutting down and abandoning module MeshUtilities (128)
[2019.02.19-05.49.07:773][668]LogModuleManager: Shutting down and abandoning module MeshMergeUtilities (127)
[2019.02.19-05.49.07:812][668]LogModuleManager: Shutting down and abandoning module MeshReductionInterface (126)
[2019.02.19-05.49.07:812][668]LogModuleManager: Shutting down and abandoning module SimplygonSwarm (125)
[2019.02.19-05.49.07:840][668]LogModuleManager: Shutting down and abandoning module SimplygonMeshReduction (123)
[2019.02.19-05.49.07:840][668]LogModuleManager: Shutting down and abandoning module QuadricMeshReduction (121)
[2019.02.19-05.49.07:850][668]LogModuleManager: Shutting down and abandoning module MaterialBaking (117)
[2019.02.19-05.49.07:862][668]LogModuleManager: Shutting down and abandoning module DerivedDataCache (112)
[2019.02.19-05.49.07:950][668]LogDerivedDataCache: Shutdown
[2019.02.19-05.49.07:950][668]LogModuleManager: Shutting down and abandoning module TargetPlatform (110)
[2019.02.19-05.49.07:950][668]LogModuleManager: Shutting down and abandoning module VulkanShaderFormat (109)
[2019.02.19-05.49.07:960][668]LogModuleManager: Shutting down and abandoning module ShaderFormatVectorVM (107)
[2019.02.19-05.49.07:969][668]LogModuleManager: Shutting down and abandoning module ShaderFormatOpenGL (105)
[2019.02.19-05.49.07:980][668]LogModuleManager: Shutting down and abandoning module ShaderFormatD3D (103)
[2019.02.19-05.49.07:987][668]LogModuleManager: Shutting down and abandoning module MetalShaderFormat (101)
[2019.02.19-05.49.08:002][668]LogModuleManager: Shutting down and abandoning module TextureFormatUncompressed (99)
[2019.02.19-05.49.08:002][668]LogModuleManager: Shutting down and abandoning module TextureFormatPVR (97)
[2019.02.19-05.49.08:002][668]LogModuleManager: Shutting down and abandoning module TextureFormatDXT (95)
[2019.02.19-05.49.08:013][668]LogModuleManager: Shutting down and abandoning module TextureFormatIntelISPCTexComp (93)
[2019.02.19-05.49.08:018][668]LogModuleManager: Shutting down and abandoning module TextureFormatASTC (91)
[2019.02.19-05.49.08:018][668]LogModuleManager: Shutting down and abandoning module ImageWrapper (90)
[2019.02.19-05.49.08:018][668]LogModuleManager: Shutting down and abandoning module TextureFormatAndroid (87)
[2019.02.19-05.49.08:019][668]LogModuleManager: Shutting down and abandoning module AudioFormatOpus (85)
[2019.02.19-05.49.08:019][668]LogModuleManager: Shutting down and abandoning module AudioFormatOgg (83)
[2019.02.19-05.49.08:019][668]LogModuleManager: Shutting down and abandoning module AudioFormatADPCM (81)
[2019.02.19-05.49.08:019][668]LogModuleManager: Shutting down and abandoning module WindowsTargetPlatform (79)
[2019.02.19-05.49.08:019][668]LogModuleManager: Shutting down and abandoning module WindowsServerTargetPlatform (77)
[2019.02.19-05.49.08:019][668]LogModuleManager: Shutting down and abandoning module WindowsNoEditorTargetPlatform (75)
[2019.02.19-05.49.08:019][668]LogModuleManager: Shutting down and abandoning module WindowsClientTargetPlatform (73)
[2019.02.19-05.49.08:019][668]LogModuleManager: Shutting down and abandoning module InputCore (70)
[2019.02.19-05.49.08:019][668]LogModuleManager: Shutting down and abandoning module Settings (68)
[2019.02.19-05.49.08:019][668]LogModuleManager: Shutting down and abandoning module PhysXCooking (66)
[2019.02.19-05.49.08:019][668]LogModuleManager: Shutting down and abandoning module SteamVR (64)
[2019.02.19-05.49.08:019][668]LogModuleManager: Shutting down and abandoning module OculusHMD (62)
[2019.02.19-05.49.08:026][668]LogModuleManager: Shutting down and abandoning module ExampleDeviceProfileSelector (60)
[2019.02.19-05.49.08:026][668]LogModuleManager: Shutting down and abandoning module AppleARKit (58)
[2019.02.19-05.49.08:026][668]LogModuleManager: Shutting down and abandoning module AugmentedReality (57)
[2019.02.19-05.49.08:026][668]LogModuleManager: Shutting down and abandoning module OnlineBlueprintSupport (54)
[2019.02.19-05.49.08:026][668]LogModuleManager: Shutting down and abandoning module OnlineSubsystem (50)
[2019.02.19-05.49.08:026][668]LogOnline: Display: OSS: FOnlineSubsystemNull::Shutdown()
[2019.02.19-05.49.08:026][668]LogOnline: Display: OSS: FOnlineAsyncTaskManager::Stop() ActiveTask:0000000000000000 Tasks[0/0]
[2019.02.19-05.49.08:047][668]LogOnline: Display: OSS: FOnlineAsyncTaskManager::Exit() started
[2019.02.19-05.49.08:047][668]LogOnline: Display: OSS: FOnlineAsyncTaskManager::Exit() finished
[2019.02.19-05.49.08:047][668]LogModuleManager: Shutting down and abandoning module XMPP (43)
[2019.02.19-05.49.08:056][668]LogModuleManager: Shutting down and abandoning module HTTP (41)
[2019.02.19-05.49.08:078][668]LogModuleManager: Shutting down and abandoning module SSL (40)
[2019.02.19-05.49.08:106][668]LogModuleManager: Shutting down and abandoning module AnimationModifiers (36)
[2019.02.19-05.49.08:117][668]LogModuleManager: Shutting down and abandoning module PropertyEditor (35)
[2019.02.19-05.49.08:117][668]LogModuleManager: Shutting down and abandoning module AudioEditor (32)
[2019.02.19-05.49.08:129][668]LogModuleManager: Shutting down and abandoning module TextureCompressor (30)
[2019.02.19-05.49.08:177][668]LogModuleManager: Shutting down and abandoning module ShaderCore (28)
[2019.02.19-05.49.08:177][668]LogModuleManager: Shutting down and abandoning module Landscape (26)
[2019.02.19-05.49.08:177][668]LogModuleManager: Shutting down and abandoning module SlateRHIRenderer (24)
[2019.02.19-05.49.08:185][668]LogModuleManager: Shutting down and abandoning module OpenGLDrv (22)
[2019.02.19-05.49.08:196][668]LogModuleManager: Shutting down and abandoning module D3D11RHI (20)
[2019.02.19-05.49.08:196][668]LogModuleManager: Shutting down and abandoning module AnimGraphRuntime (18)
[2019.02.19-05.49.08:204][668]LogModuleManager: Shutting down and abandoning module Renderer (16)
[2019.02.19-05.49.08:204][668]LogModuleManager: Shutting down and abandoning module Engine (14)
[2019.02.19-05.49.08:212][668]LogModuleManager: Shutting down and abandoning module CoreUObject (12)
[2019.02.19-05.49.08:212][668]LogModuleManager: Shutting down and abandoning module NetworkFile (10)
[2019.02.19-05.49.08:224][668]LogModuleManager: Shutting down and abandoning module CookedIterativeFile (8)
[2019.02.19-05.49.08:224][668]LogModuleManager: Shutting down and abandoning module StreamingFile (6)
[2019.02.19-05.49.08:235][668]LogModuleManager: Shutting down and abandoning module SandboxFile (4)
[2019.02.19-05.49.08:246][668]LogModuleManager: Shutting down and abandoning module PakFile (2)
[2019.02.19-05.49.08:282][668]LogExit: Exiting.
[2019.02.19-05.49.08:285][668]Log file closed, 02/18/19 21:49:08
