Log file open, 02/18/19 21:42:09
LogWindows: Failed to load 'aqProf.dll' (GetLastError=126)
LogWindows: File 'aqProf.dll' does not exist
LogWindows: Failed to load 'VSPerf140.dll' (GetLastError=126)
LogWindows: File 'VSPerf140.dll' does not exist
LogWindows: Failed to load 'VtuneApi.dll' (GetLastError=126)
LogWindows: File 'VtuneApi.dll' does not exist
LogWindows: Failed to load 'VtuneApi32e.dll' (GetLastError=126)
LogWindows: File 'VtuneApi32e.dll' does not exist
LogInit: Display: Running engine for game: Illuminate
LogPlatformFile: Not using cached read wrapper
LogInit: Display: RandInit(756254322) SRandInit(756254322).
LogInit: Read version file with build ID '3709383'
LogInit: Overriding engine version to CL 3794801, compatible CL 3709383
LogInit: Registered custom module enumerator with build ID '3709383'
LogInit: Warning: Passing commandline switches using / instead of - has been deprecated and will be removed in future versions of Unreal Engine.
LogTaskGraph: Started task graph with 5 named threads and 14 total threads with 3 sets of task threads.
LogStats: Stats thread started at 0.401344
LogPluginManager: Warning: Plugin 'AdvancedSessions' exists at '../../../../../../Users/lockw/OneDrive/Documents/Unreal Projects/Illuminate/Plugins/AdvancedSessions/AdvancedSessions/AdvancedSessions.uplugin' and '../../../../../../Users/lockw/OneDrive/Documents/Unreal Projects/Illuminate/Plugins/AdvancedSessions/AdvancedSessions.uplugin' - second location will be ignored
LogD3D11RHI: Aftermath initialized
LogInit: Warning: Passing commandline switches using / instead of - has been deprecated and will be removed in future versions of Unreal Engine.
LogModuleManager: Display: Found up-to-date module file ../../../Engine/Plugins/Online/OnlineSubsystemSteam/Binaries/Win64/UE4Editor-OnlineSubsystemSteam.dll (API version 3709383).
LogModuleManager: Display: Found up-to-date module file ../../../Engine/Plugins/Online/OnlineSubsystem/Binaries/Win64/UE4Editor-OnlineSubsystem.dll (API version 3709383).
LogModuleManager: Display: Found up-to-date module file ../../../Engine/Plugins/Online/OnlineSubsystemUtils/Binaries/Win64/UE4Editor-OnlineSubsystemUtils.dll (API version 3709383).
LogModuleManager: Display: Found up-to-date module file ../../../Engine/Plugins/Online/OnlineSubsystemUtils/Binaries/Win64/UE4Editor-OnlineBlueprintSupport.dll (API version 3709383).
LogModuleManager: Display: Found up-to-date module file ../../../Engine/Plugins/2D/Paper2D/Binaries/Win64/UE4Editor-Paper2D.dll (API version 3709383).
LogModuleManager: Display: Found up-to-date module file ../../../Engine/Plugins/2D/Paper2D/Binaries/Win64/UE4Editor-Paper2DEditor.dll (API version 3709383).
LogModuleManager: Display: Found up-to-date module file ../../../Engine/Plugins/2D/Paper2D/Binaries/Win64/UE4Editor-PaperSpriteSheetImporter.dll (API version 3709383).
LogModuleManager: Display: Found up-to-date module file ../../../Engine/Plugins/2D/Paper2D/Binaries/Win64/UE4Editor-PaperTiledImporter.dll (API version 3709383).
LogModuleManager: Display: Found up-to-date module file ../../../Engine/Plugins/2D/Paper2D/Binaries/Win64/UE4Editor-SmartSnapping.dll (API version 3709383).
LogModuleManager: Display: Found up-to-date module file ../../../Engine/Plugins/Blendables/LightPropagationVolume/Binaries/Win64/UE4Editor-LightPropagationVolumeRuntime.dll (API version 3709383).
LogModuleManager: Display: Found up-to-date module file ../../../Engine/Plugins/Blendables/LightPropagationVolume/Binaries/Win64/UE4Editor-LightPropagationVolumeEditor.dll (API version 3709383).
LogModuleManager: Display: Found up-to-date module file ../../../Engine/Plugins/Developer/GitSourceControl/Binaries/Win64/UE4Editor-GitSourceControl.dll (API version 3709383).
LogModuleManager: Display: Found up-to-date module file ../../../Engine/Plugins/Developer/PerforceSourceControl/Binaries/Win64/UE4Editor-PerforceSourceControl.dll (API version 3709383).
LogModuleManager: Display: Found up-to-date module file ../../../Engine/Plugins/Developer/SubversionSourceControl/Binaries/Win64/UE4Editor-SubversionSourceControl.dll (API version 3709383).
LogModuleManager: Display: Found up-to-date module file ../../../Engine/Plugins/Developer/UObjectPlugin/Binaries/Win64/UE4Editor-UObjectPlugin.dll (API version 3709383).
LogModuleManager: Display: Found up-to-date module file ../../../Engine/Plugins/Developer/VisualStudioCodeSourceCodeAccess/Binaries/Win64/UE4Editor-VisualStudioCodeSourceCodeAccess.dll (API version 3709383).
LogModuleManager: Display: Found up-to-date module file ../../../Engine/Plugins/Developer/VisualStudioSourceCodeAccess/Binaries/Win64/UE4Editor-VisualStudioSourceCodeAccess.dll (API version 3709383).
LogModuleManager: Display: Found up-to-date module file ../../../Engine/Plugins/Editor/AssetManagerEditor/Binaries/Win64/UE4Editor-AssetManagerEditor.dll (API version 3709383).
LogModuleManager: Display: Found up-to-date module file ../../../Engine/Plugins/Editor/AudioCapture/Binaries/Win64/UE4Editor-AudioCapture.dll (API version 3709383).
LogModuleManager: Display: Found up-to-date module file ../../../Engine/Plugins/Editor/FacialAnimation/Binaries/Win64/UE4Editor-FacialAnimation.dll (API version 3709383).
LogModuleManager: Display: Found up-to-date module file ../../../Engine/Plugins/Editor/FacialAnimation/Binaries/Win64/UE4Editor-FacialAnimationEditor.dll (API version 3709383).
LogModuleManager: Display: Found up-to-date module file ../../../Engine/Plugins/Editor/GameplayTagsEditor/Binaries/Win64/UE4Editor-GameplayTagsEditor.dll (API version 3709383).
LogModuleManager: Display: Found up-to-date module file ../../../Engine/Plugins/Editor/MobileLauncherProfileWizard/Binaries/Win64/UE4Editor-MobileLauncherProfileWizard.dll (API version 3709383).
LogModuleManager: Display: Found up-to-date module file ../../../Engine/Plugins/Editor/PluginBrowser/Binaries/Win64/UE4Editor-PluginBrowser.dll (API version 3709383).
LogModuleManager: Display: Found up-to-date module file ../../../Engine/Plugins/Editor/SpeedTreeImporter/Binaries/Win64/UE4Editor-SpeedTreeImporter.dll (API version 3709383).
LogModuleManager: Display: Found up-to-date module file ../../../Engine/Plugins/Experimental/AlembicImporter/Binaries/Win64/UE4Editor-AlembicImporter.dll (API version 3709383).
LogModuleManager: Display: Found up-to-date module file ../../../Engine/Plugins/Experimental/AlembicImporter/Binaries/Win64/UE4Editor-AlembicLibrary.dll (API version 3709383).
LogModuleManager: Display: Found up-to-date module file ../../../Engine/Plugins/Experimental/CharacterAI/Binaries/Win64/UE4Editor-CharacterAI.dll (API version 3709383).
LogModuleManager: Display: Found up-to-date module file ../../../Engine/Plugins/Experimental/HTML5Networking/Binaries/Win64/UE4Editor-HTML5Networking.dll (API version 3709383).
LogModuleManager: Display: Found up-to-date module file ../../../Engine/Plugins/Media/AndroidMedia/Binaries/Win64/UE4Editor-AndroidMediaEditor.dll (API version 3709383).
LogModuleManager: Display: Found up-to-date module file ../../../Engine/Plugins/Media/AndroidMedia/Binaries/Win64/UE4Editor-AndroidMediaFactory.dll (API version 3709383).
LogModuleManager: Display: Found up-to-date module file ../../../Engine/Plugins/Media/AvfMedia/Binaries/Win64/UE4Editor-AvfMediaEditor.dll (API version 3709383).
LogModuleManager: Display: Found up-to-date module file ../../../Engine/Plugins/Media/AvfMedia/Binaries/Win64/UE4Editor-AvfMediaFactory.dll (API version 3709383).
LogModuleManager: Display: Found up-to-date module file ../../../Engine/Plugins/Media/AvfMedia/Binaries/Win64/UE4Editor-AvfMediaFactory.dll (API version 3709383).
LogModuleManager: Display: Found up-to-date module file ../../../Engine/Plugins/Media/ImgMedia/Binaries/Win64/UE4Editor-ImgMedia.dll (API version 3709383).
LogModuleManager: Display: Found up-to-date module file ../../../Engine/Plugins/Media/ImgMedia/Binaries/Win64/UE4Editor-ImgMediaEditor.dll (API version 3709383).
LogModuleManager: Display: Found up-to-date module file ../../../Engine/Plugins/Media/ImgMedia/Binaries/Win64/UE4Editor-ImgMediaFactory.dll (API version 3709383).
LogModuleManager: Display: Found up-to-date module file ../../../Engine/Plugins/Media/ImgMedia/Binaries/Win64/UE4Editor-ImgMediaFactory.dll (API version 3709383).
LogModuleManager: Display: Found up-to-date module file ../../../Engine/Plugins/Media/ImgMedia/Binaries/Win64/UE4Editor-OpenExrWrapper.dll (API version 3709383).
LogModuleManager: Display: Found up-to-date module file ../../../Engine/Plugins/Media/MediaCompositing/Binaries/Win64/UE4Editor-MediaCompositing.dll (API version 3709383).
LogModuleManager: Display: Found up-to-date module file ../../../Engine/Plugins/Media/MediaCompositing/Binaries/Win64/UE4Editor-MediaCompositingEditor.dll (API version 3709383).
LogModuleManager: Display: Found up-to-date module file ../../../Engine/Plugins/Media/MediaPlayerEditor/Binaries/Win64/UE4Editor-MediaPlayerEditor.dll (API version 3709383).
LogModuleManager: Display: Found up-to-date module file ../../../Engine/Plugins/Media/WmfMedia/Binaries/Win64/UE4Editor-WmfMedia.dll (API version 3709383).
LogModuleManager: Display: Found up-to-date module file ../../../Engine/Plugins/Media/WmfMedia/Binaries/Win64/UE4Editor-WmfMediaEditor.dll (API version 3709383).
LogModuleManager: Display: Found up-to-date module file ../../../Engine/Plugins/Media/WmfMedia/Binaries/Win64/UE4Editor-WmfMediaFactory.dll (API version 3709383).
LogModuleManager: Display: Found up-to-date module file ../../../Engine/Plugins/Media/WmfMedia/Binaries/Win64/UE4Editor-WmfMediaFactory.dll (API version 3709383).
LogModuleManager: Display: Found up-to-date module file ../../../Engine/Plugins/Messaging/TcpMessaging/Binaries/Win64/UE4Editor-TcpMessaging.dll (API version 3709383).
LogModuleManager: Display: Found up-to-date module file ../../../Engine/Plugins/Messaging/UdpMessaging/Binaries/Win64/UE4Editor-UdpMessaging.dll (API version 3709383).
LogModuleManager: Display: Found up-to-date module file ../../../Engine/Plugins/MovieScene/ActorSequence/Binaries/Win64/UE4Editor-ActorSequence.dll (API version 3709383).
LogModuleManager: Display: Found up-to-date module file ../../../Engine/Plugins/MovieScene/LevelSequenceEditor/Binaries/Win64/UE4Editor-LevelSequenceEditor.dll (API version 3709383).
LogModuleManager: Display: Found up-to-date module file ../../../Engine/Plugins/MovieScene/MatineeToLevelSequence/Binaries/Win64/UE4Editor-MatineeToLevelSequence.dll (API version 3709383).
LogModuleManager: Display: Found up-to-date module file ../../../Engine/Plugins/Runtime/AndroidPermission/Binaries/Win64/UE4Editor-AndroidPermission.dll (API version 3709383).
LogModuleManager: Display: Found up-to-date module file ../../../Engine/Plugins/Online/OnlineSubsystemNull/Binaries/Win64/UE4Editor-OnlineSubsystemNull.dll (API version 3709383).
LogModuleManager: Display: Found up-to-date module file ../../../Engine/Plugins/Runtime/AndroidDeviceProfileSelector/Binaries/Win64/UE4Editor-AndroidDeviceProfileSelector.dll (API version 3709383).
LogModuleManager: Display: Found up-to-date module file ../../../Engine/Plugins/Runtime/AppleARKit/Binaries/Win64/UE4Editor-AppleARKit.dll (API version 3709383).
LogModuleManager: Display: Found up-to-date module file ../../../Engine/Plugins/Runtime/ArchVisCharacter/Binaries/Win64/UE4Editor-ArchVisCharacter.dll (API version 3709383).
LogModuleManager: Display: Found up-to-date module file ../../../Engine/Plugins/Runtime/CableComponent/Binaries/Win64/UE4Editor-CableComponent.dll (API version 3709383).
LogModuleManager: Display: Found up-to-date module file ../../../Engine/Plugins/Runtime/CustomMeshComponent/Binaries/Win64/UE4Editor-CustomMeshComponent.dll (API version 3709383).
LogModuleManager: Display: Found up-to-date module file ../../../Engine/Plugins/Runtime/ExampleDeviceProfileSelector/Binaries/Win64/UE4Editor-ExampleDeviceProfileSelector.dll (API version 3709383).
LogModuleManager: Display: Found up-to-date module file ../../../Engine/Plugins/Runtime/ImmediatePhysics/Binaries/Win64/UE4Editor-ImmediatePhysics.dll (API version 3709383).
LogModuleManager: Display: Found up-to-date module file ../../../Engine/Plugins/Runtime/ImmediatePhysics/Binaries/Win64/UE4Editor-ImmediatePhysicsEditor.dll (API version 3709383).
LogModuleManager: Display: Found up-to-date module file ../../../Engine/Plugins/Runtime/LocationServicesBPLibrary/Binaries/Win64/UE4Editor-LocationServicesBPLibrary.dll (API version 3709383).
LogModuleManager: Display: Found up-to-date module file ../../../Engine/Plugins/Runtime/MobilePatchingUtils/Binaries/Win64/UE4Editor-MobilePatchingUtils.dll (API version 3709383).
LogModuleManager: Display: Found up-to-date module file ../../../Engine/Plugins/Runtime/Oculus/OculusVR/Binaries/Win64/UE4Editor-OculusHMD.dll (API version 3709383).
LogModuleManager: Display: Found up-to-date module file ../../../Engine/Plugins/Runtime/Oculus/OculusVR/Binaries/Win64/UE4Editor-OculusInput.dll (API version 3709383).
LogModuleManager: Display: Found up-to-date module file ../../../Engine/Plugins/Runtime/Oculus/OculusVR/Binaries/Win64/UE4Editor-OculusEditor.dll (API version 3709383).
LogModuleManager: Display: Found up-to-date module file ../../../Engine/Plugins/Runtime/PhysXVehicles/Binaries/Win64/UE4Editor-PhysXVehicles.dll (API version 3709383).
LogModuleManager: Display: Found up-to-date module file ../../../Engine/Plugins/Runtime/PhysXVehicles/Binaries/Win64/UE4Editor-PhysXVehiclesEditor.dll (API version 3709383).
LogModuleManager: Display: Found up-to-date module file ../../../Engine/Plugins/Runtime/ProceduralMeshComponent/Binaries/Win64/UE4Editor-ProceduralMeshComponent.dll (API version 3709383).
LogModuleManager: Display: Found up-to-date module file ../../../Engine/Plugins/Runtime/ProceduralMeshComponent/Binaries/Win64/UE4Editor-ProceduralMeshComponentEditor.dll (API version 3709383).
LogModuleManager: Display: Found up-to-date module file ../../../Engine/Plugins/Runtime/RuntimePhysXCooking/Binaries/Win64/UE4Editor-RuntimePhysXCooking.dll (API version 3709383).
LogModuleManager: Display: Found up-to-date module file ../../../Engine/Plugins/Runtime/Steam/SteamVR/Binaries/Win64/UE4Editor-SteamVR.dll (API version 3709383).
LogModuleManager: Display: Found up-to-date module file ../../../Engine/Plugins/Runtime/Steam/SteamVR/Binaries/Win64/UE4Editor-SteamVRController.dll (API version 3709383).
LogModuleManager: Display: Found up-to-date module file ../../../Engine/Plugins/Runtime/WindowsMoviePlayer/Binaries/Win64/UE4Editor-WindowsMoviePlayer.dll (API version 3709383).
LogModuleManager: Display: Found up-to-date module file ../../../../../../Users/lockw/OneDrive/Documents/Unreal Projects/Illuminate/Plugins/AdvancedSessions/AdvancedSessions/Binaries/Win64/UE4Editor-AdvancedSessions.dll (API version 3709383).
LogModuleManager: Display: Found up-to-date module file ../../../../../../Users/lockw/OneDrive/Documents/Unreal Projects/Illuminate/Plugins/AdvancedSessions/AdvancedSteamSessions/Binaries/Win64/UE4Editor-AdvancedSteamSessions.dll (API version 3709383).
LogPluginManager: Mounting plugin Paper2D
LogPluginManager: Mounting plugin LightPropagationVolume
LogPluginManager: Mounting plugin CodeLiteSourceCodeAccess
LogPluginManager: Mounting plugin GitSourceControl
LogPluginManager: Mounting plugin KDevelopSourceCodeAccess
LogPluginManager: Mounting plugin NullSourceCodeAccess
LogPluginManager: Mounting plugin PerforceSourceControl
LogPluginManager: Mounting plugin SubversionSourceControl
LogPluginManager: Mounting plugin UObjectPlugin
LogPluginManager: Mounting plugin VisualStudioCodeSourceCodeAccess
LogPluginManager: Mounting plugin VisualStudioSourceCodeAccess
LogPluginManager: Mounting plugin XCodeSourceCodeAccess
LogPluginManager: Mounting plugin AssetManagerEditor
LogPluginManager: Mounting plugin AudioCapture
LogPluginManager: Mounting plugin FacialAnimation
LogPluginManager: Mounting plugin GameplayTagsEditor
LogPluginManager: Mounting plugin MobileLauncherProfileWizard
LogPluginManager: Mounting plugin PluginBrowser
LogPluginManager: Mounting plugin SpeedTreeImporter
LogPluginManager: Mounting plugin AlembicImporter
LogPluginManager: Mounting plugin CharacterAI
LogPluginManager: Mounting plugin HTML5Networking
LogPluginManager: Mounting plugin AndroidMedia
LogPluginManager: Mounting plugin AvfMedia
LogPluginManager: Mounting plugin ImgMedia
LogPluginManager: Mounting plugin MediaCompositing
LogPluginManager: Mounting plugin MediaPlayerEditor
LogPluginManager: Mounting plugin WmfMedia
LogPluginManager: Mounting plugin TcpMessaging
LogPluginManager: Mounting plugin UdpMessaging
LogPluginManager: Mounting plugin ActorSequence
LogPluginManager: Mounting plugin LevelSequenceEditor
LogPluginManager: Mounting plugin MatineeToLevelSequence
LogPluginManager: Mounting plugin OnlineSubsystemGooglePlay
LogPluginManager: Mounting plugin OnlineSubsystemIOS
LogPluginManager: Mounting plugin OnlineSubsystem
LogPluginManager: Mounting plugin OnlineSubsystemNull
LogPluginManager: Mounting plugin OnlineSubsystemSteam
LogPluginManager: Mounting plugin OnlineSubsystemUtils
LogPluginManager: Mounting plugin AndroidDeviceProfileSelector
LogPluginManager: Mounting plugin AndroidMoviePlayer
LogPluginManager: Mounting plugin AndroidPermission
LogPluginManager: Mounting plugin AppleARKit
LogPluginManager: Mounting plugin AppleMoviePlayer
LogPluginManager: Mounting plugin ArchVisCharacter
LogPluginManager: Mounting plugin CableComponent
LogPluginManager: Mounting plugin CustomMeshComponent
LogPluginManager: Mounting plugin ExampleDeviceProfileSelector
LogPluginManager: Mounting plugin GoogleCloudMessaging
LogPluginManager: Mounting plugin ImmediatePhysics
LogPluginManager: Mounting plugin IOSDeviceProfileSelector
LogPluginManager: Mounting plugin LinuxDeviceProfileSelector
LogPluginManager: Mounting plugin LocationServicesBPLibrary
LogPluginManager: Mounting plugin MobilePatchingUtils
LogPluginManager: Mounting plugin OculusVR
LogPluginManager: Plugin shader directory ../../../Engine/Plugins/Runtime/Oculus/OculusVR/Shaders found
LogPluginManager: Mapping shader source directory ../../../Engine/Plugins/Runtime/Oculus/OculusVR/Shaders to virtual directory /Plugin/OculusVR
LogPluginManager: Mounting plugin PhysXVehicles
LogPluginManager: Mounting plugin ProceduralMeshComponent
LogPluginManager: Mounting plugin RuntimePhysXCooking
LogPluginManager: Mounting plugin SteamVR
LogPluginManager: Mounting plugin WindowsMoviePlayer
LogPluginManager: Mounting plugin AdvancedSessions
LogPluginManager: Mounting plugin AdvancedSteamSessions
LogInit: Using libcurl 7.47.1
LogInit:  - built for x86_64-pc-win32
LogInit:  - supports SSL with OpenSSL/1.0.2g
LogInit:  - supports HTTP deflate (compression) using libz 1.2.8
LogInit:  - other features:
LogInit:      CURL_VERSION_SSL
LogInit:      CURL_VERSION_LIBZ
LogInit:      CURL_VERSION_IPV6
LogInit:      CURL_VERSION_ASYNCHDNS
LogInit:      CURL_VERSION_LARGEFILE
LogInit:      CURL_VERSION_IDN
LogInit:  CurlRequestOptions (configurable via config and command line):
LogInit:  - bVerifyPeer = false  - Libcurl will NOT verify peer certificate
LogInit:  - bUseHttpProxy = false  - Libcurl will NOT use HTTP proxy
LogInit:  - bDontReuseConnections = false  - Libcurl will reuse connections
LogInit:  - CertBundlePath = nullptr  - Libcurl will use whatever was configured at build time.
LogOnline: Display: STEAM: Loading Steam SDK 1.39
LogWindows: Failed to load '../../../Engine/Binaries/ThirdParty/Steamworks/Steamv139/Win64/steamclient64.dll' (GetLastError=126)
LogWindows: File '../../../Engine/Binaries/ThirdParty/Steamworks/Steamv139/Win64/steamclient64.dll' does not exist
LogOnline: Warning: STEAM: Steam API disabled!
LogOnline: Display: STEAM: OnlineSubsystemSteam::Shutdown()
LogInit: WinSock: version 1.1 (2.2), MaxSocks=32767, MaxUdp=65467
LogInit: Build: ++UE4+Release-4.18-CL-3794801
LogInit: Engine Version: 4.18.2-3794801+++UE4+Release-4.18
LogInit: Compatible Engine Version: 4.18.0-3709383+++UE4+Release-4.18
LogInit: Net CL: 3709383
LogDevObjectVersion: Number of dev versions registered: 16
LogDevObjectVersion:   Dev-Blueprints (B0D832E4-1F89-4F0D-ACCF-7EB736FD4AA2): 10
LogDevObjectVersion:   Dev-Build (E1C64328-A22C-4D53-A36C-8E866417BD8C): 0
LogDevObjectVersion:   Dev-Core (375EC13C-06E4-48FB-B500-84F0262A717E): 2
LogDevObjectVersion:   Dev-Editor (E4B068ED-F494-42E9-A231-DA0B2E46BB41): 20
LogDevObjectVersion:   Dev-Framework (CFFC743F-43B0-4480-9391-14DF171D2073): 30
LogDevObjectVersion:   Dev-Mobile (B02B49B5-BB20-44E9-A304-32B752E40360): 0
LogDevObjectVersion:   Dev-Networking (A4E4105C-59A1-49B5-A7C5-40C4547EDFEE): 0
LogDevObjectVersion:   Dev-Online (39C831C9-5AE6-47DC-9A44-9C173E1C8E7C): 0
LogDevObjectVersion:   Dev-Physics (78F01B33-EBEA-4F98-B9B4-84EACCB95AA2): 0
LogDevObjectVersion:   Dev-Platform (6631380F-2D4D-43E0-8009-CF276956A95A): 0
LogDevObjectVersion:   Dev-Rendering (12F88B9F-8875-4AFC-A67C-D90C383ABD29): 20
LogDevObjectVersion:   Dev-Sequencer (7B5AE74C-D270-4C10-A958-57980B212A5A): 4
LogDevObjectVersion:   Dev-VR (D7296918-1DD6-4BDD-9DE2-64A83CC13884): 0
LogDevObjectVersion:   Dev-LoadTimes (C2A15278-BFE7-4AFE-6C17-90FF531DF755): 1
LogDevObjectVersion:   Private-Geometry (6EACA3D4-40EC-4CC1-B786-8BED09428FC5): 1
LogDevObjectVersion:   Dev-AnimPhys (29E575DD-E0A3-4627-9D10-D276232CDCEA): 12
LogInit: Compiled (64-bit): Dec  8 2017 02:04:53
LogInit: Compiled with Visual C++: 19.00.24215.01
LogInit: Build Configuration: Development
LogInit: Branch Name: ++UE4+Release-4.18
LogInit: Command line:  /Game/Creations/Maps/MainMenu -game -PIEVIACONSOLE -ResX=640 -ResY=480  -Multiprocess -messaging -SessionName="Play in Standalone Game" -port=17777 -windowed GameUserSettingsINI="C:/Users/lockw/OneDrive/Documents/Unreal Projects/Illuminate/Saved/Config/Windows/PIEGameUserSettings0.ini" -MultiprocessSaveConfig  -MultiprocessOSS -server -log 
LogInit: Base directory: C:/Program Files/Epic Games/UE_4.18/Engine/Binaries/Win64/
LogInit: Installed Engine Build: 1
LogInit: Presizing for max 8388607 objects, including 0 objects not considered by GC, pre-allocating 0 bytes for permanent pool.
LogInit: Object subsystem initialized
[2019.02.19-05.42.18:460][  0]LogInit: Selected Device Profile: [Windows]
[2019.02.19-05.42.18:461][  0]LogInit: Applying CVar settings loaded from the selected device profile: [Windows]
[2019.02.19-05.42.18:479][  0]LogInit: Computer: MSI
[2019.02.19-05.42.18:479][  0]LogInit: User: Alex
[2019.02.19-05.42.18:480][  0]LogInit: CPU Page size=4096, Cores=4
[2019.02.19-05.42.18:481][  0]LogInit: High frequency timer resolution =2.533214 MHz
[2019.02.19-05.42.18:485][  0]LogMemory: Memory total: Physical=15.9GB (16GB approx)
[2019.02.19-05.42.18:486][  0]LogMemory: Platform Memory Stats for Windows
[2019.02.19-05.42.18:487][  0]LogMemory: Process Physical Memory: 274.72 MB used, 274.72 MB peak
[2019.02.19-05.42.18:488][  0]LogMemory: Process Virtual Memory: 277.20 MB used, 277.20 MB peak
[2019.02.19-05.42.18:491][  0]LogMemory: Physical Memory: 10568.46 MB used,  5704.88 MB free, 16273.34 MB total
[2019.02.19-05.42.18:494][  0]LogMemory: Virtual Memory: 4790.66 MB used,  5704.88 MB free, 134217728.00 MB total
[2019.02.19-05.42.20:745][  0]LogInit: Using OS detected language (en-US).
[2019.02.19-05.42.20:745][  0]LogInit: Using OS detected locale (en-US).
[2019.02.19-05.42.20:755][  0]LogTextLocalizationManager: No specific localization for 'en-US' exists, so the 'en' localization will be used.
[2019.02.19-05.42.21:961][  0]LogShaderCompilers: Guid format shader working directory is -29 characters bigger than the processId version (../../../../../../Users/lockw/OneDrive/Documents/Unreal Projects/Illuminate/Intermediate/Shaders/WorkingDirectory/5068/).
[2019.02.19-05.42.21:961][  0]LogShaderCompilers: Cleaned the shader compiler working directory 'C:/Users/lockw/AppData/Local/Temp/UnrealShaderWorkingDir/FBFDD0274A1DAFDE50C260810BC2EE88/'.
[2019.02.19-05.42.21:964][  0]LogShaderCompilers: Display: Using Local Shader Compiler.
[2019.02.19-05.42.23:468][  0]LogDerivedDataCache: Display: Max Cache Size: 512 MB
[2019.02.19-05.42.23:752][  0]LogDerivedDataCache: Loaded boot cache 0.28s 78MB C:/Users/lockw/AppData/Local/UnrealEngine/4.18/DerivedDataCache/Boot.ddc.
[2019.02.19-05.42.23:775][  0]LogDerivedDataCache: Display: Loaded Boot cache: C:/Users/lockw/AppData/Local/UnrealEngine/4.18/DerivedDataCache/Boot.ddc
[2019.02.19-05.42.23:780][  0]LogDerivedDataCache: FDerivedDataBackendGraph:  Pak pak cache file ../../../../../../Users/lockw/OneDrive/Documents/Unreal Projects/Illuminate/DerivedDataCache/DDC.ddp not found, will not use a pak cache.
[2019.02.19-05.42.23:786][  0]LogDerivedDataCache: Unable to find inner node Pak for hierarchical cache Hierarchy.
[2019.02.19-05.42.23:793][  0]LogDerivedDataCache: FDerivedDataBackendGraph:  CompressedPak pak cache file ../../../../../../Users/lockw/OneDrive/Documents/Unreal Projects/Illuminate/DerivedDataCache/Compressed.ddp not found, will not use a pak cache.
[2019.02.19-05.42.23:794][  0]LogDerivedDataCache: Unable to find inner node CompressedPak for hierarchical cache Hierarchy.
[2019.02.19-05.42.23:864][  0]LogDerivedDataCache: Display: Pak cache opened for reading ../../../Engine/DerivedDataCache/Compressed.ddp.
[2019.02.19-05.42.23:884][  0]LogDerivedDataCache: Using Local data cache path C:/Users/lockw/AppData/Local/UnrealEngine/Common/DerivedDataCache: Writable
[2019.02.19-05.42.25:079][  0]LogAssetRegistry: FAssetRegistry took 0.0303 seconds to start up
[2019.02.19-05.42.25:120][  0]LogPackageLocalizationCache: Processed 7 localized package path(s) for 2 prioritized culture(s) in 0.040794 seconds
[2019.02.19-05.42.26:395][  0]LogTemp: Display: Loaded TP WindowsClientTargetPlatform
[2019.02.19-05.42.26:713][  0]LogTemp: Display: Loaded TP WindowsNoEditorTargetPlatform
[2019.02.19-05.42.26:912][  0]LogTemp: Display: Loaded TP WindowsServerTargetPlatform
[2019.02.19-05.42.27:116][  0]LogTemp: Display: Loaded TP WindowsTargetPlatform
[2019.02.19-05.42.27:116][  0]LogTargetPlatformManager: Display: Building Assets For Windows
[2019.02.19-05.42.29:179][  0]LogInit: Selected Device Profile: [Windows]
[2019.02.19-05.42.30:361][  0]LogSimplygon: Simplygon DLL not present - disabling.
[2019.02.19-05.42.30:575][  0]LogMeshReduction: Using SimplygonSwarm for distributed automatic mesh merging
[2019.02.19-05.42.30:575][  0]LogMeshReduction: Using QuadricMeshReduction for automatic static mesh reduction
[2019.02.19-05.42.30:577][  0]LogMeshReduction: No automatic skeletal mesh reduction module available
[2019.02.19-05.42.30:578][  0]LogMeshReduction: No automatic mesh merging module available
[2019.02.19-05.42.30:578][  0]LogMeshMerging: No automatic mesh merging module available
[2019.02.19-05.42.30:669][  0]LogNetVersion: Illuminate , NetCL: 3709383, EngineNetVer: 2, GameNetVer: 0 (Checksum: 1556659199)
[2019.02.19-05.42.31:502][  0]LogInit: Warning: Passing commandline switches using / instead of - has been deprecated and will be removed in future versions of Unreal Engine.
[2019.02.19-05.42.31:516][  0]LogInit: Warning: Passing commandline switches using / instead of - has been deprecated and will be removed in future versions of Unreal Engine.
[2019.02.19-05.42.31:517][  0]LogInit: Warning: Passing commandline switches using / instead of - has been deprecated and will be removed in future versions of Unreal Engine.
[2019.02.19-05.42.38:966][  0]LogCollectionManager: Loaded 0 collections in 0.006915 seconds
[2019.02.19-05.42.39:097][  0]LogFileCache: Scanning file cache for directory 'C:/Users/lockw/OneDrive/Documents/Unreal Projects/Illuminate/Saved/Collections/' took 0.01s
[2019.02.19-05.42.39:097][  0]LogFileCache: Scanning file cache for directory 'C:/Users/lockw/OneDrive/Documents/Unreal Projects/Illuminate/Content/Developers/Alex/Collections/' took 0.01s
[2019.02.19-05.42.39:100][  0]LogFileCache: Scanning file cache for directory 'C:/Users/lockw/OneDrive/Documents/Unreal Projects/Illuminate/Content/Collections/' took 0.01s
[2019.02.19-05.42.39:101][  0]LogCollectionManager: Rebuilt the object cache for 0 collections in 0.000000 seconds (found 0 objects)
[2019.02.19-05.42.39:102][  0]LogCollectionManager: Fixed up redirectors for 0 collections in 0.004754 seconds (updated 0 objects)
[2019.02.19-05.42.39:972][  0]LogTcpMessaging: Initializing TcpMessaging bridge
[2019.02.19-05.42.40:119][  0]LogUdpMessaging: Initializing bridge on interface 0.0.0.0:0 to multicast group 230.0.0.1:6666.
[2019.02.19-05.42.42:847][  0]LogInit: Warning: Passing commandline switches using / instead of - has been deprecated and will be removed in future versions of Unreal Engine.
[2019.02.19-05.42.42:851][  0]SourceControl: Source control is disabled
[2019.02.19-05.42.42:852][  0]SourceControl: Source control is disabled
[2019.02.19-05.42.43:078][  0]SourceControl: Source control is disabled
[2019.02.19-05.42.44:666][  0]LogAndroidPermission: UAndroidPermissionCallbackProxy::GetInstance
[2019.02.19-05.42.45:926][  0]LogOcInput: OculusInput pre-init called
[2019.02.19-05.42.46:498][  0]LogUObjectArray: 38553 objects as part of root set at end of initial load.
[2019.02.19-05.42.46:500][  0]LogUObjectAllocator: 8280256 out of 0 bytes used by permanent object pool.
[2019.02.19-05.42.46:501][  0]LogUObjectArray: CloseDisregardForGC: 0/0 objects in disregard for GC pool
[2019.02.19-05.42.46:834][  0]LogEngine: Initializing Engine...
[2019.02.19-05.42.46:922][  0]LogStats: UGameplayTagsManager::ConstructGameplayTagTree: Construct from data asset -  0.000 s
[2019.02.19-05.42.46:922][  0]LogStats: UGameplayTagsManager::ConstructGameplayTagTree: GameplayTagTreeChangedEvent.Broadcast -  0.000 s
[2019.02.19-05.42.46:944][  0]LogInit: Texture streaming: Disabled
[2019.02.19-05.42.46:968][  0]LogMaterial: Uniform references updated for custom material expression Custom.
[2019.02.19-05.42.48:832][  0]LogInit: Display: Game Engine Initialized.
[2019.02.19-05.42.48:832][  0]LogGameplayTags: Display: UGameplayTagsManager::DoneAddingNativeTags. DelegateIsBound: 0
[2019.02.19-05.42.49:605][  0]LogInit: Display: Starting Game.
[2019.02.19-05.42.49:605][  0]LogNet: Browse: /Game/Creations/Maps/MainMenu?Name=Player
[2019.02.19-05.42.49:607][  0]LogLoad: LoadMap: /Game/Creations/Maps/MainMenu?Name=Player
[2019.02.19-05.42.50:374][  0]LogAIModule: Creating AISystem for world MainMenu
[2019.02.19-05.42.50:375][  0]LogLoad: Game class is 'MainGm_C'
[2019.02.19-05.42.50:377][  0]LogOnline: Warning: STEAM: Steam API disabled!
[2019.02.19-05.42.50:378][  0]LogOnline: Display: STEAM: OnlineSubsystemSteam::Shutdown()
[2019.02.19-05.42.50:408][  0]LogTemp: Display: ParseSettings for GameNetDriver
[2019.02.19-05.42.50:408][  0]LogTemp: Display: ParseSettings for IpNetDriver_0
[2019.02.19-05.42.50:409][  0]LogTemp: Display: ParseSettings for GameNetDriver
[2019.02.19-05.42.50:410][  0]LogInit: WinSock: Socket queue 131072 / 131072
[2019.02.19-05.42.50:414][  0]LogInit: WinSock: I am MSI (158.104.227.197:0)
[2019.02.19-05.42.50:416][  0]PacketHandlerLog: Loaded PacketHandler component: Engine.EngineHandlerComponentFactory (StatelessConnectHandlerComponent)
[2019.02.19-05.42.50:429][  0]LogNet: GameNetDriver IpNetDriver_0 IpNetDriver listening on port 17777
[2019.02.19-05.42.50:431][  0]LogWorld: Bringing World /Game/Creations/Maps/MainMenu.MainMenu up for play (max tick rate 30) at 2019.02.18-21.42.50
[2019.02.19-05.42.50:461][  0]LogOnline: Warning: OSS: AutoLogin missing AUTH_LOGIN=<login id>.
[2019.02.19-05.42.50:464][  0]LogWorld: Bringing up level for play took: 0.033243
[2019.02.19-05.42.50:479][  0]LogScript: Warning: Accessed None trying to read property CallFunc_Create_ReturnValue4
	MainInstance_C /Engine/Transient.GameEngine_0:MainInstance_C_0
	Function /Game/Creations/GInstances/MainInstance.MainInstance_C:ExecuteUbergraph_MainInstance:08F5
[2019.02.19-05.42.50:480][  0]LogScript: Warning: Script call stack:
	Function /Game/Creations/Maps/MainMenu.MainMenu_C:ReceiveBeginPlay
	Function /Game/Creations/Maps/MainMenu.MainMenu_C:ExecuteUbergraph_MainMenu
	Function /Game/Creations/GInstances/MainInstance.MainInstance_C:addMainMenuWidget
	Function /Game/Creations/GInstances/MainInstance.MainInstance_C:ExecuteUbergraph_MainInstance

[2019.02.19-05.42.50:481][  0]LogScript: Warning: Accessed None trying to read property CallFunc_GetPlayerController_ReturnValue5
	MainInstance_C /Engine/Transient.GameEngine_0:MainInstance_C_0
	Function /Game/Creations/GInstances/MainInstance.MainInstance_C:ExecuteUbergraph_MainInstance:094B
[2019.02.19-05.42.50:482][  0]LogScript: Warning: Script call stack:
	Function /Game/Creations/Maps/MainMenu.MainMenu_C:ReceiveBeginPlay
	Function /Game/Creations/Maps/MainMenu.MainMenu_C:ExecuteUbergraph_MainMenu
	Function /Game/Creations/GInstances/MainInstance.MainInstance_C:addMainMenuWidget
	Function /Game/Creations/GInstances/MainInstance.MainInstance_C:ExecuteUbergraph_MainInstance

[2019.02.19-05.42.50:488][  0]LogLoad: Took 0.880493 seconds to LoadMap(/Game/Creations/Maps/MainMenu)
[2019.02.19-05.42.51:155][  0]LogLoad: (Engine Initialization) Total time: 45.32 seconds
[2019.02.19-05.42.51:156][  0]LogLoad: (Engine Initialization) Total Blueprint compile time: 0.00 seconds
[2019.02.19-05.42.51:158][  0]LogExternalProfiler: No external profilers were discovered.  External profiling features will not be available.
[2019.02.19-05.42.53:783][ 67]LogNet: NotifyAcceptingConnection accepted from: 127.0.0.1:58602
[2019.02.19-05.42.53:784][ 67]LogHandshake: SendConnectChallenge. Timestamp: 2.624023, Cookie: 093155187044095086174004229162186098146216233058007146134090
[2019.02.19-05.42.53:786][ 67]LogNet: NotifyAcceptingConnection accepted from: 127.0.0.1:58603
[2019.02.19-05.42.53:787][ 67]LogHandshake: SendConnectChallenge. Timestamp: 2.624023, Cookie: 048210122012248172202116018243088108238099075191255085143164
[2019.02.19-05.42.53:788][ 67]LogNet: NotifyAcceptingConnection accepted from: 127.0.0.1:58604
[2019.02.19-05.42.53:788][ 67]LogHandshake: SendConnectChallenge. Timestamp: 2.624023, Cookie: 057205160171034122123130073209250193012149093166163123077128
[2019.02.19-05.42.54:654][ 93]LogNet: NotifyAcceptingConnection accepted from: 127.0.0.1:58602
[2019.02.19-05.42.54:654][ 93]LogHandshake: SendChallengeAck. InCookie: 093155187044095086174004229162186098146216233058007146134090
[2019.02.19-05.42.54:657][ 93]LogNet: Server accepting post-challenge connection from: 127.0.0.1:58602
[2019.02.19-05.42.54:658][ 93]PacketHandlerLog: Loaded PacketHandler component: Engine.EngineHandlerComponentFactory (StatelessConnectHandlerComponent)
[2019.02.19-05.42.54:659][ 93]LogNet: NotifyAcceptedConnection: Name: MainMenu, TimeStamp: 02/18/19 21:42:54, [UNetConnection] RemoteAddr: 127.0.0.1:58602, Name: IpConnection_0, Driver: GameNetDriver IpNetDriver_0, IsServer: YES, PC: NULL, Owner: NULL
[2019.02.19-05.42.54:659][ 93]LogNet: AddClientConnection: Added client connection: [UNetConnection] RemoteAddr: 127.0.0.1:58602, Name: IpConnection_0, Driver: GameNetDriver IpNetDriver_0, IsServer: YES, PC: NULL, Owner: NULL
[2019.02.19-05.42.54:660][ 93]LogNet: NotifyAcceptingConnection accepted from: 127.0.0.1:58603
[2019.02.19-05.42.54:661][ 93]LogHandshake: SendChallengeAck. InCookie: 048210122012248172202116018243088108238099075191255085143164
[2019.02.19-05.42.54:662][ 93]LogNet: Server accepting post-challenge connection from: 127.0.0.1:58603
[2019.02.19-05.42.54:663][ 93]PacketHandlerLog: Loaded PacketHandler component: Engine.EngineHandlerComponentFactory (StatelessConnectHandlerComponent)
[2019.02.19-05.42.54:664][ 93]LogNet: NotifyAcceptedConnection: Name: MainMenu, TimeStamp: 02/18/19 21:42:54, [UNetConnection] RemoteAddr: 127.0.0.1:58603, Name: IpConnection_1, Driver: GameNetDriver IpNetDriver_0, IsServer: YES, PC: NULL, Owner: NULL
[2019.02.19-05.42.54:665][ 93]LogNet: AddClientConnection: Added client connection: [UNetConnection] RemoteAddr: 127.0.0.1:58603, Name: IpConnection_1, Driver: GameNetDriver IpNetDriver_0, IsServer: YES, PC: NULL, Owner: NULL
[2019.02.19-05.42.54:666][ 93]LogNet: NotifyAcceptingConnection accepted from: 127.0.0.1:58604
[2019.02.19-05.42.54:674][ 93]LogHandshake: SendChallengeAck. InCookie: 057205160171034122123130073209250193012149093166163123077128
[2019.02.19-05.42.54:675][ 93]LogNet: Server accepting post-challenge connection from: 127.0.0.1:58604
[2019.02.19-05.42.54:678][ 93]PacketHandlerLog: Loaded PacketHandler component: Engine.EngineHandlerComponentFactory (StatelessConnectHandlerComponent)
[2019.02.19-05.42.54:679][ 93]LogNet: NotifyAcceptedConnection: Name: MainMenu, TimeStamp: 02/18/19 21:42:54, [UNetConnection] RemoteAddr: 127.0.0.1:58604, Name: IpConnection_2, Driver: GameNetDriver IpNetDriver_0, IsServer: YES, PC: NULL, Owner: NULL
[2019.02.19-05.42.54:680][ 93]LogNet: AddClientConnection: Added client connection: [UNetConnection] RemoteAddr: 127.0.0.1:58604, Name: IpConnection_2, Driver: GameNetDriver IpNetDriver_0, IsServer: YES, PC: NULL, Owner: NULL
[2019.02.19-05.42.54:682][ 93]LogNet: NotifyAcceptingChannel Control 0 server World /Game/Creations/Maps/MainMenu.MainMenu: Accepted
[2019.02.19-05.42.54:683][ 93]LogNet: Remote platform little endian=1
[2019.02.19-05.42.54:689][ 93]LogNet: This platform little endian=1
[2019.02.19-05.42.54:690][ 93]LogNetVersion: Illuminate 1.0.0.0, NetCL: 3709383, EngineNetVer: 2, GameNetVer: 0 (Checksum: 1067519852)
[2019.02.19-05.42.54:690][ 93]LogNet: NotifyAcceptingChannel Control 0 server World /Game/Creations/Maps/MainMenu.MainMenu: Accepted
[2019.02.19-05.42.54:691][ 93]LogNet: Remote platform little endian=1
[2019.02.19-05.42.54:691][ 93]LogNet: This platform little endian=1
[2019.02.19-05.42.54:692][ 93]LogNet: NotifyAcceptingChannel Control 0 server World /Game/Creations/Maps/MainMenu.MainMenu: Accepted
[2019.02.19-05.42.54:693][ 93]LogNet: Remote platform little endian=1
[2019.02.19-05.42.54:693][ 93]LogNet: This platform little endian=1
[2019.02.19-05.42.54:733][ 95]LogNet: Login request: /Game/Creations/Maps/MainMenu?Name=MSI-95A1EF1E4D005A6F7C9EB5867EEDCCF0 userId: MSI-95A1EF1E4D005A6F7C9EB5867EEDCCF0
[2019.02.19-05.42.54:733][ 95]LogNet: Login request: /Game/Creations/Maps/MainMenu?Name=MSI-027E5DAF477F11B2AF40CD98D4F5E510 userId: MSI-027E5DAF477F11B2AF40CD98D4F5E510
[2019.02.19-05.42.54:737][ 95]LogNet: Login request: /Game/Creations/Maps/MainMenu?Name=MSI-2961A9314C9D6D6703A52BBE6D9015B1 userId: MSI-2961A9314C9D6D6703A52BBE6D9015B1
[2019.02.19-05.42.54:866][ 99]LogNet: Client netspeed is 10000
[2019.02.19-05.42.54:866][ 99]LogNet: Client netspeed is 10000
[2019.02.19-05.42.54:868][ 99]LogNet: Client netspeed is 10000
[2019.02.19-05.42.55:665][123]LogNet: Join request: /Game/Creations/Maps/MainMenu?Name=MSI-027E5DAF477F11B2AF40CD98D4F5E510?SplitscreenCount=1
[2019.02.19-05.42.55:670][123]LogOnline: Warning: OSS: No game present to join for session (GameSession)
[2019.02.19-05.42.55:671][123]LogGameMode: FindPlayerStart: PATHS NOT DEFINED or NO PLAYERSTART with positive rating
[2019.02.19-05.42.55:831][123]LogNet: Join succeeded: MSI-027E5DAF477F11B2
[2019.02.19-05.42.55:832][123]LogNet: Join request: /Game/Creations/Maps/MainMenu?Name=MSI-2961A9314C9D6D6703A52BBE6D9015B1?SplitscreenCount=1
[2019.02.19-05.42.55:836][123]LogOnline: Warning: OSS: No game present to join for session (GameSession)
[2019.02.19-05.42.55:837][123]LogGameMode: FindPlayerStart: PATHS NOT DEFINED or NO PLAYERSTART with positive rating
[2019.02.19-05.42.55:873][123]LogSpawn: Warning: SpawnActor failed because of collision at the spawn location [X=7.297 Y=58.685 Z=200.000] for [testTwinstickPawn_C]
[2019.02.19-05.42.55:926][123]LogGameMode: Warning: SpawnDefaultPawnAtTransform: Couldn't spawn Pawn of type testTwinstickPawn_C at Rotation: Pitch 0.000000 Yaw 0.000000 Roll 0.000000
Translation: 0.000000 0.000000 0.000000
Scale3D: 1.000000 1.000000 1.000000

[2019.02.19-05.42.55:945][123]LogNet: Join succeeded: MSI-2961A9314C9D6D67
[2019.02.19-05.42.55:945][123]LogNet: Join request: /Game/Creations/Maps/MainMenu?Name=MSI-95A1EF1E4D005A6F7C9EB5867EEDCCF0?SplitscreenCount=1
[2019.02.19-05.42.55:953][123]LogOnline: Warning: OSS: No game present to join for session (GameSession)
[2019.02.19-05.42.55:958][123]LogGameMode: FindPlayerStart: PATHS NOT DEFINED or NO PLAYERSTART with positive rating
[2019.02.19-05.42.55:960][123]LogSpawn: Warning: SpawnActor failed because of collision at the spawn location [X=7.297 Y=58.685 Z=200.000] for [testTwinstickPawn_C]
[2019.02.19-05.42.55:962][123]LogGameMode: Warning: SpawnDefaultPawnAtTransform: Couldn't spawn Pawn of type testTwinstickPawn_C at Rotation: Pitch 0.000000 Yaw 0.000000 Roll 0.000000
Translation: 0.000000 0.000000 0.000000
Scale3D: 1.000000 1.000000 1.000000

[2019.02.19-05.42.55:964][123]LogNet: Join succeeded: MSI-95A1EF1E4D005A6F
[2019.02.19-05.47.21:388][ 87]LogNet: UChannel::ReceivedSequencedBunch: Bunch.bClose == true. ChIndex == 0. Calling ConditionalCleanUp.
[2019.02.19-05.47.21:388][ 87]LogNet: UChannel::CleanUp: ChIndex == 0. Closing connection. [UChannel] ChIndex: 0, Closing: 0 [UNetConnection] RemoteAddr: 127.0.0.1:58604, Name: IpConnection_2, Driver: GameNetDriver IpNetDriver_0, IsServer: YES, PC: mainPC_C_2, Owner: mainPC_C_2
[2019.02.19-05.47.21:390][ 87]LogNet: UNetConnection::Close: [UNetConnection] RemoteAddr: 127.0.0.1:58604, Name: IpConnection_2, Driver: GameNetDriver IpNetDriver_0, IsServer: YES, PC: mainPC_C_2, Owner: mainPC_C_2, Channels: 11, Time: 2019.02.19-05.47.21
[2019.02.19-05.47.21:390][ 87]LogNet: UChannel::Close: Sending CloseBunch. ChIndex == 0. Name: [UChannel] ChIndex: 0, Closing: 0 [UNetConnection] RemoteAddr: 127.0.0.1:58604, Name: IpConnection_2, Driver: GameNetDriver IpNetDriver_0, IsServer: YES, PC: mainPC_C_2, Owner: mainPC_C_2
[2019.02.19-05.47.21:401][ 87]LogOnline: Warning: OSS: No game present to leave for session (GameSession)
[2019.02.19-05.47.54:922][ 88]LogNet: UChannel::ReceivedSequencedBunch: Bunch.bClose == true. ChIndex == 0. Calling ConditionalCleanUp.
[2019.02.19-05.47.54:922][ 88]LogNet: UChannel::CleanUp: ChIndex == 0. Closing connection. [UChannel] ChIndex: 0, Closing: 0 [UNetConnection] RemoteAddr: 127.0.0.1:58603, Name: IpConnection_1, Driver: GameNetDriver IpNetDriver_0, IsServer: YES, PC: mainPC_C_0, Owner: mainPC_C_0
[2019.02.19-05.47.54:924][ 88]LogNet: UNetConnection::Close: [UNetConnection] RemoteAddr: 127.0.0.1:58603, Name: IpConnection_1, Driver: GameNetDriver IpNetDriver_0, IsServer: YES, PC: mainPC_C_0, Owner: mainPC_C_0, Channels: 10, Time: 2019.02.19-05.47.54
[2019.02.19-05.47.54:925][ 88]LogNet: UChannel::Close: Sending CloseBunch. ChIndex == 0. Name: [UChannel] ChIndex: 0, Closing: 0 [UNetConnection] RemoteAddr: 127.0.0.1:58603, Name: IpConnection_1, Driver: GameNetDriver IpNetDriver_0, IsServer: YES, PC: mainPC_C_0, Owner: mainPC_C_0
[2019.02.19-05.47.54:926][ 88]LogOnline: Warning: OSS: No game present to leave for session (GameSession)
[2019.02.19-05.49.09:553][321]LogNet: UChannel::ReceivedSequencedBunch: Bunch.bClose == true. ChIndex == 0. Calling ConditionalCleanUp.
[2019.02.19-05.49.09:553][321]LogNet: UChannel::CleanUp: ChIndex == 0. Closing connection. [UChannel] ChIndex: 0, Closing: 0 [UNetConnection] RemoteAddr: 127.0.0.1:58602, Name: IpConnection_0, Driver: GameNetDriver IpNetDriver_0, IsServer: YES, PC: mainPC_C_1, Owner: mainPC_C_1
[2019.02.19-05.49.09:555][321]LogNet: UNetConnection::Close: [UNetConnection] RemoteAddr: 127.0.0.1:58602, Name: IpConnection_0, Driver: GameNetDriver IpNetDriver_0, IsServer: YES, PC: mainPC_C_1, Owner: mainPC_C_1, Channels: 8, Time: 2019.02.19-05.49.09
[2019.02.19-05.49.09:556][321]LogNet: UChannel::Close: Sending CloseBunch. ChIndex == 0. Name: [UChannel] ChIndex: 0, Closing: 0 [UNetConnection] RemoteAddr: 127.0.0.1:58602, Name: IpConnection_0, Driver: GameNetDriver IpNetDriver_0, IsServer: YES, PC: mainPC_C_1, Owner: mainPC_C_1
[2019.02.19-05.49.09:557][321]LogOnline: Warning: OSS: No game present to leave for session (GameSession)
