Log file open, 04/06/19 13:59:53
LogWindows: Failed to load 'aqProf.dll' (GetLastError=126)
LogWindows: File 'aqProf.dll' does not exist
LogWindows: Failed to load 'VtuneApi.dll' (GetLastError=126)
LogWindows: File 'VtuneApi.dll' does not exist
LogWindows: Failed to load 'VtuneApi32e.dll' (GetLastError=126)
LogWindows: File 'VtuneApi32e.dll' does not exist
LogInit: Display: Running engine for game: Illuminate
LogPlatformFile: Not using cached read wrapper
LogInit: Display: RandInit(381532095) SRandInit(381532095).
LogInit: Read version file with build ID '3709383'
LogInit: Overriding engine version to CL 3794801, compatible CL 3709383
LogInit: Registered custom module enumerator with build ID '3709383'
LogTaskGraph: Started task graph with 5 named threads and 14 total threads with 3 sets of task threads.
LogStats: Stats thread started at 0.415787
LogPluginManager: Warning: Plugin 'AdvancedSessions' exists at '../../../../../../Users/lockw/OneDrive/Documents/Unreal Projects/Illuminate/Plugins/AdvancedSessions/AdvancedSessions.uplugin' and '../../../../../../Users/lockw/OneDrive/Documents/Unreal Projects/Illuminate/Plugins/AdvancedSessions.uplugin' - second location will be ignored
LogD3D11RHI: Aftermath initialized
LogModuleManager: Display: Found up-to-date module file ../../../Engine/Plugins/Online/OnlineSubsystemSteam/Binaries/Win64/UE4Editor-OnlineSubsystemSteam.dll (API version 3709383).
LogModuleManager: Display: Found up-to-date module file ../../../Engine/Plugins/Online/OnlineSubsystem/Binaries/Win64/UE4Editor-OnlineSubsystem.dll (API version 3709383).
LogModuleManager: Display: Found up-to-date module file ../../../Engine/Plugins/Online/OnlineSubsystemUtils/Binaries/Win64/UE4Editor-OnlineSubsystemUtils.dll (API version 3709383).
LogModuleManager: Display: Found up-to-date module file ../../../Engine/Plugins/Online/OnlineSubsystemUtils/Binaries/Win64/UE4Editor-OnlineBlueprintSupport.dll (API version 3709383).
LogModuleManager: Display: Found up-to-date module file ../../../Engine/Plugins/Online/OnlineFramework/Binaries/Win64/UE4Editor-Qos.dll (API version 3709383).
LogModuleManager: Display: Found up-to-date module file ../../../Engine/Plugins/Online/OnlineFramework/Binaries/Win64/UE4Editor-Party.dll (API version 3709383).
LogModuleManager: Display: Found up-to-date module file ../../../Engine/Plugins/Online/OnlineFramework/Binaries/Win64/UE4Editor-Lobby.dll (API version 3709383).
LogModuleManager: Display: Found up-to-date module file ../../../Engine/Plugins/Online/OnlineFramework/Binaries/Win64/UE4Editor-Hotfix.dll (API version 3709383).
LogModuleManager: Display: Found up-to-date module file ../../../Engine/Plugins/Online/OnlineFramework/Binaries/Win64/UE4Editor-Rejoin.dll (API version 3709383).
LogModuleManager: Display: Found up-to-date module file ../../../Engine/Plugins/Online/OnlineFramework/Binaries/Win64/UE4Editor-LoginFlow.dll (API version 3709383).
LogModuleManager: Display: Found up-to-date module file ../../../Engine/Plugins/2D/Paper2D/Binaries/Win64/UE4Editor-Paper2D.dll (API version 3709383).
LogModuleManager: Display: Found up-to-date module file ../../../Engine/Plugins/2D/Paper2D/Binaries/Win64/UE4Editor-Paper2DEditor.dll (API version 3709383).
LogModuleManager: Display: Found up-to-date module file ../../../Engine/Plugins/2D/Paper2D/Binaries/Win64/UE4Editor-PaperSpriteSheetImporter.dll (API version 3709383).
LogModuleManager: Display: Found up-to-date module file ../../../Engine/Plugins/2D/Paper2D/Binaries/Win64/UE4Editor-PaperTiledImporter.dll (API version 3709383).
LogModuleManager: Display: Found up-to-date module file ../../../Engine/Plugins/2D/Paper2D/Binaries/Win64/UE4Editor-SmartSnapping.dll (API version 3709383).
LogModuleManager: Display: Found up-to-date module file ../../../Engine/Plugins/Blendables/LightPropagationVolume/Binaries/Win64/UE4Editor-LightPropagationVolumeRuntime.dll (API version 3709383).
LogModuleManager: Display: Found up-to-date module file ../../../Engine/Plugins/Blendables/LightPropagationVolume/Binaries/Win64/UE4Editor-LightPropagationVolumeEditor.dll (API version 3709383).
LogModuleManager: Display: Found up-to-date module file ../../../Engine/Plugins/Developer/GitSourceControl/Binaries/Win64/UE4Editor-GitSourceControl.dll (API version 3709383).
LogModuleManager: Display: Found up-to-date module file ../../../Engine/Plugins/Developer/PerforceSourceControl/Binaries/Win64/UE4Editor-PerforceSourceControl.dll (API version 3709383).
LogModuleManager: Display: Found up-to-date module file ../../../Engine/Plugins/Developer/SubversionSourceControl/Binaries/Win64/UE4Editor-SubversionSourceControl.dll (API version 3709383).
LogModuleManager: Display: Found up-to-date module file ../../../Engine/Plugins/Developer/UObjectPlugin/Binaries/Win64/UE4Editor-UObjectPlugin.dll (API version 3709383).
LogModuleManager: Display: Found up-to-date module file ../../../Engine/Plugins/Developer/VisualStudioCodeSourceCodeAccess/Binaries/Win64/UE4Editor-VisualStudioCodeSourceCodeAccess.dll (API version 3709383).
LogModuleManager: Display: Found up-to-date module file ../../../Engine/Plugins/Developer/VisualStudioSourceCodeAccess/Binaries/Win64/UE4Editor-VisualStudioSourceCodeAccess.dll (API version 3709383).
LogModuleManager: Display: Found up-to-date module file ../../../Engine/Plugins/Editor/AssetManagerEditor/Binaries/Win64/UE4Editor-AssetManagerEditor.dll (API version 3709383).
LogModuleManager: Display: Found up-to-date module file ../../../Engine/Plugins/Editor/AudioCapture/Binaries/Win64/UE4Editor-AudioCapture.dll (API version 3709383).
LogModuleManager: Display: Found up-to-date module file ../../../Engine/Plugins/Editor/FacialAnimation/Binaries/Win64/UE4Editor-FacialAnimation.dll (API version 3709383).
LogModuleManager: Display: Found up-to-date module file ../../../Engine/Plugins/Editor/FacialAnimation/Binaries/Win64/UE4Editor-FacialAnimationEditor.dll (API version 3709383).
LogModuleManager: Display: Found up-to-date module file ../../../Engine/Plugins/Editor/GameplayTagsEditor/Binaries/Win64/UE4Editor-GameplayTagsEditor.dll (API version 3709383).
LogModuleManager: Display: Found up-to-date module file ../../../Engine/Plugins/Editor/MobileLauncherProfileWizard/Binaries/Win64/UE4Editor-MobileLauncherProfileWizard.dll (API version 3709383).
LogModuleManager: Display: Found up-to-date module file ../../../Engine/Plugins/Editor/PluginBrowser/Binaries/Win64/UE4Editor-PluginBrowser.dll (API version 3709383).
LogModuleManager: Display: Found up-to-date module file ../../../Engine/Plugins/Editor/SpeedTreeImporter/Binaries/Win64/UE4Editor-SpeedTreeImporter.dll (API version 3709383).
LogModuleManager: Display: Found up-to-date module file ../../../Engine/Plugins/Experimental/AlembicImporter/Binaries/Win64/UE4Editor-AlembicImporter.dll (API version 3709383).
LogModuleManager: Display: Found up-to-date module file ../../../Engine/Plugins/Experimental/AlembicImporter/Binaries/Win64/UE4Editor-AlembicLibrary.dll (API version 3709383).
LogModuleManager: Display: Found up-to-date module file ../../../Engine/Plugins/Experimental/CharacterAI/Binaries/Win64/UE4Editor-CharacterAI.dll (API version 3709383).
LogModuleManager: Display: Found up-to-date module file ../../../Engine/Plugins/Experimental/HTML5Networking/Binaries/Win64/UE4Editor-HTML5Networking.dll (API version 3709383).
LogModuleManager: Display: Found up-to-date module file ../../../Engine/Plugins/Media/AndroidMedia/Binaries/Win64/UE4Editor-AndroidMediaEditor.dll (API version 3709383).
LogModuleManager: Display: Found up-to-date module file ../../../Engine/Plugins/Media/AndroidMedia/Binaries/Win64/UE4Editor-AndroidMediaFactory.dll (API version 3709383).
LogModuleManager: Display: Found up-to-date module file ../../../Engine/Plugins/Media/AvfMedia/Binaries/Win64/UE4Editor-AvfMediaEditor.dll (API version 3709383).
LogModuleManager: Display: Found up-to-date module file ../../../Engine/Plugins/Media/AvfMedia/Binaries/Win64/UE4Editor-AvfMediaFactory.dll (API version 3709383).
LogModuleManager: Display: Found up-to-date module file ../../../Engine/Plugins/Media/AvfMedia/Binaries/Win64/UE4Editor-AvfMediaFactory.dll (API version 3709383).
LogModuleManager: Display: Found up-to-date module file ../../../Engine/Plugins/Media/ImgMedia/Binaries/Win64/UE4Editor-ImgMedia.dll (API version 3709383).
LogModuleManager: Display: Found up-to-date module file ../../../Engine/Plugins/Media/ImgMedia/Binaries/Win64/UE4Editor-ImgMediaEditor.dll (API version 3709383).
LogModuleManager: Display: Found up-to-date module file ../../../Engine/Plugins/Media/ImgMedia/Binaries/Win64/UE4Editor-ImgMediaFactory.dll (API version 3709383).
LogModuleManager: Display: Found up-to-date module file ../../../Engine/Plugins/Media/ImgMedia/Binaries/Win64/UE4Editor-ImgMediaFactory.dll (API version 3709383).
LogModuleManager: Display: Found up-to-date module file ../../../Engine/Plugins/Media/ImgMedia/Binaries/Win64/UE4Editor-OpenExrWrapper.dll (API version 3709383).
LogModuleManager: Display: Found up-to-date module file ../../../Engine/Plugins/Media/MediaCompositing/Binaries/Win64/UE4Editor-MediaCompositing.dll (API version 3709383).
LogModuleManager: Display: Found up-to-date module file ../../../Engine/Plugins/Media/MediaCompositing/Binaries/Win64/UE4Editor-MediaCompositingEditor.dll (API version 3709383).
LogModuleManager: Display: Found up-to-date module file ../../../Engine/Plugins/Media/MediaPlayerEditor/Binaries/Win64/UE4Editor-MediaPlayerEditor.dll (API version 3709383).
LogModuleManager: Display: Found up-to-date module file ../../../Engine/Plugins/Media/WmfMedia/Binaries/Win64/UE4Editor-WmfMedia.dll (API version 3709383).
LogModuleManager: Display: Found up-to-date module file ../../../Engine/Plugins/Media/WmfMedia/Binaries/Win64/UE4Editor-WmfMediaEditor.dll (API version 3709383).
LogModuleManager: Display: Found up-to-date module file ../../../Engine/Plugins/Media/WmfMedia/Binaries/Win64/UE4Editor-WmfMediaFactory.dll (API version 3709383).
LogModuleManager: Display: Found up-to-date module file ../../../Engine/Plugins/Media/WmfMedia/Binaries/Win64/UE4Editor-WmfMediaFactory.dll (API version 3709383).
LogModuleManager: Display: Found up-to-date module file ../../../Engine/Plugins/Messaging/TcpMessaging/Binaries/Win64/UE4Editor-TcpMessaging.dll (API version 3709383).
LogModuleManager: Display: Found up-to-date module file ../../../Engine/Plugins/Messaging/UdpMessaging/Binaries/Win64/UE4Editor-UdpMessaging.dll (API version 3709383).
LogModuleManager: Display: Found up-to-date module file ../../../Engine/Plugins/MovieScene/ActorSequence/Binaries/Win64/UE4Editor-ActorSequence.dll (API version 3709383).
LogModuleManager: Display: Found up-to-date module file ../../../Engine/Plugins/MovieScene/LevelSequenceEditor/Binaries/Win64/UE4Editor-LevelSequenceEditor.dll (API version 3709383).
LogModuleManager: Display: Found up-to-date module file ../../../Engine/Plugins/MovieScene/MatineeToLevelSequence/Binaries/Win64/UE4Editor-MatineeToLevelSequence.dll (API version 3709383).
LogModuleManager: Display: Found up-to-date module file ../../../Engine/Plugins/Runtime/AndroidPermission/Binaries/Win64/UE4Editor-AndroidPermission.dll (API version 3709383).
LogModuleManager: Display: Found up-to-date module file ../../../Engine/Plugins/Online/OnlineSubsystemNull/Binaries/Win64/UE4Editor-OnlineSubsystemNull.dll (API version 3709383).
LogModuleManager: Display: Found up-to-date module file ../../../Engine/Plugins/Runtime/AndroidDeviceProfileSelector/Binaries/Win64/UE4Editor-AndroidDeviceProfileSelector.dll (API version 3709383).
LogModuleManager: Display: Found up-to-date module file ../../../Engine/Plugins/Runtime/AppleARKit/Binaries/Win64/UE4Editor-AppleARKit.dll (API version 3709383).
LogModuleManager: Display: Found up-to-date module file ../../../Engine/Plugins/Runtime/ArchVisCharacter/Binaries/Win64/UE4Editor-ArchVisCharacter.dll (API version 3709383).
LogModuleManager: Display: Found up-to-date module file ../../../Engine/Plugins/Runtime/CableComponent/Binaries/Win64/UE4Editor-CableComponent.dll (API version 3709383).
LogModuleManager: Display: Found up-to-date module file ../../../Engine/Plugins/Runtime/CustomMeshComponent/Binaries/Win64/UE4Editor-CustomMeshComponent.dll (API version 3709383).
LogModuleManager: Display: Found up-to-date module file ../../../Engine/Plugins/Runtime/ExampleDeviceProfileSelector/Binaries/Win64/UE4Editor-ExampleDeviceProfileSelector.dll (API version 3709383).
LogModuleManager: Display: Found up-to-date module file ../../../Engine/Plugins/Runtime/ImmediatePhysics/Binaries/Win64/UE4Editor-ImmediatePhysics.dll (API version 3709383).
LogModuleManager: Display: Found up-to-date module file ../../../Engine/Plugins/Runtime/ImmediatePhysics/Binaries/Win64/UE4Editor-ImmediatePhysicsEditor.dll (API version 3709383).
LogModuleManager: Display: Found up-to-date module file ../../../Engine/Plugins/Runtime/LocationServicesBPLibrary/Binaries/Win64/UE4Editor-LocationServicesBPLibrary.dll (API version 3709383).
LogModuleManager: Display: Found up-to-date module file ../../../Engine/Plugins/Runtime/MobilePatchingUtils/Binaries/Win64/UE4Editor-MobilePatchingUtils.dll (API version 3709383).
LogModuleManager: Display: Found up-to-date module file ../../../Engine/Plugins/Runtime/Oculus/OculusVR/Binaries/Win64/UE4Editor-OculusHMD.dll (API version 3709383).
LogModuleManager: Display: Found up-to-date module file ../../../Engine/Plugins/Runtime/Oculus/OculusVR/Binaries/Win64/UE4Editor-OculusInput.dll (API version 3709383).
LogModuleManager: Display: Found up-to-date module file ../../../Engine/Plugins/Runtime/Oculus/OculusVR/Binaries/Win64/UE4Editor-OculusEditor.dll (API version 3709383).
LogModuleManager: Display: Found up-to-date module file ../../../Engine/Plugins/Runtime/PhysXVehicles/Binaries/Win64/UE4Editor-PhysXVehicles.dll (API version 3709383).
LogModuleManager: Display: Found up-to-date module file ../../../Engine/Plugins/Runtime/PhysXVehicles/Binaries/Win64/UE4Editor-PhysXVehiclesEditor.dll (API version 3709383).
LogModuleManager: Display: Found up-to-date module file ../../../Engine/Plugins/Runtime/ProceduralMeshComponent/Binaries/Win64/UE4Editor-ProceduralMeshComponent.dll (API version 3709383).
LogModuleManager: Display: Found up-to-date module file ../../../Engine/Plugins/Runtime/ProceduralMeshComponent/Binaries/Win64/UE4Editor-ProceduralMeshComponentEditor.dll (API version 3709383).
LogModuleManager: Display: Found up-to-date module file ../../../Engine/Plugins/Runtime/RuntimePhysXCooking/Binaries/Win64/UE4Editor-RuntimePhysXCooking.dll (API version 3709383).
LogModuleManager: Display: Found up-to-date module file ../../../Engine/Plugins/Runtime/Steam/SteamVR/Binaries/Win64/UE4Editor-SteamVR.dll (API version 3709383).
LogModuleManager: Display: Found up-to-date module file ../../../Engine/Plugins/Runtime/Steam/SteamVR/Binaries/Win64/UE4Editor-SteamVRController.dll (API version 3709383).
LogModuleManager: Display: Found up-to-date module file ../../../Engine/Plugins/Runtime/WindowsMoviePlayer/Binaries/Win64/UE4Editor-WindowsMoviePlayer.dll (API version 3709383).
LogModuleManager: Display: Found up-to-date module file ../../../../../../Users/lockw/OneDrive/Documents/Unreal Projects/Illuminate/Plugins/AdvancedSessions/Binaries/Win64/UE4Editor-AdvancedSessions.dll (API version 3709383).
LogModuleManager: Display: Found up-to-date module file ../../../../../../Users/lockw/OneDrive/Documents/Unreal Projects/Illuminate/Plugins/AdvancedSteamSessions/Binaries/Win64/UE4Editor-AdvancedSteamSessions.dll (API version 3709383).
LogPluginManager: Mounting plugin Paper2D
LogPluginManager: Mounting plugin LightPropagationVolume
LogPluginManager: Mounting plugin CodeLiteSourceCodeAccess
LogPluginManager: Mounting plugin GitSourceControl
LogPluginManager: Mounting plugin KDevelopSourceCodeAccess
LogPluginManager: Mounting plugin NullSourceCodeAccess
LogPluginManager: Mounting plugin PerforceSourceControl
LogPluginManager: Mounting plugin SubversionSourceControl
LogPluginManager: Mounting plugin UObjectPlugin
LogPluginManager: Mounting plugin VisualStudioCodeSourceCodeAccess
LogPluginManager: Mounting plugin VisualStudioSourceCodeAccess
LogPluginManager: Mounting plugin XCodeSourceCodeAccess
LogPluginManager: Mounting plugin AssetManagerEditor
LogPluginManager: Mounting plugin AudioCapture
LogPluginManager: Mounting plugin FacialAnimation
LogPluginManager: Mounting plugin GameplayTagsEditor
LogPluginManager: Mounting plugin MobileLauncherProfileWizard
LogPluginManager: Mounting plugin PluginBrowser
LogPluginManager: Mounting plugin SpeedTreeImporter
LogPluginManager: Mounting plugin AlembicImporter
LogPluginManager: Mounting plugin CharacterAI
LogPluginManager: Mounting plugin HTML5Networking
LogPluginManager: Mounting plugin AndroidMedia
LogPluginManager: Mounting plugin AvfMedia
LogPluginManager: Mounting plugin ImgMedia
LogPluginManager: Mounting plugin MediaCompositing
LogPluginManager: Mounting plugin MediaPlayerEditor
LogPluginManager: Mounting plugin WmfMedia
LogPluginManager: Mounting plugin TcpMessaging
LogPluginManager: Mounting plugin UdpMessaging
LogPluginManager: Mounting plugin ActorSequence
LogPluginManager: Mounting plugin LevelSequenceEditor
LogPluginManager: Mounting plugin MatineeToLevelSequence
LogPluginManager: Mounting plugin OnlineSubsystemGooglePlay
LogPluginManager: Mounting plugin OnlineSubsystemIOS
LogPluginManager: Mounting plugin OnlineFramework
LogPluginManager: Mounting plugin OnlineSubsystem
LogPluginManager: Mounting plugin OnlineSubsystemNull
LogPluginManager: Mounting plugin OnlineSubsystemSteam
LogPluginManager: Mounting plugin OnlineSubsystemUtils
LogPluginManager: Mounting plugin AndroidDeviceProfileSelector
LogPluginManager: Mounting plugin AndroidMoviePlayer
LogPluginManager: Mounting plugin AndroidPermission
LogPluginManager: Mounting plugin AppleARKit
LogPluginManager: Mounting plugin AppleMoviePlayer
LogPluginManager: Mounting plugin ArchVisCharacter
LogPluginManager: Mounting plugin CableComponent
LogPluginManager: Mounting plugin CustomMeshComponent
LogPluginManager: Mounting plugin ExampleDeviceProfileSelector
LogPluginManager: Mounting plugin GoogleCloudMessaging
LogPluginManager: Mounting plugin ImmediatePhysics
LogPluginManager: Mounting plugin IOSDeviceProfileSelector
LogPluginManager: Mounting plugin LinuxDeviceProfileSelector
LogPluginManager: Mounting plugin LocationServicesBPLibrary
LogPluginManager: Mounting plugin MobilePatchingUtils
LogPluginManager: Mounting plugin OculusVR
LogPluginManager: Plugin shader directory ../../../Engine/Plugins/Runtime/Oculus/OculusVR/Shaders found
LogPluginManager: Mapping shader source directory ../../../Engine/Plugins/Runtime/Oculus/OculusVR/Shaders to virtual directory /Plugin/OculusVR
LogPluginManager: Mounting plugin PhysXVehicles
LogPluginManager: Mounting plugin ProceduralMeshComponent
LogPluginManager: Mounting plugin RuntimePhysXCooking
LogPluginManager: Mounting plugin SteamVR
LogPluginManager: Mounting plugin WindowsMoviePlayer
LogPluginManager: Mounting plugin AdvancedSessions
LogPluginManager: Mounting plugin AdvancedSteamSessions
LogInit: Using libcurl 7.47.1
LogInit:  - built for x86_64-pc-win32
LogInit:  - supports SSL with OpenSSL/1.0.2g
LogInit:  - supports HTTP deflate (compression) using libz 1.2.8
LogInit:  - other features:
LogInit:      CURL_VERSION_SSL
LogInit:      CURL_VERSION_LIBZ
LogInit:      CURL_VERSION_IPV6
LogInit:      CURL_VERSION_ASYNCHDNS
LogInit:      CURL_VERSION_LARGEFILE
LogInit:      CURL_VERSION_IDN
LogInit:  CurlRequestOptions (configurable via config and command line):
LogInit:  - bVerifyPeer = false  - Libcurl will NOT verify peer certificate
LogInit:  - bUseHttpProxy = false  - Libcurl will NOT use HTTP proxy
LogInit:  - bDontReuseConnections = false  - Libcurl will reuse connections
LogInit:  - CertBundlePath = nullptr  - Libcurl will use whatever was configured at build time.
LogOnline: Display: STEAM: Loading Steam SDK 1.39
LogOnline: Warning: STEAM: Steam API disabled!
LogOnline: Display: STEAM: OnlineSubsystemSteam::Shutdown()
LogInit: WinSock: version 1.1 (2.2), MaxSocks=32767, MaxUdp=65467
LogInit: Build: ++UE4+Release-4.18-CL-3794801
LogInit: Engine Version: 4.18.2-3794801+++UE4+Release-4.18
LogInit: Compatible Engine Version: 4.18.0-3709383+++UE4+Release-4.18
LogInit: Net CL: 3709383
LogDevObjectVersion: Number of dev versions registered: 16
LogDevObjectVersion:   Dev-Blueprints (B0D832E4-1F89-4F0D-ACCF-7EB736FD4AA2): 10
LogDevObjectVersion:   Dev-Build (E1C64328-A22C-4D53-A36C-8E866417BD8C): 0
LogDevObjectVersion:   Dev-Core (375EC13C-06E4-48FB-B500-84F0262A717E): 2
LogDevObjectVersion:   Dev-Editor (E4B068ED-F494-42E9-A231-DA0B2E46BB41): 20
LogDevObjectVersion:   Dev-Framework (CFFC743F-43B0-4480-9391-14DF171D2073): 30
LogDevObjectVersion:   Dev-Mobile (B02B49B5-BB20-44E9-A304-32B752E40360): 0
LogDevObjectVersion:   Dev-Networking (A4E4105C-59A1-49B5-A7C5-40C4547EDFEE): 0
LogDevObjectVersion:   Dev-Online (39C831C9-5AE6-47DC-9A44-9C173E1C8E7C): 0
LogDevObjectVersion:   Dev-Physics (78F01B33-EBEA-4F98-B9B4-84EACCB95AA2): 0
LogDevObjectVersion:   Dev-Platform (6631380F-2D4D-43E0-8009-CF276956A95A): 0
LogDevObjectVersion:   Dev-Rendering (12F88B9F-8875-4AFC-A67C-D90C383ABD29): 20
LogDevObjectVersion:   Dev-Sequencer (7B5AE74C-D270-4C10-A958-57980B212A5A): 4
LogDevObjectVersion:   Dev-VR (D7296918-1DD6-4BDD-9DE2-64A83CC13884): 0
LogDevObjectVersion:   Dev-LoadTimes (C2A15278-BFE7-4AFE-6C17-90FF531DF755): 1
LogDevObjectVersion:   Private-Geometry (6EACA3D4-40EC-4CC1-B786-8BED09428FC5): 1
LogDevObjectVersion:   Dev-AnimPhys (29E575DD-E0A3-4627-9D10-D276232CDCEA): 12
LogInit: Compiled (64-bit): Dec  8 2017 02:04:53
LogInit: Compiled with Visual C++: 19.00.24215.01
LogInit: Build Configuration: Development
LogInit: Branch Name: ++UE4+Release-4.18
LogInit: Command line:  127.0.0.1:7777 -game -PIEVIACONSOLE -ResX=1904 -ResY=1041  -Multiprocess -messaging -SessionName="Play in Standalone Game" -windowed GameUserSettingsINI="C:/Users/lockw/OneDrive/Documents/Unreal Projects/Illuminate/Saved/Config/Windows/PIEGameUserSettings2.ini" -MultiprocessSaveConfig  -MultiprocessOSS WinX=5 WinY=5 SAVEWINPOS=1
LogInit: Base directory: C:/Program Files/Epic Games/UE_4.18/Engine/Binaries/Win64/
LogInit: Installed Engine Build: 1
LogInit: Presizing for max 8388607 objects, including 0 objects not considered by GC, pre-allocating 0 bytes for permanent pool.
LogInit: Object subsystem initialized
[2019.04.06-21.00.00:661][  0]LogInit: Selected Device Profile: [Windows]
[2019.04.06-21.00.00:661][  0]LogInit: Applying CVar settings loaded from the selected device profile: [Windows]
[2019.04.06-21.00.00:669][  0]LogInit: Computer: MSI
[2019.04.06-21.00.00:669][  0]LogInit: User: Alex
[2019.04.06-21.00.00:669][  0]LogInit: CPU Page size=4096, Cores=4
[2019.04.06-21.00.00:669][  0]LogInit: High frequency timer resolution =2.533211 MHz
[2019.04.06-21.00.00:669][  0]LogMemory: Memory total: Physical=15.9GB (16GB approx)
[2019.04.06-21.00.00:669][  0]LogMemory: Platform Memory Stats for Windows
[2019.04.06-21.00.00:669][  0]LogMemory: Process Physical Memory: 275.94 MB used, 275.94 MB peak
[2019.04.06-21.00.00:669][  0]LogMemory: Process Virtual Memory: 274.51 MB used, 274.51 MB peak
[2019.04.06-21.00.00:669][  0]LogMemory: Physical Memory: 9722.17 MB used,  6551.17 MB free, 16273.34 MB total
[2019.04.06-21.00.00:669][  0]LogMemory: Virtual Memory: 4788.93 MB used,  6551.17 MB free, 134217728.00 MB total
[2019.04.06-21.00.02:745][  0]LogInit: Using OS detected language (en-US).
[2019.04.06-21.00.02:745][  0]LogInit: Using OS detected locale (en-US).
[2019.04.06-21.00.02:754][  0]LogTextLocalizationManager: No specific localization for 'en-US' exists, so the 'en' localization will be used.
[2019.04.06-21.00.03:891][  0]LogD3D11RHI: D3D11 adapters:
[2019.04.06-21.00.04:029][  0]LogD3D11RHI:    0. 'NVIDIA GeForce GTX 965M' (Feature Level 11_0)
[2019.04.06-21.00.04:030][  0]LogD3D11RHI:       2010/0/8136 MB DedicatedVideo/DedicatedSystem/SharedSystem, Outputs:1, VendorId:0x10de
[2019.04.06-21.00.04:043][  0]LogD3D11RHI:    1. 'Intel(R) HD Graphics 4600' (Feature Level 11_0)
[2019.04.06-21.00.04:043][  0]LogD3D11RHI:       112/0/2048 MB DedicatedVideo/DedicatedSystem/SharedSystem, Outputs:0, VendorId:0x8086
[2019.04.06-21.00.04:047][  0]LogD3D11RHI:    2. 'Microsoft Basic Render Driver' (Feature Level 11_0)
[2019.04.06-21.00.04:047][  0]LogD3D11RHI:       0/0/8136 MB DedicatedVideo/DedicatedSystem/SharedSystem, Outputs:0, VendorId:0x1414
[2019.04.06-21.00.04:047][  0]LogD3D11RHI: Chosen D3D11 Adapter: 0
[2019.04.06-21.00.04:098][  0]LogD3D11RHI: Creating new Direct3DDevice
[2019.04.06-21.00.04:098][  0]LogD3D11RHI:     GPU DeviceId: 0x13d9 (for the marketing name, search the web for "GPU Device Id")
[2019.04.06-21.00.04:098][  0]LogWindows: EnumDisplayDevices:
[2019.04.06-21.00.04:098][  0]LogWindows:    0. 'Intel(R) HD Graphics 4600' (P:1 D:1)
[2019.04.06-21.00.04:099][  0]LogWindows:    1. 'Intel(R) HD Graphics 4600' (P:0 D:0)
[2019.04.06-21.00.04:099][  0]LogWindows:    2. 'Intel(R) HD Graphics 4600' (P:0 D:0)
[2019.04.06-21.00.04:100][  0]LogWindows: DebugString: GetVideoDriverDetailsInvalid PrimaryIsNotTheChoosenAdapter GetVideoDriverDetailsInvalid PrimaryIsNotTheChoosenAdapter GetVideoDriverDetailsInvalid PrimaryIsNotTheChoosenAdapter FoundDriverCount:0 
[2019.04.06-21.00.04:100][  0]LogD3D11RHI:     Adapter Name: NVIDIA GeForce GTX 965M
[2019.04.06-21.00.04:100][  0]LogD3D11RHI:   Driver Version: Unknown (internal:Unknown, unified:Unknown)
[2019.04.06-21.00.04:100][  0]LogD3D11RHI:      Driver Date: Unknown
[2019.04.06-21.00.04:100][  0]LogRHI: Texture pool is 1407 MB (70% of 2010 MB)
[2019.04.06-21.00.04:191][  0]LogD3D11RHI: Async texture creation enabled
[2019.04.06-21.00.04:217][  0]LogD3D11RHI: GPU Timing Frequency: 1000.000000 (Debug: 2 2)
[2019.04.06-21.00.04:219][  0]LogShaderCompilers: Guid format shader working directory is -28 characters bigger than the processId version (../../../../../../Users/lockw/OneDrive/Documents/Unreal Projects/Illuminate/Intermediate/Shaders/WorkingDirectory/764/).
[2019.04.06-21.00.04:219][  0]LogShaderCompilers: Cleaned the shader compiler working directory 'C:/Users/lockw/AppData/Local/Temp/UnrealShaderWorkingDir/C3FE684644181C92804F2CB4026EFA55/'.
[2019.04.06-21.00.04:220][  0]LogShaderCompilers: Display: Using Local Shader Compiler.
[2019.04.06-21.00.07:010][  0]LogTemp: Display: Loaded TP WindowsClientTargetPlatform
[2019.04.06-21.00.07:243][  0]LogTemp: Display: Loaded TP WindowsNoEditorTargetPlatform
[2019.04.06-21.00.07:497][  0]LogTemp: Display: Loaded TP WindowsServerTargetPlatform
[2019.04.06-21.00.07:740][  0]LogTemp: Display: Loaded TP WindowsTargetPlatform
[2019.04.06-21.00.07:740][  0]LogTargetPlatformManager: Display: Building Assets For Windows
[2019.04.06-21.00.10:102][  0]LogDerivedDataCache: Display: Max Cache Size: 512 MB
[2019.04.06-21.00.10:361][  0]LogDerivedDataCache: Loaded boot cache 0.26s 78MB C:/Users/lockw/AppData/Local/UnrealEngine/4.18/DerivedDataCache/Boot.ddc.
[2019.04.06-21.00.10:362][  0]LogDerivedDataCache: Display: Loaded Boot cache: C:/Users/lockw/AppData/Local/UnrealEngine/4.18/DerivedDataCache/Boot.ddc
[2019.04.06-21.00.10:362][  0]LogDerivedDataCache: FDerivedDataBackendGraph:  Pak pak cache file ../../../../../../Users/lockw/OneDrive/Documents/Unreal Projects/Illuminate/DerivedDataCache/DDC.ddp not found, will not use a pak cache.
[2019.04.06-21.00.10:362][  0]LogDerivedDataCache: Unable to find inner node Pak for hierarchical cache Hierarchy.
[2019.04.06-21.00.10:362][  0]LogDerivedDataCache: FDerivedDataBackendGraph:  CompressedPak pak cache file ../../../../../../Users/lockw/OneDrive/Documents/Unreal Projects/Illuminate/DerivedDataCache/Compressed.ddp not found, will not use a pak cache.
[2019.04.06-21.00.10:362][  0]LogDerivedDataCache: Unable to find inner node CompressedPak for hierarchical cache Hierarchy.
[2019.04.06-21.00.10:397][  0]LogDerivedDataCache: Display: Pak cache opened for reading ../../../Engine/DerivedDataCache/Compressed.ddp.
[2019.04.06-21.00.10:411][  0]LogDerivedDataCache: Using Local data cache path C:/Users/lockw/AppData/Local/UnrealEngine/Common/DerivedDataCache: Writable
[2019.04.06-21.00.10:444][  0]LogMaterial: Verifying Global Shaders for PCD3D_SM5
[2019.04.06-21.00.10:445][  0]LogSlate: Using Freetype 2.6.0
[2019.04.06-21.00.10:447][  0]LogSlate: SlateFontCache - WITH_FREETYPE: 1, WITH_HARFBUZZ: 1
[2019.04.06-21.00.10:447][  0]LogSlate: SlateFontCache - WITH_FREETYPE: 1, WITH_HARFBUZZ: 1
[2019.04.06-21.00.11:339][  0]LogAssetRegistry: FAssetRegistry took 0.0213 seconds to start up
[2019.04.06-21.00.11:372][  0]LogPackageLocalizationCache: Processed 7 localized package path(s) for 2 prioritized culture(s) in 0.033016 seconds
[2019.04.06-21.00.11:716][  0]LogInit: Selected Device Profile: [Windows]
[2019.04.06-21.00.13:322][  0]LogSimplygon: Simplygon DLL not present - disabling.
[2019.04.06-21.00.13:519][  0]LogMeshReduction: Using SimplygonSwarm for distributed automatic mesh merging
[2019.04.06-21.00.13:519][  0]LogMeshReduction: Using QuadricMeshReduction for automatic static mesh reduction
[2019.04.06-21.00.13:519][  0]LogMeshReduction: No automatic skeletal mesh reduction module available
[2019.04.06-21.00.13:519][  0]LogMeshReduction: No automatic mesh merging module available
[2019.04.06-21.00.13:519][  0]LogMeshMerging: No automatic mesh merging module available
[2019.04.06-21.00.13:629][  0]LogNetVersion: Illuminate , NetCL: 3709383, EngineNetVer: 2, GameNetVer: 0 (Checksum: 1556659199)
[2019.04.06-21.00.22:093][  0]LogMoviePlayer: Initializing movie player
[2019.04.06-21.00.23:698][  0]LogCollectionManager: Loaded 0 collections in 0.009503 seconds
[2019.04.06-21.00.23:841][  0]LogFileCache: Scanning file cache for directory 'C:/Users/lockw/OneDrive/Documents/Unreal Projects/Illuminate/Saved/Collections/' took 0.01s
[2019.04.06-21.00.23:841][  0]LogFileCache: Scanning file cache for directory 'C:/Users/lockw/OneDrive/Documents/Unreal Projects/Illuminate/Content/Developers/Alex/Collections/' took 0.01s
[2019.04.06-21.00.23:841][  0]LogFileCache: Scanning file cache for directory 'C:/Users/lockw/OneDrive/Documents/Unreal Projects/Illuminate/Content/Collections/' took 0.01s
[2019.04.06-21.00.23:841][  0]LogCollectionManager: Rebuilt the object cache for 0 collections in 0.000000 seconds (found 0 objects)
[2019.04.06-21.00.23:841][  0]LogCollectionManager: Fixed up redirectors for 0 collections in 0.000131 seconds (updated 0 objects)
[2019.04.06-21.00.24:836][  0]LogTcpMessaging: Initializing TcpMessaging bridge
[2019.04.06-21.00.25:031][  0]LogUdpMessaging: Initializing bridge on interface 0.0.0.0:0 to multicast group 230.0.0.1:6666.
[2019.04.06-21.00.28:148][  0]SourceControl: Source control is disabled
[2019.04.06-21.00.28:149][  0]SourceControl: Source control is disabled
[2019.04.06-21.00.28:442][  0]SourceControl: Source control is disabled
[2019.04.06-21.00.32:161][  0]LogAndroidPermission: UAndroidPermissionCallbackProxy::GetInstance
[2019.04.06-21.00.33:740][  0]LogOcInput: OculusInput pre-init called
[2019.04.06-21.00.34:419][  0]LogUObjectArray: 39813 objects as part of root set at end of initial load.
[2019.04.06-21.00.34:419][  0]LogUObjectAllocator: 8734536 out of 0 bytes used by permanent object pool.
[2019.04.06-21.00.34:419][  0]LogUObjectArray: CloseDisregardForGC: 0/0 objects in disregard for GC pool
[2019.04.06-21.00.34:895][  0]LogEngine: Initializing Engine...
[2019.04.06-21.00.34:904][  0]LogHMD: Failed to initialize OpenVR with code 110
[2019.04.06-21.00.35:433][  0]LogStats: UGameplayTagsManager::ConstructGameplayTagTree: Construct from data asset -  0.000 s
[2019.04.06-21.00.35:434][  0]LogStats: UGameplayTagsManager::ConstructGameplayTagTree: GameplayTagTreeChangedEvent.Broadcast -  0.000 s
[2019.04.06-21.00.35:512][  0]LogInit: XAudio2 using 'Speakers (Realtek High Definition Audio)' : 6 channels at 48 kHz using 32 bits per sample (channel mask 0x3f)
[2019.04.06-21.00.35:732][  0]LogInit: FAudioDevice initialized.
[2019.04.06-21.00.35:793][  0]LogInit: Texture streaming: Enabled
[2019.04.06-21.00.35:840][  0]LogMaterial: Uniform references updated for custom material expression Custom.
[2019.04.06-21.00.42:876][  0]LogInit: Display: Game Engine Initialized.
[2019.04.06-21.00.42:876][  0]LogGameplayTags: Display: UGameplayTagsManager::DoneAddingNativeTags. DelegateIsBound: 0
[2019.04.06-21.00.44:069][  0]LogInit: Display: Starting Game.
[2019.04.06-21.00.44:070][  0]LogNet: Browse: 127.0.0.1//Game/Creations/Maps/MainMenu?Name=Player
[2019.04.06-21.00.44:070][  0]LogOnline: Warning: STEAM: Steam API disabled!
[2019.04.06-21.00.44:070][  0]LogOnline: Display: STEAM: OnlineSubsystemSteam::Shutdown()
[2019.04.06-21.00.44:070][  0]LogTemp: Display: ParseSettings for GameNetDriver
[2019.04.06-21.00.44:070][  0]LogTemp: Display: ParseSettings for IpNetDriver_0
[2019.04.06-21.00.44:070][  0]LogTemp: Display: ParseSettings for PendingNetDriver
[2019.04.06-21.00.44:071][  0]LogInit: WinSock: Socket queue 32768 / 32768
[2019.04.06-21.00.44:075][  0]LogInit: WinSock: I am MSI (158.104.225.238:0)
[2019.04.06-21.00.44:075][  0]PacketHandlerLog: Loaded PacketHandler component: Engine.EngineHandlerComponentFactory (StatelessConnectHandlerComponent)
[2019.04.06-21.00.44:076][  0]LogNet: Game client on port 7777, rate 10000
[2019.04.06-21.00.45:128][  0]LogLoad: (Engine Initialization) Total time: 56.53 seconds
[2019.04.06-21.00.45:128][  0]LogLoad: (Engine Initialization) Total Blueprint compile time: 0.00 seconds
[2019.04.06-21.00.45:128][  0]LogExternalProfiler: Found external profiler: VSPerf
[2019.04.06-21.00.45:128][  0]LogExternalProfiler: Using external profiler: VSPerf
[2019.04.06-21.00.45:154][  0]LogContentStreaming: Texture pool size now 1000 MB
[2019.04.06-21.00.46:540][ 79]LogHandshake: SendChallengeResponse. Timestamp: 0.040602, Cookie: 136125112049163188066140136085171206250139103184255005118012
[2019.04.06-21.00.46:764][ 92]LogNetVersion: Illuminate 1.0.0.0, NetCL: 3709383, EngineNetVer: 2, GameNetVer: 0 (Checksum: 1067519852)
[2019.04.06-21.00.46:765][ 92]LogNet: UPendingNetGame::SendInitialJoin: Sending hello. [UNetConnection] RemoteAddr: 127.0.0.1:7777, Name: IpConnection_0, Driver: PendingNetDriver IpNetDriver_0, IsServer: NO, PC: NULL, Owner: NULL
[2019.04.06-21.00.46:837][ 95]LogNet: Welcomed by server (Level: /Game/Creations/Maps/MainMenu, Game: /Game/Creations/GInstances/MainGm.MainGm_C)
[2019.04.06-21.00.46:839][ 95]LogLoad: LoadMap: 127.0.0.1//Game/Creations/Maps/MainMenu?Name=Player?game=/Game/Creations/GInstances/MainGm.MainGm_C
[2019.04.06-21.00.47:988][ 95]LogAIModule: Creating AISystem for world MainMenu
[2019.04.06-21.00.47:989][ 95]LogTemp: Display: ParseSettings for GameNetDriver
[2019.04.06-21.00.47:991][ 95]LogWorld: Bringing World /Game/Creations/Maps/MainMenu.MainMenu up for play (max tick rate 0) at 2019.04.06-14.00.47
[2019.04.06-21.00.47:992][ 95]LogWorld: Bringing up level for play took: 0.000879
[2019.04.06-21.00.47:993][ 95]LogLoad: Took 1.154700 seconds to LoadMap(/Game/Creations/Maps/MainMenu)
[2019.04.06-21.00.48:492][ 96]LogRenderer: Reallocating scene render targets to support 1904x1044 Format 10 NumSamples 1 (Frame:1).
[2019.04.06-21.00.48:506][ 96]AdvancedSessionsLog: Warning: GetLocalPlayerNameFromController had a bad player state!
[2019.04.06-21.00.48:511][ 96]LogOnline: Warning: OSS: No game present to join for session (GameSession)
[2019.04.06-21.00.48:512][ 96]LogOnline: Warning: OSS: No game present to join for session (GameSession)
[2019.04.06-21.00.48:512][ 96]LogOnline: Warning: OSS: No game present to join for session (GameSession)
[2019.04.06-21.00.48:517][ 96]LogScript: Warning: Accessed None trying to read property CallFunc_K2_GetPawn_ReturnValue7
	mainPC_C /Game/Creations/Maps/MainMenu.MainMenu:PersistentLevel.mainPC_C_0
	Function /Game/Creations/GInstances/mainPC.mainPC_C:ExecuteUbergraph_mainPC:1A0B
[2019.04.06-21.00.48:517][ 96]LogScript: Warning: Script call stack:
	Function /Game/Creations/GInstances/mainPC.mainPC_C:ReceiveTick
	Function /Game/Creations/GInstances/mainPC.mainPC_C:ExecuteUbergraph_mainPC

[2019.04.06-21.00.48:517][ 96]LogNet: Warning: UIpNetDriver::ProcessRemoteFunction: No owning connection for actor testTwinstickPawn_C_0. Function serverMove will not be processed.
[2019.04.06-21.00.48:626][ 97]LogScript: Warning: Accessed None trying to read property CallFunc_K2_GetPawn_ReturnValue7
	mainPC_C /Game/Creations/Maps/MainMenu.MainMenu:PersistentLevel.mainPC_C_0
	Function /Game/Creations/GInstances/mainPC.mainPC_C:ExecuteUbergraph_mainPC:1A0B
[2019.04.06-21.00.48:626][ 97]LogScript: Warning: Script call stack:
	Function /Game/Creations/GInstances/mainPC.mainPC_C:ReceiveTick
	Function /Game/Creations/GInstances/mainPC.mainPC_C:ExecuteUbergraph_mainPC

[2019.04.06-21.00.48:626][ 97]LogNet: Warning: UIpNetDriver::ProcessRemoteFunction: No owning connection for actor testTwinstickPawn_C_0. Function serverMove will not be processed.
[2019.04.06-21.00.48:657][ 98]LogScript: Warning: Accessed None trying to read property CallFunc_K2_GetPawn_ReturnValue7
	mainPC_C /Game/Creations/Maps/MainMenu.MainMenu:PersistentLevel.mainPC_C_0
	Function /Game/Creations/GInstances/mainPC.mainPC_C:ExecuteUbergraph_mainPC:1A0B
[2019.04.06-21.00.48:657][ 98]LogScript: Warning: Script call stack:
	Function /Game/Creations/GInstances/mainPC.mainPC_C:ReceiveTick
	Function /Game/Creations/GInstances/mainPC.mainPC_C:ExecuteUbergraph_mainPC

[2019.04.06-21.00.48:657][ 98]LogNet: Warning: UIpNetDriver::ProcessRemoteFunction: No owning connection for actor testTwinstickPawn_C_0. Function serverMove will not be processed.
[2019.04.06-21.00.48:675][ 99]LogScript: Warning: Accessed None trying to read property CallFunc_K2_GetPawn_ReturnValue7
	mainPC_C /Game/Creations/Maps/MainMenu.MainMenu:PersistentLevel.mainPC_C_0
	Function /Game/Creations/GInstances/mainPC.mainPC_C:ExecuteUbergraph_mainPC:1A0B
[2019.04.06-21.00.48:675][ 99]LogScript: Warning: Script call stack:
	Function /Game/Creations/GInstances/mainPC.mainPC_C:ReceiveTick
	Function /Game/Creations/GInstances/mainPC.mainPC_C:ExecuteUbergraph_mainPC

[2019.04.06-21.00.48:675][ 99]LogNet: Warning: UIpNetDriver::ProcessRemoteFunction: No owning connection for actor testTwinstickPawn_C_0. Function serverMove will not be processed.
[2019.04.06-21.00.48:707][100]LogScript: Warning: Accessed None trying to read property CallFunc_K2_GetPawn_ReturnValue7
	mainPC_C /Game/Creations/Maps/MainMenu.MainMenu:PersistentLevel.mainPC_C_0
	Function /Game/Creations/GInstances/mainPC.mainPC_C:ExecuteUbergraph_mainPC:1A0B
[2019.04.06-21.00.48:707][100]LogScript: Warning: Script call stack:
	Function /Game/Creations/GInstances/mainPC.mainPC_C:ReceiveTick
	Function /Game/Creations/GInstances/mainPC.mainPC_C:ExecuteUbergraph_mainPC

[2019.04.06-21.00.48:707][100]LogNet: Warning: UIpNetDriver::ProcessRemoteFunction: No owning connection for actor testTwinstickPawn_C_0. Function serverMove will not be processed.
[2019.04.06-21.00.48:745][101]LogScript: Warning: Accessed None trying to read property CallFunc_K2_GetPawn_ReturnValue7
	mainPC_C /Game/Creations/Maps/MainMenu.MainMenu:PersistentLevel.mainPC_C_0
	Function /Game/Creations/GInstances/mainPC.mainPC_C:ExecuteUbergraph_mainPC:1A0B
[2019.04.06-21.00.48:745][101]LogScript: Warning: Script call stack:
	Function /Game/Creations/GInstances/mainPC.mainPC_C:ReceiveTick
	Function /Game/Creations/GInstances/mainPC.mainPC_C:ExecuteUbergraph_mainPC

[2019.04.06-21.00.48:745][101]LogNet: Warning: UIpNetDriver::ProcessRemoteFunction: No owning connection for actor testTwinstickPawn_C_0. Function serverMove will not be processed.
[2019.04.06-21.00.48:779][102]LogScript: Warning: Accessed None trying to read property CallFunc_K2_GetPawn_ReturnValue7
	mainPC_C /Game/Creations/Maps/MainMenu.MainMenu:PersistentLevel.mainPC_C_0
	Function /Game/Creations/GInstances/mainPC.mainPC_C:ExecuteUbergraph_mainPC:1A0B
[2019.04.06-21.00.48:779][102]LogScript: Warning: Script call stack:
	Function /Game/Creations/GInstances/mainPC.mainPC_C:ReceiveTick
	Function /Game/Creations/GInstances/mainPC.mainPC_C:ExecuteUbergraph_mainPC

[2019.04.06-21.00.48:780][102]LogNet: Warning: UIpNetDriver::ProcessRemoteFunction: No owning connection for actor testTwinstickPawn_C_0. Function serverMove will not be processed.
[2019.04.06-21.00.48:822][103]LogScript: Warning: Accessed None trying to read property CallFunc_K2_GetPawn_ReturnValue7
	mainPC_C /Game/Creations/Maps/MainMenu.MainMenu:PersistentLevel.mainPC_C_0
	Function /Game/Creations/GInstances/mainPC.mainPC_C:ExecuteUbergraph_mainPC:1A0B
[2019.04.06-21.00.48:822][103]LogScript: Warning: Script call stack:
	Function /Game/Creations/GInstances/mainPC.mainPC_C:ReceiveTick
	Function /Game/Creations/GInstances/mainPC.mainPC_C:ExecuteUbergraph_mainPC

[2019.04.06-21.00.48:822][103]LogNet: Warning: UIpNetDriver::ProcessRemoteFunction: No owning connection for actor testTwinstickPawn_C_0. Function serverMove will not be processed.
[2019.04.06-21.00.48:861][104]LogScript: Warning: Accessed None trying to read property CallFunc_K2_GetPawn_ReturnValue7
	mainPC_C /Game/Creations/Maps/MainMenu.MainMenu:PersistentLevel.mainPC_C_0
	Function /Game/Creations/GInstances/mainPC.mainPC_C:ExecuteUbergraph_mainPC:1A0B
[2019.04.06-21.00.48:861][104]LogScript: Warning: Script call stack:
	Function /Game/Creations/GInstances/mainPC.mainPC_C:ReceiveTick
	Function /Game/Creations/GInstances/mainPC.mainPC_C:ExecuteUbergraph_mainPC

[2019.04.06-21.00.48:861][104]LogNet: Warning: UIpNetDriver::ProcessRemoteFunction: No owning connection for actor testTwinstickPawn_C_0. Function serverMove will not be processed.
[2019.04.06-21.00.48:903][105]LogScript: Warning: Accessed None trying to read property CallFunc_K2_GetPawn_ReturnValue7
	mainPC_C /Game/Creations/Maps/MainMenu.MainMenu:PersistentLevel.mainPC_C_0
	Function /Game/Creations/GInstances/mainPC.mainPC_C:ExecuteUbergraph_mainPC:1A0B
[2019.04.06-21.00.48:903][105]LogScript: Warning: Script call stack:
	Function /Game/Creations/GInstances/mainPC.mainPC_C:ReceiveTick
	Function /Game/Creations/GInstances/mainPC.mainPC_C:ExecuteUbergraph_mainPC

[2019.04.06-21.00.48:903][105]LogNet: Warning: UIpNetDriver::ProcessRemoteFunction: No owning connection for actor testTwinstickPawn_C_0. Function serverMove will not be processed.
[2019.04.06-21.00.48:940][106]LogScript: Warning: Accessed None trying to read property CallFunc_K2_GetPawn_ReturnValue7
	mainPC_C /Game/Creations/Maps/MainMenu.MainMenu:PersistentLevel.mainPC_C_0
	Function /Game/Creations/GInstances/mainPC.mainPC_C:ExecuteUbergraph_mainPC:1A0B
[2019.04.06-21.00.48:940][106]LogScript: Warning: Script call stack:
	Function /Game/Creations/GInstances/mainPC.mainPC_C:ReceiveTick
	Function /Game/Creations/GInstances/mainPC.mainPC_C:ExecuteUbergraph_mainPC

[2019.04.06-21.00.48:940][106]LogNet: Warning: UIpNetDriver::ProcessRemoteFunction: No owning connection for actor testTwinstickPawn_C_0. Function serverMove will not be processed.
[2019.04.06-21.00.48:973][107]LogScript: Warning: Accessed None trying to read property CallFunc_K2_GetPawn_ReturnValue7
	mainPC_C /Game/Creations/Maps/MainMenu.MainMenu:PersistentLevel.mainPC_C_0
	Function /Game/Creations/GInstances/mainPC.mainPC_C:ExecuteUbergraph_mainPC:1A0B
[2019.04.06-21.00.48:974][107]LogScript: Warning: Script call stack:
	Function /Game/Creations/GInstances/mainPC.mainPC_C:ReceiveTick
	Function /Game/Creations/GInstances/mainPC.mainPC_C:ExecuteUbergraph_mainPC

[2019.04.06-21.00.48:974][107]LogNet: Warning: UIpNetDriver::ProcessRemoteFunction: No owning connection for actor testTwinstickPawn_C_0. Function serverMove will not be processed.
[2019.04.06-21.00.49:006][108]LogScript: Warning: Accessed None trying to read property CallFunc_K2_GetPawn_ReturnValue7
	mainPC_C /Game/Creations/Maps/MainMenu.MainMenu:PersistentLevel.mainPC_C_0
	Function /Game/Creations/GInstances/mainPC.mainPC_C:ExecuteUbergraph_mainPC:1A0B
[2019.04.06-21.00.49:006][108]LogScript: Warning: Script call stack:
	Function /Game/Creations/GInstances/mainPC.mainPC_C:ReceiveTick
	Function /Game/Creations/GInstances/mainPC.mainPC_C:ExecuteUbergraph_mainPC

[2019.04.06-21.00.49:006][108]LogNet: Warning: UIpNetDriver::ProcessRemoteFunction: No owning connection for actor testTwinstickPawn_C_0. Function serverMove will not be processed.
[2019.04.06-21.00.49:055][109]LogScript: Warning: Accessed None trying to read property CallFunc_K2_GetPawn_ReturnValue7
	mainPC_C /Game/Creations/Maps/MainMenu.MainMenu:PersistentLevel.mainPC_C_0
	Function /Game/Creations/GInstances/mainPC.mainPC_C:ExecuteUbergraph_mainPC:1A0B
[2019.04.06-21.00.49:055][109]LogScript: Warning: Script call stack:
	Function /Game/Creations/GInstances/mainPC.mainPC_C:ReceiveTick
	Function /Game/Creations/GInstances/mainPC.mainPC_C:ExecuteUbergraph_mainPC

[2019.04.06-21.00.49:055][109]LogNet: Warning: UIpNetDriver::ProcessRemoteFunction: No owning connection for actor testTwinstickPawn_C_0. Function serverMove will not be processed.
[2019.04.06-21.00.49:105][110]LogScript: Warning: Accessed None trying to read property CallFunc_K2_GetPawn_ReturnValue7
	mainPC_C /Game/Creations/Maps/MainMenu.MainMenu:PersistentLevel.mainPC_C_0
	Function /Game/Creations/GInstances/mainPC.mainPC_C:ExecuteUbergraph_mainPC:1A0B
[2019.04.06-21.00.49:105][110]LogScript: Warning: Script call stack:
	Function /Game/Creations/GInstances/mainPC.mainPC_C:ReceiveTick
	Function /Game/Creations/GInstances/mainPC.mainPC_C:ExecuteUbergraph_mainPC

[2019.04.06-21.00.49:105][110]LogNet: Warning: UIpNetDriver::ProcessRemoteFunction: No owning connection for actor testTwinstickPawn_C_0. Function serverMove will not be processed.
[2019.04.06-21.00.49:150][111]LogScript: Warning: Accessed None trying to read property CallFunc_K2_GetPawn_ReturnValue7
	mainPC_C /Game/Creations/Maps/MainMenu.MainMenu:PersistentLevel.mainPC_C_0
	Function /Game/Creations/GInstances/mainPC.mainPC_C:ExecuteUbergraph_mainPC:1A0B
[2019.04.06-21.00.49:150][111]LogScript: Warning: Script call stack:
	Function /Game/Creations/GInstances/mainPC.mainPC_C:ReceiveTick
	Function /Game/Creations/GInstances/mainPC.mainPC_C:ExecuteUbergraph_mainPC

[2019.04.06-21.00.49:151][111]LogNet: Warning: UIpNetDriver::ProcessRemoteFunction: No owning connection for actor testTwinstickPawn_C_0. Function serverMove will not be processed.
[2019.04.06-21.00.49:188][112]LogScript: Warning: Accessed None trying to read property CallFunc_K2_GetPawn_ReturnValue7
	mainPC_C /Game/Creations/Maps/MainMenu.MainMenu:PersistentLevel.mainPC_C_0
	Function /Game/Creations/GInstances/mainPC.mainPC_C:ExecuteUbergraph_mainPC:1A0B
[2019.04.06-21.00.49:188][112]LogScript: Warning: Script call stack:
	Function /Game/Creations/GInstances/mainPC.mainPC_C:ReceiveTick
	Function /Game/Creations/GInstances/mainPC.mainPC_C:ExecuteUbergraph_mainPC

[2019.04.06-21.00.49:188][112]LogNet: Warning: UIpNetDriver::ProcessRemoteFunction: No owning connection for actor testTwinstickPawn_C_0. Function serverMove will not be processed.
[2019.04.06-21.00.49:229][113]LogNet: Warning: UIpNetDriver::ProcessRemoteFunction: No owning connection for actor testTwinstickPawn_C_0. Function serverMove will not be processed.
[2019.04.06-21.00.49:256][114]LogNet: Warning: UIpNetDriver::ProcessRemoteFunction: No owning connection for actor testTwinstickPawn_C_0. Function serverMove will not be processed.
[2019.04.06-21.00.49:293][115]LogNet: Warning: UIpNetDriver::ProcessRemoteFunction: No owning connection for actor testTwinstickPawn_C_0. Function serverMove will not be processed.
[2019.04.06-21.00.49:327][116]LogNet: Warning: UIpNetDriver::ProcessRemoteFunction: No owning connection for actor testTwinstickPawn_C_0. Function serverMove will not be processed.
[2019.04.06-21.00.49:369][117]LogNet: Warning: UIpNetDriver::ProcessRemoteFunction: No owning connection for actor testTwinstickPawn_C_0. Function serverMove will not be processed.
[2019.04.06-21.00.49:407][118]LogNet: Warning: UIpNetDriver::ProcessRemoteFunction: No owning connection for actor testTwinstickPawn_C_0. Function serverMove will not be processed.
[2019.04.06-21.00.49:451][119]LogNet: Warning: UIpNetDriver::ProcessRemoteFunction: No owning connection for actor testTwinstickPawn_C_0. Function serverMove will not be processed.
[2019.04.06-21.00.49:487][120]LogNet: Warning: UIpNetDriver::ProcessRemoteFunction: No owning connection for actor testTwinstickPawn_C_0. Function serverMove will not be processed.
[2019.04.06-21.00.49:521][121]LogNet: Warning: UIpNetDriver::ProcessRemoteFunction: No owning connection for actor testTwinstickPawn_C_0. Function serverMove will not be processed.
[2019.04.06-21.00.49:554][122]LogNet: Warning: UIpNetDriver::ProcessRemoteFunction: No owning connection for actor testTwinstickPawn_C_0. Function serverMove will not be processed.
[2019.04.06-21.00.49:591][123]LogNet: Warning: UIpNetDriver::ProcessRemoteFunction: No owning connection for actor testTwinstickPawn_C_0. Function serverMove will not be processed.
[2019.04.06-21.00.49:644][124]LogNet: Warning: UIpNetDriver::ProcessRemoteFunction: No owning connection for actor testTwinstickPawn_C_0. Function serverMove will not be processed.
[2019.04.06-21.00.49:679][125]LogNet: Warning: UIpNetDriver::ProcessRemoteFunction: No owning connection for actor testTwinstickPawn_C_0. Function serverMove will not be processed.
[2019.04.06-21.00.49:712][126]LogNet: Warning: UIpNetDriver::ProcessRemoteFunction: No owning connection for actor testTwinstickPawn_C_0. Function serverMove will not be processed.
[2019.04.06-21.00.49:744][127]LogNet: Warning: UIpNetDriver::ProcessRemoteFunction: No owning connection for actor testTwinstickPawn_C_0. Function serverMove will not be processed.
[2019.04.06-21.00.49:777][128]LogNet: Warning: UIpNetDriver::ProcessRemoteFunction: No owning connection for actor testTwinstickPawn_C_0. Function serverMove will not be processed.
[2019.04.06-21.00.49:811][129]LogNet: Warning: UIpNetDriver::ProcessRemoteFunction: No owning connection for actor testTwinstickPawn_C_0. Function serverMove will not be processed.
[2019.04.06-21.00.49:843][130]LogNet: Warning: UIpNetDriver::ProcessRemoteFunction: No owning connection for actor testTwinstickPawn_C_0. Function serverMove will not be processed.
[2019.04.06-21.00.49:876][131]LogNet: Warning: UIpNetDriver::ProcessRemoteFunction: No owning connection for actor testTwinstickPawn_C_0. Function serverMove will not be processed.
[2019.04.06-21.00.49:907][132]LogNet: Warning: UIpNetDriver::ProcessRemoteFunction: No owning connection for actor testTwinstickPawn_C_0. Function serverMove will not be processed.
[2019.04.06-21.00.49:958][133]LogNet: Warning: UIpNetDriver::ProcessRemoteFunction: No owning connection for actor testTwinstickPawn_C_0. Function serverMove will not be processed.
[2019.04.06-21.00.50:017][134]LogNet: Warning: UIpNetDriver::ProcessRemoteFunction: No owning connection for actor testTwinstickPawn_C_0. Function serverMove will not be processed.
[2019.04.06-21.00.50:055][135]LogNet: Warning: UIpNetDriver::ProcessRemoteFunction: No owning connection for actor testTwinstickPawn_C_0. Function serverMove will not be processed.
[2019.04.06-21.00.50:089][136]LogNet: Warning: UIpNetDriver::ProcessRemoteFunction: No owning connection for actor testTwinstickPawn_C_0. Function serverMove will not be processed.
[2019.04.06-21.00.50:121][137]LogNet: Warning: UIpNetDriver::ProcessRemoteFunction: No owning connection for actor testTwinstickPawn_C_0. Function serverMove will not be processed.
[2019.04.06-21.00.50:161][138]LogNet: Warning: UIpNetDriver::ProcessRemoteFunction: No owning connection for actor testTwinstickPawn_C_0. Function serverMove will not be processed.
[2019.04.06-21.00.50:198][139]LogNet: Warning: UIpNetDriver::ProcessRemoteFunction: No owning connection for actor testTwinstickPawn_C_0. Function serverMove will not be processed.
[2019.04.06-21.00.50:240][140]LogNet: Warning: UIpNetDriver::ProcessRemoteFunction: No owning connection for actor testTwinstickPawn_C_0. Function serverMove will not be processed.
[2019.04.06-21.00.50:274][141]LogNet: Warning: UIpNetDriver::ProcessRemoteFunction: No owning connection for actor testTwinstickPawn_C_0. Function serverMove will not be processed.
[2019.04.06-21.00.50:305][142]LogNet: Warning: UIpNetDriver::ProcessRemoteFunction: No owning connection for actor testTwinstickPawn_C_0. Function serverMove will not be processed.
[2019.04.06-21.00.50:334][143]LogNet: Warning: UIpNetDriver::ProcessRemoteFunction: No owning connection for actor testTwinstickPawn_C_0. Function serverMove will not be processed.
[2019.04.06-21.00.50:359][144]LogNet: Warning: UIpNetDriver::ProcessRemoteFunction: No owning connection for actor testTwinstickPawn_C_0. Function serverMove will not be processed.
[2019.04.06-21.00.50:375][145]LogNet: Warning: UIpNetDriver::ProcessRemoteFunction: No owning connection for actor testTwinstickPawn_C_0. Function serverMove will not be processed.
[2019.04.06-21.00.50:391][146]LogNet: Warning: UIpNetDriver::ProcessRemoteFunction: No owning connection for actor testTwinstickPawn_C_0. Function serverMove will not be processed.
[2019.04.06-21.00.50:408][147]LogNet: Warning: UIpNetDriver::ProcessRemoteFunction: No owning connection for actor testTwinstickPawn_C_0. Function serverMove will not be processed.
[2019.04.06-21.00.50:424][148]LogNet: Warning: UIpNetDriver::ProcessRemoteFunction: No owning connection for actor testTwinstickPawn_C_0. Function serverMove will not be processed.
[2019.04.06-21.00.50:440][149]LogNet: Warning: UIpNetDriver::ProcessRemoteFunction: No owning connection for actor testTwinstickPawn_C_0. Function serverMove will not be processed.
[2019.04.06-21.00.50:456][150]LogNet: Warning: UIpNetDriver::ProcessRemoteFunction: No owning connection for actor testTwinstickPawn_C_0. Function serverMove will not be processed.
[2019.04.06-21.00.50:472][151]LogNet: Warning: UIpNetDriver::ProcessRemoteFunction: No owning connection for actor testTwinstickPawn_C_0. Function serverMove will not be processed.
[2019.04.06-21.00.50:489][152]LogNet: Warning: UIpNetDriver::ProcessRemoteFunction: No owning connection for actor testTwinstickPawn_C_0. Function serverMove will not be processed.
[2019.04.06-21.00.50:505][153]LogNet: Warning: UIpNetDriver::ProcessRemoteFunction: No owning connection for actor testTwinstickPawn_C_0. Function serverMove will not be processed.
[2019.04.06-21.00.50:530][154]LogNet: Warning: UIpNetDriver::ProcessRemoteFunction: No owning connection for actor testTwinstickPawn_C_0. Function serverMove will not be processed.
[2019.04.06-21.00.50:549][155]LogNet: Warning: UIpNetDriver::ProcessRemoteFunction: No owning connection for actor testTwinstickPawn_C_0. Function serverMove will not be processed.
[2019.04.06-21.00.50:568][156]LogNet: Warning: UIpNetDriver::ProcessRemoteFunction: No owning connection for actor testTwinstickPawn_C_0. Function serverMove will not be processed.
[2019.04.06-21.00.50:586][157]LogNet: Warning: UIpNetDriver::ProcessRemoteFunction: No owning connection for actor testTwinstickPawn_C_0. Function serverMove will not be processed.
[2019.04.06-21.00.50:620][158]LogNet: Warning: UIpNetDriver::ProcessRemoteFunction: No owning connection for actor testTwinstickPawn_C_0. Function serverMove will not be processed.
[2019.04.06-21.00.50:677][159]LogNet: Warning: UIpNetDriver::ProcessRemoteFunction: No owning connection for actor testTwinstickPawn_C_0. Function serverMove will not be processed.
[2019.04.06-21.00.50:701][160]LogNet: Warning: UIpNetDriver::ProcessRemoteFunction: No owning connection for actor testTwinstickPawn_C_0. Function serverMove will not be processed.
[2019.04.06-21.00.50:720][161]LogNet: Warning: UIpNetDriver::ProcessRemoteFunction: No owning connection for actor testTwinstickPawn_C_0. Function serverMove will not be processed.
[2019.04.06-21.00.50:740][162]LogNet: Warning: UIpNetDriver::ProcessRemoteFunction: No owning connection for actor testTwinstickPawn_C_0. Function serverMove will not be processed.
[2019.04.06-21.00.50:765][163]LogNet: Warning: UIpNetDriver::ProcessRemoteFunction: No owning connection for actor testTwinstickPawn_C_0. Function serverMove will not be processed.
[2019.04.06-21.00.50:782][164]LogNet: Warning: UIpNetDriver::ProcessRemoteFunction: No owning connection for actor testTwinstickPawn_C_0. Function serverMove will not be processed.
[2019.04.06-21.00.50:800][165]LogNet: Warning: UIpNetDriver::ProcessRemoteFunction: No owning connection for actor testTwinstickPawn_C_0. Function serverMove will not be processed.
[2019.04.06-21.00.50:820][166]LogNet: Warning: UIpNetDriver::ProcessRemoteFunction: No owning connection for actor testTwinstickPawn_C_0. Function serverMove will not be processed.
[2019.04.06-21.00.50:833][167]LogNet: Warning: UIpNetDriver::ProcessRemoteFunction: No owning connection for actor testTwinstickPawn_C_0. Function serverMove will not be processed.
[2019.04.06-21.00.50:851][168]LogNet: Warning: UIpNetDriver::ProcessRemoteFunction: No owning connection for actor testTwinstickPawn_C_0. Function serverMove will not be processed.
[2019.04.06-21.00.50:867][169]LogNet: Warning: UIpNetDriver::ProcessRemoteFunction: No owning connection for actor testTwinstickPawn_C_0. Function serverMove will not be processed.
[2019.04.06-21.00.50:883][170]LogNet: Warning: UIpNetDriver::ProcessRemoteFunction: No owning connection for actor testTwinstickPawn_C_0. Function serverMove will not be processed.
[2019.04.06-21.00.50:901][171]LogNet: Warning: UIpNetDriver::ProcessRemoteFunction: No owning connection for actor testTwinstickPawn_C_0. Function serverMove will not be processed.
[2019.04.06-21.00.50:921][172]LogNet: Warning: UIpNetDriver::ProcessRemoteFunction: No owning connection for actor testTwinstickPawn_C_0. Function serverMove will not be processed.
[2019.04.06-21.00.50:939][173]LogNet: Warning: UIpNetDriver::ProcessRemoteFunction: No owning connection for actor testTwinstickPawn_C_0. Function serverMove will not be processed.
[2019.04.06-21.00.50:955][174]LogNet: Warning: UIpNetDriver::ProcessRemoteFunction: No owning connection for actor testTwinstickPawn_C_0. Function serverMove will not be processed.
[2019.04.06-21.00.50:972][175]LogNet: Warning: UIpNetDriver::ProcessRemoteFunction: No owning connection for actor testTwinstickPawn_C_0. Function serverMove will not be processed.
[2019.04.06-21.00.50:988][176]LogNet: Warning: UIpNetDriver::ProcessRemoteFunction: No owning connection for actor testTwinstickPawn_C_0. Function serverMove will not be processed.
[2019.04.06-21.00.51:004][177]LogNet: Warning: UIpNetDriver::ProcessRemoteFunction: No owning connection for actor testTwinstickPawn_C_0. Function serverMove will not be processed.
[2019.04.06-21.00.51:021][178]LogNet: Warning: UIpNetDriver::ProcessRemoteFunction: No owning connection for actor testTwinstickPawn_C_0. Function serverMove will not be processed.
[2019.04.06-21.00.51:037][179]LogNet: Warning: UIpNetDriver::ProcessRemoteFunction: No owning connection for actor testTwinstickPawn_C_0. Function serverMove will not be processed.
[2019.04.06-21.00.51:054][180]LogNet: Warning: UIpNetDriver::ProcessRemoteFunction: No owning connection for actor testTwinstickPawn_C_0. Function serverMove will not be processed.
[2019.04.06-21.00.51:070][181]LogNet: Warning: UIpNetDriver::ProcessRemoteFunction: No owning connection for actor testTwinstickPawn_C_0. Function serverMove will not be processed.
[2019.04.06-21.00.51:087][182]LogNet: Warning: UIpNetDriver::ProcessRemoteFunction: No owning connection for actor testTwinstickPawn_C_0. Function serverMove will not be processed.
[2019.04.06-21.00.51:103][183]LogNet: Warning: UIpNetDriver::ProcessRemoteFunction: No owning connection for actor testTwinstickPawn_C_0. Function serverMove will not be processed.
[2019.04.06-21.00.51:120][184]LogNet: Warning: UIpNetDriver::ProcessRemoteFunction: No owning connection for actor testTwinstickPawn_C_0. Function serverMove will not be processed.
[2019.04.06-21.00.51:140][185]LogNet: Warning: UIpNetDriver::ProcessRemoteFunction: No owning connection for actor testTwinstickPawn_C_0. Function serverMove will not be processed.
[2019.04.06-21.00.51:153][186]LogNet: Warning: UIpNetDriver::ProcessRemoteFunction: No owning connection for actor testTwinstickPawn_C_0. Function serverMove will not be processed.
[2019.04.06-21.00.51:169][187]LogNet: Warning: UIpNetDriver::ProcessRemoteFunction: No owning connection for actor testTwinstickPawn_C_0. Function serverMove will not be processed.
[2019.04.06-21.00.51:185][188]LogNet: Warning: UIpNetDriver::ProcessRemoteFunction: No owning connection for actor testTwinstickPawn_C_0. Function serverMove will not be processed.
[2019.04.06-21.00.51:201][189]LogNet: Warning: UIpNetDriver::ProcessRemoteFunction: No owning connection for actor testTwinstickPawn_C_0. Function serverMove will not be processed.
[2019.04.06-21.00.51:217][190]LogNet: Warning: UIpNetDriver::ProcessRemoteFunction: No owning connection for actor testTwinstickPawn_C_0. Function serverMove will not be processed.
[2019.04.06-21.00.51:235][191]LogNet: Warning: UIpNetDriver::ProcessRemoteFunction: No owning connection for actor testTwinstickPawn_C_0. Function serverMove will not be processed.
[2019.04.06-21.00.51:252][192]LogNet: Warning: UIpNetDriver::ProcessRemoteFunction: No owning connection for actor testTwinstickPawn_C_0. Function serverMove will not be processed.
[2019.04.06-21.00.51:267][193]LogNet: Warning: UIpNetDriver::ProcessRemoteFunction: No owning connection for actor testTwinstickPawn_C_0. Function serverMove will not be processed.
[2019.04.06-21.00.51:292][194]LogNet: Warning: UIpNetDriver::ProcessRemoteFunction: No owning connection for actor testTwinstickPawn_C_0. Function serverMove will not be processed.
[2019.04.06-21.00.51:316][195]LogNet: Warning: UIpNetDriver::ProcessRemoteFunction: No owning connection for actor testTwinstickPawn_C_0. Function serverMove will not be processed.
[2019.04.06-21.00.51:335][196]LogNet: Warning: UIpNetDriver::ProcessRemoteFunction: No owning connection for actor testTwinstickPawn_C_0. Function serverMove will not be processed.
[2019.04.06-21.00.51:353][197]LogNet: Warning: UIpNetDriver::ProcessRemoteFunction: No owning connection for actor testTwinstickPawn_C_0. Function serverMove will not be processed.
[2019.04.06-21.00.51:370][198]LogNet: Warning: UIpNetDriver::ProcessRemoteFunction: No owning connection for actor testTwinstickPawn_C_0. Function serverMove will not be processed.
[2019.04.06-21.00.51:386][199]LogNet: Warning: UIpNetDriver::ProcessRemoteFunction: No owning connection for actor testTwinstickPawn_C_0. Function serverMove will not be processed.
[2019.04.06-21.00.51:402][200]LogNet: Warning: UIpNetDriver::ProcessRemoteFunction: No owning connection for actor testTwinstickPawn_C_0. Function serverMove will not be processed.
[2019.04.06-21.00.51:424][201]LogNet: Warning: UIpNetDriver::ProcessRemoteFunction: No owning connection for actor testTwinstickPawn_C_0. Function serverMove will not be processed.
[2019.04.06-21.00.51:443][202]LogNet: Warning: UIpNetDriver::ProcessRemoteFunction: No owning connection for actor testTwinstickPawn_C_0. Function serverMove will not be processed.
[2019.04.06-21.00.51:459][203]LogNet: Warning: UIpNetDriver::ProcessRemoteFunction: No owning connection for actor testTwinstickPawn_C_0. Function serverMove will not be processed.
[2019.04.06-21.00.51:477][204]LogNet: Warning: UIpNetDriver::ProcessRemoteFunction: No owning connection for actor testTwinstickPawn_C_0. Function serverMove will not be processed.
[2019.04.06-21.00.51:494][205]LogNet: Warning: UIpNetDriver::ProcessRemoteFunction: No owning connection for actor testTwinstickPawn_C_0. Function serverMove will not be processed.
[2019.04.06-21.00.51:514][206]LogNet: Warning: UIpNetDriver::ProcessRemoteFunction: No owning connection for actor testTwinstickPawn_C_0. Function serverMove will not be processed.
[2019.04.06-21.00.51:528][207]LogNet: Warning: UIpNetDriver::ProcessRemoteFunction: No owning connection for actor testTwinstickPawn_C_0. Function serverMove will not be processed.
[2019.04.06-21.00.51:544][208]LogNet: Warning: UIpNetDriver::ProcessRemoteFunction: No owning connection for actor testTwinstickPawn_C_0. Function serverMove will not be processed.
[2019.04.06-21.00.51:561][209]LogNet: Warning: UIpNetDriver::ProcessRemoteFunction: No owning connection for actor testTwinstickPawn_C_0. Function serverMove will not be processed.
[2019.04.06-21.00.51:578][210]LogNet: Warning: UIpNetDriver::ProcessRemoteFunction: No owning connection for actor testTwinstickPawn_C_0. Function serverMove will not be processed.
[2019.04.06-21.00.51:594][211]LogNet: Warning: UIpNetDriver::ProcessRemoteFunction: No owning connection for actor testTwinstickPawn_C_0. Function serverMove will not be processed.
[2019.04.06-21.00.51:610][212]LogNet: Warning: UIpNetDriver::ProcessRemoteFunction: No owning connection for actor testTwinstickPawn_C_0. Function serverMove will not be processed.
[2019.04.06-21.00.51:626][213]LogNet: Warning: UIpNetDriver::ProcessRemoteFunction: No owning connection for actor testTwinstickPawn_C_0. Function serverMove will not be processed.
[2019.04.06-21.00.51:642][214]LogNet: Warning: UIpNetDriver::ProcessRemoteFunction: No owning connection for actor testTwinstickPawn_C_0. Function serverMove will not be processed.
[2019.04.06-21.00.51:658][215]LogNet: Warning: UIpNetDriver::ProcessRemoteFunction: No owning connection for actor testTwinstickPawn_C_0. Function serverMove will not be processed.
[2019.04.06-21.00.51:675][216]LogNet: Warning: UIpNetDriver::ProcessRemoteFunction: No owning connection for actor testTwinstickPawn_C_0. Function serverMove will not be processed.
[2019.04.06-21.00.51:691][217]LogNet: Warning: UIpNetDriver::ProcessRemoteFunction: No owning connection for actor testTwinstickPawn_C_0. Function serverMove will not be processed.
[2019.04.06-21.00.51:707][218]LogNet: Warning: UIpNetDriver::ProcessRemoteFunction: No owning connection for actor testTwinstickPawn_C_0. Function serverMove will not be processed.
[2019.04.06-21.00.51:723][219]LogNet: Warning: UIpNetDriver::ProcessRemoteFunction: No owning connection for actor testTwinstickPawn_C_0. Function serverMove will not be processed.
[2019.04.06-21.00.51:738][220]LogNet: Warning: UIpNetDriver::ProcessRemoteFunction: No owning connection for actor testTwinstickPawn_C_0. Function serverMove will not be processed.
[2019.04.06-21.00.51:754][221]LogNet: Warning: UIpNetDriver::ProcessRemoteFunction: No owning connection for actor testTwinstickPawn_C_0. Function serverMove will not be processed.
[2019.04.06-21.00.51:771][222]LogNet: Warning: UIpNetDriver::ProcessRemoteFunction: No owning connection for actor testTwinstickPawn_C_0. Function serverMove will not be processed.
[2019.04.06-21.00.51:787][223]LogNet: Warning: UIpNetDriver::ProcessRemoteFunction: No owning connection for actor testTwinstickPawn_C_0. Function serverMove will not be processed.
[2019.04.06-21.00.51:803][224]LogNet: Warning: UIpNetDriver::ProcessRemoteFunction: No owning connection for actor testTwinstickPawn_C_0. Function serverMove will not be processed.
[2019.04.06-21.00.51:819][225]LogNet: Warning: UIpNetDriver::ProcessRemoteFunction: No owning connection for actor testTwinstickPawn_C_0. Function serverMove will not be processed.
[2019.04.06-21.00.51:835][226]LogNet: Warning: UIpNetDriver::ProcessRemoteFunction: No owning connection for actor testTwinstickPawn_C_0. Function serverMove will not be processed.
[2019.04.06-21.00.51:852][227]LogNet: Warning: UIpNetDriver::ProcessRemoteFunction: No owning connection for actor testTwinstickPawn_C_0. Function serverMove will not be processed.
[2019.04.06-21.00.51:868][228]LogNet: Warning: UIpNetDriver::ProcessRemoteFunction: No owning connection for actor testTwinstickPawn_C_0. Function serverMove will not be processed.
[2019.04.06-21.00.51:885][229]LogNet: Warning: UIpNetDriver::ProcessRemoteFunction: No owning connection for actor testTwinstickPawn_C_0. Function serverMove will not be processed.
[2019.04.06-21.00.51:900][230]LogNet: Warning: UIpNetDriver::ProcessRemoteFunction: No owning connection for actor testTwinstickPawn_C_0. Function serverMove will not be processed.
[2019.04.06-21.00.51:917][231]LogNet: Warning: UIpNetDriver::ProcessRemoteFunction: No owning connection for actor testTwinstickPawn_C_0. Function serverMove will not be processed.
[2019.04.06-21.00.51:934][232]LogNet: Warning: UIpNetDriver::ProcessRemoteFunction: No owning connection for actor testTwinstickPawn_C_0. Function serverMove will not be processed.
[2019.04.06-21.00.51:949][233]LogNet: Warning: UIpNetDriver::ProcessRemoteFunction: No owning connection for actor testTwinstickPawn_C_0. Function serverMove will not be processed.
[2019.04.06-21.00.51:965][234]LogNet: Warning: UIpNetDriver::ProcessRemoteFunction: No owning connection for actor testTwinstickPawn_C_0. Function serverMove will not be processed.
[2019.04.06-21.00.51:982][235]LogNet: Warning: UIpNetDriver::ProcessRemoteFunction: No owning connection for actor testTwinstickPawn_C_0. Function serverMove will not be processed.
[2019.04.06-21.00.51:998][236]LogNet: Warning: UIpNetDriver::ProcessRemoteFunction: No owning connection for actor testTwinstickPawn_C_0. Function serverMove will not be processed.
[2019.04.06-21.00.52:014][237]LogNet: Warning: UIpNetDriver::ProcessRemoteFunction: No owning connection for actor testTwinstickPawn_C_0. Function serverMove will not be processed.
[2019.04.06-21.00.52:030][238]LogNet: Warning: UIpNetDriver::ProcessRemoteFunction: No owning connection for actor testTwinstickPawn_C_0. Function serverMove will not be processed.
[2019.04.06-21.00.52:046][239]LogNet: Warning: UIpNetDriver::ProcessRemoteFunction: No owning connection for actor testTwinstickPawn_C_0. Function serverMove will not be processed.
[2019.04.06-21.00.52:063][240]LogNet: Warning: UIpNetDriver::ProcessRemoteFunction: No owning connection for actor testTwinstickPawn_C_0. Function serverMove will not be processed.
[2019.04.06-21.00.52:079][241]LogNet: Warning: UIpNetDriver::ProcessRemoteFunction: No owning connection for actor testTwinstickPawn_C_0. Function serverMove will not be processed.
[2019.04.06-21.00.52:096][242]LogNet: Warning: UIpNetDriver::ProcessRemoteFunction: No owning connection for actor testTwinstickPawn_C_0. Function serverMove will not be processed.
[2019.04.06-21.00.52:111][243]LogNet: Warning: UIpNetDriver::ProcessRemoteFunction: No owning connection for actor testTwinstickPawn_C_0. Function serverMove will not be processed.
[2019.04.06-21.00.52:129][244]LogNet: Warning: UIpNetDriver::ProcessRemoteFunction: No owning connection for actor testTwinstickPawn_C_0. Function serverMove will not be processed.
[2019.04.06-21.00.52:144][245]LogNet: Warning: UIpNetDriver::ProcessRemoteFunction: No owning connection for actor testTwinstickPawn_C_0. Function serverMove will not be processed.
[2019.04.06-21.00.52:162][246]LogNet: Warning: UIpNetDriver::ProcessRemoteFunction: No owning connection for actor testTwinstickPawn_C_0. Function serverMove will not be processed.
[2019.04.06-21.00.52:177][247]LogNet: Warning: UIpNetDriver::ProcessRemoteFunction: No owning connection for actor testTwinstickPawn_C_0. Function serverMove will not be processed.
[2019.04.06-21.00.52:193][248]LogNet: Warning: UIpNetDriver::ProcessRemoteFunction: No owning connection for actor testTwinstickPawn_C_0. Function serverMove will not be processed.
[2019.04.06-21.00.52:210][249]LogNet: Warning: UIpNetDriver::ProcessRemoteFunction: No owning connection for actor testTwinstickPawn_C_0. Function serverMove will not be processed.
[2019.04.06-21.00.52:226][250]LogNet: Warning: UIpNetDriver::ProcessRemoteFunction: No owning connection for actor testTwinstickPawn_C_0. Function serverMove will not be processed.
[2019.04.06-21.00.52:243][251]LogNet: Warning: UIpNetDriver::ProcessRemoteFunction: No owning connection for actor testTwinstickPawn_C_0. Function serverMove will not be processed.
[2019.04.06-21.00.52:259][252]LogNet: Warning: UIpNetDriver::ProcessRemoteFunction: No owning connection for actor testTwinstickPawn_C_0. Function serverMove will not be processed.
[2019.04.06-21.00.52:275][253]LogNet: Warning: UIpNetDriver::ProcessRemoteFunction: No owning connection for actor testTwinstickPawn_C_0. Function serverMove will not be processed.
[2019.04.06-21.00.52:292][254]LogNet: Warning: UIpNetDriver::ProcessRemoteFunction: No owning connection for actor testTwinstickPawn_C_0. Function serverMove will not be processed.
[2019.04.06-21.00.52:310][255]LogNet: Warning: UIpNetDriver::ProcessRemoteFunction: No owning connection for actor testTwinstickPawn_C_0. Function serverMove will not be processed.
[2019.04.06-21.00.52:326][256]LogNet: Warning: UIpNetDriver::ProcessRemoteFunction: No owning connection for actor testTwinstickPawn_C_0. Function serverMove will not be processed.
[2019.04.06-21.00.52:342][257]LogNet: Warning: UIpNetDriver::ProcessRemoteFunction: No owning connection for actor testTwinstickPawn_C_0. Function serverMove will not be processed.
[2019.04.06-21.00.52:358][258]LogNet: Warning: UIpNetDriver::ProcessRemoteFunction: No owning connection for actor testTwinstickPawn_C_0. Function serverMove will not be processed.
[2019.04.06-21.00.52:380][259]LogNet: Warning: Network Failure: GameNetDriver[FailureReceived]: Host closed the connection.
[2019.04.06-21.00.52:380][259]LogNet: NetworkFailure: FailureReceived, Error: 'Host closed the connection.'
[2019.04.06-21.00.52:381][259]LogNet: UNetConnection::Close: [UNetConnection] RemoteAddr: 127.0.0.1:7777, Name: IpConnection_0, Driver: GameNetDriver IpNetDriver_0, IsServer: NO, PC: mainPC_C_0, Owner: mainPC_C_0, Channels: 10, Time: 2019.04.06-21.00.52
[2019.04.06-21.00.52:381][259]LogNet: UChannel::Close: Sending CloseBunch. ChIndex == 0. Name: [UChannel] ChIndex: 0, Closing: 0 [UNetConnection] RemoteAddr: 127.0.0.1:7777, Name: IpConnection_0, Driver: GameNetDriver IpNetDriver_0, IsServer: NO, PC: mainPC_C_0, Owner: mainPC_C_0
[2019.04.06-21.00.52:382][259]LogNet: Warning: Network Failure: GameNetDriver[ConnectionLost]: Your connection to the host has been lost.
[2019.04.06-21.00.52:382][259]LogNet: NetworkFailure: ConnectionLost, Error: 'Your connection to the host has been lost.'
[2019.04.06-21.00.52:399][260]LogNet: Browse: /Game/Creations/Maps/MainMenu?closed
[2019.04.06-21.00.52:399][260]LogNet: Failed; returning to Entry
[2019.04.06-21.00.52:400][260]LogLoad: LoadMap: /Game/Creations/Maps/MainMenu?closed
[2019.04.06-21.00.52:400][260]LogNet: World NetDriver shutdown IpNetDriver_0 [GameNetDriver]
[2019.04.06-21.00.52:400][260]LogNet: DestroyNamedNetDriver IpNetDriver_0 [GameNetDriver]
[2019.04.06-21.00.52:400][260]LogExit: GameNetDriver IpNetDriver_0 shut down
[2019.04.06-21.00.52:460][260]LogAIModule: Creating AISystem for world MainMenu
[2019.04.06-21.00.52:460][260]LogLoad: Game class is 'MainGm_C'
[2019.04.06-21.00.52:463][260]LogWorld: Bringing World /Game/Creations/Maps/MainMenu.MainMenu up for play (max tick rate 0) at 2019.04.06-14.00.52
[2019.04.06-21.00.52:464][260]LogWorld: Bringing up level for play took: 0.001656
[2019.04.06-21.00.52:465][260]LogGameMode: FindPlayerStart: PATHS NOT DEFINED or NO PLAYERSTART with positive rating
[2019.04.06-21.00.52:471][260]LogLoad: Took 0.070957 seconds to LoadMap(/Game/Creations/Maps/MainMenu)
[2019.04.06-21.00.57:210][507]LogOnline: Warning: OSS: Ignoring game search request while one is pending
[2019.04.06-21.01.00:773][728]LogScriptCore: Script Msg: Found a session. Ping is 30
[2019.04.06-21.01.00:773][728]LogScriptCore: Script Msg: Found a session. Ping is 111
[2019.04.06-21.01.00:773][728]LogScriptCore: Script Msg: Found a session. Ping is 143
[2019.04.06-21.01.00:773][728]LogScriptCore: Script Msg: Found a session. Ping is 226
