Log file open, 02/13/19 18:11:39
LogWindows: Failed to load 'aqProf.dll' (GetLastError=126)
LogWindows: File 'aqProf.dll' does not exist
LogWindows: Failed to load 'VSPerf140.dll' (GetLastError=126)
LogWindows: File 'VSPerf140.dll' does not exist
LogWindows: Failed to load 'VtuneApi.dll' (GetLastError=126)
LogWindows: File 'VtuneApi.dll' does not exist
LogWindows: Failed to load 'VtuneApi32e.dll' (GetLastError=126)
LogWindows: File 'VtuneApi32e.dll' does not exist
LogInit: Display: Running engine for game: GeoShot
LogPlatformFile: Not using cached read wrapper
LogInit: Display: RandInit(-316872553) SRandInit(-316872553).
LogInit: Read version file with build ID '3709383'
LogInit: Overriding engine version to CL 3794801, compatible CL 3709383
LogInit: Registered custom module enumerator with build ID '3709383'
LogTaskGraph: Started task graph with 5 named threads and 14 total threads with 3 sets of task threads.
LogStats: Stats thread started at 0.218128
LogPluginManager: Warning: Plugin 'AdvancedSessions' exists at '../../../../../../Users/lockw/OneDrive/Documents/Unreal Projects/GeoShot/Plugins/AdvancedSessions/AdvancedSessions/AdvancedSessions.uplugin' and '../../../../../../Users/lockw/OneDrive/Documents/Unreal Projects/GeoShot/Plugins/AdvancedSessions/AdvancedSessions.uplugin' - second location will be ignored
LogD3D11RHI: Aftermath initialized
LogModuleManager: Display: Found up-to-date module file ../../../Engine/Plugins/Online/OnlineSubsystemSteam/Binaries/Win64/UE4Editor-OnlineSubsystemSteam.dll (API version 3709383).
LogModuleManager: Display: Found up-to-date module file ../../../Engine/Plugins/Online/OnlineSubsystem/Binaries/Win64/UE4Editor-OnlineSubsystem.dll (API version 3709383).
LogModuleManager: Display: Found up-to-date module file ../../../Engine/Plugins/Online/OnlineSubsystemUtils/Binaries/Win64/UE4Editor-OnlineSubsystemUtils.dll (API version 3709383).
LogModuleManager: Display: Found up-to-date module file ../../../Engine/Plugins/Online/OnlineSubsystemUtils/Binaries/Win64/UE4Editor-OnlineBlueprintSupport.dll (API version 3709383).
LogModuleManager: Display: Found up-to-date module file ../../../Engine/Plugins/2D/Paper2D/Binaries/Win64/UE4Editor-Paper2D.dll (API version 3709383).
LogModuleManager: Display: Found up-to-date module file ../../../Engine/Plugins/2D/Paper2D/Binaries/Win64/UE4Editor-Paper2DEditor.dll (API version 3709383).
LogModuleManager: Display: Found up-to-date module file ../../../Engine/Plugins/2D/Paper2D/Binaries/Win64/UE4Editor-PaperSpriteSheetImporter.dll (API version 3709383).
LogModuleManager: Display: Found up-to-date module file ../../../Engine/Plugins/2D/Paper2D/Binaries/Win64/UE4Editor-PaperTiledImporter.dll (API version 3709383).
LogModuleManager: Display: Found up-to-date module file ../../../Engine/Plugins/2D/Paper2D/Binaries/Win64/UE4Editor-SmartSnapping.dll (API version 3709383).
LogModuleManager: Display: Found up-to-date module file ../../../Engine/Plugins/Blendables/LightPropagationVolume/Binaries/Win64/UE4Editor-LightPropagationVolumeRuntime.dll (API version 3709383).
LogModuleManager: Display: Found up-to-date module file ../../../Engine/Plugins/Blendables/LightPropagationVolume/Binaries/Win64/UE4Editor-LightPropagationVolumeEditor.dll (API version 3709383).
LogModuleManager: Display: Found up-to-date module file ../../../Engine/Plugins/Developer/GitSourceControl/Binaries/Win64/UE4Editor-GitSourceControl.dll (API version 3709383).
LogModuleManager: Display: Found up-to-date module file ../../../Engine/Plugins/Developer/PerforceSourceControl/Binaries/Win64/UE4Editor-PerforceSourceControl.dll (API version 3709383).
LogModuleManager: Display: Found up-to-date module file ../../../Engine/Plugins/Developer/SubversionSourceControl/Binaries/Win64/UE4Editor-SubversionSourceControl.dll (API version 3709383).
LogModuleManager: Display: Found up-to-date module file ../../../Engine/Plugins/Developer/UObjectPlugin/Binaries/Win64/UE4Editor-UObjectPlugin.dll (API version 3709383).
LogModuleManager: Display: Found up-to-date module file ../../../Engine/Plugins/Developer/VisualStudioCodeSourceCodeAccess/Binaries/Win64/UE4Editor-VisualStudioCodeSourceCodeAccess.dll (API version 3709383).
LogModuleManager: Display: Found up-to-date module file ../../../Engine/Plugins/Developer/VisualStudioSourceCodeAccess/Binaries/Win64/UE4Editor-VisualStudioSourceCodeAccess.dll (API version 3709383).
LogModuleManager: Display: Found up-to-date module file ../../../Engine/Plugins/Editor/AssetManagerEditor/Binaries/Win64/UE4Editor-AssetManagerEditor.dll (API version 3709383).
LogModuleManager: Display: Found up-to-date module file ../../../Engine/Plugins/Editor/AudioCapture/Binaries/Win64/UE4Editor-AudioCapture.dll (API version 3709383).
LogModuleManager: Display: Found up-to-date module file ../../../Engine/Plugins/Editor/FacialAnimation/Binaries/Win64/UE4Editor-FacialAnimation.dll (API version 3709383).
LogModuleManager: Display: Found up-to-date module file ../../../Engine/Plugins/Editor/FacialAnimation/Binaries/Win64/UE4Editor-FacialAnimationEditor.dll (API version 3709383).
LogModuleManager: Display: Found up-to-date module file ../../../Engine/Plugins/Editor/GameplayTagsEditor/Binaries/Win64/UE4Editor-GameplayTagsEditor.dll (API version 3709383).
LogModuleManager: Display: Found up-to-date module file ../../../Engine/Plugins/Editor/MobileLauncherProfileWizard/Binaries/Win64/UE4Editor-MobileLauncherProfileWizard.dll (API version 3709383).
LogModuleManager: Display: Found up-to-date module file ../../../Engine/Plugins/Editor/PluginBrowser/Binaries/Win64/UE4Editor-PluginBrowser.dll (API version 3709383).
LogModuleManager: Display: Found up-to-date module file ../../../Engine/Plugins/Editor/SpeedTreeImporter/Binaries/Win64/UE4Editor-SpeedTreeImporter.dll (API version 3709383).
LogModuleManager: Display: Found up-to-date module file ../../../Engine/Plugins/Experimental/AlembicImporter/Binaries/Win64/UE4Editor-AlembicImporter.dll (API version 3709383).
LogModuleManager: Display: Found up-to-date module file ../../../Engine/Plugins/Experimental/AlembicImporter/Binaries/Win64/UE4Editor-AlembicLibrary.dll (API version 3709383).
LogModuleManager: Display: Found up-to-date module file ../../../Engine/Plugins/Experimental/CharacterAI/Binaries/Win64/UE4Editor-CharacterAI.dll (API version 3709383).
LogModuleManager: Display: Found up-to-date module file ../../../Engine/Plugins/Experimental/HTML5Networking/Binaries/Win64/UE4Editor-HTML5Networking.dll (API version 3709383).
LogModuleManager: Display: Found up-to-date module file ../../../Engine/Plugins/Media/AndroidMedia/Binaries/Win64/UE4Editor-AndroidMediaEditor.dll (API version 3709383).
LogModuleManager: Display: Found up-to-date module file ../../../Engine/Plugins/Media/AndroidMedia/Binaries/Win64/UE4Editor-AndroidMediaFactory.dll (API version 3709383).
LogModuleManager: Display: Found up-to-date module file ../../../Engine/Plugins/Media/AvfMedia/Binaries/Win64/UE4Editor-AvfMediaEditor.dll (API version 3709383).
LogModuleManager: Display: Found up-to-date module file ../../../Engine/Plugins/Media/AvfMedia/Binaries/Win64/UE4Editor-AvfMediaFactory.dll (API version 3709383).
LogModuleManager: Display: Found up-to-date module file ../../../Engine/Plugins/Media/AvfMedia/Binaries/Win64/UE4Editor-AvfMediaFactory.dll (API version 3709383).
LogModuleManager: Display: Found up-to-date module file ../../../Engine/Plugins/Media/ImgMedia/Binaries/Win64/UE4Editor-ImgMedia.dll (API version 3709383).
LogModuleManager: Display: Found up-to-date module file ../../../Engine/Plugins/Media/ImgMedia/Binaries/Win64/UE4Editor-ImgMediaEditor.dll (API version 3709383).
LogModuleManager: Display: Found up-to-date module file ../../../Engine/Plugins/Media/ImgMedia/Binaries/Win64/UE4Editor-ImgMediaFactory.dll (API version 3709383).
LogModuleManager: Display: Found up-to-date module file ../../../Engine/Plugins/Media/ImgMedia/Binaries/Win64/UE4Editor-ImgMediaFactory.dll (API version 3709383).
LogModuleManager: Display: Found up-to-date module file ../../../Engine/Plugins/Media/ImgMedia/Binaries/Win64/UE4Editor-OpenExrWrapper.dll (API version 3709383).
LogModuleManager: Display: Found up-to-date module file ../../../Engine/Plugins/Media/MediaCompositing/Binaries/Win64/UE4Editor-MediaCompositing.dll (API version 3709383).
LogModuleManager: Display: Found up-to-date module file ../../../Engine/Plugins/Media/MediaCompositing/Binaries/Win64/UE4Editor-MediaCompositingEditor.dll (API version 3709383).
LogModuleManager: Display: Found up-to-date module file ../../../Engine/Plugins/Media/MediaPlayerEditor/Binaries/Win64/UE4Editor-MediaPlayerEditor.dll (API version 3709383).
LogModuleManager: Display: Found up-to-date module file ../../../Engine/Plugins/Media/WmfMedia/Binaries/Win64/UE4Editor-WmfMedia.dll (API version 3709383).
LogModuleManager: Display: Found up-to-date module file ../../../Engine/Plugins/Media/WmfMedia/Binaries/Win64/UE4Editor-WmfMediaEditor.dll (API version 3709383).
LogModuleManager: Display: Found up-to-date module file ../../../Engine/Plugins/Media/WmfMedia/Binaries/Win64/UE4Editor-WmfMediaFactory.dll (API version 3709383).
LogModuleManager: Display: Found up-to-date module file ../../../Engine/Plugins/Media/WmfMedia/Binaries/Win64/UE4Editor-WmfMediaFactory.dll (API version 3709383).
LogModuleManager: Display: Found up-to-date module file ../../../Engine/Plugins/Messaging/TcpMessaging/Binaries/Win64/UE4Editor-TcpMessaging.dll (API version 3709383).
LogModuleManager: Display: Found up-to-date module file ../../../Engine/Plugins/Messaging/UdpMessaging/Binaries/Win64/UE4Editor-UdpMessaging.dll (API version 3709383).
LogModuleManager: Display: Found up-to-date module file ../../../Engine/Plugins/MovieScene/ActorSequence/Binaries/Win64/UE4Editor-ActorSequence.dll (API version 3709383).
LogModuleManager: Display: Found up-to-date module file ../../../Engine/Plugins/MovieScene/LevelSequenceEditor/Binaries/Win64/UE4Editor-LevelSequenceEditor.dll (API version 3709383).
LogModuleManager: Display: Found up-to-date module file ../../../Engine/Plugins/MovieScene/MatineeToLevelSequence/Binaries/Win64/UE4Editor-MatineeToLevelSequence.dll (API version 3709383).
LogModuleManager: Display: Found up-to-date module file ../../../Engine/Plugins/Runtime/AndroidPermission/Binaries/Win64/UE4Editor-AndroidPermission.dll (API version 3709383).
LogModuleManager: Display: Found up-to-date module file ../../../Engine/Plugins/Online/OnlineSubsystemNull/Binaries/Win64/UE4Editor-OnlineSubsystemNull.dll (API version 3709383).
LogModuleManager: Display: Found up-to-date module file ../../../Engine/Plugins/Runtime/AndroidDeviceProfileSelector/Binaries/Win64/UE4Editor-AndroidDeviceProfileSelector.dll (API version 3709383).
LogModuleManager: Display: Found up-to-date module file ../../../Engine/Plugins/Runtime/AppleARKit/Binaries/Win64/UE4Editor-AppleARKit.dll (API version 3709383).
LogModuleManager: Display: Found up-to-date module file ../../../Engine/Plugins/Runtime/ArchVisCharacter/Binaries/Win64/UE4Editor-ArchVisCharacter.dll (API version 3709383).
LogModuleManager: Display: Found up-to-date module file ../../../Engine/Plugins/Runtime/CableComponent/Binaries/Win64/UE4Editor-CableComponent.dll (API version 3709383).
LogModuleManager: Display: Found up-to-date module file ../../../Engine/Plugins/Runtime/CustomMeshComponent/Binaries/Win64/UE4Editor-CustomMeshComponent.dll (API version 3709383).
LogModuleManager: Display: Found up-to-date module file ../../../Engine/Plugins/Runtime/ExampleDeviceProfileSelector/Binaries/Win64/UE4Editor-ExampleDeviceProfileSelector.dll (API version 3709383).
LogModuleManager: Display: Found up-to-date module file ../../../Engine/Plugins/Runtime/ImmediatePhysics/Binaries/Win64/UE4Editor-ImmediatePhysics.dll (API version 3709383).
LogModuleManager: Display: Found up-to-date module file ../../../Engine/Plugins/Runtime/ImmediatePhysics/Binaries/Win64/UE4Editor-ImmediatePhysicsEditor.dll (API version 3709383).
LogModuleManager: Display: Found up-to-date module file ../../../Engine/Plugins/Runtime/LocationServicesBPLibrary/Binaries/Win64/UE4Editor-LocationServicesBPLibrary.dll (API version 3709383).
LogModuleManager: Display: Found up-to-date module file ../../../Engine/Plugins/Runtime/MobilePatchingUtils/Binaries/Win64/UE4Editor-MobilePatchingUtils.dll (API version 3709383).
LogModuleManager: Display: Found up-to-date module file ../../../Engine/Plugins/Runtime/Oculus/OculusVR/Binaries/Win64/UE4Editor-OculusHMD.dll (API version 3709383).
LogModuleManager: Display: Found up-to-date module file ../../../Engine/Plugins/Runtime/Oculus/OculusVR/Binaries/Win64/UE4Editor-OculusInput.dll (API version 3709383).
LogModuleManager: Display: Found up-to-date module file ../../../Engine/Plugins/Runtime/Oculus/OculusVR/Binaries/Win64/UE4Editor-OculusEditor.dll (API version 3709383).
LogModuleManager: Display: Found up-to-date module file ../../../Engine/Plugins/Runtime/PhysXVehicles/Binaries/Win64/UE4Editor-PhysXVehicles.dll (API version 3709383).
LogModuleManager: Display: Found up-to-date module file ../../../Engine/Plugins/Runtime/PhysXVehicles/Binaries/Win64/UE4Editor-PhysXVehiclesEditor.dll (API version 3709383).
LogModuleManager: Display: Found up-to-date module file ../../../Engine/Plugins/Runtime/ProceduralMeshComponent/Binaries/Win64/UE4Editor-ProceduralMeshComponent.dll (API version 3709383).
LogModuleManager: Display: Found up-to-date module file ../../../Engine/Plugins/Runtime/ProceduralMeshComponent/Binaries/Win64/UE4Editor-ProceduralMeshComponentEditor.dll (API version 3709383).
LogModuleManager: Display: Found up-to-date module file ../../../Engine/Plugins/Runtime/RuntimePhysXCooking/Binaries/Win64/UE4Editor-RuntimePhysXCooking.dll (API version 3709383).
LogModuleManager: Display: Found up-to-date module file ../../../Engine/Plugins/Runtime/Steam/SteamVR/Binaries/Win64/UE4Editor-SteamVR.dll (API version 3709383).
LogModuleManager: Display: Found up-to-date module file ../../../Engine/Plugins/Runtime/Steam/SteamVR/Binaries/Win64/UE4Editor-SteamVRController.dll (API version 3709383).
LogModuleManager: Display: Found up-to-date module file ../../../Engine/Plugins/Runtime/WindowsMoviePlayer/Binaries/Win64/UE4Editor-WindowsMoviePlayer.dll (API version 3709383).
LogModuleManager: Display: Found up-to-date module file ../../../../../../Users/lockw/OneDrive/Documents/Unreal Projects/GeoShot/Plugins/AdvancedSessions/AdvancedSessions/Binaries/Win64/UE4Editor-AdvancedSessions.dll (API version 3709383).
LogModuleManager: Display: Found up-to-date module file ../../../../../../Users/lockw/OneDrive/Documents/Unreal Projects/GeoShot/Plugins/AdvancedSessions/AdvancedSteamSessions/Binaries/Win64/UE4Editor-AdvancedSteamSessions.dll (API version 3709383).
LogPluginManager: Mounting plugin Paper2D
LogPluginManager: Mounting plugin LightPropagationVolume
LogPluginManager: Mounting plugin CodeLiteSourceCodeAccess
LogPluginManager: Mounting plugin GitSourceControl
LogPluginManager: Mounting plugin KDevelopSourceCodeAccess
LogPluginManager: Mounting plugin NullSourceCodeAccess
LogPluginManager: Mounting plugin PerforceSourceControl
LogPluginManager: Mounting plugin SubversionSourceControl
LogPluginManager: Mounting plugin UObjectPlugin
LogPluginManager: Mounting plugin VisualStudioCodeSourceCodeAccess
LogPluginManager: Mounting plugin VisualStudioSourceCodeAccess
LogPluginManager: Mounting plugin XCodeSourceCodeAccess
LogPluginManager: Mounting plugin AssetManagerEditor
LogPluginManager: Mounting plugin AudioCapture
LogPluginManager: Mounting plugin FacialAnimation
LogPluginManager: Mounting plugin GameplayTagsEditor
LogPluginManager: Mounting plugin MobileLauncherProfileWizard
LogPluginManager: Mounting plugin PluginBrowser
LogPluginManager: Mounting plugin SpeedTreeImporter
LogPluginManager: Mounting plugin AlembicImporter
LogPluginManager: Mounting plugin CharacterAI
LogPluginManager: Mounting plugin HTML5Networking
LogPluginManager: Mounting plugin AndroidMedia
LogPluginManager: Mounting plugin AvfMedia
LogPluginManager: Mounting plugin ImgMedia
LogPluginManager: Mounting plugin MediaCompositing
LogPluginManager: Mounting plugin MediaPlayerEditor
LogPluginManager: Mounting plugin WmfMedia
LogPluginManager: Mounting plugin TcpMessaging
LogPluginManager: Mounting plugin UdpMessaging
LogPluginManager: Mounting plugin ActorSequence
LogPluginManager: Mounting plugin LevelSequenceEditor
LogPluginManager: Mounting plugin MatineeToLevelSequence
LogPluginManager: Mounting plugin OnlineSubsystemGooglePlay
LogPluginManager: Mounting plugin OnlineSubsystemIOS
LogPluginManager: Mounting plugin OnlineSubsystem
LogPluginManager: Mounting plugin OnlineSubsystemNull
LogPluginManager: Mounting plugin OnlineSubsystemSteam
LogPluginManager: Mounting plugin OnlineSubsystemUtils
LogPluginManager: Mounting plugin AndroidDeviceProfileSelector
LogPluginManager: Mounting plugin AndroidMoviePlayer
LogPluginManager: Mounting plugin AndroidPermission
LogPluginManager: Mounting plugin AppleARKit
LogPluginManager: Mounting plugin AppleMoviePlayer
LogPluginManager: Mounting plugin ArchVisCharacter
LogPluginManager: Mounting plugin CableComponent
LogPluginManager: Mounting plugin CustomMeshComponent
LogPluginManager: Mounting plugin ExampleDeviceProfileSelector
LogPluginManager: Mounting plugin GoogleCloudMessaging
LogPluginManager: Mounting plugin ImmediatePhysics
LogPluginManager: Mounting plugin IOSDeviceProfileSelector
LogPluginManager: Mounting plugin LinuxDeviceProfileSelector
LogPluginManager: Mounting plugin LocationServicesBPLibrary
LogPluginManager: Mounting plugin MobilePatchingUtils
LogPluginManager: Mounting plugin OculusVR
LogPluginManager: Plugin shader directory ../../../Engine/Plugins/Runtime/Oculus/OculusVR/Shaders found
LogPluginManager: Mapping shader source directory ../../../Engine/Plugins/Runtime/Oculus/OculusVR/Shaders to virtual directory /Plugin/OculusVR
LogPluginManager: Mounting plugin PhysXVehicles
LogPluginManager: Mounting plugin ProceduralMeshComponent
LogPluginManager: Mounting plugin RuntimePhysXCooking
LogPluginManager: Mounting plugin SteamVR
LogPluginManager: Mounting plugin WindowsMoviePlayer
LogPluginManager: Mounting plugin AdvancedSessions
LogPluginManager: Mounting plugin AdvancedSteamSessions
LogInit: Using libcurl 7.47.1
LogInit:  - built for x86_64-pc-win32
LogInit:  - supports SSL with OpenSSL/1.0.2g
LogInit:  - supports HTTP deflate (compression) using libz 1.2.8
LogInit:  - other features:
LogInit:      CURL_VERSION_SSL
LogInit:      CURL_VERSION_LIBZ
LogInit:      CURL_VERSION_IPV6
LogInit:      CURL_VERSION_ASYNCHDNS
LogInit:      CURL_VERSION_LARGEFILE
LogInit:      CURL_VERSION_IDN
LogInit:  CurlRequestOptions (configurable via config and command line):
LogInit:  - bVerifyPeer = false  - Libcurl will NOT verify peer certificate
LogInit:  - bUseHttpProxy = false  - Libcurl will NOT use HTTP proxy
LogInit:  - bDontReuseConnections = false  - Libcurl will reuse connections
LogInit:  - CertBundlePath = nullptr  - Libcurl will use whatever was configured at build time.
LogOnline: Display: STEAM: Loading Steam SDK 1.39
LogOnline: Warning: STEAM: Steam API disabled!
LogOnline: Display: STEAM: OnlineSubsystemSteam::Shutdown()
LogInit: WinSock: version 1.1 (2.2), MaxSocks=32767, MaxUdp=65467
LogInit: Build: ++UE4+Release-4.18-CL-3794801
LogInit: Engine Version: 4.18.2-3794801+++UE4+Release-4.18
LogInit: Compatible Engine Version: 4.18.0-3709383+++UE4+Release-4.18
LogInit: Net CL: 3709383
LogDevObjectVersion: Number of dev versions registered: 16
LogDevObjectVersion:   Dev-Blueprints (B0D832E4-1F89-4F0D-ACCF-7EB736FD4AA2): 10
LogDevObjectVersion:   Dev-Build (E1C64328-A22C-4D53-A36C-8E866417BD8C): 0
LogDevObjectVersion:   Dev-Core (375EC13C-06E4-48FB-B500-84F0262A717E): 2
LogDevObjectVersion:   Dev-Editor (E4B068ED-F494-42E9-A231-DA0B2E46BB41): 20
LogDevObjectVersion:   Dev-Framework (CFFC743F-43B0-4480-9391-14DF171D2073): 30
LogDevObjectVersion:   Dev-Mobile (B02B49B5-BB20-44E9-A304-32B752E40360): 0
LogDevObjectVersion:   Dev-Networking (A4E4105C-59A1-49B5-A7C5-40C4547EDFEE): 0
LogDevObjectVersion:   Dev-Online (39C831C9-5AE6-47DC-9A44-9C173E1C8E7C): 0
LogDevObjectVersion:   Dev-Physics (78F01B33-EBEA-4F98-B9B4-84EACCB95AA2): 0
LogDevObjectVersion:   Dev-Platform (6631380F-2D4D-43E0-8009-CF276956A95A): 0
LogDevObjectVersion:   Dev-Rendering (12F88B9F-8875-4AFC-A67C-D90C383ABD29): 20
LogDevObjectVersion:   Dev-Sequencer (7B5AE74C-D270-4C10-A958-57980B212A5A): 4
LogDevObjectVersion:   Dev-VR (D7296918-1DD6-4BDD-9DE2-64A83CC13884): 0
LogDevObjectVersion:   Dev-LoadTimes (C2A15278-BFE7-4AFE-6C17-90FF531DF755): 1
LogDevObjectVersion:   Private-Geometry (6EACA3D4-40EC-4CC1-B786-8BED09428FC5): 1
LogDevObjectVersion:   Dev-AnimPhys (29E575DD-E0A3-4627-9D10-D276232CDCEA): 12
LogInit: Compiled (64-bit): Dec  8 2017 02:04:53
LogInit: Compiled with Visual C++: 19.00.24215.01
LogInit: Build Configuration: Development
LogInit: Branch Name: ++UE4+Release-4.18
LogInit: Command line: -EpicPortal -epicusername="AngryTactics" -epicuserid=ca1cf3a7f87946a6ac6be9dc4f608c5f -epiclocale=en-US
LogInit: Base directory: C:/Program Files/Epic Games/UE_4.18/Engine/Binaries/Win64/
LogInit: Installed Engine Build: 1
LogInit: Presizing for max 8388607 objects, including 0 objects not considered by GC, pre-allocating 0 bytes for permanent pool.
LogInit: Object subsystem initialized
[2019.02.14-02.11.44:798][  0]LogInit: Selected Device Profile: [Windows]
[2019.02.14-02.11.44:798][  0]LogInit: Applying CVar settings loaded from the selected device profile: [Windows]
[2019.02.14-02.11.44:845][  0]LogInit: Computer: MSI
[2019.02.14-02.11.44:845][  0]LogInit: User: Alex
[2019.02.14-02.11.44:845][  0]LogInit: CPU Page size=4096, Cores=4
[2019.02.14-02.11.44:845][  0]LogInit: High frequency timer resolution =2.533214 MHz
[2019.02.14-02.11.44:846][  0]LogMemory: Memory total: Physical=15.9GB (16GB approx)
[2019.02.14-02.11.44:846][  0]LogMemory: Platform Memory Stats for Windows
[2019.02.14-02.11.44:846][  0]LogMemory: Process Physical Memory: 274.65 MB used, 274.65 MB peak
[2019.02.14-02.11.44:846][  0]LogMemory: Process Virtual Memory: 270.30 MB used, 270.30 MB peak
[2019.02.14-02.11.44:846][  0]LogMemory: Physical Memory: 7738.29 MB used,  8535.04 MB free, 16273.34 MB total
[2019.02.14-02.11.44:846][  0]LogMemory: Virtual Memory: 4784.44 MB used,  8535.04 MB free, 134217728.00 MB total
[2019.02.14-02.11.46:189][  0]LogInit: Using OS detected language (en-US).
[2019.02.14-02.11.46:189][  0]LogInit: Using OS detected locale (en-US).
[2019.02.14-02.11.46:194][  0]LogTextLocalizationManager: No specific localization for 'en-US' exists, so the 'en' localization will be used.
[2019.02.14-02.11.46:750][  0]LogInit: Setting process to per monitor DPI aware
[2019.02.14-02.11.47:305][  0]LogD3D11RHI: D3D11 adapters:
[2019.02.14-02.11.47:394][  0]LogD3D11RHI:    0. 'NVIDIA GeForce GTX 965M' (Feature Level 11_0)
[2019.02.14-02.11.47:394][  0]LogD3D11RHI:       2010/0/8136 MB DedicatedVideo/DedicatedSystem/SharedSystem, Outputs:1, VendorId:0x10de
[2019.02.14-02.11.47:406][  0]LogD3D11RHI:    1. 'Intel(R) HD Graphics 4600' (Feature Level 11_0)
[2019.02.14-02.11.47:406][  0]LogD3D11RHI:       112/0/2048 MB DedicatedVideo/DedicatedSystem/SharedSystem, Outputs:0, VendorId:0x8086
[2019.02.14-02.11.47:410][  0]LogD3D11RHI:    2. 'Microsoft Basic Render Driver' (Feature Level 11_0)
[2019.02.14-02.11.47:410][  0]LogD3D11RHI:       0/0/8136 MB DedicatedVideo/DedicatedSystem/SharedSystem, Outputs:0, VendorId:0x1414
[2019.02.14-02.11.47:410][  0]LogD3D11RHI: Chosen D3D11 Adapter: 0
[2019.02.14-02.11.47:455][  0]LogD3D11RHI: Creating new Direct3DDevice
[2019.02.14-02.11.47:455][  0]LogD3D11RHI:     GPU DeviceId: 0x13d9 (for the marketing name, search the web for "GPU Device Id")
[2019.02.14-02.11.47:455][  0]LogWindows: EnumDisplayDevices:
[2019.02.14-02.11.47:455][  0]LogWindows:    0. 'Intel(R) HD Graphics 4600' (P:1 D:1)
[2019.02.14-02.11.47:455][  0]LogWindows:    1. 'Intel(R) HD Graphics 4600' (P:0 D:0)
[2019.02.14-02.11.47:456][  0]LogWindows:    2. 'Intel(R) HD Graphics 4600' (P:0 D:0)
[2019.02.14-02.11.47:456][  0]LogWindows: DebugString: GetVideoDriverDetailsInvalid PrimaryIsNotTheChoosenAdapter GetVideoDriverDetailsInvalid PrimaryIsNotTheChoosenAdapter GetVideoDriverDetailsInvalid PrimaryIsNotTheChoosenAdapter FoundDriverCount:0 
[2019.02.14-02.11.47:456][  0]LogD3D11RHI:     Adapter Name: NVIDIA GeForce GTX 965M
[2019.02.14-02.11.47:456][  0]LogD3D11RHI:   Driver Version: Unknown (internal:Unknown, unified:Unknown)
[2019.02.14-02.11.47:456][  0]LogD3D11RHI:      Driver Date: Unknown
[2019.02.14-02.11.47:456][  0]LogRHI: Texture pool is 1407 MB (70% of 2010 MB)
[2019.02.14-02.11.47:513][  0]LogD3D11RHI: Async texture creation enabled
[2019.02.14-02.11.47:533][  0]LogD3D11RHI: GPU Timing Frequency: 1000.000000 (Debug: 2 2)
[2019.02.14-02.11.47:534][  0]LogShaderCompilers: Guid format shader working directory is -27 characters bigger than the processId version (../../../../../../Users/lockw/OneDrive/Documents/Unreal Projects/GeoShot/Intermediate/Shaders/WorkingDirectory/11604/).
[2019.02.14-02.11.47:534][  0]LogShaderCompilers: Cleaned the shader compiler working directory 'C:/Users/lockw/AppData/Local/Temp/UnrealShaderWorkingDir/EF6407EF409F61F4EB24AAB4FB07B691/'.
[2019.02.14-02.11.47:534][  0]LogShaderCompilers: Display: Using Local Shader Compiler.
[2019.02.14-02.11.49:742][  0]LogTemp: Display: Loaded TP AllDesktopTargetPlatform
[2019.02.14-02.11.49:936][  0]LogTemp: Display: Loaded TP MacClientTargetPlatform
[2019.02.14-02.11.50:122][  0]LogTemp: Display: Loaded TP MacNoEditorTargetPlatform
[2019.02.14-02.11.50:286][  0]LogTemp: Display: Loaded TP MacServerTargetPlatform
[2019.02.14-02.11.50:465][  0]LogTemp: Display: Loaded TP MacTargetPlatform
[2019.02.14-02.11.50:641][  0]LogTemp: Display: Loaded TP WindowsClientTargetPlatform
[2019.02.14-02.11.50:822][  0]LogTemp: Display: Loaded TP WindowsNoEditorTargetPlatform
[2019.02.14-02.11.50:984][  0]LogTemp: Display: Loaded TP WindowsServerTargetPlatform
[2019.02.14-02.11.51:152][  0]LogTemp: Display: Loaded TP WindowsTargetPlatform
[2019.02.14-02.11.51:329][  0]LogTemp: Display: Loaded TP Android_ASTCTargetPlatform
[2019.02.14-02.11.51:525][  0]LogTemp: Display: Loaded TP Android_ATCTargetPlatform
[2019.02.14-02.11.51:671][  0]LogTemp: Display: Loaded TP Android_DXTTargetPlatform
[2019.02.14-02.11.51:855][  0]LogTemp: Display: Loaded TP Android_ETC1TargetPlatform
[2019.02.14-02.11.52:056][  0]LogTemp: Display: Loaded TP Android_ETC2TargetPlatform
[2019.02.14-02.11.52:406][  0]LogTemp: Display: Loaded TP Android_MultiTargetPlatform
[2019.02.14-02.11.52:406][  0]LogTemp: Display: Loaded TP Android_PVRTCTargetPlatform
[2019.02.14-02.11.52:588][  0]LogTemp: Display: Loaded TP AndroidTargetPlatform
[2019.02.14-02.11.52:737][  0]LogTemp: Display: Loaded TP HTML5TargetPlatform
[2019.02.14-02.11.52:994][  0]LogTemp: Display: Loaded TP IOSTargetPlatform
[2019.02.14-02.11.53:071][  0]LogTemp: Display: Loaded TP TVOSTargetPlatform
[2019.02.14-02.11.53:235][  0]LogTemp: Display: Loaded TP LinuxClientTargetPlatform
[2019.02.14-02.11.53:419][  0]LogTemp: Display: Loaded TP LinuxNoEditorTargetPlatform
[2019.02.14-02.11.53:595][  0]LogTemp: Display: Loaded TP LinuxServerTargetPlatform
[2019.02.14-02.11.53:781][  0]LogTemp: Display: Loaded TP LinuxTargetPlatform
[2019.02.14-02.11.53:781][  0]LogTargetPlatformManager: Display: Building Assets For Windows
[2019.02.14-02.11.55:511][  0]LogDerivedDataCache: Display: Max Cache Size: 512 MB
[2019.02.14-02.11.55:651][  0]LogDerivedDataCache: Loaded boot cache 0.14s 78MB C:/Users/lockw/AppData/Local/UnrealEngine/4.18/DerivedDataCache/Boot.ddc.
[2019.02.14-02.11.55:652][  0]LogDerivedDataCache: Display: Loaded Boot cache: C:/Users/lockw/AppData/Local/UnrealEngine/4.18/DerivedDataCache/Boot.ddc
[2019.02.14-02.11.55:652][  0]LogDerivedDataCache: FDerivedDataBackendGraph:  Pak pak cache file ../../../../../../Users/lockw/OneDrive/Documents/Unreal Projects/GeoShot/DerivedDataCache/DDC.ddp not found, will not use a pak cache.
[2019.02.14-02.11.55:652][  0]LogDerivedDataCache: Unable to find inner node Pak for hierarchical cache Hierarchy.
[2019.02.14-02.11.55:652][  0]LogDerivedDataCache: FDerivedDataBackendGraph:  CompressedPak pak cache file ../../../../../../Users/lockw/OneDrive/Documents/Unreal Projects/GeoShot/DerivedDataCache/Compressed.ddp not found, will not use a pak cache.
[2019.02.14-02.11.55:652][  0]LogDerivedDataCache: Unable to find inner node CompressedPak for hierarchical cache Hierarchy.
[2019.02.14-02.11.55:676][  0]LogDerivedDataCache: Display: Pak cache opened for reading ../../../Engine/DerivedDataCache/Compressed.ddp.
[2019.02.14-02.11.55:690][  0]LogDerivedDataCache: Using Local data cache path C:/Users/lockw/AppData/Local/UnrealEngine/Common/DerivedDataCache: Writable
[2019.02.14-02.11.55:708][  0]LogMaterial: Verifying Global Shaders for PCD3D_SM5
[2019.02.14-02.11.55:709][  0]LogSlate: Using Freetype 2.6.0
[2019.02.14-02.11.55:711][  0]LogSlate: SlateFontCache - WITH_FREETYPE: 1, WITH_HARFBUZZ: 1
[2019.02.14-02.11.55:711][  0]LogSlate: SlateFontCache - WITH_FREETYPE: 1, WITH_HARFBUZZ: 1
[2019.02.14-02.11.56:408][  0]LogInit: Selected Device Profile: [Windows]
[2019.02.14-02.11.57:417][  0]LogSimplygon: Simplygon DLL not present - disabling.
[2019.02.14-02.11.57:567][  0]LogMeshReduction: Using SimplygonSwarm for distributed automatic mesh merging
[2019.02.14-02.11.57:567][  0]LogMeshReduction: Using QuadricMeshReduction for automatic static mesh reduction
[2019.02.14-02.11.57:567][  0]LogMeshReduction: No automatic skeletal mesh reduction module available
[2019.02.14-02.11.57:567][  0]LogMeshReduction: No automatic mesh merging module available
[2019.02.14-02.11.57:567][  0]LogMeshMerging: No automatic mesh merging module available
[2019.02.14-02.11.57:640][  0]LogNetVersion: GeoShot , NetCL: 3709383, EngineNetVer: 2, GameNetVer: 0 (Checksum: 1270197996)
[2019.02.14-02.11.58:006][  0]LogAssetRegistry: FAssetRegistry took 0.0280 seconds to start up
[2019.02.14-02.11.59:145][  0]LogPackageLocalizationCache: Processed 7 localized package path(s) for 2 prioritized culture(s) in 0.112027 seconds
[2019.02.14-02.11.59:153][  0]LogUObjectArray: 35907 objects as part of root set at end of initial load.
[2019.02.14-02.11.59:153][  0]LogUObjectAllocator: 7585952 out of 0 bytes used by permanent object pool.
[2019.02.14-02.11.59:153][  0]LogUObjectArray: CloseDisregardForGC: 0/0 objects in disregard for GC pool
[2019.02.14-02.12.07:156][  0]LogTcpMessaging: Initializing TcpMessaging bridge
[2019.02.14-02.12.07:300][  0]LogUdpMessaging: Initializing bridge on interface 0.0.0.0:0 to multicast group 230.0.0.1:6666.
[2019.02.14-02.12.10:510][  0]LogMaterial: Uniform references updated for custom material expression Custom.
[2019.02.14-02.12.12:224][  0]SourceControl: Source control is disabled
[2019.02.14-02.12.19:108][  0]LogAndroidPermission: UAndroidPermissionCallbackProxy::GetInstance
[2019.02.14-02.12.20:208][  0]LogOcInput: OculusInput pre-init called
[2019.02.14-02.12.21:284][  0]LogEngine: Initializing Engine...
[2019.02.14-02.12.21:290][  0]LogHMD: Failed to initialize OpenVR with code 110
[2019.02.14-02.12.21:675][  0]LogStats: UGameplayTagsManager::ConstructGameplayTagTree: Construct from data asset -  0.000 s
[2019.02.14-02.12.21:675][  0]LogStats: UGameplayTagsManager::ConstructGameplayTagTree: GameplayTagTreeChangedEvent.Broadcast -  0.000 s
[2019.02.14-02.12.22:192][  0]LogAIModule: Creating AISystem for world Untitled
[2019.02.14-02.12.22:229][  0]LogInit: XAudio2 using 'Speakers (Realtek High Definition Audio)' : 6 channels at 48 kHz using 32 bits per sample (channel mask 0x3f)
[2019.02.14-02.12.22:365][  0]LogInit: FAudioDevice initialized.
[2019.02.14-02.12.22:568][  0]LogDerivedDataCache: Saved boot cache 0.20s 78MB C:/Users/lockw/AppData/Local/UnrealEngine/4.18/DerivedDataCache/Boot.ddc.
[2019.02.14-02.12.22:606][  0]LogInit: Texture streaming: Enabled
[2019.02.14-02.12.23:079][  0]LogEngineSessionManager: EngineSessionManager initialized
[2019.02.14-02.12.23:079][  0]LogEngineSessionManager: EngineSessionManager sent abnormal shutdown report. Type=Crashed, SessionId={A1B07AED-496E-88EC-FB13-D1BD2A0AA751}
[2019.02.14-02.12.23:525][  0]LogInit: Transaction tracking system initialized
[2019.02.14-02.12.24:690][  0]BlueprintLog: New page: Editor Load
[2019.02.14-02.12.28:388][  0]LocalizationService: Localization service is disabled
[2019.02.14-02.12.31:385][  0]LogConsoleResponse: Display: 
[2019.02.14-02.12.31:875][  0]LogCook: Display: Max memory allowance for cook 16384mb min free memory 0mb
[2019.02.14-02.12.31:875][  0]LogCook: Display: Mobile HDR setting 1
[2019.02.14-02.12.31:875][  0]LogGameplayTags: Display: UGameplayTagsManager::DoneAddingNativeTags. DelegateIsBound: 0
[2019.02.14-02.12.32:926][  0]LogFileCache: Scanning file cache for directory 'C:/Users/lockw/OneDrive/Documents/Unreal Projects/GeoShot/Content/' took 0.16s
[2019.02.14-02.12.36:496][  0]Cmd: MAP LOAD FILE="../../../../../../Users/lockw/OneDrive/Documents/Unreal Projects/GeoShot/Content/Creations/Maps/MainMenu.umap" TEMPLATE=0 SHOWPROGRESS=1 FEATURELEVEL=3
[2019.02.14-02.12.36:497][  0]LightingResults: New page: Lighting Build
[2019.02.14-02.12.36:651][  0]MapCheck: New page: Map Check
[2019.02.14-02.12.36:651][  0]LightingResults: New page: Lighting Build
[2019.02.14-02.12.37:355][  0]LogAIModule: Creating AISystem for world MainMenu
[2019.02.14-02.12.37:356][  0]LogEditorServer: Finished looking for orphan Actors (0.000 secs)
[2019.02.14-02.12.37:374][  0]Cmd: MAP CHECKDEP NOCLEARLOG
[2019.02.14-02.12.37:502][  0]MapCheck: Map check complete: 0 Error(s), 0 Warning(s), took 127.75ms to complete.
[2019.02.14-02.12.37:502][  0]LogFileHelpers: Loading map 'MainMenu' took 1.006
[2019.02.14-02.12.37:742][  0]LogCollectionManager: Loaded 0 collections in 0.006779 seconds
[2019.02.14-02.12.37:974][  0]LogFileCache: Scanning file cache for directory 'C:/Users/lockw/OneDrive/Documents/Unreal Projects/GeoShot/Saved/Collections/' took 0.01s
[2019.02.14-02.12.37:974][  0]LogFileCache: Scanning file cache for directory 'C:/Users/lockw/OneDrive/Documents/Unreal Projects/GeoShot/Content/Developers/Alex/Collections/' took 0.01s
[2019.02.14-02.12.37:974][  0]LogFileCache: Scanning file cache for directory 'C:/Users/lockw/OneDrive/Documents/Unreal Projects/GeoShot/Content/Collections/' took 0.01s
[2019.02.14-02.12.37:974][  0]LogCollectionManager: Rebuilt the GUID cache for 0 collections in 0.000001 seconds
[2019.02.14-02.12.37:989][  0]LogContentBrowser: Native class hierarchy populated in 0.0147 seconds. Added 2388 classes and 528 folders.
[2019.02.14-02.12.38:355][  0]LogContentBrowser: Native class hierarchy updated for 'WidgetCarousel' in 0.0015 seconds. Added 0 classes and 0 folders.
[2019.02.14-02.12.38:521][  0]LogContentBrowser: Native class hierarchy updated for 'AddContentDialog' in 0.0003 seconds. Added 0 classes and 0 folders.
[2019.02.14-02.12.38:700][  0]LogContentBrowser: Native class hierarchy updated for 'SceneOutliner' in 0.0004 seconds. Added 1 classes and 2 folders.
[2019.02.14-02.12.38:803][  0]LogSlate: Took 0.000497 seconds to synchronously load lazily loaded font '../../../Engine/Content/Slate/Fonts/Roboto-Regular.ttf' (155K)
[2019.02.14-02.12.38:807][  0]LogSlate: Took 0.000456 seconds to synchronously load lazily loaded font '../../../Engine/Content/Slate/Fonts/Roboto-Bold.ttf' (160K)
[2019.02.14-02.12.38:815][  0]LogSlate: Took 0.000469 seconds to synchronously load lazily loaded font '../../../Engine/Content/Editor/Slate/Fonts/FontAwesome.ttf' (139K)
[2019.02.14-02.12.39:003][  0]LogRenderer: Reallocating scene render targets to support 1208x592 Format 10 NumSamples 1 (Frame:1).
[2019.02.14-02.12.39:397][  0]LogContentBrowser: Native class hierarchy updated for 'HierarchicalLODOutliner' in 0.0004 seconds. Added 1 classes and 2 folders.
[2019.02.14-02.12.39:397][  0]LogLoad: (Engine Initialization) Total time: 61.85 seconds
[2019.02.14-02.12.39:397][  0]LogLoad: (Engine Initialization) Total Blueprint compile time: 0.00 seconds
[2019.02.14-02.12.39:397][  0]LogExternalProfiler: No external profilers were discovered.  External profiling features will not be available.
[2019.02.14-02.12.39:754][  0]SourceControl: On branch master
[2019.02.14-02.12.39:754][  0]SourceControl: Changes not staged for commit:
[2019.02.14-02.12.39:754][  0]SourceControl:   (use "git add/rm <file>..." to update what will be committed)
[2019.02.14-02.12.39:754][  0]SourceControl:   (use "git checkout -- <file>..." to discard changes in working directory)
[2019.02.14-02.12.39:755][  0]SourceControl: 	modified:   GeoShot/Content/Creations/GInstances/MainGm.uasset
[2019.02.14-02.12.39:755][  0]SourceControl: 	modified:   GeoShot/Content/Creations/GInstances/MainInstance.uasset
[2019.02.14-02.12.39:755][  0]SourceControl: 	modified:   GeoShot/Content/Creations/GInstances/mainGameState.uasset
[2019.02.14-02.12.39:755][  0]SourceControl: 	modified:   GeoShot/Content/Creations/GInstances/mainPC.uasset
[2019.02.14-02.12.39:755][  0]SourceControl: 	modified:   GeoShot/Content/Creations/GInstances/mainPlayerState.uasset
[2019.02.14-02.12.39:755][  0]SourceControl: 	modified:   GeoShot/Content/Creations/Maps/MainMenu.umap
[2019.02.14-02.12.39:755][  0]SourceControl: 	modified:   GeoShot/Content/Creations/Maps/MultiplayerLobby.umap
[2019.02.14-02.12.39:755][  0]SourceControl: 	modified:   GeoShot/Content/Creations/Widgets/MultiplayerLobbyWidget.uasset
[2019.02.14-02.12.39:755][  0]SourceControl: 	modified:   GeoShot/Content/Creations/Widgets/SearchGames.uasset
[2019.02.14-02.12.39:755][  0]SourceControl: 	modified:   GeoShot/Content/Creations/Widgets/playerChatText.uasset
[2019.02.14-02.12.39:755][  0]SourceControl: 	modified:   GeoShot/Content/Creations/Widgets/searchedGame.uasset
[2019.02.14-02.12.39:755][  0]SourceControl: 	modified:   GeoShot/Intermediate/AssetRegistryCache/c90e3f55.bin
[2019.02.14-02.12.39:755][  0]SourceControl: 	modified:   GeoShot/Intermediate/CachedAssetRegistry.bin
[2019.02.14-02.12.39:755][  0]SourceControl: 	modified:   GeoShot/Saved/AutoScreenshot.png
[2019.02.14-02.12.39:755][  0]SourceControl: 	modified:   GeoShot/Saved/Autosaves/Game/Creations/GInstances/MainGm_Auto3.uasset
[2019.02.14-02.12.39:755][  0]SourceControl: 	modified:   GeoShot/Saved/Autosaves/Game/Creations/GInstances/MainGm_Auto4.uasset
[2019.02.14-02.12.39:755][  0]SourceControl: 	modified:   GeoShot/Saved/Autosaves/Game/Creations/GInstances/MainInstance_Auto1.uasset
[2019.02.14-02.12.39:755][  0]SourceControl: 	modified:   GeoShot/Saved/Autosaves/Game/Creations/GInstances/mainPC_Auto3.uasset
[2019.02.14-02.12.39:755][  0]SourceControl: 	modified:   GeoShot/Saved/Autosaves/Game/Creations/GInstances/mainPC_Auto4.uasset
[2019.02.14-02.12.39:755][  0]SourceControl: 	modified:   GeoShot/Saved/Autosaves/Game/Creations/Widgets/MultiplayerLobbyWidget_Auto1.uasset
[2019.02.14-02.12.39:755][  0]SourceControl: 	modified:   GeoShot/Saved/Autosaves/Game/Creations/Widgets/MultiplayerLobbyWidget_Auto2.uasset
[2019.02.14-02.12.39:755][  0]SourceControl: 	modified:   GeoShot/Saved/Autosaves/Game/Creations/Widgets/MultiplayerLobbyWidget_Auto3.uasset
[2019.02.14-02.12.39:755][  0]SourceControl: 	modified:   GeoShot/Saved/Autosaves/Game/Creations/Widgets/SearchGames_Auto1.uasset
[2019.02.14-02.12.39:755][  0]SourceControl: 	modified:   GeoShot/Saved/Autosaves/Game/Creations/Widgets/searchedGame_Auto1.uasset
[2019.02.14-02.12.39:755][  0]SourceControl: 	deleted:    GeoShot/Saved/Backup/Fort_2018-10-13-17-53-29.uasset
[2019.02.14-02.12.39:755][  0]SourceControl: 	deleted:    GeoShot/Saved/Backup/Fortress_2018-10-13-17-53-29.uasset
[2019.02.14-02.12.39:755][  0]SourceControl: 	deleted:    GeoShot/Saved/Backup/SMG_2018-10-13-17-53-28.uasset
[2019.02.14-02.12.39:755][  0]SourceControl: 	deleted:    GeoShot/Saved/Backup/SMG_2018-10-13-20-44-32.uasset
[2019.02.14-02.12.39:755][  0]SourceControl: 	deleted:    GeoShot/Saved/Backup/TargetBot_2018-10-13-20-44-33.uasset
[2019.02.14-02.12.39:755][  0]SourceControl: 	deleted:    GeoShot/Saved/Backup/TwinStickExampleMap_2018-10-13-17-53-34.umap
[2019.02.14-02.12.39:755][  0]SourceControl: 	deleted:    GeoShot/Saved/Backup/TwinStickExampleMap_2018-10-13-20-44-31.umap
[2019.02.14-02.12.39:755][  0]SourceControl: 	deleted:    GeoShot/Saved/Backup/TwinStickExampleMap_2018-10-13-20-59-02.umap
[2019.02.14-02.12.39:755][  0]SourceControl: 	deleted:    GeoShot/Saved/Backup/TwinStickPawn_2018-10-13-20-44-32.uasset
[2019.02.14-02.12.39:755][  0]SourceControl: 	deleted:    GeoShot/Saved/Backup/Wall_2018-10-13-17-53-29.uasset
[2019.02.14-02.12.39:755][  0]SourceControl: 	deleted:    GeoShot/Saved/Backup/WeaponSelect_2018-10-13-17-53-29.uasset
[2019.02.14-02.12.39:755][  0]SourceControl: 	deleted:    GeoShot/Saved/Backup/WeaponSelect_2018-10-13-20-44-32.uasset
[2019.02.14-02.12.39:755][  0]SourceControl: 	deleted:    GeoShot/Saved/Config/CrashReportClient/UE4CC-Windows-4008ACC24A6DEEC0C7FAD790F23841F4/CrashReportClient.ini
[2019.02.14-02.12.39:755][  0]SourceControl: 	deleted:    GeoShot/Saved/Config/CrashReportClient/UE4CC-Windows-58B0B6B548901394D4D4088F8179F174/CrashReportClient.ini
[2019.02.14-02.12.39:755][  0]SourceControl: 	deleted:    GeoShot/Saved/Config/CrashReportClient/UE4CC-Windows-6861CC914A40B6DF990CDD93DD21186F/CrashReportClient.ini
[2019.02.14-02.12.39:755][  0]SourceControl: 	deleted:    GeoShot/Saved/Config/CrashReportClient/UE4CC-Windows-A3CC3B74408D7908F08968B8FB54E54C/CrashReportClient.ini
[2019.02.14-02.12.39:755][  0]SourceControl: 	deleted:    GeoShot/Saved/Config/CrashReportClient/UE4CC-Windows-D7AEBE33418B50DB392FA5B261ED5453/CrashReportClient.ini
[2019.02.14-02.12.39:755][  0]SourceControl: 	modified:   GeoShot/Saved/Config/Windows/Editor.ini
[2019.02.14-02.12.39:755][  0]SourceControl: 	modified:   GeoShot/Saved/Config/Windows/EditorPerProjectUserSettings.ini
[2019.02.14-02.12.39:755][  0]SourceControl: 	deleted:    GeoShot/Saved/Logs/GeoShot-backup-2019.02.10-12.47.39.log
[2019.02.14-02.12.39:755][  0]SourceControl: 	deleted:    GeoShot/Saved/Logs/GeoShot-backup-2019.02.10-12.51.01.log
[2019.02.14-02.12.39:755][  0]SourceControl: 	deleted:    GeoShot/Saved/Logs/GeoShot-backup-2019.02.10-13.01.25.log
[2019.02.14-02.12.39:755][  0]SourceControl: 	deleted:    GeoShot/Saved/Logs/GeoShot-backup-2019.02.10-20.07.59.log
[2019.02.14-02.12.39:755][  0]SourceControl: 	deleted:    GeoShot/Saved/Logs/GeoShot-backup-2019.02.10-20.36.50.log
[2019.02.14-02.12.39:755][  0]SourceControl: 	deleted:    GeoShot/Saved/Logs/GeoShot-backup-2019.02.10-22.16.04.log
[2019.02.14-02.12.39:755][  0]SourceControl: 	deleted:    GeoShot/Saved/Logs/GeoShot-backup-2019.02.10-22.53.16.log
[2019.02.14-02.12.39:755][  0]SourceControl: 	modified:   GeoShot/Saved/Logs/GeoShot.log
[2019.02.14-02.12.39:755][  0]SourceControl: 	deleted:    GeoShot/Saved/Logs/GeoShot_2-backup-2019.02.10-12.42.34.log
[2019.02.14-02.12.39:755][  0]SourceControl: 	deleted:    GeoShot/Saved/Logs/GeoShot_2-backup-2019.02.10-20.41.23.log
[2019.02.14-02.12.39:755][  0]SourceControl: 	deleted:    GeoShot/Saved/Logs/GeoShot_2-backup-2019.02.10-21.00.08.log
[2019.02.14-02.12.39:755][  0]SourceControl: 	modified:   GeoShot/Saved/Logs/GeoShot_2.log
[2019.02.14-02.12.39:755][  0]SourceControl: Untracked files:
[2019.02.14-02.12.39:756][  0]SourceControl:   (use "git add <file>..." to include in what will be committed)
[2019.02.14-02.12.39:756][  0]SourceControl: 	GeoShot/Saved/Autosaves/Game/Creations/GInstances/MainGm_Auto1.uasset
[2019.02.14-02.12.39:756][  0]SourceControl: 	GeoShot/Saved/Autosaves/Game/Creations/GInstances/MainGm_Auto5.uasset
[2019.02.14-02.12.39:756][  0]SourceControl: 	GeoShot/Saved/Autosaves/Game/Creations/GInstances/mainGameState_Auto4.uasset
[2019.02.14-02.12.39:756][  0]SourceControl: 	GeoShot/Saved/Autosaves/Game/Creations/GInstances/mainPlayerState_Auto4.uasset
[2019.02.14-02.12.39:756][  0]SourceControl: 	GeoShot/Saved/Autosaves/Game/Creations/Maps/MainMenu_Auto1.umap
[2019.02.14-02.12.39:756][  0]SourceControl: 	GeoShot/Saved/Autosaves/Game/Creations/Maps/MultiplayerLobby_Auto4.umap
[2019.02.14-02.12.39:756][  0]SourceControl: 	GeoShot/Saved/Autosaves/Game/Creations/Maps/MultiplayerLobby_Auto5.umap
[2019.02.14-02.12.39:756][  0]SourceControl: 	GeoShot/Saved/Autosaves/Game/Creations/Widgets/playerChatText_Auto2.uasset
[2019.02.14-02.12.39:756][  0]SourceControl: 	GeoShot/Saved/Backup/MainGm_2019-02-13-12-30-02.uasset
[2019.02.14-02.12.39:756][  0]SourceControl: 	GeoShot/Saved/Backup/MainGm_2019-02-13-12-35-11.uasset
[2019.02.14-02.12.39:756][  0]SourceControl: 	GeoShot/Saved/Backup/MainGm_2019-02-13-13-23-55.uasset
[2019.02.14-02.12.39:756][  0]SourceControl: 	GeoShot/Saved/Backup/MainGm_2019-02-13-13-34-58.uasset
[2019.02.14-02.12.39:756][  0]SourceControl: 	GeoShot/Saved/Backup/MainGm_2019-02-13-14-08-13.uasset
[2019.02.14-02.12.39:756][  0]SourceControl: 	GeoShot/Saved/Backup/MainGm_2019-02-13-14-21-53.uasset
[2019.02.14-02.12.39:756][  0]SourceControl: 	GeoShot/Saved/Backup/MainGm_2019-02-13-14-41-17.uasset
[2019.02.14-02.12.39:756][  0]SourceControl: 	GeoShot/Saved/Backup/MainGm_2019-02-13-14-49-11.uasset
[2019.02.14-02.12.39:756][  0]SourceControl: 	GeoShot/Saved/Backup/MainInstance_2019-02-13-12-30-02.uasset
[2019.02.14-02.12.39:756][  0]SourceControl: 	GeoShot/Saved/Backup/MainInstance_2019-02-13-12-35-11.uasset
[2019.02.14-02.12.39:756][  0]SourceControl: 	GeoShot/Saved/Backup/MainInstance_2019-02-13-12-56-36.uasset
[2019.02.14-02.12.39:756][  0]SourceControl: 	GeoShot/Saved/Backup/MainInstance_2019-02-13-13-34-58.uasset
[2019.02.14-02.12.39:756][  0]SourceControl: 	GeoShot/Saved/Backup/MainInstance_2019-02-13-13-52-39.uasset
[2019.02.14-02.12.39:756][  0]SourceControl: 	GeoShot/Saved/Backup/MainInstance_2019-02-13-17-06-15.uasset
[2019.02.14-02.12.39:756][  0]SourceControl: 	GeoShot/Saved/Backup/MainInstance_2019-02-13-17-14-42.uasset
[2019.02.14-02.12.39:756][  0]SourceControl: 	GeoShot/Saved/Backup/MainInstance_2019-02-13-17-53-18.uasset
[2019.02.14-02.12.39:756][  0]SourceControl: 	GeoShot/Saved/Backup/MainMenu_2019-02-13-12-46-03.umap
[2019.02.14-02.12.39:756][  0]SourceControl: 	GeoShot/Saved/Backup/MainMenu_2019-02-13-12-56-35.umap
[2019.02.14-02.12.39:756][  0]SourceControl: 	GeoShot/Saved/Backup/MainMenu_2019-02-13-13-34-59.umap
[2019.02.14-02.12.39:756][  0]SourceControl: 	GeoShot/Saved/Backup/MainMenu_2019-02-13-13-52-40.umap
[2019.02.14-02.12.39:756][  0]SourceControl: 	GeoShot/Saved/Backup/MainMenu_2019-02-13-17-06-16.umap
[2019.02.14-02.12.39:756][  0]SourceControl: 	GeoShot/Saved/Backup/MainMenu_2019-02-13-17-53-19.umap
[2019.02.14-02.12.39:756][  0]SourceControl: 	GeoShot/Saved/Backup/MultiplayerLobbyWidget_2019-02-13-12-09-44.uasset
[2019.02.14-02.12.39:756][  0]SourceControl: 	GeoShot/Saved/Backup/MultiplayerLobbyWidget_2019-02-13-12-19-35.uasset
[2019.02.14-02.12.39:756][  0]SourceControl: 	GeoShot/Saved/Backup/MultiplayerLobbyWidget_2019-02-13-12-30-02.uasset
[2019.02.14-02.12.39:756][  0]SourceControl: 	GeoShot/Saved/Backup/MultiplayerLobbyWidget_2019-02-13-12-46-04.uasset
[2019.02.14-02.12.39:756][  0]SourceControl: 	GeoShot/Saved/Backup/MultiplayerLobbyWidget_2019-02-13-13-12-17.uasset
[2019.02.14-02.12.39:756][  0]SourceControl: 	GeoShot/Saved/Backup/MultiplayerLobbyWidget_2019-02-13-13-23-56.uasset
[2019.02.14-02.12.39:756][  0]SourceControl: 	GeoShot/Saved/Backup/MultiplayerLobbyWidget_2019-02-13-13-34-59.uasset
[2019.02.14-02.12.39:756][  0]SourceControl: 	GeoShot/Saved/Backup/MultiplayerLobbyWidget_2019-02-13-13-52-40.uasset
[2019.02.14-02.12.39:756][  0]SourceControl: 	GeoShot/Saved/Backup/MultiplayerLobbyWidget_2019-02-13-14-57-21.uasset
[2019.02.14-02.12.39:756][  0]SourceControl: 	GeoShot/Saved/Backup/MultiplayerLobby_2019-02-13-12-19-34.umap
[2019.02.14-02.12.39:756][  0]SourceControl: 	GeoShot/Saved/Backup/MultiplayerLobby_2019-02-13-12-37-25.umap
[2019.02.14-02.12.39:756][  0]SourceControl: 	GeoShot/Saved/Backup/MultiplayerLobby_2019-02-13-13-37-47.umap
[2019.02.14-02.12.39:756][  0]SourceControl: 	GeoShot/Saved/Backup/MultiplayerLobby_2019-02-13-14-08-13.umap
[2019.02.14-02.12.39:756][  0]SourceControl: 	GeoShot/Saved/Backup/MultiplayerLobby_2019-02-13-14-21-52.umap
[2019.02.14-02.12.39:756][  0]SourceControl: 	GeoShot/Saved/Backup/MultiplayerLobby_2019-02-13-14-31-07.umap
[2019.02.14-02.12.39:756][  0]SourceControl: 	GeoShot/Saved/Backup/MultiplayerLobby_2019-02-13-14-41-17.umap
[2019.02.14-02.12.39:756][  0]SourceControl: 	GeoShot/Saved/Backup/MultiplayerLobby_2019-02-13-14-49-10.umap
[2019.02.14-02.12.39:756][  0]SourceControl: 	GeoShot/Saved/Backup/MultiplayerLobby_2019-02-13-14-57-13.umap
[2019.02.14-02.12.39:756][  0]SourceControl: 	GeoShot/Saved/Backup/MultiplayerLobby_2019-02-13-17-14-43.umap
[2019.02.14-02.12.39:756][  0]SourceControl: 	GeoShot/Saved/Backup/MultiplayerLobby_2019-02-13-17-53-20.umap
[2019.02.14-02.12.39:756][  0]SourceControl: 	GeoShot/Saved/Backup/SearchGames_2019-02-13-12-56-36.uasset
[2019.02.14-02.12.39:757][  0]SourceControl: 	GeoShot/Saved/Backup/SearchGames_2019-02-13-13-35-00.uasset
[2019.02.14-02.12.39:757][  0]SourceControl: 	GeoShot/Saved/Backup/mainGameState_2019-02-13-14-08-14.uasset
[2019.02.14-02.12.39:757][  0]SourceControl: 	GeoShot/Saved/Backup/mainGameState_2019-02-13-14-21-54.uasset
[2019.02.14-02.12.39:757][  0]SourceControl: 	GeoShot/Saved/Backup/mainPC_2019-02-13-12-19-34.uasset
[2019.02.14-02.12.39:757][  0]SourceControl: 	GeoShot/Saved/Backup/mainPC_2019-02-13-13-23-56.uasset
[2019.02.14-02.12.39:757][  0]SourceControl: 	GeoShot/Saved/Backup/mainPC_2019-02-13-13-34-58.uasset
[2019.02.14-02.12.39:757][  0]SourceControl: 	GeoShot/Saved/Backup/mainPC_2019-02-13-13-52-39.uasset
[2019.02.14-02.12.39:757][  0]SourceControl: 	GeoShot/Saved/Backup/mainPC_2019-02-13-14-08-13.uasset
[2019.02.14-02.12.39:757][  0]SourceControl: 	GeoShot/Saved/Backup/mainPC_2019-02-13-14-21-53.uasset
[2019.02.14-02.12.39:757][  0]SourceControl: 	GeoShot/Saved/Backup/mainPC_2019-02-13-14-57-21.uasset
[2019.02.14-02.12.39:757][  0]SourceControl: 	GeoShot/Saved/Backup/mainPlayerState_2019-02-13-13-37-46.uasset
[2019.02.14-02.12.39:757][  0]SourceControl: 	GeoShot/Saved/Backup/mainPlayerState_2019-02-13-13-52-39.uasset
[2019.02.14-02.12.39:757][  0]SourceControl: 	GeoShot/Saved/Backup/mainPlayerState_2019-02-13-14-08-14.uasset
[2019.02.14-02.12.39:757][  0]SourceControl: 	GeoShot/Saved/Backup/mainPlayerState_2019-02-13-14-21-54.uasset
[2019.02.14-02.12.39:757][  0]SourceControl: 	GeoShot/Saved/Backup/mainPlayerState_2019-02-13-14-31-07.uasset
[2019.02.14-02.12.39:757][  0]SourceControl: 	GeoShot/Saved/Backup/mainPlayerState_2019-02-13-17-14-42.uasset
[2019.02.14-02.12.39:757][  0]SourceControl: 	GeoShot/Saved/Backup/mainPlayerState_2019-02-13-17-33-21.uasset
[2019.02.14-02.12.39:757][  0]SourceControl: 	GeoShot/Saved/Backup/mainPlayerState_2019-02-13-17-53-19.uasset
[2019.02.14-02.12.39:757][  0]SourceControl: 	GeoShot/Saved/Backup/playerChatText_2019-02-13-13-12-17.uasset
[2019.02.14-02.12.39:757][  0]SourceControl: 	GeoShot/Saved/Backup/playerChatText_2019-02-13-13-34-59.uasset
[2019.02.14-02.12.39:757][  0]SourceControl: 	GeoShot/Saved/Backup/searchedGame_2019-02-13-12-56-36.uasset
[2019.02.14-02.12.39:757][  0]SourceControl: 	GeoShot/Saved/Backup/searchedGame_2019-02-13-13-35-00.uasset
[2019.02.14-02.12.39:757][  0]SourceControl: 	GeoShot/Saved/Config/CrashReportClient/UE4CC-Windows-1EE23E924F0DA41E65E4A28A30C80E34/
[2019.02.14-02.12.39:757][  0]SourceControl: 	GeoShot/Saved/Config/CrashReportClient/UE4CC-Windows-45D29EC34CC9B7CF0132DEA2A462B8C7/
[2019.02.14-02.12.39:757][  0]SourceControl: 	GeoShot/Saved/Config/CrashReportClient/UE4CC-Windows-53FAB43B48EFDBF8A11B958D019CB80D/
[2019.02.14-02.12.39:757][  0]SourceControl: 	GeoShot/Saved/Config/CrashReportClient/UE4CC-Windows-6ECE9DDA4C01D257C2653C957C830A1B/
[2019.02.14-02.12.39:757][  0]SourceControl: 	GeoShot/Saved/Config/CrashReportClient/UE4CC-Windows-A9FEE3984970F343D1EE1B871AB0917E/
[2019.02.14-02.12.39:757][  0]SourceControl: 	GeoShot/Saved/Config/CrashReportClient/UE4CC-Windows-B25BDF754D5D20E2F902DD9DB4281E94/
[2019.02.14-02.12.39:757][  0]SourceControl: 	GeoShot/Saved/Config/CrashReportClient/UE4CC-Windows-B753C96948BAD7CAE336BCB9E15EF5A8/
[2019.02.14-02.12.39:757][  0]SourceControl: 	GeoShot/Saved/Config/CrashReportClient/UE4CC-Windows-FC3E6D374584CEFB0E7AA7BC6D3A27B0/
[2019.02.14-02.12.39:757][  0]SourceControl: 	GeoShot/Saved/Crashes/UE4CC-Windows-1EE23E924F0DA41E65E4A28A30C80E34_0000/
[2019.02.14-02.12.39:757][  0]SourceControl: 	GeoShot/Saved/Crashes/UE4CC-Windows-45D29EC34CC9B7CF0132DEA2A462B8C7_0000/
[2019.02.14-02.12.39:757][  0]SourceControl: 	GeoShot/Saved/Crashes/UE4CC-Windows-45D29EC34CC9B7CF0132DEA2A462B8C7_0001/
[2019.02.14-02.12.39:757][  0]SourceControl: 	GeoShot/Saved/Crashes/UE4CC-Windows-53FAB43B48EFDBF8A11B958D019CB80D_0000/
[2019.02.14-02.12.39:757][  0]SourceControl: 	GeoShot/Saved/Crashes/UE4CC-Windows-6ECE9DDA4C01D257C2653C957C830A1B_0000/
[2019.02.14-02.12.39:757][  0]SourceControl: 	GeoShot/Saved/Crashes/UE4CC-Windows-B25BDF754D5D20E2F902DD9DB4281E94_0000/
[2019.02.14-02.12.39:757][  0]SourceControl: 	GeoShot/Saved/Crashes/UE4CC-Windows-FC3E6D374584CEFB0E7AA7BC6D3A27B0_0000/
[2019.02.14-02.12.39:757][  0]SourceControl: 	GeoShot/Saved/Crashes/UE4CC-Windows-FC3E6D374584CEFB0E7AA7BC6D3A27B0_0001/
[2019.02.14-02.12.39:757][  0]SourceControl: 	GeoShot/Saved/Logs/GeoShot-backup-2019.02.13-12.01.01.log
[2019.02.14-02.12.39:757][  0]SourceControl: 	GeoShot/Saved/Logs/GeoShot-backup-2019.02.13-12.30.49.log
[2019.02.14-02.12.39:757][  0]SourceControl: 	GeoShot/Saved/Logs/GeoShot-backup-2019.02.13-16.59.34.log
[2019.02.14-02.12.39:757][  0]SourceControl: 	GeoShot/Saved/Logs/GeoShot-backup-2019.02.13-17.07.57.log
[2019.02.14-02.12.39:757][  0]SourceControl: 	GeoShot/Saved/Logs/GeoShot-backup-2019.02.13-17.15.43.log
[2019.02.14-02.12.39:757][  0]SourceControl: 	GeoShot/Saved/Logs/GeoShot-backup-2019.02.13-17.37.50.log
[2019.02.14-02.12.39:757][  0]SourceControl: 	GeoShot/Saved/Logs/GeoShot-backup-2019.02.13-18.11.39.log
[2019.02.14-02.12.39:757][  0]SourceControl: 	GeoShot/Saved/Logs/GeoShot_2-backup-2019.02.13-12.19.38.log
[2019.02.14-02.12.39:757][  0]SourceControl: 	GeoShot/Saved/Logs/GeoShot_2-backup-2019.02.13-12.20.52.log
[2019.02.14-02.12.39:757][  0]SourceControl: 	GeoShot/Saved/Logs/GeoShot_2-backup-2019.02.13-12.21.30.log
[2019.02.14-02.12.39:757][  0]SourceControl: 	GeoShot/Saved/Logs/GeoShot_2-backup-2019.02.13-17.37.55.log
[2019.02.14-02.12.39:757][  0]SourceControl: no changes added to commit (use "git add" and/or "git commit -a")
[2019.02.14-02.12.39:758][  0]LogContentStreaming: Texture pool size now 1000 MB
[2019.02.14-02.12.39:782][  0]LogSlate: Took 0.000361 seconds to synchronously load lazily loaded font '../../../Engine/Content/Slate/Fonts/Roboto-Light.ttf' (159K)
[2019.02.14-02.12.40:425][  2]LogAssetRegistry: Asset discovery search completed in 42.4418 seconds
[2019.02.14-02.12.40:434][  2]LogCollectionManager: Rebuilt the object cache for 0 collections in 0.000001 seconds (found 0 objects)
[2019.02.14-02.12.40:434][  2]LogCollectionManager: Fixed up redirectors for 0 collections in 0.000108 seconds (updated 0 objects)
[2019.02.14-02.12.40:751][  3]LogSlate: Took 0.000471 seconds to synchronously load lazily loaded font '../../../Engine/Content/Slate/Fonts/Roboto-Light.ttf' (159K)
[2019.02.14-02.13.34:410][220]LogSlate: Took 0.000282 seconds to synchronously load lazily loaded font '../../../Engine/Content/Slate/Fonts/Roboto-Light.ttf' (159K)
[2019.02.14-02.13.34:759][220]LogClass: Warning: Enum '/Game/AdvancedMagicFX13/DemoRoomData/Blueprints/BP_DemoDisplay_Enum.BP_DemoDisplay_Enum' was upgraded to use FText to store its display name data. Please re-save this asset to avoid issues with localization and determinstic cooking.
[2019.02.14-02.13.34:891][220]LogContentBrowser: Native class hierarchy updated for 'BlueprintGraph' in 0.0007 seconds. Added 116 classes and 0 folders.
[2019.02.14-02.13.35:996][220]LogLinker: Warning: Can't resolve asset name
[2019.02.14-02.13.36:810][220]LogSlate: Took 0.000304 seconds to synchronously load lazily loaded font '../../../Engine/Content/Editor/Slate/Fonts/Roboto-BoldCondensed.ttf' (158K)
[2019.02.14-02.13.36:922][221]LogSlate: Took 0.000274 seconds to synchronously load lazily loaded font '../../../Engine/Content/Editor/Slate/Fonts/Roboto-Italic.ttf' (157K)
[2019.02.14-02.13.40:093][392]LogAIModule: Creating AISystem for world MultiplayerLobby
[2019.02.14-02.13.40:133][392]Cmd: MAP LOAD FILE="../../../../../../Users/lockw/OneDrive/Documents/Unreal Projects/GeoShot/Content/Creations/Maps/MultiplayerLobby.umap" TEMPLATE=0 SHOWPROGRESS=1 FEATURELEVEL=3
[2019.02.14-02.13.40:133][392]LightingResults: New page: Lighting Build
[2019.02.14-02.13.40:135][392]LoadErrors: New page: Loading map: MultiplayerLobby.umap
[2019.02.14-02.13.40:135][392]MapCheck: New page: Map Check
[2019.02.14-02.13.40:135][392]LightingResults: New page: Lighting Build
[2019.02.14-02.13.40:256][392]LogEditorServer: Finished looking for orphan Actors (0.000 secs)
[2019.02.14-02.13.40:338][392]Cmd: MAP CHECKDEP NOCLEARLOG
[2019.02.14-02.13.40:461][392]MapCheck: Map check complete: 0 Error(s), 0 Warning(s), took 122.127ms to complete.
[2019.02.14-02.13.40:461][392]LogFileHelpers: Loading map 'MultiplayerLobby' took 0.330
[2019.02.14-02.14.29:424][220]LogSavePackage: Save=84.43ms
[2019.02.14-02.14.29:424][220]LogSavePackage: Moving '../../../../../../Users/lockw/OneDrive/Documents/Unreal Projects/GeoShot/Saved/MultiplayerLobbyWidget07B68B9E41529FAB33B000AF1D639D8E.tmp' to '../../../../../../Users/lockw/OneDrive/Documents/Unreal Projects/GeoShot/Content/Creations/Widgets/MultiplayerLobbyWidget.uasset'
[2019.02.14-02.14.29:429][220]LogSavePackage: Display: Finished SavePackage ../../../../../../Users/lockw/OneDrive/Documents/Unreal Projects/GeoShot/Content/Creations/Widgets/MultiplayerLobbyWidget.uasset
[2019.02.14-03.41.16:514][183]LogSlate: Took 0.000321 seconds to synchronously load lazily loaded font '../../../Engine/Content/Editor/Slate/Fonts/Roboto-BoldCondensedItalic.ttf' (160K)
[2019.02.14-03.41.48:484][ 55]BlueprintLog: New page: Compile MultiplayerLobbyWidget
[2019.02.14-03.42.15:423][222]LogSavePackage: Save=266.12ms
[2019.02.14-03.42.15:423][222]LogSavePackage: Moving '../../../../../../Users/lockw/OneDrive/Documents/Unreal Projects/GeoShot/Saved/MultiplayerLobby_Auto1A50A83A84B206734A19BB6BF1613F5B2.tmp' to '../../../../../../Users/lockw/OneDrive/Documents/Unreal Projects/GeoShot/Saved/Autosaves/Game/Creations/Maps/MultiplayerLobby_Auto1.umap'
[2019.02.14-03.42.15:426][222]LogSavePackage: Display: Finished SavePackage ../../../../../../Users/lockw/OneDrive/Documents/Unreal Projects/GeoShot/Saved/Autosaves/Game/Creations/Maps/MultiplayerLobby_Auto1.umap
[2019.02.14-03.42.15:429][222]LogFileHelpers: Editor autosave (incl. sublevels) for '/Game/Creations/Maps/MultiplayerLobby' took 0.605
[2019.02.14-03.42.15:429][222]LogFileHelpers: Editor autosave (incl. sublevels) for all levels took 0.605
[2019.02.14-03.42.15:464][222]OBJ SavePackage: Generating thumbnails for [0] asset(s) in package [/Game/Creations/Widgets/MultiplayerLobbyWidget] ([1] browsable assets)...
[2019.02.14-03.42.15:464][222]OBJ SavePackage: Finished generating thumbnails for package [/Game/Creations/Widgets/MultiplayerLobbyWidget]
[2019.02.14-03.42.15:976][222]LogSavePackage: Save=138.39ms
[2019.02.14-03.42.15:976][222]LogSavePackage: Moving '../../../../../../Users/lockw/OneDrive/Documents/Unreal Projects/GeoShot/Saved/MultiplayerLobbyWidget_Auto124B514DD45B921E3EE8E87BE4942CC2C.tmp' to '../../../../../../Users/lockw/OneDrive/Documents/Unreal Projects/GeoShot/Saved/Autosaves/Game/Creations/Widgets/MultiplayerLobbyWidget_Auto1.uasset'
[2019.02.14-03.42.15:979][222]LogSavePackage: Display: Finished SavePackage ../../../../../../Users/lockw/OneDrive/Documents/Unreal Projects/GeoShot/Saved/Autosaves/Game/Creations/Widgets/MultiplayerLobbyWidget_Auto1.uasset
[2019.02.14-03.42.15:979][222]LogFileHelpers: Auto-saving content packages took 0.539
[2019.02.14-03.43.45:544][378]BlueprintLog: New page: Compile MultiplayerLobbyWidget
[2019.02.14-03.43.47:453][473]LogTemp: Repeating last play command: New Editor Window (PIE)
[2019.02.14-03.43.47:739][473]LogBlueprintUserMessages: Early PlayInEditor Detection: Level '/Game/Creations/Maps/MultiplayerLobby.MultiplayerLobby:PersistentLevel' has LevelScriptBlueprint '/Game/Creations/Maps/MultiplayerLobby.MultiplayerLobby:PersistentLevel.MultiplayerLobby' with GeneratedClass '/Game/Creations/Maps/MultiplayerLobby.MultiplayerLobby_C' with ClassGeneratedBy '/Game/Creations/Maps/MultiplayerLobby.MultiplayerLobby:PersistentLevel.MultiplayerLobby'
[2019.02.14-03.43.47:739][473]LogPlayLevel: PlayLevel: No blueprints needed recompiling
[2019.02.14-03.43.47:739][473]LogOnline: Display: OSS: FOnlineSubsystemNull::Shutdown()
[2019.02.14-03.43.47:739][473]LogOnline: Display: OSS: FOnlineAsyncTaskManager::Stop() ActiveTask:0000000000000000 Tasks[0/0]
[2019.02.14-03.43.47:741][473]LogOnline: Display: OSS: FOnlineAsyncTaskManager::Exit() started
[2019.02.14-03.43.47:741][473]LogOnline: Display: OSS: FOnlineAsyncTaskManager::Exit() finished
[2019.02.14-03.43.47:741][473]LogOnline: Warning: STEAM: Steam API disabled!
[2019.02.14-03.43.47:741][473]LogOnline: Display: STEAM: OnlineSubsystemSteam::Shutdown()
[2019.02.14-03.43.47:755][473]PIE: New page: PIE session: MultiplayerLobby (Feb 13, 2019, 11:43:47 AM)
[2019.02.14-03.43.47:756][473]LogPlayLevel: Creating play world package: /Game/Creations/Maps/UEDPIE_1_MultiplayerLobby
[2019.02.14-03.43.47:757][473]LogPlayLevel: PIE: StaticDuplicateObject took: (0.001361s)
[2019.02.14-03.43.47:758][473]LogAIModule: Creating AISystem for world MultiplayerLobby
[2019.02.14-03.43.47:758][473]LogPlayLevel: PIE: World Init took: (0.000690s)
[2019.02.14-03.43.47:758][473]LogPlayLevel: PIE: Created PIE world by copying editor world from /Game/Creations/Maps/MultiplayerLobby.MultiplayerLobby to /Game/Creations/Maps/UEDPIE_1_MultiplayerLobby.MultiplayerLobby (0.002393s)
[2019.02.14-03.43.47:805][473]LogInit: XAudio2 using 'Speakers (Realtek High Definition Audio)' : 6 channels at 48 kHz using 32 bits per sample (channel mask 0x3f)
[2019.02.14-03.43.47:896][473]LogInit: FAudioDevice initialized.
[2019.02.14-03.43.47:958][473]LogLoad: Game class is 'MainGm_C'
[2019.02.14-03.43.47:959][473]LogWorld: Bringing World /Game/Creations/Maps/UEDPIE_1_MultiplayerLobby.MultiplayerLobby up for play (max tick rate 60) at 2019.02.13-19.43.47
[2019.02.14-03.43.47:960][473]LogWorld: Bringing up level for play took: 0.000691
[2019.02.14-03.43.48:166][473]LogContentBrowser: Native class hierarchy updated for 'MovieSceneCapture' in 0.0004 seconds. Added 11 classes and 0 folders.
[2019.02.14-03.43.48:167][473]LogTemp: Display: ParseSettings for GameNetDriver
[2019.02.14-03.43.48:167][473]LogTemp: Display: ParseSettings for IpNetDriver_0
[2019.02.14-03.43.48:167][473]LogTemp: Display: ParseSettings for GameNetDriver
[2019.02.14-03.43.48:167][473]LogInit: WinSock: Socket queue 131072 / 131072
[2019.02.14-03.43.48:168][473]LogInit: WinSock: I am MSI (158.104.227.197:0)
[2019.02.14-03.43.48:168][473]PacketHandlerLog: Loaded PacketHandler component: Engine.EngineHandlerComponentFactory (StatelessConnectHandlerComponent)
[2019.02.14-03.43.48:168][473]LogNet: GameNetDriver IpNetDriver_0 IpNetDriver listening on port 17777
[2019.02.14-03.43.48:169][473]LogScript: Warning: Accessed None trying to read property MainMenuWidget
	MultiplayerLobby_C /Game/Creations/Maps/UEDPIE_1_MultiplayerLobby.MultiplayerLobby:PersistentLevel.MultiplayerLobby_C_1
	Function /Game/Creations/Maps/MultiplayerLobby.MultiplayerLobby_C:ExecuteUbergraph_MultiplayerLobby:0547
[2019.02.14-03.43.48:169][473]PIE: Error: Blueprint Runtime Error: Accessed None trying to read property MainMenuWidget from function: 'ExecuteUbergraph_MultiplayerLobby' from node: Set Visibility in graph: EventGraph in object: MultiplayerLobby with description: Accessed None trying to read property MainMenuWidget
[2019.02.14-03.43.48:178][473]PIE: Play in editor start time for /Game/Creations/Maps/UEDPIE_1_MultiplayerLobby 0.057
[2019.02.14-03.43.48:181][473]PIE: New page: PIE session: MultiplayerLobby (Feb 13, 2019, 11:43:48 AM)
[2019.02.14-03.43.48:240][473]LogNet: Browse: 127.0.0.1:17777//Game/Creations/Maps/MainMenu
[2019.02.14-03.43.48:240][473]LogTemp: Display: ParseSettings for GameNetDriver
[2019.02.14-03.43.48:240][473]LogTemp: Display: ParseSettings for IpNetDriver_1
[2019.02.14-03.43.48:241][473]LogTemp: Display: ParseSettings for PendingNetDriver
[2019.02.14-03.43.48:241][473]LogInit: WinSock: Socket queue 32768 / 32768
[2019.02.14-03.43.48:241][473]PacketHandlerLog: Loaded PacketHandler component: Engine.EngineHandlerComponentFactory (StatelessConnectHandlerComponent)
[2019.02.14-03.43.48:242][473]LogNet: Game client on port 17777, rate 10000
[2019.02.14-03.43.48:250][473]PIE: Play in editor start time for /Game/Creations/Maps/MainMenu 0.128
[2019.02.14-03.43.48:268][473]LogBlueprintUserMessages: Late PlayInEditor Detection: Level '/Game/Creations/Maps/MultiplayerLobby.MultiplayerLobby:PersistentLevel' has LevelScriptBlueprint '/Game/Creations/Maps/MultiplayerLobby.MultiplayerLobby:PersistentLevel.MultiplayerLobby' with GeneratedClass '/Game/Creations/Maps/MultiplayerLobby.MultiplayerLobby_C' with ClassGeneratedBy '/Game/Creations/Maps/MultiplayerLobby.MultiplayerLobby:PersistentLevel.MultiplayerLobby'
[2019.02.14-03.43.48:271][473]LogNet: NotifyAcceptingConnection accepted from: 127.0.0.1:52459
[2019.02.14-03.43.48:271][473]LogHandshake: SendConnectChallenge. Timestamp: 0.016667, Cookie: 196044204150068058108001235037063137206147254139102067233084
[2019.02.14-03.43.48:352][473]LogHandshake: SendChallengeResponse. Timestamp: 0.016667, Cookie: 196044204150068058108001235037063137206147254139102067233084
[2019.02.14-03.43.48:374][473]LogRenderer: Reallocating scene render targets to support 1292x756 Format 10 NumSamples 1 (Frame:1).
[2019.02.14-03.43.48:485][474]LogNet: NotifyAcceptingConnection accepted from: 127.0.0.1:52459
[2019.02.14-03.43.48:485][474]LogHandshake: SendChallengeAck. InCookie: 196044204150068058108001235037063137206147254139102067233084
[2019.02.14-03.43.48:485][474]LogNet: Server accepting post-challenge connection from: 127.0.0.1:52459
[2019.02.14-03.43.48:485][474]PacketHandlerLog: Loaded PacketHandler component: Engine.EngineHandlerComponentFactory (StatelessConnectHandlerComponent)
[2019.02.14-03.43.48:485][474]LogNet: NotifyAcceptedConnection: Name: MultiplayerLobby, TimeStamp: 02/13/19 19:43:48, [UNetConnection] RemoteAddr: 127.0.0.1:52459, Name: IpConnection_1, Driver: GameNetDriver IpNetDriver_0, IsServer: YES, PC: NULL, Owner: NULL
[2019.02.14-03.43.48:485][474]LogNet: AddClientConnection: Added client connection: [UNetConnection] RemoteAddr: 127.0.0.1:52459, Name: IpConnection_1, Driver: GameNetDriver IpNetDriver_0, IsServer: YES, PC: NULL, Owner: NULL
[2019.02.14-03.43.48:486][474]LogNetVersion: GeoShot 1.0.0.0, NetCL: 3709383, EngineNetVer: 2, GameNetVer: 0 (Checksum: 2552449043)
[2019.02.14-03.43.48:486][474]LogNet: UPendingNetGame::SendInitialJoin: Sending hello. [UNetConnection] RemoteAddr: 127.0.0.1:17777, Name: IpConnection_0, Driver: PendingNetDriver IpNetDriver_1, IsServer: NO, PC: NULL, Owner: NULL
[2019.02.14-03.43.48:506][475]LogNet: NotifyAcceptingChannel Control 0 server World /Game/Creations/Maps/UEDPIE_1_MultiplayerLobby.MultiplayerLobby: Accepted
[2019.02.14-03.43.48:506][475]LogNet: Remote platform little endian=1
[2019.02.14-03.43.48:506][475]LogNet: This platform little endian=1
[2019.02.14-03.43.48:540][476]LogNet: Login request: /Game/Creations/Maps/MainMenu?Name=MSI-3490F06A4C93C275D4AF0690F104D9DC userId: MSI-3490F06A4C93C275D4AF0690F104D9DC
[2019.02.14-03.43.48:540][476]LogNet: Welcomed by server (Level: /Game/Creations/Maps/UEDPIE_1_MultiplayerLobby, Game: /Game/Creations/GInstances/MainGm.MainGm_C)
[2019.02.14-03.43.48:553][476]LogLoad: LoadMap: 127.0.0.1:17777//Game/Creations/Maps/UEDPIE_1_MultiplayerLobby?game=/Game/Creations/GInstances/MainGm.MainGm_C
[2019.02.14-03.43.48:580][476]LogAIModule: Creating AISystem for world MultiplayerLobby
[2019.02.14-03.43.48:580][476]LogTemp: Display: ParseSettings for GameNetDriver
[2019.02.14-03.43.48:581][476]LogWorld: Bringing World /Game/Creations/Maps/UEDPIE_2_MultiplayerLobby.MultiplayerLobby up for play (max tick rate 60) at 2019.02.13-19.43.48
[2019.02.14-03.43.48:581][476]LogWorld: Bringing up level for play took: 0.000354
[2019.02.14-03.43.48:582][476]LogLoad: Took 0.028630 seconds to LoadMap(/Game/Creations/Maps/UEDPIE_1_MultiplayerLobby)
[2019.02.14-03.43.48:599][477]LogNet: Client netspeed is 10000
[2019.02.14-03.43.48:599][477]LogNet: Join request: /Game/Creations/Maps/MainMenu?Name=MSI-3490F06A4C93C275D4AF0690F104D9DC?SplitscreenCount=1
[2019.02.14-03.43.48:599][477]LogOnline: Warning: OSS: No game present to join for session (GameSession)
[2019.02.14-03.43.48:600][477]LogNet: Join succeeded: MSI-3490F06A4C93C275
[2019.02.14-03.43.48:663][480]LogOnline: Warning: OSS: No game present to join for session (GameSession)
[2019.02.14-03.43.48:684][481]LogOnline: Warning: OSS: No game present to join for session (GameSession)
[2019.02.14-03.43.50:494][569]LogBlueprintUserMessages: Early EndPlayMap Detection: Level '/Game/Creations/Maps/MultiplayerLobby.MultiplayerLobby:PersistentLevel' has LevelScriptBlueprint '/Game/Creations/Maps/MultiplayerLobby.MultiplayerLobby:PersistentLevel.MultiplayerLobby' with GeneratedClass '/Game/Creations/Maps/MultiplayerLobby.MultiplayerLobby_C' with ClassGeneratedBy '/Game/Creations/Maps/MultiplayerLobby.MultiplayerLobby:PersistentLevel.MultiplayerLobby'
[2019.02.14-03.43.50:557][569]LogOnline: Display: OSS: FOnlineSubsystemNull::Shutdown()
[2019.02.14-03.43.50:557][569]LogOnline: Display: OSS: FOnlineAsyncTaskManager::Stop() ActiveTask:0000000000000000 Tasks[0/0]
[2019.02.14-03.43.50:558][569]LogOnline: Display: OSS: FOnlineAsyncTaskManager::Exit() started
[2019.02.14-03.43.50:558][569]LogOnline: Display: OSS: FOnlineAsyncTaskManager::Exit() finished
[2019.02.14-03.43.50:558][569]LogOnline: Warning: OSS: No game present to leave for session (GameSession)
[2019.02.14-03.43.50:620][569]LogOnline: Display: OSS: FOnlineSubsystemNull::Shutdown()
[2019.02.14-03.43.50:620][569]LogOnline: Display: OSS: FOnlineAsyncTaskManager::Stop() ActiveTask:0000000000000000 Tasks[0/0]
[2019.02.14-03.43.50:620][569]LogOnline: Display: OSS: FOnlineAsyncTaskManager::Exit() started
[2019.02.14-03.43.50:621][569]LogOnline: Display: OSS: FOnlineAsyncTaskManager::Exit() finished
[2019.02.14-03.43.50:621][569]LogPlayLevel: Display: Shutting down PIE online subsystems
[2019.02.14-03.43.50:621][569]LogBlueprintUserMessages: Late EndPlayMap Detection: Level '/Game/Creations/Maps/MultiplayerLobby.MultiplayerLobby:PersistentLevel' has LevelScriptBlueprint '/Game/Creations/Maps/MultiplayerLobby.MultiplayerLobby:PersistentLevel.MultiplayerLobby' with GeneratedClass '/Game/Creations/Maps/MultiplayerLobby.MultiplayerLobby_C' with ClassGeneratedBy '/Game/Creations/Maps/MultiplayerLobby.MultiplayerLobby:PersistentLevel.MultiplayerLobby'
[2019.02.14-03.43.50:646][569]LogNet: UChannel::CleanUp: ChIndex == 0. Closing connection. [UChannel] ChIndex: 0, Closing: 0 [UNetConnection] RemoteAddr: 127.0.0.1:52459, Name: IpConnection_1, Driver: GameNetDriver None, IsServer: YES, PC: None, Owner: None
[2019.02.14-03.43.50:646][569]LogNet: UNetConnection::Close: [UNetConnection] RemoteAddr: 127.0.0.1:52459, Name: IpConnection_1, Driver: GameNetDriver None, IsServer: YES, PC: None, Owner: None, Channels: 2, Time: 2019.02.14-03.43.50
[2019.02.14-03.43.50:646][569]LogNet: UChannel::Close: Sending CloseBunch. ChIndex == 0. Name: [UChannel] ChIndex: 0, Closing: 0 [UNetConnection] RemoteAddr: 127.0.0.1:52459, Name: IpConnection_1, Driver: GameNetDriver None, IsServer: YES, PC: None, Owner: None
[2019.02.14-03.43.50:647][569]LogNet: UChannel::CleanUp: ChIndex == 0. Closing connection. [UChannel] ChIndex: 0, Closing: 0 [UNetConnection] RemoteAddr: 127.0.0.1:17777, Name: IpConnection_0, Driver: GameNetDriver IpNetDriver_1, IsServer: NO, PC: None, Owner: None
[2019.02.14-03.43.50:647][569]LogNet: UNetConnection::Close: [UNetConnection] RemoteAddr: 127.0.0.1:17777, Name: IpConnection_0, Driver: GameNetDriver IpNetDriver_1, IsServer: NO, PC: None, Owner: None, Channels: 2, Time: 2019.02.14-03.43.50
[2019.02.14-03.43.50:647][569]LogNet: UChannel::Close: Sending CloseBunch. ChIndex == 0. Name: [UChannel] ChIndex: 0, Closing: 0 [UNetConnection] RemoteAddr: 127.0.0.1:17777, Name: IpConnection_0, Driver: GameNetDriver IpNetDriver_1, IsServer: NO, PC: None, Owner: None
[2019.02.14-03.43.50:652][569]LogExit: GameNetDriver None shut down
[2019.02.14-03.43.50:653][569]LogExit: GameNetDriver None shut down
[2019.02.14-03.43.50:667][570]LogPlayLevel: Display: Destroying online subsystem :Context_7
[2019.02.14-03.43.50:667][570]LogOnline: Display: OSS: FOnlineSubsystemNull::Shutdown()
[2019.02.14-03.43.50:667][570]LogPlayLevel: Display: Destroying online subsystem :Context_6
[2019.02.14-03.43.50:667][570]LogOnline: Display: OSS: FOnlineSubsystemNull::Shutdown()
[2019.02.14-03.44.51:044][160]BlueprintLog: New page: Compile MultiplayerLobbyWidget
[2019.02.14-03.45.16:249][602]BlueprintLog: New page: Compile MultiplayerLobbyWidget
[2019.02.14-03.45.56:184][ 17]LogSlate: Took 0.063820 seconds to synchronously load lazily loaded font '../../../Engine/Content/Slate/Fonts/DroidSansFallback.ttf' (3848K)
[2019.02.14-03.46.44:442][749]BlueprintLog: New page: Compile MultiplayerLobbyWidget
[2019.02.14-03.47.24:731][183]LogSavePackage: Save=167.35ms
[2019.02.14-03.47.24:731][183]LogSavePackage: Moving '../../../../../../Users/lockw/OneDrive/Documents/Unreal Projects/GeoShot/Saved/MultiplayerLobby752DFF824B238E6C722E4EA45977E649.tmp' to '../../../../../../Users/lockw/OneDrive/Documents/Unreal Projects/GeoShot/Content/Creations/Maps/MultiplayerLobby.umap'
[2019.02.14-03.47.24:739][183]LogSavePackage: Display: Finished SavePackage ../../../../../../Users/lockw/OneDrive/Documents/Unreal Projects/GeoShot/Content/Creations/Maps/MultiplayerLobby.umap
[2019.02.14-03.47.24:785][183]LogFileHelpers: Saving map 'MultiplayerLobby' took 0.555
[2019.02.14-03.47.25:078][183]LogSavePackage: Save=90.38ms
[2019.02.14-03.47.25:078][183]LogSavePackage: Moving '../../../../../../Users/lockw/OneDrive/Documents/Unreal Projects/GeoShot/Saved/MultiplayerLobbyWidget72E6CDA54E6B2DC5599E46AA6C1A19C8.tmp' to '../../../../../../Users/lockw/OneDrive/Documents/Unreal Projects/GeoShot/Content/Creations/Widgets/MultiplayerLobbyWidget.uasset'
[2019.02.14-03.47.25:083][183]LogSavePackage: Display: Finished SavePackage ../../../../../../Users/lockw/OneDrive/Documents/Unreal Projects/GeoShot/Content/Creations/Widgets/MultiplayerLobbyWidget.uasset
[2019.02.14-03.48.03:525][827]LogWindows: Error: === Critical error: ===
[2019.02.14-03.48.03:525][827]LogWindows: Error: 
[2019.02.14-03.48.03:525][827]LogWindows: Error: Fatal error!
[2019.02.14-03.48.03:525][827]LogWindows: Error: 
[2019.02.14-03.48.03:525][827]LogWindows: Error: Unhandled Exception: EXCEPTION_ACCESS_VIOLATION reading address 0xffffffff
[2019.02.14-03.48.03:525][827]LogWindows: Error: 
[2019.02.14-03.48.03:525][827]LogWindows: Error: [Callstack] 0x00000000A6EA18A3 NahimicMSIOSD.dll!UnknownFunction []
[2019.02.14-03.48.03:525][827]LogWindows: Error: [Callstack] 0x00000000A6EA1092 NahimicMSIOSD.dll!UnknownFunction []
[2019.02.14-03.48.03:525][827]LogWindows: Error: [Callstack] 0x000000009885E038 UE4Editor-ApplicationCore.dll!UnknownFunction []
[2019.02.14-03.48.03:525][827]LogWindows: Error: [Callstack] 0x000000006BD6AD3F UE4Editor-Slate.dll!UnknownFunction []
[2019.02.14-03.48.03:525][827]LogWindows: Error: [Callstack] 0x000000006BD73EE3 UE4Editor-Slate.dll!UnknownFunction []
[2019.02.14-03.48.03:525][827]LogWindows: Error: [Callstack] 0x000000006BD4B68C UE4Editor-Slate.dll!UnknownFunction []
[2019.02.14-03.48.03:525][827]LogWindows: Error: [Callstack] 0x000000006BD3D6B7 UE4Editor-Slate.dll!UnknownFunction []
[2019.02.14-03.48.03:525][827]LogWindows: Error: [Callstack] 0x000000009886E39E UE4Editor-ApplicationCore.dll!UnknownFunction []
[2019.02.14-03.48.03:525][827]LogWindows: Error: [Callstack] 0x0000000098861A48 UE4Editor-ApplicationCore.dll!UnknownFunction []
[2019.02.14-03.48.03:525][827]LogWindows: Error: [Callstack] 0x00000000988703EC UE4Editor-ApplicationCore.dll!UnknownFunction []
[2019.02.14-03.48.03:525][827]LogWindows: Error: [Callstack] 0x000000009885D5A9 UE4Editor-ApplicationCore.dll!UnknownFunction []
[2019.02.14-03.48.03:525][827]LogWindows: Error: [Callstack] 0x00000000AE476D41 USER32.dll!UnknownFunction []
[2019.02.14-03.48.03:525][827]LogWindows: Error: [Callstack] 0x00000000AE476713 USER32.dll!UnknownFunction []
[2019.02.14-03.48.03:525][827]LogWindows: Error: [Callstack] 0x0000000098871516 UE4Editor-ApplicationCore.dll!UnknownFunction []
[2019.02.14-03.48.03:525][827]LogWindows: Error: [Callstack] 0x000000001EE450C8 UE4Editor.exe!UnknownFunction []
[2019.02.14-03.48.03:525][827]LogWindows: Error: [Callstack] 0x000000001EE55430 UE4Editor.exe!UnknownFunction []
[2019.02.14-03.48.03:525][827]LogWindows: Error: [Callstack] 0x000000001EE554AA UE4Editor.exe!UnknownFunction []
[2019.02.14-03.48.03:525][827]LogWindows: Error: [Callstack] 0x000000001EE62379 UE4Editor.exe!UnknownFunction []
[2019.02.14-03.48.03:525][827]LogWindows: Error: [Callstack] 0x000000001EE63D57 UE4Editor.exe!UnknownFunction []
[2019.02.14-03.48.03:525][827]LogWindows: Error: [Callstack] 0x00000000AE063DC4 KERNEL32.DLL!UnknownFunction []
[2019.02.14-03.48.03:525][827]LogWindows: Error: [Callstack] 0x00000000AE943691 ntdll.dll!UnknownFunction []
[2019.02.14-03.48.03:525][827]LogWindows: Error: [Callstack] 0x00000000AE943691 ntdll.dll!UnknownFunction []
[2019.02.14-03.48.03:525][827]LogWindows: Error: 
[2019.02.14-03.48.03:543][827]LogExit: Executing StaticShutdownAfterError
[2019.02.14-03.48.03:568][827]LogWindows: FPlatformMisc::RequestExit(1)
[2019.02.14-03.48.03:568][827]Log file closed, 02/13/19 19:48:03
