Log file open, 02/13/19 12:19:38
LogWindows: Failed to load 'aqProf.dll' (GetLastError=126)
LogWindows: File 'aqProf.dll' does not exist
LogWindows: Failed to load 'VSPerf140.dll' (GetLastError=126)
LogWindows: File 'VSPerf140.dll' does not exist
LogWindows: Failed to load 'VtuneApi.dll' (GetLastError=126)
LogWindows: File 'VtuneApi.dll' does not exist
LogWindows: Failed to load 'VtuneApi32e.dll' (GetLastError=126)
LogWindows: File 'VtuneApi32e.dll' does not exist
LogInit: Display: Running engine for game: GeoShot
LogPlatformFile: Not using cached read wrapper
LogInit: Display: RandInit(2011912884) SRandInit(2011912884).
LogInit: Read version file with build ID '3709383'
LogInit: Overriding engine version to CL 3794801, compatible CL 3709383
LogInit: Registered custom module enumerator with build ID '3709383'
LogInit: Warning: Passing commandline switches using / instead of - has been deprecated and will be removed in future versions of Unreal Engine.
LogTaskGraph: Started task graph with 5 named threads and 14 total threads with 3 sets of task threads.
LogStats: Stats thread started at 0.301433
LogPluginManager: Warning: Plugin 'AdvancedSessions' exists at '../../../../../../Users/lockw/OneDrive/Documents/Unreal Projects/GeoShot/Plugins/AdvancedSessions/AdvancedSessions/AdvancedSessions.uplugin' and '../../../../../../Users/lockw/OneDrive/Documents/Unreal Projects/GeoShot/Plugins/AdvancedSessions/AdvancedSessions.uplugin' - second location will be ignored
LogD3D11RHI: Aftermath initialized
LogInit: Warning: Passing commandline switches using / instead of - has been deprecated and will be removed in future versions of Unreal Engine.
LogModuleManager: Display: Found up-to-date module file ../../../Engine/Plugins/Online/OnlineSubsystemSteam/Binaries/Win64/UE4Editor-OnlineSubsystemSteam.dll (API version 3709383).
LogModuleManager: Display: Found up-to-date module file ../../../Engine/Plugins/Online/OnlineSubsystem/Binaries/Win64/UE4Editor-OnlineSubsystem.dll (API version 3709383).
LogModuleManager: Display: Found up-to-date module file ../../../Engine/Plugins/Online/OnlineSubsystemUtils/Binaries/Win64/UE4Editor-OnlineSubsystemUtils.dll (API version 3709383).
LogModuleManager: Display: Found up-to-date module file ../../../Engine/Plugins/Online/OnlineSubsystemUtils/Binaries/Win64/UE4Editor-OnlineBlueprintSupport.dll (API version 3709383).
LogModuleManager: Display: Found up-to-date module file ../../../Engine/Plugins/2D/Paper2D/Binaries/Win64/UE4Editor-Paper2D.dll (API version 3709383).
LogModuleManager: Display: Found up-to-date module file ../../../Engine/Plugins/2D/Paper2D/Binaries/Win64/UE4Editor-Paper2DEditor.dll (API version 3709383).
LogModuleManager: Display: Found up-to-date module file ../../../Engine/Plugins/2D/Paper2D/Binaries/Win64/UE4Editor-PaperSpriteSheetImporter.dll (API version 3709383).
LogModuleManager: Display: Found up-to-date module file ../../../Engine/Plugins/2D/Paper2D/Binaries/Win64/UE4Editor-PaperTiledImporter.dll (API version 3709383).
LogModuleManager: Display: Found up-to-date module file ../../../Engine/Plugins/2D/Paper2D/Binaries/Win64/UE4Editor-SmartSnapping.dll (API version 3709383).
LogModuleManager: Display: Found up-to-date module file ../../../Engine/Plugins/Blendables/LightPropagationVolume/Binaries/Win64/UE4Editor-LightPropagationVolumeRuntime.dll (API version 3709383).
LogModuleManager: Display: Found up-to-date module file ../../../Engine/Plugins/Blendables/LightPropagationVolume/Binaries/Win64/UE4Editor-LightPropagationVolumeEditor.dll (API version 3709383).
LogModuleManager: Display: Found up-to-date module file ../../../Engine/Plugins/Developer/GitSourceControl/Binaries/Win64/UE4Editor-GitSourceControl.dll (API version 3709383).
LogModuleManager: Display: Found up-to-date module file ../../../Engine/Plugins/Developer/PerforceSourceControl/Binaries/Win64/UE4Editor-PerforceSourceControl.dll (API version 3709383).
LogModuleManager: Display: Found up-to-date module file ../../../Engine/Plugins/Developer/SubversionSourceControl/Binaries/Win64/UE4Editor-SubversionSourceControl.dll (API version 3709383).
LogModuleManager: Display: Found up-to-date module file ../../../Engine/Plugins/Developer/UObjectPlugin/Binaries/Win64/UE4Editor-UObjectPlugin.dll (API version 3709383).
LogModuleManager: Display: Found up-to-date module file ../../../Engine/Plugins/Developer/VisualStudioCodeSourceCodeAccess/Binaries/Win64/UE4Editor-VisualStudioCodeSourceCodeAccess.dll (API version 3709383).
LogModuleManager: Display: Found up-to-date module file ../../../Engine/Plugins/Developer/VisualStudioSourceCodeAccess/Binaries/Win64/UE4Editor-VisualStudioSourceCodeAccess.dll (API version 3709383).
LogModuleManager: Display: Found up-to-date module file ../../../Engine/Plugins/Editor/AssetManagerEditor/Binaries/Win64/UE4Editor-AssetManagerEditor.dll (API version 3709383).
LogModuleManager: Display: Found up-to-date module file ../../../Engine/Plugins/Editor/AudioCapture/Binaries/Win64/UE4Editor-AudioCapture.dll (API version 3709383).
LogModuleManager: Display: Found up-to-date module file ../../../Engine/Plugins/Editor/FacialAnimation/Binaries/Win64/UE4Editor-FacialAnimation.dll (API version 3709383).
LogModuleManager: Display: Found up-to-date module file ../../../Engine/Plugins/Editor/FacialAnimation/Binaries/Win64/UE4Editor-FacialAnimationEditor.dll (API version 3709383).
LogModuleManager: Display: Found up-to-date module file ../../../Engine/Plugins/Editor/GameplayTagsEditor/Binaries/Win64/UE4Editor-GameplayTagsEditor.dll (API version 3709383).
LogModuleManager: Display: Found up-to-date module file ../../../Engine/Plugins/Editor/MobileLauncherProfileWizard/Binaries/Win64/UE4Editor-MobileLauncherProfileWizard.dll (API version 3709383).
LogModuleManager: Display: Found up-to-date module file ../../../Engine/Plugins/Editor/PluginBrowser/Binaries/Win64/UE4Editor-PluginBrowser.dll (API version 3709383).
LogModuleManager: Display: Found up-to-date module file ../../../Engine/Plugins/Editor/SpeedTreeImporter/Binaries/Win64/UE4Editor-SpeedTreeImporter.dll (API version 3709383).
LogModuleManager: Display: Found up-to-date module file ../../../Engine/Plugins/Experimental/AlembicImporter/Binaries/Win64/UE4Editor-AlembicImporter.dll (API version 3709383).
LogModuleManager: Display: Found up-to-date module file ../../../Engine/Plugins/Experimental/AlembicImporter/Binaries/Win64/UE4Editor-AlembicLibrary.dll (API version 3709383).
LogModuleManager: Display: Found up-to-date module file ../../../Engine/Plugins/Experimental/CharacterAI/Binaries/Win64/UE4Editor-CharacterAI.dll (API version 3709383).
LogModuleManager: Display: Found up-to-date module file ../../../Engine/Plugins/Experimental/HTML5Networking/Binaries/Win64/UE4Editor-HTML5Networking.dll (API version 3709383).
LogModuleManager: Display: Found up-to-date module file ../../../Engine/Plugins/Media/AndroidMedia/Binaries/Win64/UE4Editor-AndroidMediaEditor.dll (API version 3709383).
LogModuleManager: Display: Found up-to-date module file ../../../Engine/Plugins/Media/AndroidMedia/Binaries/Win64/UE4Editor-AndroidMediaFactory.dll (API version 3709383).
LogModuleManager: Display: Found up-to-date module file ../../../Engine/Plugins/Media/AvfMedia/Binaries/Win64/UE4Editor-AvfMediaEditor.dll (API version 3709383).
LogModuleManager: Display: Found up-to-date module file ../../../Engine/Plugins/Media/AvfMedia/Binaries/Win64/UE4Editor-AvfMediaFactory.dll (API version 3709383).
LogModuleManager: Display: Found up-to-date module file ../../../Engine/Plugins/Media/AvfMedia/Binaries/Win64/UE4Editor-AvfMediaFactory.dll (API version 3709383).
LogModuleManager: Display: Found up-to-date module file ../../../Engine/Plugins/Media/ImgMedia/Binaries/Win64/UE4Editor-ImgMedia.dll (API version 3709383).
LogModuleManager: Display: Found up-to-date module file ../../../Engine/Plugins/Media/ImgMedia/Binaries/Win64/UE4Editor-ImgMediaEditor.dll (API version 3709383).
LogModuleManager: Display: Found up-to-date module file ../../../Engine/Plugins/Media/ImgMedia/Binaries/Win64/UE4Editor-ImgMediaFactory.dll (API version 3709383).
LogModuleManager: Display: Found up-to-date module file ../../../Engine/Plugins/Media/ImgMedia/Binaries/Win64/UE4Editor-ImgMediaFactory.dll (API version 3709383).
LogModuleManager: Display: Found up-to-date module file ../../../Engine/Plugins/Media/ImgMedia/Binaries/Win64/UE4Editor-OpenExrWrapper.dll (API version 3709383).
LogModuleManager: Display: Found up-to-date module file ../../../Engine/Plugins/Media/MediaCompositing/Binaries/Win64/UE4Editor-MediaCompositing.dll (API version 3709383).
LogModuleManager: Display: Found up-to-date module file ../../../Engine/Plugins/Media/MediaCompositing/Binaries/Win64/UE4Editor-MediaCompositingEditor.dll (API version 3709383).
LogModuleManager: Display: Found up-to-date module file ../../../Engine/Plugins/Media/MediaPlayerEditor/Binaries/Win64/UE4Editor-MediaPlayerEditor.dll (API version 3709383).
LogModuleManager: Display: Found up-to-date module file ../../../Engine/Plugins/Media/WmfMedia/Binaries/Win64/UE4Editor-WmfMedia.dll (API version 3709383).
LogModuleManager: Display: Found up-to-date module file ../../../Engine/Plugins/Media/WmfMedia/Binaries/Win64/UE4Editor-WmfMediaEditor.dll (API version 3709383).
LogModuleManager: Display: Found up-to-date module file ../../../Engine/Plugins/Media/WmfMedia/Binaries/Win64/UE4Editor-WmfMediaFactory.dll (API version 3709383).
LogModuleManager: Display: Found up-to-date module file ../../../Engine/Plugins/Media/WmfMedia/Binaries/Win64/UE4Editor-WmfMediaFactory.dll (API version 3709383).
LogModuleManager: Display: Found up-to-date module file ../../../Engine/Plugins/Messaging/TcpMessaging/Binaries/Win64/UE4Editor-TcpMessaging.dll (API version 3709383).
LogModuleManager: Display: Found up-to-date module file ../../../Engine/Plugins/Messaging/UdpMessaging/Binaries/Win64/UE4Editor-UdpMessaging.dll (API version 3709383).
LogModuleManager: Display: Found up-to-date module file ../../../Engine/Plugins/MovieScene/ActorSequence/Binaries/Win64/UE4Editor-ActorSequence.dll (API version 3709383).
LogModuleManager: Display: Found up-to-date module file ../../../Engine/Plugins/MovieScene/LevelSequenceEditor/Binaries/Win64/UE4Editor-LevelSequenceEditor.dll (API version 3709383).
LogModuleManager: Display: Found up-to-date module file ../../../Engine/Plugins/MovieScene/MatineeToLevelSequence/Binaries/Win64/UE4Editor-MatineeToLevelSequence.dll (API version 3709383).
LogModuleManager: Display: Found up-to-date module file ../../../Engine/Plugins/Runtime/AndroidPermission/Binaries/Win64/UE4Editor-AndroidPermission.dll (API version 3709383).
LogModuleManager: Display: Found up-to-date module file ../../../Engine/Plugins/Online/OnlineSubsystemNull/Binaries/Win64/UE4Editor-OnlineSubsystemNull.dll (API version 3709383).
LogModuleManager: Display: Found up-to-date module file ../../../Engine/Plugins/Runtime/AndroidDeviceProfileSelector/Binaries/Win64/UE4Editor-AndroidDeviceProfileSelector.dll (API version 3709383).
LogModuleManager: Display: Found up-to-date module file ../../../Engine/Plugins/Runtime/AppleARKit/Binaries/Win64/UE4Editor-AppleARKit.dll (API version 3709383).
LogModuleManager: Display: Found up-to-date module file ../../../Engine/Plugins/Runtime/ArchVisCharacter/Binaries/Win64/UE4Editor-ArchVisCharacter.dll (API version 3709383).
LogModuleManager: Display: Found up-to-date module file ../../../Engine/Plugins/Runtime/CableComponent/Binaries/Win64/UE4Editor-CableComponent.dll (API version 3709383).
LogModuleManager: Display: Found up-to-date module file ../../../Engine/Plugins/Runtime/CustomMeshComponent/Binaries/Win64/UE4Editor-CustomMeshComponent.dll (API version 3709383).
LogModuleManager: Display: Found up-to-date module file ../../../Engine/Plugins/Runtime/ExampleDeviceProfileSelector/Binaries/Win64/UE4Editor-ExampleDeviceProfileSelector.dll (API version 3709383).
LogModuleManager: Display: Found up-to-date module file ../../../Engine/Plugins/Runtime/ImmediatePhysics/Binaries/Win64/UE4Editor-ImmediatePhysics.dll (API version 3709383).
LogModuleManager: Display: Found up-to-date module file ../../../Engine/Plugins/Runtime/ImmediatePhysics/Binaries/Win64/UE4Editor-ImmediatePhysicsEditor.dll (API version 3709383).
LogModuleManager: Display: Found up-to-date module file ../../../Engine/Plugins/Runtime/LocationServicesBPLibrary/Binaries/Win64/UE4Editor-LocationServicesBPLibrary.dll (API version 3709383).
LogModuleManager: Display: Found up-to-date module file ../../../Engine/Plugins/Runtime/MobilePatchingUtils/Binaries/Win64/UE4Editor-MobilePatchingUtils.dll (API version 3709383).
LogModuleManager: Display: Found up-to-date module file ../../../Engine/Plugins/Runtime/Oculus/OculusVR/Binaries/Win64/UE4Editor-OculusHMD.dll (API version 3709383).
LogModuleManager: Display: Found up-to-date module file ../../../Engine/Plugins/Runtime/Oculus/OculusVR/Binaries/Win64/UE4Editor-OculusInput.dll (API version 3709383).
LogModuleManager: Display: Found up-to-date module file ../../../Engine/Plugins/Runtime/Oculus/OculusVR/Binaries/Win64/UE4Editor-OculusEditor.dll (API version 3709383).
LogModuleManager: Display: Found up-to-date module file ../../../Engine/Plugins/Runtime/PhysXVehicles/Binaries/Win64/UE4Editor-PhysXVehicles.dll (API version 3709383).
LogModuleManager: Display: Found up-to-date module file ../../../Engine/Plugins/Runtime/PhysXVehicles/Binaries/Win64/UE4Editor-PhysXVehiclesEditor.dll (API version 3709383).
LogModuleManager: Display: Found up-to-date module file ../../../Engine/Plugins/Runtime/ProceduralMeshComponent/Binaries/Win64/UE4Editor-ProceduralMeshComponent.dll (API version 3709383).
LogModuleManager: Display: Found up-to-date module file ../../../Engine/Plugins/Runtime/ProceduralMeshComponent/Binaries/Win64/UE4Editor-ProceduralMeshComponentEditor.dll (API version 3709383).
LogModuleManager: Display: Found up-to-date module file ../../../Engine/Plugins/Runtime/RuntimePhysXCooking/Binaries/Win64/UE4Editor-RuntimePhysXCooking.dll (API version 3709383).
LogModuleManager: Display: Found up-to-date module file ../../../Engine/Plugins/Runtime/Steam/SteamVR/Binaries/Win64/UE4Editor-SteamVR.dll (API version 3709383).
LogModuleManager: Display: Found up-to-date module file ../../../Engine/Plugins/Runtime/Steam/SteamVR/Binaries/Win64/UE4Editor-SteamVRController.dll (API version 3709383).
LogModuleManager: Display: Found up-to-date module file ../../../Engine/Plugins/Runtime/WindowsMoviePlayer/Binaries/Win64/UE4Editor-WindowsMoviePlayer.dll (API version 3709383).
LogModuleManager: Display: Found up-to-date module file ../../../../../../Users/lockw/OneDrive/Documents/Unreal Projects/GeoShot/Plugins/AdvancedSessions/AdvancedSessions/Binaries/Win64/UE4Editor-AdvancedSessions.dll (API version 3709383).
LogModuleManager: Display: Found up-to-date module file ../../../../../../Users/lockw/OneDrive/Documents/Unreal Projects/GeoShot/Plugins/AdvancedSessions/AdvancedSteamSessions/Binaries/Win64/UE4Editor-AdvancedSteamSessions.dll (API version 3709383).
LogPluginManager: Mounting plugin Paper2D
LogPluginManager: Mounting plugin LightPropagationVolume
LogPluginManager: Mounting plugin CodeLiteSourceCodeAccess
LogPluginManager: Mounting plugin GitSourceControl
LogPluginManager: Mounting plugin KDevelopSourceCodeAccess
LogPluginManager: Mounting plugin NullSourceCodeAccess
LogPluginManager: Mounting plugin PerforceSourceControl
LogPluginManager: Mounting plugin SubversionSourceControl
LogPluginManager: Mounting plugin UObjectPlugin
LogPluginManager: Mounting plugin VisualStudioCodeSourceCodeAccess
LogPluginManager: Mounting plugin VisualStudioSourceCodeAccess
LogPluginManager: Mounting plugin XCodeSourceCodeAccess
LogPluginManager: Mounting plugin AssetManagerEditor
LogPluginManager: Mounting plugin AudioCapture
LogPluginManager: Mounting plugin FacialAnimation
LogPluginManager: Mounting plugin GameplayTagsEditor
LogPluginManager: Mounting plugin MobileLauncherProfileWizard
LogPluginManager: Mounting plugin PluginBrowser
LogPluginManager: Mounting plugin SpeedTreeImporter
LogPluginManager: Mounting plugin AlembicImporter
LogPluginManager: Mounting plugin CharacterAI
LogPluginManager: Mounting plugin HTML5Networking
LogPluginManager: Mounting plugin AndroidMedia
LogPluginManager: Mounting plugin AvfMedia
LogPluginManager: Mounting plugin ImgMedia
LogPluginManager: Mounting plugin MediaCompositing
LogPluginManager: Mounting plugin MediaPlayerEditor
LogPluginManager: Mounting plugin WmfMedia
LogPluginManager: Mounting plugin TcpMessaging
LogPluginManager: Mounting plugin UdpMessaging
LogPluginManager: Mounting plugin ActorSequence
LogPluginManager: Mounting plugin LevelSequenceEditor
LogPluginManager: Mounting plugin MatineeToLevelSequence
LogPluginManager: Mounting plugin OnlineSubsystemGooglePlay
LogPluginManager: Mounting plugin OnlineSubsystemIOS
LogPluginManager: Mounting plugin OnlineSubsystem
LogPluginManager: Mounting plugin OnlineSubsystemNull
LogPluginManager: Mounting plugin OnlineSubsystemSteam
LogPluginManager: Mounting plugin OnlineSubsystemUtils
LogPluginManager: Mounting plugin AndroidDeviceProfileSelector
LogPluginManager: Mounting plugin AndroidMoviePlayer
LogPluginManager: Mounting plugin AndroidPermission
LogPluginManager: Mounting plugin AppleARKit
LogPluginManager: Mounting plugin AppleMoviePlayer
LogPluginManager: Mounting plugin ArchVisCharacter
LogPluginManager: Mounting plugin CableComponent
LogPluginManager: Mounting plugin CustomMeshComponent
LogPluginManager: Mounting plugin ExampleDeviceProfileSelector
LogPluginManager: Mounting plugin GoogleCloudMessaging
LogPluginManager: Mounting plugin ImmediatePhysics
LogPluginManager: Mounting plugin IOSDeviceProfileSelector
LogPluginManager: Mounting plugin LinuxDeviceProfileSelector
LogPluginManager: Mounting plugin LocationServicesBPLibrary
LogPluginManager: Mounting plugin MobilePatchingUtils
LogPluginManager: Mounting plugin OculusVR
LogPluginManager: Plugin shader directory ../../../Engine/Plugins/Runtime/Oculus/OculusVR/Shaders found
LogPluginManager: Mapping shader source directory ../../../Engine/Plugins/Runtime/Oculus/OculusVR/Shaders to virtual directory /Plugin/OculusVR
LogPluginManager: Mounting plugin PhysXVehicles
LogPluginManager: Mounting plugin ProceduralMeshComponent
LogPluginManager: Mounting plugin RuntimePhysXCooking
LogPluginManager: Mounting plugin SteamVR
LogPluginManager: Mounting plugin WindowsMoviePlayer
LogPluginManager: Mounting plugin AdvancedSessions
LogPluginManager: Mounting plugin AdvancedSteamSessions
LogInit: Using libcurl 7.47.1
LogInit:  - built for x86_64-pc-win32
LogInit:  - supports SSL with OpenSSL/1.0.2g
LogInit:  - supports HTTP deflate (compression) using libz 1.2.8
LogInit:  - other features:
LogInit:      CURL_VERSION_SSL
LogInit:      CURL_VERSION_LIBZ
LogInit:      CURL_VERSION_IPV6
LogInit:      CURL_VERSION_ASYNCHDNS
LogInit:      CURL_VERSION_LARGEFILE
LogInit:      CURL_VERSION_IDN
LogInit:  CurlRequestOptions (configurable via config and command line):
LogInit:  - bVerifyPeer = false  - Libcurl will NOT verify peer certificate
LogInit:  - bUseHttpProxy = false  - Libcurl will NOT use HTTP proxy
LogInit:  - bDontReuseConnections = false  - Libcurl will reuse connections
LogInit:  - CertBundlePath = nullptr  - Libcurl will use whatever was configured at build time.
LogOnline: Display: STEAM: Loading Steam SDK 1.39
LogInit: WinSock: version 1.1 (2.2), MaxSocks=32767, MaxUdp=65467
LogInit: Build: ++UE4+Release-4.18-CL-3794801
LogInit: Engine Version: 4.18.2-3794801+++UE4+Release-4.18
LogInit: Compatible Engine Version: 4.18.0-3709383+++UE4+Release-4.18
LogInit: Net CL: 3709383
LogDevObjectVersion: Number of dev versions registered: 16
LogDevObjectVersion:   Dev-Blueprints (B0D832E4-1F89-4F0D-ACCF-7EB736FD4AA2): 10
LogDevObjectVersion:   Dev-Build (E1C64328-A22C-4D53-A36C-8E866417BD8C): 0
LogDevObjectVersion:   Dev-Core (375EC13C-06E4-48FB-B500-84F0262A717E): 2
LogDevObjectVersion:   Dev-Editor (E4B068ED-F494-42E9-A231-DA0B2E46BB41): 20
LogDevObjectVersion:   Dev-Framework (CFFC743F-43B0-4480-9391-14DF171D2073): 30
LogDevObjectVersion:   Dev-Mobile (B02B49B5-BB20-44E9-A304-32B752E40360): 0
LogDevObjectVersion:   Dev-Networking (A4E4105C-59A1-49B5-A7C5-40C4547EDFEE): 0
LogDevObjectVersion:   Dev-Online (39C831C9-5AE6-47DC-9A44-9C173E1C8E7C): 0
LogDevObjectVersion:   Dev-Physics (78F01B33-EBEA-4F98-B9B4-84EACCB95AA2): 0
LogDevObjectVersion:   Dev-Platform (6631380F-2D4D-43E0-8009-CF276956A95A): 0
LogDevObjectVersion:   Dev-Rendering (12F88B9F-8875-4AFC-A67C-D90C383ABD29): 20
LogDevObjectVersion:   Dev-Sequencer (7B5AE74C-D270-4C10-A958-57980B212A5A): 4
LogDevObjectVersion:   Dev-VR (D7296918-1DD6-4BDD-9DE2-64A83CC13884): 0
LogDevObjectVersion:   Dev-LoadTimes (C2A15278-BFE7-4AFE-6C17-90FF531DF755): 1
LogDevObjectVersion:   Private-Geometry (6EACA3D4-40EC-4CC1-B786-8BED09428FC5): 1
LogDevObjectVersion:   Dev-AnimPhys (29E575DD-E0A3-4627-9D10-D276232CDCEA): 12
LogInit: Compiled (64-bit): Dec  8 2017 02:04:53
LogInit: Compiled with Visual C++: 19.00.24215.01
LogInit: Build Configuration: Development
LogInit: Branch Name: ++UE4+Release-4.18
LogInit: Command line:  /Game/Creations/Maps/MultiplayerLobby -game -PIEVIACONSOLE -ResX=1280 -ResY=720  -Multiprocess -messaging -SessionName="Play in Standalone Game" -windowed 
LogInit: Base directory: C:/Program Files/Epic Games/UE_4.18/Engine/Binaries/Win64/
LogInit: Installed Engine Build: 1
LogInit: Presizing for max 8388607 objects, including 0 objects not considered by GC, pre-allocating 0 bytes for permanent pool.
LogInit: Object subsystem initialized
[2019.02.13-20.19.46:775][  0]LogInit: Selected Device Profile: [Windows]
[2019.02.13-20.19.46:775][  0]LogInit: Applying CVar settings loaded from the selected device profile: [Windows]
[2019.02.13-20.19.46:792][  0]LogInit: Computer: MSI
[2019.02.13-20.19.46:792][  0]LogInit: User: Alex
[2019.02.13-20.19.46:792][  0]LogInit: CPU Page size=4096, Cores=4
[2019.02.13-20.19.46:792][  0]LogInit: High frequency timer resolution =2.533214 MHz
[2019.02.13-20.19.46:793][  0]LogMemory: Memory total: Physical=15.9GB (16GB approx)
[2019.02.13-20.19.46:793][  0]LogMemory: Platform Memory Stats for Windows
[2019.02.13-20.19.46:793][  0]LogMemory: Process Physical Memory: 306.48 MB used, 306.48 MB peak
[2019.02.13-20.19.46:793][  0]LogMemory: Process Virtual Memory: 287.87 MB used, 287.87 MB peak
[2019.02.13-20.19.46:794][  0]LogMemory: Physical Memory: 8934.66 MB used,  7338.68 MB free, 16273.34 MB total
[2019.02.13-20.19.46:794][  0]LogMemory: Virtual Memory: 4901.11 MB used,  7338.68 MB free, 134217728.00 MB total
[2019.02.13-20.19.48:630][  0]LogInit: Using OS detected language (en-US).
[2019.02.13-20.19.48:630][  0]LogInit: Using OS detected locale (en-US).
[2019.02.13-20.19.48:640][  0]LogTextLocalizationManager: No specific localization for 'en-US' exists, so the 'en' localization will be used.
[2019.02.13-20.19.49:707][  0]LogD3D11RHI: D3D11 adapters:
[2019.02.13-20.19.49:867][  0]LogD3D11RHI:    0. 'NVIDIA GeForce GTX 965M' (Feature Level 11_0)
[2019.02.13-20.19.49:867][  0]LogD3D11RHI:       2010/0/8136 MB DedicatedVideo/DedicatedSystem/SharedSystem, Outputs:1, VendorId:0x10de
[2019.02.13-20.19.49:880][  0]LogD3D11RHI:    1. 'Intel(R) HD Graphics 4600' (Feature Level 11_0)
[2019.02.13-20.19.49:880][  0]LogD3D11RHI:       112/0/2048 MB DedicatedVideo/DedicatedSystem/SharedSystem, Outputs:0, VendorId:0x8086
[2019.02.13-20.19.49:889][  0]LogD3D11RHI:    2. 'Microsoft Basic Render Driver' (Feature Level 11_0)
[2019.02.13-20.19.49:889][  0]LogD3D11RHI:       0/0/8136 MB DedicatedVideo/DedicatedSystem/SharedSystem, Outputs:0, VendorId:0x1414
[2019.02.13-20.19.49:889][  0]LogD3D11RHI: Chosen D3D11 Adapter: 0
[2019.02.13-20.19.49:942][  0]LogD3D11RHI: Creating new Direct3DDevice
[2019.02.13-20.19.49:943][  0]LogD3D11RHI:     GPU DeviceId: 0x13d9 (for the marketing name, search the web for "GPU Device Id")
[2019.02.13-20.19.49:943][  0]LogWindows: EnumDisplayDevices:
[2019.02.13-20.19.49:943][  0]LogWindows:    0. 'Intel(R) HD Graphics 4600' (P:1 D:1)
[2019.02.13-20.19.49:943][  0]LogWindows:    1. 'Intel(R) HD Graphics 4600' (P:0 D:0)
[2019.02.13-20.19.49:944][  0]LogWindows:    2. 'Intel(R) HD Graphics 4600' (P:0 D:0)
[2019.02.13-20.19.49:944][  0]LogWindows: DebugString: GetVideoDriverDetailsInvalid PrimaryIsNotTheChoosenAdapter GetVideoDriverDetailsInvalid PrimaryIsNotTheChoosenAdapter GetVideoDriverDetailsInvalid PrimaryIsNotTheChoosenAdapter FoundDriverCount:0 
[2019.02.13-20.19.49:944][  0]LogD3D11RHI:     Adapter Name: NVIDIA GeForce GTX 965M
[2019.02.13-20.19.49:944][  0]LogD3D11RHI:   Driver Version: Unknown (internal:Unknown, unified:Unknown)
[2019.02.13-20.19.49:944][  0]LogD3D11RHI:      Driver Date: Unknown
[2019.02.13-20.19.49:944][  0]LogRHI: Texture pool is 1407 MB (70% of 2010 MB)
[2019.02.13-20.19.50:058][  0]LogD3D11RHI: Async texture creation enabled
[2019.02.13-20.19.50:082][  0]LogD3D11RHI: GPU Timing Frequency: 1000.000000 (Debug: 2 2)
[2019.02.13-20.19.50:085][  0]LogShaderCompilers: Guid format shader working directory is -26 characters bigger than the processId version (../../../../../../Users/lockw/OneDrive/Documents/Unreal Projects/GeoShot/Intermediate/Shaders/WorkingDirectory/3656/).
[2019.02.13-20.19.50:085][  0]LogShaderCompilers: Cleaned the shader compiler working directory 'C:/Users/lockw/AppData/Local/Temp/UnrealShaderWorkingDir/E2F8199F448D1419ABBC39BF890FC6D7/'.
[2019.02.13-20.19.50:085][  0]LogShaderCompilers: Display: Using Local Shader Compiler.
[2019.02.13-20.19.52:574][  0]LogTemp: Display: Loaded TP WindowsClientTargetPlatform
[2019.02.13-20.19.52:743][  0]LogTemp: Display: Loaded TP WindowsNoEditorTargetPlatform
[2019.02.13-20.19.52:891][  0]LogTemp: Display: Loaded TP WindowsServerTargetPlatform
[2019.02.13-20.19.53:047][  0]LogTemp: Display: Loaded TP WindowsTargetPlatform
[2019.02.13-20.19.53:047][  0]LogTargetPlatformManager: Display: Building Assets For Windows
[2019.02.13-20.19.54:579][  0]LogDerivedDataCache: Display: Max Cache Size: 512 MB
[2019.02.13-20.19.54:726][  0]LogDerivedDataCache: Loaded boot cache 0.15s 78MB C:/Users/lockw/AppData/Local/UnrealEngine/4.18/DerivedDataCache/Boot.ddc.
[2019.02.13-20.19.54:726][  0]LogDerivedDataCache: Display: Loaded Boot cache: C:/Users/lockw/AppData/Local/UnrealEngine/4.18/DerivedDataCache/Boot.ddc
[2019.02.13-20.19.54:726][  0]LogDerivedDataCache: FDerivedDataBackendGraph:  Pak pak cache file ../../../../../../Users/lockw/OneDrive/Documents/Unreal Projects/GeoShot/DerivedDataCache/DDC.ddp not found, will not use a pak cache.
[2019.02.13-20.19.54:726][  0]LogDerivedDataCache: Unable to find inner node Pak for hierarchical cache Hierarchy.
[2019.02.13-20.19.54:726][  0]LogDerivedDataCache: FDerivedDataBackendGraph:  CompressedPak pak cache file ../../../../../../Users/lockw/OneDrive/Documents/Unreal Projects/GeoShot/DerivedDataCache/Compressed.ddp not found, will not use a pak cache.
[2019.02.13-20.19.54:726][  0]LogDerivedDataCache: Unable to find inner node CompressedPak for hierarchical cache Hierarchy.
[2019.02.13-20.19.54:748][  0]LogDerivedDataCache: Display: Pak cache opened for reading ../../../Engine/DerivedDataCache/Compressed.ddp.
[2019.02.13-20.19.54:761][  0]LogDerivedDataCache: Using Local data cache path C:/Users/lockw/AppData/Local/UnrealEngine/Common/DerivedDataCache: Writable
[2019.02.13-20.19.54:774][  0]LogMaterial: Verifying Global Shaders for PCD3D_SM5
[2019.02.13-20.19.54:811][  0]LogSlate: Using Freetype 2.6.0
[2019.02.13-20.19.54:812][  0]LogSlate: SlateFontCache - WITH_FREETYPE: 1, WITH_HARFBUZZ: 1
[2019.02.13-20.19.54:812][  0]LogSlate: SlateFontCache - WITH_FREETYPE: 1, WITH_HARFBUZZ: 1
[2019.02.13-20.19.55:622][  0]LogAssetRegistry: FAssetRegistry took 0.0060 seconds to start up
[2019.02.13-20.19.55:642][  0]LogPackageLocalizationCache: Processed 7 localized package path(s) for 2 prioritized culture(s) in 0.020004 seconds
[2019.02.13-20.19.55:789][  0]LogInit: Selected Device Profile: [Windows]
[2019.02.13-20.19.56:663][  0]LogSimplygon: Simplygon DLL not present - disabling.
[2019.02.13-20.19.56:792][  0]LogMeshReduction: Using SimplygonSwarm for distributed automatic mesh merging
[2019.02.13-20.19.56:792][  0]LogMeshReduction: Using QuadricMeshReduction for automatic static mesh reduction
[2019.02.13-20.19.56:792][  0]LogMeshReduction: No automatic skeletal mesh reduction module available
[2019.02.13-20.19.56:792][  0]LogMeshReduction: No automatic mesh merging module available
[2019.02.13-20.19.56:792][  0]LogMeshMerging: No automatic mesh merging module available
[2019.02.13-20.19.56:857][  0]LogNetVersion: GeoShot , NetCL: 3709383, EngineNetVer: 2, GameNetVer: 0 (Checksum: 1270197996)
[2019.02.13-20.19.57:279][  0]LogInit: Warning: Passing commandline switches using / instead of - has been deprecated and will be removed in future versions of Unreal Engine.
[2019.02.13-20.19.57:279][  0]LogInit: Warning: Passing commandline switches using / instead of - has been deprecated and will be removed in future versions of Unreal Engine.
[2019.02.13-20.19.57:279][  0]LogInit: Warning: Passing commandline switches using / instead of - has been deprecated and will be removed in future versions of Unreal Engine.
[2019.02.13-20.20.01:838][  0]LogMoviePlayer: Initializing movie player
[2019.02.13-20.20.03:362][  0]LogCollectionManager: Loaded 0 collections in 0.007848 seconds
[2019.02.13-20.20.03:471][  0]LogFileCache: Scanning file cache for directory 'C:/Users/lockw/OneDrive/Documents/Unreal Projects/GeoShot/Saved/Collections/' took 0.01s
[2019.02.13-20.20.03:471][  0]LogFileCache: Scanning file cache for directory 'C:/Users/lockw/OneDrive/Documents/Unreal Projects/GeoShot/Content/Developers/Alex/Collections/' took 0.01s
[2019.02.13-20.20.03:471][  0]LogFileCache: Scanning file cache for directory 'C:/Users/lockw/OneDrive/Documents/Unreal Projects/GeoShot/Content/Collections/' took 0.01s
[2019.02.13-20.20.03:471][  0]LogCollectionManager: Rebuilt the object cache for 0 collections in 0.000000 seconds (found 0 objects)
[2019.02.13-20.20.03:471][  0]LogCollectionManager: Fixed up redirectors for 0 collections in 0.000088 seconds (updated 0 objects)
[2019.02.13-20.20.04:064][  0]LogTcpMessaging: Initializing TcpMessaging bridge
[2019.02.13-20.20.04:180][  0]LogUdpMessaging: Initializing bridge on interface 0.0.0.0:0 to multicast group 230.0.0.1:6666.
[2019.02.13-20.20.05:983][  0]LogInit: Warning: Passing commandline switches using / instead of - has been deprecated and will be removed in future versions of Unreal Engine.
[2019.02.13-20.20.05:984][  0]SourceControl: Source control is disabled
[2019.02.13-20.20.05:984][  0]SourceControl: Source control is disabled
[2019.02.13-20.20.06:175][  0]SourceControl: Source control is disabled
[2019.02.13-20.20.07:509][  0]LogAndroidPermission: UAndroidPermissionCallbackProxy::GetInstance
[2019.02.13-20.20.08:374][  0]LogOcInput: OculusInput pre-init called
[2019.02.13-20.20.08:727][  0]LogUObjectArray: 39606 objects as part of root set at end of initial load.
[2019.02.13-20.20.08:727][  0]LogUObjectAllocator: 8683224 out of 0 bytes used by permanent object pool.
[2019.02.13-20.20.08:727][  0]LogUObjectArray: CloseDisregardForGC: 0/0 objects in disregard for GC pool
[2019.02.13-20.20.09:036][  0]LogEngine: Initializing Engine...
[2019.02.13-20.20.09:043][  0]LogHMD: Failed to initialize OpenVR with code 110
[2019.02.13-20.20.09:301][  0]LogStats: UGameplayTagsManager::ConstructGameplayTagTree: Construct from data asset -  0.000 s
[2019.02.13-20.20.09:301][  0]LogStats: UGameplayTagsManager::ConstructGameplayTagTree: GameplayTagTreeChangedEvent.Broadcast -  0.000 s
[2019.02.13-20.20.09:346][  0]LogInit: XAudio2 using 'Speakers (Realtek High Definition Audio)' : 6 channels at 48 kHz using 32 bits per sample (channel mask 0x3f)
[2019.02.13-20.20.09:471][  0]LogInit: FAudioDevice initialized.
[2019.02.13-20.20.09:529][  0]LogInit: Texture streaming: Enabled
[2019.02.13-20.20.09:616][  0]LogMaterial: Uniform references updated for custom material expression Custom.
[2019.02.13-20.20.11:137][  0]LogInit: Warning: Passing commandline switches using / instead of - has been deprecated and will be removed in future versions of Unreal Engine.
[2019.02.13-20.20.11:292][  0]LogInit: Display: Game Engine Initialized.
[2019.02.13-20.20.11:292][  0]LogGameplayTags: Display: UGameplayTagsManager::DoneAddingNativeTags. DelegateIsBound: 0
[2019.02.13-20.20.11:872][  0]LogInit: Display: Starting Game.
[2019.02.13-20.20.11:873][  0]LogNet: Browse: /Game/Creations/Maps/MultiplayerLobby?Name=Player
[2019.02.13-20.20.11:882][  0]LogLoad: LoadMap: /Game/Creations/Maps/MultiplayerLobby?Name=Player
[2019.02.13-20.20.12:503][  0]LogAIModule: Creating AISystem for world MultiplayerLobby
[2019.02.13-20.20.12:503][  0]LogLoad: Game class is 'MainGm_C'
[2019.02.13-20.20.12:527][  0]LogWorld: Bringing World /Game/Creations/Maps/MultiplayerLobby.MultiplayerLobby up for play (max tick rate 0) at 2019.02.13-12.20.12
[2019.02.13-20.20.12:528][  0]LogWorld: Bringing up level for play took: 0.002864
[2019.02.13-20.20.12:593][  0]LogGameMode: FindPlayerStart: PATHS NOT DEFINED or NO PLAYERSTART with positive rating
[2019.02.13-20.20.12:602][  0]LogLoad: Took 0.720780 seconds to LoadMap(/Game/Creations/Maps/MultiplayerLobby)
[2019.02.13-20.20.12:604][  0]LogSlate: Took 0.000454 seconds to synchronously load lazily loaded font '../../../Engine/Content/Slate/Fonts/Roboto-Regular.ttf' (155K)
[2019.02.13-20.20.13:146][  0]LogRenderer: Reallocating scene render targets to support 1280x720 Format 10 NumSamples 1 (Frame:1).
[2019.02.13-20.20.13:146][  0]LogLoad: (Engine Initialization) Total time: 37.38 seconds
[2019.02.13-20.20.13:146][  0]LogLoad: (Engine Initialization) Total Blueprint compile time: 0.00 seconds
[2019.02.13-20.20.13:147][  0]LogExternalProfiler: No external profilers were discovered.  External profiling features will not be available.
[2019.02.13-20.20.13:183][  0]LogContentStreaming: Texture pool size now 1000 MB
[2019.02.13-20.20.14:170][ 60]PIE: Warning: The widget 'MultiplayerLobbyWidget_C' was already added to the screen.
[2019.02.13-20.20.15:171][122]PIE: Warning: The widget 'MultiplayerLobbyWidget_C' was already added to the screen.
[2019.02.13-20.20.16:171][184]PIE: Warning: The widget 'MultiplayerLobbyWidget_C' was already added to the screen.
[2019.02.13-20.20.17:171][246]PIE: Warning: The widget 'MultiplayerLobbyWidget_C' was already added to the screen.
[2019.02.13-20.20.18:171][308]PIE: Warning: The widget 'MultiplayerLobbyWidget_C' was already added to the screen.
[2019.02.13-20.20.19:172][370]PIE: Warning: The widget 'MultiplayerLobbyWidget_C' was already added to the screen.
[2019.02.13-20.20.20:171][432]PIE: Warning: The widget 'MultiplayerLobbyWidget_C' was already added to the screen.
[2019.02.13-20.20.21:171][494]PIE: Warning: The widget 'MultiplayerLobbyWidget_C' was already added to the screen.
[2019.02.13-20.20.22:172][556]PIE: Warning: The widget 'MultiplayerLobbyWidget_C' was already added to the screen.
[2019.02.13-20.20.23:171][618]PIE: Warning: The widget 'MultiplayerLobbyWidget_C' was already added to the screen.
[2019.02.13-20.20.24:172][680]PIE: Warning: The widget 'MultiplayerLobbyWidget_C' was already added to the screen.
[2019.02.13-20.20.25:171][742]PIE: Warning: The widget 'MultiplayerLobbyWidget_C' was already added to the screen.
[2019.02.13-20.20.26:171][804]PIE: Warning: The widget 'MultiplayerLobbyWidget_C' was already added to the screen.
[2019.02.13-20.20.27:172][866]PIE: Warning: The widget 'MultiplayerLobbyWidget_C' was already added to the screen.
[2019.02.13-20.20.28:171][928]PIE: Warning: The widget 'MultiplayerLobbyWidget_C' was already added to the screen.
[2019.02.13-20.20.29:172][990]PIE: Warning: The widget 'MultiplayerLobbyWidget_C' was already added to the screen.
[2019.02.13-20.20.30:172][ 52]PIE: Warning: The widget 'MultiplayerLobbyWidget_C' was already added to the screen.
[2019.02.13-20.20.31:172][114]PIE: Warning: The widget 'MultiplayerLobbyWidget_C' was already added to the screen.
[2019.02.13-20.20.32:172][176]PIE: Warning: The widget 'MultiplayerLobbyWidget_C' was already added to the screen.
[2019.02.13-20.20.33:171][238]PIE: Warning: The widget 'MultiplayerLobbyWidget_C' was already added to the screen.
[2019.02.13-20.20.34:172][300]PIE: Warning: The widget 'MultiplayerLobbyWidget_C' was already added to the screen.
[2019.02.13-20.20.35:172][362]PIE: Warning: The widget 'MultiplayerLobbyWidget_C' was already added to the screen.
[2019.02.13-20.20.36:173][424]PIE: Warning: The widget 'MultiplayerLobbyWidget_C' was already added to the screen.
[2019.02.13-20.20.37:174][486]PIE: Warning: The widget 'MultiplayerLobbyWidget_C' was already added to the screen.
[2019.02.13-20.20.38:175][548]PIE: Warning: The widget 'MultiplayerLobbyWidget_C' was already added to the screen.
[2019.02.13-20.20.39:175][610]PIE: Warning: The widget 'MultiplayerLobbyWidget_C' was already added to the screen.
[2019.02.13-20.20.40:174][672]PIE: Warning: The widget 'MultiplayerLobbyWidget_C' was already added to the screen.
[2019.02.13-20.20.41:166][733]PIE: Warning: The widget 'MultiplayerLobbyWidget_C' was already added to the screen.
[2019.02.13-20.20.42:167][794]PIE: Warning: The widget 'MultiplayerLobbyWidget_C' was already added to the screen.
[2019.02.13-20.20.43:167][856]PIE: Warning: The widget 'MultiplayerLobbyWidget_C' was already added to the screen.
[2019.02.13-20.20.44:167][918]PIE: Warning: The widget 'MultiplayerLobbyWidget_C' was already added to the screen.
[2019.02.13-20.20.45:167][980]PIE: Warning: The widget 'MultiplayerLobbyWidget_C' was already added to the screen.
[2019.02.13-20.20.46:168][ 42]PIE: Warning: The widget 'MultiplayerLobbyWidget_C' was already added to the screen.
[2019.02.13-20.20.47:061][ 92]LogWindowsTextInputMethodSystem: Display: IME system now deactivated.
[2019.02.13-20.20.47:069][ 92]LogEngine: All Windows Closed
[2019.02.13-20.20.47:069][ 92]LogWindows: FPlatformMisc::RequestExit(0)
[2019.02.13-20.20.48:115][ 93]LogExit: Preparing to exit.
[2019.02.13-20.20.48:116][ 93]LogMoviePlayer: Shutting down movie player
