Log file open, 02/10/19 20:08:00
LogWindows: Failed to load 'aqProf.dll' (GetLastError=126)
LogWindows: File 'aqProf.dll' does not exist
LogWindows: Failed to load 'VSPerf140.dll' (GetLastError=126)
LogWindows: File 'VSPerf140.dll' does not exist
LogWindows: Failed to load 'VtuneApi.dll' (GetLastError=126)
LogWindows: File 'VtuneApi.dll' does not exist
LogWindows: Failed to load 'VtuneApi32e.dll' (GetLastError=126)
LogWindows: File 'VtuneApi32e.dll' does not exist
LogInit: Display: Running engine for game: GeoShot
LogPlatformFile: Not using cached read wrapper
LogInit: Display: RandInit(-936434334) SRandInit(-936434334).
LogInit: Read version file with build ID '3709383'
LogInit: Overriding engine version to CL 3794801, compatible CL 3709383
LogInit: Registered custom module enumerator with build ID '3709383'
LogTaskGraph: Started task graph with 5 named threads and 14 total threads with 3 sets of task threads.
LogStats: Stats thread started at 0.214373
LogD3D11RHI: Aftermath initialized
LogModuleManager: Display: Found up-to-date module file ../../../Engine/Plugins/Online/OnlineSubsystemSteam/Binaries/Win64/UE4Editor-OnlineSubsystemSteam.dll (API version 3709383).
LogModuleManager: Display: Found up-to-date module file ../../../Engine/Plugins/Online/OnlineSubsystem/Binaries/Win64/UE4Editor-OnlineSubsystem.dll (API version 3709383).
LogModuleManager: Display: Found up-to-date module file ../../../Engine/Plugins/Online/OnlineSubsystemUtils/Binaries/Win64/UE4Editor-OnlineSubsystemUtils.dll (API version 3709383).
LogModuleManager: Display: Found up-to-date module file ../../../Engine/Plugins/Online/OnlineSubsystemUtils/Binaries/Win64/UE4Editor-OnlineBlueprintSupport.dll (API version 3709383).
LogModuleManager: Display: Found up-to-date module file ../../../Engine/Plugins/2D/Paper2D/Binaries/Win64/UE4Editor-Paper2D.dll (API version 3709383).
LogModuleManager: Display: Found up-to-date module file ../../../Engine/Plugins/2D/Paper2D/Binaries/Win64/UE4Editor-Paper2DEditor.dll (API version 3709383).
LogModuleManager: Display: Found up-to-date module file ../../../Engine/Plugins/2D/Paper2D/Binaries/Win64/UE4Editor-PaperSpriteSheetImporter.dll (API version 3709383).
LogModuleManager: Display: Found up-to-date module file ../../../Engine/Plugins/2D/Paper2D/Binaries/Win64/UE4Editor-PaperTiledImporter.dll (API version 3709383).
LogModuleManager: Display: Found up-to-date module file ../../../Engine/Plugins/2D/Paper2D/Binaries/Win64/UE4Editor-SmartSnapping.dll (API version 3709383).
LogModuleManager: Display: Found up-to-date module file ../../../Engine/Plugins/Blendables/LightPropagationVolume/Binaries/Win64/UE4Editor-LightPropagationVolumeRuntime.dll (API version 3709383).
LogModuleManager: Display: Found up-to-date module file ../../../Engine/Plugins/Blendables/LightPropagationVolume/Binaries/Win64/UE4Editor-LightPropagationVolumeEditor.dll (API version 3709383).
LogModuleManager: Display: Found up-to-date module file ../../../Engine/Plugins/Developer/GitSourceControl/Binaries/Win64/UE4Editor-GitSourceControl.dll (API version 3709383).
LogModuleManager: Display: Found up-to-date module file ../../../Engine/Plugins/Developer/PerforceSourceControl/Binaries/Win64/UE4Editor-PerforceSourceControl.dll (API version 3709383).
LogModuleManager: Display: Found up-to-date module file ../../../Engine/Plugins/Developer/SubversionSourceControl/Binaries/Win64/UE4Editor-SubversionSourceControl.dll (API version 3709383).
LogModuleManager: Display: Found up-to-date module file ../../../Engine/Plugins/Developer/UObjectPlugin/Binaries/Win64/UE4Editor-UObjectPlugin.dll (API version 3709383).
LogModuleManager: Display: Found up-to-date module file ../../../Engine/Plugins/Developer/VisualStudioCodeSourceCodeAccess/Binaries/Win64/UE4Editor-VisualStudioCodeSourceCodeAccess.dll (API version 3709383).
LogModuleManager: Display: Found up-to-date module file ../../../Engine/Plugins/Developer/VisualStudioSourceCodeAccess/Binaries/Win64/UE4Editor-VisualStudioSourceCodeAccess.dll (API version 3709383).
LogModuleManager: Display: Found up-to-date module file ../../../Engine/Plugins/Editor/AssetManagerEditor/Binaries/Win64/UE4Editor-AssetManagerEditor.dll (API version 3709383).
LogModuleManager: Display: Found up-to-date module file ../../../Engine/Plugins/Editor/AudioCapture/Binaries/Win64/UE4Editor-AudioCapture.dll (API version 3709383).
LogModuleManager: Display: Found up-to-date module file ../../../Engine/Plugins/Editor/FacialAnimation/Binaries/Win64/UE4Editor-FacialAnimation.dll (API version 3709383).
LogModuleManager: Display: Found up-to-date module file ../../../Engine/Plugins/Editor/FacialAnimation/Binaries/Win64/UE4Editor-FacialAnimationEditor.dll (API version 3709383).
LogModuleManager: Display: Found up-to-date module file ../../../Engine/Plugins/Editor/GameplayTagsEditor/Binaries/Win64/UE4Editor-GameplayTagsEditor.dll (API version 3709383).
LogModuleManager: Display: Found up-to-date module file ../../../Engine/Plugins/Editor/MobileLauncherProfileWizard/Binaries/Win64/UE4Editor-MobileLauncherProfileWizard.dll (API version 3709383).
LogModuleManager: Display: Found up-to-date module file ../../../Engine/Plugins/Editor/PluginBrowser/Binaries/Win64/UE4Editor-PluginBrowser.dll (API version 3709383).
LogModuleManager: Display: Found up-to-date module file ../../../Engine/Plugins/Editor/SpeedTreeImporter/Binaries/Win64/UE4Editor-SpeedTreeImporter.dll (API version 3709383).
LogModuleManager: Display: Found up-to-date module file ../../../Engine/Plugins/Experimental/AlembicImporter/Binaries/Win64/UE4Editor-AlembicImporter.dll (API version 3709383).
LogModuleManager: Display: Found up-to-date module file ../../../Engine/Plugins/Experimental/AlembicImporter/Binaries/Win64/UE4Editor-AlembicLibrary.dll (API version 3709383).
LogModuleManager: Display: Found up-to-date module file ../../../Engine/Plugins/Experimental/CharacterAI/Binaries/Win64/UE4Editor-CharacterAI.dll (API version 3709383).
LogModuleManager: Display: Found up-to-date module file ../../../Engine/Plugins/Experimental/HTML5Networking/Binaries/Win64/UE4Editor-HTML5Networking.dll (API version 3709383).
LogModuleManager: Display: Found up-to-date module file ../../../Engine/Plugins/Media/AndroidMedia/Binaries/Win64/UE4Editor-AndroidMediaEditor.dll (API version 3709383).
LogModuleManager: Display: Found up-to-date module file ../../../Engine/Plugins/Media/AndroidMedia/Binaries/Win64/UE4Editor-AndroidMediaFactory.dll (API version 3709383).
LogModuleManager: Display: Found up-to-date module file ../../../Engine/Plugins/Media/AvfMedia/Binaries/Win64/UE4Editor-AvfMediaEditor.dll (API version 3709383).
LogModuleManager: Display: Found up-to-date module file ../../../Engine/Plugins/Media/AvfMedia/Binaries/Win64/UE4Editor-AvfMediaFactory.dll (API version 3709383).
LogModuleManager: Display: Found up-to-date module file ../../../Engine/Plugins/Media/AvfMedia/Binaries/Win64/UE4Editor-AvfMediaFactory.dll (API version 3709383).
LogModuleManager: Display: Found up-to-date module file ../../../Engine/Plugins/Media/ImgMedia/Binaries/Win64/UE4Editor-ImgMedia.dll (API version 3709383).
LogModuleManager: Display: Found up-to-date module file ../../../Engine/Plugins/Media/ImgMedia/Binaries/Win64/UE4Editor-ImgMediaEditor.dll (API version 3709383).
LogModuleManager: Display: Found up-to-date module file ../../../Engine/Plugins/Media/ImgMedia/Binaries/Win64/UE4Editor-ImgMediaFactory.dll (API version 3709383).
LogModuleManager: Display: Found up-to-date module file ../../../Engine/Plugins/Media/ImgMedia/Binaries/Win64/UE4Editor-ImgMediaFactory.dll (API version 3709383).
LogModuleManager: Display: Found up-to-date module file ../../../Engine/Plugins/Media/ImgMedia/Binaries/Win64/UE4Editor-OpenExrWrapper.dll (API version 3709383).
LogModuleManager: Display: Found up-to-date module file ../../../Engine/Plugins/Media/MediaCompositing/Binaries/Win64/UE4Editor-MediaCompositing.dll (API version 3709383).
LogModuleManager: Display: Found up-to-date module file ../../../Engine/Plugins/Media/MediaCompositing/Binaries/Win64/UE4Editor-MediaCompositingEditor.dll (API version 3709383).
LogModuleManager: Display: Found up-to-date module file ../../../Engine/Plugins/Media/MediaPlayerEditor/Binaries/Win64/UE4Editor-MediaPlayerEditor.dll (API version 3709383).
LogModuleManager: Display: Found up-to-date module file ../../../Engine/Plugins/Media/WmfMedia/Binaries/Win64/UE4Editor-WmfMedia.dll (API version 3709383).
LogModuleManager: Display: Found up-to-date module file ../../../Engine/Plugins/Media/WmfMedia/Binaries/Win64/UE4Editor-WmfMediaEditor.dll (API version 3709383).
LogModuleManager: Display: Found up-to-date module file ../../../Engine/Plugins/Media/WmfMedia/Binaries/Win64/UE4Editor-WmfMediaFactory.dll (API version 3709383).
LogModuleManager: Display: Found up-to-date module file ../../../Engine/Plugins/Media/WmfMedia/Binaries/Win64/UE4Editor-WmfMediaFactory.dll (API version 3709383).
LogModuleManager: Display: Found up-to-date module file ../../../Engine/Plugins/Messaging/TcpMessaging/Binaries/Win64/UE4Editor-TcpMessaging.dll (API version 3709383).
LogModuleManager: Display: Found up-to-date module file ../../../Engine/Plugins/Messaging/UdpMessaging/Binaries/Win64/UE4Editor-UdpMessaging.dll (API version 3709383).
LogModuleManager: Display: Found up-to-date module file ../../../Engine/Plugins/MovieScene/ActorSequence/Binaries/Win64/UE4Editor-ActorSequence.dll (API version 3709383).
LogModuleManager: Display: Found up-to-date module file ../../../Engine/Plugins/MovieScene/LevelSequenceEditor/Binaries/Win64/UE4Editor-LevelSequenceEditor.dll (API version 3709383).
LogModuleManager: Display: Found up-to-date module file ../../../Engine/Plugins/MovieScene/MatineeToLevelSequence/Binaries/Win64/UE4Editor-MatineeToLevelSequence.dll (API version 3709383).
LogModuleManager: Display: Found up-to-date module file ../../../Engine/Plugins/Runtime/AndroidPermission/Binaries/Win64/UE4Editor-AndroidPermission.dll (API version 3709383).
LogModuleManager: Display: Found up-to-date module file ../../../Engine/Plugins/Online/OnlineSubsystemNull/Binaries/Win64/UE4Editor-OnlineSubsystemNull.dll (API version 3709383).
LogModuleManager: Display: Found up-to-date module file ../../../Engine/Plugins/Runtime/AndroidDeviceProfileSelector/Binaries/Win64/UE4Editor-AndroidDeviceProfileSelector.dll (API version 3709383).
LogModuleManager: Display: Found up-to-date module file ../../../Engine/Plugins/Runtime/AppleARKit/Binaries/Win64/UE4Editor-AppleARKit.dll (API version 3709383).
LogModuleManager: Display: Found up-to-date module file ../../../Engine/Plugins/Runtime/ArchVisCharacter/Binaries/Win64/UE4Editor-ArchVisCharacter.dll (API version 3709383).
LogModuleManager: Display: Found up-to-date module file ../../../Engine/Plugins/Runtime/CableComponent/Binaries/Win64/UE4Editor-CableComponent.dll (API version 3709383).
LogModuleManager: Display: Found up-to-date module file ../../../Engine/Plugins/Runtime/CustomMeshComponent/Binaries/Win64/UE4Editor-CustomMeshComponent.dll (API version 3709383).
LogModuleManager: Display: Found up-to-date module file ../../../Engine/Plugins/Runtime/ExampleDeviceProfileSelector/Binaries/Win64/UE4Editor-ExampleDeviceProfileSelector.dll (API version 3709383).
LogModuleManager: Display: Found up-to-date module file ../../../Engine/Plugins/Runtime/ImmediatePhysics/Binaries/Win64/UE4Editor-ImmediatePhysics.dll (API version 3709383).
LogModuleManager: Display: Found up-to-date module file ../../../Engine/Plugins/Runtime/ImmediatePhysics/Binaries/Win64/UE4Editor-ImmediatePhysicsEditor.dll (API version 3709383).
LogModuleManager: Display: Found up-to-date module file ../../../Engine/Plugins/Runtime/LocationServicesBPLibrary/Binaries/Win64/UE4Editor-LocationServicesBPLibrary.dll (API version 3709383).
LogModuleManager: Display: Found up-to-date module file ../../../Engine/Plugins/Runtime/MobilePatchingUtils/Binaries/Win64/UE4Editor-MobilePatchingUtils.dll (API version 3709383).
LogModuleManager: Display: Found up-to-date module file ../../../Engine/Plugins/Runtime/Oculus/OculusVR/Binaries/Win64/UE4Editor-OculusHMD.dll (API version 3709383).
LogModuleManager: Display: Found up-to-date module file ../../../Engine/Plugins/Runtime/Oculus/OculusVR/Binaries/Win64/UE4Editor-OculusInput.dll (API version 3709383).
LogModuleManager: Display: Found up-to-date module file ../../../Engine/Plugins/Runtime/Oculus/OculusVR/Binaries/Win64/UE4Editor-OculusEditor.dll (API version 3709383).
LogModuleManager: Display: Found up-to-date module file ../../../Engine/Plugins/Runtime/PhysXVehicles/Binaries/Win64/UE4Editor-PhysXVehicles.dll (API version 3709383).
LogModuleManager: Display: Found up-to-date module file ../../../Engine/Plugins/Runtime/PhysXVehicles/Binaries/Win64/UE4Editor-PhysXVehiclesEditor.dll (API version 3709383).
LogModuleManager: Display: Found up-to-date module file ../../../Engine/Plugins/Runtime/ProceduralMeshComponent/Binaries/Win64/UE4Editor-ProceduralMeshComponent.dll (API version 3709383).
LogModuleManager: Display: Found up-to-date module file ../../../Engine/Plugins/Runtime/ProceduralMeshComponent/Binaries/Win64/UE4Editor-ProceduralMeshComponentEditor.dll (API version 3709383).
LogModuleManager: Display: Found up-to-date module file ../../../Engine/Plugins/Runtime/RuntimePhysXCooking/Binaries/Win64/UE4Editor-RuntimePhysXCooking.dll (API version 3709383).
LogModuleManager: Display: Found up-to-date module file ../../../Engine/Plugins/Runtime/Steam/SteamVR/Binaries/Win64/UE4Editor-SteamVR.dll (API version 3709383).
LogModuleManager: Display: Found up-to-date module file ../../../Engine/Plugins/Runtime/Steam/SteamVR/Binaries/Win64/UE4Editor-SteamVRController.dll (API version 3709383).
LogModuleManager: Display: Found up-to-date module file ../../../Engine/Plugins/Runtime/WindowsMoviePlayer/Binaries/Win64/UE4Editor-WindowsMoviePlayer.dll (API version 3709383).
LogPluginManager: Mounting plugin Paper2D
LogPluginManager: Mounting plugin LightPropagationVolume
LogPluginManager: Mounting plugin CodeLiteSourceCodeAccess
LogPluginManager: Mounting plugin GitSourceControl
LogPluginManager: Mounting plugin KDevelopSourceCodeAccess
LogPluginManager: Mounting plugin NullSourceCodeAccess
LogPluginManager: Mounting plugin PerforceSourceControl
LogPluginManager: Mounting plugin SubversionSourceControl
LogPluginManager: Mounting plugin UObjectPlugin
LogPluginManager: Mounting plugin VisualStudioCodeSourceCodeAccess
LogPluginManager: Mounting plugin VisualStudioSourceCodeAccess
LogPluginManager: Mounting plugin XCodeSourceCodeAccess
LogPluginManager: Mounting plugin AssetManagerEditor
LogPluginManager: Mounting plugin AudioCapture
LogPluginManager: Mounting plugin FacialAnimation
LogPluginManager: Mounting plugin GameplayTagsEditor
LogPluginManager: Mounting plugin MobileLauncherProfileWizard
LogPluginManager: Mounting plugin PluginBrowser
LogPluginManager: Mounting plugin SpeedTreeImporter
LogPluginManager: Mounting plugin AlembicImporter
LogPluginManager: Mounting plugin CharacterAI
LogPluginManager: Mounting plugin HTML5Networking
LogPluginManager: Mounting plugin AndroidMedia
LogPluginManager: Mounting plugin AvfMedia
LogPluginManager: Mounting plugin ImgMedia
LogPluginManager: Mounting plugin MediaCompositing
LogPluginManager: Mounting plugin MediaPlayerEditor
LogPluginManager: Mounting plugin WmfMedia
LogPluginManager: Mounting plugin TcpMessaging
LogPluginManager: Mounting plugin UdpMessaging
LogPluginManager: Mounting plugin ActorSequence
LogPluginManager: Mounting plugin LevelSequenceEditor
LogPluginManager: Mounting plugin MatineeToLevelSequence
LogPluginManager: Mounting plugin OnlineSubsystemGooglePlay
LogPluginManager: Mounting plugin OnlineSubsystemIOS
LogPluginManager: Mounting plugin OnlineSubsystem
LogPluginManager: Mounting plugin OnlineSubsystemNull
LogPluginManager: Mounting plugin OnlineSubsystemSteam
LogPluginManager: Mounting plugin OnlineSubsystemUtils
LogPluginManager: Mounting plugin AndroidDeviceProfileSelector
LogPluginManager: Mounting plugin AndroidMoviePlayer
LogPluginManager: Mounting plugin AndroidPermission
LogPluginManager: Mounting plugin AppleARKit
LogPluginManager: Mounting plugin AppleMoviePlayer
LogPluginManager: Mounting plugin ArchVisCharacter
LogPluginManager: Mounting plugin CableComponent
LogPluginManager: Mounting plugin CustomMeshComponent
LogPluginManager: Mounting plugin ExampleDeviceProfileSelector
LogPluginManager: Mounting plugin GoogleCloudMessaging
LogPluginManager: Mounting plugin ImmediatePhysics
LogPluginManager: Mounting plugin IOSDeviceProfileSelector
LogPluginManager: Mounting plugin LinuxDeviceProfileSelector
LogPluginManager: Mounting plugin LocationServicesBPLibrary
LogPluginManager: Mounting plugin MobilePatchingUtils
LogPluginManager: Mounting plugin OculusVR
LogPluginManager: Plugin shader directory ../../../Engine/Plugins/Runtime/Oculus/OculusVR/Shaders found
LogPluginManager: Mapping shader source directory ../../../Engine/Plugins/Runtime/Oculus/OculusVR/Shaders to virtual directory /Plugin/OculusVR
LogPluginManager: Mounting plugin PhysXVehicles
LogPluginManager: Mounting plugin ProceduralMeshComponent
LogPluginManager: Mounting plugin RuntimePhysXCooking
LogPluginManager: Mounting plugin SteamVR
LogPluginManager: Mounting plugin WindowsMoviePlayer
LogInit: Using libcurl 7.47.1
LogInit:  - built for x86_64-pc-win32
LogInit:  - supports SSL with OpenSSL/1.0.2g
LogInit:  - supports HTTP deflate (compression) using libz 1.2.8
LogInit:  - other features:
LogInit:      CURL_VERSION_SSL
LogInit:      CURL_VERSION_LIBZ
LogInit:      CURL_VERSION_IPV6
LogInit:      CURL_VERSION_ASYNCHDNS
LogInit:      CURL_VERSION_LARGEFILE
LogInit:      CURL_VERSION_IDN
LogInit:  CurlRequestOptions (configurable via config and command line):
LogInit:  - bVerifyPeer = false  - Libcurl will NOT verify peer certificate
LogInit:  - bUseHttpProxy = false  - Libcurl will NOT use HTTP proxy
LogInit:  - bDontReuseConnections = false  - Libcurl will reuse connections
LogInit:  - CertBundlePath = nullptr  - Libcurl will use whatever was configured at build time.
LogOnline: Display: STEAM: Loading Steam SDK 1.39
LogOnline: Warning: STEAM: Steam API disabled!
LogOnline: Display: STEAM: OnlineSubsystemSteam::Shutdown()
LogInit: WinSock: version 1.1 (2.2), MaxSocks=32767, MaxUdp=65467
LogInit: Build: ++UE4+Release-4.18-CL-3794801
LogInit: Engine Version: 4.18.2-3794801+++UE4+Release-4.18
LogInit: Compatible Engine Version: 4.18.0-3709383+++UE4+Release-4.18
LogInit: Net CL: 3709383
LogDevObjectVersion: Number of dev versions registered: 16
LogDevObjectVersion:   Dev-Blueprints (B0D832E4-1F89-4F0D-ACCF-7EB736FD4AA2): 10
LogDevObjectVersion:   Dev-Build (E1C64328-A22C-4D53-A36C-8E866417BD8C): 0
LogDevObjectVersion:   Dev-Core (375EC13C-06E4-48FB-B500-84F0262A717E): 2
LogDevObjectVersion:   Dev-Editor (E4B068ED-F494-42E9-A231-DA0B2E46BB41): 20
LogDevObjectVersion:   Dev-Framework (CFFC743F-43B0-4480-9391-14DF171D2073): 30
LogDevObjectVersion:   Dev-Mobile (B02B49B5-BB20-44E9-A304-32B752E40360): 0
LogDevObjectVersion:   Dev-Networking (A4E4105C-59A1-49B5-A7C5-40C4547EDFEE): 0
LogDevObjectVersion:   Dev-Online (39C831C9-5AE6-47DC-9A44-9C173E1C8E7C): 0
LogDevObjectVersion:   Dev-Physics (78F01B33-EBEA-4F98-B9B4-84EACCB95AA2): 0
LogDevObjectVersion:   Dev-Platform (6631380F-2D4D-43E0-8009-CF276956A95A): 0
LogDevObjectVersion:   Dev-Rendering (12F88B9F-8875-4AFC-A67C-D90C383ABD29): 20
LogDevObjectVersion:   Dev-Sequencer (7B5AE74C-D270-4C10-A958-57980B212A5A): 4
LogDevObjectVersion:   Dev-VR (D7296918-1DD6-4BDD-9DE2-64A83CC13884): 0
LogDevObjectVersion:   Dev-LoadTimes (C2A15278-BFE7-4AFE-6C17-90FF531DF755): 1
LogDevObjectVersion:   Private-Geometry (6EACA3D4-40EC-4CC1-B786-8BED09428FC5): 1
LogDevObjectVersion:   Dev-AnimPhys (29E575DD-E0A3-4627-9D10-D276232CDCEA): 12
LogInit: Compiled (64-bit): Dec  8 2017 02:04:53
LogInit: Compiled with Visual C++: 19.00.24215.01
LogInit: Build Configuration: Development
LogInit: Branch Name: ++UE4+Release-4.18
LogInit: Command line: -EpicPortal  -epicusername="AngryTactics" -epicuserid=ca1cf3a7f87946a6ac6be9dc4f608c5f -epiclocale=en-US
LogInit: Base directory: C:/Program Files/Epic Games/UE_4.18/Engine/Binaries/Win64/
LogInit: Installed Engine Build: 1
LogInit: Presizing for max 8388607 objects, including 0 objects not considered by GC, pre-allocating 0 bytes for permanent pool.
LogInit: Object subsystem initialized
[2019.02.11-04.08.05:328][  0]LogInit: Selected Device Profile: [Windows]
[2019.02.11-04.08.05:328][  0]LogInit: Applying CVar settings loaded from the selected device profile: [Windows]
[2019.02.11-04.08.05:395][  0]LogInit: Computer: MSI
[2019.02.11-04.08.05:395][  0]LogInit: User: Alex
[2019.02.11-04.08.05:395][  0]LogInit: CPU Page size=4096, Cores=4
[2019.02.11-04.08.05:395][  0]LogInit: High frequency timer resolution =2.533193 MHz
[2019.02.11-04.08.05:395][  0]LogMemory: Memory total: Physical=15.9GB (16GB approx)
[2019.02.11-04.08.05:395][  0]LogMemory: Platform Memory Stats for Windows
[2019.02.11-04.08.05:395][  0]LogMemory: Process Physical Memory: 273.99 MB used, 273.99 MB peak
[2019.02.11-04.08.05:395][  0]LogMemory: Process Virtual Memory: 270.20 MB used, 270.20 MB peak
[2019.02.11-04.08.05:395][  0]LogMemory: Physical Memory: 7608.92 MB used,  8664.41 MB free, 16273.34 MB total
[2019.02.11-04.08.05:395][  0]LogMemory: Virtual Memory: 4784.44 MB used,  8664.41 MB free, 134217728.00 MB total
[2019.02.11-04.08.06:631][  0]LogInit: Using OS detected language (en-US).
[2019.02.11-04.08.06:631][  0]LogInit: Using OS detected locale (en-US).
[2019.02.11-04.08.06:636][  0]LogTextLocalizationManager: No specific localization for 'en-US' exists, so the 'en' localization will be used.
[2019.02.11-04.08.07:129][  0]LogInit: Setting process to per monitor DPI aware
[2019.02.11-04.08.07:568][  0]LogD3D11RHI: D3D11 adapters:
[2019.02.11-04.08.07:636][  0]LogD3D11RHI:    0. 'NVIDIA GeForce GTX 965M' (Feature Level 11_0)
[2019.02.11-04.08.07:636][  0]LogD3D11RHI:       2010/0/8136 MB DedicatedVideo/DedicatedSystem/SharedSystem, Outputs:1, VendorId:0x10de
[2019.02.11-04.08.07:645][  0]LogD3D11RHI:    1. 'Intel(R) HD Graphics 4600' (Feature Level 11_0)
[2019.02.11-04.08.07:645][  0]LogD3D11RHI:       112/0/2048 MB DedicatedVideo/DedicatedSystem/SharedSystem, Outputs:0, VendorId:0x8086
[2019.02.11-04.08.07:648][  0]LogD3D11RHI:    2. 'Microsoft Basic Render Driver' (Feature Level 11_0)
[2019.02.11-04.08.07:648][  0]LogD3D11RHI:       0/0/8136 MB DedicatedVideo/DedicatedSystem/SharedSystem, Outputs:0, VendorId:0x1414
[2019.02.11-04.08.07:648][  0]LogD3D11RHI: Chosen D3D11 Adapter: 0
[2019.02.11-04.08.07:682][  0]LogD3D11RHI: Creating new Direct3DDevice
[2019.02.11-04.08.07:682][  0]LogD3D11RHI:     GPU DeviceId: 0x13d9 (for the marketing name, search the web for "GPU Device Id")
[2019.02.11-04.08.07:682][  0]LogWindows: EnumDisplayDevices:
[2019.02.11-04.08.07:682][  0]LogWindows:    0. 'Intel(R) HD Graphics 4600' (P:1 D:1)
[2019.02.11-04.08.07:682][  0]LogWindows:    1. 'Intel(R) HD Graphics 4600' (P:0 D:0)
[2019.02.11-04.08.07:683][  0]LogWindows:    2. 'Intel(R) HD Graphics 4600' (P:0 D:0)
[2019.02.11-04.08.07:683][  0]LogWindows: DebugString: GetVideoDriverDetailsInvalid PrimaryIsNotTheChoosenAdapter GetVideoDriverDetailsInvalid PrimaryIsNotTheChoosenAdapter GetVideoDriverDetailsInvalid PrimaryIsNotTheChoosenAdapter FoundDriverCount:0 
[2019.02.11-04.08.07:683][  0]LogD3D11RHI:     Adapter Name: NVIDIA GeForce GTX 965M
[2019.02.11-04.08.07:683][  0]LogD3D11RHI:   Driver Version: Unknown (internal:Unknown, unified:Unknown)
[2019.02.11-04.08.07:683][  0]LogD3D11RHI:      Driver Date: Unknown
[2019.02.11-04.08.07:683][  0]LogRHI: Texture pool is 1407 MB (70% of 2010 MB)
[2019.02.11-04.08.07:732][  0]LogD3D11RHI: Async texture creation enabled
[2019.02.11-04.08.07:752][  0]LogD3D11RHI: GPU Timing Frequency: 1000.000000 (Debug: 2 2)
[2019.02.11-04.08.07:753][  0]LogShaderCompilers: Guid format shader working directory is -27 characters bigger than the processId version (../../../../../../Users/lockw/OneDrive/Documents/Unreal Projects/GeoShot/Intermediate/Shaders/WorkingDirectory/10976/).
[2019.02.11-04.08.07:754][  0]LogShaderCompilers: Cleaned the shader compiler working directory 'C:/Users/lockw/AppData/Local/Temp/UnrealShaderWorkingDir/E5921B26455BE5E44E3A32A107061A7D/'.
[2019.02.11-04.08.07:754][  0]LogShaderCompilers: Display: Using Local Shader Compiler.
[2019.02.11-04.08.09:269][  0]LogTemp: Display: Loaded TP AllDesktopTargetPlatform
[2019.02.11-04.08.09:402][  0]LogTemp: Display: Loaded TP MacClientTargetPlatform
[2019.02.11-04.08.09:535][  0]LogTemp: Display: Loaded TP MacNoEditorTargetPlatform
[2019.02.11-04.08.09:673][  0]LogTemp: Display: Loaded TP MacServerTargetPlatform
[2019.02.11-04.08.09:807][  0]LogTemp: Display: Loaded TP MacTargetPlatform
[2019.02.11-04.08.09:942][  0]LogTemp: Display: Loaded TP WindowsClientTargetPlatform
[2019.02.11-04.08.10:093][  0]LogTemp: Display: Loaded TP WindowsNoEditorTargetPlatform
[2019.02.11-04.08.10:225][  0]LogTemp: Display: Loaded TP WindowsServerTargetPlatform
[2019.02.11-04.08.10:348][  0]LogTemp: Display: Loaded TP WindowsTargetPlatform
[2019.02.11-04.08.10:478][  0]LogTemp: Display: Loaded TP Android_ASTCTargetPlatform
[2019.02.11-04.08.10:607][  0]LogTemp: Display: Loaded TP Android_ATCTargetPlatform
[2019.02.11-04.08.10:741][  0]LogTemp: Display: Loaded TP Android_DXTTargetPlatform
[2019.02.11-04.08.10:866][  0]LogTemp: Display: Loaded TP Android_ETC1TargetPlatform
[2019.02.11-04.08.11:011][  0]LogTemp: Display: Loaded TP Android_ETC2TargetPlatform
[2019.02.11-04.08.11:294][  0]LogTemp: Display: Loaded TP Android_MultiTargetPlatform
[2019.02.11-04.08.11:294][  0]LogTemp: Display: Loaded TP Android_PVRTCTargetPlatform
[2019.02.11-04.08.11:419][  0]LogTemp: Display: Loaded TP AndroidTargetPlatform
[2019.02.11-04.08.11:534][  0]LogTemp: Display: Loaded TP HTML5TargetPlatform
[2019.02.11-04.08.11:737][  0]LogTemp: Display: Loaded TP IOSTargetPlatform
[2019.02.11-04.08.11:800][  0]LogTemp: Display: Loaded TP TVOSTargetPlatform
[2019.02.11-04.08.11:925][  0]LogTemp: Display: Loaded TP LinuxClientTargetPlatform
[2019.02.11-04.08.12:050][  0]LogTemp: Display: Loaded TP LinuxNoEditorTargetPlatform
[2019.02.11-04.08.12:178][  0]LogTemp: Display: Loaded TP LinuxServerTargetPlatform
[2019.02.11-04.08.12:307][  0]LogTemp: Display: Loaded TP LinuxTargetPlatform
[2019.02.11-04.08.12:307][  0]LogTargetPlatformManager: Display: Building Assets For Windows
[2019.02.11-04.08.13:674][  0]LogDerivedDataCache: Display: Max Cache Size: 512 MB
[2019.02.11-04.08.13:804][  0]LogDerivedDataCache: Loaded boot cache 0.13s 78MB C:/Users/lockw/AppData/Local/UnrealEngine/4.18/DerivedDataCache/Boot.ddc.
[2019.02.11-04.08.13:805][  0]LogDerivedDataCache: Display: Loaded Boot cache: C:/Users/lockw/AppData/Local/UnrealEngine/4.18/DerivedDataCache/Boot.ddc
[2019.02.11-04.08.13:805][  0]LogDerivedDataCache: FDerivedDataBackendGraph:  Pak pak cache file ../../../../../../Users/lockw/OneDrive/Documents/Unreal Projects/GeoShot/DerivedDataCache/DDC.ddp not found, will not use a pak cache.
[2019.02.11-04.08.13:805][  0]LogDerivedDataCache: Unable to find inner node Pak for hierarchical cache Hierarchy.
[2019.02.11-04.08.13:805][  0]LogDerivedDataCache: FDerivedDataBackendGraph:  CompressedPak pak cache file ../../../../../../Users/lockw/OneDrive/Documents/Unreal Projects/GeoShot/DerivedDataCache/Compressed.ddp not found, will not use a pak cache.
[2019.02.11-04.08.13:805][  0]LogDerivedDataCache: Unable to find inner node CompressedPak for hierarchical cache Hierarchy.
[2019.02.11-04.08.13:824][  0]LogDerivedDataCache: Display: Pak cache opened for reading ../../../Engine/DerivedDataCache/Compressed.ddp.
[2019.02.11-04.08.13:836][  0]LogDerivedDataCache: Using Local data cache path C:/Users/lockw/AppData/Local/UnrealEngine/Common/DerivedDataCache: Writable
[2019.02.11-04.08.13:848][  0]LogMaterial: Verifying Global Shaders for PCD3D_SM5
[2019.02.11-04.08.13:849][  0]LogSlate: Using Freetype 2.6.0
[2019.02.11-04.08.13:850][  0]LogSlate: SlateFontCache - WITH_FREETYPE: 1, WITH_HARFBUZZ: 1
[2019.02.11-04.08.13:850][  0]LogSlate: SlateFontCache - WITH_FREETYPE: 1, WITH_HARFBUZZ: 1
[2019.02.11-04.08.14:371][  0]LogInit: Selected Device Profile: [Windows]
[2019.02.11-04.08.15:202][  0]LogSimplygon: Simplygon DLL not present - disabling.
[2019.02.11-04.08.15:322][  0]LogMeshReduction: Using SimplygonSwarm for distributed automatic mesh merging
[2019.02.11-04.08.15:322][  0]LogMeshReduction: Using QuadricMeshReduction for automatic static mesh reduction
[2019.02.11-04.08.15:322][  0]LogMeshReduction: No automatic skeletal mesh reduction module available
[2019.02.11-04.08.15:322][  0]LogMeshReduction: No automatic mesh merging module available
[2019.02.11-04.08.15:322][  0]LogMeshMerging: No automatic mesh merging module available
[2019.02.11-04.08.15:377][  0]LogNetVersion: GeoShot , NetCL: 3709383, EngineNetVer: 2, GameNetVer: 0 (Checksum: 1270197996)
[2019.02.11-04.08.15:720][  0]LogAssetRegistry: FAssetRegistry took 0.0271 seconds to start up
[2019.02.11-04.08.16:873][  0]LogPackageLocalizationCache: Processed 7 localized package path(s) for 2 prioritized culture(s) in 0.195998 seconds
[2019.02.11-04.08.16:880][  0]LogUObjectArray: 35907 objects as part of root set at end of initial load.
[2019.02.11-04.08.16:880][  0]LogUObjectAllocator: 7585952 out of 0 bytes used by permanent object pool.
[2019.02.11-04.08.16:880][  0]LogUObjectArray: CloseDisregardForGC: 0/0 objects in disregard for GC pool
[2019.02.11-04.08.23:357][  0]LogTcpMessaging: Initializing TcpMessaging bridge
[2019.02.11-04.08.23:459][  0]LogUdpMessaging: Initializing bridge on interface 0.0.0.0:0 to multicast group 230.0.0.1:6666.
[2019.02.11-04.08.25:304][  0]LogMaterial: Uniform references updated for custom material expression Custom.
[2019.02.11-04.08.26:497][  0]SourceControl: Source control is disabled
[2019.02.11-04.08.31:485][  0]LogAndroidPermission: UAndroidPermissionCallbackProxy::GetInstance
[2019.02.11-04.08.32:324][  0]LogOcInput: OculusInput pre-init called
[2019.02.11-04.08.33:143][  0]LogEngine: Initializing Engine...
[2019.02.11-04.08.33:145][  0]LogHMD: Failed to initialize OpenVR with code 110
[2019.02.11-04.08.33:454][  0]LogStats: UGameplayTagsManager::ConstructGameplayTagTree: Construct from data asset -  0.000 s
[2019.02.11-04.08.33:454][  0]LogStats: UGameplayTagsManager::ConstructGameplayTagTree: GameplayTagTreeChangedEvent.Broadcast -  0.000 s
[2019.02.11-04.08.33:879][  0]LogAIModule: Creating AISystem for world Untitled
[2019.02.11-04.08.33:913][  0]LogInit: XAudio2 using 'Speakers (Realtek High Definition Audio)' : 6 channels at 48 kHz using 32 bits per sample (channel mask 0x3f)
[2019.02.11-04.08.34:023][  0]LogInit: FAudioDevice initialized.
[2019.02.11-04.08.34:257][  0]LogDerivedDataCache: Saved boot cache 0.23s 78MB C:/Users/lockw/AppData/Local/UnrealEngine/4.18/DerivedDataCache/Boot.ddc.
[2019.02.11-04.08.34:269][  0]LogInit: Texture streaming: Enabled
[2019.02.11-04.08.34:575][  0]LogEngineSessionManager: EngineSessionManager initialized
[2019.02.11-04.08.34:976][  0]LogInit: Transaction tracking system initialized
[2019.02.11-04.08.35:947][  0]BlueprintLog: New page: Editor Load
[2019.02.11-04.08.38:728][  0]LocalizationService: Localization service is disabled
[2019.02.11-04.08.41:018][  0]LogConsoleResponse: Display: 
[2019.02.11-04.08.41:468][  0]LogCook: Display: Max memory allowance for cook 16384mb min free memory 0mb
[2019.02.11-04.08.41:468][  0]LogCook: Display: Mobile HDR setting 1
[2019.02.11-04.08.41:468][  0]LogGameplayTags: Display: UGameplayTagsManager::DoneAddingNativeTags. DelegateIsBound: 0
[2019.02.11-04.08.42:538][  0]LogFileCache: Scanning file cache for directory 'C:/Users/lockw/OneDrive/Documents/Unreal Projects/GeoShot/Content/' took 0.18s
[2019.02.11-04.08.45:252][  0]Cmd: MAP LOAD FILE="../../../../../../Users/lockw/OneDrive/Documents/Unreal Projects/GeoShot/Content/TwinStickBP/Maps/TwinStickExampleMap.umap" TEMPLATE=0 SHOWPROGRESS=1 FEATURELEVEL=3
[2019.02.11-04.08.45:253][  0]LightingResults: New page: Lighting Build
[2019.02.11-04.08.45:399][  0]MapCheck: New page: Map Check
[2019.02.11-04.08.45:399][  0]LightingResults: New page: Lighting Build
[2019.02.11-04.09.06:482][  0]LogAIModule: Creating AISystem for world TwinStickExampleMap
[2019.02.11-04.09.06:578][  0]LogEditorServer: Finished looking for orphan Actors (0.000 secs)
[2019.02.11-04.09.06:639][  0]Cmd: MAP CHECKDEP NOCLEARLOG
[2019.02.11-04.09.06:823][  0]MapCheck: Map check complete: 0 Error(s), 0 Warning(s), took 183.706ms to complete.
[2019.02.11-04.09.06:823][  0]LogFileHelpers: Loading map 'TwinStickExampleMap' took 21.571
[2019.02.11-04.09.09:480][  0]LogCollectionManager: Loaded 0 collections in 0.005236 seconds
[2019.02.11-04.09.10:311][  0]LogFileCache: Scanning file cache for directory 'C:/Users/lockw/OneDrive/Documents/Unreal Projects/GeoShot/Saved/Collections/' took 0.01s
[2019.02.11-04.09.10:311][  0]LogFileCache: Scanning file cache for directory 'C:/Users/lockw/OneDrive/Documents/Unreal Projects/GeoShot/Content/Developers/Alex/Collections/' took 0.01s
[2019.02.11-04.09.10:311][  0]LogFileCache: Scanning file cache for directory 'C:/Users/lockw/OneDrive/Documents/Unreal Projects/GeoShot/Content/Collections/' took 0.01s
[2019.02.11-04.09.10:311][  0]LogCollectionManager: Rebuilt the GUID cache for 0 collections in 0.000000 seconds
[2019.02.11-04.09.10:352][  0]LogContentBrowser: Native class hierarchy populated in 0.0260 seconds. Added 2365 classes and 522 folders.
[2019.02.11-04.09.10:876][  0]LogContentBrowser: Native class hierarchy updated for 'WidgetCarousel' in 0.0003 seconds. Added 0 classes and 0 folders.
[2019.02.11-04.09.15:318][  0]LogContentBrowser: Native class hierarchy updated for 'AddContentDialog' in 0.0004 seconds. Added 0 classes and 0 folders.
[2019.02.11-04.09.15:716][  0]LogContentBrowser: Native class hierarchy updated for 'SceneOutliner' in 0.0003 seconds. Added 1 classes and 2 folders.
[2019.02.11-04.09.16:633][  0]LogSlate: Took 0.000293 seconds to synchronously load lazily loaded font '../../../Engine/Content/Slate/Fonts/Roboto-Regular.ttf' (155K)
[2019.02.11-04.09.16:666][  0]LogSlate: Took 0.000362 seconds to synchronously load lazily loaded font '../../../Engine/Content/Slate/Fonts/Roboto-Bold.ttf' (160K)
[2019.02.11-04.09.16:739][  0]LogSlate: Took 0.044604 seconds to synchronously load lazily loaded font '../../../Engine/Content/Editor/Slate/Fonts/FontAwesome.ttf' (139K)
[2019.02.11-04.09.17:662][  0]LogRenderer: Reallocating scene render targets to support 1208x592 Format 10 NumSamples 1 (Frame:1).
[2019.02.11-04.09.18:605][  0]LogContentBrowser: Native class hierarchy updated for 'HierarchicalLODOutliner' in 0.0005 seconds. Added 1 classes and 2 folders.
[2019.02.11-04.09.18:606][  0]LogLoad: (Engine Initialization) Total time: 81.30 seconds
[2019.02.11-04.09.18:606][  0]LogLoad: (Engine Initialization) Total Blueprint compile time: 0.00 seconds
[2019.02.11-04.09.18:606][  0]LogExternalProfiler: No external profilers were discovered.  External profiling features will not be available.
[2019.02.11-04.09.18:964][  0]SourceControl: On branch master
[2019.02.11-04.09.18:965][  0]SourceControl: Changes not staged for commit:
[2019.02.11-04.09.18:965][  0]SourceControl:   (use "git add/rm <file>..." to update what will be committed)
[2019.02.11-04.09.18:965][  0]SourceControl:   (use "git checkout -- <file>..." to discard changes in working directory)
[2019.02.11-04.09.18:965][  0]SourceControl: 	modified:   GeoShot/Content/Creations/shots/Shot.uasset
[2019.02.11-04.09.18:965][  0]SourceControl: 	modified:   GeoShot/Intermediate/CachedAssetRegistry.bin
[2019.02.11-04.09.18:965][  0]SourceControl: 	modified:   GeoShot/Saved/AutoScreenshot.png
[2019.02.11-04.09.18:965][  0]SourceControl: 	modified:   GeoShot/Saved/Autosaves/PackageRestoreData.json
[2019.02.11-04.09.18:965][  0]SourceControl: 	modified:   GeoShot/Saved/Config/Windows/Editor.ini
[2019.02.11-04.09.18:965][  0]SourceControl: 	modified:   GeoShot/Saved/Config/Windows/EditorPerProjectUserSettings.ini
[2019.02.11-04.09.18:965][  0]SourceControl: 	deleted:    GeoShot/Saved/Logs/GeoShot-backup-2019.02.06-18.18.59.log
[2019.02.11-04.09.18:965][  0]SourceControl: 	modified:   GeoShot/Saved/Logs/GeoShot.log
[2019.02.11-04.09.18:965][  0]SourceControl: 	modified:   GeoShot/Saved/Logs/GeoShot_2.log
[2019.02.11-04.09.18:965][  0]SourceControl: 	modified:   README.md
[2019.02.11-04.09.18:965][  0]SourceControl: Untracked files:
[2019.02.11-04.09.18:965][  0]SourceControl:   (use "git add <file>..." to include in what will be committed)
[2019.02.11-04.09.18:965][  0]SourceControl: 	GeoShot/Saved/Backup/Shot_2019-02-10-14-06-26.uasset
[2019.02.11-04.09.18:965][  0]SourceControl: 	GeoShot/Saved/Config/CrashReportClient/UE4CC-Windows-6861CC914A40B6DF990CDD93DD21186F/
[2019.02.11-04.09.18:965][  0]SourceControl: 	GeoShot/Saved/Logs/GeoShot-backup-2019.02.10-20.07.59.log
[2019.02.11-04.09.18:965][  0]SourceControl: no changes added to commit (use "git add" and/or "git commit -a")
[2019.02.11-04.09.18:965][  0]LogContentStreaming: Texture pool size now 1000 MB
[2019.02.11-04.09.19:206][  0]LogSlate: Took 0.094013 seconds to synchronously load lazily loaded font '../../../Engine/Content/Slate/Fonts/Roboto-Light.ttf' (159K)
[2019.02.11-04.09.19:631][  2]LogAssetRegistry: Asset discovery search completed in 63.9334 seconds
[2019.02.11-04.09.19:637][  2]LogCollectionManager: Rebuilt the object cache for 0 collections in 0.000001 seconds (found 0 objects)
[2019.02.11-04.09.19:637][  2]LogCollectionManager: Fixed up redirectors for 0 collections in 0.000098 seconds (updated 0 objects)
[2019.02.11-04.09.19:963][  3]LogSlate: Took 0.000355 seconds to synchronously load lazily loaded font '../../../Engine/Content/Slate/Fonts/Roboto-Light.ttf' (159K)
[2019.02.11-04.13.00:867][844]LogSlate: Took 0.000276 seconds to synchronously load lazily loaded font '../../../Engine/Content/Slate/Fonts/Roboto-Light.ttf' (159K)
[2019.02.11-04.13.01:621][844]LogSlate: Took 0.000268 seconds to synchronously load lazily loaded font '../../../Engine/Content/Slate/Fonts/Roboto-Regular.ttf' (155K)
[2019.02.11-04.13.01:750][844]LogClass: Warning: Enum '/Game/AdvancedMagicFX13/DemoRoomData/Blueprints/BP_DemoDisplay_Enum.BP_DemoDisplay_Enum' was upgraded to use FText to store its display name data. Please re-save this asset to avoid issues with localization and determinstic cooking.
[2019.02.11-04.13.02:068][844]LogContentBrowser: Native class hierarchy updated for 'BlueprintGraph' in 0.0007 seconds. Added 116 classes and 0 folders.
[2019.02.11-04.13.04:322][844]LogSlate: Took 0.018341 seconds to synchronously load lazily loaded font '../../../Engine/Content/Editor/Slate/Fonts/Roboto-BoldCondensed.ttf' (158K)
[2019.02.11-04.26.13:586][280]LogSlate: Took 0.030338 seconds to synchronously load lazily loaded font '../../../Engine/Content/Editor/Slate/Fonts/Roboto-Italic.ttf' (157K)
[2019.02.11-04.26.22:773][630]BlueprintLog: New page: Compile MainInstance
[2019.02.11-04.28.11:189][500]LogSlate: Took 0.053519 seconds to synchronously load lazily loaded font '../../../Engine/Content/Slate/Fonts/DroidSansFallback.ttf' (3848K)
[2019.02.11-04.29.16:583][ 44]BlueprintLog: New page: Compile MainMenuUI
[2019.02.11-04.30.06:903][128]BlueprintLog: New page: Compile MainMenuUI
[2019.02.11-04.30.51:496][ 59]LogFileHelpers: Editor autosave (incl. sublevels) for '/Game/TwinStickBP/Maps/TwinStickExampleMap' took 0.025
[2019.02.11-04.30.51:571][ 59]OBJ SavePackage: Generating thumbnails for [0] asset(s) in package [/Game/Creations/GInstances/MainInstance] ([1] browsable assets)...
[2019.02.11-04.30.51:571][ 59]OBJ SavePackage: Finished generating thumbnails for package [/Game/Creations/GInstances/MainInstance]
[2019.02.11-04.30.51:863][ 59]LogSavePackage: Save=26.26ms
[2019.02.11-04.30.51:863][ 59]LogSavePackage: Moving '../../../../../../Users/lockw/OneDrive/Documents/Unreal Projects/GeoShot/Saved/MainInstance_Auto1E706A0934B590931459B8AB33BC54FAF.tmp' to '../../../../../../Users/lockw/OneDrive/Documents/Unreal Projects/GeoShot/Saved/Autosaves/Game/Creations/GInstances/MainInstance_Auto1.uasset'
[2019.02.11-04.30.51:866][ 59]LogSavePackage: Display: Finished SavePackage ../../../../../../Users/lockw/OneDrive/Documents/Unreal Projects/GeoShot/Saved/Autosaves/Game/Creations/GInstances/MainInstance_Auto1.uasset
[2019.02.11-04.30.51:867][ 59]OBJ SavePackage: Generating thumbnails for [0] asset(s) in package [/Game/Creations/Widgets/MainMenuUI] ([1] browsable assets)...
[2019.02.11-04.30.51:867][ 59]OBJ SavePackage: Finished generating thumbnails for package [/Game/Creations/Widgets/MainMenuUI]
[2019.02.11-04.30.52:109][ 59]LogSavePackage: Save=35.88ms
[2019.02.11-04.30.52:109][ 59]LogSavePackage: Moving '../../../../../../Users/lockw/OneDrive/Documents/Unreal Projects/GeoShot/Saved/MainMenuUI_Auto1BD64C67B44E69A6F1EAAC58C35541779.tmp' to '../../../../../../Users/lockw/OneDrive/Documents/Unreal Projects/GeoShot/Saved/Autosaves/Game/Creations/Widgets/MainMenuUI_Auto1.uasset'
[2019.02.11-04.30.52:112][ 59]LogSavePackage: Display: Finished SavePackage ../../../../../../Users/lockw/OneDrive/Documents/Unreal Projects/GeoShot/Saved/Autosaves/Game/Creations/Widgets/MainMenuUI_Auto1.uasset
[2019.02.11-04.30.52:112][ 59]LogFileHelpers: Auto-saving content packages took 0.615
[2019.02.11-04.33.43:802][488]LogSlate: Warning: Prevented a slow task dialog from being summoned while a context menu was open
[2019.02.11-04.34.08:083][906]LogSlate: Warning: Prevented a slow task dialog from being summoned while a context menu was open
[2019.02.11-04.35.43:765][895]LogSlate: Warning: Prevented a slow task dialog from being summoned while a context menu was open
[2019.02.11-04.36.15:581][ 74]LogWindows: Error: === Critical error: ===
[2019.02.11-04.36.15:581][ 74]LogWindows: Error: 
[2019.02.11-04.36.15:581][ 74]LogWindows: Error: Fatal error!
[2019.02.11-04.36.15:581][ 74]LogWindows: Error: 
[2019.02.11-04.36.15:581][ 74]LogWindows: Error: Unhandled Exception: EXCEPTION_ACCESS_VIOLATION reading address 0xffffffff
[2019.02.11-04.36.15:581][ 74]LogWindows: Error: 
[2019.02.11-04.36.15:581][ 74]LogWindows: Error: [Callstack] 0x00000000B5B818A3 NahimicMSIOSD.dll!UnknownFunction []
[2019.02.11-04.36.15:581][ 74]LogWindows: Error: [Callstack] 0x00000000B5B81092 NahimicMSIOSD.dll!UnknownFunction []
[2019.02.11-04.36.15:581][ 74]LogWindows: Error: [Callstack] 0x000000007C18E038 UE4Editor-ApplicationCore.dll!UnknownFunction []
[2019.02.11-04.36.15:581][ 74]LogWindows: Error: [Callstack] 0x000000005BCAAD3F UE4Editor-Slate.dll!UnknownFunction []
[2019.02.11-04.36.15:581][ 74]LogWindows: Error: [Callstack] 0x000000005BCB3EE3 UE4Editor-Slate.dll!UnknownFunction []
[2019.02.11-04.36.15:581][ 74]LogWindows: Error: [Callstack] 0x000000005BC8B68C UE4Editor-Slate.dll!UnknownFunction []
[2019.02.11-04.36.15:581][ 74]LogWindows: Error: [Callstack] 0x000000005BC7D6B7 UE4Editor-Slate.dll!UnknownFunction []
[2019.02.11-04.36.15:582][ 74]LogWindows: Error: [Callstack] 0x000000007C19E39E UE4Editor-ApplicationCore.dll!UnknownFunction []
[2019.02.11-04.36.15:582][ 74]LogWindows: Error: [Callstack] 0x000000007C191A48 UE4Editor-ApplicationCore.dll!UnknownFunction []
[2019.02.11-04.36.15:582][ 74]LogWindows: Error: [Callstack] 0x000000007C1A03EC UE4Editor-ApplicationCore.dll!UnknownFunction []
[2019.02.11-04.36.15:582][ 74]LogWindows: Error: [Callstack] 0x000000007C18D5A9 UE4Editor-ApplicationCore.dll!UnknownFunction []
[2019.02.11-04.36.15:582][ 74]LogWindows: Error: [Callstack] 0x00000000BB9D6D41 USER32.dll!UnknownFunction []
[2019.02.11-04.36.15:582][ 74]LogWindows: Error: [Callstack] 0x00000000BB9D6713 USER32.dll!UnknownFunction []
[2019.02.11-04.36.15:582][ 74]LogWindows: Error: [Callstack] 0x000000007C1A1516 UE4Editor-ApplicationCore.dll!UnknownFunction []
[2019.02.11-04.36.15:582][ 74]LogWindows: Error: [Callstack] 0x00000000720C50C8 UE4Editor.exe!UnknownFunction []
[2019.02.11-04.36.15:582][ 74]LogWindows: Error: [Callstack] 0x00000000720D5430 UE4Editor.exe!UnknownFunction []
[2019.02.11-04.36.15:582][ 74]LogWindows: Error: [Callstack] 0x00000000720D54AA UE4Editor.exe!UnknownFunction []
[2019.02.11-04.36.15:582][ 74]LogWindows: Error: [Callstack] 0x00000000720E2379 UE4Editor.exe!UnknownFunction []
[2019.02.11-04.36.15:582][ 74]LogWindows: Error: [Callstack] 0x00000000720E3D57 UE4Editor.exe!UnknownFunction []
[2019.02.11-04.36.15:582][ 74]LogWindows: Error: [Callstack] 0x00000000BBB63034 KERNEL32.DLL!UnknownFunction []
[2019.02.11-04.36.15:582][ 74]LogWindows: Error: [Callstack] 0x00000000BE573691 ntdll.dll!UnknownFunction []
[2019.02.11-04.36.15:582][ 74]LogWindows: Error: [Callstack] 0x00000000BE573691 ntdll.dll!UnknownFunction []
[2019.02.11-04.36.15:582][ 74]LogWindows: Error: 
[2019.02.11-04.36.15:603][ 74]LogExit: Executing StaticShutdownAfterError
[2019.02.11-04.36.15:609][ 74]LogWindows: FPlatformMisc::RequestExit(1)
[2019.02.11-04.36.15:609][ 74]Log file closed, 02/10/19 20:36:15
